[2025-08-09T18:21:54.149+0000] {processor.py:161} INFO - Started process (PID=88) to work on /home/airflow/.local/lib/python3.12/site-packages/airflow/example_dags/example_branch_labels.py
[2025-08-09T18:21:54.157+0000] {processor.py:830} INFO - Processing file /home/airflow/.local/lib/python3.12/site-packages/airflow/example_dags/example_branch_labels.py for tasks to queue
[2025-08-09T18:21:54.189+0000] {logging_mixin.py:188} INFO - [2025-08-09T18:21:54.184+0000] {dagbag.py:540} INFO - Filling up the DagBag from /home/airflow/.local/lib/python3.12/site-packages/airflow/example_dags/example_branch_labels.py
[2025-08-09T18:21:54.261+0000] {processor.py:840} INFO - DAG(s) 'example_branch_labels' retrieved from /home/airflow/.local/lib/python3.12/site-packages/airflow/example_dags/example_branch_labels.py
[2025-08-09T18:21:54.855+0000] {logging_mixin.py:188} INFO - [2025-08-09T18:21:54.855+0000] {dag.py:3096} INFO - Sync 1 DAGs
[2025-08-09T18:21:54.954+0000] {logging_mixin.py:188} INFO - [2025-08-09T18:21:54.954+0000] {dag.py:3954} INFO - Setting next_dagrun for example_branch_labels to 2025-08-08 00:00:00+00:00, run_after=2025-08-09 00:00:00+00:00
[2025-08-09T18:21:55.023+0000] {processor.py:183} INFO - Processing /home/airflow/.local/lib/python3.12/site-packages/airflow/example_dags/example_branch_labels.py took 0.907 seconds
[2025-08-09T18:22:25.296+0000] {processor.py:161} INFO - Started process (PID=147) to work on /home/airflow/.local/lib/python3.12/site-packages/airflow/example_dags/example_branch_labels.py
[2025-08-09T18:22:25.299+0000] {processor.py:830} INFO - Processing file /home/airflow/.local/lib/python3.12/site-packages/airflow/example_dags/example_branch_labels.py for tasks to queue
[2025-08-09T18:22:25.301+0000] {logging_mixin.py:188} INFO - [2025-08-09T18:22:25.301+0000] {dagbag.py:540} INFO - Filling up the DagBag from /home/airflow/.local/lib/python3.12/site-packages/airflow/example_dags/example_branch_labels.py
[2025-08-09T18:22:25.314+0000] {processor.py:840} INFO - DAG(s) 'example_branch_labels' retrieved from /home/airflow/.local/lib/python3.12/site-packages/airflow/example_dags/example_branch_labels.py
[2025-08-09T18:22:25.346+0000] {logging_mixin.py:188} INFO - [2025-08-09T18:22:25.345+0000] {dag.py:3096} INFO - Sync 1 DAGs
[2025-08-09T18:22:25.447+0000] {logging_mixin.py:188} INFO - [2025-08-09T18:22:25.446+0000] {dag.py:3954} INFO - Setting next_dagrun for example_branch_labels to 2025-08-08 00:00:00+00:00, run_after=2025-08-09 00:00:00+00:00
[2025-08-09T18:22:25.493+0000] {processor.py:183} INFO - Processing /home/airflow/.local/lib/python3.12/site-packages/airflow/example_dags/example_branch_labels.py took 0.208 seconds
[2025-08-09T18:22:55.859+0000] {processor.py:161} INFO - Started process (PID=206) to work on /home/airflow/.local/lib/python3.12/site-packages/airflow/example_dags/example_branch_labels.py
[2025-08-09T18:22:55.860+0000] {processor.py:830} INFO - Processing file /home/airflow/.local/lib/python3.12/site-packages/airflow/example_dags/example_branch_labels.py for tasks to queue
[2025-08-09T18:22:55.863+0000] {logging_mixin.py:188} INFO - [2025-08-09T18:22:55.862+0000] {dagbag.py:540} INFO - Filling up the DagBag from /home/airflow/.local/lib/python3.12/site-packages/airflow/example_dags/example_branch_labels.py
[2025-08-09T18:22:55.872+0000] {processor.py:840} INFO - DAG(s) 'example_branch_labels' retrieved from /home/airflow/.local/lib/python3.12/site-packages/airflow/example_dags/example_branch_labels.py
[2025-08-09T18:22:55.898+0000] {logging_mixin.py:188} INFO - [2025-08-09T18:22:55.898+0000] {dag.py:3096} INFO - Sync 1 DAGs
[2025-08-09T18:22:55.928+0000] {logging_mixin.py:188} INFO - [2025-08-09T18:22:55.928+0000] {dag.py:3954} INFO - Setting next_dagrun for example_branch_labels to 2025-08-08 00:00:00+00:00, run_after=2025-08-09 00:00:00+00:00
[2025-08-09T18:22:55.971+0000] {processor.py:183} INFO - Processing /home/airflow/.local/lib/python3.12/site-packages/airflow/example_dags/example_branch_labels.py took 0.119 seconds
[2025-08-09T18:23:26.212+0000] {processor.py:161} INFO - Started process (PID=265) to work on /home/airflow/.local/lib/python3.12/site-packages/airflow/example_dags/example_branch_labels.py
[2025-08-09T18:23:26.214+0000] {processor.py:830} INFO - Processing file /home/airflow/.local/lib/python3.12/site-packages/airflow/example_dags/example_branch_labels.py for tasks to queue
[2025-08-09T18:23:26.217+0000] {logging_mixin.py:188} INFO - [2025-08-09T18:23:26.217+0000] {dagbag.py:540} INFO - Filling up the DagBag from /home/airflow/.local/lib/python3.12/site-packages/airflow/example_dags/example_branch_labels.py
[2025-08-09T18:23:26.227+0000] {processor.py:840} INFO - DAG(s) 'example_branch_labels' retrieved from /home/airflow/.local/lib/python3.12/site-packages/airflow/example_dags/example_branch_labels.py
[2025-08-09T18:23:26.269+0000] {logging_mixin.py:188} INFO - [2025-08-09T18:23:26.269+0000] {dag.py:3096} INFO - Sync 1 DAGs
[2025-08-09T18:23:26.312+0000] {logging_mixin.py:188} INFO - [2025-08-09T18:23:26.311+0000] {dag.py:3954} INFO - Setting next_dagrun for example_branch_labels to 2025-08-08 00:00:00+00:00, run_after=2025-08-09 00:00:00+00:00
[2025-08-09T18:23:26.362+0000] {processor.py:183} INFO - Processing /home/airflow/.local/lib/python3.12/site-packages/airflow/example_dags/example_branch_labels.py took 0.161 seconds
[2025-08-09T18:23:56.830+0000] {processor.py:161} INFO - Started process (PID=324) to work on /home/airflow/.local/lib/python3.12/site-packages/airflow/example_dags/example_branch_labels.py
[2025-08-09T18:23:56.833+0000] {processor.py:830} INFO - Processing file /home/airflow/.local/lib/python3.12/site-packages/airflow/example_dags/example_branch_labels.py for tasks to queue
[2025-08-09T18:23:56.839+0000] {logging_mixin.py:188} INFO - [2025-08-09T18:23:56.838+0000] {dagbag.py:540} INFO - Filling up the DagBag from /home/airflow/.local/lib/python3.12/site-packages/airflow/example_dags/example_branch_labels.py
[2025-08-09T18:23:56.858+0000] {processor.py:840} INFO - DAG(s) 'example_branch_labels' retrieved from /home/airflow/.local/lib/python3.12/site-packages/airflow/example_dags/example_branch_labels.py
[2025-08-09T18:23:56.897+0000] {logging_mixin.py:188} INFO - [2025-08-09T18:23:56.897+0000] {dag.py:3096} INFO - Sync 1 DAGs
[2025-08-09T18:23:56.938+0000] {logging_mixin.py:188} INFO - [2025-08-09T18:23:56.938+0000] {dag.py:3954} INFO - Setting next_dagrun for example_branch_labels to 2025-08-08 00:00:00+00:00, run_after=2025-08-09 00:00:00+00:00
[2025-08-09T18:23:56.974+0000] {processor.py:183} INFO - Processing /home/airflow/.local/lib/python3.12/site-packages/airflow/example_dags/example_branch_labels.py took 0.157 seconds
[2025-08-09T18:24:27.308+0000] {processor.py:161} INFO - Started process (PID=383) to work on /home/airflow/.local/lib/python3.12/site-packages/airflow/example_dags/example_branch_labels.py
[2025-08-09T18:24:27.310+0000] {processor.py:830} INFO - Processing file /home/airflow/.local/lib/python3.12/site-packages/airflow/example_dags/example_branch_labels.py for tasks to queue
[2025-08-09T18:24:27.313+0000] {logging_mixin.py:188} INFO - [2025-08-09T18:24:27.313+0000] {dagbag.py:540} INFO - Filling up the DagBag from /home/airflow/.local/lib/python3.12/site-packages/airflow/example_dags/example_branch_labels.py
[2025-08-09T18:24:27.328+0000] {processor.py:840} INFO - DAG(s) 'example_branch_labels' retrieved from /home/airflow/.local/lib/python3.12/site-packages/airflow/example_dags/example_branch_labels.py
[2025-08-09T18:24:27.372+0000] {logging_mixin.py:188} INFO - [2025-08-09T18:24:27.372+0000] {dag.py:3096} INFO - Sync 1 DAGs
[2025-08-09T18:24:27.421+0000] {logging_mixin.py:188} INFO - [2025-08-09T18:24:27.420+0000] {dag.py:3954} INFO - Setting next_dagrun for example_branch_labels to 2025-08-08 00:00:00+00:00, run_after=2025-08-09 00:00:00+00:00
[2025-08-09T18:24:27.442+0000] {processor.py:183} INFO - Processing /home/airflow/.local/lib/python3.12/site-packages/airflow/example_dags/example_branch_labels.py took 0.145 seconds
[2025-08-09T18:24:58.240+0000] {processor.py:161} INFO - Started process (PID=442) to work on /home/airflow/.local/lib/python3.12/site-packages/airflow/example_dags/example_branch_labels.py
[2025-08-09T18:24:58.241+0000] {processor.py:830} INFO - Processing file /home/airflow/.local/lib/python3.12/site-packages/airflow/example_dags/example_branch_labels.py for tasks to queue
[2025-08-09T18:24:58.243+0000] {logging_mixin.py:188} INFO - [2025-08-09T18:24:58.243+0000] {dagbag.py:540} INFO - Filling up the DagBag from /home/airflow/.local/lib/python3.12/site-packages/airflow/example_dags/example_branch_labels.py
[2025-08-09T18:24:58.252+0000] {processor.py:840} INFO - DAG(s) 'example_branch_labels' retrieved from /home/airflow/.local/lib/python3.12/site-packages/airflow/example_dags/example_branch_labels.py
[2025-08-09T18:24:58.284+0000] {logging_mixin.py:188} INFO - [2025-08-09T18:24:58.283+0000] {dag.py:3096} INFO - Sync 1 DAGs
[2025-08-09T18:24:58.336+0000] {logging_mixin.py:188} INFO - [2025-08-09T18:24:58.336+0000] {dag.py:3954} INFO - Setting next_dagrun for example_branch_labels to 2025-08-08 00:00:00+00:00, run_after=2025-08-09 00:00:00+00:00
[2025-08-09T18:24:58.370+0000] {processor.py:183} INFO - Processing /home/airflow/.local/lib/python3.12/site-packages/airflow/example_dags/example_branch_labels.py took 0.136 seconds
[2025-08-09T18:25:28.696+0000] {processor.py:161} INFO - Started process (PID=501) to work on /home/airflow/.local/lib/python3.12/site-packages/airflow/example_dags/example_branch_labels.py
[2025-08-09T18:25:28.697+0000] {processor.py:830} INFO - Processing file /home/airflow/.local/lib/python3.12/site-packages/airflow/example_dags/example_branch_labels.py for tasks to queue
[2025-08-09T18:25:28.700+0000] {logging_mixin.py:188} INFO - [2025-08-09T18:25:28.699+0000] {dagbag.py:540} INFO - Filling up the DagBag from /home/airflow/.local/lib/python3.12/site-packages/airflow/example_dags/example_branch_labels.py
[2025-08-09T18:25:28.712+0000] {processor.py:840} INFO - DAG(s) 'example_branch_labels' retrieved from /home/airflow/.local/lib/python3.12/site-packages/airflow/example_dags/example_branch_labels.py
[2025-08-09T18:25:28.751+0000] {logging_mixin.py:188} INFO - [2025-08-09T18:25:28.750+0000] {dag.py:3096} INFO - Sync 1 DAGs
[2025-08-09T18:25:28.794+0000] {logging_mixin.py:188} INFO - [2025-08-09T18:25:28.794+0000] {dag.py:3954} INFO - Setting next_dagrun for example_branch_labels to 2025-08-08 00:00:00+00:00, run_after=2025-08-09 00:00:00+00:00
[2025-08-09T18:25:28.834+0000] {processor.py:183} INFO - Processing /home/airflow/.local/lib/python3.12/site-packages/airflow/example_dags/example_branch_labels.py took 0.147 seconds
[2025-08-09T18:27:24.188+0000] {processor.py:161} INFO - Started process (PID=89) to work on /home/airflow/.local/lib/python3.12/site-packages/airflow/example_dags/example_branch_labels.py
[2025-08-09T18:27:24.194+0000] {processor.py:830} INFO - Processing file /home/airflow/.local/lib/python3.12/site-packages/airflow/example_dags/example_branch_labels.py for tasks to queue
[2025-08-09T18:27:24.198+0000] {logging_mixin.py:188} INFO - [2025-08-09T18:27:24.198+0000] {dagbag.py:540} INFO - Filling up the DagBag from /home/airflow/.local/lib/python3.12/site-packages/airflow/example_dags/example_branch_labels.py
[2025-08-09T18:27:24.231+0000] {processor.py:840} INFO - DAG(s) 'example_branch_labels' retrieved from /home/airflow/.local/lib/python3.12/site-packages/airflow/example_dags/example_branch_labels.py
[2025-08-09T18:27:24.730+0000] {logging_mixin.py:188} INFO - [2025-08-09T18:27:24.730+0000] {dag.py:3096} INFO - Sync 1 DAGs
[2025-08-09T18:27:24.800+0000] {logging_mixin.py:188} INFO - [2025-08-09T18:27:24.799+0000] {dag.py:3954} INFO - Setting next_dagrun for example_branch_labels to 2025-08-08 00:00:00+00:00, run_after=2025-08-09 00:00:00+00:00
[2025-08-09T18:27:24.888+0000] {processor.py:183} INFO - Processing /home/airflow/.local/lib/python3.12/site-packages/airflow/example_dags/example_branch_labels.py took 0.717 seconds
[2025-08-09T18:27:55.530+0000] {processor.py:161} INFO - Started process (PID=148) to work on /home/airflow/.local/lib/python3.12/site-packages/airflow/example_dags/example_branch_labels.py
[2025-08-09T18:27:55.532+0000] {processor.py:830} INFO - Processing file /home/airflow/.local/lib/python3.12/site-packages/airflow/example_dags/example_branch_labels.py for tasks to queue
[2025-08-09T18:27:55.537+0000] {logging_mixin.py:188} INFO - [2025-08-09T18:27:55.536+0000] {dagbag.py:540} INFO - Filling up the DagBag from /home/airflow/.local/lib/python3.12/site-packages/airflow/example_dags/example_branch_labels.py
[2025-08-09T18:27:55.559+0000] {processor.py:840} INFO - DAG(s) 'example_branch_labels' retrieved from /home/airflow/.local/lib/python3.12/site-packages/airflow/example_dags/example_branch_labels.py
[2025-08-09T18:27:55.608+0000] {logging_mixin.py:188} INFO - [2025-08-09T18:27:55.607+0000] {dag.py:3096} INFO - Sync 1 DAGs
[2025-08-09T18:27:55.651+0000] {logging_mixin.py:188} INFO - [2025-08-09T18:27:55.651+0000] {dag.py:3954} INFO - Setting next_dagrun for example_branch_labels to 2025-08-08 00:00:00+00:00, run_after=2025-08-09 00:00:00+00:00
[2025-08-09T18:27:55.682+0000] {processor.py:183} INFO - Processing /home/airflow/.local/lib/python3.12/site-packages/airflow/example_dags/example_branch_labels.py took 0.167 seconds
[2025-08-09T18:28:25.991+0000] {processor.py:161} INFO - Started process (PID=207) to work on /home/airflow/.local/lib/python3.12/site-packages/airflow/example_dags/example_branch_labels.py
[2025-08-09T18:28:25.993+0000] {processor.py:830} INFO - Processing file /home/airflow/.local/lib/python3.12/site-packages/airflow/example_dags/example_branch_labels.py for tasks to queue
[2025-08-09T18:28:25.996+0000] {logging_mixin.py:188} INFO - [2025-08-09T18:28:25.995+0000] {dagbag.py:540} INFO - Filling up the DagBag from /home/airflow/.local/lib/python3.12/site-packages/airflow/example_dags/example_branch_labels.py
[2025-08-09T18:28:26.014+0000] {processor.py:840} INFO - DAG(s) 'example_branch_labels' retrieved from /home/airflow/.local/lib/python3.12/site-packages/airflow/example_dags/example_branch_labels.py
[2025-08-09T18:28:26.057+0000] {logging_mixin.py:188} INFO - [2025-08-09T18:28:26.057+0000] {dag.py:3096} INFO - Sync 1 DAGs
[2025-08-09T18:28:26.106+0000] {logging_mixin.py:188} INFO - [2025-08-09T18:28:26.105+0000] {dag.py:3954} INFO - Setting next_dagrun for example_branch_labels to 2025-08-08 00:00:00+00:00, run_after=2025-08-09 00:00:00+00:00
[2025-08-09T18:28:26.135+0000] {processor.py:183} INFO - Processing /home/airflow/.local/lib/python3.12/site-packages/airflow/example_dags/example_branch_labels.py took 0.156 seconds
[2025-08-09T18:28:56.424+0000] {processor.py:161} INFO - Started process (PID=267) to work on /home/airflow/.local/lib/python3.12/site-packages/airflow/example_dags/example_branch_labels.py
[2025-08-09T18:28:56.429+0000] {processor.py:830} INFO - Processing file /home/airflow/.local/lib/python3.12/site-packages/airflow/example_dags/example_branch_labels.py for tasks to queue
[2025-08-09T18:28:56.443+0000] {logging_mixin.py:188} INFO - [2025-08-09T18:28:56.442+0000] {dagbag.py:540} INFO - Filling up the DagBag from /home/airflow/.local/lib/python3.12/site-packages/airflow/example_dags/example_branch_labels.py
[2025-08-09T18:28:56.502+0000] {processor.py:840} INFO - DAG(s) 'example_branch_labels' retrieved from /home/airflow/.local/lib/python3.12/site-packages/airflow/example_dags/example_branch_labels.py
[2025-08-09T18:28:56.719+0000] {logging_mixin.py:188} INFO - [2025-08-09T18:28:56.718+0000] {dag.py:3096} INFO - Sync 1 DAGs
[2025-08-09T18:28:56.882+0000] {logging_mixin.py:188} INFO - [2025-08-09T18:28:56.882+0000] {dag.py:3954} INFO - Setting next_dagrun for example_branch_labels to 2025-08-08 00:00:00+00:00, run_after=2025-08-09 00:00:00+00:00
[2025-08-09T18:28:57.023+0000] {processor.py:183} INFO - Processing /home/airflow/.local/lib/python3.12/site-packages/airflow/example_dags/example_branch_labels.py took 0.632 seconds
[2025-08-09T18:29:27.751+0000] {processor.py:161} INFO - Started process (PID=326) to work on /home/airflow/.local/lib/python3.12/site-packages/airflow/example_dags/example_branch_labels.py
[2025-08-09T18:29:27.754+0000] {processor.py:830} INFO - Processing file /home/airflow/.local/lib/python3.12/site-packages/airflow/example_dags/example_branch_labels.py for tasks to queue
[2025-08-09T18:29:27.875+0000] {logging_mixin.py:188} INFO - [2025-08-09T18:29:27.758+0000] {dagbag.py:540} INFO - Filling up the DagBag from /home/airflow/.local/lib/python3.12/site-packages/airflow/example_dags/example_branch_labels.py
[2025-08-09T18:29:27.905+0000] {processor.py:840} INFO - DAG(s) 'example_branch_labels' retrieved from /home/airflow/.local/lib/python3.12/site-packages/airflow/example_dags/example_branch_labels.py
[2025-08-09T18:29:27.955+0000] {logging_mixin.py:188} INFO - [2025-08-09T18:29:27.954+0000] {dag.py:3096} INFO - Sync 1 DAGs
[2025-08-09T18:29:28.026+0000] {logging_mixin.py:188} INFO - [2025-08-09T18:29:28.025+0000] {dag.py:3954} INFO - Setting next_dagrun for example_branch_labels to 2025-08-08 00:00:00+00:00, run_after=2025-08-09 00:00:00+00:00
[2025-08-09T18:29:28.085+0000] {processor.py:183} INFO - Processing /home/airflow/.local/lib/python3.12/site-packages/airflow/example_dags/example_branch_labels.py took 0.357 seconds
[2025-08-09T18:29:58.344+0000] {processor.py:161} INFO - Started process (PID=385) to work on /home/airflow/.local/lib/python3.12/site-packages/airflow/example_dags/example_branch_labels.py
[2025-08-09T18:29:58.346+0000] {processor.py:830} INFO - Processing file /home/airflow/.local/lib/python3.12/site-packages/airflow/example_dags/example_branch_labels.py for tasks to queue
[2025-08-09T18:29:58.349+0000] {logging_mixin.py:188} INFO - [2025-08-09T18:29:58.348+0000] {dagbag.py:540} INFO - Filling up the DagBag from /home/airflow/.local/lib/python3.12/site-packages/airflow/example_dags/example_branch_labels.py
[2025-08-09T18:29:58.365+0000] {processor.py:840} INFO - DAG(s) 'example_branch_labels' retrieved from /home/airflow/.local/lib/python3.12/site-packages/airflow/example_dags/example_branch_labels.py
[2025-08-09T18:29:58.409+0000] {logging_mixin.py:188} INFO - [2025-08-09T18:29:58.409+0000] {dag.py:3096} INFO - Sync 1 DAGs
[2025-08-09T18:29:58.448+0000] {logging_mixin.py:188} INFO - [2025-08-09T18:29:58.448+0000] {dag.py:3954} INFO - Setting next_dagrun for example_branch_labels to 2025-08-08 00:00:00+00:00, run_after=2025-08-09 00:00:00+00:00
[2025-08-09T18:29:58.477+0000] {processor.py:183} INFO - Processing /home/airflow/.local/lib/python3.12/site-packages/airflow/example_dags/example_branch_labels.py took 0.142 seconds
[2025-08-09T18:30:29.084+0000] {processor.py:161} INFO - Started process (PID=445) to work on /home/airflow/.local/lib/python3.12/site-packages/airflow/example_dags/example_branch_labels.py
[2025-08-09T18:30:29.086+0000] {processor.py:830} INFO - Processing file /home/airflow/.local/lib/python3.12/site-packages/airflow/example_dags/example_branch_labels.py for tasks to queue
[2025-08-09T18:30:29.090+0000] {logging_mixin.py:188} INFO - [2025-08-09T18:30:29.089+0000] {dagbag.py:540} INFO - Filling up the DagBag from /home/airflow/.local/lib/python3.12/site-packages/airflow/example_dags/example_branch_labels.py
[2025-08-09T18:30:29.104+0000] {processor.py:840} INFO - DAG(s) 'example_branch_labels' retrieved from /home/airflow/.local/lib/python3.12/site-packages/airflow/example_dags/example_branch_labels.py
[2025-08-09T18:30:29.152+0000] {logging_mixin.py:188} INFO - [2025-08-09T18:30:29.152+0000] {dag.py:3096} INFO - Sync 1 DAGs
[2025-08-09T18:30:29.204+0000] {logging_mixin.py:188} INFO - [2025-08-09T18:30:29.203+0000] {dag.py:3954} INFO - Setting next_dagrun for example_branch_labels to 2025-08-08 00:00:00+00:00, run_after=2025-08-09 00:00:00+00:00
[2025-08-09T18:30:29.243+0000] {processor.py:183} INFO - Processing /home/airflow/.local/lib/python3.12/site-packages/airflow/example_dags/example_branch_labels.py took 0.167 seconds
[2025-08-09T18:30:59.357+0000] {processor.py:161} INFO - Started process (PID=503) to work on /home/airflow/.local/lib/python3.12/site-packages/airflow/example_dags/example_branch_labels.py
[2025-08-09T18:30:59.359+0000] {processor.py:830} INFO - Processing file /home/airflow/.local/lib/python3.12/site-packages/airflow/example_dags/example_branch_labels.py for tasks to queue
[2025-08-09T18:30:59.361+0000] {logging_mixin.py:188} INFO - [2025-08-09T18:30:59.361+0000] {dagbag.py:540} INFO - Filling up the DagBag from /home/airflow/.local/lib/python3.12/site-packages/airflow/example_dags/example_branch_labels.py
[2025-08-09T18:30:59.371+0000] {processor.py:840} INFO - DAG(s) 'example_branch_labels' retrieved from /home/airflow/.local/lib/python3.12/site-packages/airflow/example_dags/example_branch_labels.py
[2025-08-09T18:30:59.399+0000] {logging_mixin.py:188} INFO - [2025-08-09T18:30:59.399+0000] {dag.py:3096} INFO - Sync 1 DAGs
[2025-08-09T18:30:59.430+0000] {logging_mixin.py:188} INFO - [2025-08-09T18:30:59.430+0000] {dag.py:3954} INFO - Setting next_dagrun for example_branch_labels to 2025-08-08 00:00:00+00:00, run_after=2025-08-09 00:00:00+00:00
[2025-08-09T18:30:59.457+0000] {processor.py:183} INFO - Processing /home/airflow/.local/lib/python3.12/site-packages/airflow/example_dags/example_branch_labels.py took 0.107 seconds
[2025-08-09T18:31:29.565+0000] {processor.py:161} INFO - Started process (PID=562) to work on /home/airflow/.local/lib/python3.12/site-packages/airflow/example_dags/example_branch_labels.py
[2025-08-09T18:31:29.567+0000] {processor.py:830} INFO - Processing file /home/airflow/.local/lib/python3.12/site-packages/airflow/example_dags/example_branch_labels.py for tasks to queue
[2025-08-09T18:31:29.569+0000] {logging_mixin.py:188} INFO - [2025-08-09T18:31:29.569+0000] {dagbag.py:540} INFO - Filling up the DagBag from /home/airflow/.local/lib/python3.12/site-packages/airflow/example_dags/example_branch_labels.py
[2025-08-09T18:31:29.579+0000] {processor.py:840} INFO - DAG(s) 'example_branch_labels' retrieved from /home/airflow/.local/lib/python3.12/site-packages/airflow/example_dags/example_branch_labels.py
[2025-08-09T18:31:29.607+0000] {logging_mixin.py:188} INFO - [2025-08-09T18:31:29.607+0000] {dag.py:3096} INFO - Sync 1 DAGs
[2025-08-09T18:31:29.639+0000] {logging_mixin.py:188} INFO - [2025-08-09T18:31:29.638+0000] {dag.py:3954} INFO - Setting next_dagrun for example_branch_labels to 2025-08-08 00:00:00+00:00, run_after=2025-08-09 00:00:00+00:00
[2025-08-09T18:31:29.669+0000] {processor.py:183} INFO - Processing /home/airflow/.local/lib/python3.12/site-packages/airflow/example_dags/example_branch_labels.py took 0.111 seconds
[2025-08-09T18:32:00.223+0000] {processor.py:161} INFO - Started process (PID=621) to work on /home/airflow/.local/lib/python3.12/site-packages/airflow/example_dags/example_branch_labels.py
[2025-08-09T18:32:00.226+0000] {processor.py:830} INFO - Processing file /home/airflow/.local/lib/python3.12/site-packages/airflow/example_dags/example_branch_labels.py for tasks to queue
[2025-08-09T18:32:00.229+0000] {logging_mixin.py:188} INFO - [2025-08-09T18:32:00.229+0000] {dagbag.py:540} INFO - Filling up the DagBag from /home/airflow/.local/lib/python3.12/site-packages/airflow/example_dags/example_branch_labels.py
[2025-08-09T18:32:00.252+0000] {processor.py:840} INFO - DAG(s) 'example_branch_labels' retrieved from /home/airflow/.local/lib/python3.12/site-packages/airflow/example_dags/example_branch_labels.py
[2025-08-09T18:32:00.291+0000] {logging_mixin.py:188} INFO - [2025-08-09T18:32:00.291+0000] {dag.py:3096} INFO - Sync 1 DAGs
[2025-08-09T18:32:00.331+0000] {logging_mixin.py:188} INFO - [2025-08-09T18:32:00.330+0000] {dag.py:3954} INFO - Setting next_dagrun for example_branch_labels to 2025-08-08 00:00:00+00:00, run_after=2025-08-09 00:00:00+00:00
[2025-08-09T18:32:00.363+0000] {processor.py:183} INFO - Processing /home/airflow/.local/lib/python3.12/site-packages/airflow/example_dags/example_branch_labels.py took 0.156 seconds
[2025-08-09T18:32:30.455+0000] {processor.py:161} INFO - Started process (PID=681) to work on /home/airflow/.local/lib/python3.12/site-packages/airflow/example_dags/example_branch_labels.py
[2025-08-09T18:32:30.456+0000] {processor.py:830} INFO - Processing file /home/airflow/.local/lib/python3.12/site-packages/airflow/example_dags/example_branch_labels.py for tasks to queue
[2025-08-09T18:32:30.458+0000] {logging_mixin.py:188} INFO - [2025-08-09T18:32:30.458+0000] {dagbag.py:540} INFO - Filling up the DagBag from /home/airflow/.local/lib/python3.12/site-packages/airflow/example_dags/example_branch_labels.py
[2025-08-09T18:32:30.470+0000] {processor.py:840} INFO - DAG(s) 'example_branch_labels' retrieved from /home/airflow/.local/lib/python3.12/site-packages/airflow/example_dags/example_branch_labels.py
[2025-08-09T18:32:30.504+0000] {logging_mixin.py:188} INFO - [2025-08-09T18:32:30.503+0000] {dag.py:3096} INFO - Sync 1 DAGs
[2025-08-09T18:32:30.555+0000] {logging_mixin.py:188} INFO - [2025-08-09T18:32:30.554+0000] {dag.py:3954} INFO - Setting next_dagrun for example_branch_labels to 2025-08-08 00:00:00+00:00, run_after=2025-08-09 00:00:00+00:00
[2025-08-09T18:32:30.589+0000] {processor.py:183} INFO - Processing /home/airflow/.local/lib/python3.12/site-packages/airflow/example_dags/example_branch_labels.py took 0.142 seconds
[2025-08-09T18:33:00.909+0000] {processor.py:161} INFO - Started process (PID=740) to work on /home/airflow/.local/lib/python3.12/site-packages/airflow/example_dags/example_branch_labels.py
[2025-08-09T18:33:00.910+0000] {processor.py:830} INFO - Processing file /home/airflow/.local/lib/python3.12/site-packages/airflow/example_dags/example_branch_labels.py for tasks to queue
[2025-08-09T18:33:00.912+0000] {logging_mixin.py:188} INFO - [2025-08-09T18:33:00.912+0000] {dagbag.py:540} INFO - Filling up the DagBag from /home/airflow/.local/lib/python3.12/site-packages/airflow/example_dags/example_branch_labels.py
[2025-08-09T18:33:00.921+0000] {processor.py:840} INFO - DAG(s) 'example_branch_labels' retrieved from /home/airflow/.local/lib/python3.12/site-packages/airflow/example_dags/example_branch_labels.py
[2025-08-09T18:33:00.946+0000] {logging_mixin.py:188} INFO - [2025-08-09T18:33:00.945+0000] {dag.py:3096} INFO - Sync 1 DAGs
[2025-08-09T18:33:00.974+0000] {logging_mixin.py:188} INFO - [2025-08-09T18:33:00.974+0000] {dag.py:3954} INFO - Setting next_dagrun for example_branch_labels to 2025-08-08 00:00:00+00:00, run_after=2025-08-09 00:00:00+00:00
[2025-08-09T18:33:00.995+0000] {processor.py:183} INFO - Processing /home/airflow/.local/lib/python3.12/site-packages/airflow/example_dags/example_branch_labels.py took 0.094 seconds
[2025-08-09T18:33:31.498+0000] {processor.py:161} INFO - Started process (PID=799) to work on /home/airflow/.local/lib/python3.12/site-packages/airflow/example_dags/example_branch_labels.py
[2025-08-09T18:33:31.500+0000] {processor.py:830} INFO - Processing file /home/airflow/.local/lib/python3.12/site-packages/airflow/example_dags/example_branch_labels.py for tasks to queue
[2025-08-09T18:33:31.503+0000] {logging_mixin.py:188} INFO - [2025-08-09T18:33:31.503+0000] {dagbag.py:540} INFO - Filling up the DagBag from /home/airflow/.local/lib/python3.12/site-packages/airflow/example_dags/example_branch_labels.py
[2025-08-09T18:33:31.516+0000] {processor.py:840} INFO - DAG(s) 'example_branch_labels' retrieved from /home/airflow/.local/lib/python3.12/site-packages/airflow/example_dags/example_branch_labels.py
[2025-08-09T18:33:31.556+0000] {logging_mixin.py:188} INFO - [2025-08-09T18:33:31.555+0000] {dag.py:3096} INFO - Sync 1 DAGs
[2025-08-09T18:33:31.607+0000] {logging_mixin.py:188} INFO - [2025-08-09T18:33:31.607+0000] {dag.py:3954} INFO - Setting next_dagrun for example_branch_labels to 2025-08-08 00:00:00+00:00, run_after=2025-08-09 00:00:00+00:00
[2025-08-09T18:33:31.659+0000] {processor.py:183} INFO - Processing /home/airflow/.local/lib/python3.12/site-packages/airflow/example_dags/example_branch_labels.py took 0.173 seconds
[2025-08-09T18:34:02.076+0000] {processor.py:161} INFO - Started process (PID=859) to work on /home/airflow/.local/lib/python3.12/site-packages/airflow/example_dags/example_branch_labels.py
[2025-08-09T18:34:02.079+0000] {processor.py:830} INFO - Processing file /home/airflow/.local/lib/python3.12/site-packages/airflow/example_dags/example_branch_labels.py for tasks to queue
[2025-08-09T18:34:02.085+0000] {logging_mixin.py:188} INFO - [2025-08-09T18:34:02.084+0000] {dagbag.py:540} INFO - Filling up the DagBag from /home/airflow/.local/lib/python3.12/site-packages/airflow/example_dags/example_branch_labels.py
[2025-08-09T18:34:02.103+0000] {processor.py:840} INFO - DAG(s) 'example_branch_labels' retrieved from /home/airflow/.local/lib/python3.12/site-packages/airflow/example_dags/example_branch_labels.py
[2025-08-09T18:34:02.159+0000] {logging_mixin.py:188} INFO - [2025-08-09T18:34:02.158+0000] {dag.py:3096} INFO - Sync 1 DAGs
[2025-08-09T18:34:02.227+0000] {logging_mixin.py:188} INFO - [2025-08-09T18:34:02.226+0000] {dag.py:3954} INFO - Setting next_dagrun for example_branch_labels to 2025-08-08 00:00:00+00:00, run_after=2025-08-09 00:00:00+00:00
[2025-08-09T18:34:02.673+0000] {processor.py:183} INFO - Processing /home/airflow/.local/lib/python3.12/site-packages/airflow/example_dags/example_branch_labels.py took 0.613 seconds
[2025-08-09T18:34:33.226+0000] {processor.py:161} INFO - Started process (PID=918) to work on /home/airflow/.local/lib/python3.12/site-packages/airflow/example_dags/example_branch_labels.py
[2025-08-09T18:34:33.228+0000] {processor.py:830} INFO - Processing file /home/airflow/.local/lib/python3.12/site-packages/airflow/example_dags/example_branch_labels.py for tasks to queue
[2025-08-09T18:34:33.232+0000] {logging_mixin.py:188} INFO - [2025-08-09T18:34:33.231+0000] {dagbag.py:540} INFO - Filling up the DagBag from /home/airflow/.local/lib/python3.12/site-packages/airflow/example_dags/example_branch_labels.py
[2025-08-09T18:34:33.250+0000] {processor.py:840} INFO - DAG(s) 'example_branch_labels' retrieved from /home/airflow/.local/lib/python3.12/site-packages/airflow/example_dags/example_branch_labels.py
[2025-08-09T18:34:33.302+0000] {logging_mixin.py:188} INFO - [2025-08-09T18:34:33.301+0000] {dag.py:3096} INFO - Sync 1 DAGs
[2025-08-09T18:34:33.369+0000] {logging_mixin.py:188} INFO - [2025-08-09T18:34:33.368+0000] {dag.py:3954} INFO - Setting next_dagrun for example_branch_labels to 2025-08-08 00:00:00+00:00, run_after=2025-08-09 00:00:00+00:00
[2025-08-09T18:34:33.423+0000] {processor.py:183} INFO - Processing /home/airflow/.local/lib/python3.12/site-packages/airflow/example_dags/example_branch_labels.py took 0.209 seconds
[2025-08-09T18:35:04.319+0000] {processor.py:161} INFO - Started process (PID=977) to work on /home/airflow/.local/lib/python3.12/site-packages/airflow/example_dags/example_branch_labels.py
[2025-08-09T18:35:04.323+0000] {processor.py:830} INFO - Processing file /home/airflow/.local/lib/python3.12/site-packages/airflow/example_dags/example_branch_labels.py for tasks to queue
[2025-08-09T18:35:04.332+0000] {logging_mixin.py:188} INFO - [2025-08-09T18:35:04.330+0000] {dagbag.py:540} INFO - Filling up the DagBag from /home/airflow/.local/lib/python3.12/site-packages/airflow/example_dags/example_branch_labels.py
[2025-08-09T18:35:04.363+0000] {processor.py:840} INFO - DAG(s) 'example_branch_labels' retrieved from /home/airflow/.local/lib/python3.12/site-packages/airflow/example_dags/example_branch_labels.py
[2025-08-09T18:35:04.438+0000] {logging_mixin.py:188} INFO - [2025-08-09T18:35:04.438+0000] {dag.py:3096} INFO - Sync 1 DAGs
[2025-08-09T18:35:04.506+0000] {logging_mixin.py:188} INFO - [2025-08-09T18:35:04.506+0000] {dag.py:3954} INFO - Setting next_dagrun for example_branch_labels to 2025-08-08 00:00:00+00:00, run_after=2025-08-09 00:00:00+00:00
[2025-08-09T18:35:04.575+0000] {processor.py:183} INFO - Processing /home/airflow/.local/lib/python3.12/site-packages/airflow/example_dags/example_branch_labels.py took 0.283 seconds
[2025-08-09T18:35:35.148+0000] {processor.py:161} INFO - Started process (PID=1042) to work on /home/airflow/.local/lib/python3.12/site-packages/airflow/example_dags/example_branch_labels.py
[2025-08-09T18:35:35.149+0000] {processor.py:830} INFO - Processing file /home/airflow/.local/lib/python3.12/site-packages/airflow/example_dags/example_branch_labels.py for tasks to queue
[2025-08-09T18:35:35.153+0000] {logging_mixin.py:188} INFO - [2025-08-09T18:35:35.153+0000] {dagbag.py:540} INFO - Filling up the DagBag from /home/airflow/.local/lib/python3.12/site-packages/airflow/example_dags/example_branch_labels.py
[2025-08-09T18:35:35.168+0000] {processor.py:840} INFO - DAG(s) 'example_branch_labels' retrieved from /home/airflow/.local/lib/python3.12/site-packages/airflow/example_dags/example_branch_labels.py
[2025-08-09T18:35:35.200+0000] {logging_mixin.py:188} INFO - [2025-08-09T18:35:35.200+0000] {dag.py:3096} INFO - Sync 1 DAGs
[2025-08-09T18:35:35.233+0000] {logging_mixin.py:188} INFO - [2025-08-09T18:35:35.233+0000] {dag.py:3954} INFO - Setting next_dagrun for example_branch_labels to 2025-08-08 00:00:00+00:00, run_after=2025-08-09 00:00:00+00:00
[2025-08-09T18:35:35.270+0000] {processor.py:183} INFO - Processing /home/airflow/.local/lib/python3.12/site-packages/airflow/example_dags/example_branch_labels.py took 0.133 seconds
[2025-08-09T18:36:05.499+0000] {processor.py:161} INFO - Started process (PID=1101) to work on /home/airflow/.local/lib/python3.12/site-packages/airflow/example_dags/example_branch_labels.py
[2025-08-09T18:36:05.501+0000] {processor.py:830} INFO - Processing file /home/airflow/.local/lib/python3.12/site-packages/airflow/example_dags/example_branch_labels.py for tasks to queue
[2025-08-09T18:36:05.503+0000] {logging_mixin.py:188} INFO - [2025-08-09T18:36:05.503+0000] {dagbag.py:540} INFO - Filling up the DagBag from /home/airflow/.local/lib/python3.12/site-packages/airflow/example_dags/example_branch_labels.py
[2025-08-09T18:36:05.513+0000] {processor.py:840} INFO - DAG(s) 'example_branch_labels' retrieved from /home/airflow/.local/lib/python3.12/site-packages/airflow/example_dags/example_branch_labels.py
[2025-08-09T18:36:05.542+0000] {logging_mixin.py:188} INFO - [2025-08-09T18:36:05.541+0000] {dag.py:3096} INFO - Sync 1 DAGs
[2025-08-09T18:36:05.574+0000] {logging_mixin.py:188} INFO - [2025-08-09T18:36:05.574+0000] {dag.py:3954} INFO - Setting next_dagrun for example_branch_labels to 2025-08-08 00:00:00+00:00, run_after=2025-08-09 00:00:00+00:00
[2025-08-09T18:36:05.597+0000] {processor.py:183} INFO - Processing /home/airflow/.local/lib/python3.12/site-packages/airflow/example_dags/example_branch_labels.py took 0.105 seconds
[2025-08-09T18:36:36.288+0000] {processor.py:161} INFO - Started process (PID=1160) to work on /home/airflow/.local/lib/python3.12/site-packages/airflow/example_dags/example_branch_labels.py
[2025-08-09T18:36:36.290+0000] {processor.py:830} INFO - Processing file /home/airflow/.local/lib/python3.12/site-packages/airflow/example_dags/example_branch_labels.py for tasks to queue
[2025-08-09T18:36:36.293+0000] {logging_mixin.py:188} INFO - [2025-08-09T18:36:36.292+0000] {dagbag.py:540} INFO - Filling up the DagBag from /home/airflow/.local/lib/python3.12/site-packages/airflow/example_dags/example_branch_labels.py
[2025-08-09T18:36:36.303+0000] {processor.py:840} INFO - DAG(s) 'example_branch_labels' retrieved from /home/airflow/.local/lib/python3.12/site-packages/airflow/example_dags/example_branch_labels.py
[2025-08-09T18:36:36.337+0000] {logging_mixin.py:188} INFO - [2025-08-09T18:36:36.337+0000] {dag.py:3096} INFO - Sync 1 DAGs
[2025-08-09T18:36:36.373+0000] {logging_mixin.py:188} INFO - [2025-08-09T18:36:36.373+0000] {dag.py:3954} INFO - Setting next_dagrun for example_branch_labels to 2025-08-08 00:00:00+00:00, run_after=2025-08-09 00:00:00+00:00
[2025-08-09T18:36:36.409+0000] {processor.py:183} INFO - Processing /home/airflow/.local/lib/python3.12/site-packages/airflow/example_dags/example_branch_labels.py took 0.134 seconds
[2025-08-09T18:37:06.473+0000] {processor.py:161} INFO - Started process (PID=1219) to work on /home/airflow/.local/lib/python3.12/site-packages/airflow/example_dags/example_branch_labels.py
[2025-08-09T18:37:06.475+0000] {processor.py:830} INFO - Processing file /home/airflow/.local/lib/python3.12/site-packages/airflow/example_dags/example_branch_labels.py for tasks to queue
[2025-08-09T18:37:06.477+0000] {logging_mixin.py:188} INFO - [2025-08-09T18:37:06.477+0000] {dagbag.py:540} INFO - Filling up the DagBag from /home/airflow/.local/lib/python3.12/site-packages/airflow/example_dags/example_branch_labels.py
[2025-08-09T18:37:06.487+0000] {processor.py:840} INFO - DAG(s) 'example_branch_labels' retrieved from /home/airflow/.local/lib/python3.12/site-packages/airflow/example_dags/example_branch_labels.py
[2025-08-09T18:37:06.520+0000] {logging_mixin.py:188} INFO - [2025-08-09T18:37:06.520+0000] {dag.py:3096} INFO - Sync 1 DAGs
[2025-08-09T18:37:06.563+0000] {logging_mixin.py:188} INFO - [2025-08-09T18:37:06.563+0000] {dag.py:3954} INFO - Setting next_dagrun for example_branch_labels to 2025-08-08 00:00:00+00:00, run_after=2025-08-09 00:00:00+00:00
[2025-08-09T18:37:06.597+0000] {processor.py:183} INFO - Processing /home/airflow/.local/lib/python3.12/site-packages/airflow/example_dags/example_branch_labels.py took 0.131 seconds
[2025-08-09T18:37:37.195+0000] {processor.py:161} INFO - Started process (PID=1278) to work on /home/airflow/.local/lib/python3.12/site-packages/airflow/example_dags/example_branch_labels.py
[2025-08-09T18:37:37.201+0000] {processor.py:830} INFO - Processing file /home/airflow/.local/lib/python3.12/site-packages/airflow/example_dags/example_branch_labels.py for tasks to queue
[2025-08-09T18:37:37.209+0000] {logging_mixin.py:188} INFO - [2025-08-09T18:37:37.208+0000] {dagbag.py:540} INFO - Filling up the DagBag from /home/airflow/.local/lib/python3.12/site-packages/airflow/example_dags/example_branch_labels.py
[2025-08-09T18:37:37.228+0000] {processor.py:840} INFO - DAG(s) 'example_branch_labels' retrieved from /home/airflow/.local/lib/python3.12/site-packages/airflow/example_dags/example_branch_labels.py
[2025-08-09T18:37:37.278+0000] {logging_mixin.py:188} INFO - [2025-08-09T18:37:37.278+0000] {dag.py:3096} INFO - Sync 1 DAGs
[2025-08-09T18:37:37.334+0000] {logging_mixin.py:188} INFO - [2025-08-09T18:37:37.333+0000] {dag.py:3954} INFO - Setting next_dagrun for example_branch_labels to 2025-08-08 00:00:00+00:00, run_after=2025-08-09 00:00:00+00:00
[2025-08-09T18:37:37.375+0000] {processor.py:183} INFO - Processing /home/airflow/.local/lib/python3.12/site-packages/airflow/example_dags/example_branch_labels.py took 0.192 seconds
[2025-08-09T18:38:07.799+0000] {processor.py:161} INFO - Started process (PID=1337) to work on /home/airflow/.local/lib/python3.12/site-packages/airflow/example_dags/example_branch_labels.py
[2025-08-09T18:38:07.801+0000] {processor.py:830} INFO - Processing file /home/airflow/.local/lib/python3.12/site-packages/airflow/example_dags/example_branch_labels.py for tasks to queue
[2025-08-09T18:38:07.805+0000] {logging_mixin.py:188} INFO - [2025-08-09T18:38:07.804+0000] {dagbag.py:540} INFO - Filling up the DagBag from /home/airflow/.local/lib/python3.12/site-packages/airflow/example_dags/example_branch_labels.py
[2025-08-09T18:38:07.821+0000] {processor.py:840} INFO - DAG(s) 'example_branch_labels' retrieved from /home/airflow/.local/lib/python3.12/site-packages/airflow/example_dags/example_branch_labels.py
[2025-08-09T18:38:07.863+0000] {logging_mixin.py:188} INFO - [2025-08-09T18:38:07.862+0000] {dag.py:3096} INFO - Sync 1 DAGs
[2025-08-09T18:38:07.920+0000] {logging_mixin.py:188} INFO - [2025-08-09T18:38:07.919+0000] {dag.py:3954} INFO - Setting next_dagrun for example_branch_labels to 2025-08-08 00:00:00+00:00, run_after=2025-08-09 00:00:00+00:00
[2025-08-09T18:38:07.961+0000] {processor.py:183} INFO - Processing /home/airflow/.local/lib/python3.12/site-packages/airflow/example_dags/example_branch_labels.py took 0.169 seconds
[2025-08-09T18:38:38.164+0000] {processor.py:161} INFO - Started process (PID=1396) to work on /home/airflow/.local/lib/python3.12/site-packages/airflow/example_dags/example_branch_labels.py
[2025-08-09T18:38:38.166+0000] {processor.py:830} INFO - Processing file /home/airflow/.local/lib/python3.12/site-packages/airflow/example_dags/example_branch_labels.py for tasks to queue
[2025-08-09T18:38:38.171+0000] {logging_mixin.py:188} INFO - [2025-08-09T18:38:38.170+0000] {dagbag.py:540} INFO - Filling up the DagBag from /home/airflow/.local/lib/python3.12/site-packages/airflow/example_dags/example_branch_labels.py
[2025-08-09T18:38:38.188+0000] {processor.py:840} INFO - DAG(s) 'example_branch_labels' retrieved from /home/airflow/.local/lib/python3.12/site-packages/airflow/example_dags/example_branch_labels.py
[2025-08-09T18:38:38.232+0000] {logging_mixin.py:188} INFO - [2025-08-09T18:38:38.231+0000] {dag.py:3096} INFO - Sync 1 DAGs
[2025-08-09T18:38:38.281+0000] {logging_mixin.py:188} INFO - [2025-08-09T18:38:38.280+0000] {dag.py:3954} INFO - Setting next_dagrun for example_branch_labels to 2025-08-08 00:00:00+00:00, run_after=2025-08-09 00:00:00+00:00
[2025-08-09T18:38:38.324+0000] {processor.py:183} INFO - Processing /home/airflow/.local/lib/python3.12/site-packages/airflow/example_dags/example_branch_labels.py took 0.173 seconds
[2025-08-09T18:39:08.446+0000] {processor.py:161} INFO - Started process (PID=1455) to work on /home/airflow/.local/lib/python3.12/site-packages/airflow/example_dags/example_branch_labels.py
[2025-08-09T18:39:08.448+0000] {processor.py:830} INFO - Processing file /home/airflow/.local/lib/python3.12/site-packages/airflow/example_dags/example_branch_labels.py for tasks to queue
[2025-08-09T18:39:08.452+0000] {logging_mixin.py:188} INFO - [2025-08-09T18:39:08.451+0000] {dagbag.py:540} INFO - Filling up the DagBag from /home/airflow/.local/lib/python3.12/site-packages/airflow/example_dags/example_branch_labels.py
[2025-08-09T18:39:08.471+0000] {processor.py:840} INFO - DAG(s) 'example_branch_labels' retrieved from /home/airflow/.local/lib/python3.12/site-packages/airflow/example_dags/example_branch_labels.py
[2025-08-09T18:39:08.513+0000] {logging_mixin.py:188} INFO - [2025-08-09T18:39:08.512+0000] {dag.py:3096} INFO - Sync 1 DAGs
[2025-08-09T18:39:08.560+0000] {logging_mixin.py:188} INFO - [2025-08-09T18:39:08.560+0000] {dag.py:3954} INFO - Setting next_dagrun for example_branch_labels to 2025-08-08 00:00:00+00:00, run_after=2025-08-09 00:00:00+00:00
[2025-08-09T18:39:08.597+0000] {processor.py:183} INFO - Processing /home/airflow/.local/lib/python3.12/site-packages/airflow/example_dags/example_branch_labels.py took 0.163 seconds
[2025-08-09T18:39:38.997+0000] {processor.py:161} INFO - Started process (PID=1514) to work on /home/airflow/.local/lib/python3.12/site-packages/airflow/example_dags/example_branch_labels.py
[2025-08-09T18:39:38.999+0000] {processor.py:830} INFO - Processing file /home/airflow/.local/lib/python3.12/site-packages/airflow/example_dags/example_branch_labels.py for tasks to queue
[2025-08-09T18:39:39.005+0000] {logging_mixin.py:188} INFO - [2025-08-09T18:39:39.004+0000] {dagbag.py:540} INFO - Filling up the DagBag from /home/airflow/.local/lib/python3.12/site-packages/airflow/example_dags/example_branch_labels.py
[2025-08-09T18:39:39.027+0000] {processor.py:840} INFO - DAG(s) 'example_branch_labels' retrieved from /home/airflow/.local/lib/python3.12/site-packages/airflow/example_dags/example_branch_labels.py
[2025-08-09T18:39:39.083+0000] {logging_mixin.py:188} INFO - [2025-08-09T18:39:39.083+0000] {dag.py:3096} INFO - Sync 1 DAGs
[2025-08-09T18:39:39.167+0000] {logging_mixin.py:188} INFO - [2025-08-09T18:39:39.166+0000] {dag.py:3954} INFO - Setting next_dagrun for example_branch_labels to 2025-08-08 00:00:00+00:00, run_after=2025-08-09 00:00:00+00:00
[2025-08-09T18:39:39.249+0000] {processor.py:183} INFO - Processing /home/airflow/.local/lib/python3.12/site-packages/airflow/example_dags/example_branch_labels.py took 0.267 seconds
[2025-08-09T18:40:10.043+0000] {processor.py:161} INFO - Started process (PID=1573) to work on /home/airflow/.local/lib/python3.12/site-packages/airflow/example_dags/example_branch_labels.py
[2025-08-09T18:40:10.045+0000] {processor.py:830} INFO - Processing file /home/airflow/.local/lib/python3.12/site-packages/airflow/example_dags/example_branch_labels.py for tasks to queue
[2025-08-09T18:40:10.048+0000] {logging_mixin.py:188} INFO - [2025-08-09T18:40:10.047+0000] {dagbag.py:540} INFO - Filling up the DagBag from /home/airflow/.local/lib/python3.12/site-packages/airflow/example_dags/example_branch_labels.py
[2025-08-09T18:40:10.061+0000] {processor.py:840} INFO - DAG(s) 'example_branch_labels' retrieved from /home/airflow/.local/lib/python3.12/site-packages/airflow/example_dags/example_branch_labels.py
[2025-08-09T18:40:10.095+0000] {logging_mixin.py:188} INFO - [2025-08-09T18:40:10.094+0000] {dag.py:3096} INFO - Sync 1 DAGs
[2025-08-09T18:40:10.126+0000] {logging_mixin.py:188} INFO - [2025-08-09T18:40:10.125+0000] {dag.py:3954} INFO - Setting next_dagrun for example_branch_labels to 2025-08-08 00:00:00+00:00, run_after=2025-08-09 00:00:00+00:00
[2025-08-09T18:40:10.151+0000] {processor.py:183} INFO - Processing /home/airflow/.local/lib/python3.12/site-packages/airflow/example_dags/example_branch_labels.py took 0.121 seconds
[2025-08-09T18:40:40.543+0000] {processor.py:161} INFO - Started process (PID=1630) to work on /home/airflow/.local/lib/python3.12/site-packages/airflow/example_dags/example_branch_labels.py
[2025-08-09T18:40:40.545+0000] {processor.py:830} INFO - Processing file /home/airflow/.local/lib/python3.12/site-packages/airflow/example_dags/example_branch_labels.py for tasks to queue
[2025-08-09T18:40:40.548+0000] {logging_mixin.py:188} INFO - [2025-08-09T18:40:40.548+0000] {dagbag.py:540} INFO - Filling up the DagBag from /home/airflow/.local/lib/python3.12/site-packages/airflow/example_dags/example_branch_labels.py
[2025-08-09T18:40:40.564+0000] {processor.py:840} INFO - DAG(s) 'example_branch_labels' retrieved from /home/airflow/.local/lib/python3.12/site-packages/airflow/example_dags/example_branch_labels.py
[2025-08-09T18:40:40.601+0000] {logging_mixin.py:188} INFO - [2025-08-09T18:40:40.600+0000] {dag.py:3096} INFO - Sync 1 DAGs
[2025-08-09T18:40:40.639+0000] {logging_mixin.py:188} INFO - [2025-08-09T18:40:40.638+0000] {dag.py:3954} INFO - Setting next_dagrun for example_branch_labels to 2025-08-08 00:00:00+00:00, run_after=2025-08-09 00:00:00+00:00
[2025-08-09T18:40:40.683+0000] {processor.py:183} INFO - Processing /home/airflow/.local/lib/python3.12/site-packages/airflow/example_dags/example_branch_labels.py took 0.152 seconds
[2025-08-09T18:41:10.924+0000] {processor.py:161} INFO - Started process (PID=1690) to work on /home/airflow/.local/lib/python3.12/site-packages/airflow/example_dags/example_branch_labels.py
[2025-08-09T18:41:10.925+0000] {processor.py:830} INFO - Processing file /home/airflow/.local/lib/python3.12/site-packages/airflow/example_dags/example_branch_labels.py for tasks to queue
[2025-08-09T18:41:10.928+0000] {logging_mixin.py:188} INFO - [2025-08-09T18:41:10.927+0000] {dagbag.py:540} INFO - Filling up the DagBag from /home/airflow/.local/lib/python3.12/site-packages/airflow/example_dags/example_branch_labels.py
[2025-08-09T18:41:10.940+0000] {processor.py:840} INFO - DAG(s) 'example_branch_labels' retrieved from /home/airflow/.local/lib/python3.12/site-packages/airflow/example_dags/example_branch_labels.py
[2025-08-09T18:41:10.974+0000] {logging_mixin.py:188} INFO - [2025-08-09T18:41:10.973+0000] {dag.py:3096} INFO - Sync 1 DAGs
[2025-08-09T18:41:11.011+0000] {logging_mixin.py:188} INFO - [2025-08-09T18:41:11.011+0000] {dag.py:3954} INFO - Setting next_dagrun for example_branch_labels to 2025-08-08 00:00:00+00:00, run_after=2025-08-09 00:00:00+00:00
[2025-08-09T18:41:11.045+0000] {processor.py:183} INFO - Processing /home/airflow/.local/lib/python3.12/site-packages/airflow/example_dags/example_branch_labels.py took 0.129 seconds
[2025-08-09T18:41:41.808+0000] {processor.py:161} INFO - Started process (PID=1749) to work on /home/airflow/.local/lib/python3.12/site-packages/airflow/example_dags/example_branch_labels.py
[2025-08-09T18:41:41.810+0000] {processor.py:830} INFO - Processing file /home/airflow/.local/lib/python3.12/site-packages/airflow/example_dags/example_branch_labels.py for tasks to queue
[2025-08-09T18:41:41.814+0000] {logging_mixin.py:188} INFO - [2025-08-09T18:41:41.813+0000] {dagbag.py:540} INFO - Filling up the DagBag from /home/airflow/.local/lib/python3.12/site-packages/airflow/example_dags/example_branch_labels.py
[2025-08-09T18:41:41.829+0000] {processor.py:840} INFO - DAG(s) 'example_branch_labels' retrieved from /home/airflow/.local/lib/python3.12/site-packages/airflow/example_dags/example_branch_labels.py
[2025-08-09T18:41:41.869+0000] {logging_mixin.py:188} INFO - [2025-08-09T18:41:41.868+0000] {dag.py:3096} INFO - Sync 1 DAGs
[2025-08-09T18:41:41.910+0000] {logging_mixin.py:188} INFO - [2025-08-09T18:41:41.910+0000] {dag.py:3954} INFO - Setting next_dagrun for example_branch_labels to 2025-08-08 00:00:00+00:00, run_after=2025-08-09 00:00:00+00:00
[2025-08-09T18:41:41.946+0000] {processor.py:183} INFO - Processing /home/airflow/.local/lib/python3.12/site-packages/airflow/example_dags/example_branch_labels.py took 0.149 seconds
[2025-08-09T18:42:12.685+0000] {processor.py:161} INFO - Started process (PID=1808) to work on /home/airflow/.local/lib/python3.12/site-packages/airflow/example_dags/example_branch_labels.py
[2025-08-09T18:42:12.686+0000] {processor.py:830} INFO - Processing file /home/airflow/.local/lib/python3.12/site-packages/airflow/example_dags/example_branch_labels.py for tasks to queue
[2025-08-09T18:42:12.689+0000] {logging_mixin.py:188} INFO - [2025-08-09T18:42:12.688+0000] {dagbag.py:540} INFO - Filling up the DagBag from /home/airflow/.local/lib/python3.12/site-packages/airflow/example_dags/example_branch_labels.py
[2025-08-09T18:42:12.699+0000] {processor.py:840} INFO - DAG(s) 'example_branch_labels' retrieved from /home/airflow/.local/lib/python3.12/site-packages/airflow/example_dags/example_branch_labels.py
[2025-08-09T18:42:12.740+0000] {logging_mixin.py:188} INFO - [2025-08-09T18:42:12.740+0000] {dag.py:3096} INFO - Sync 1 DAGs
[2025-08-09T18:42:12.783+0000] {logging_mixin.py:188} INFO - [2025-08-09T18:42:12.783+0000] {dag.py:3954} INFO - Setting next_dagrun for example_branch_labels to 2025-08-08 00:00:00+00:00, run_after=2025-08-09 00:00:00+00:00
[2025-08-09T18:42:12.821+0000] {processor.py:183} INFO - Processing /home/airflow/.local/lib/python3.12/site-packages/airflow/example_dags/example_branch_labels.py took 0.143 seconds
[2025-08-09T18:42:43.315+0000] {processor.py:161} INFO - Started process (PID=1867) to work on /home/airflow/.local/lib/python3.12/site-packages/airflow/example_dags/example_branch_labels.py
[2025-08-09T18:42:43.317+0000] {processor.py:830} INFO - Processing file /home/airflow/.local/lib/python3.12/site-packages/airflow/example_dags/example_branch_labels.py for tasks to queue
[2025-08-09T18:42:43.321+0000] {logging_mixin.py:188} INFO - [2025-08-09T18:42:43.320+0000] {dagbag.py:540} INFO - Filling up the DagBag from /home/airflow/.local/lib/python3.12/site-packages/airflow/example_dags/example_branch_labels.py
[2025-08-09T18:42:43.336+0000] {processor.py:840} INFO - DAG(s) 'example_branch_labels' retrieved from /home/airflow/.local/lib/python3.12/site-packages/airflow/example_dags/example_branch_labels.py
[2025-08-09T18:42:43.363+0000] {logging_mixin.py:188} INFO - [2025-08-09T18:42:43.362+0000] {dag.py:3096} INFO - Sync 1 DAGs
[2025-08-09T18:42:43.392+0000] {logging_mixin.py:188} INFO - [2025-08-09T18:42:43.392+0000] {dag.py:3954} INFO - Setting next_dagrun for example_branch_labels to 2025-08-08 00:00:00+00:00, run_after=2025-08-09 00:00:00+00:00
[2025-08-09T18:42:43.426+0000] {processor.py:183} INFO - Processing /home/airflow/.local/lib/python3.12/site-packages/airflow/example_dags/example_branch_labels.py took 0.124 seconds
[2025-08-09T18:43:13.556+0000] {processor.py:161} INFO - Started process (PID=1926) to work on /home/airflow/.local/lib/python3.12/site-packages/airflow/example_dags/example_branch_labels.py
[2025-08-09T18:43:13.557+0000] {processor.py:830} INFO - Processing file /home/airflow/.local/lib/python3.12/site-packages/airflow/example_dags/example_branch_labels.py for tasks to queue
[2025-08-09T18:43:13.560+0000] {logging_mixin.py:188} INFO - [2025-08-09T18:43:13.559+0000] {dagbag.py:540} INFO - Filling up the DagBag from /home/airflow/.local/lib/python3.12/site-packages/airflow/example_dags/example_branch_labels.py
[2025-08-09T18:43:13.570+0000] {processor.py:840} INFO - DAG(s) 'example_branch_labels' retrieved from /home/airflow/.local/lib/python3.12/site-packages/airflow/example_dags/example_branch_labels.py
[2025-08-09T18:43:13.610+0000] {logging_mixin.py:188} INFO - [2025-08-09T18:43:13.610+0000] {dag.py:3096} INFO - Sync 1 DAGs
[2025-08-09T18:43:13.641+0000] {logging_mixin.py:188} INFO - [2025-08-09T18:43:13.641+0000] {dag.py:3954} INFO - Setting next_dagrun for example_branch_labels to 2025-08-08 00:00:00+00:00, run_after=2025-08-09 00:00:00+00:00
[2025-08-09T18:43:13.678+0000] {processor.py:183} INFO - Processing /home/airflow/.local/lib/python3.12/site-packages/airflow/example_dags/example_branch_labels.py took 0.129 seconds
[2025-08-09T18:43:44.565+0000] {processor.py:161} INFO - Started process (PID=1985) to work on /home/airflow/.local/lib/python3.12/site-packages/airflow/example_dags/example_branch_labels.py
[2025-08-09T18:43:44.566+0000] {processor.py:830} INFO - Processing file /home/airflow/.local/lib/python3.12/site-packages/airflow/example_dags/example_branch_labels.py for tasks to queue
[2025-08-09T18:43:44.569+0000] {logging_mixin.py:188} INFO - [2025-08-09T18:43:44.568+0000] {dagbag.py:540} INFO - Filling up the DagBag from /home/airflow/.local/lib/python3.12/site-packages/airflow/example_dags/example_branch_labels.py
[2025-08-09T18:43:44.580+0000] {processor.py:840} INFO - DAG(s) 'example_branch_labels' retrieved from /home/airflow/.local/lib/python3.12/site-packages/airflow/example_dags/example_branch_labels.py
[2025-08-09T18:43:44.613+0000] {logging_mixin.py:188} INFO - [2025-08-09T18:43:44.612+0000] {dag.py:3096} INFO - Sync 1 DAGs
[2025-08-09T18:43:44.647+0000] {logging_mixin.py:188} INFO - [2025-08-09T18:43:44.647+0000] {dag.py:3954} INFO - Setting next_dagrun for example_branch_labels to 2025-08-08 00:00:00+00:00, run_after=2025-08-09 00:00:00+00:00
[2025-08-09T18:43:44.673+0000] {processor.py:183} INFO - Processing /home/airflow/.local/lib/python3.12/site-packages/airflow/example_dags/example_branch_labels.py took 0.115 seconds
[2025-08-09T18:44:15.202+0000] {processor.py:161} INFO - Started process (PID=2044) to work on /home/airflow/.local/lib/python3.12/site-packages/airflow/example_dags/example_branch_labels.py
[2025-08-09T18:44:15.203+0000] {processor.py:830} INFO - Processing file /home/airflow/.local/lib/python3.12/site-packages/airflow/example_dags/example_branch_labels.py for tasks to queue
[2025-08-09T18:44:15.205+0000] {logging_mixin.py:188} INFO - [2025-08-09T18:44:15.205+0000] {dagbag.py:540} INFO - Filling up the DagBag from /home/airflow/.local/lib/python3.12/site-packages/airflow/example_dags/example_branch_labels.py
[2025-08-09T18:44:15.214+0000] {processor.py:840} INFO - DAG(s) 'example_branch_labels' retrieved from /home/airflow/.local/lib/python3.12/site-packages/airflow/example_dags/example_branch_labels.py
[2025-08-09T18:44:15.240+0000] {logging_mixin.py:188} INFO - [2025-08-09T18:44:15.239+0000] {dag.py:3096} INFO - Sync 1 DAGs
[2025-08-09T18:44:15.267+0000] {logging_mixin.py:188} INFO - [2025-08-09T18:44:15.266+0000] {dag.py:3954} INFO - Setting next_dagrun for example_branch_labels to 2025-08-08 00:00:00+00:00, run_after=2025-08-09 00:00:00+00:00
[2025-08-09T18:44:15.303+0000] {processor.py:183} INFO - Processing /home/airflow/.local/lib/python3.12/site-packages/airflow/example_dags/example_branch_labels.py took 0.109 seconds
[2025-08-09T18:44:45.693+0000] {processor.py:161} INFO - Started process (PID=2103) to work on /home/airflow/.local/lib/python3.12/site-packages/airflow/example_dags/example_branch_labels.py
[2025-08-09T18:44:45.694+0000] {processor.py:830} INFO - Processing file /home/airflow/.local/lib/python3.12/site-packages/airflow/example_dags/example_branch_labels.py for tasks to queue
[2025-08-09T18:44:45.697+0000] {logging_mixin.py:188} INFO - [2025-08-09T18:44:45.696+0000] {dagbag.py:540} INFO - Filling up the DagBag from /home/airflow/.local/lib/python3.12/site-packages/airflow/example_dags/example_branch_labels.py
[2025-08-09T18:44:45.708+0000] {processor.py:840} INFO - DAG(s) 'example_branch_labels' retrieved from /home/airflow/.local/lib/python3.12/site-packages/airflow/example_dags/example_branch_labels.py
[2025-08-09T18:44:45.737+0000] {logging_mixin.py:188} INFO - [2025-08-09T18:44:45.736+0000] {dag.py:3096} INFO - Sync 1 DAGs
[2025-08-09T18:44:45.770+0000] {logging_mixin.py:188} INFO - [2025-08-09T18:44:45.770+0000] {dag.py:3954} INFO - Setting next_dagrun for example_branch_labels to 2025-08-08 00:00:00+00:00, run_after=2025-08-09 00:00:00+00:00
[2025-08-09T18:44:45.803+0000] {processor.py:183} INFO - Processing /home/airflow/.local/lib/python3.12/site-packages/airflow/example_dags/example_branch_labels.py took 0.119 seconds
