[2025-08-09T18:22:04.156+0000] {processor.py:161} INFO - Started process (PID=110) to work on /home/airflow/.local/lib/python3.12/site-packages/airflow/example_dags/example_latest_only.py
[2025-08-09T18:22:04.158+0000] {processor.py:830} INFO - Processing file /home/airflow/.local/lib/python3.12/site-packages/airflow/example_dags/example_latest_only.py for tasks to queue
[2025-08-09T18:22:04.166+0000] {logging_mixin.py:188} INFO - [2025-08-09T18:22:04.165+0000] {dagbag.py:540} INFO - Filling up the DagBag from /home/airflow/.local/lib/python3.12/site-packages/airflow/example_dags/example_latest_only.py
[2025-08-09T18:22:04.182+0000] {processor.py:840} INFO - DAG(s) 'latest_only' retrieved from /home/airflow/.local/lib/python3.12/site-packages/airflow/example_dags/example_latest_only.py
[2025-08-09T18:22:04.553+0000] {logging_mixin.py:188} INFO - [2025-08-09T18:22:04.551+0000] {dag.py:3096} INFO - Sync 1 DAGs
[2025-08-09T18:22:04.609+0000] {logging_mixin.py:188} INFO - [2025-08-09T18:22:04.609+0000] {dag.py:3954} INFO - Setting next_dagrun for latest_only to 2025-08-09 12:00:00+00:00, run_after=2025-08-09 16:00:00+00:00
[2025-08-09T18:22:04.656+0000] {processor.py:183} INFO - Processing /home/airflow/.local/lib/python3.12/site-packages/airflow/example_dags/example_latest_only.py took 0.517 seconds
[2025-08-09T18:22:35.130+0000] {processor.py:161} INFO - Started process (PID=169) to work on /home/airflow/.local/lib/python3.12/site-packages/airflow/example_dags/example_latest_only.py
[2025-08-09T18:22:35.131+0000] {processor.py:830} INFO - Processing file /home/airflow/.local/lib/python3.12/site-packages/airflow/example_dags/example_latest_only.py for tasks to queue
[2025-08-09T18:22:35.135+0000] {logging_mixin.py:188} INFO - [2025-08-09T18:22:35.134+0000] {dagbag.py:540} INFO - Filling up the DagBag from /home/airflow/.local/lib/python3.12/site-packages/airflow/example_dags/example_latest_only.py
[2025-08-09T18:22:35.142+0000] {processor.py:840} INFO - DAG(s) 'latest_only' retrieved from /home/airflow/.local/lib/python3.12/site-packages/airflow/example_dags/example_latest_only.py
[2025-08-09T18:22:35.173+0000] {logging_mixin.py:188} INFO - [2025-08-09T18:22:35.173+0000] {dag.py:3096} INFO - Sync 1 DAGs
[2025-08-09T18:22:35.216+0000] {logging_mixin.py:188} INFO - [2025-08-09T18:22:35.216+0000] {dag.py:3954} INFO - Setting next_dagrun for latest_only to 2025-08-09 12:00:00+00:00, run_after=2025-08-09 16:00:00+00:00
[2025-08-09T18:22:35.239+0000] {processor.py:183} INFO - Processing /home/airflow/.local/lib/python3.12/site-packages/airflow/example_dags/example_latest_only.py took 0.120 seconds
[2025-08-09T18:23:05.577+0000] {processor.py:161} INFO - Started process (PID=228) to work on /home/airflow/.local/lib/python3.12/site-packages/airflow/example_dags/example_latest_only.py
[2025-08-09T18:23:05.579+0000] {processor.py:830} INFO - Processing file /home/airflow/.local/lib/python3.12/site-packages/airflow/example_dags/example_latest_only.py for tasks to queue
[2025-08-09T18:23:05.582+0000] {logging_mixin.py:188} INFO - [2025-08-09T18:23:05.581+0000] {dagbag.py:540} INFO - Filling up the DagBag from /home/airflow/.local/lib/python3.12/site-packages/airflow/example_dags/example_latest_only.py
[2025-08-09T18:23:05.587+0000] {processor.py:840} INFO - DAG(s) 'latest_only' retrieved from /home/airflow/.local/lib/python3.12/site-packages/airflow/example_dags/example_latest_only.py
[2025-08-09T18:23:05.613+0000] {logging_mixin.py:188} INFO - [2025-08-09T18:23:05.613+0000] {dag.py:3096} INFO - Sync 1 DAGs
[2025-08-09T18:23:05.643+0000] {logging_mixin.py:188} INFO - [2025-08-09T18:23:05.643+0000] {dag.py:3954} INFO - Setting next_dagrun for latest_only to 2025-08-09 12:00:00+00:00, run_after=2025-08-09 16:00:00+00:00
[2025-08-09T18:23:05.680+0000] {processor.py:183} INFO - Processing /home/airflow/.local/lib/python3.12/site-packages/airflow/example_dags/example_latest_only.py took 0.110 seconds
[2025-08-09T18:23:36.203+0000] {processor.py:161} INFO - Started process (PID=287) to work on /home/airflow/.local/lib/python3.12/site-packages/airflow/example_dags/example_latest_only.py
[2025-08-09T18:23:36.205+0000] {processor.py:830} INFO - Processing file /home/airflow/.local/lib/python3.12/site-packages/airflow/example_dags/example_latest_only.py for tasks to queue
[2025-08-09T18:23:36.208+0000] {logging_mixin.py:188} INFO - [2025-08-09T18:23:36.207+0000] {dagbag.py:540} INFO - Filling up the DagBag from /home/airflow/.local/lib/python3.12/site-packages/airflow/example_dags/example_latest_only.py
[2025-08-09T18:23:36.217+0000] {processor.py:840} INFO - DAG(s) 'latest_only' retrieved from /home/airflow/.local/lib/python3.12/site-packages/airflow/example_dags/example_latest_only.py
[2025-08-09T18:23:36.250+0000] {logging_mixin.py:188} INFO - [2025-08-09T18:23:36.250+0000] {dag.py:3096} INFO - Sync 1 DAGs
[2025-08-09T18:23:36.296+0000] {logging_mixin.py:188} INFO - [2025-08-09T18:23:36.296+0000] {dag.py:3954} INFO - Setting next_dagrun for latest_only to 2025-08-09 12:00:00+00:00, run_after=2025-08-09 16:00:00+00:00
[2025-08-09T18:23:36.330+0000] {processor.py:183} INFO - Processing /home/airflow/.local/lib/python3.12/site-packages/airflow/example_dags/example_latest_only.py took 0.139 seconds
[2025-08-09T18:24:06.662+0000] {processor.py:161} INFO - Started process (PID=346) to work on /home/airflow/.local/lib/python3.12/site-packages/airflow/example_dags/example_latest_only.py
[2025-08-09T18:24:06.664+0000] {processor.py:830} INFO - Processing file /home/airflow/.local/lib/python3.12/site-packages/airflow/example_dags/example_latest_only.py for tasks to queue
[2025-08-09T18:24:06.668+0000] {logging_mixin.py:188} INFO - [2025-08-09T18:24:06.667+0000] {dagbag.py:540} INFO - Filling up the DagBag from /home/airflow/.local/lib/python3.12/site-packages/airflow/example_dags/example_latest_only.py
[2025-08-09T18:24:06.676+0000] {processor.py:840} INFO - DAG(s) 'latest_only' retrieved from /home/airflow/.local/lib/python3.12/site-packages/airflow/example_dags/example_latest_only.py
[2025-08-09T18:24:06.712+0000] {logging_mixin.py:188} INFO - [2025-08-09T18:24:06.711+0000] {dag.py:3096} INFO - Sync 1 DAGs
[2025-08-09T18:24:06.750+0000] {logging_mixin.py:188} INFO - [2025-08-09T18:24:06.750+0000] {dag.py:3954} INFO - Setting next_dagrun for latest_only to 2025-08-09 12:00:00+00:00, run_after=2025-08-09 16:00:00+00:00
[2025-08-09T18:24:06.788+0000] {processor.py:183} INFO - Processing /home/airflow/.local/lib/python3.12/site-packages/airflow/example_dags/example_latest_only.py took 0.136 seconds
[2025-08-09T18:24:37.160+0000] {processor.py:161} INFO - Started process (PID=405) to work on /home/airflow/.local/lib/python3.12/site-packages/airflow/example_dags/example_latest_only.py
[2025-08-09T18:24:37.162+0000] {processor.py:830} INFO - Processing file /home/airflow/.local/lib/python3.12/site-packages/airflow/example_dags/example_latest_only.py for tasks to queue
[2025-08-09T18:24:37.164+0000] {logging_mixin.py:188} INFO - [2025-08-09T18:24:37.164+0000] {dagbag.py:540} INFO - Filling up the DagBag from /home/airflow/.local/lib/python3.12/site-packages/airflow/example_dags/example_latest_only.py
[2025-08-09T18:24:37.170+0000] {processor.py:840} INFO - DAG(s) 'latest_only' retrieved from /home/airflow/.local/lib/python3.12/site-packages/airflow/example_dags/example_latest_only.py
[2025-08-09T18:24:37.195+0000] {logging_mixin.py:188} INFO - [2025-08-09T18:24:37.195+0000] {dag.py:3096} INFO - Sync 1 DAGs
[2025-08-09T18:24:37.228+0000] {logging_mixin.py:188} INFO - [2025-08-09T18:24:37.228+0000] {dag.py:3954} INFO - Setting next_dagrun for latest_only to 2025-08-09 12:00:00+00:00, run_after=2025-08-09 16:00:00+00:00
[2025-08-09T18:24:37.266+0000] {processor.py:183} INFO - Processing /home/airflow/.local/lib/python3.12/site-packages/airflow/example_dags/example_latest_only.py took 0.112 seconds
[2025-08-09T18:25:08.192+0000] {processor.py:161} INFO - Started process (PID=464) to work on /home/airflow/.local/lib/python3.12/site-packages/airflow/example_dags/example_latest_only.py
[2025-08-09T18:25:08.194+0000] {processor.py:830} INFO - Processing file /home/airflow/.local/lib/python3.12/site-packages/airflow/example_dags/example_latest_only.py for tasks to queue
[2025-08-09T18:25:08.197+0000] {logging_mixin.py:188} INFO - [2025-08-09T18:25:08.196+0000] {dagbag.py:540} INFO - Filling up the DagBag from /home/airflow/.local/lib/python3.12/site-packages/airflow/example_dags/example_latest_only.py
[2025-08-09T18:25:08.203+0000] {processor.py:840} INFO - DAG(s) 'latest_only' retrieved from /home/airflow/.local/lib/python3.12/site-packages/airflow/example_dags/example_latest_only.py
[2025-08-09T18:25:08.248+0000] {logging_mixin.py:188} INFO - [2025-08-09T18:25:08.248+0000] {dag.py:3096} INFO - Sync 1 DAGs
[2025-08-09T18:25:08.297+0000] {logging_mixin.py:188} INFO - [2025-08-09T18:25:08.296+0000] {dag.py:3954} INFO - Setting next_dagrun for latest_only to 2025-08-09 12:00:00+00:00, run_after=2025-08-09 16:00:00+00:00
[2025-08-09T18:25:08.377+0000] {processor.py:183} INFO - Processing /home/airflow/.local/lib/python3.12/site-packages/airflow/example_dags/example_latest_only.py took 0.195 seconds
[2025-08-09T18:27:32.166+0000] {processor.py:161} INFO - Started process (PID=111) to work on /home/airflow/.local/lib/python3.12/site-packages/airflow/example_dags/example_latest_only.py
[2025-08-09T18:27:32.168+0000] {processor.py:830} INFO - Processing file /home/airflow/.local/lib/python3.12/site-packages/airflow/example_dags/example_latest_only.py for tasks to queue
[2025-08-09T18:27:32.172+0000] {logging_mixin.py:188} INFO - [2025-08-09T18:27:32.171+0000] {dagbag.py:540} INFO - Filling up the DagBag from /home/airflow/.local/lib/python3.12/site-packages/airflow/example_dags/example_latest_only.py
[2025-08-09T18:27:32.182+0000] {processor.py:840} INFO - DAG(s) 'latest_only' retrieved from /home/airflow/.local/lib/python3.12/site-packages/airflow/example_dags/example_latest_only.py
[2025-08-09T18:27:32.609+0000] {logging_mixin.py:188} INFO - [2025-08-09T18:27:32.608+0000] {dag.py:3096} INFO - Sync 1 DAGs
[2025-08-09T18:27:32.741+0000] {logging_mixin.py:188} INFO - [2025-08-09T18:27:32.741+0000] {dag.py:3954} INFO - Setting next_dagrun for latest_only to 2025-08-09 12:00:00+00:00, run_after=2025-08-09 16:00:00+00:00
[2025-08-09T18:27:32.821+0000] {processor.py:183} INFO - Processing /home/airflow/.local/lib/python3.12/site-packages/airflow/example_dags/example_latest_only.py took 0.665 seconds
[2025-08-09T18:28:02.922+0000] {processor.py:161} INFO - Started process (PID=170) to work on /home/airflow/.local/lib/python3.12/site-packages/airflow/example_dags/example_latest_only.py
[2025-08-09T18:28:02.923+0000] {processor.py:830} INFO - Processing file /home/airflow/.local/lib/python3.12/site-packages/airflow/example_dags/example_latest_only.py for tasks to queue
[2025-08-09T18:28:02.927+0000] {logging_mixin.py:188} INFO - [2025-08-09T18:28:02.926+0000] {dagbag.py:540} INFO - Filling up the DagBag from /home/airflow/.local/lib/python3.12/site-packages/airflow/example_dags/example_latest_only.py
[2025-08-09T18:28:02.939+0000] {processor.py:840} INFO - DAG(s) 'latest_only' retrieved from /home/airflow/.local/lib/python3.12/site-packages/airflow/example_dags/example_latest_only.py
[2025-08-09T18:28:02.979+0000] {logging_mixin.py:188} INFO - [2025-08-09T18:28:02.978+0000] {dag.py:3096} INFO - Sync 1 DAGs
[2025-08-09T18:28:03.021+0000] {logging_mixin.py:188} INFO - [2025-08-09T18:28:03.021+0000] {dag.py:3954} INFO - Setting next_dagrun for latest_only to 2025-08-09 12:00:00+00:00, run_after=2025-08-09 16:00:00+00:00
[2025-08-09T18:28:03.051+0000] {processor.py:183} INFO - Processing /home/airflow/.local/lib/python3.12/site-packages/airflow/example_dags/example_latest_only.py took 0.141 seconds
[2025-08-09T18:28:34.278+0000] {processor.py:161} INFO - Started process (PID=236) to work on /home/airflow/.local/lib/python3.12/site-packages/airflow/example_dags/example_latest_only.py
[2025-08-09T18:28:34.282+0000] {processor.py:830} INFO - Processing file /home/airflow/.local/lib/python3.12/site-packages/airflow/example_dags/example_latest_only.py for tasks to queue
[2025-08-09T18:28:34.289+0000] {logging_mixin.py:188} INFO - [2025-08-09T18:28:34.286+0000] {dagbag.py:540} INFO - Filling up the DagBag from /home/airflow/.local/lib/python3.12/site-packages/airflow/example_dags/example_latest_only.py
[2025-08-09T18:28:34.322+0000] {processor.py:840} INFO - DAG(s) 'latest_only' retrieved from /home/airflow/.local/lib/python3.12/site-packages/airflow/example_dags/example_latest_only.py
[2025-08-09T18:28:34.400+0000] {logging_mixin.py:188} INFO - [2025-08-09T18:28:34.399+0000] {dag.py:3096} INFO - Sync 1 DAGs
[2025-08-09T18:28:34.451+0000] {logging_mixin.py:188} INFO - [2025-08-09T18:28:34.451+0000] {dag.py:3954} INFO - Setting next_dagrun for latest_only to 2025-08-09 12:00:00+00:00, run_after=2025-08-09 16:00:00+00:00
[2025-08-09T18:28:34.503+0000] {processor.py:183} INFO - Processing /home/airflow/.local/lib/python3.12/site-packages/airflow/example_dags/example_latest_only.py took 0.253 seconds
[2025-08-09T18:29:05.098+0000] {processor.py:161} INFO - Started process (PID=295) to work on /home/airflow/.local/lib/python3.12/site-packages/airflow/example_dags/example_latest_only.py
[2025-08-09T18:29:05.104+0000] {processor.py:830} INFO - Processing file /home/airflow/.local/lib/python3.12/site-packages/airflow/example_dags/example_latest_only.py for tasks to queue
[2025-08-09T18:29:05.109+0000] {logging_mixin.py:188} INFO - [2025-08-09T18:29:05.108+0000] {dagbag.py:540} INFO - Filling up the DagBag from /home/airflow/.local/lib/python3.12/site-packages/airflow/example_dags/example_latest_only.py
[2025-08-09T18:29:05.120+0000] {processor.py:840} INFO - DAG(s) 'latest_only' retrieved from /home/airflow/.local/lib/python3.12/site-packages/airflow/example_dags/example_latest_only.py
[2025-08-09T18:29:05.163+0000] {logging_mixin.py:188} INFO - [2025-08-09T18:29:05.162+0000] {dag.py:3096} INFO - Sync 1 DAGs
[2025-08-09T18:29:05.216+0000] {logging_mixin.py:188} INFO - [2025-08-09T18:29:05.216+0000] {dag.py:3954} INFO - Setting next_dagrun for latest_only to 2025-08-09 12:00:00+00:00, run_after=2025-08-09 16:00:00+00:00
[2025-08-09T18:29:05.267+0000] {processor.py:183} INFO - Processing /home/airflow/.local/lib/python3.12/site-packages/airflow/example_dags/example_latest_only.py took 0.184 seconds
[2025-08-09T18:29:35.918+0000] {processor.py:161} INFO - Started process (PID=354) to work on /home/airflow/.local/lib/python3.12/site-packages/airflow/example_dags/example_latest_only.py
[2025-08-09T18:29:35.919+0000] {processor.py:830} INFO - Processing file /home/airflow/.local/lib/python3.12/site-packages/airflow/example_dags/example_latest_only.py for tasks to queue
[2025-08-09T18:29:35.922+0000] {logging_mixin.py:188} INFO - [2025-08-09T18:29:35.921+0000] {dagbag.py:540} INFO - Filling up the DagBag from /home/airflow/.local/lib/python3.12/site-packages/airflow/example_dags/example_latest_only.py
[2025-08-09T18:29:35.927+0000] {processor.py:840} INFO - DAG(s) 'latest_only' retrieved from /home/airflow/.local/lib/python3.12/site-packages/airflow/example_dags/example_latest_only.py
[2025-08-09T18:29:35.954+0000] {logging_mixin.py:188} INFO - [2025-08-09T18:29:35.954+0000] {dag.py:3096} INFO - Sync 1 DAGs
[2025-08-09T18:29:35.988+0000] {logging_mixin.py:188} INFO - [2025-08-09T18:29:35.988+0000] {dag.py:3954} INFO - Setting next_dagrun for latest_only to 2025-08-09 12:00:00+00:00, run_after=2025-08-09 16:00:00+00:00
[2025-08-09T18:29:36.018+0000] {processor.py:183} INFO - Processing /home/airflow/.local/lib/python3.12/site-packages/airflow/example_dags/example_latest_only.py took 0.108 seconds
[2025-08-09T18:30:06.790+0000] {processor.py:161} INFO - Started process (PID=414) to work on /home/airflow/.local/lib/python3.12/site-packages/airflow/example_dags/example_latest_only.py
[2025-08-09T18:30:06.792+0000] {processor.py:830} INFO - Processing file /home/airflow/.local/lib/python3.12/site-packages/airflow/example_dags/example_latest_only.py for tasks to queue
[2025-08-09T18:30:06.795+0000] {logging_mixin.py:188} INFO - [2025-08-09T18:30:06.794+0000] {dagbag.py:540} INFO - Filling up the DagBag from /home/airflow/.local/lib/python3.12/site-packages/airflow/example_dags/example_latest_only.py
[2025-08-09T18:30:06.802+0000] {processor.py:840} INFO - DAG(s) 'latest_only' retrieved from /home/airflow/.local/lib/python3.12/site-packages/airflow/example_dags/example_latest_only.py
[2025-08-09T18:30:06.840+0000] {logging_mixin.py:188} INFO - [2025-08-09T18:30:06.840+0000] {dag.py:3096} INFO - Sync 1 DAGs
[2025-08-09T18:30:06.901+0000] {logging_mixin.py:188} INFO - [2025-08-09T18:30:06.901+0000] {dag.py:3954} INFO - Setting next_dagrun for latest_only to 2025-08-09 12:00:00+00:00, run_after=2025-08-09 16:00:00+00:00
[2025-08-09T18:30:06.955+0000] {processor.py:183} INFO - Processing /home/airflow/.local/lib/python3.12/site-packages/airflow/example_dags/example_latest_only.py took 0.174 seconds
[2025-08-09T18:30:37.374+0000] {processor.py:161} INFO - Started process (PID=473) to work on /home/airflow/.local/lib/python3.12/site-packages/airflow/example_dags/example_latest_only.py
[2025-08-09T18:30:37.376+0000] {processor.py:830} INFO - Processing file /home/airflow/.local/lib/python3.12/site-packages/airflow/example_dags/example_latest_only.py for tasks to queue
[2025-08-09T18:30:37.380+0000] {logging_mixin.py:188} INFO - [2025-08-09T18:30:37.379+0000] {dagbag.py:540} INFO - Filling up the DagBag from /home/airflow/.local/lib/python3.12/site-packages/airflow/example_dags/example_latest_only.py
[2025-08-09T18:30:37.389+0000] {processor.py:840} INFO - DAG(s) 'latest_only' retrieved from /home/airflow/.local/lib/python3.12/site-packages/airflow/example_dags/example_latest_only.py
[2025-08-09T18:30:37.428+0000] {logging_mixin.py:188} INFO - [2025-08-09T18:30:37.427+0000] {dag.py:3096} INFO - Sync 1 DAGs
[2025-08-09T18:30:37.480+0000] {logging_mixin.py:188} INFO - [2025-08-09T18:30:37.479+0000] {dag.py:3954} INFO - Setting next_dagrun for latest_only to 2025-08-09 12:00:00+00:00, run_after=2025-08-09 16:00:00+00:00
[2025-08-09T18:30:37.533+0000] {processor.py:183} INFO - Processing /home/airflow/.local/lib/python3.12/site-packages/airflow/example_dags/example_latest_only.py took 0.173 seconds
[2025-08-09T18:31:07.757+0000] {processor.py:161} INFO - Started process (PID=532) to work on /home/airflow/.local/lib/python3.12/site-packages/airflow/example_dags/example_latest_only.py
[2025-08-09T18:31:07.759+0000] {processor.py:830} INFO - Processing file /home/airflow/.local/lib/python3.12/site-packages/airflow/example_dags/example_latest_only.py for tasks to queue
[2025-08-09T18:31:07.761+0000] {logging_mixin.py:188} INFO - [2025-08-09T18:31:07.760+0000] {dagbag.py:540} INFO - Filling up the DagBag from /home/airflow/.local/lib/python3.12/site-packages/airflow/example_dags/example_latest_only.py
[2025-08-09T18:31:07.766+0000] {processor.py:840} INFO - DAG(s) 'latest_only' retrieved from /home/airflow/.local/lib/python3.12/site-packages/airflow/example_dags/example_latest_only.py
[2025-08-09T18:31:07.798+0000] {logging_mixin.py:188} INFO - [2025-08-09T18:31:07.798+0000] {dag.py:3096} INFO - Sync 1 DAGs
[2025-08-09T18:31:07.854+0000] {logging_mixin.py:188} INFO - [2025-08-09T18:31:07.853+0000] {dag.py:3954} INFO - Setting next_dagrun for latest_only to 2025-08-09 12:00:00+00:00, run_after=2025-08-09 16:00:00+00:00
[2025-08-09T18:31:07.907+0000] {processor.py:183} INFO - Processing /home/airflow/.local/lib/python3.12/site-packages/airflow/example_dags/example_latest_only.py took 0.158 seconds
[2025-08-09T18:31:38.695+0000] {processor.py:161} INFO - Started process (PID=591) to work on /home/airflow/.local/lib/python3.12/site-packages/airflow/example_dags/example_latest_only.py
[2025-08-09T18:31:38.697+0000] {processor.py:830} INFO - Processing file /home/airflow/.local/lib/python3.12/site-packages/airflow/example_dags/example_latest_only.py for tasks to queue
[2025-08-09T18:31:38.700+0000] {logging_mixin.py:188} INFO - [2025-08-09T18:31:38.699+0000] {dagbag.py:540} INFO - Filling up the DagBag from /home/airflow/.local/lib/python3.12/site-packages/airflow/example_dags/example_latest_only.py
[2025-08-09T18:31:38.707+0000] {processor.py:840} INFO - DAG(s) 'latest_only' retrieved from /home/airflow/.local/lib/python3.12/site-packages/airflow/example_dags/example_latest_only.py
[2025-08-09T18:31:38.737+0000] {logging_mixin.py:188} INFO - [2025-08-09T18:31:38.737+0000] {dag.py:3096} INFO - Sync 1 DAGs
[2025-08-09T18:31:38.782+0000] {logging_mixin.py:188} INFO - [2025-08-09T18:31:38.782+0000] {dag.py:3954} INFO - Setting next_dagrun for latest_only to 2025-08-09 12:00:00+00:00, run_after=2025-08-09 16:00:00+00:00
[2025-08-09T18:31:38.826+0000] {processor.py:183} INFO - Processing /home/airflow/.local/lib/python3.12/site-packages/airflow/example_dags/example_latest_only.py took 0.140 seconds
[2025-08-09T18:32:09.120+0000] {processor.py:161} INFO - Started process (PID=651) to work on /home/airflow/.local/lib/python3.12/site-packages/airflow/example_dags/example_latest_only.py
[2025-08-09T18:32:09.122+0000] {processor.py:830} INFO - Processing file /home/airflow/.local/lib/python3.12/site-packages/airflow/example_dags/example_latest_only.py for tasks to queue
[2025-08-09T18:32:09.126+0000] {logging_mixin.py:188} INFO - [2025-08-09T18:32:09.125+0000] {dagbag.py:540} INFO - Filling up the DagBag from /home/airflow/.local/lib/python3.12/site-packages/airflow/example_dags/example_latest_only.py
[2025-08-09T18:32:09.137+0000] {processor.py:840} INFO - DAG(s) 'latest_only' retrieved from /home/airflow/.local/lib/python3.12/site-packages/airflow/example_dags/example_latest_only.py
[2025-08-09T18:32:09.174+0000] {logging_mixin.py:188} INFO - [2025-08-09T18:32:09.173+0000] {dag.py:3096} INFO - Sync 1 DAGs
[2025-08-09T18:32:09.208+0000] {logging_mixin.py:188} INFO - [2025-08-09T18:32:09.208+0000] {dag.py:3954} INFO - Setting next_dagrun for latest_only to 2025-08-09 12:00:00+00:00, run_after=2025-08-09 16:00:00+00:00
[2025-08-09T18:32:09.235+0000] {processor.py:183} INFO - Processing /home/airflow/.local/lib/python3.12/site-packages/airflow/example_dags/example_latest_only.py took 0.131 seconds
[2025-08-09T18:32:39.632+0000] {processor.py:161} INFO - Started process (PID=710) to work on /home/airflow/.local/lib/python3.12/site-packages/airflow/example_dags/example_latest_only.py
[2025-08-09T18:32:39.634+0000] {processor.py:830} INFO - Processing file /home/airflow/.local/lib/python3.12/site-packages/airflow/example_dags/example_latest_only.py for tasks to queue
[2025-08-09T18:32:39.637+0000] {logging_mixin.py:188} INFO - [2025-08-09T18:32:39.636+0000] {dagbag.py:540} INFO - Filling up the DagBag from /home/airflow/.local/lib/python3.12/site-packages/airflow/example_dags/example_latest_only.py
[2025-08-09T18:32:39.644+0000] {processor.py:840} INFO - DAG(s) 'latest_only' retrieved from /home/airflow/.local/lib/python3.12/site-packages/airflow/example_dags/example_latest_only.py
[2025-08-09T18:32:39.671+0000] {logging_mixin.py:188} INFO - [2025-08-09T18:32:39.671+0000] {dag.py:3096} INFO - Sync 1 DAGs
[2025-08-09T18:32:39.704+0000] {logging_mixin.py:188} INFO - [2025-08-09T18:32:39.703+0000] {dag.py:3954} INFO - Setting next_dagrun for latest_only to 2025-08-09 12:00:00+00:00, run_after=2025-08-09 16:00:00+00:00
[2025-08-09T18:32:39.731+0000] {processor.py:183} INFO - Processing /home/airflow/.local/lib/python3.12/site-packages/airflow/example_dags/example_latest_only.py took 0.107 seconds
[2025-08-09T18:33:10.580+0000] {processor.py:161} INFO - Started process (PID=769) to work on /home/airflow/.local/lib/python3.12/site-packages/airflow/example_dags/example_latest_only.py
[2025-08-09T18:33:10.582+0000] {processor.py:830} INFO - Processing file /home/airflow/.local/lib/python3.12/site-packages/airflow/example_dags/example_latest_only.py for tasks to queue
[2025-08-09T18:33:10.584+0000] {logging_mixin.py:188} INFO - [2025-08-09T18:33:10.584+0000] {dagbag.py:540} INFO - Filling up the DagBag from /home/airflow/.local/lib/python3.12/site-packages/airflow/example_dags/example_latest_only.py
[2025-08-09T18:33:10.590+0000] {processor.py:840} INFO - DAG(s) 'latest_only' retrieved from /home/airflow/.local/lib/python3.12/site-packages/airflow/example_dags/example_latest_only.py
[2025-08-09T18:33:10.617+0000] {logging_mixin.py:188} INFO - [2025-08-09T18:33:10.616+0000] {dag.py:3096} INFO - Sync 1 DAGs
[2025-08-09T18:33:10.649+0000] {logging_mixin.py:188} INFO - [2025-08-09T18:33:10.649+0000] {dag.py:3954} INFO - Setting next_dagrun for latest_only to 2025-08-09 12:00:00+00:00, run_after=2025-08-09 16:00:00+00:00
[2025-08-09T18:33:10.677+0000] {processor.py:183} INFO - Processing /home/airflow/.local/lib/python3.12/site-packages/airflow/example_dags/example_latest_only.py took 0.107 seconds
[2025-08-09T18:33:41.055+0000] {processor.py:161} INFO - Started process (PID=828) to work on /home/airflow/.local/lib/python3.12/site-packages/airflow/example_dags/example_latest_only.py
[2025-08-09T18:33:41.056+0000] {processor.py:830} INFO - Processing file /home/airflow/.local/lib/python3.12/site-packages/airflow/example_dags/example_latest_only.py for tasks to queue
[2025-08-09T18:33:41.058+0000] {logging_mixin.py:188} INFO - [2025-08-09T18:33:41.058+0000] {dagbag.py:540} INFO - Filling up the DagBag from /home/airflow/.local/lib/python3.12/site-packages/airflow/example_dags/example_latest_only.py
[2025-08-09T18:33:41.064+0000] {processor.py:840} INFO - DAG(s) 'latest_only' retrieved from /home/airflow/.local/lib/python3.12/site-packages/airflow/example_dags/example_latest_only.py
[2025-08-09T18:33:41.093+0000] {logging_mixin.py:188} INFO - [2025-08-09T18:33:41.092+0000] {dag.py:3096} INFO - Sync 1 DAGs
[2025-08-09T18:33:41.126+0000] {logging_mixin.py:188} INFO - [2025-08-09T18:33:41.126+0000] {dag.py:3954} INFO - Setting next_dagrun for latest_only to 2025-08-09 12:00:00+00:00, run_after=2025-08-09 16:00:00+00:00
[2025-08-09T18:33:41.158+0000] {processor.py:183} INFO - Processing /home/airflow/.local/lib/python3.12/site-packages/airflow/example_dags/example_latest_only.py took 0.111 seconds
[2025-08-09T18:34:11.975+0000] {processor.py:161} INFO - Started process (PID=888) to work on /home/airflow/.local/lib/python3.12/site-packages/airflow/example_dags/example_latest_only.py
[2025-08-09T18:34:11.976+0000] {processor.py:830} INFO - Processing file /home/airflow/.local/lib/python3.12/site-packages/airflow/example_dags/example_latest_only.py for tasks to queue
[2025-08-09T18:34:11.981+0000] {logging_mixin.py:188} INFO - [2025-08-09T18:34:11.979+0000] {dagbag.py:540} INFO - Filling up the DagBag from /home/airflow/.local/lib/python3.12/site-packages/airflow/example_dags/example_latest_only.py
[2025-08-09T18:34:11.991+0000] {processor.py:840} INFO - DAG(s) 'latest_only' retrieved from /home/airflow/.local/lib/python3.12/site-packages/airflow/example_dags/example_latest_only.py
[2025-08-09T18:34:12.025+0000] {logging_mixin.py:188} INFO - [2025-08-09T18:34:12.025+0000] {dag.py:3096} INFO - Sync 1 DAGs
[2025-08-09T18:34:12.057+0000] {logging_mixin.py:188} INFO - [2025-08-09T18:34:12.057+0000] {dag.py:3954} INFO - Setting next_dagrun for latest_only to 2025-08-09 12:00:00+00:00, run_after=2025-08-09 16:00:00+00:00
[2025-08-09T18:34:12.093+0000] {processor.py:183} INFO - Processing /home/airflow/.local/lib/python3.12/site-packages/airflow/example_dags/example_latest_only.py took 0.132 seconds
[2025-08-09T18:34:43.405+0000] {processor.py:161} INFO - Started process (PID=947) to work on /home/airflow/.local/lib/python3.12/site-packages/airflow/example_dags/example_latest_only.py
[2025-08-09T18:34:43.407+0000] {processor.py:830} INFO - Processing file /home/airflow/.local/lib/python3.12/site-packages/airflow/example_dags/example_latest_only.py for tasks to queue
[2025-08-09T18:34:43.413+0000] {logging_mixin.py:188} INFO - [2025-08-09T18:34:43.412+0000] {dagbag.py:540} INFO - Filling up the DagBag from /home/airflow/.local/lib/python3.12/site-packages/airflow/example_dags/example_latest_only.py
[2025-08-09T18:34:43.424+0000] {processor.py:840} INFO - DAG(s) 'latest_only' retrieved from /home/airflow/.local/lib/python3.12/site-packages/airflow/example_dags/example_latest_only.py
[2025-08-09T18:34:43.717+0000] {logging_mixin.py:188} INFO - [2025-08-09T18:34:43.717+0000] {dag.py:3096} INFO - Sync 1 DAGs
[2025-08-09T18:34:43.762+0000] {logging_mixin.py:188} INFO - [2025-08-09T18:34:43.761+0000] {dag.py:3954} INFO - Setting next_dagrun for latest_only to 2025-08-09 12:00:00+00:00, run_after=2025-08-09 16:00:00+00:00
[2025-08-09T18:34:43.807+0000] {processor.py:183} INFO - Processing /home/airflow/.local/lib/python3.12/site-packages/airflow/example_dags/example_latest_only.py took 0.414 seconds
[2025-08-09T18:35:14.342+0000] {processor.py:161} INFO - Started process (PID=1006) to work on /home/airflow/.local/lib/python3.12/site-packages/airflow/example_dags/example_latest_only.py
[2025-08-09T18:35:14.344+0000] {processor.py:830} INFO - Processing file /home/airflow/.local/lib/python3.12/site-packages/airflow/example_dags/example_latest_only.py for tasks to queue
[2025-08-09T18:35:14.347+0000] {logging_mixin.py:188} INFO - [2025-08-09T18:35:14.346+0000] {dagbag.py:540} INFO - Filling up the DagBag from /home/airflow/.local/lib/python3.12/site-packages/airflow/example_dags/example_latest_only.py
[2025-08-09T18:35:14.352+0000] {processor.py:840} INFO - DAG(s) 'latest_only' retrieved from /home/airflow/.local/lib/python3.12/site-packages/airflow/example_dags/example_latest_only.py
[2025-08-09T18:35:14.386+0000] {logging_mixin.py:188} INFO - [2025-08-09T18:35:14.386+0000] {dag.py:3096} INFO - Sync 1 DAGs
[2025-08-09T18:35:14.655+0000] {logging_mixin.py:188} INFO - [2025-08-09T18:35:14.655+0000] {dag.py:3954} INFO - Setting next_dagrun for latest_only to 2025-08-09 12:00:00+00:00, run_after=2025-08-09 16:00:00+00:00
[2025-08-09T18:35:14.684+0000] {processor.py:183} INFO - Processing /home/airflow/.local/lib/python3.12/site-packages/airflow/example_dags/example_latest_only.py took 0.352 seconds
[2025-08-09T18:35:45.391+0000] {processor.py:161} INFO - Started process (PID=1065) to work on /home/airflow/.local/lib/python3.12/site-packages/airflow/example_dags/example_latest_only.py
[2025-08-09T18:35:45.392+0000] {processor.py:830} INFO - Processing file /home/airflow/.local/lib/python3.12/site-packages/airflow/example_dags/example_latest_only.py for tasks to queue
[2025-08-09T18:35:45.395+0000] {logging_mixin.py:188} INFO - [2025-08-09T18:35:45.394+0000] {dagbag.py:540} INFO - Filling up the DagBag from /home/airflow/.local/lib/python3.12/site-packages/airflow/example_dags/example_latest_only.py
[2025-08-09T18:35:45.401+0000] {processor.py:840} INFO - DAG(s) 'latest_only' retrieved from /home/airflow/.local/lib/python3.12/site-packages/airflow/example_dags/example_latest_only.py
[2025-08-09T18:35:45.425+0000] {logging_mixin.py:188} INFO - [2025-08-09T18:35:45.425+0000] {dag.py:3096} INFO - Sync 1 DAGs
[2025-08-09T18:35:45.462+0000] {logging_mixin.py:188} INFO - [2025-08-09T18:35:45.462+0000] {dag.py:3954} INFO - Setting next_dagrun for latest_only to 2025-08-09 12:00:00+00:00, run_after=2025-08-09 16:00:00+00:00
[2025-08-09T18:35:45.491+0000] {processor.py:183} INFO - Processing /home/airflow/.local/lib/python3.12/site-packages/airflow/example_dags/example_latest_only.py took 0.107 seconds
[2025-08-09T18:36:15.751+0000] {processor.py:161} INFO - Started process (PID=1124) to work on /home/airflow/.local/lib/python3.12/site-packages/airflow/example_dags/example_latest_only.py
[2025-08-09T18:36:15.753+0000] {processor.py:830} INFO - Processing file /home/airflow/.local/lib/python3.12/site-packages/airflow/example_dags/example_latest_only.py for tasks to queue
[2025-08-09T18:36:15.755+0000] {logging_mixin.py:188} INFO - [2025-08-09T18:36:15.754+0000] {dagbag.py:540} INFO - Filling up the DagBag from /home/airflow/.local/lib/python3.12/site-packages/airflow/example_dags/example_latest_only.py
[2025-08-09T18:36:15.761+0000] {processor.py:840} INFO - DAG(s) 'latest_only' retrieved from /home/airflow/.local/lib/python3.12/site-packages/airflow/example_dags/example_latest_only.py
[2025-08-09T18:36:15.785+0000] {logging_mixin.py:188} INFO - [2025-08-09T18:36:15.785+0000] {dag.py:3096} INFO - Sync 1 DAGs
[2025-08-09T18:36:15.811+0000] {logging_mixin.py:188} INFO - [2025-08-09T18:36:15.810+0000] {dag.py:3954} INFO - Setting next_dagrun for latest_only to 2025-08-09 12:00:00+00:00, run_after=2025-08-09 16:00:00+00:00
[2025-08-09T18:36:15.843+0000] {processor.py:183} INFO - Processing /home/airflow/.local/lib/python3.12/site-packages/airflow/example_dags/example_latest_only.py took 0.098 seconds
[2025-08-09T18:36:46.345+0000] {processor.py:161} INFO - Started process (PID=1183) to work on /home/airflow/.local/lib/python3.12/site-packages/airflow/example_dags/example_latest_only.py
[2025-08-09T18:36:46.346+0000] {processor.py:830} INFO - Processing file /home/airflow/.local/lib/python3.12/site-packages/airflow/example_dags/example_latest_only.py for tasks to queue
[2025-08-09T18:36:46.349+0000] {logging_mixin.py:188} INFO - [2025-08-09T18:36:46.349+0000] {dagbag.py:540} INFO - Filling up the DagBag from /home/airflow/.local/lib/python3.12/site-packages/airflow/example_dags/example_latest_only.py
[2025-08-09T18:36:46.359+0000] {processor.py:840} INFO - DAG(s) 'latest_only' retrieved from /home/airflow/.local/lib/python3.12/site-packages/airflow/example_dags/example_latest_only.py
[2025-08-09T18:36:46.385+0000] {logging_mixin.py:188} INFO - [2025-08-09T18:36:46.385+0000] {dag.py:3096} INFO - Sync 1 DAGs
[2025-08-09T18:36:46.412+0000] {logging_mixin.py:188} INFO - [2025-08-09T18:36:46.412+0000] {dag.py:3954} INFO - Setting next_dagrun for latest_only to 2025-08-09 12:00:00+00:00, run_after=2025-08-09 16:00:00+00:00
[2025-08-09T18:36:46.448+0000] {processor.py:183} INFO - Processing /home/airflow/.local/lib/python3.12/site-packages/airflow/example_dags/example_latest_only.py took 0.111 seconds
[2025-08-09T18:37:16.687+0000] {processor.py:161} INFO - Started process (PID=1242) to work on /home/airflow/.local/lib/python3.12/site-packages/airflow/example_dags/example_latest_only.py
[2025-08-09T18:37:16.688+0000] {processor.py:830} INFO - Processing file /home/airflow/.local/lib/python3.12/site-packages/airflow/example_dags/example_latest_only.py for tasks to queue
[2025-08-09T18:37:16.692+0000] {logging_mixin.py:188} INFO - [2025-08-09T18:37:16.691+0000] {dagbag.py:540} INFO - Filling up the DagBag from /home/airflow/.local/lib/python3.12/site-packages/airflow/example_dags/example_latest_only.py
[2025-08-09T18:37:16.699+0000] {processor.py:840} INFO - DAG(s) 'latest_only' retrieved from /home/airflow/.local/lib/python3.12/site-packages/airflow/example_dags/example_latest_only.py
[2025-08-09T18:37:16.731+0000] {logging_mixin.py:188} INFO - [2025-08-09T18:37:16.730+0000] {dag.py:3096} INFO - Sync 1 DAGs
[2025-08-09T18:37:16.778+0000] {logging_mixin.py:188} INFO - [2025-08-09T18:37:16.778+0000] {dag.py:3954} INFO - Setting next_dagrun for latest_only to 2025-08-09 12:00:00+00:00, run_after=2025-08-09 16:00:00+00:00
[2025-08-09T18:37:16.810+0000] {processor.py:183} INFO - Processing /home/airflow/.local/lib/python3.12/site-packages/airflow/example_dags/example_latest_only.py took 0.133 seconds
[2025-08-09T18:37:47.080+0000] {processor.py:161} INFO - Started process (PID=1301) to work on /home/airflow/.local/lib/python3.12/site-packages/airflow/example_dags/example_latest_only.py
[2025-08-09T18:37:47.081+0000] {processor.py:830} INFO - Processing file /home/airflow/.local/lib/python3.12/site-packages/airflow/example_dags/example_latest_only.py for tasks to queue
[2025-08-09T18:37:47.084+0000] {logging_mixin.py:188} INFO - [2025-08-09T18:37:47.083+0000] {dagbag.py:540} INFO - Filling up the DagBag from /home/airflow/.local/lib/python3.12/site-packages/airflow/example_dags/example_latest_only.py
[2025-08-09T18:37:47.090+0000] {processor.py:840} INFO - DAG(s) 'latest_only' retrieved from /home/airflow/.local/lib/python3.12/site-packages/airflow/example_dags/example_latest_only.py
[2025-08-09T18:37:47.120+0000] {logging_mixin.py:188} INFO - [2025-08-09T18:37:47.119+0000] {dag.py:3096} INFO - Sync 1 DAGs
[2025-08-09T18:37:47.151+0000] {logging_mixin.py:188} INFO - [2025-08-09T18:37:47.151+0000] {dag.py:3954} INFO - Setting next_dagrun for latest_only to 2025-08-09 12:00:00+00:00, run_after=2025-08-09 16:00:00+00:00
[2025-08-09T18:37:47.178+0000] {processor.py:183} INFO - Processing /home/airflow/.local/lib/python3.12/site-packages/airflow/example_dags/example_latest_only.py took 0.106 seconds
[2025-08-09T18:38:17.639+0000] {processor.py:161} INFO - Started process (PID=1360) to work on /home/airflow/.local/lib/python3.12/site-packages/airflow/example_dags/example_latest_only.py
[2025-08-09T18:38:17.641+0000] {processor.py:830} INFO - Processing file /home/airflow/.local/lib/python3.12/site-packages/airflow/example_dags/example_latest_only.py for tasks to queue
[2025-08-09T18:38:17.644+0000] {logging_mixin.py:188} INFO - [2025-08-09T18:38:17.643+0000] {dagbag.py:540} INFO - Filling up the DagBag from /home/airflow/.local/lib/python3.12/site-packages/airflow/example_dags/example_latest_only.py
[2025-08-09T18:38:17.650+0000] {processor.py:840} INFO - DAG(s) 'latest_only' retrieved from /home/airflow/.local/lib/python3.12/site-packages/airflow/example_dags/example_latest_only.py
[2025-08-09T18:38:17.674+0000] {logging_mixin.py:188} INFO - [2025-08-09T18:38:17.674+0000] {dag.py:3096} INFO - Sync 1 DAGs
[2025-08-09T18:38:17.701+0000] {logging_mixin.py:188} INFO - [2025-08-09T18:38:17.701+0000] {dag.py:3954} INFO - Setting next_dagrun for latest_only to 2025-08-09 12:00:00+00:00, run_after=2025-08-09 16:00:00+00:00
[2025-08-09T18:38:17.736+0000] {processor.py:183} INFO - Processing /home/airflow/.local/lib/python3.12/site-packages/airflow/example_dags/example_latest_only.py took 0.105 seconds
[2025-08-09T18:38:48.314+0000] {processor.py:161} INFO - Started process (PID=1419) to work on /home/airflow/.local/lib/python3.12/site-packages/airflow/example_dags/example_latest_only.py
[2025-08-09T18:38:48.315+0000] {processor.py:830} INFO - Processing file /home/airflow/.local/lib/python3.12/site-packages/airflow/example_dags/example_latest_only.py for tasks to queue
[2025-08-09T18:38:48.319+0000] {logging_mixin.py:188} INFO - [2025-08-09T18:38:48.318+0000] {dagbag.py:540} INFO - Filling up the DagBag from /home/airflow/.local/lib/python3.12/site-packages/airflow/example_dags/example_latest_only.py
[2025-08-09T18:38:48.327+0000] {processor.py:840} INFO - DAG(s) 'latest_only' retrieved from /home/airflow/.local/lib/python3.12/site-packages/airflow/example_dags/example_latest_only.py
[2025-08-09T18:38:48.366+0000] {logging_mixin.py:188} INFO - [2025-08-09T18:38:48.365+0000] {dag.py:3096} INFO - Sync 1 DAGs
[2025-08-09T18:38:48.407+0000] {logging_mixin.py:188} INFO - [2025-08-09T18:38:48.407+0000] {dag.py:3954} INFO - Setting next_dagrun for latest_only to 2025-08-09 12:00:00+00:00, run_after=2025-08-09 16:00:00+00:00
[2025-08-09T18:38:48.448+0000] {processor.py:183} INFO - Processing /home/airflow/.local/lib/python3.12/site-packages/airflow/example_dags/example_latest_only.py took 0.143 seconds
[2025-08-09T18:39:19.073+0000] {processor.py:161} INFO - Started process (PID=1478) to work on /home/airflow/.local/lib/python3.12/site-packages/airflow/example_dags/example_latest_only.py
[2025-08-09T18:39:19.075+0000] {processor.py:830} INFO - Processing file /home/airflow/.local/lib/python3.12/site-packages/airflow/example_dags/example_latest_only.py for tasks to queue
[2025-08-09T18:39:19.079+0000] {logging_mixin.py:188} INFO - [2025-08-09T18:39:19.078+0000] {dagbag.py:540} INFO - Filling up the DagBag from /home/airflow/.local/lib/python3.12/site-packages/airflow/example_dags/example_latest_only.py
[2025-08-09T18:39:19.087+0000] {processor.py:840} INFO - DAG(s) 'latest_only' retrieved from /home/airflow/.local/lib/python3.12/site-packages/airflow/example_dags/example_latest_only.py
[2025-08-09T18:39:19.120+0000] {logging_mixin.py:188} INFO - [2025-08-09T18:39:19.119+0000] {dag.py:3096} INFO - Sync 1 DAGs
[2025-08-09T18:39:19.163+0000] {logging_mixin.py:188} INFO - [2025-08-09T18:39:19.162+0000] {dag.py:3954} INFO - Setting next_dagrun for latest_only to 2025-08-09 12:00:00+00:00, run_after=2025-08-09 16:00:00+00:00
[2025-08-09T18:39:19.186+0000] {processor.py:183} INFO - Processing /home/airflow/.local/lib/python3.12/site-packages/airflow/example_dags/example_latest_only.py took 0.126 seconds
[2025-08-09T18:39:49.462+0000] {processor.py:161} INFO - Started process (PID=1537) to work on /home/airflow/.local/lib/python3.12/site-packages/airflow/example_dags/example_latest_only.py
[2025-08-09T18:39:49.464+0000] {processor.py:830} INFO - Processing file /home/airflow/.local/lib/python3.12/site-packages/airflow/example_dags/example_latest_only.py for tasks to queue
[2025-08-09T18:39:49.468+0000] {logging_mixin.py:188} INFO - [2025-08-09T18:39:49.467+0000] {dagbag.py:540} INFO - Filling up the DagBag from /home/airflow/.local/lib/python3.12/site-packages/airflow/example_dags/example_latest_only.py
[2025-08-09T18:39:49.481+0000] {processor.py:840} INFO - DAG(s) 'latest_only' retrieved from /home/airflow/.local/lib/python3.12/site-packages/airflow/example_dags/example_latest_only.py
[2025-08-09T18:39:49.528+0000] {logging_mixin.py:188} INFO - [2025-08-09T18:39:49.528+0000] {dag.py:3096} INFO - Sync 1 DAGs
[2025-08-09T18:39:49.573+0000] {logging_mixin.py:188} INFO - [2025-08-09T18:39:49.572+0000] {dag.py:3954} INFO - Setting next_dagrun for latest_only to 2025-08-09 12:00:00+00:00, run_after=2025-08-09 16:00:00+00:00
[2025-08-09T18:39:49.631+0000] {processor.py:183} INFO - Processing /home/airflow/.local/lib/python3.12/site-packages/airflow/example_dags/example_latest_only.py took 0.181 seconds
[2025-08-09T18:40:20.126+0000] {processor.py:161} INFO - Started process (PID=1596) to work on /home/airflow/.local/lib/python3.12/site-packages/airflow/example_dags/example_latest_only.py
[2025-08-09T18:40:20.131+0000] {processor.py:830} INFO - Processing file /home/airflow/.local/lib/python3.12/site-packages/airflow/example_dags/example_latest_only.py for tasks to queue
[2025-08-09T18:40:20.136+0000] {logging_mixin.py:188} INFO - [2025-08-09T18:40:20.135+0000] {dagbag.py:540} INFO - Filling up the DagBag from /home/airflow/.local/lib/python3.12/site-packages/airflow/example_dags/example_latest_only.py
[2025-08-09T18:40:20.160+0000] {processor.py:840} INFO - DAG(s) 'latest_only' retrieved from /home/airflow/.local/lib/python3.12/site-packages/airflow/example_dags/example_latest_only.py
[2025-08-09T18:40:20.214+0000] {logging_mixin.py:188} INFO - [2025-08-09T18:40:20.214+0000] {dag.py:3096} INFO - Sync 1 DAGs
[2025-08-09T18:40:20.247+0000] {logging_mixin.py:188} INFO - [2025-08-09T18:40:20.246+0000] {dag.py:3954} INFO - Setting next_dagrun for latest_only to 2025-08-09 12:00:00+00:00, run_after=2025-08-09 16:00:00+00:00
[2025-08-09T18:40:20.273+0000] {processor.py:183} INFO - Processing /home/airflow/.local/lib/python3.12/site-packages/airflow/example_dags/example_latest_only.py took 0.166 seconds
[2025-08-09T18:40:50.804+0000] {processor.py:161} INFO - Started process (PID=1655) to work on /home/airflow/.local/lib/python3.12/site-packages/airflow/example_dags/example_latest_only.py
[2025-08-09T18:40:50.806+0000] {processor.py:830} INFO - Processing file /home/airflow/.local/lib/python3.12/site-packages/airflow/example_dags/example_latest_only.py for tasks to queue
[2025-08-09T18:40:50.809+0000] {logging_mixin.py:188} INFO - [2025-08-09T18:40:50.809+0000] {dagbag.py:540} INFO - Filling up the DagBag from /home/airflow/.local/lib/python3.12/site-packages/airflow/example_dags/example_latest_only.py
[2025-08-09T18:40:50.817+0000] {processor.py:840} INFO - DAG(s) 'latest_only' retrieved from /home/airflow/.local/lib/python3.12/site-packages/airflow/example_dags/example_latest_only.py
[2025-08-09T18:40:50.851+0000] {logging_mixin.py:188} INFO - [2025-08-09T18:40:50.851+0000] {dag.py:3096} INFO - Sync 1 DAGs
[2025-08-09T18:40:50.901+0000] {logging_mixin.py:188} INFO - [2025-08-09T18:40:50.901+0000] {dag.py:3954} INFO - Setting next_dagrun for latest_only to 2025-08-09 12:00:00+00:00, run_after=2025-08-09 16:00:00+00:00
[2025-08-09T18:40:50.948+0000] {processor.py:183} INFO - Processing /home/airflow/.local/lib/python3.12/site-packages/airflow/example_dags/example_latest_only.py took 0.152 seconds
[2025-08-09T18:41:21.193+0000] {processor.py:161} INFO - Started process (PID=1715) to work on /home/airflow/.local/lib/python3.12/site-packages/airflow/example_dags/example_latest_only.py
[2025-08-09T18:41:21.195+0000] {processor.py:830} INFO - Processing file /home/airflow/.local/lib/python3.12/site-packages/airflow/example_dags/example_latest_only.py for tasks to queue
[2025-08-09T18:41:21.197+0000] {logging_mixin.py:188} INFO - [2025-08-09T18:41:21.196+0000] {dagbag.py:540} INFO - Filling up the DagBag from /home/airflow/.local/lib/python3.12/site-packages/airflow/example_dags/example_latest_only.py
[2025-08-09T18:41:21.203+0000] {processor.py:840} INFO - DAG(s) 'latest_only' retrieved from /home/airflow/.local/lib/python3.12/site-packages/airflow/example_dags/example_latest_only.py
[2025-08-09T18:41:21.228+0000] {logging_mixin.py:188} INFO - [2025-08-09T18:41:21.228+0000] {dag.py:3096} INFO - Sync 1 DAGs
[2025-08-09T18:41:21.264+0000] {logging_mixin.py:188} INFO - [2025-08-09T18:41:21.263+0000] {dag.py:3954} INFO - Setting next_dagrun for latest_only to 2025-08-09 12:00:00+00:00, run_after=2025-08-09 16:00:00+00:00
[2025-08-09T18:41:21.302+0000] {processor.py:183} INFO - Processing /home/airflow/.local/lib/python3.12/site-packages/airflow/example_dags/example_latest_only.py took 0.116 seconds
[2025-08-09T18:41:51.570+0000] {processor.py:161} INFO - Started process (PID=1774) to work on /home/airflow/.local/lib/python3.12/site-packages/airflow/example_dags/example_latest_only.py
[2025-08-09T18:41:51.572+0000] {processor.py:830} INFO - Processing file /home/airflow/.local/lib/python3.12/site-packages/airflow/example_dags/example_latest_only.py for tasks to queue
[2025-08-09T18:41:51.576+0000] {logging_mixin.py:188} INFO - [2025-08-09T18:41:51.575+0000] {dagbag.py:540} INFO - Filling up the DagBag from /home/airflow/.local/lib/python3.12/site-packages/airflow/example_dags/example_latest_only.py
[2025-08-09T18:41:51.583+0000] {processor.py:840} INFO - DAG(s) 'latest_only' retrieved from /home/airflow/.local/lib/python3.12/site-packages/airflow/example_dags/example_latest_only.py
[2025-08-09T18:41:51.622+0000] {logging_mixin.py:188} INFO - [2025-08-09T18:41:51.622+0000] {dag.py:3096} INFO - Sync 1 DAGs
[2025-08-09T18:41:51.670+0000] {logging_mixin.py:188} INFO - [2025-08-09T18:41:51.669+0000] {dag.py:3954} INFO - Setting next_dagrun for latest_only to 2025-08-09 12:00:00+00:00, run_after=2025-08-09 16:00:00+00:00
[2025-08-09T18:41:51.722+0000] {processor.py:183} INFO - Processing /home/airflow/.local/lib/python3.12/site-packages/airflow/example_dags/example_latest_only.py took 0.164 seconds
[2025-08-09T18:42:22.033+0000] {processor.py:161} INFO - Started process (PID=1833) to work on /home/airflow/.local/lib/python3.12/site-packages/airflow/example_dags/example_latest_only.py
[2025-08-09T18:42:22.034+0000] {processor.py:830} INFO - Processing file /home/airflow/.local/lib/python3.12/site-packages/airflow/example_dags/example_latest_only.py for tasks to queue
[2025-08-09T18:42:22.038+0000] {logging_mixin.py:188} INFO - [2025-08-09T18:42:22.037+0000] {dagbag.py:540} INFO - Filling up the DagBag from /home/airflow/.local/lib/python3.12/site-packages/airflow/example_dags/example_latest_only.py
[2025-08-09T18:42:22.044+0000] {processor.py:840} INFO - DAG(s) 'latest_only' retrieved from /home/airflow/.local/lib/python3.12/site-packages/airflow/example_dags/example_latest_only.py
[2025-08-09T18:42:22.071+0000] {logging_mixin.py:188} INFO - [2025-08-09T18:42:22.071+0000] {dag.py:3096} INFO - Sync 1 DAGs
[2025-08-09T18:42:22.101+0000] {logging_mixin.py:188} INFO - [2025-08-09T18:42:22.101+0000] {dag.py:3954} INFO - Setting next_dagrun for latest_only to 2025-08-09 12:00:00+00:00, run_after=2025-08-09 16:00:00+00:00
[2025-08-09T18:42:22.128+0000] {processor.py:183} INFO - Processing /home/airflow/.local/lib/python3.12/site-packages/airflow/example_dags/example_latest_only.py took 0.102 seconds
[2025-08-09T18:42:52.435+0000] {processor.py:161} INFO - Started process (PID=1892) to work on /home/airflow/.local/lib/python3.12/site-packages/airflow/example_dags/example_latest_only.py
[2025-08-09T18:42:52.436+0000] {processor.py:830} INFO - Processing file /home/airflow/.local/lib/python3.12/site-packages/airflow/example_dags/example_latest_only.py for tasks to queue
[2025-08-09T18:42:52.440+0000] {logging_mixin.py:188} INFO - [2025-08-09T18:42:52.439+0000] {dagbag.py:540} INFO - Filling up the DagBag from /home/airflow/.local/lib/python3.12/site-packages/airflow/example_dags/example_latest_only.py
[2025-08-09T18:42:52.446+0000] {processor.py:840} INFO - DAG(s) 'latest_only' retrieved from /home/airflow/.local/lib/python3.12/site-packages/airflow/example_dags/example_latest_only.py
[2025-08-09T18:42:52.487+0000] {logging_mixin.py:188} INFO - [2025-08-09T18:42:52.487+0000] {dag.py:3096} INFO - Sync 1 DAGs
[2025-08-09T18:42:52.539+0000] {logging_mixin.py:188} INFO - [2025-08-09T18:42:52.538+0000] {dag.py:3954} INFO - Setting next_dagrun for latest_only to 2025-08-09 12:00:00+00:00, run_after=2025-08-09 16:00:00+00:00
[2025-08-09T18:42:52.579+0000] {processor.py:183} INFO - Processing /home/airflow/.local/lib/python3.12/site-packages/airflow/example_dags/example_latest_only.py took 0.158 seconds
[2025-08-09T18:43:23.479+0000] {processor.py:161} INFO - Started process (PID=1951) to work on /home/airflow/.local/lib/python3.12/site-packages/airflow/example_dags/example_latest_only.py
[2025-08-09T18:43:23.480+0000] {processor.py:830} INFO - Processing file /home/airflow/.local/lib/python3.12/site-packages/airflow/example_dags/example_latest_only.py for tasks to queue
[2025-08-09T18:43:23.482+0000] {logging_mixin.py:188} INFO - [2025-08-09T18:43:23.482+0000] {dagbag.py:540} INFO - Filling up the DagBag from /home/airflow/.local/lib/python3.12/site-packages/airflow/example_dags/example_latest_only.py
[2025-08-09T18:43:23.488+0000] {processor.py:840} INFO - DAG(s) 'latest_only' retrieved from /home/airflow/.local/lib/python3.12/site-packages/airflow/example_dags/example_latest_only.py
[2025-08-09T18:43:23.520+0000] {logging_mixin.py:188} INFO - [2025-08-09T18:43:23.519+0000] {dag.py:3096} INFO - Sync 1 DAGs
[2025-08-09T18:43:23.548+0000] {logging_mixin.py:188} INFO - [2025-08-09T18:43:23.548+0000] {dag.py:3954} INFO - Setting next_dagrun for latest_only to 2025-08-09 12:00:00+00:00, run_after=2025-08-09 16:00:00+00:00
[2025-08-09T18:43:23.573+0000] {processor.py:183} INFO - Processing /home/airflow/.local/lib/python3.12/site-packages/airflow/example_dags/example_latest_only.py took 0.102 seconds
[2025-08-09T18:43:54.119+0000] {processor.py:161} INFO - Started process (PID=2010) to work on /home/airflow/.local/lib/python3.12/site-packages/airflow/example_dags/example_latest_only.py
[2025-08-09T18:43:54.120+0000] {processor.py:830} INFO - Processing file /home/airflow/.local/lib/python3.12/site-packages/airflow/example_dags/example_latest_only.py for tasks to queue
[2025-08-09T18:43:54.124+0000] {logging_mixin.py:188} INFO - [2025-08-09T18:43:54.123+0000] {dagbag.py:540} INFO - Filling up the DagBag from /home/airflow/.local/lib/python3.12/site-packages/airflow/example_dags/example_latest_only.py
[2025-08-09T18:43:54.131+0000] {processor.py:840} INFO - DAG(s) 'latest_only' retrieved from /home/airflow/.local/lib/python3.12/site-packages/airflow/example_dags/example_latest_only.py
[2025-08-09T18:43:54.165+0000] {logging_mixin.py:188} INFO - [2025-08-09T18:43:54.165+0000] {dag.py:3096} INFO - Sync 1 DAGs
[2025-08-09T18:43:54.206+0000] {logging_mixin.py:188} INFO - [2025-08-09T18:43:54.206+0000] {dag.py:3954} INFO - Setting next_dagrun for latest_only to 2025-08-09 12:00:00+00:00, run_after=2025-08-09 16:00:00+00:00
[2025-08-09T18:43:54.233+0000] {processor.py:183} INFO - Processing /home/airflow/.local/lib/python3.12/site-packages/airflow/example_dags/example_latest_only.py took 0.123 seconds
[2025-08-09T18:44:24.495+0000] {processor.py:161} INFO - Started process (PID=2069) to work on /home/airflow/.local/lib/python3.12/site-packages/airflow/example_dags/example_latest_only.py
[2025-08-09T18:44:24.497+0000] {processor.py:830} INFO - Processing file /home/airflow/.local/lib/python3.12/site-packages/airflow/example_dags/example_latest_only.py for tasks to queue
[2025-08-09T18:44:24.500+0000] {logging_mixin.py:188} INFO - [2025-08-09T18:44:24.499+0000] {dagbag.py:540} INFO - Filling up the DagBag from /home/airflow/.local/lib/python3.12/site-packages/airflow/example_dags/example_latest_only.py
[2025-08-09T18:44:24.507+0000] {processor.py:840} INFO - DAG(s) 'latest_only' retrieved from /home/airflow/.local/lib/python3.12/site-packages/airflow/example_dags/example_latest_only.py
[2025-08-09T18:44:24.540+0000] {logging_mixin.py:188} INFO - [2025-08-09T18:44:24.540+0000] {dag.py:3096} INFO - Sync 1 DAGs
[2025-08-09T18:44:24.574+0000] {logging_mixin.py:188} INFO - [2025-08-09T18:44:24.574+0000] {dag.py:3954} INFO - Setting next_dagrun for latest_only to 2025-08-09 12:00:00+00:00, run_after=2025-08-09 16:00:00+00:00
[2025-08-09T18:44:24.606+0000] {processor.py:183} INFO - Processing /home/airflow/.local/lib/python3.12/site-packages/airflow/example_dags/example_latest_only.py took 0.124 seconds
[2025-08-09T18:44:55.568+0000] {processor.py:161} INFO - Started process (PID=2128) to work on /home/airflow/.local/lib/python3.12/site-packages/airflow/example_dags/example_latest_only.py
[2025-08-09T18:44:55.569+0000] {processor.py:830} INFO - Processing file /home/airflow/.local/lib/python3.12/site-packages/airflow/example_dags/example_latest_only.py for tasks to queue
[2025-08-09T18:44:55.573+0000] {logging_mixin.py:188} INFO - [2025-08-09T18:44:55.572+0000] {dagbag.py:540} INFO - Filling up the DagBag from /home/airflow/.local/lib/python3.12/site-packages/airflow/example_dags/example_latest_only.py
[2025-08-09T18:44:55.581+0000] {processor.py:840} INFO - DAG(s) 'latest_only' retrieved from /home/airflow/.local/lib/python3.12/site-packages/airflow/example_dags/example_latest_only.py
[2025-08-09T18:44:55.609+0000] {logging_mixin.py:188} INFO - [2025-08-09T18:44:55.608+0000] {dag.py:3096} INFO - Sync 1 DAGs
[2025-08-09T18:44:55.640+0000] {logging_mixin.py:188} INFO - [2025-08-09T18:44:55.640+0000] {dag.py:3954} INFO - Setting next_dagrun for latest_only to 2025-08-09 12:00:00+00:00, run_after=2025-08-09 16:00:00+00:00
[2025-08-09T18:44:55.689+0000] {processor.py:183} INFO - Processing /home/airflow/.local/lib/python3.12/site-packages/airflow/example_dags/example_latest_only.py took 0.129 seconds
