[2025-08-09T18:22:00.213+0000] {processor.py:161} INFO - Started process (PID=100) to work on /home/airflow/.local/lib/python3.12/site-packages/airflow/example_dags/example_display_name.py
[2025-08-09T18:22:00.217+0000] {processor.py:830} INFO - Processing file /home/airflow/.local/lib/python3.12/site-packages/airflow/example_dags/example_display_name.py for tasks to queue
[2025-08-09T18:22:00.221+0000] {logging_mixin.py:188} INFO - [2025-08-09T18:22:00.221+0000] {dagbag.py:540} INFO - Filling up the DagBag from /home/airflow/.local/lib/python3.12/site-packages/airflow/example_dags/example_display_name.py
[2025-08-09T18:22:00.235+0000] {processor.py:840} INFO - DAG(s) 'example_display_name' retrieved from /home/airflow/.local/lib/python3.12/site-packages/airflow/example_dags/example_display_name.py
[2025-08-09T18:22:00.628+0000] {logging_mixin.py:188} INFO - [2025-08-09T18:22:00.627+0000] {dag.py:3096} INFO - Sync 1 DAGs
[2025-08-09T18:22:00.674+0000] {logging_mixin.py:188} INFO - [2025-08-09T18:22:00.673+0000] {dag.py:3954} INFO - Setting next_dagrun for example_display_name to None, run_after=None
[2025-08-09T18:22:00.736+0000] {processor.py:183} INFO - Processing /home/airflow/.local/lib/python3.12/site-packages/airflow/example_dags/example_display_name.py took 0.535 seconds
[2025-08-09T18:22:31.354+0000] {processor.py:161} INFO - Started process (PID=159) to work on /home/airflow/.local/lib/python3.12/site-packages/airflow/example_dags/example_display_name.py
[2025-08-09T18:22:31.357+0000] {processor.py:830} INFO - Processing file /home/airflow/.local/lib/python3.12/site-packages/airflow/example_dags/example_display_name.py for tasks to queue
[2025-08-09T18:22:31.360+0000] {logging_mixin.py:188} INFO - [2025-08-09T18:22:31.360+0000] {dagbag.py:540} INFO - Filling up the DagBag from /home/airflow/.local/lib/python3.12/site-packages/airflow/example_dags/example_display_name.py
[2025-08-09T18:22:31.370+0000] {processor.py:840} INFO - DAG(s) 'example_display_name' retrieved from /home/airflow/.local/lib/python3.12/site-packages/airflow/example_dags/example_display_name.py
[2025-08-09T18:22:31.399+0000] {logging_mixin.py:188} INFO - [2025-08-09T18:22:31.399+0000] {dag.py:3096} INFO - Sync 1 DAGs
[2025-08-09T18:22:31.418+0000] {logging_mixin.py:188} INFO - [2025-08-09T18:22:31.418+0000] {dag.py:3954} INFO - Setting next_dagrun for example_display_name to None, run_after=None
[2025-08-09T18:22:31.448+0000] {processor.py:183} INFO - Processing /home/airflow/.local/lib/python3.12/site-packages/airflow/example_dags/example_display_name.py took 0.102 seconds
[2025-08-09T18:23:01.770+0000] {processor.py:161} INFO - Started process (PID=218) to work on /home/airflow/.local/lib/python3.12/site-packages/airflow/example_dags/example_display_name.py
[2025-08-09T18:23:01.771+0000] {processor.py:830} INFO - Processing file /home/airflow/.local/lib/python3.12/site-packages/airflow/example_dags/example_display_name.py for tasks to queue
[2025-08-09T18:23:01.774+0000] {logging_mixin.py:188} INFO - [2025-08-09T18:23:01.774+0000] {dagbag.py:540} INFO - Filling up the DagBag from /home/airflow/.local/lib/python3.12/site-packages/airflow/example_dags/example_display_name.py
[2025-08-09T18:23:01.782+0000] {processor.py:840} INFO - DAG(s) 'example_display_name' retrieved from /home/airflow/.local/lib/python3.12/site-packages/airflow/example_dags/example_display_name.py
[2025-08-09T18:23:01.810+0000] {logging_mixin.py:188} INFO - [2025-08-09T18:23:01.810+0000] {dag.py:3096} INFO - Sync 1 DAGs
[2025-08-09T18:23:01.829+0000] {logging_mixin.py:188} INFO - [2025-08-09T18:23:01.829+0000] {dag.py:3954} INFO - Setting next_dagrun for example_display_name to None, run_after=None
[2025-08-09T18:23:01.871+0000] {processor.py:183} INFO - Processing /home/airflow/.local/lib/python3.12/site-packages/airflow/example_dags/example_display_name.py took 0.109 seconds
[2025-08-09T18:23:32.168+0000] {processor.py:161} INFO - Started process (PID=277) to work on /home/airflow/.local/lib/python3.12/site-packages/airflow/example_dags/example_display_name.py
[2025-08-09T18:23:32.169+0000] {processor.py:830} INFO - Processing file /home/airflow/.local/lib/python3.12/site-packages/airflow/example_dags/example_display_name.py for tasks to queue
[2025-08-09T18:23:32.173+0000] {logging_mixin.py:188} INFO - [2025-08-09T18:23:32.172+0000] {dagbag.py:540} INFO - Filling up the DagBag from /home/airflow/.local/lib/python3.12/site-packages/airflow/example_dags/example_display_name.py
[2025-08-09T18:23:32.181+0000] {processor.py:840} INFO - DAG(s) 'example_display_name' retrieved from /home/airflow/.local/lib/python3.12/site-packages/airflow/example_dags/example_display_name.py
[2025-08-09T18:23:32.217+0000] {logging_mixin.py:188} INFO - [2025-08-09T18:23:32.217+0000] {dag.py:3096} INFO - Sync 1 DAGs
[2025-08-09T18:23:32.254+0000] {logging_mixin.py:188} INFO - [2025-08-09T18:23:32.253+0000] {dag.py:3954} INFO - Setting next_dagrun for example_display_name to None, run_after=None
[2025-08-09T18:23:32.289+0000] {processor.py:183} INFO - Processing /home/airflow/.local/lib/python3.12/site-packages/airflow/example_dags/example_display_name.py took 0.131 seconds
[2025-08-09T18:24:02.772+0000] {processor.py:161} INFO - Started process (PID=336) to work on /home/airflow/.local/lib/python3.12/site-packages/airflow/example_dags/example_display_name.py
[2025-08-09T18:24:02.773+0000] {processor.py:830} INFO - Processing file /home/airflow/.local/lib/python3.12/site-packages/airflow/example_dags/example_display_name.py for tasks to queue
[2025-08-09T18:24:02.777+0000] {logging_mixin.py:188} INFO - [2025-08-09T18:24:02.776+0000] {dagbag.py:540} INFO - Filling up the DagBag from /home/airflow/.local/lib/python3.12/site-packages/airflow/example_dags/example_display_name.py
[2025-08-09T18:24:02.789+0000] {processor.py:840} INFO - DAG(s) 'example_display_name' retrieved from /home/airflow/.local/lib/python3.12/site-packages/airflow/example_dags/example_display_name.py
[2025-08-09T18:24:02.812+0000] {logging_mixin.py:188} INFO - [2025-08-09T18:24:02.812+0000] {dag.py:3096} INFO - Sync 1 DAGs
[2025-08-09T18:24:02.829+0000] {logging_mixin.py:188} INFO - [2025-08-09T18:24:02.829+0000] {dag.py:3954} INFO - Setting next_dagrun for example_display_name to None, run_after=None
[2025-08-09T18:24:02.857+0000] {processor.py:183} INFO - Processing /home/airflow/.local/lib/python3.12/site-packages/airflow/example_dags/example_display_name.py took 0.098 seconds
[2025-08-09T18:24:33.299+0000] {processor.py:161} INFO - Started process (PID=395) to work on /home/airflow/.local/lib/python3.12/site-packages/airflow/example_dags/example_display_name.py
[2025-08-09T18:24:33.300+0000] {processor.py:830} INFO - Processing file /home/airflow/.local/lib/python3.12/site-packages/airflow/example_dags/example_display_name.py for tasks to queue
[2025-08-09T18:24:33.303+0000] {logging_mixin.py:188} INFO - [2025-08-09T18:24:33.302+0000] {dagbag.py:540} INFO - Filling up the DagBag from /home/airflow/.local/lib/python3.12/site-packages/airflow/example_dags/example_display_name.py
[2025-08-09T18:24:33.309+0000] {processor.py:840} INFO - DAG(s) 'example_display_name' retrieved from /home/airflow/.local/lib/python3.12/site-packages/airflow/example_dags/example_display_name.py
[2025-08-09T18:24:33.333+0000] {logging_mixin.py:188} INFO - [2025-08-09T18:24:33.333+0000] {dag.py:3096} INFO - Sync 1 DAGs
[2025-08-09T18:24:33.348+0000] {logging_mixin.py:188} INFO - [2025-08-09T18:24:33.348+0000] {dag.py:3954} INFO - Setting next_dagrun for example_display_name to None, run_after=None
[2025-08-09T18:24:33.385+0000] {processor.py:183} INFO - Processing /home/airflow/.local/lib/python3.12/site-packages/airflow/example_dags/example_display_name.py took 0.093 seconds
[2025-08-09T18:25:03.835+0000] {processor.py:161} INFO - Started process (PID=454) to work on /home/airflow/.local/lib/python3.12/site-packages/airflow/example_dags/example_display_name.py
[2025-08-09T18:25:03.837+0000] {processor.py:830} INFO - Processing file /home/airflow/.local/lib/python3.12/site-packages/airflow/example_dags/example_display_name.py for tasks to queue
[2025-08-09T18:25:03.841+0000] {logging_mixin.py:188} INFO - [2025-08-09T18:25:03.841+0000] {dagbag.py:540} INFO - Filling up the DagBag from /home/airflow/.local/lib/python3.12/site-packages/airflow/example_dags/example_display_name.py
[2025-08-09T18:25:03.851+0000] {processor.py:840} INFO - DAG(s) 'example_display_name' retrieved from /home/airflow/.local/lib/python3.12/site-packages/airflow/example_dags/example_display_name.py
[2025-08-09T18:25:03.890+0000] {logging_mixin.py:188} INFO - [2025-08-09T18:25:03.888+0000] {dag.py:3096} INFO - Sync 1 DAGs
[2025-08-09T18:25:03.937+0000] {logging_mixin.py:188} INFO - [2025-08-09T18:25:03.936+0000] {dag.py:3954} INFO - Setting next_dagrun for example_display_name to None, run_after=None
[2025-08-09T18:25:04.013+0000] {processor.py:183} INFO - Processing /home/airflow/.local/lib/python3.12/site-packages/airflow/example_dags/example_display_name.py took 0.188 seconds
[2025-08-09T18:25:35.041+0000] {processor.py:161} INFO - Started process (PID=513) to work on /home/airflow/.local/lib/python3.12/site-packages/airflow/example_dags/example_display_name.py
[2025-08-09T18:25:35.044+0000] {processor.py:830} INFO - Processing file /home/airflow/.local/lib/python3.12/site-packages/airflow/example_dags/example_display_name.py for tasks to queue
[2025-08-09T18:25:35.048+0000] {logging_mixin.py:188} INFO - [2025-08-09T18:25:35.048+0000] {dagbag.py:540} INFO - Filling up the DagBag from /home/airflow/.local/lib/python3.12/site-packages/airflow/example_dags/example_display_name.py
[2025-08-09T18:25:35.071+0000] {processor.py:840} INFO - DAG(s) 'example_display_name' retrieved from /home/airflow/.local/lib/python3.12/site-packages/airflow/example_dags/example_display_name.py
[2025-08-09T18:25:35.328+0000] {logging_mixin.py:188} INFO - [2025-08-09T18:25:35.326+0000] {dag.py:3096} INFO - Sync 1 DAGs
[2025-08-09T18:25:35.545+0000] {logging_mixin.py:188} INFO - [2025-08-09T18:25:35.544+0000] {dag.py:3954} INFO - Setting next_dagrun for example_display_name to None, run_after=None
[2025-08-09T18:25:36.953+0000] {logging_mixin.py:188} INFO - [2025-08-09T18:25:36.952+0000] {process_utils.py:263} INFO - Waiting up to 5 seconds for processes to exit...
[2025-08-09T18:27:28.542+0000] {processor.py:161} INFO - Started process (PID=101) to work on /home/airflow/.local/lib/python3.12/site-packages/airflow/example_dags/example_display_name.py
[2025-08-09T18:27:28.544+0000] {processor.py:830} INFO - Processing file /home/airflow/.local/lib/python3.12/site-packages/airflow/example_dags/example_display_name.py for tasks to queue
[2025-08-09T18:27:28.548+0000] {logging_mixin.py:188} INFO - [2025-08-09T18:27:28.547+0000] {dagbag.py:540} INFO - Filling up the DagBag from /home/airflow/.local/lib/python3.12/site-packages/airflow/example_dags/example_display_name.py
[2025-08-09T18:27:28.562+0000] {processor.py:840} INFO - DAG(s) 'example_display_name' retrieved from /home/airflow/.local/lib/python3.12/site-packages/airflow/example_dags/example_display_name.py
[2025-08-09T18:27:28.970+0000] {logging_mixin.py:188} INFO - [2025-08-09T18:27:28.969+0000] {dag.py:3096} INFO - Sync 1 DAGs
[2025-08-09T18:27:29.010+0000] {logging_mixin.py:188} INFO - [2025-08-09T18:27:29.009+0000] {dag.py:3954} INFO - Setting next_dagrun for example_display_name to None, run_after=None
[2025-08-09T18:27:29.058+0000] {processor.py:183} INFO - Processing /home/airflow/.local/lib/python3.12/site-packages/airflow/example_dags/example_display_name.py took 0.530 seconds
[2025-08-09T18:27:59.908+0000] {processor.py:161} INFO - Started process (PID=160) to work on /home/airflow/.local/lib/python3.12/site-packages/airflow/example_dags/example_display_name.py
[2025-08-09T18:27:59.909+0000] {processor.py:830} INFO - Processing file /home/airflow/.local/lib/python3.12/site-packages/airflow/example_dags/example_display_name.py for tasks to queue
[2025-08-09T18:27:59.912+0000] {logging_mixin.py:188} INFO - [2025-08-09T18:27:59.912+0000] {dagbag.py:540} INFO - Filling up the DagBag from /home/airflow/.local/lib/python3.12/site-packages/airflow/example_dags/example_display_name.py
[2025-08-09T18:27:59.933+0000] {processor.py:840} INFO - DAG(s) 'example_display_name' retrieved from /home/airflow/.local/lib/python3.12/site-packages/airflow/example_dags/example_display_name.py
[2025-08-09T18:28:00.129+0000] {logging_mixin.py:188} INFO - [2025-08-09T18:28:00.128+0000] {dag.py:3096} INFO - Sync 1 DAGs
[2025-08-09T18:28:00.204+0000] {logging_mixin.py:188} INFO - [2025-08-09T18:28:00.204+0000] {dag.py:3954} INFO - Setting next_dagrun for example_display_name to None, run_after=None
[2025-08-09T18:28:00.311+0000] {processor.py:183} INFO - Processing /home/airflow/.local/lib/python3.12/site-packages/airflow/example_dags/example_display_name.py took 0.411 seconds
[2025-08-09T18:28:30.370+0000] {processor.py:161} INFO - Started process (PID=219) to work on /home/airflow/.local/lib/python3.12/site-packages/airflow/example_dags/example_display_name.py
[2025-08-09T18:28:30.382+0000] {processor.py:830} INFO - Processing file /home/airflow/.local/lib/python3.12/site-packages/airflow/example_dags/example_display_name.py for tasks to queue
[2025-08-09T18:28:30.386+0000] {logging_mixin.py:188} INFO - [2025-08-09T18:28:30.385+0000] {dagbag.py:540} INFO - Filling up the DagBag from /home/airflow/.local/lib/python3.12/site-packages/airflow/example_dags/example_display_name.py
[2025-08-09T18:28:30.397+0000] {processor.py:840} INFO - DAG(s) 'example_display_name' retrieved from /home/airflow/.local/lib/python3.12/site-packages/airflow/example_dags/example_display_name.py
[2025-08-09T18:28:30.430+0000] {logging_mixin.py:188} INFO - [2025-08-09T18:28:30.430+0000] {dag.py:3096} INFO - Sync 1 DAGs
[2025-08-09T18:28:30.451+0000] {logging_mixin.py:188} INFO - [2025-08-09T18:28:30.451+0000] {dag.py:3954} INFO - Setting next_dagrun for example_display_name to None, run_after=None
[2025-08-09T18:28:30.479+0000] {processor.py:183} INFO - Processing /home/airflow/.local/lib/python3.12/site-packages/airflow/example_dags/example_display_name.py took 0.121 seconds
[2025-08-09T18:29:00.836+0000] {processor.py:161} INFO - Started process (PID=279) to work on /home/airflow/.local/lib/python3.12/site-packages/airflow/example_dags/example_display_name.py
[2025-08-09T18:29:00.840+0000] {processor.py:830} INFO - Processing file /home/airflow/.local/lib/python3.12/site-packages/airflow/example_dags/example_display_name.py for tasks to queue
[2025-08-09T18:29:00.853+0000] {logging_mixin.py:188} INFO - [2025-08-09T18:29:00.852+0000] {dagbag.py:540} INFO - Filling up the DagBag from /home/airflow/.local/lib/python3.12/site-packages/airflow/example_dags/example_display_name.py
[2025-08-09T18:29:00.876+0000] {processor.py:840} INFO - DAG(s) 'example_display_name' retrieved from /home/airflow/.local/lib/python3.12/site-packages/airflow/example_dags/example_display_name.py
[2025-08-09T18:29:00.934+0000] {logging_mixin.py:188} INFO - [2025-08-09T18:29:00.933+0000] {dag.py:3096} INFO - Sync 1 DAGs
[2025-08-09T18:29:00.972+0000] {logging_mixin.py:188} INFO - [2025-08-09T18:29:00.971+0000] {dag.py:3954} INFO - Setting next_dagrun for example_display_name to None, run_after=None
[2025-08-09T18:29:01.050+0000] {processor.py:183} INFO - Processing /home/airflow/.local/lib/python3.12/site-packages/airflow/example_dags/example_display_name.py took 0.232 seconds
[2025-08-09T18:29:31.595+0000] {processor.py:161} INFO - Started process (PID=338) to work on /home/airflow/.local/lib/python3.12/site-packages/airflow/example_dags/example_display_name.py
[2025-08-09T18:29:31.612+0000] {processor.py:830} INFO - Processing file /home/airflow/.local/lib/python3.12/site-packages/airflow/example_dags/example_display_name.py for tasks to queue
[2025-08-09T18:29:31.628+0000] {logging_mixin.py:188} INFO - [2025-08-09T18:29:31.626+0000] {dagbag.py:540} INFO - Filling up the DagBag from /home/airflow/.local/lib/python3.12/site-packages/airflow/example_dags/example_display_name.py
[2025-08-09T18:29:31.691+0000] {processor.py:840} INFO - DAG(s) 'example_display_name' retrieved from /home/airflow/.local/lib/python3.12/site-packages/airflow/example_dags/example_display_name.py
[2025-08-09T18:29:31.849+0000] {logging_mixin.py:188} INFO - [2025-08-09T18:29:31.848+0000] {dag.py:3096} INFO - Sync 1 DAGs
[2025-08-09T18:29:31.944+0000] {logging_mixin.py:188} INFO - [2025-08-09T18:29:31.933+0000] {dag.py:3954} INFO - Setting next_dagrun for example_display_name to None, run_after=None
[2025-08-09T18:29:32.073+0000] {processor.py:183} INFO - Processing /home/airflow/.local/lib/python3.12/site-packages/airflow/example_dags/example_display_name.py took 0.515 seconds
[2025-08-09T18:30:02.871+0000] {processor.py:161} INFO - Started process (PID=397) to work on /home/airflow/.local/lib/python3.12/site-packages/airflow/example_dags/example_display_name.py
[2025-08-09T18:30:02.873+0000] {processor.py:830} INFO - Processing file /home/airflow/.local/lib/python3.12/site-packages/airflow/example_dags/example_display_name.py for tasks to queue
[2025-08-09T18:30:02.877+0000] {logging_mixin.py:188} INFO - [2025-08-09T18:30:02.876+0000] {dagbag.py:540} INFO - Filling up the DagBag from /home/airflow/.local/lib/python3.12/site-packages/airflow/example_dags/example_display_name.py
[2025-08-09T18:30:02.894+0000] {processor.py:840} INFO - DAG(s) 'example_display_name' retrieved from /home/airflow/.local/lib/python3.12/site-packages/airflow/example_dags/example_display_name.py
[2025-08-09T18:30:02.996+0000] {logging_mixin.py:188} INFO - [2025-08-09T18:30:02.995+0000] {dag.py:3096} INFO - Sync 1 DAGs
[2025-08-09T18:30:03.041+0000] {logging_mixin.py:188} INFO - [2025-08-09T18:30:03.041+0000] {dag.py:3954} INFO - Setting next_dagrun for example_display_name to None, run_after=None
[2025-08-09T18:30:03.102+0000] {processor.py:183} INFO - Processing /home/airflow/.local/lib/python3.12/site-packages/airflow/example_dags/example_display_name.py took 0.244 seconds
[2025-08-09T18:30:33.310+0000] {processor.py:161} INFO - Started process (PID=457) to work on /home/airflow/.local/lib/python3.12/site-packages/airflow/example_dags/example_display_name.py
[2025-08-09T18:30:33.312+0000] {processor.py:830} INFO - Processing file /home/airflow/.local/lib/python3.12/site-packages/airflow/example_dags/example_display_name.py for tasks to queue
[2025-08-09T18:30:33.314+0000] {logging_mixin.py:188} INFO - [2025-08-09T18:30:33.314+0000] {dagbag.py:540} INFO - Filling up the DagBag from /home/airflow/.local/lib/python3.12/site-packages/airflow/example_dags/example_display_name.py
[2025-08-09T18:30:33.322+0000] {processor.py:840} INFO - DAG(s) 'example_display_name' retrieved from /home/airflow/.local/lib/python3.12/site-packages/airflow/example_dags/example_display_name.py
[2025-08-09T18:30:33.356+0000] {logging_mixin.py:188} INFO - [2025-08-09T18:30:33.356+0000] {dag.py:3096} INFO - Sync 1 DAGs
[2025-08-09T18:30:33.378+0000] {logging_mixin.py:188} INFO - [2025-08-09T18:30:33.378+0000] {dag.py:3954} INFO - Setting next_dagrun for example_display_name to None, run_after=None
[2025-08-09T18:30:33.401+0000] {processor.py:183} INFO - Processing /home/airflow/.local/lib/python3.12/site-packages/airflow/example_dags/example_display_name.py took 0.103 seconds
[2025-08-09T18:31:04.067+0000] {processor.py:161} INFO - Started process (PID=516) to work on /home/airflow/.local/lib/python3.12/site-packages/airflow/example_dags/example_display_name.py
[2025-08-09T18:31:04.082+0000] {processor.py:830} INFO - Processing file /home/airflow/.local/lib/python3.12/site-packages/airflow/example_dags/example_display_name.py for tasks to queue
[2025-08-09T18:31:04.087+0000] {logging_mixin.py:188} INFO - [2025-08-09T18:31:04.086+0000] {dagbag.py:540} INFO - Filling up the DagBag from /home/airflow/.local/lib/python3.12/site-packages/airflow/example_dags/example_display_name.py
[2025-08-09T18:31:04.101+0000] {processor.py:840} INFO - DAG(s) 'example_display_name' retrieved from /home/airflow/.local/lib/python3.12/site-packages/airflow/example_dags/example_display_name.py
[2025-08-09T18:31:04.140+0000] {logging_mixin.py:188} INFO - [2025-08-09T18:31:04.139+0000] {dag.py:3096} INFO - Sync 1 DAGs
[2025-08-09T18:31:04.160+0000] {logging_mixin.py:188} INFO - [2025-08-09T18:31:04.159+0000] {dag.py:3954} INFO - Setting next_dagrun for example_display_name to None, run_after=None
[2025-08-09T18:31:04.200+0000] {processor.py:183} INFO - Processing /home/airflow/.local/lib/python3.12/site-packages/airflow/example_dags/example_display_name.py took 0.144 seconds
[2025-08-09T18:31:34.647+0000] {processor.py:161} INFO - Started process (PID=581) to work on /home/airflow/.local/lib/python3.12/site-packages/airflow/example_dags/example_display_name.py
[2025-08-09T18:31:34.649+0000] {processor.py:830} INFO - Processing file /home/airflow/.local/lib/python3.12/site-packages/airflow/example_dags/example_display_name.py for tasks to queue
[2025-08-09T18:31:34.652+0000] {logging_mixin.py:188} INFO - [2025-08-09T18:31:34.651+0000] {dagbag.py:540} INFO - Filling up the DagBag from /home/airflow/.local/lib/python3.12/site-packages/airflow/example_dags/example_display_name.py
[2025-08-09T18:31:34.663+0000] {processor.py:840} INFO - DAG(s) 'example_display_name' retrieved from /home/airflow/.local/lib/python3.12/site-packages/airflow/example_dags/example_display_name.py
[2025-08-09T18:31:34.696+0000] {logging_mixin.py:188} INFO - [2025-08-09T18:31:34.696+0000] {dag.py:3096} INFO - Sync 1 DAGs
[2025-08-09T18:31:34.719+0000] {logging_mixin.py:188} INFO - [2025-08-09T18:31:34.719+0000] {dag.py:3954} INFO - Setting next_dagrun for example_display_name to None, run_after=None
[2025-08-09T18:31:34.755+0000] {processor.py:183} INFO - Processing /home/airflow/.local/lib/python3.12/site-packages/airflow/example_dags/example_display_name.py took 0.116 seconds
[2025-08-09T18:32:05.497+0000] {processor.py:161} INFO - Started process (PID=641) to work on /home/airflow/.local/lib/python3.12/site-packages/airflow/example_dags/example_display_name.py
[2025-08-09T18:32:05.499+0000] {processor.py:830} INFO - Processing file /home/airflow/.local/lib/python3.12/site-packages/airflow/example_dags/example_display_name.py for tasks to queue
[2025-08-09T18:32:05.504+0000] {logging_mixin.py:188} INFO - [2025-08-09T18:32:05.503+0000] {dagbag.py:540} INFO - Filling up the DagBag from /home/airflow/.local/lib/python3.12/site-packages/airflow/example_dags/example_display_name.py
[2025-08-09T18:32:05.512+0000] {processor.py:840} INFO - DAG(s) 'example_display_name' retrieved from /home/airflow/.local/lib/python3.12/site-packages/airflow/example_dags/example_display_name.py
[2025-08-09T18:32:05.547+0000] {logging_mixin.py:188} INFO - [2025-08-09T18:32:05.546+0000] {dag.py:3096} INFO - Sync 1 DAGs
[2025-08-09T18:32:05.570+0000] {logging_mixin.py:188} INFO - [2025-08-09T18:32:05.569+0000] {dag.py:3954} INFO - Setting next_dagrun for example_display_name to None, run_after=None
[2025-08-09T18:32:05.609+0000] {processor.py:183} INFO - Processing /home/airflow/.local/lib/python3.12/site-packages/airflow/example_dags/example_display_name.py took 0.121 seconds
[2025-08-09T18:32:35.954+0000] {processor.py:161} INFO - Started process (PID=700) to work on /home/airflow/.local/lib/python3.12/site-packages/airflow/example_dags/example_display_name.py
[2025-08-09T18:32:35.956+0000] {processor.py:830} INFO - Processing file /home/airflow/.local/lib/python3.12/site-packages/airflow/example_dags/example_display_name.py for tasks to queue
[2025-08-09T18:32:35.960+0000] {logging_mixin.py:188} INFO - [2025-08-09T18:32:35.959+0000] {dagbag.py:540} INFO - Filling up the DagBag from /home/airflow/.local/lib/python3.12/site-packages/airflow/example_dags/example_display_name.py
[2025-08-09T18:32:35.971+0000] {processor.py:840} INFO - DAG(s) 'example_display_name' retrieved from /home/airflow/.local/lib/python3.12/site-packages/airflow/example_dags/example_display_name.py
[2025-08-09T18:32:36.003+0000] {logging_mixin.py:188} INFO - [2025-08-09T18:32:36.003+0000] {dag.py:3096} INFO - Sync 1 DAGs
[2025-08-09T18:32:36.024+0000] {logging_mixin.py:188} INFO - [2025-08-09T18:32:36.024+0000] {dag.py:3954} INFO - Setting next_dagrun for example_display_name to None, run_after=None
[2025-08-09T18:32:36.061+0000] {processor.py:183} INFO - Processing /home/airflow/.local/lib/python3.12/site-packages/airflow/example_dags/example_display_name.py took 0.122 seconds
[2025-08-09T18:33:06.970+0000] {processor.py:161} INFO - Started process (PID=759) to work on /home/airflow/.local/lib/python3.12/site-packages/airflow/example_dags/example_display_name.py
[2025-08-09T18:33:06.972+0000] {processor.py:830} INFO - Processing file /home/airflow/.local/lib/python3.12/site-packages/airflow/example_dags/example_display_name.py for tasks to queue
[2025-08-09T18:33:06.974+0000] {logging_mixin.py:188} INFO - [2025-08-09T18:33:06.974+0000] {dagbag.py:540} INFO - Filling up the DagBag from /home/airflow/.local/lib/python3.12/site-packages/airflow/example_dags/example_display_name.py
[2025-08-09T18:33:06.981+0000] {processor.py:840} INFO - DAG(s) 'example_display_name' retrieved from /home/airflow/.local/lib/python3.12/site-packages/airflow/example_dags/example_display_name.py
[2025-08-09T18:33:07.007+0000] {logging_mixin.py:188} INFO - [2025-08-09T18:33:07.006+0000] {dag.py:3096} INFO - Sync 1 DAGs
[2025-08-09T18:33:07.030+0000] {logging_mixin.py:188} INFO - [2025-08-09T18:33:07.029+0000] {dag.py:3954} INFO - Setting next_dagrun for example_display_name to None, run_after=None
[2025-08-09T18:33:07.064+0000] {processor.py:183} INFO - Processing /home/airflow/.local/lib/python3.12/site-packages/airflow/example_dags/example_display_name.py took 0.101 seconds
[2025-08-09T18:33:37.887+0000] {processor.py:161} INFO - Started process (PID=818) to work on /home/airflow/.local/lib/python3.12/site-packages/airflow/example_dags/example_display_name.py
[2025-08-09T18:33:37.895+0000] {processor.py:830} INFO - Processing file /home/airflow/.local/lib/python3.12/site-packages/airflow/example_dags/example_display_name.py for tasks to queue
[2025-08-09T18:33:37.929+0000] {logging_mixin.py:188} INFO - [2025-08-09T18:33:37.928+0000] {dagbag.py:540} INFO - Filling up the DagBag from /home/airflow/.local/lib/python3.12/site-packages/airflow/example_dags/example_display_name.py
[2025-08-09T18:33:37.958+0000] {processor.py:840} INFO - DAG(s) 'example_display_name' retrieved from /home/airflow/.local/lib/python3.12/site-packages/airflow/example_dags/example_display_name.py
[2025-08-09T18:33:37.997+0000] {logging_mixin.py:188} INFO - [2025-08-09T18:33:37.997+0000] {dag.py:3096} INFO - Sync 1 DAGs
[2025-08-09T18:33:38.015+0000] {logging_mixin.py:188} INFO - [2025-08-09T18:33:38.014+0000] {dag.py:3954} INFO - Setting next_dagrun for example_display_name to None, run_after=None
[2025-08-09T18:33:38.049+0000] {processor.py:183} INFO - Processing /home/airflow/.local/lib/python3.12/site-packages/airflow/example_dags/example_display_name.py took 0.172 seconds
[2025-08-09T18:34:10.380+0000] {processor.py:161} INFO - Started process (PID=878) to work on /home/airflow/.local/lib/python3.12/site-packages/airflow/example_dags/example_display_name.py
[2025-08-09T18:34:10.381+0000] {processor.py:830} INFO - Processing file /home/airflow/.local/lib/python3.12/site-packages/airflow/example_dags/example_display_name.py for tasks to queue
[2025-08-09T18:34:10.384+0000] {logging_mixin.py:188} INFO - [2025-08-09T18:34:10.384+0000] {dagbag.py:540} INFO - Filling up the DagBag from /home/airflow/.local/lib/python3.12/site-packages/airflow/example_dags/example_display_name.py
[2025-08-09T18:34:10.393+0000] {processor.py:840} INFO - DAG(s) 'example_display_name' retrieved from /home/airflow/.local/lib/python3.12/site-packages/airflow/example_dags/example_display_name.py
[2025-08-09T18:34:10.425+0000] {logging_mixin.py:188} INFO - [2025-08-09T18:34:10.425+0000] {dag.py:3096} INFO - Sync 1 DAGs
[2025-08-09T18:34:10.666+0000] {logging_mixin.py:188} INFO - [2025-08-09T18:34:10.665+0000] {dag.py:3954} INFO - Setting next_dagrun for example_display_name to None, run_after=None
[2025-08-09T18:34:10.711+0000] {processor.py:183} INFO - Processing /home/airflow/.local/lib/python3.12/site-packages/airflow/example_dags/example_display_name.py took 0.341 seconds
[2025-08-09T18:34:41.041+0000] {processor.py:161} INFO - Started process (PID=937) to work on /home/airflow/.local/lib/python3.12/site-packages/airflow/example_dags/example_display_name.py
[2025-08-09T18:34:41.043+0000] {processor.py:830} INFO - Processing file /home/airflow/.local/lib/python3.12/site-packages/airflow/example_dags/example_display_name.py for tasks to queue
[2025-08-09T18:34:41.047+0000] {logging_mixin.py:188} INFO - [2025-08-09T18:34:41.046+0000] {dagbag.py:540} INFO - Filling up the DagBag from /home/airflow/.local/lib/python3.12/site-packages/airflow/example_dags/example_display_name.py
[2025-08-09T18:34:41.058+0000] {processor.py:840} INFO - DAG(s) 'example_display_name' retrieved from /home/airflow/.local/lib/python3.12/site-packages/airflow/example_dags/example_display_name.py
[2025-08-09T18:34:41.104+0000] {logging_mixin.py:188} INFO - [2025-08-09T18:34:41.104+0000] {dag.py:3096} INFO - Sync 1 DAGs
[2025-08-09T18:34:41.134+0000] {logging_mixin.py:188} INFO - [2025-08-09T18:34:41.134+0000] {dag.py:3954} INFO - Setting next_dagrun for example_display_name to None, run_after=None
[2025-08-09T18:34:41.413+0000] {processor.py:183} INFO - Processing /home/airflow/.local/lib/python3.12/site-packages/airflow/example_dags/example_display_name.py took 0.381 seconds
[2025-08-09T18:35:12.193+0000] {processor.py:161} INFO - Started process (PID=996) to work on /home/airflow/.local/lib/python3.12/site-packages/airflow/example_dags/example_display_name.py
[2025-08-09T18:35:12.196+0000] {processor.py:830} INFO - Processing file /home/airflow/.local/lib/python3.12/site-packages/airflow/example_dags/example_display_name.py for tasks to queue
[2025-08-09T18:35:12.200+0000] {logging_mixin.py:188} INFO - [2025-08-09T18:35:12.199+0000] {dagbag.py:540} INFO - Filling up the DagBag from /home/airflow/.local/lib/python3.12/site-packages/airflow/example_dags/example_display_name.py
[2025-08-09T18:35:12.211+0000] {processor.py:840} INFO - DAG(s) 'example_display_name' retrieved from /home/airflow/.local/lib/python3.12/site-packages/airflow/example_dags/example_display_name.py
[2025-08-09T18:35:12.245+0000] {logging_mixin.py:188} INFO - [2025-08-09T18:35:12.245+0000] {dag.py:3096} INFO - Sync 1 DAGs
[2025-08-09T18:35:12.265+0000] {logging_mixin.py:188} INFO - [2025-08-09T18:35:12.265+0000] {dag.py:3954} INFO - Setting next_dagrun for example_display_name to None, run_after=None
[2025-08-09T18:35:12.291+0000] {processor.py:183} INFO - Processing /home/airflow/.local/lib/python3.12/site-packages/airflow/example_dags/example_display_name.py took 0.112 seconds
[2025-08-09T18:35:42.666+0000] {processor.py:161} INFO - Started process (PID=1055) to work on /home/airflow/.local/lib/python3.12/site-packages/airflow/example_dags/example_display_name.py
[2025-08-09T18:35:42.667+0000] {processor.py:830} INFO - Processing file /home/airflow/.local/lib/python3.12/site-packages/airflow/example_dags/example_display_name.py for tasks to queue
[2025-08-09T18:35:42.671+0000] {logging_mixin.py:188} INFO - [2025-08-09T18:35:42.671+0000] {dagbag.py:540} INFO - Filling up the DagBag from /home/airflow/.local/lib/python3.12/site-packages/airflow/example_dags/example_display_name.py
[2025-08-09T18:35:42.680+0000] {processor.py:840} INFO - DAG(s) 'example_display_name' retrieved from /home/airflow/.local/lib/python3.12/site-packages/airflow/example_dags/example_display_name.py
[2025-08-09T18:35:42.718+0000] {logging_mixin.py:188} INFO - [2025-08-09T18:35:42.717+0000] {dag.py:3096} INFO - Sync 1 DAGs
[2025-08-09T18:35:42.735+0000] {logging_mixin.py:188} INFO - [2025-08-09T18:35:42.735+0000] {dag.py:3954} INFO - Setting next_dagrun for example_display_name to None, run_after=None
[2025-08-09T18:35:42.760+0000] {processor.py:183} INFO - Processing /home/airflow/.local/lib/python3.12/site-packages/airflow/example_dags/example_display_name.py took 0.105 seconds
[2025-08-09T18:36:13.007+0000] {processor.py:161} INFO - Started process (PID=1114) to work on /home/airflow/.local/lib/python3.12/site-packages/airflow/example_dags/example_display_name.py
[2025-08-09T18:36:13.008+0000] {processor.py:830} INFO - Processing file /home/airflow/.local/lib/python3.12/site-packages/airflow/example_dags/example_display_name.py for tasks to queue
[2025-08-09T18:36:13.012+0000] {logging_mixin.py:188} INFO - [2025-08-09T18:36:13.011+0000] {dagbag.py:540} INFO - Filling up the DagBag from /home/airflow/.local/lib/python3.12/site-packages/airflow/example_dags/example_display_name.py
[2025-08-09T18:36:13.018+0000] {processor.py:840} INFO - DAG(s) 'example_display_name' retrieved from /home/airflow/.local/lib/python3.12/site-packages/airflow/example_dags/example_display_name.py
[2025-08-09T18:36:13.045+0000] {logging_mixin.py:188} INFO - [2025-08-09T18:36:13.045+0000] {dag.py:3096} INFO - Sync 1 DAGs
[2025-08-09T18:36:13.061+0000] {logging_mixin.py:188} INFO - [2025-08-09T18:36:13.061+0000] {dag.py:3954} INFO - Setting next_dagrun for example_display_name to None, run_after=None
[2025-08-09T18:36:13.097+0000] {processor.py:183} INFO - Processing /home/airflow/.local/lib/python3.12/site-packages/airflow/example_dags/example_display_name.py took 0.098 seconds
[2025-08-09T18:36:43.496+0000] {processor.py:161} INFO - Started process (PID=1173) to work on /home/airflow/.local/lib/python3.12/site-packages/airflow/example_dags/example_display_name.py
[2025-08-09T18:36:43.498+0000] {processor.py:830} INFO - Processing file /home/airflow/.local/lib/python3.12/site-packages/airflow/example_dags/example_display_name.py for tasks to queue
[2025-08-09T18:36:43.503+0000] {logging_mixin.py:188} INFO - [2025-08-09T18:36:43.502+0000] {dagbag.py:540} INFO - Filling up the DagBag from /home/airflow/.local/lib/python3.12/site-packages/airflow/example_dags/example_display_name.py
[2025-08-09T18:36:43.510+0000] {processor.py:840} INFO - DAG(s) 'example_display_name' retrieved from /home/airflow/.local/lib/python3.12/site-packages/airflow/example_dags/example_display_name.py
[2025-08-09T18:36:43.543+0000] {logging_mixin.py:188} INFO - [2025-08-09T18:36:43.542+0000] {dag.py:3096} INFO - Sync 1 DAGs
[2025-08-09T18:36:43.565+0000] {logging_mixin.py:188} INFO - [2025-08-09T18:36:43.565+0000] {dag.py:3954} INFO - Setting next_dagrun for example_display_name to None, run_after=None
[2025-08-09T18:36:43.592+0000] {processor.py:183} INFO - Processing /home/airflow/.local/lib/python3.12/site-packages/airflow/example_dags/example_display_name.py took 0.107 seconds
[2025-08-09T18:37:13.781+0000] {processor.py:161} INFO - Started process (PID=1232) to work on /home/airflow/.local/lib/python3.12/site-packages/airflow/example_dags/example_display_name.py
[2025-08-09T18:37:13.782+0000] {processor.py:830} INFO - Processing file /home/airflow/.local/lib/python3.12/site-packages/airflow/example_dags/example_display_name.py for tasks to queue
[2025-08-09T18:37:13.784+0000] {logging_mixin.py:188} INFO - [2025-08-09T18:37:13.784+0000] {dagbag.py:540} INFO - Filling up the DagBag from /home/airflow/.local/lib/python3.12/site-packages/airflow/example_dags/example_display_name.py
[2025-08-09T18:37:13.792+0000] {processor.py:840} INFO - DAG(s) 'example_display_name' retrieved from /home/airflow/.local/lib/python3.12/site-packages/airflow/example_dags/example_display_name.py
[2025-08-09T18:37:13.817+0000] {logging_mixin.py:188} INFO - [2025-08-09T18:37:13.816+0000] {dag.py:3096} INFO - Sync 1 DAGs
[2025-08-09T18:37:13.832+0000] {logging_mixin.py:188} INFO - [2025-08-09T18:37:13.832+0000] {dag.py:3954} INFO - Setting next_dagrun for example_display_name to None, run_after=None
[2025-08-09T18:37:13.858+0000] {processor.py:183} INFO - Processing /home/airflow/.local/lib/python3.12/site-packages/airflow/example_dags/example_display_name.py took 0.085 seconds
[2025-08-09T18:37:44.436+0000] {processor.py:161} INFO - Started process (PID=1291) to work on /home/airflow/.local/lib/python3.12/site-packages/airflow/example_dags/example_display_name.py
[2025-08-09T18:37:44.437+0000] {processor.py:830} INFO - Processing file /home/airflow/.local/lib/python3.12/site-packages/airflow/example_dags/example_display_name.py for tasks to queue
[2025-08-09T18:37:44.440+0000] {logging_mixin.py:188} INFO - [2025-08-09T18:37:44.440+0000] {dagbag.py:540} INFO - Filling up the DagBag from /home/airflow/.local/lib/python3.12/site-packages/airflow/example_dags/example_display_name.py
[2025-08-09T18:37:44.448+0000] {processor.py:840} INFO - DAG(s) 'example_display_name' retrieved from /home/airflow/.local/lib/python3.12/site-packages/airflow/example_dags/example_display_name.py
[2025-08-09T18:37:44.476+0000] {logging_mixin.py:188} INFO - [2025-08-09T18:37:44.475+0000] {dag.py:3096} INFO - Sync 1 DAGs
[2025-08-09T18:37:44.493+0000] {logging_mixin.py:188} INFO - [2025-08-09T18:37:44.493+0000] {dag.py:3954} INFO - Setting next_dagrun for example_display_name to None, run_after=None
[2025-08-09T18:37:44.518+0000] {processor.py:183} INFO - Processing /home/airflow/.local/lib/python3.12/site-packages/airflow/example_dags/example_display_name.py took 0.089 seconds
[2025-08-09T18:38:15.030+0000] {processor.py:161} INFO - Started process (PID=1350) to work on /home/airflow/.local/lib/python3.12/site-packages/airflow/example_dags/example_display_name.py
[2025-08-09T18:38:15.031+0000] {processor.py:830} INFO - Processing file /home/airflow/.local/lib/python3.12/site-packages/airflow/example_dags/example_display_name.py for tasks to queue
[2025-08-09T18:38:15.034+0000] {logging_mixin.py:188} INFO - [2025-08-09T18:38:15.033+0000] {dagbag.py:540} INFO - Filling up the DagBag from /home/airflow/.local/lib/python3.12/site-packages/airflow/example_dags/example_display_name.py
[2025-08-09T18:38:15.044+0000] {processor.py:840} INFO - DAG(s) 'example_display_name' retrieved from /home/airflow/.local/lib/python3.12/site-packages/airflow/example_dags/example_display_name.py
[2025-08-09T18:38:15.076+0000] {logging_mixin.py:188} INFO - [2025-08-09T18:38:15.075+0000] {dag.py:3096} INFO - Sync 1 DAGs
[2025-08-09T18:38:15.093+0000] {logging_mixin.py:188} INFO - [2025-08-09T18:38:15.093+0000] {dag.py:3954} INFO - Setting next_dagrun for example_display_name to None, run_after=None
[2025-08-09T18:38:15.121+0000] {processor.py:183} INFO - Processing /home/airflow/.local/lib/python3.12/site-packages/airflow/example_dags/example_display_name.py took 0.103 seconds
[2025-08-09T18:38:45.428+0000] {processor.py:161} INFO - Started process (PID=1409) to work on /home/airflow/.local/lib/python3.12/site-packages/airflow/example_dags/example_display_name.py
[2025-08-09T18:38:45.429+0000] {processor.py:830} INFO - Processing file /home/airflow/.local/lib/python3.12/site-packages/airflow/example_dags/example_display_name.py for tasks to queue
[2025-08-09T18:38:45.432+0000] {logging_mixin.py:188} INFO - [2025-08-09T18:38:45.432+0000] {dagbag.py:540} INFO - Filling up the DagBag from /home/airflow/.local/lib/python3.12/site-packages/airflow/example_dags/example_display_name.py
[2025-08-09T18:38:45.456+0000] {processor.py:840} INFO - DAG(s) 'example_display_name' retrieved from /home/airflow/.local/lib/python3.12/site-packages/airflow/example_dags/example_display_name.py
[2025-08-09T18:38:45.488+0000] {logging_mixin.py:188} INFO - [2025-08-09T18:38:45.487+0000] {dag.py:3096} INFO - Sync 1 DAGs
[2025-08-09T18:38:45.518+0000] {logging_mixin.py:188} INFO - [2025-08-09T18:38:45.518+0000] {dag.py:3954} INFO - Setting next_dagrun for example_display_name to None, run_after=None
[2025-08-09T18:38:45.558+0000] {processor.py:183} INFO - Processing /home/airflow/.local/lib/python3.12/site-packages/airflow/example_dags/example_display_name.py took 0.140 seconds
[2025-08-09T18:39:16.135+0000] {processor.py:161} INFO - Started process (PID=1468) to work on /home/airflow/.local/lib/python3.12/site-packages/airflow/example_dags/example_display_name.py
[2025-08-09T18:39:16.138+0000] {processor.py:830} INFO - Processing file /home/airflow/.local/lib/python3.12/site-packages/airflow/example_dags/example_display_name.py for tasks to queue
[2025-08-09T18:39:16.141+0000] {logging_mixin.py:188} INFO - [2025-08-09T18:39:16.141+0000] {dagbag.py:540} INFO - Filling up the DagBag from /home/airflow/.local/lib/python3.12/site-packages/airflow/example_dags/example_display_name.py
[2025-08-09T18:39:16.159+0000] {processor.py:840} INFO - DAG(s) 'example_display_name' retrieved from /home/airflow/.local/lib/python3.12/site-packages/airflow/example_dags/example_display_name.py
[2025-08-09T18:39:16.200+0000] {logging_mixin.py:188} INFO - [2025-08-09T18:39:16.199+0000] {dag.py:3096} INFO - Sync 1 DAGs
[2025-08-09T18:39:16.255+0000] {logging_mixin.py:188} INFO - [2025-08-09T18:39:16.255+0000] {dag.py:3954} INFO - Setting next_dagrun for example_display_name to None, run_after=None
[2025-08-09T18:39:16.304+0000] {processor.py:183} INFO - Processing /home/airflow/.local/lib/python3.12/site-packages/airflow/example_dags/example_display_name.py took 0.186 seconds
[2025-08-09T18:39:46.601+0000] {processor.py:161} INFO - Started process (PID=1527) to work on /home/airflow/.local/lib/python3.12/site-packages/airflow/example_dags/example_display_name.py
[2025-08-09T18:39:46.603+0000] {processor.py:830} INFO - Processing file /home/airflow/.local/lib/python3.12/site-packages/airflow/example_dags/example_display_name.py for tasks to queue
[2025-08-09T18:39:46.608+0000] {logging_mixin.py:188} INFO - [2025-08-09T18:39:46.606+0000] {dagbag.py:540} INFO - Filling up the DagBag from /home/airflow/.local/lib/python3.12/site-packages/airflow/example_dags/example_display_name.py
[2025-08-09T18:39:46.618+0000] {processor.py:840} INFO - DAG(s) 'example_display_name' retrieved from /home/airflow/.local/lib/python3.12/site-packages/airflow/example_dags/example_display_name.py
[2025-08-09T18:39:46.660+0000] {logging_mixin.py:188} INFO - [2025-08-09T18:39:46.660+0000] {dag.py:3096} INFO - Sync 1 DAGs
[2025-08-09T18:39:46.690+0000] {logging_mixin.py:188} INFO - [2025-08-09T18:39:46.690+0000] {dag.py:3954} INFO - Setting next_dagrun for example_display_name to None, run_after=None
[2025-08-09T18:39:46.719+0000] {processor.py:183} INFO - Processing /home/airflow/.local/lib/python3.12/site-packages/airflow/example_dags/example_display_name.py took 0.128 seconds
[2025-08-09T18:40:17.290+0000] {processor.py:161} INFO - Started process (PID=1586) to work on /home/airflow/.local/lib/python3.12/site-packages/airflow/example_dags/example_display_name.py
[2025-08-09T18:40:17.291+0000] {processor.py:830} INFO - Processing file /home/airflow/.local/lib/python3.12/site-packages/airflow/example_dags/example_display_name.py for tasks to queue
[2025-08-09T18:40:17.294+0000] {logging_mixin.py:188} INFO - [2025-08-09T18:40:17.294+0000] {dagbag.py:540} INFO - Filling up the DagBag from /home/airflow/.local/lib/python3.12/site-packages/airflow/example_dags/example_display_name.py
[2025-08-09T18:40:17.321+0000] {processor.py:840} INFO - DAG(s) 'example_display_name' retrieved from /home/airflow/.local/lib/python3.12/site-packages/airflow/example_dags/example_display_name.py
[2025-08-09T18:40:17.362+0000] {logging_mixin.py:188} INFO - [2025-08-09T18:40:17.362+0000] {dag.py:3096} INFO - Sync 1 DAGs
[2025-08-09T18:40:17.389+0000] {logging_mixin.py:188} INFO - [2025-08-09T18:40:17.388+0000] {dag.py:3954} INFO - Setting next_dagrun for example_display_name to None, run_after=None
[2025-08-09T18:40:17.432+0000] {processor.py:183} INFO - Processing /home/airflow/.local/lib/python3.12/site-packages/airflow/example_dags/example_display_name.py took 0.156 seconds
[2025-08-09T18:40:47.931+0000] {processor.py:161} INFO - Started process (PID=1645) to work on /home/airflow/.local/lib/python3.12/site-packages/airflow/example_dags/example_display_name.py
[2025-08-09T18:40:47.933+0000] {processor.py:830} INFO - Processing file /home/airflow/.local/lib/python3.12/site-packages/airflow/example_dags/example_display_name.py for tasks to queue
[2025-08-09T18:40:47.938+0000] {logging_mixin.py:188} INFO - [2025-08-09T18:40:47.937+0000] {dagbag.py:540} INFO - Filling up the DagBag from /home/airflow/.local/lib/python3.12/site-packages/airflow/example_dags/example_display_name.py
[2025-08-09T18:40:47.954+0000] {processor.py:840} INFO - DAG(s) 'example_display_name' retrieved from /home/airflow/.local/lib/python3.12/site-packages/airflow/example_dags/example_display_name.py
[2025-08-09T18:40:47.989+0000] {logging_mixin.py:188} INFO - [2025-08-09T18:40:47.989+0000] {dag.py:3096} INFO - Sync 1 DAGs
[2025-08-09T18:40:48.010+0000] {logging_mixin.py:188} INFO - [2025-08-09T18:40:48.009+0000] {dag.py:3954} INFO - Setting next_dagrun for example_display_name to None, run_after=None
[2025-08-09T18:40:48.048+0000] {processor.py:183} INFO - Processing /home/airflow/.local/lib/python3.12/site-packages/airflow/example_dags/example_display_name.py took 0.134 seconds
[2025-08-09T18:41:18.332+0000] {processor.py:161} INFO - Started process (PID=1705) to work on /home/airflow/.local/lib/python3.12/site-packages/airflow/example_dags/example_display_name.py
[2025-08-09T18:41:18.333+0000] {processor.py:830} INFO - Processing file /home/airflow/.local/lib/python3.12/site-packages/airflow/example_dags/example_display_name.py for tasks to queue
[2025-08-09T18:41:18.337+0000] {logging_mixin.py:188} INFO - [2025-08-09T18:41:18.336+0000] {dagbag.py:540} INFO - Filling up the DagBag from /home/airflow/.local/lib/python3.12/site-packages/airflow/example_dags/example_display_name.py
[2025-08-09T18:41:18.351+0000] {processor.py:840} INFO - DAG(s) 'example_display_name' retrieved from /home/airflow/.local/lib/python3.12/site-packages/airflow/example_dags/example_display_name.py
[2025-08-09T18:41:18.384+0000] {logging_mixin.py:188} INFO - [2025-08-09T18:41:18.384+0000] {dag.py:3096} INFO - Sync 1 DAGs
[2025-08-09T18:41:18.404+0000] {logging_mixin.py:188} INFO - [2025-08-09T18:41:18.403+0000] {dag.py:3954} INFO - Setting next_dagrun for example_display_name to None, run_after=None
[2025-08-09T18:41:18.451+0000] {processor.py:183} INFO - Processing /home/airflow/.local/lib/python3.12/site-packages/airflow/example_dags/example_display_name.py took 0.129 seconds
[2025-08-09T18:41:48.785+0000] {processor.py:161} INFO - Started process (PID=1764) to work on /home/airflow/.local/lib/python3.12/site-packages/airflow/example_dags/example_display_name.py
[2025-08-09T18:41:48.786+0000] {processor.py:830} INFO - Processing file /home/airflow/.local/lib/python3.12/site-packages/airflow/example_dags/example_display_name.py for tasks to queue
[2025-08-09T18:41:48.789+0000] {logging_mixin.py:188} INFO - [2025-08-09T18:41:48.788+0000] {dagbag.py:540} INFO - Filling up the DagBag from /home/airflow/.local/lib/python3.12/site-packages/airflow/example_dags/example_display_name.py
[2025-08-09T18:41:48.797+0000] {processor.py:840} INFO - DAG(s) 'example_display_name' retrieved from /home/airflow/.local/lib/python3.12/site-packages/airflow/example_dags/example_display_name.py
[2025-08-09T18:41:48.829+0000] {logging_mixin.py:188} INFO - [2025-08-09T18:41:48.828+0000] {dag.py:3096} INFO - Sync 1 DAGs
[2025-08-09T18:41:48.852+0000] {logging_mixin.py:188} INFO - [2025-08-09T18:41:48.852+0000] {dag.py:3954} INFO - Setting next_dagrun for example_display_name to None, run_after=None
[2025-08-09T18:41:48.887+0000] {processor.py:183} INFO - Processing /home/airflow/.local/lib/python3.12/site-packages/airflow/example_dags/example_display_name.py took 0.110 seconds
[2025-08-09T18:42:19.033+0000] {processor.py:161} INFO - Started process (PID=1823) to work on /home/airflow/.local/lib/python3.12/site-packages/airflow/example_dags/example_display_name.py
[2025-08-09T18:42:19.035+0000] {processor.py:830} INFO - Processing file /home/airflow/.local/lib/python3.12/site-packages/airflow/example_dags/example_display_name.py for tasks to queue
[2025-08-09T18:42:19.039+0000] {logging_mixin.py:188} INFO - [2025-08-09T18:42:19.039+0000] {dagbag.py:540} INFO - Filling up the DagBag from /home/airflow/.local/lib/python3.12/site-packages/airflow/example_dags/example_display_name.py
[2025-08-09T18:42:19.049+0000] {processor.py:840} INFO - DAG(s) 'example_display_name' retrieved from /home/airflow/.local/lib/python3.12/site-packages/airflow/example_dags/example_display_name.py
[2025-08-09T18:42:19.078+0000] {logging_mixin.py:188} INFO - [2025-08-09T18:42:19.077+0000] {dag.py:3096} INFO - Sync 1 DAGs
[2025-08-09T18:42:19.100+0000] {logging_mixin.py:188} INFO - [2025-08-09T18:42:19.099+0000] {dag.py:3954} INFO - Setting next_dagrun for example_display_name to None, run_after=None
[2025-08-09T18:42:19.130+0000] {processor.py:183} INFO - Processing /home/airflow/.local/lib/python3.12/site-packages/airflow/example_dags/example_display_name.py took 0.104 seconds
[2025-08-09T18:42:49.664+0000] {processor.py:161} INFO - Started process (PID=1882) to work on /home/airflow/.local/lib/python3.12/site-packages/airflow/example_dags/example_display_name.py
[2025-08-09T18:42:49.666+0000] {processor.py:830} INFO - Processing file /home/airflow/.local/lib/python3.12/site-packages/airflow/example_dags/example_display_name.py for tasks to queue
[2025-08-09T18:42:49.669+0000] {logging_mixin.py:188} INFO - [2025-08-09T18:42:49.668+0000] {dagbag.py:540} INFO - Filling up the DagBag from /home/airflow/.local/lib/python3.12/site-packages/airflow/example_dags/example_display_name.py
[2025-08-09T18:42:49.677+0000] {processor.py:840} INFO - DAG(s) 'example_display_name' retrieved from /home/airflow/.local/lib/python3.12/site-packages/airflow/example_dags/example_display_name.py
[2025-08-09T18:42:49.706+0000] {logging_mixin.py:188} INFO - [2025-08-09T18:42:49.705+0000] {dag.py:3096} INFO - Sync 1 DAGs
[2025-08-09T18:42:49.722+0000] {logging_mixin.py:188} INFO - [2025-08-09T18:42:49.722+0000] {dag.py:3954} INFO - Setting next_dagrun for example_display_name to None, run_after=None
[2025-08-09T18:42:49.760+0000] {processor.py:183} INFO - Processing /home/airflow/.local/lib/python3.12/site-packages/airflow/example_dags/example_display_name.py took 0.105 seconds
[2025-08-09T18:43:20.554+0000] {processor.py:161} INFO - Started process (PID=1941) to work on /home/airflow/.local/lib/python3.12/site-packages/airflow/example_dags/example_display_name.py
[2025-08-09T18:43:20.556+0000] {processor.py:830} INFO - Processing file /home/airflow/.local/lib/python3.12/site-packages/airflow/example_dags/example_display_name.py for tasks to queue
[2025-08-09T18:43:20.558+0000] {logging_mixin.py:188} INFO - [2025-08-09T18:43:20.558+0000] {dagbag.py:540} INFO - Filling up the DagBag from /home/airflow/.local/lib/python3.12/site-packages/airflow/example_dags/example_display_name.py
[2025-08-09T18:43:20.567+0000] {processor.py:840} INFO - DAG(s) 'example_display_name' retrieved from /home/airflow/.local/lib/python3.12/site-packages/airflow/example_dags/example_display_name.py
[2025-08-09T18:43:20.595+0000] {logging_mixin.py:188} INFO - [2025-08-09T18:43:20.594+0000] {dag.py:3096} INFO - Sync 1 DAGs
[2025-08-09T18:43:20.613+0000] {logging_mixin.py:188} INFO - [2025-08-09T18:43:20.613+0000] {dag.py:3954} INFO - Setting next_dagrun for example_display_name to None, run_after=None
[2025-08-09T18:43:20.644+0000] {processor.py:183} INFO - Processing /home/airflow/.local/lib/python3.12/site-packages/airflow/example_dags/example_display_name.py took 0.098 seconds
[2025-08-09T18:43:51.165+0000] {processor.py:161} INFO - Started process (PID=2000) to work on /home/airflow/.local/lib/python3.12/site-packages/airflow/example_dags/example_display_name.py
[2025-08-09T18:43:51.167+0000] {processor.py:830} INFO - Processing file /home/airflow/.local/lib/python3.12/site-packages/airflow/example_dags/example_display_name.py for tasks to queue
[2025-08-09T18:43:51.171+0000] {logging_mixin.py:188} INFO - [2025-08-09T18:43:51.170+0000] {dagbag.py:540} INFO - Filling up the DagBag from /home/airflow/.local/lib/python3.12/site-packages/airflow/example_dags/example_display_name.py
[2025-08-09T18:43:51.179+0000] {processor.py:840} INFO - DAG(s) 'example_display_name' retrieved from /home/airflow/.local/lib/python3.12/site-packages/airflow/example_dags/example_display_name.py
[2025-08-09T18:43:51.208+0000] {logging_mixin.py:188} INFO - [2025-08-09T18:43:51.207+0000] {dag.py:3096} INFO - Sync 1 DAGs
[2025-08-09T18:43:51.227+0000] {logging_mixin.py:188} INFO - [2025-08-09T18:43:51.227+0000] {dag.py:3954} INFO - Setting next_dagrun for example_display_name to None, run_after=None
[2025-08-09T18:43:51.255+0000] {processor.py:183} INFO - Processing /home/airflow/.local/lib/python3.12/site-packages/airflow/example_dags/example_display_name.py took 0.104 seconds
[2025-08-09T18:44:21.458+0000] {processor.py:161} INFO - Started process (PID=2058) to work on /home/airflow/.local/lib/python3.12/site-packages/airflow/example_dags/example_display_name.py
[2025-08-09T18:44:21.467+0000] {processor.py:830} INFO - Processing file /home/airflow/.local/lib/python3.12/site-packages/airflow/example_dags/example_display_name.py for tasks to queue
[2025-08-09T18:44:21.473+0000] {logging_mixin.py:188} INFO - [2025-08-09T18:44:21.471+0000] {dagbag.py:540} INFO - Filling up the DagBag from /home/airflow/.local/lib/python3.12/site-packages/airflow/example_dags/example_display_name.py
[2025-08-09T18:44:21.503+0000] {processor.py:840} INFO - DAG(s) 'example_display_name' retrieved from /home/airflow/.local/lib/python3.12/site-packages/airflow/example_dags/example_display_name.py
[2025-08-09T18:44:21.586+0000] {logging_mixin.py:188} INFO - [2025-08-09T18:44:21.585+0000] {dag.py:3096} INFO - Sync 1 DAGs
[2025-08-09T18:44:21.653+0000] {logging_mixin.py:188} INFO - [2025-08-09T18:44:21.653+0000] {dag.py:3954} INFO - Setting next_dagrun for example_display_name to None, run_after=None
[2025-08-09T18:44:21.767+0000] {processor.py:183} INFO - Processing /home/airflow/.local/lib/python3.12/site-packages/airflow/example_dags/example_display_name.py took 0.328 seconds
[2025-08-09T18:44:51.930+0000] {processor.py:161} INFO - Started process (PID=2115) to work on /home/airflow/.local/lib/python3.12/site-packages/airflow/example_dags/example_display_name.py
[2025-08-09T18:44:51.932+0000] {processor.py:830} INFO - Processing file /home/airflow/.local/lib/python3.12/site-packages/airflow/example_dags/example_display_name.py for tasks to queue
[2025-08-09T18:44:51.934+0000] {logging_mixin.py:188} INFO - [2025-08-09T18:44:51.933+0000] {dagbag.py:540} INFO - Filling up the DagBag from /home/airflow/.local/lib/python3.12/site-packages/airflow/example_dags/example_display_name.py
[2025-08-09T18:44:51.945+0000] {processor.py:840} INFO - DAG(s) 'example_display_name' retrieved from /home/airflow/.local/lib/python3.12/site-packages/airflow/example_dags/example_display_name.py
[2025-08-09T18:44:51.979+0000] {logging_mixin.py:188} INFO - [2025-08-09T18:44:51.979+0000] {dag.py:3096} INFO - Sync 1 DAGs
[2025-08-09T18:44:52.002+0000] {logging_mixin.py:188} INFO - [2025-08-09T18:44:52.001+0000] {dag.py:3954} INFO - Setting next_dagrun for example_display_name to None, run_after=None
[2025-08-09T18:44:52.046+0000] {processor.py:183} INFO - Processing /home/airflow/.local/lib/python3.12/site-packages/airflow/example_dags/example_display_name.py took 0.123 seconds
