[2025-08-09T18:21:52.720+0000] {processor.py:161} INFO - Started process (PID=85) to work on /home/airflow/.local/lib/python3.12/site-packages/airflow/example_dags/example_skip_dag.py
[2025-08-09T18:21:52.722+0000] {processor.py:830} INFO - Processing file /home/airflow/.local/lib/python3.12/site-packages/airflow/example_dags/example_skip_dag.py for tasks to queue
[2025-08-09T18:21:52.725+0000] {logging_mixin.py:188} INFO - [2025-08-09T18:21:52.725+0000] {dagbag.py:540} INFO - Filling up the DagBag from /home/airflow/.local/lib/python3.12/site-packages/airflow/example_dags/example_skip_dag.py
[2025-08-09T18:21:52.747+0000] {processor.py:840} INFO - DAG(s) 'example_skip_dag' retrieved from /home/airflow/.local/lib/python3.12/site-packages/airflow/example_dags/example_skip_dag.py
[2025-08-09T18:21:53.170+0000] {logging_mixin.py:188} INFO - [2025-08-09T18:21:53.169+0000] {dag.py:3096} INFO - Sync 1 DAGs
[2025-08-09T18:21:53.256+0000] {logging_mixin.py:188} INFO - [2025-08-09T18:21:53.254+0000] {dag.py:3954} INFO - Setting next_dagrun for example_skip_dag to 2025-08-08 00:00:00+00:00, run_after=2025-08-09 00:00:00+00:00
[2025-08-09T18:21:53.354+0000] {processor.py:183} INFO - Processing /home/airflow/.local/lib/python3.12/site-packages/airflow/example_dags/example_skip_dag.py took 0.650 seconds
[2025-08-09T18:22:24.104+0000] {processor.py:161} INFO - Started process (PID=144) to work on /home/airflow/.local/lib/python3.12/site-packages/airflow/example_dags/example_skip_dag.py
[2025-08-09T18:22:24.117+0000] {processor.py:830} INFO - Processing file /home/airflow/.local/lib/python3.12/site-packages/airflow/example_dags/example_skip_dag.py for tasks to queue
[2025-08-09T18:22:24.120+0000] {logging_mixin.py:188} INFO - [2025-08-09T18:22:24.120+0000] {dagbag.py:540} INFO - Filling up the DagBag from /home/airflow/.local/lib/python3.12/site-packages/airflow/example_dags/example_skip_dag.py
[2025-08-09T18:22:24.130+0000] {processor.py:840} INFO - DAG(s) 'example_skip_dag' retrieved from /home/airflow/.local/lib/python3.12/site-packages/airflow/example_dags/example_skip_dag.py
[2025-08-09T18:22:24.172+0000] {logging_mixin.py:188} INFO - [2025-08-09T18:22:24.172+0000] {dag.py:3096} INFO - Sync 1 DAGs
[2025-08-09T18:22:24.215+0000] {logging_mixin.py:188} INFO - [2025-08-09T18:22:24.214+0000] {dag.py:3954} INFO - Setting next_dagrun for example_skip_dag to 2025-08-08 00:00:00+00:00, run_after=2025-08-09 00:00:00+00:00
[2025-08-09T18:22:24.264+0000] {processor.py:183} INFO - Processing /home/airflow/.local/lib/python3.12/site-packages/airflow/example_dags/example_skip_dag.py took 0.167 seconds
[2025-08-09T18:22:54.711+0000] {processor.py:161} INFO - Started process (PID=203) to work on /home/airflow/.local/lib/python3.12/site-packages/airflow/example_dags/example_skip_dag.py
[2025-08-09T18:22:54.712+0000] {processor.py:830} INFO - Processing file /home/airflow/.local/lib/python3.12/site-packages/airflow/example_dags/example_skip_dag.py for tasks to queue
[2025-08-09T18:22:54.716+0000] {logging_mixin.py:188} INFO - [2025-08-09T18:22:54.715+0000] {dagbag.py:540} INFO - Filling up the DagBag from /home/airflow/.local/lib/python3.12/site-packages/airflow/example_dags/example_skip_dag.py
[2025-08-09T18:22:54.726+0000] {processor.py:840} INFO - DAG(s) 'example_skip_dag' retrieved from /home/airflow/.local/lib/python3.12/site-packages/airflow/example_dags/example_skip_dag.py
[2025-08-09T18:22:54.763+0000] {logging_mixin.py:188} INFO - [2025-08-09T18:22:54.763+0000] {dag.py:3096} INFO - Sync 1 DAGs
[2025-08-09T18:22:54.817+0000] {logging_mixin.py:188} INFO - [2025-08-09T18:22:54.817+0000] {dag.py:3954} INFO - Setting next_dagrun for example_skip_dag to 2025-08-08 00:00:00+00:00, run_after=2025-08-09 00:00:00+00:00
[2025-08-09T18:22:54.850+0000] {processor.py:183} INFO - Processing /home/airflow/.local/lib/python3.12/site-packages/airflow/example_dags/example_skip_dag.py took 0.147 seconds
[2025-08-09T18:23:24.980+0000] {processor.py:161} INFO - Started process (PID=262) to work on /home/airflow/.local/lib/python3.12/site-packages/airflow/example_dags/example_skip_dag.py
[2025-08-09T18:23:24.982+0000] {processor.py:830} INFO - Processing file /home/airflow/.local/lib/python3.12/site-packages/airflow/example_dags/example_skip_dag.py for tasks to queue
[2025-08-09T18:23:24.985+0000] {logging_mixin.py:188} INFO - [2025-08-09T18:23:24.985+0000] {dagbag.py:540} INFO - Filling up the DagBag from /home/airflow/.local/lib/python3.12/site-packages/airflow/example_dags/example_skip_dag.py
[2025-08-09T18:23:25.001+0000] {processor.py:840} INFO - DAG(s) 'example_skip_dag' retrieved from /home/airflow/.local/lib/python3.12/site-packages/airflow/example_dags/example_skip_dag.py
[2025-08-09T18:23:25.055+0000] {logging_mixin.py:188} INFO - [2025-08-09T18:23:25.054+0000] {dag.py:3096} INFO - Sync 1 DAGs
[2025-08-09T18:23:25.115+0000] {logging_mixin.py:188} INFO - [2025-08-09T18:23:25.115+0000] {dag.py:3954} INFO - Setting next_dagrun for example_skip_dag to 2025-08-08 00:00:00+00:00, run_after=2025-08-09 00:00:00+00:00
[2025-08-09T18:23:25.149+0000] {processor.py:183} INFO - Processing /home/airflow/.local/lib/python3.12/site-packages/airflow/example_dags/example_skip_dag.py took 0.182 seconds
[2025-08-09T18:23:55.794+0000] {processor.py:161} INFO - Started process (PID=321) to work on /home/airflow/.local/lib/python3.12/site-packages/airflow/example_dags/example_skip_dag.py
[2025-08-09T18:23:55.796+0000] {processor.py:830} INFO - Processing file /home/airflow/.local/lib/python3.12/site-packages/airflow/example_dags/example_skip_dag.py for tasks to queue
[2025-08-09T18:23:55.800+0000] {logging_mixin.py:188} INFO - [2025-08-09T18:23:55.799+0000] {dagbag.py:540} INFO - Filling up the DagBag from /home/airflow/.local/lib/python3.12/site-packages/airflow/example_dags/example_skip_dag.py
[2025-08-09T18:23:55.814+0000] {processor.py:840} INFO - DAG(s) 'example_skip_dag' retrieved from /home/airflow/.local/lib/python3.12/site-packages/airflow/example_dags/example_skip_dag.py
[2025-08-09T18:23:55.860+0000] {logging_mixin.py:188} INFO - [2025-08-09T18:23:55.860+0000] {dag.py:3096} INFO - Sync 1 DAGs
[2025-08-09T18:23:55.912+0000] {logging_mixin.py:188} INFO - [2025-08-09T18:23:55.912+0000] {dag.py:3954} INFO - Setting next_dagrun for example_skip_dag to 2025-08-08 00:00:00+00:00, run_after=2025-08-09 00:00:00+00:00
[2025-08-09T18:23:55.950+0000] {processor.py:183} INFO - Processing /home/airflow/.local/lib/python3.12/site-packages/airflow/example_dags/example_skip_dag.py took 0.167 seconds
[2025-08-09T18:24:26.560+0000] {processor.py:161} INFO - Started process (PID=380) to work on /home/airflow/.local/lib/python3.12/site-packages/airflow/example_dags/example_skip_dag.py
[2025-08-09T18:24:26.562+0000] {processor.py:830} INFO - Processing file /home/airflow/.local/lib/python3.12/site-packages/airflow/example_dags/example_skip_dag.py for tasks to queue
[2025-08-09T18:24:26.566+0000] {logging_mixin.py:188} INFO - [2025-08-09T18:24:26.565+0000] {dagbag.py:540} INFO - Filling up the DagBag from /home/airflow/.local/lib/python3.12/site-packages/airflow/example_dags/example_skip_dag.py
[2025-08-09T18:24:26.582+0000] {processor.py:840} INFO - DAG(s) 'example_skip_dag' retrieved from /home/airflow/.local/lib/python3.12/site-packages/airflow/example_dags/example_skip_dag.py
[2025-08-09T18:24:26.630+0000] {logging_mixin.py:188} INFO - [2025-08-09T18:24:26.630+0000] {dag.py:3096} INFO - Sync 1 DAGs
[2025-08-09T18:24:26.674+0000] {logging_mixin.py:188} INFO - [2025-08-09T18:24:26.673+0000] {dag.py:3954} INFO - Setting next_dagrun for example_skip_dag to 2025-08-08 00:00:00+00:00, run_after=2025-08-09 00:00:00+00:00
[2025-08-09T18:24:26.706+0000] {processor.py:183} INFO - Processing /home/airflow/.local/lib/python3.12/site-packages/airflow/example_dags/example_skip_dag.py took 0.160 seconds
[2025-08-09T18:24:56.781+0000] {processor.py:161} INFO - Started process (PID=438) to work on /home/airflow/.local/lib/python3.12/site-packages/airflow/example_dags/example_skip_dag.py
[2025-08-09T18:24:56.783+0000] {processor.py:830} INFO - Processing file /home/airflow/.local/lib/python3.12/site-packages/airflow/example_dags/example_skip_dag.py for tasks to queue
[2025-08-09T18:24:56.788+0000] {logging_mixin.py:188} INFO - [2025-08-09T18:24:56.787+0000] {dagbag.py:540} INFO - Filling up the DagBag from /home/airflow/.local/lib/python3.12/site-packages/airflow/example_dags/example_skip_dag.py
[2025-08-09T18:24:56.800+0000] {processor.py:840} INFO - DAG(s) 'example_skip_dag' retrieved from /home/airflow/.local/lib/python3.12/site-packages/airflow/example_dags/example_skip_dag.py
[2025-08-09T18:24:56.849+0000] {logging_mixin.py:188} INFO - [2025-08-09T18:24:56.848+0000] {dag.py:3096} INFO - Sync 1 DAGs
[2025-08-09T18:24:56.885+0000] {logging_mixin.py:188} INFO - [2025-08-09T18:24:56.885+0000] {dag.py:3954} INFO - Setting next_dagrun for example_skip_dag to 2025-08-08 00:00:00+00:00, run_after=2025-08-09 00:00:00+00:00
[2025-08-09T18:24:56.943+0000] {processor.py:183} INFO - Processing /home/airflow/.local/lib/python3.12/site-packages/airflow/example_dags/example_skip_dag.py took 0.171 seconds
[2025-08-09T18:25:27.066+0000] {processor.py:161} INFO - Started process (PID=497) to work on /home/airflow/.local/lib/python3.12/site-packages/airflow/example_dags/example_skip_dag.py
[2025-08-09T18:25:27.078+0000] {processor.py:830} INFO - Processing file /home/airflow/.local/lib/python3.12/site-packages/airflow/example_dags/example_skip_dag.py for tasks to queue
[2025-08-09T18:25:27.081+0000] {logging_mixin.py:188} INFO - [2025-08-09T18:25:27.081+0000] {dagbag.py:540} INFO - Filling up the DagBag from /home/airflow/.local/lib/python3.12/site-packages/airflow/example_dags/example_skip_dag.py
[2025-08-09T18:25:27.093+0000] {processor.py:840} INFO - DAG(s) 'example_skip_dag' retrieved from /home/airflow/.local/lib/python3.12/site-packages/airflow/example_dags/example_skip_dag.py
[2025-08-09T18:25:27.128+0000] {logging_mixin.py:188} INFO - [2025-08-09T18:25:27.127+0000] {dag.py:3096} INFO - Sync 1 DAGs
[2025-08-09T18:25:27.158+0000] {logging_mixin.py:188} INFO - [2025-08-09T18:25:27.158+0000] {dag.py:3954} INFO - Setting next_dagrun for example_skip_dag to 2025-08-08 00:00:00+00:00, run_after=2025-08-09 00:00:00+00:00
[2025-08-09T18:25:27.180+0000] {processor.py:183} INFO - Processing /home/airflow/.local/lib/python3.12/site-packages/airflow/example_dags/example_skip_dag.py took 0.124 seconds
[2025-08-09T18:27:22.729+0000] {processor.py:161} INFO - Started process (PID=86) to work on /home/airflow/.local/lib/python3.12/site-packages/airflow/example_dags/example_skip_dag.py
[2025-08-09T18:27:22.735+0000] {processor.py:830} INFO - Processing file /home/airflow/.local/lib/python3.12/site-packages/airflow/example_dags/example_skip_dag.py for tasks to queue
[2025-08-09T18:27:22.739+0000] {logging_mixin.py:188} INFO - [2025-08-09T18:27:22.739+0000] {dagbag.py:540} INFO - Filling up the DagBag from /home/airflow/.local/lib/python3.12/site-packages/airflow/example_dags/example_skip_dag.py
[2025-08-09T18:27:22.771+0000] {processor.py:840} INFO - DAG(s) 'example_skip_dag' retrieved from /home/airflow/.local/lib/python3.12/site-packages/airflow/example_dags/example_skip_dag.py
[2025-08-09T18:27:23.461+0000] {logging_mixin.py:188} INFO - [2025-08-09T18:27:23.461+0000] {dag.py:3096} INFO - Sync 1 DAGs
[2025-08-09T18:27:23.638+0000] {logging_mixin.py:188} INFO - [2025-08-09T18:27:23.637+0000] {dag.py:3954} INFO - Setting next_dagrun for example_skip_dag to 2025-08-08 00:00:00+00:00, run_after=2025-08-09 00:00:00+00:00
[2025-08-09T18:27:23.723+0000] {processor.py:183} INFO - Processing /home/airflow/.local/lib/python3.12/site-packages/airflow/example_dags/example_skip_dag.py took 1.018 seconds
[2025-08-09T18:27:54.241+0000] {processor.py:161} INFO - Started process (PID=145) to work on /home/airflow/.local/lib/python3.12/site-packages/airflow/example_dags/example_skip_dag.py
[2025-08-09T18:27:54.244+0000] {processor.py:830} INFO - Processing file /home/airflow/.local/lib/python3.12/site-packages/airflow/example_dags/example_skip_dag.py for tasks to queue
[2025-08-09T18:27:54.247+0000] {logging_mixin.py:188} INFO - [2025-08-09T18:27:54.247+0000] {dagbag.py:540} INFO - Filling up the DagBag from /home/airflow/.local/lib/python3.12/site-packages/airflow/example_dags/example_skip_dag.py
[2025-08-09T18:27:54.268+0000] {processor.py:840} INFO - DAG(s) 'example_skip_dag' retrieved from /home/airflow/.local/lib/python3.12/site-packages/airflow/example_dags/example_skip_dag.py
[2025-08-09T18:27:54.309+0000] {logging_mixin.py:188} INFO - [2025-08-09T18:27:54.308+0000] {dag.py:3096} INFO - Sync 1 DAGs
[2025-08-09T18:27:54.351+0000] {logging_mixin.py:188} INFO - [2025-08-09T18:27:54.351+0000] {dag.py:3954} INFO - Setting next_dagrun for example_skip_dag to 2025-08-08 00:00:00+00:00, run_after=2025-08-09 00:00:00+00:00
[2025-08-09T18:27:54.457+0000] {processor.py:183} INFO - Processing /home/airflow/.local/lib/python3.12/site-packages/airflow/example_dags/example_skip_dag.py took 0.229 seconds
[2025-08-09T18:28:24.959+0000] {processor.py:161} INFO - Started process (PID=204) to work on /home/airflow/.local/lib/python3.12/site-packages/airflow/example_dags/example_skip_dag.py
[2025-08-09T18:28:24.961+0000] {processor.py:830} INFO - Processing file /home/airflow/.local/lib/python3.12/site-packages/airflow/example_dags/example_skip_dag.py for tasks to queue
[2025-08-09T18:28:24.964+0000] {logging_mixin.py:188} INFO - [2025-08-09T18:28:24.963+0000] {dagbag.py:540} INFO - Filling up the DagBag from /home/airflow/.local/lib/python3.12/site-packages/airflow/example_dags/example_skip_dag.py
[2025-08-09T18:28:24.974+0000] {processor.py:840} INFO - DAG(s) 'example_skip_dag' retrieved from /home/airflow/.local/lib/python3.12/site-packages/airflow/example_dags/example_skip_dag.py
[2025-08-09T18:28:25.006+0000] {logging_mixin.py:188} INFO - [2025-08-09T18:28:25.005+0000] {dag.py:3096} INFO - Sync 1 DAGs
[2025-08-09T18:28:25.045+0000] {logging_mixin.py:188} INFO - [2025-08-09T18:28:25.045+0000] {dag.py:3954} INFO - Setting next_dagrun for example_skip_dag to 2025-08-08 00:00:00+00:00, run_after=2025-08-09 00:00:00+00:00
[2025-08-09T18:28:25.099+0000] {processor.py:183} INFO - Processing /home/airflow/.local/lib/python3.12/site-packages/airflow/example_dags/example_skip_dag.py took 0.148 seconds
[2025-08-09T18:28:55.327+0000] {processor.py:161} INFO - Started process (PID=264) to work on /home/airflow/.local/lib/python3.12/site-packages/airflow/example_dags/example_skip_dag.py
[2025-08-09T18:28:55.339+0000] {processor.py:830} INFO - Processing file /home/airflow/.local/lib/python3.12/site-packages/airflow/example_dags/example_skip_dag.py for tasks to queue
[2025-08-09T18:28:55.342+0000] {logging_mixin.py:188} INFO - [2025-08-09T18:28:55.341+0000] {dagbag.py:540} INFO - Filling up the DagBag from /home/airflow/.local/lib/python3.12/site-packages/airflow/example_dags/example_skip_dag.py
[2025-08-09T18:28:55.352+0000] {processor.py:840} INFO - DAG(s) 'example_skip_dag' retrieved from /home/airflow/.local/lib/python3.12/site-packages/airflow/example_dags/example_skip_dag.py
[2025-08-09T18:28:55.391+0000] {logging_mixin.py:188} INFO - [2025-08-09T18:28:55.390+0000] {dag.py:3096} INFO - Sync 1 DAGs
[2025-08-09T18:28:55.435+0000] {logging_mixin.py:188} INFO - [2025-08-09T18:28:55.434+0000] {dag.py:3954} INFO - Setting next_dagrun for example_skip_dag to 2025-08-08 00:00:00+00:00, run_after=2025-08-09 00:00:00+00:00
[2025-08-09T18:28:55.474+0000] {processor.py:183} INFO - Processing /home/airflow/.local/lib/python3.12/site-packages/airflow/example_dags/example_skip_dag.py took 0.156 seconds
[2025-08-09T18:29:26.156+0000] {processor.py:161} INFO - Started process (PID=323) to work on /home/airflow/.local/lib/python3.12/site-packages/airflow/example_dags/example_skip_dag.py
[2025-08-09T18:29:26.158+0000] {processor.py:830} INFO - Processing file /home/airflow/.local/lib/python3.12/site-packages/airflow/example_dags/example_skip_dag.py for tasks to queue
[2025-08-09T18:29:26.161+0000] {logging_mixin.py:188} INFO - [2025-08-09T18:29:26.161+0000] {dagbag.py:540} INFO - Filling up the DagBag from /home/airflow/.local/lib/python3.12/site-packages/airflow/example_dags/example_skip_dag.py
[2025-08-09T18:29:26.175+0000] {processor.py:840} INFO - DAG(s) 'example_skip_dag' retrieved from /home/airflow/.local/lib/python3.12/site-packages/airflow/example_dags/example_skip_dag.py
[2025-08-09T18:29:26.243+0000] {logging_mixin.py:188} INFO - [2025-08-09T18:29:26.243+0000] {dag.py:3096} INFO - Sync 1 DAGs
[2025-08-09T18:29:26.325+0000] {logging_mixin.py:188} INFO - [2025-08-09T18:29:26.325+0000] {dag.py:3954} INFO - Setting next_dagrun for example_skip_dag to 2025-08-08 00:00:00+00:00, run_after=2025-08-09 00:00:00+00:00
[2025-08-09T18:29:26.383+0000] {processor.py:183} INFO - Processing /home/airflow/.local/lib/python3.12/site-packages/airflow/example_dags/example_skip_dag.py took 0.240 seconds
[2025-08-09T18:29:56.561+0000] {processor.py:161} INFO - Started process (PID=381) to work on /home/airflow/.local/lib/python3.12/site-packages/airflow/example_dags/example_skip_dag.py
[2025-08-09T18:29:56.562+0000] {processor.py:830} INFO - Processing file /home/airflow/.local/lib/python3.12/site-packages/airflow/example_dags/example_skip_dag.py for tasks to queue
[2025-08-09T18:29:56.565+0000] {logging_mixin.py:188} INFO - [2025-08-09T18:29:56.565+0000] {dagbag.py:540} INFO - Filling up the DagBag from /home/airflow/.local/lib/python3.12/site-packages/airflow/example_dags/example_skip_dag.py
[2025-08-09T18:29:56.576+0000] {processor.py:840} INFO - DAG(s) 'example_skip_dag' retrieved from /home/airflow/.local/lib/python3.12/site-packages/airflow/example_dags/example_skip_dag.py
[2025-08-09T18:29:56.614+0000] {logging_mixin.py:188} INFO - [2025-08-09T18:29:56.614+0000] {dag.py:3096} INFO - Sync 1 DAGs
[2025-08-09T18:29:56.656+0000] {logging_mixin.py:188} INFO - [2025-08-09T18:29:56.655+0000] {dag.py:3954} INFO - Setting next_dagrun for example_skip_dag to 2025-08-08 00:00:00+00:00, run_after=2025-08-09 00:00:00+00:00
[2025-08-09T18:29:56.688+0000] {processor.py:183} INFO - Processing /home/airflow/.local/lib/python3.12/site-packages/airflow/example_dags/example_skip_dag.py took 0.138 seconds
[2025-08-09T18:30:27.722+0000] {processor.py:161} INFO - Started process (PID=441) to work on /home/airflow/.local/lib/python3.12/site-packages/airflow/example_dags/example_skip_dag.py
[2025-08-09T18:30:27.724+0000] {processor.py:830} INFO - Processing file /home/airflow/.local/lib/python3.12/site-packages/airflow/example_dags/example_skip_dag.py for tasks to queue
[2025-08-09T18:30:27.727+0000] {logging_mixin.py:188} INFO - [2025-08-09T18:30:27.727+0000] {dagbag.py:540} INFO - Filling up the DagBag from /home/airflow/.local/lib/python3.12/site-packages/airflow/example_dags/example_skip_dag.py
[2025-08-09T18:30:27.736+0000] {processor.py:840} INFO - DAG(s) 'example_skip_dag' retrieved from /home/airflow/.local/lib/python3.12/site-packages/airflow/example_dags/example_skip_dag.py
[2025-08-09T18:30:27.763+0000] {logging_mixin.py:188} INFO - [2025-08-09T18:30:27.762+0000] {dag.py:3096} INFO - Sync 1 DAGs
[2025-08-09T18:30:27.790+0000] {logging_mixin.py:188} INFO - [2025-08-09T18:30:27.790+0000] {dag.py:3954} INFO - Setting next_dagrun for example_skip_dag to 2025-08-08 00:00:00+00:00, run_after=2025-08-09 00:00:00+00:00
[2025-08-09T18:30:27.817+0000] {processor.py:183} INFO - Processing /home/airflow/.local/lib/python3.12/site-packages/airflow/example_dags/example_skip_dag.py took 0.103 seconds
[2025-08-09T18:30:57.902+0000] {processor.py:161} INFO - Started process (PID=500) to work on /home/airflow/.local/lib/python3.12/site-packages/airflow/example_dags/example_skip_dag.py
[2025-08-09T18:30:57.904+0000] {processor.py:830} INFO - Processing file /home/airflow/.local/lib/python3.12/site-packages/airflow/example_dags/example_skip_dag.py for tasks to queue
[2025-08-09T18:30:57.907+0000] {logging_mixin.py:188} INFO - [2025-08-09T18:30:57.906+0000] {dagbag.py:540} INFO - Filling up the DagBag from /home/airflow/.local/lib/python3.12/site-packages/airflow/example_dags/example_skip_dag.py
[2025-08-09T18:30:57.919+0000] {processor.py:840} INFO - DAG(s) 'example_skip_dag' retrieved from /home/airflow/.local/lib/python3.12/site-packages/airflow/example_dags/example_skip_dag.py
[2025-08-09T18:30:57.950+0000] {logging_mixin.py:188} INFO - [2025-08-09T18:30:57.949+0000] {dag.py:3096} INFO - Sync 1 DAGs
[2025-08-09T18:30:57.983+0000] {logging_mixin.py:188} INFO - [2025-08-09T18:30:57.983+0000] {dag.py:3954} INFO - Setting next_dagrun for example_skip_dag to 2025-08-08 00:00:00+00:00, run_after=2025-08-09 00:00:00+00:00
[2025-08-09T18:30:58.018+0000] {processor.py:183} INFO - Processing /home/airflow/.local/lib/python3.12/site-packages/airflow/example_dags/example_skip_dag.py took 0.125 seconds
[2025-08-09T18:31:28.118+0000] {processor.py:161} INFO - Started process (PID=559) to work on /home/airflow/.local/lib/python3.12/site-packages/airflow/example_dags/example_skip_dag.py
[2025-08-09T18:31:28.119+0000] {processor.py:830} INFO - Processing file /home/airflow/.local/lib/python3.12/site-packages/airflow/example_dags/example_skip_dag.py for tasks to queue
[2025-08-09T18:31:28.122+0000] {logging_mixin.py:188} INFO - [2025-08-09T18:31:28.121+0000] {dagbag.py:540} INFO - Filling up the DagBag from /home/airflow/.local/lib/python3.12/site-packages/airflow/example_dags/example_skip_dag.py
[2025-08-09T18:31:28.130+0000] {processor.py:840} INFO - DAG(s) 'example_skip_dag' retrieved from /home/airflow/.local/lib/python3.12/site-packages/airflow/example_dags/example_skip_dag.py
[2025-08-09T18:31:28.159+0000] {logging_mixin.py:188} INFO - [2025-08-09T18:31:28.159+0000] {dag.py:3096} INFO - Sync 1 DAGs
[2025-08-09T18:31:28.189+0000] {logging_mixin.py:188} INFO - [2025-08-09T18:31:28.188+0000] {dag.py:3954} INFO - Setting next_dagrun for example_skip_dag to 2025-08-08 00:00:00+00:00, run_after=2025-08-09 00:00:00+00:00
[2025-08-09T18:31:28.212+0000] {processor.py:183} INFO - Processing /home/airflow/.local/lib/python3.12/site-packages/airflow/example_dags/example_skip_dag.py took 0.103 seconds
[2025-08-09T18:31:58.914+0000] {processor.py:161} INFO - Started process (PID=618) to work on /home/airflow/.local/lib/python3.12/site-packages/airflow/example_dags/example_skip_dag.py
[2025-08-09T18:31:58.916+0000] {processor.py:830} INFO - Processing file /home/airflow/.local/lib/python3.12/site-packages/airflow/example_dags/example_skip_dag.py for tasks to queue
[2025-08-09T18:31:58.918+0000] {logging_mixin.py:188} INFO - [2025-08-09T18:31:58.918+0000] {dagbag.py:540} INFO - Filling up the DagBag from /home/airflow/.local/lib/python3.12/site-packages/airflow/example_dags/example_skip_dag.py
[2025-08-09T18:31:58.928+0000] {processor.py:840} INFO - DAG(s) 'example_skip_dag' retrieved from /home/airflow/.local/lib/python3.12/site-packages/airflow/example_dags/example_skip_dag.py
[2025-08-09T18:31:59.000+0000] {logging_mixin.py:188} INFO - [2025-08-09T18:31:59.000+0000] {dag.py:3096} INFO - Sync 1 DAGs
[2025-08-09T18:31:59.040+0000] {logging_mixin.py:188} INFO - [2025-08-09T18:31:59.040+0000] {dag.py:3954} INFO - Setting next_dagrun for example_skip_dag to 2025-08-08 00:00:00+00:00, run_after=2025-08-09 00:00:00+00:00
[2025-08-09T18:31:59.089+0000] {processor.py:183} INFO - Processing /home/airflow/.local/lib/python3.12/site-packages/airflow/example_dags/example_skip_dag.py took 0.183 seconds
[2025-08-09T18:32:29.176+0000] {processor.py:161} INFO - Started process (PID=678) to work on /home/airflow/.local/lib/python3.12/site-packages/airflow/example_dags/example_skip_dag.py
[2025-08-09T18:32:29.177+0000] {processor.py:830} INFO - Processing file /home/airflow/.local/lib/python3.12/site-packages/airflow/example_dags/example_skip_dag.py for tasks to queue
[2025-08-09T18:32:29.180+0000] {logging_mixin.py:188} INFO - [2025-08-09T18:32:29.180+0000] {dagbag.py:540} INFO - Filling up the DagBag from /home/airflow/.local/lib/python3.12/site-packages/airflow/example_dags/example_skip_dag.py
[2025-08-09T18:32:29.189+0000] {processor.py:840} INFO - DAG(s) 'example_skip_dag' retrieved from /home/airflow/.local/lib/python3.12/site-packages/airflow/example_dags/example_skip_dag.py
[2025-08-09T18:32:29.216+0000] {logging_mixin.py:188} INFO - [2025-08-09T18:32:29.216+0000] {dag.py:3096} INFO - Sync 1 DAGs
[2025-08-09T18:32:29.244+0000] {logging_mixin.py:188} INFO - [2025-08-09T18:32:29.244+0000] {dag.py:3954} INFO - Setting next_dagrun for example_skip_dag to 2025-08-08 00:00:00+00:00, run_after=2025-08-09 00:00:00+00:00
[2025-08-09T18:32:29.272+0000] {processor.py:183} INFO - Processing /home/airflow/.local/lib/python3.12/site-packages/airflow/example_dags/example_skip_dag.py took 0.108 seconds
[2025-08-09T18:32:59.641+0000] {processor.py:161} INFO - Started process (PID=737) to work on /home/airflow/.local/lib/python3.12/site-packages/airflow/example_dags/example_skip_dag.py
[2025-08-09T18:32:59.643+0000] {processor.py:830} INFO - Processing file /home/airflow/.local/lib/python3.12/site-packages/airflow/example_dags/example_skip_dag.py for tasks to queue
[2025-08-09T18:32:59.645+0000] {logging_mixin.py:188} INFO - [2025-08-09T18:32:59.645+0000] {dagbag.py:540} INFO - Filling up the DagBag from /home/airflow/.local/lib/python3.12/site-packages/airflow/example_dags/example_skip_dag.py
[2025-08-09T18:32:59.653+0000] {processor.py:840} INFO - DAG(s) 'example_skip_dag' retrieved from /home/airflow/.local/lib/python3.12/site-packages/airflow/example_dags/example_skip_dag.py
[2025-08-09T18:32:59.678+0000] {logging_mixin.py:188} INFO - [2025-08-09T18:32:59.678+0000] {dag.py:3096} INFO - Sync 1 DAGs
[2025-08-09T18:32:59.704+0000] {logging_mixin.py:188} INFO - [2025-08-09T18:32:59.704+0000] {dag.py:3954} INFO - Setting next_dagrun for example_skip_dag to 2025-08-08 00:00:00+00:00, run_after=2025-08-09 00:00:00+00:00
[2025-08-09T18:32:59.737+0000] {processor.py:183} INFO - Processing /home/airflow/.local/lib/python3.12/site-packages/airflow/example_dags/example_skip_dag.py took 0.103 seconds
[2025-08-09T18:33:30.187+0000] {processor.py:161} INFO - Started process (PID=796) to work on /home/airflow/.local/lib/python3.12/site-packages/airflow/example_dags/example_skip_dag.py
[2025-08-09T18:33:30.188+0000] {processor.py:830} INFO - Processing file /home/airflow/.local/lib/python3.12/site-packages/airflow/example_dags/example_skip_dag.py for tasks to queue
[2025-08-09T18:33:30.191+0000] {logging_mixin.py:188} INFO - [2025-08-09T18:33:30.191+0000] {dagbag.py:540} INFO - Filling up the DagBag from /home/airflow/.local/lib/python3.12/site-packages/airflow/example_dags/example_skip_dag.py
[2025-08-09T18:33:30.199+0000] {processor.py:840} INFO - DAG(s) 'example_skip_dag' retrieved from /home/airflow/.local/lib/python3.12/site-packages/airflow/example_dags/example_skip_dag.py
[2025-08-09T18:33:30.229+0000] {logging_mixin.py:188} INFO - [2025-08-09T18:33:30.229+0000] {dag.py:3096} INFO - Sync 1 DAGs
[2025-08-09T18:33:30.280+0000] {logging_mixin.py:188} INFO - [2025-08-09T18:33:30.280+0000] {dag.py:3954} INFO - Setting next_dagrun for example_skip_dag to 2025-08-08 00:00:00+00:00, run_after=2025-08-09 00:00:00+00:00
[2025-08-09T18:33:30.553+0000] {processor.py:183} INFO - Processing /home/airflow/.local/lib/python3.12/site-packages/airflow/example_dags/example_skip_dag.py took 0.373 seconds
[2025-08-09T18:34:01.077+0000] {processor.py:161} INFO - Started process (PID=856) to work on /home/airflow/.local/lib/python3.12/site-packages/airflow/example_dags/example_skip_dag.py
[2025-08-09T18:34:01.079+0000] {processor.py:830} INFO - Processing file /home/airflow/.local/lib/python3.12/site-packages/airflow/example_dags/example_skip_dag.py for tasks to queue
[2025-08-09T18:34:01.083+0000] {logging_mixin.py:188} INFO - [2025-08-09T18:34:01.082+0000] {dagbag.py:540} INFO - Filling up the DagBag from /home/airflow/.local/lib/python3.12/site-packages/airflow/example_dags/example_skip_dag.py
[2025-08-09T18:34:01.094+0000] {processor.py:840} INFO - DAG(s) 'example_skip_dag' retrieved from /home/airflow/.local/lib/python3.12/site-packages/airflow/example_dags/example_skip_dag.py
[2025-08-09T18:34:01.128+0000] {logging_mixin.py:188} INFO - [2025-08-09T18:34:01.128+0000] {dag.py:3096} INFO - Sync 1 DAGs
[2025-08-09T18:34:01.162+0000] {logging_mixin.py:188} INFO - [2025-08-09T18:34:01.161+0000] {dag.py:3954} INFO - Setting next_dagrun for example_skip_dag to 2025-08-08 00:00:00+00:00, run_after=2025-08-09 00:00:00+00:00
[2025-08-09T18:34:01.440+0000] {processor.py:183} INFO - Processing /home/airflow/.local/lib/python3.12/site-packages/airflow/example_dags/example_skip_dag.py took 0.375 seconds
[2025-08-09T18:34:31.988+0000] {processor.py:161} INFO - Started process (PID=915) to work on /home/airflow/.local/lib/python3.12/site-packages/airflow/example_dags/example_skip_dag.py
[2025-08-09T18:34:31.990+0000] {processor.py:830} INFO - Processing file /home/airflow/.local/lib/python3.12/site-packages/airflow/example_dags/example_skip_dag.py for tasks to queue
[2025-08-09T18:34:31.993+0000] {logging_mixin.py:188} INFO - [2025-08-09T18:34:31.993+0000] {dagbag.py:540} INFO - Filling up the DagBag from /home/airflow/.local/lib/python3.12/site-packages/airflow/example_dags/example_skip_dag.py
[2025-08-09T18:34:32.008+0000] {processor.py:840} INFO - DAG(s) 'example_skip_dag' retrieved from /home/airflow/.local/lib/python3.12/site-packages/airflow/example_dags/example_skip_dag.py
[2025-08-09T18:34:32.057+0000] {logging_mixin.py:188} INFO - [2025-08-09T18:34:32.056+0000] {dag.py:3096} INFO - Sync 1 DAGs
[2025-08-09T18:34:32.106+0000] {logging_mixin.py:188} INFO - [2025-08-09T18:34:32.106+0000] {dag.py:3954} INFO - Setting next_dagrun for example_skip_dag to 2025-08-08 00:00:00+00:00, run_after=2025-08-09 00:00:00+00:00
[2025-08-09T18:34:32.153+0000] {processor.py:183} INFO - Processing /home/airflow/.local/lib/python3.12/site-packages/airflow/example_dags/example_skip_dag.py took 0.177 seconds
[2025-08-09T18:35:03.071+0000] {processor.py:161} INFO - Started process (PID=974) to work on /home/airflow/.local/lib/python3.12/site-packages/airflow/example_dags/example_skip_dag.py
[2025-08-09T18:35:03.072+0000] {processor.py:830} INFO - Processing file /home/airflow/.local/lib/python3.12/site-packages/airflow/example_dags/example_skip_dag.py for tasks to queue
[2025-08-09T18:35:03.075+0000] {logging_mixin.py:188} INFO - [2025-08-09T18:35:03.075+0000] {dagbag.py:540} INFO - Filling up the DagBag from /home/airflow/.local/lib/python3.12/site-packages/airflow/example_dags/example_skip_dag.py
[2025-08-09T18:35:03.089+0000] {processor.py:840} INFO - DAG(s) 'example_skip_dag' retrieved from /home/airflow/.local/lib/python3.12/site-packages/airflow/example_dags/example_skip_dag.py
[2025-08-09T18:35:03.139+0000] {logging_mixin.py:188} INFO - [2025-08-09T18:35:03.138+0000] {dag.py:3096} INFO - Sync 1 DAGs
[2025-08-09T18:35:03.182+0000] {logging_mixin.py:188} INFO - [2025-08-09T18:35:03.181+0000] {dag.py:3954} INFO - Setting next_dagrun for example_skip_dag to 2025-08-08 00:00:00+00:00, run_after=2025-08-09 00:00:00+00:00
[2025-08-09T18:35:03.213+0000] {processor.py:183} INFO - Processing /home/airflow/.local/lib/python3.12/site-packages/airflow/example_dags/example_skip_dag.py took 0.157 seconds
[2025-08-09T18:35:34.115+0000] {processor.py:161} INFO - Started process (PID=1033) to work on /home/airflow/.local/lib/python3.12/site-packages/airflow/example_dags/example_skip_dag.py
[2025-08-09T18:35:34.116+0000] {processor.py:830} INFO - Processing file /home/airflow/.local/lib/python3.12/site-packages/airflow/example_dags/example_skip_dag.py for tasks to queue
[2025-08-09T18:35:34.119+0000] {logging_mixin.py:188} INFO - [2025-08-09T18:35:34.119+0000] {dagbag.py:540} INFO - Filling up the DagBag from /home/airflow/.local/lib/python3.12/site-packages/airflow/example_dags/example_skip_dag.py
[2025-08-09T18:35:34.128+0000] {processor.py:840} INFO - DAG(s) 'example_skip_dag' retrieved from /home/airflow/.local/lib/python3.12/site-packages/airflow/example_dags/example_skip_dag.py
[2025-08-09T18:35:34.166+0000] {logging_mixin.py:188} INFO - [2025-08-09T18:35:34.166+0000] {dag.py:3096} INFO - Sync 1 DAGs
[2025-08-09T18:35:34.197+0000] {logging_mixin.py:188} INFO - [2025-08-09T18:35:34.197+0000] {dag.py:3954} INFO - Setting next_dagrun for example_skip_dag to 2025-08-08 00:00:00+00:00, run_after=2025-08-09 00:00:00+00:00
[2025-08-09T18:35:34.252+0000] {processor.py:183} INFO - Processing /home/airflow/.local/lib/python3.12/site-packages/airflow/example_dags/example_skip_dag.py took 0.150 seconds
[2025-08-09T18:36:04.460+0000] {processor.py:161} INFO - Started process (PID=1092) to work on /home/airflow/.local/lib/python3.12/site-packages/airflow/example_dags/example_skip_dag.py
[2025-08-09T18:36:04.462+0000] {processor.py:830} INFO - Processing file /home/airflow/.local/lib/python3.12/site-packages/airflow/example_dags/example_skip_dag.py for tasks to queue
[2025-08-09T18:36:04.466+0000] {logging_mixin.py:188} INFO - [2025-08-09T18:36:04.465+0000] {dagbag.py:540} INFO - Filling up the DagBag from /home/airflow/.local/lib/python3.12/site-packages/airflow/example_dags/example_skip_dag.py
[2025-08-09T18:36:04.476+0000] {processor.py:840} INFO - DAG(s) 'example_skip_dag' retrieved from /home/airflow/.local/lib/python3.12/site-packages/airflow/example_dags/example_skip_dag.py
[2025-08-09T18:36:04.516+0000] {logging_mixin.py:188} INFO - [2025-08-09T18:36:04.516+0000] {dag.py:3096} INFO - Sync 1 DAGs
[2025-08-09T18:36:04.556+0000] {logging_mixin.py:188} INFO - [2025-08-09T18:36:04.556+0000] {dag.py:3954} INFO - Setting next_dagrun for example_skip_dag to 2025-08-08 00:00:00+00:00, run_after=2025-08-09 00:00:00+00:00
[2025-08-09T18:36:04.625+0000] {processor.py:183} INFO - Processing /home/airflow/.local/lib/python3.12/site-packages/airflow/example_dags/example_skip_dag.py took 0.173 seconds
[2025-08-09T18:36:35.034+0000] {processor.py:161} INFO - Started process (PID=1151) to work on /home/airflow/.local/lib/python3.12/site-packages/airflow/example_dags/example_skip_dag.py
[2025-08-09T18:36:35.036+0000] {processor.py:830} INFO - Processing file /home/airflow/.local/lib/python3.12/site-packages/airflow/example_dags/example_skip_dag.py for tasks to queue
[2025-08-09T18:36:35.050+0000] {logging_mixin.py:188} INFO - [2025-08-09T18:36:35.049+0000] {dagbag.py:540} INFO - Filling up the DagBag from /home/airflow/.local/lib/python3.12/site-packages/airflow/example_dags/example_skip_dag.py
[2025-08-09T18:36:35.064+0000] {processor.py:840} INFO - DAG(s) 'example_skip_dag' retrieved from /home/airflow/.local/lib/python3.12/site-packages/airflow/example_dags/example_skip_dag.py
[2025-08-09T18:36:35.125+0000] {logging_mixin.py:188} INFO - [2025-08-09T18:36:35.124+0000] {dag.py:3096} INFO - Sync 1 DAGs
[2025-08-09T18:36:35.191+0000] {logging_mixin.py:188} INFO - [2025-08-09T18:36:35.191+0000] {dag.py:3954} INFO - Setting next_dagrun for example_skip_dag to 2025-08-08 00:00:00+00:00, run_after=2025-08-09 00:00:00+00:00
[2025-08-09T18:36:35.224+0000] {processor.py:183} INFO - Processing /home/airflow/.local/lib/python3.12/site-packages/airflow/example_dags/example_skip_dag.py took 0.209 seconds
[2025-08-09T18:37:05.442+0000] {processor.py:161} INFO - Started process (PID=1216) to work on /home/airflow/.local/lib/python3.12/site-packages/airflow/example_dags/example_skip_dag.py
[2025-08-09T18:37:05.443+0000] {processor.py:830} INFO - Processing file /home/airflow/.local/lib/python3.12/site-packages/airflow/example_dags/example_skip_dag.py for tasks to queue
[2025-08-09T18:37:05.445+0000] {logging_mixin.py:188} INFO - [2025-08-09T18:37:05.445+0000] {dagbag.py:540} INFO - Filling up the DagBag from /home/airflow/.local/lib/python3.12/site-packages/airflow/example_dags/example_skip_dag.py
[2025-08-09T18:37:05.452+0000] {processor.py:840} INFO - DAG(s) 'example_skip_dag' retrieved from /home/airflow/.local/lib/python3.12/site-packages/airflow/example_dags/example_skip_dag.py
[2025-08-09T18:37:05.477+0000] {logging_mixin.py:188} INFO - [2025-08-09T18:37:05.477+0000] {dag.py:3096} INFO - Sync 1 DAGs
[2025-08-09T18:37:05.509+0000] {logging_mixin.py:188} INFO - [2025-08-09T18:37:05.509+0000] {dag.py:3954} INFO - Setting next_dagrun for example_skip_dag to 2025-08-08 00:00:00+00:00, run_after=2025-08-09 00:00:00+00:00
[2025-08-09T18:37:05.554+0000] {processor.py:183} INFO - Processing /home/airflow/.local/lib/python3.12/site-packages/airflow/example_dags/example_skip_dag.py took 0.120 seconds
[2025-08-09T18:37:36.001+0000] {processor.py:161} INFO - Started process (PID=1275) to work on /home/airflow/.local/lib/python3.12/site-packages/airflow/example_dags/example_skip_dag.py
[2025-08-09T18:37:36.003+0000] {processor.py:830} INFO - Processing file /home/airflow/.local/lib/python3.12/site-packages/airflow/example_dags/example_skip_dag.py for tasks to queue
[2025-08-09T18:37:36.005+0000] {logging_mixin.py:188} INFO - [2025-08-09T18:37:36.005+0000] {dagbag.py:540} INFO - Filling up the DagBag from /home/airflow/.local/lib/python3.12/site-packages/airflow/example_dags/example_skip_dag.py
[2025-08-09T18:37:36.014+0000] {processor.py:840} INFO - DAG(s) 'example_skip_dag' retrieved from /home/airflow/.local/lib/python3.12/site-packages/airflow/example_dags/example_skip_dag.py
[2025-08-09T18:37:36.065+0000] {logging_mixin.py:188} INFO - [2025-08-09T18:37:36.065+0000] {dag.py:3096} INFO - Sync 1 DAGs
[2025-08-09T18:37:36.097+0000] {logging_mixin.py:188} INFO - [2025-08-09T18:37:36.096+0000] {dag.py:3954} INFO - Setting next_dagrun for example_skip_dag to 2025-08-08 00:00:00+00:00, run_after=2025-08-09 00:00:00+00:00
[2025-08-09T18:37:36.122+0000] {processor.py:183} INFO - Processing /home/airflow/.local/lib/python3.12/site-packages/airflow/example_dags/example_skip_dag.py took 0.129 seconds
[2025-08-09T18:38:06.755+0000] {processor.py:161} INFO - Started process (PID=1334) to work on /home/airflow/.local/lib/python3.12/site-packages/airflow/example_dags/example_skip_dag.py
[2025-08-09T18:38:06.756+0000] {processor.py:830} INFO - Processing file /home/airflow/.local/lib/python3.12/site-packages/airflow/example_dags/example_skip_dag.py for tasks to queue
[2025-08-09T18:38:06.758+0000] {logging_mixin.py:188} INFO - [2025-08-09T18:38:06.758+0000] {dagbag.py:540} INFO - Filling up the DagBag from /home/airflow/.local/lib/python3.12/site-packages/airflow/example_dags/example_skip_dag.py
[2025-08-09T18:38:06.766+0000] {processor.py:840} INFO - DAG(s) 'example_skip_dag' retrieved from /home/airflow/.local/lib/python3.12/site-packages/airflow/example_dags/example_skip_dag.py
[2025-08-09T18:38:06.799+0000] {logging_mixin.py:188} INFO - [2025-08-09T18:38:06.798+0000] {dag.py:3096} INFO - Sync 1 DAGs
[2025-08-09T18:38:06.845+0000] {logging_mixin.py:188} INFO - [2025-08-09T18:38:06.844+0000] {dag.py:3954} INFO - Setting next_dagrun for example_skip_dag to 2025-08-08 00:00:00+00:00, run_after=2025-08-09 00:00:00+00:00
[2025-08-09T18:38:06.887+0000] {processor.py:183} INFO - Processing /home/airflow/.local/lib/python3.12/site-packages/airflow/example_dags/example_skip_dag.py took 0.144 seconds
[2025-08-09T18:38:37.000+0000] {processor.py:161} INFO - Started process (PID=1393) to work on /home/airflow/.local/lib/python3.12/site-packages/airflow/example_dags/example_skip_dag.py
[2025-08-09T18:38:37.001+0000] {processor.py:830} INFO - Processing file /home/airflow/.local/lib/python3.12/site-packages/airflow/example_dags/example_skip_dag.py for tasks to queue
[2025-08-09T18:38:37.004+0000] {logging_mixin.py:188} INFO - [2025-08-09T18:38:37.004+0000] {dagbag.py:540} INFO - Filling up the DagBag from /home/airflow/.local/lib/python3.12/site-packages/airflow/example_dags/example_skip_dag.py
[2025-08-09T18:38:37.013+0000] {processor.py:840} INFO - DAG(s) 'example_skip_dag' retrieved from /home/airflow/.local/lib/python3.12/site-packages/airflow/example_dags/example_skip_dag.py
[2025-08-09T18:38:37.041+0000] {logging_mixin.py:188} INFO - [2025-08-09T18:38:37.041+0000] {dag.py:3096} INFO - Sync 1 DAGs
[2025-08-09T18:38:37.069+0000] {logging_mixin.py:188} INFO - [2025-08-09T18:38:37.068+0000] {dag.py:3954} INFO - Setting next_dagrun for example_skip_dag to 2025-08-08 00:00:00+00:00, run_after=2025-08-09 00:00:00+00:00
[2025-08-09T18:38:37.095+0000] {processor.py:183} INFO - Processing /home/airflow/.local/lib/python3.12/site-packages/airflow/example_dags/example_skip_dag.py took 0.106 seconds
[2025-08-09T18:39:07.406+0000] {processor.py:161} INFO - Started process (PID=1452) to work on /home/airflow/.local/lib/python3.12/site-packages/airflow/example_dags/example_skip_dag.py
[2025-08-09T18:39:07.408+0000] {processor.py:830} INFO - Processing file /home/airflow/.local/lib/python3.12/site-packages/airflow/example_dags/example_skip_dag.py for tasks to queue
[2025-08-09T18:39:07.423+0000] {logging_mixin.py:188} INFO - [2025-08-09T18:39:07.422+0000] {dagbag.py:540} INFO - Filling up the DagBag from /home/airflow/.local/lib/python3.12/site-packages/airflow/example_dags/example_skip_dag.py
[2025-08-09T18:39:07.433+0000] {processor.py:840} INFO - DAG(s) 'example_skip_dag' retrieved from /home/airflow/.local/lib/python3.12/site-packages/airflow/example_dags/example_skip_dag.py
[2025-08-09T18:39:07.466+0000] {logging_mixin.py:188} INFO - [2025-08-09T18:39:07.466+0000] {dag.py:3096} INFO - Sync 1 DAGs
[2025-08-09T18:39:07.502+0000] {logging_mixin.py:188} INFO - [2025-08-09T18:39:07.502+0000] {dag.py:3954} INFO - Setting next_dagrun for example_skip_dag to 2025-08-08 00:00:00+00:00, run_after=2025-08-09 00:00:00+00:00
[2025-08-09T18:39:07.541+0000] {processor.py:183} INFO - Processing /home/airflow/.local/lib/python3.12/site-packages/airflow/example_dags/example_skip_dag.py took 0.145 seconds
[2025-08-09T18:39:37.953+0000] {processor.py:161} INFO - Started process (PID=1511) to work on /home/airflow/.local/lib/python3.12/site-packages/airflow/example_dags/example_skip_dag.py
[2025-08-09T18:39:37.954+0000] {processor.py:830} INFO - Processing file /home/airflow/.local/lib/python3.12/site-packages/airflow/example_dags/example_skip_dag.py for tasks to queue
[2025-08-09T18:39:37.959+0000] {logging_mixin.py:188} INFO - [2025-08-09T18:39:37.958+0000] {dagbag.py:540} INFO - Filling up the DagBag from /home/airflow/.local/lib/python3.12/site-packages/airflow/example_dags/example_skip_dag.py
[2025-08-09T18:39:37.971+0000] {processor.py:840} INFO - DAG(s) 'example_skip_dag' retrieved from /home/airflow/.local/lib/python3.12/site-packages/airflow/example_dags/example_skip_dag.py
[2025-08-09T18:39:38.010+0000] {logging_mixin.py:188} INFO - [2025-08-09T18:39:38.010+0000] {dag.py:3096} INFO - Sync 1 DAGs
[2025-08-09T18:39:38.038+0000] {logging_mixin.py:188} INFO - [2025-08-09T18:39:38.038+0000] {dag.py:3954} INFO - Setting next_dagrun for example_skip_dag to 2025-08-08 00:00:00+00:00, run_after=2025-08-09 00:00:00+00:00
[2025-08-09T18:39:38.080+0000] {processor.py:183} INFO - Processing /home/airflow/.local/lib/python3.12/site-packages/airflow/example_dags/example_skip_dag.py took 0.139 seconds
[2025-08-09T18:40:08.920+0000] {processor.py:161} INFO - Started process (PID=1568) to work on /home/airflow/.local/lib/python3.12/site-packages/airflow/example_dags/example_skip_dag.py
[2025-08-09T18:40:08.921+0000] {processor.py:830} INFO - Processing file /home/airflow/.local/lib/python3.12/site-packages/airflow/example_dags/example_skip_dag.py for tasks to queue
[2025-08-09T18:40:08.925+0000] {logging_mixin.py:188} INFO - [2025-08-09T18:40:08.924+0000] {dagbag.py:540} INFO - Filling up the DagBag from /home/airflow/.local/lib/python3.12/site-packages/airflow/example_dags/example_skip_dag.py
[2025-08-09T18:40:08.936+0000] {processor.py:840} INFO - DAG(s) 'example_skip_dag' retrieved from /home/airflow/.local/lib/python3.12/site-packages/airflow/example_dags/example_skip_dag.py
[2025-08-09T18:40:08.974+0000] {logging_mixin.py:188} INFO - [2025-08-09T18:40:08.974+0000] {dag.py:3096} INFO - Sync 1 DAGs
[2025-08-09T18:40:09.013+0000] {logging_mixin.py:188} INFO - [2025-08-09T18:40:09.013+0000] {dag.py:3954} INFO - Setting next_dagrun for example_skip_dag to 2025-08-08 00:00:00+00:00, run_after=2025-08-09 00:00:00+00:00
[2025-08-09T18:40:09.054+0000] {processor.py:183} INFO - Processing /home/airflow/.local/lib/python3.12/site-packages/airflow/example_dags/example_skip_dag.py took 0.144 seconds
[2025-08-09T18:40:39.482+0000] {processor.py:161} INFO - Started process (PID=1627) to work on /home/airflow/.local/lib/python3.12/site-packages/airflow/example_dags/example_skip_dag.py
[2025-08-09T18:40:39.484+0000] {processor.py:830} INFO - Processing file /home/airflow/.local/lib/python3.12/site-packages/airflow/example_dags/example_skip_dag.py for tasks to queue
[2025-08-09T18:40:39.489+0000] {logging_mixin.py:188} INFO - [2025-08-09T18:40:39.488+0000] {dagbag.py:540} INFO - Filling up the DagBag from /home/airflow/.local/lib/python3.12/site-packages/airflow/example_dags/example_skip_dag.py
[2025-08-09T18:40:39.501+0000] {processor.py:840} INFO - DAG(s) 'example_skip_dag' retrieved from /home/airflow/.local/lib/python3.12/site-packages/airflow/example_dags/example_skip_dag.py
[2025-08-09T18:40:39.543+0000] {logging_mixin.py:188} INFO - [2025-08-09T18:40:39.542+0000] {dag.py:3096} INFO - Sync 1 DAGs
[2025-08-09T18:40:39.582+0000] {logging_mixin.py:188} INFO - [2025-08-09T18:40:39.582+0000] {dag.py:3954} INFO - Setting next_dagrun for example_skip_dag to 2025-08-08 00:00:00+00:00, run_after=2025-08-09 00:00:00+00:00
[2025-08-09T18:40:39.620+0000] {processor.py:183} INFO - Processing /home/airflow/.local/lib/python3.12/site-packages/airflow/example_dags/example_skip_dag.py took 0.148 seconds
[2025-08-09T18:41:09.686+0000] {processor.py:161} INFO - Started process (PID=1687) to work on /home/airflow/.local/lib/python3.12/site-packages/airflow/example_dags/example_skip_dag.py
[2025-08-09T18:41:09.688+0000] {processor.py:830} INFO - Processing file /home/airflow/.local/lib/python3.12/site-packages/airflow/example_dags/example_skip_dag.py for tasks to queue
[2025-08-09T18:41:09.691+0000] {logging_mixin.py:188} INFO - [2025-08-09T18:41:09.690+0000] {dagbag.py:540} INFO - Filling up the DagBag from /home/airflow/.local/lib/python3.12/site-packages/airflow/example_dags/example_skip_dag.py
[2025-08-09T18:41:09.704+0000] {processor.py:840} INFO - DAG(s) 'example_skip_dag' retrieved from /home/airflow/.local/lib/python3.12/site-packages/airflow/example_dags/example_skip_dag.py
[2025-08-09T18:41:09.757+0000] {logging_mixin.py:188} INFO - [2025-08-09T18:41:09.757+0000] {dag.py:3096} INFO - Sync 1 DAGs
[2025-08-09T18:41:09.815+0000] {logging_mixin.py:188} INFO - [2025-08-09T18:41:09.814+0000] {dag.py:3954} INFO - Setting next_dagrun for example_skip_dag to 2025-08-08 00:00:00+00:00, run_after=2025-08-09 00:00:00+00:00
[2025-08-09T18:41:09.857+0000] {processor.py:183} INFO - Processing /home/airflow/.local/lib/python3.12/site-packages/airflow/example_dags/example_skip_dag.py took 0.183 seconds
[2025-08-09T18:41:40.402+0000] {processor.py:161} INFO - Started process (PID=1746) to work on /home/airflow/.local/lib/python3.12/site-packages/airflow/example_dags/example_skip_dag.py
[2025-08-09T18:41:40.408+0000] {processor.py:830} INFO - Processing file /home/airflow/.local/lib/python3.12/site-packages/airflow/example_dags/example_skip_dag.py for tasks to queue
[2025-08-09T18:41:40.417+0000] {logging_mixin.py:188} INFO - [2025-08-09T18:41:40.415+0000] {dagbag.py:540} INFO - Filling up the DagBag from /home/airflow/.local/lib/python3.12/site-packages/airflow/example_dags/example_skip_dag.py
[2025-08-09T18:41:40.442+0000] {processor.py:840} INFO - DAG(s) 'example_skip_dag' retrieved from /home/airflow/.local/lib/python3.12/site-packages/airflow/example_dags/example_skip_dag.py
[2025-08-09T18:41:40.554+0000] {logging_mixin.py:188} INFO - [2025-08-09T18:41:40.551+0000] {dag.py:3096} INFO - Sync 1 DAGs
[2025-08-09T18:41:40.688+0000] {logging_mixin.py:188} INFO - [2025-08-09T18:41:40.687+0000] {dag.py:3954} INFO - Setting next_dagrun for example_skip_dag to 2025-08-08 00:00:00+00:00, run_after=2025-08-09 00:00:00+00:00
[2025-08-09T18:41:40.741+0000] {processor.py:183} INFO - Processing /home/airflow/.local/lib/python3.12/site-packages/airflow/example_dags/example_skip_dag.py took 0.371 seconds
[2025-08-09T18:42:11.569+0000] {processor.py:161} INFO - Started process (PID=1805) to work on /home/airflow/.local/lib/python3.12/site-packages/airflow/example_dags/example_skip_dag.py
[2025-08-09T18:42:11.570+0000] {processor.py:830} INFO - Processing file /home/airflow/.local/lib/python3.12/site-packages/airflow/example_dags/example_skip_dag.py for tasks to queue
[2025-08-09T18:42:11.572+0000] {logging_mixin.py:188} INFO - [2025-08-09T18:42:11.572+0000] {dagbag.py:540} INFO - Filling up the DagBag from /home/airflow/.local/lib/python3.12/site-packages/airflow/example_dags/example_skip_dag.py
[2025-08-09T18:42:11.582+0000] {processor.py:840} INFO - DAG(s) 'example_skip_dag' retrieved from /home/airflow/.local/lib/python3.12/site-packages/airflow/example_dags/example_skip_dag.py
[2025-08-09T18:42:11.617+0000] {logging_mixin.py:188} INFO - [2025-08-09T18:42:11.617+0000] {dag.py:3096} INFO - Sync 1 DAGs
[2025-08-09T18:42:11.650+0000] {logging_mixin.py:188} INFO - [2025-08-09T18:42:11.650+0000] {dag.py:3954} INFO - Setting next_dagrun for example_skip_dag to 2025-08-08 00:00:00+00:00, run_after=2025-08-09 00:00:00+00:00
[2025-08-09T18:42:11.690+0000] {processor.py:183} INFO - Processing /home/airflow/.local/lib/python3.12/site-packages/airflow/example_dags/example_skip_dag.py took 0.130 seconds
[2025-08-09T18:42:42.139+0000] {processor.py:161} INFO - Started process (PID=1864) to work on /home/airflow/.local/lib/python3.12/site-packages/airflow/example_dags/example_skip_dag.py
[2025-08-09T18:42:42.140+0000] {processor.py:830} INFO - Processing file /home/airflow/.local/lib/python3.12/site-packages/airflow/example_dags/example_skip_dag.py for tasks to queue
[2025-08-09T18:42:42.142+0000] {logging_mixin.py:188} INFO - [2025-08-09T18:42:42.142+0000] {dagbag.py:540} INFO - Filling up the DagBag from /home/airflow/.local/lib/python3.12/site-packages/airflow/example_dags/example_skip_dag.py
[2025-08-09T18:42:42.151+0000] {processor.py:840} INFO - DAG(s) 'example_skip_dag' retrieved from /home/airflow/.local/lib/python3.12/site-packages/airflow/example_dags/example_skip_dag.py
[2025-08-09T18:42:42.179+0000] {logging_mixin.py:188} INFO - [2025-08-09T18:42:42.179+0000] {dag.py:3096} INFO - Sync 1 DAGs
[2025-08-09T18:42:42.210+0000] {logging_mixin.py:188} INFO - [2025-08-09T18:42:42.209+0000] {dag.py:3954} INFO - Setting next_dagrun for example_skip_dag to 2025-08-08 00:00:00+00:00, run_after=2025-08-09 00:00:00+00:00
[2025-08-09T18:42:42.244+0000] {processor.py:183} INFO - Processing /home/airflow/.local/lib/python3.12/site-packages/airflow/example_dags/example_skip_dag.py took 0.112 seconds
[2025-08-09T18:43:12.521+0000] {processor.py:161} INFO - Started process (PID=1923) to work on /home/airflow/.local/lib/python3.12/site-packages/airflow/example_dags/example_skip_dag.py
[2025-08-09T18:43:12.522+0000] {processor.py:830} INFO - Processing file /home/airflow/.local/lib/python3.12/site-packages/airflow/example_dags/example_skip_dag.py for tasks to queue
[2025-08-09T18:43:12.525+0000] {logging_mixin.py:188} INFO - [2025-08-09T18:43:12.525+0000] {dagbag.py:540} INFO - Filling up the DagBag from /home/airflow/.local/lib/python3.12/site-packages/airflow/example_dags/example_skip_dag.py
[2025-08-09T18:43:12.535+0000] {processor.py:840} INFO - DAG(s) 'example_skip_dag' retrieved from /home/airflow/.local/lib/python3.12/site-packages/airflow/example_dags/example_skip_dag.py
[2025-08-09T18:43:12.577+0000] {logging_mixin.py:188} INFO - [2025-08-09T18:43:12.577+0000] {dag.py:3096} INFO - Sync 1 DAGs
[2025-08-09T18:43:12.616+0000] {logging_mixin.py:188} INFO - [2025-08-09T18:43:12.615+0000] {dag.py:3954} INFO - Setting next_dagrun for example_skip_dag to 2025-08-08 00:00:00+00:00, run_after=2025-08-09 00:00:00+00:00
[2025-08-09T18:43:12.648+0000] {processor.py:183} INFO - Processing /home/airflow/.local/lib/python3.12/site-packages/airflow/example_dags/example_skip_dag.py took 0.136 seconds
[2025-08-09T18:43:43.502+0000] {processor.py:161} INFO - Started process (PID=1982) to work on /home/airflow/.local/lib/python3.12/site-packages/airflow/example_dags/example_skip_dag.py
[2025-08-09T18:43:43.503+0000] {processor.py:830} INFO - Processing file /home/airflow/.local/lib/python3.12/site-packages/airflow/example_dags/example_skip_dag.py for tasks to queue
[2025-08-09T18:43:43.505+0000] {logging_mixin.py:188} INFO - [2025-08-09T18:43:43.505+0000] {dagbag.py:540} INFO - Filling up the DagBag from /home/airflow/.local/lib/python3.12/site-packages/airflow/example_dags/example_skip_dag.py
[2025-08-09T18:43:43.515+0000] {processor.py:840} INFO - DAG(s) 'example_skip_dag' retrieved from /home/airflow/.local/lib/python3.12/site-packages/airflow/example_dags/example_skip_dag.py
[2025-08-09T18:43:43.544+0000] {logging_mixin.py:188} INFO - [2025-08-09T18:43:43.543+0000] {dag.py:3096} INFO - Sync 1 DAGs
[2025-08-09T18:43:43.574+0000] {logging_mixin.py:188} INFO - [2025-08-09T18:43:43.574+0000] {dag.py:3954} INFO - Setting next_dagrun for example_skip_dag to 2025-08-08 00:00:00+00:00, run_after=2025-08-09 00:00:00+00:00
[2025-08-09T18:43:43.613+0000] {processor.py:183} INFO - Processing /home/airflow/.local/lib/python3.12/site-packages/airflow/example_dags/example_skip_dag.py took 0.124 seconds
[2025-08-09T18:44:14.027+0000] {processor.py:161} INFO - Started process (PID=2041) to work on /home/airflow/.local/lib/python3.12/site-packages/airflow/example_dags/example_skip_dag.py
[2025-08-09T18:44:14.028+0000] {processor.py:830} INFO - Processing file /home/airflow/.local/lib/python3.12/site-packages/airflow/example_dags/example_skip_dag.py for tasks to queue
[2025-08-09T18:44:14.031+0000] {logging_mixin.py:188} INFO - [2025-08-09T18:44:14.030+0000] {dagbag.py:540} INFO - Filling up the DagBag from /home/airflow/.local/lib/python3.12/site-packages/airflow/example_dags/example_skip_dag.py
[2025-08-09T18:44:14.039+0000] {processor.py:840} INFO - DAG(s) 'example_skip_dag' retrieved from /home/airflow/.local/lib/python3.12/site-packages/airflow/example_dags/example_skip_dag.py
[2025-08-09T18:44:14.067+0000] {logging_mixin.py:188} INFO - [2025-08-09T18:44:14.067+0000] {dag.py:3096} INFO - Sync 1 DAGs
[2025-08-09T18:44:14.108+0000] {logging_mixin.py:188} INFO - [2025-08-09T18:44:14.107+0000] {dag.py:3954} INFO - Setting next_dagrun for example_skip_dag to 2025-08-08 00:00:00+00:00, run_after=2025-08-09 00:00:00+00:00
[2025-08-09T18:44:14.147+0000] {processor.py:183} INFO - Processing /home/airflow/.local/lib/python3.12/site-packages/airflow/example_dags/example_skip_dag.py took 0.130 seconds
[2025-08-09T18:44:44.647+0000] {processor.py:161} INFO - Started process (PID=2100) to work on /home/airflow/.local/lib/python3.12/site-packages/airflow/example_dags/example_skip_dag.py
[2025-08-09T18:44:44.649+0000] {processor.py:830} INFO - Processing file /home/airflow/.local/lib/python3.12/site-packages/airflow/example_dags/example_skip_dag.py for tasks to queue
[2025-08-09T18:44:44.653+0000] {logging_mixin.py:188} INFO - [2025-08-09T18:44:44.653+0000] {dagbag.py:540} INFO - Filling up the DagBag from /home/airflow/.local/lib/python3.12/site-packages/airflow/example_dags/example_skip_dag.py
[2025-08-09T18:44:44.663+0000] {processor.py:840} INFO - DAG(s) 'example_skip_dag' retrieved from /home/airflow/.local/lib/python3.12/site-packages/airflow/example_dags/example_skip_dag.py
[2025-08-09T18:44:44.693+0000] {logging_mixin.py:188} INFO - [2025-08-09T18:44:44.692+0000] {dag.py:3096} INFO - Sync 1 DAGs
[2025-08-09T18:44:44.724+0000] {logging_mixin.py:188} INFO - [2025-08-09T18:44:44.723+0000] {dag.py:3954} INFO - Setting next_dagrun for example_skip_dag to 2025-08-08 00:00:00+00:00, run_after=2025-08-09 00:00:00+00:00
[2025-08-09T18:44:44.751+0000] {processor.py:183} INFO - Processing /home/airflow/.local/lib/python3.12/site-packages/airflow/example_dags/example_skip_dag.py took 0.116 seconds
