[2025-08-09T18:21:46.113+0000] {processor.py:161} INFO - Started process (PID=73) to work on /home/airflow/.local/lib/python3.12/site-packages/airflow/example_dags/example_branch_operator_decorator.py
[2025-08-09T18:21:46.123+0000] {processor.py:830} INFO - Processing file /home/airflow/.local/lib/python3.12/site-packages/airflow/example_dags/example_branch_operator_decorator.py for tasks to queue
[2025-08-09T18:21:46.151+0000] {logging_mixin.py:188} INFO - [2025-08-09T18:21:46.146+0000] {dagbag.py:540} INFO - Filling up the DagBag from /home/airflow/.local/lib/python3.12/site-packages/airflow/example_dags/example_branch_operator_decorator.py
[2025-08-09T18:21:46.227+0000] {processor.py:840} INFO - DAG(s) 'example_branch_python_operator_decorator' retrieved from /home/airflow/.local/lib/python3.12/site-packages/airflow/example_dags/example_branch_operator_decorator.py
[2025-08-09T18:21:46.644+0000] {logging_mixin.py:188} INFO - [2025-08-09T18:21:46.644+0000] {dag.py:3096} INFO - Sync 1 DAGs
[2025-08-09T18:21:46.711+0000] {logging_mixin.py:188} INFO - [2025-08-09T18:21:46.711+0000] {dag.py:3954} INFO - Setting next_dagrun for example_branch_python_operator_decorator to 2025-08-08 00:00:00+00:00, run_after=2025-08-09 00:00:00+00:00
[2025-08-09T18:21:46.777+0000] {processor.py:183} INFO - Processing /home/airflow/.local/lib/python3.12/site-packages/airflow/example_dags/example_branch_operator_decorator.py took 0.694 seconds
[2025-08-09T18:22:17.768+0000] {processor.py:161} INFO - Started process (PID=132) to work on /home/airflow/.local/lib/python3.12/site-packages/airflow/example_dags/example_branch_operator_decorator.py
[2025-08-09T18:22:17.773+0000] {processor.py:830} INFO - Processing file /home/airflow/.local/lib/python3.12/site-packages/airflow/example_dags/example_branch_operator_decorator.py for tasks to queue
[2025-08-09T18:22:17.775+0000] {logging_mixin.py:188} INFO - [2025-08-09T18:22:17.775+0000] {dagbag.py:540} INFO - Filling up the DagBag from /home/airflow/.local/lib/python3.12/site-packages/airflow/example_dags/example_branch_operator_decorator.py
[2025-08-09T18:22:17.810+0000] {processor.py:840} INFO - DAG(s) 'example_branch_python_operator_decorator' retrieved from /home/airflow/.local/lib/python3.12/site-packages/airflow/example_dags/example_branch_operator_decorator.py
[2025-08-09T18:22:17.849+0000] {logging_mixin.py:188} INFO - [2025-08-09T18:22:17.848+0000] {dag.py:3096} INFO - Sync 1 DAGs
[2025-08-09T18:22:17.877+0000] {logging_mixin.py:188} INFO - [2025-08-09T18:22:17.877+0000] {dag.py:3954} INFO - Setting next_dagrun for example_branch_python_operator_decorator to 2025-08-08 00:00:00+00:00, run_after=2025-08-09 00:00:00+00:00
[2025-08-09T18:22:17.938+0000] {processor.py:183} INFO - Processing /home/airflow/.local/lib/python3.12/site-packages/airflow/example_dags/example_branch_operator_decorator.py took 0.178 seconds
[2025-08-09T18:22:48.017+0000] {processor.py:161} INFO - Started process (PID=191) to work on /home/airflow/.local/lib/python3.12/site-packages/airflow/example_dags/example_branch_operator_decorator.py
[2025-08-09T18:22:48.018+0000] {processor.py:830} INFO - Processing file /home/airflow/.local/lib/python3.12/site-packages/airflow/example_dags/example_branch_operator_decorator.py for tasks to queue
[2025-08-09T18:22:48.021+0000] {logging_mixin.py:188} INFO - [2025-08-09T18:22:48.021+0000] {dagbag.py:540} INFO - Filling up the DagBag from /home/airflow/.local/lib/python3.12/site-packages/airflow/example_dags/example_branch_operator_decorator.py
[2025-08-09T18:22:48.061+0000] {processor.py:840} INFO - DAG(s) 'example_branch_python_operator_decorator' retrieved from /home/airflow/.local/lib/python3.12/site-packages/airflow/example_dags/example_branch_operator_decorator.py
[2025-08-09T18:22:48.119+0000] {logging_mixin.py:188} INFO - [2025-08-09T18:22:48.118+0000] {dag.py:3096} INFO - Sync 1 DAGs
[2025-08-09T18:22:48.170+0000] {logging_mixin.py:188} INFO - [2025-08-09T18:22:48.170+0000] {dag.py:3954} INFO - Setting next_dagrun for example_branch_python_operator_decorator to 2025-08-08 00:00:00+00:00, run_after=2025-08-09 00:00:00+00:00
[2025-08-09T18:22:48.213+0000] {processor.py:183} INFO - Processing /home/airflow/.local/lib/python3.12/site-packages/airflow/example_dags/example_branch_operator_decorator.py took 0.205 seconds
[2025-08-09T18:23:18.636+0000] {processor.py:161} INFO - Started process (PID=250) to work on /home/airflow/.local/lib/python3.12/site-packages/airflow/example_dags/example_branch_operator_decorator.py
[2025-08-09T18:23:18.638+0000] {processor.py:830} INFO - Processing file /home/airflow/.local/lib/python3.12/site-packages/airflow/example_dags/example_branch_operator_decorator.py for tasks to queue
[2025-08-09T18:23:18.642+0000] {logging_mixin.py:188} INFO - [2025-08-09T18:23:18.641+0000] {dagbag.py:540} INFO - Filling up the DagBag from /home/airflow/.local/lib/python3.12/site-packages/airflow/example_dags/example_branch_operator_decorator.py
[2025-08-09T18:23:18.674+0000] {processor.py:840} INFO - DAG(s) 'example_branch_python_operator_decorator' retrieved from /home/airflow/.local/lib/python3.12/site-packages/airflow/example_dags/example_branch_operator_decorator.py
[2025-08-09T18:23:18.718+0000] {logging_mixin.py:188} INFO - [2025-08-09T18:23:18.717+0000] {dag.py:3096} INFO - Sync 1 DAGs
[2025-08-09T18:23:18.752+0000] {logging_mixin.py:188} INFO - [2025-08-09T18:23:18.752+0000] {dag.py:3954} INFO - Setting next_dagrun for example_branch_python_operator_decorator to 2025-08-08 00:00:00+00:00, run_after=2025-08-09 00:00:00+00:00
[2025-08-09T18:23:18.782+0000] {processor.py:183} INFO - Processing /home/airflow/.local/lib/python3.12/site-packages/airflow/example_dags/example_branch_operator_decorator.py took 0.159 seconds
[2025-08-09T18:23:48.948+0000] {processor.py:161} INFO - Started process (PID=309) to work on /home/airflow/.local/lib/python3.12/site-packages/airflow/example_dags/example_branch_operator_decorator.py
[2025-08-09T18:23:48.949+0000] {processor.py:830} INFO - Processing file /home/airflow/.local/lib/python3.12/site-packages/airflow/example_dags/example_branch_operator_decorator.py for tasks to queue
[2025-08-09T18:23:48.952+0000] {logging_mixin.py:188} INFO - [2025-08-09T18:23:48.952+0000] {dagbag.py:540} INFO - Filling up the DagBag from /home/airflow/.local/lib/python3.12/site-packages/airflow/example_dags/example_branch_operator_decorator.py
[2025-08-09T18:23:48.989+0000] {processor.py:840} INFO - DAG(s) 'example_branch_python_operator_decorator' retrieved from /home/airflow/.local/lib/python3.12/site-packages/airflow/example_dags/example_branch_operator_decorator.py
[2025-08-09T18:23:49.033+0000] {logging_mixin.py:188} INFO - [2025-08-09T18:23:49.033+0000] {dag.py:3096} INFO - Sync 1 DAGs
[2025-08-09T18:23:49.061+0000] {logging_mixin.py:188} INFO - [2025-08-09T18:23:49.060+0000] {dag.py:3954} INFO - Setting next_dagrun for example_branch_python_operator_decorator to 2025-08-08 00:00:00+00:00, run_after=2025-08-09 00:00:00+00:00
[2025-08-09T18:23:49.086+0000] {processor.py:183} INFO - Processing /home/airflow/.local/lib/python3.12/site-packages/airflow/example_dags/example_branch_operator_decorator.py took 0.150 seconds
[2025-08-09T18:24:19.588+0000] {processor.py:161} INFO - Started process (PID=368) to work on /home/airflow/.local/lib/python3.12/site-packages/airflow/example_dags/example_branch_operator_decorator.py
[2025-08-09T18:24:19.589+0000] {processor.py:830} INFO - Processing file /home/airflow/.local/lib/python3.12/site-packages/airflow/example_dags/example_branch_operator_decorator.py for tasks to queue
[2025-08-09T18:24:19.591+0000] {logging_mixin.py:188} INFO - [2025-08-09T18:24:19.591+0000] {dagbag.py:540} INFO - Filling up the DagBag from /home/airflow/.local/lib/python3.12/site-packages/airflow/example_dags/example_branch_operator_decorator.py
[2025-08-09T18:24:19.625+0000] {processor.py:840} INFO - DAG(s) 'example_branch_python_operator_decorator' retrieved from /home/airflow/.local/lib/python3.12/site-packages/airflow/example_dags/example_branch_operator_decorator.py
[2025-08-09T18:24:19.683+0000] {logging_mixin.py:188} INFO - [2025-08-09T18:24:19.682+0000] {dag.py:3096} INFO - Sync 1 DAGs
[2025-08-09T18:24:19.743+0000] {logging_mixin.py:188} INFO - [2025-08-09T18:24:19.742+0000] {dag.py:3954} INFO - Setting next_dagrun for example_branch_python_operator_decorator to 2025-08-08 00:00:00+00:00, run_after=2025-08-09 00:00:00+00:00
[2025-08-09T18:24:19.789+0000] {processor.py:183} INFO - Processing /home/airflow/.local/lib/python3.12/site-packages/airflow/example_dags/example_branch_operator_decorator.py took 0.209 seconds
[2025-08-09T18:24:49.839+0000] {processor.py:161} INFO - Started process (PID=427) to work on /home/airflow/.local/lib/python3.12/site-packages/airflow/example_dags/example_branch_operator_decorator.py
[2025-08-09T18:24:49.840+0000] {processor.py:830} INFO - Processing file /home/airflow/.local/lib/python3.12/site-packages/airflow/example_dags/example_branch_operator_decorator.py for tasks to queue
[2025-08-09T18:24:49.843+0000] {logging_mixin.py:188} INFO - [2025-08-09T18:24:49.843+0000] {dagbag.py:540} INFO - Filling up the DagBag from /home/airflow/.local/lib/python3.12/site-packages/airflow/example_dags/example_branch_operator_decorator.py
[2025-08-09T18:24:49.882+0000] {processor.py:840} INFO - DAG(s) 'example_branch_python_operator_decorator' retrieved from /home/airflow/.local/lib/python3.12/site-packages/airflow/example_dags/example_branch_operator_decorator.py
[2025-08-09T18:24:49.935+0000] {logging_mixin.py:188} INFO - [2025-08-09T18:24:49.934+0000] {dag.py:3096} INFO - Sync 1 DAGs
[2025-08-09T18:24:49.978+0000] {logging_mixin.py:188} INFO - [2025-08-09T18:24:49.978+0000] {dag.py:3954} INFO - Setting next_dagrun for example_branch_python_operator_decorator to 2025-08-08 00:00:00+00:00, run_after=2025-08-09 00:00:00+00:00
[2025-08-09T18:24:50.024+0000] {processor.py:183} INFO - Processing /home/airflow/.local/lib/python3.12/site-packages/airflow/example_dags/example_branch_operator_decorator.py took 0.195 seconds
[2025-08-09T18:25:20.150+0000] {processor.py:161} INFO - Started process (PID=486) to work on /home/airflow/.local/lib/python3.12/site-packages/airflow/example_dags/example_branch_operator_decorator.py
[2025-08-09T18:25:20.151+0000] {processor.py:830} INFO - Processing file /home/airflow/.local/lib/python3.12/site-packages/airflow/example_dags/example_branch_operator_decorator.py for tasks to queue
[2025-08-09T18:25:20.154+0000] {logging_mixin.py:188} INFO - [2025-08-09T18:25:20.153+0000] {dagbag.py:540} INFO - Filling up the DagBag from /home/airflow/.local/lib/python3.12/site-packages/airflow/example_dags/example_branch_operator_decorator.py
[2025-08-09T18:25:20.190+0000] {processor.py:840} INFO - DAG(s) 'example_branch_python_operator_decorator' retrieved from /home/airflow/.local/lib/python3.12/site-packages/airflow/example_dags/example_branch_operator_decorator.py
[2025-08-09T18:25:20.248+0000] {logging_mixin.py:188} INFO - [2025-08-09T18:25:20.248+0000] {dag.py:3096} INFO - Sync 1 DAGs
[2025-08-09T18:25:20.278+0000] {logging_mixin.py:188} INFO - [2025-08-09T18:25:20.278+0000] {dag.py:3954} INFO - Setting next_dagrun for example_branch_python_operator_decorator to 2025-08-08 00:00:00+00:00, run_after=2025-08-09 00:00:00+00:00
[2025-08-09T18:25:20.304+0000] {processor.py:183} INFO - Processing /home/airflow/.local/lib/python3.12/site-packages/airflow/example_dags/example_branch_operator_decorator.py took 0.161 seconds
[2025-08-09T18:27:14.997+0000] {processor.py:161} INFO - Started process (PID=74) to work on /home/airflow/.local/lib/python3.12/site-packages/airflow/example_dags/example_branch_operator_decorator.py
[2025-08-09T18:27:15.002+0000] {processor.py:830} INFO - Processing file /home/airflow/.local/lib/python3.12/site-packages/airflow/example_dags/example_branch_operator_decorator.py for tasks to queue
[2025-08-09T18:27:15.013+0000] {logging_mixin.py:188} INFO - [2025-08-09T18:27:15.011+0000] {dagbag.py:540} INFO - Filling up the DagBag from /home/airflow/.local/lib/python3.12/site-packages/airflow/example_dags/example_branch_operator_decorator.py
[2025-08-09T18:27:15.186+0000] {processor.py:840} INFO - DAG(s) 'example_branch_python_operator_decorator' retrieved from /home/airflow/.local/lib/python3.12/site-packages/airflow/example_dags/example_branch_operator_decorator.py
[2025-08-09T18:27:15.704+0000] {logging_mixin.py:188} INFO - [2025-08-09T18:27:15.703+0000] {dag.py:3096} INFO - Sync 1 DAGs
[2025-08-09T18:27:15.782+0000] {logging_mixin.py:188} INFO - [2025-08-09T18:27:15.782+0000] {dag.py:3954} INFO - Setting next_dagrun for example_branch_python_operator_decorator to 2025-08-08 00:00:00+00:00, run_after=2025-08-09 00:00:00+00:00
[2025-08-09T18:27:15.840+0000] {processor.py:183} INFO - Processing /home/airflow/.local/lib/python3.12/site-packages/airflow/example_dags/example_branch_operator_decorator.py took 0.881 seconds
[2025-08-09T18:27:46.333+0000] {processor.py:161} INFO - Started process (PID=133) to work on /home/airflow/.local/lib/python3.12/site-packages/airflow/example_dags/example_branch_operator_decorator.py
[2025-08-09T18:27:46.339+0000] {processor.py:830} INFO - Processing file /home/airflow/.local/lib/python3.12/site-packages/airflow/example_dags/example_branch_operator_decorator.py for tasks to queue
[2025-08-09T18:27:46.358+0000] {logging_mixin.py:188} INFO - [2025-08-09T18:27:46.352+0000] {dagbag.py:540} INFO - Filling up the DagBag from /home/airflow/.local/lib/python3.12/site-packages/airflow/example_dags/example_branch_operator_decorator.py
[2025-08-09T18:27:46.546+0000] {processor.py:840} INFO - DAG(s) 'example_branch_python_operator_decorator' retrieved from /home/airflow/.local/lib/python3.12/site-packages/airflow/example_dags/example_branch_operator_decorator.py
[2025-08-09T18:27:46.686+0000] {logging_mixin.py:188} INFO - [2025-08-09T18:27:46.683+0000] {dag.py:3096} INFO - Sync 1 DAGs
[2025-08-09T18:27:46.833+0000] {logging_mixin.py:188} INFO - [2025-08-09T18:27:46.832+0000] {dag.py:3954} INFO - Setting next_dagrun for example_branch_python_operator_decorator to 2025-08-08 00:00:00+00:00, run_after=2025-08-09 00:00:00+00:00
[2025-08-09T18:27:46.935+0000] {processor.py:183} INFO - Processing /home/airflow/.local/lib/python3.12/site-packages/airflow/example_dags/example_branch_operator_decorator.py took 0.636 seconds
[2025-08-09T18:28:17.512+0000] {processor.py:161} INFO - Started process (PID=192) to work on /home/airflow/.local/lib/python3.12/site-packages/airflow/example_dags/example_branch_operator_decorator.py
[2025-08-09T18:28:17.514+0000] {processor.py:830} INFO - Processing file /home/airflow/.local/lib/python3.12/site-packages/airflow/example_dags/example_branch_operator_decorator.py for tasks to queue
[2025-08-09T18:28:17.516+0000] {logging_mixin.py:188} INFO - [2025-08-09T18:28:17.516+0000] {dagbag.py:540} INFO - Filling up the DagBag from /home/airflow/.local/lib/python3.12/site-packages/airflow/example_dags/example_branch_operator_decorator.py
[2025-08-09T18:28:17.549+0000] {processor.py:840} INFO - DAG(s) 'example_branch_python_operator_decorator' retrieved from /home/airflow/.local/lib/python3.12/site-packages/airflow/example_dags/example_branch_operator_decorator.py
[2025-08-09T18:28:17.606+0000] {logging_mixin.py:188} INFO - [2025-08-09T18:28:17.605+0000] {dag.py:3096} INFO - Sync 1 DAGs
[2025-08-09T18:28:17.653+0000] {logging_mixin.py:188} INFO - [2025-08-09T18:28:17.652+0000] {dag.py:3954} INFO - Setting next_dagrun for example_branch_python_operator_decorator to 2025-08-08 00:00:00+00:00, run_after=2025-08-09 00:00:00+00:00
[2025-08-09T18:28:17.695+0000] {processor.py:183} INFO - Processing /home/airflow/.local/lib/python3.12/site-packages/airflow/example_dags/example_branch_operator_decorator.py took 0.192 seconds
[2025-08-09T18:28:47.851+0000] {processor.py:161} INFO - Started process (PID=252) to work on /home/airflow/.local/lib/python3.12/site-packages/airflow/example_dags/example_branch_operator_decorator.py
[2025-08-09T18:28:47.852+0000] {processor.py:830} INFO - Processing file /home/airflow/.local/lib/python3.12/site-packages/airflow/example_dags/example_branch_operator_decorator.py for tasks to queue
[2025-08-09T18:28:47.855+0000] {logging_mixin.py:188} INFO - [2025-08-09T18:28:47.854+0000] {dagbag.py:540} INFO - Filling up the DagBag from /home/airflow/.local/lib/python3.12/site-packages/airflow/example_dags/example_branch_operator_decorator.py
[2025-08-09T18:28:47.936+0000] {processor.py:840} INFO - DAG(s) 'example_branch_python_operator_decorator' retrieved from /home/airflow/.local/lib/python3.12/site-packages/airflow/example_dags/example_branch_operator_decorator.py
[2025-08-09T18:28:48.099+0000] {logging_mixin.py:188} INFO - [2025-08-09T18:28:48.093+0000] {dag.py:3096} INFO - Sync 1 DAGs
[2025-08-09T18:28:48.182+0000] {logging_mixin.py:188} INFO - [2025-08-09T18:28:48.182+0000] {dag.py:3954} INFO - Setting next_dagrun for example_branch_python_operator_decorator to 2025-08-08 00:00:00+00:00, run_after=2025-08-09 00:00:00+00:00
[2025-08-09T18:28:49.340+0000] {processor.py:183} INFO - Processing /home/airflow/.local/lib/python3.12/site-packages/airflow/example_dags/example_branch_operator_decorator.py took 1.501 seconds
[2025-08-09T18:29:20.095+0000] {processor.py:161} INFO - Started process (PID=311) to work on /home/airflow/.local/lib/python3.12/site-packages/airflow/example_dags/example_branch_operator_decorator.py
[2025-08-09T18:29:20.107+0000] {processor.py:830} INFO - Processing file /home/airflow/.local/lib/python3.12/site-packages/airflow/example_dags/example_branch_operator_decorator.py for tasks to queue
[2025-08-09T18:29:20.111+0000] {logging_mixin.py:188} INFO - [2025-08-09T18:29:20.110+0000] {dagbag.py:540} INFO - Filling up the DagBag from /home/airflow/.local/lib/python3.12/site-packages/airflow/example_dags/example_branch_operator_decorator.py
[2025-08-09T18:29:20.142+0000] {processor.py:840} INFO - DAG(s) 'example_branch_python_operator_decorator' retrieved from /home/airflow/.local/lib/python3.12/site-packages/airflow/example_dags/example_branch_operator_decorator.py
[2025-08-09T18:29:20.200+0000] {logging_mixin.py:188} INFO - [2025-08-09T18:29:20.200+0000] {dag.py:3096} INFO - Sync 1 DAGs
[2025-08-09T18:29:20.233+0000] {logging_mixin.py:188} INFO - [2025-08-09T18:29:20.233+0000] {dag.py:3954} INFO - Setting next_dagrun for example_branch_python_operator_decorator to 2025-08-08 00:00:00+00:00, run_after=2025-08-09 00:00:00+00:00
[2025-08-09T18:29:20.261+0000] {processor.py:183} INFO - Processing /home/airflow/.local/lib/python3.12/site-packages/airflow/example_dags/example_branch_operator_decorator.py took 0.174 seconds
[2025-08-09T18:29:50.624+0000] {processor.py:161} INFO - Started process (PID=370) to work on /home/airflow/.local/lib/python3.12/site-packages/airflow/example_dags/example_branch_operator_decorator.py
[2025-08-09T18:29:50.625+0000] {processor.py:830} INFO - Processing file /home/airflow/.local/lib/python3.12/site-packages/airflow/example_dags/example_branch_operator_decorator.py for tasks to queue
[2025-08-09T18:29:50.628+0000] {logging_mixin.py:188} INFO - [2025-08-09T18:29:50.627+0000] {dagbag.py:540} INFO - Filling up the DagBag from /home/airflow/.local/lib/python3.12/site-packages/airflow/example_dags/example_branch_operator_decorator.py
[2025-08-09T18:29:50.652+0000] {processor.py:840} INFO - DAG(s) 'example_branch_python_operator_decorator' retrieved from /home/airflow/.local/lib/python3.12/site-packages/airflow/example_dags/example_branch_operator_decorator.py
[2025-08-09T18:29:50.689+0000] {logging_mixin.py:188} INFO - [2025-08-09T18:29:50.689+0000] {dag.py:3096} INFO - Sync 1 DAGs
[2025-08-09T18:29:50.736+0000] {logging_mixin.py:188} INFO - [2025-08-09T18:29:50.735+0000] {dag.py:3954} INFO - Setting next_dagrun for example_branch_python_operator_decorator to 2025-08-08 00:00:00+00:00, run_after=2025-08-09 00:00:00+00:00
[2025-08-09T18:29:50.778+0000] {processor.py:183} INFO - Processing /home/airflow/.local/lib/python3.12/site-packages/airflow/example_dags/example_branch_operator_decorator.py took 0.160 seconds
[2025-08-09T18:30:20.967+0000] {processor.py:161} INFO - Started process (PID=431) to work on /home/airflow/.local/lib/python3.12/site-packages/airflow/example_dags/example_branch_operator_decorator.py
[2025-08-09T18:30:20.969+0000] {processor.py:830} INFO - Processing file /home/airflow/.local/lib/python3.12/site-packages/airflow/example_dags/example_branch_operator_decorator.py for tasks to queue
[2025-08-09T18:30:20.973+0000] {logging_mixin.py:188} INFO - [2025-08-09T18:30:20.972+0000] {dagbag.py:540} INFO - Filling up the DagBag from /home/airflow/.local/lib/python3.12/site-packages/airflow/example_dags/example_branch_operator_decorator.py
[2025-08-09T18:30:21.022+0000] {processor.py:840} INFO - DAG(s) 'example_branch_python_operator_decorator' retrieved from /home/airflow/.local/lib/python3.12/site-packages/airflow/example_dags/example_branch_operator_decorator.py
[2025-08-09T18:30:21.078+0000] {logging_mixin.py:188} INFO - [2025-08-09T18:30:21.078+0000] {dag.py:3096} INFO - Sync 1 DAGs
[2025-08-09T18:30:21.121+0000] {logging_mixin.py:188} INFO - [2025-08-09T18:30:21.121+0000] {dag.py:3954} INFO - Setting next_dagrun for example_branch_python_operator_decorator to 2025-08-08 00:00:00+00:00, run_after=2025-08-09 00:00:00+00:00
[2025-08-09T18:30:21.154+0000] {processor.py:183} INFO - Processing /home/airflow/.local/lib/python3.12/site-packages/airflow/example_dags/example_branch_operator_decorator.py took 0.197 seconds
[2025-08-09T18:30:51.612+0000] {processor.py:161} INFO - Started process (PID=489) to work on /home/airflow/.local/lib/python3.12/site-packages/airflow/example_dags/example_branch_operator_decorator.py
[2025-08-09T18:30:51.614+0000] {processor.py:830} INFO - Processing file /home/airflow/.local/lib/python3.12/site-packages/airflow/example_dags/example_branch_operator_decorator.py for tasks to queue
[2025-08-09T18:30:51.621+0000] {logging_mixin.py:188} INFO - [2025-08-09T18:30:51.620+0000] {dagbag.py:540} INFO - Filling up the DagBag from /home/airflow/.local/lib/python3.12/site-packages/airflow/example_dags/example_branch_operator_decorator.py
[2025-08-09T18:30:51.677+0000] {processor.py:840} INFO - DAG(s) 'example_branch_python_operator_decorator' retrieved from /home/airflow/.local/lib/python3.12/site-packages/airflow/example_dags/example_branch_operator_decorator.py
[2025-08-09T18:30:51.716+0000] {logging_mixin.py:188} INFO - [2025-08-09T18:30:51.715+0000] {dag.py:3096} INFO - Sync 1 DAGs
[2025-08-09T18:30:51.744+0000] {logging_mixin.py:188} INFO - [2025-08-09T18:30:51.744+0000] {dag.py:3954} INFO - Setting next_dagrun for example_branch_python_operator_decorator to 2025-08-08 00:00:00+00:00, run_after=2025-08-09 00:00:00+00:00
[2025-08-09T18:30:51.774+0000] {processor.py:183} INFO - Processing /home/airflow/.local/lib/python3.12/site-packages/airflow/example_dags/example_branch_operator_decorator.py took 0.182 seconds
[2025-08-09T18:31:21.847+0000] {processor.py:161} INFO - Started process (PID=548) to work on /home/airflow/.local/lib/python3.12/site-packages/airflow/example_dags/example_branch_operator_decorator.py
[2025-08-09T18:31:21.849+0000] {processor.py:830} INFO - Processing file /home/airflow/.local/lib/python3.12/site-packages/airflow/example_dags/example_branch_operator_decorator.py for tasks to queue
[2025-08-09T18:31:21.851+0000] {logging_mixin.py:188} INFO - [2025-08-09T18:31:21.851+0000] {dagbag.py:540} INFO - Filling up the DagBag from /home/airflow/.local/lib/python3.12/site-packages/airflow/example_dags/example_branch_operator_decorator.py
[2025-08-09T18:31:21.889+0000] {processor.py:840} INFO - DAG(s) 'example_branch_python_operator_decorator' retrieved from /home/airflow/.local/lib/python3.12/site-packages/airflow/example_dags/example_branch_operator_decorator.py
[2025-08-09T18:31:21.936+0000] {logging_mixin.py:188} INFO - [2025-08-09T18:31:21.935+0000] {dag.py:3096} INFO - Sync 1 DAGs
[2025-08-09T18:31:21.973+0000] {logging_mixin.py:188} INFO - [2025-08-09T18:31:21.973+0000] {dag.py:3954} INFO - Setting next_dagrun for example_branch_python_operator_decorator to 2025-08-08 00:00:00+00:00, run_after=2025-08-09 00:00:00+00:00
[2025-08-09T18:31:21.998+0000] {processor.py:183} INFO - Processing /home/airflow/.local/lib/python3.12/site-packages/airflow/example_dags/example_branch_operator_decorator.py took 0.157 seconds
[2025-08-09T18:31:52.801+0000] {processor.py:161} INFO - Started process (PID=607) to work on /home/airflow/.local/lib/python3.12/site-packages/airflow/example_dags/example_branch_operator_decorator.py
[2025-08-09T18:31:52.805+0000] {processor.py:830} INFO - Processing file /home/airflow/.local/lib/python3.12/site-packages/airflow/example_dags/example_branch_operator_decorator.py for tasks to queue
[2025-08-09T18:31:52.810+0000] {logging_mixin.py:188} INFO - [2025-08-09T18:31:52.809+0000] {dagbag.py:540} INFO - Filling up the DagBag from /home/airflow/.local/lib/python3.12/site-packages/airflow/example_dags/example_branch_operator_decorator.py
[2025-08-09T18:31:52.874+0000] {processor.py:840} INFO - DAG(s) 'example_branch_python_operator_decorator' retrieved from /home/airflow/.local/lib/python3.12/site-packages/airflow/example_dags/example_branch_operator_decorator.py
[2025-08-09T18:31:52.917+0000] {logging_mixin.py:188} INFO - [2025-08-09T18:31:52.917+0000] {dag.py:3096} INFO - Sync 1 DAGs
[2025-08-09T18:31:52.945+0000] {logging_mixin.py:188} INFO - [2025-08-09T18:31:52.945+0000] {dag.py:3954} INFO - Setting next_dagrun for example_branch_python_operator_decorator to 2025-08-08 00:00:00+00:00, run_after=2025-08-09 00:00:00+00:00
[2025-08-09T18:31:52.967+0000] {processor.py:183} INFO - Processing /home/airflow/.local/lib/python3.12/site-packages/airflow/example_dags/example_branch_operator_decorator.py took 0.182 seconds
[2025-08-09T18:32:23.187+0000] {processor.py:161} INFO - Started process (PID=667) to work on /home/airflow/.local/lib/python3.12/site-packages/airflow/example_dags/example_branch_operator_decorator.py
[2025-08-09T18:32:23.188+0000] {processor.py:830} INFO - Processing file /home/airflow/.local/lib/python3.12/site-packages/airflow/example_dags/example_branch_operator_decorator.py for tasks to queue
[2025-08-09T18:32:23.192+0000] {logging_mixin.py:188} INFO - [2025-08-09T18:32:23.191+0000] {dagbag.py:540} INFO - Filling up the DagBag from /home/airflow/.local/lib/python3.12/site-packages/airflow/example_dags/example_branch_operator_decorator.py
[2025-08-09T18:32:23.237+0000] {processor.py:840} INFO - DAG(s) 'example_branch_python_operator_decorator' retrieved from /home/airflow/.local/lib/python3.12/site-packages/airflow/example_dags/example_branch_operator_decorator.py
[2025-08-09T18:32:23.279+0000] {logging_mixin.py:188} INFO - [2025-08-09T18:32:23.278+0000] {dag.py:3096} INFO - Sync 1 DAGs
[2025-08-09T18:32:23.316+0000] {logging_mixin.py:188} INFO - [2025-08-09T18:32:23.316+0000] {dag.py:3954} INFO - Setting next_dagrun for example_branch_python_operator_decorator to 2025-08-08 00:00:00+00:00, run_after=2025-08-09 00:00:00+00:00
[2025-08-09T18:32:23.351+0000] {processor.py:183} INFO - Processing /home/airflow/.local/lib/python3.12/site-packages/airflow/example_dags/example_branch_operator_decorator.py took 0.174 seconds
[2025-08-09T18:32:53.589+0000] {processor.py:161} INFO - Started process (PID=726) to work on /home/airflow/.local/lib/python3.12/site-packages/airflow/example_dags/example_branch_operator_decorator.py
[2025-08-09T18:32:53.590+0000] {processor.py:830} INFO - Processing file /home/airflow/.local/lib/python3.12/site-packages/airflow/example_dags/example_branch_operator_decorator.py for tasks to queue
[2025-08-09T18:32:53.594+0000] {logging_mixin.py:188} INFO - [2025-08-09T18:32:53.593+0000] {dagbag.py:540} INFO - Filling up the DagBag from /home/airflow/.local/lib/python3.12/site-packages/airflow/example_dags/example_branch_operator_decorator.py
[2025-08-09T18:32:53.638+0000] {processor.py:840} INFO - DAG(s) 'example_branch_python_operator_decorator' retrieved from /home/airflow/.local/lib/python3.12/site-packages/airflow/example_dags/example_branch_operator_decorator.py
[2025-08-09T18:32:53.684+0000] {logging_mixin.py:188} INFO - [2025-08-09T18:32:53.683+0000] {dag.py:3096} INFO - Sync 1 DAGs
[2025-08-09T18:32:53.721+0000] {logging_mixin.py:188} INFO - [2025-08-09T18:32:53.721+0000] {dag.py:3954} INFO - Setting next_dagrun for example_branch_python_operator_decorator to 2025-08-08 00:00:00+00:00, run_after=2025-08-09 00:00:00+00:00
[2025-08-09T18:32:53.759+0000] {processor.py:183} INFO - Processing /home/airflow/.local/lib/python3.12/site-packages/airflow/example_dags/example_branch_operator_decorator.py took 0.184 seconds
[2025-08-09T18:33:23.997+0000] {processor.py:161} INFO - Started process (PID=785) to work on /home/airflow/.local/lib/python3.12/site-packages/airflow/example_dags/example_branch_operator_decorator.py
[2025-08-09T18:33:23.998+0000] {processor.py:830} INFO - Processing file /home/airflow/.local/lib/python3.12/site-packages/airflow/example_dags/example_branch_operator_decorator.py for tasks to queue
[2025-08-09T18:33:24.000+0000] {logging_mixin.py:188} INFO - [2025-08-09T18:33:24.000+0000] {dagbag.py:540} INFO - Filling up the DagBag from /home/airflow/.local/lib/python3.12/site-packages/airflow/example_dags/example_branch_operator_decorator.py
[2025-08-09T18:33:24.024+0000] {processor.py:840} INFO - DAG(s) 'example_branch_python_operator_decorator' retrieved from /home/airflow/.local/lib/python3.12/site-packages/airflow/example_dags/example_branch_operator_decorator.py
[2025-08-09T18:33:24.060+0000] {logging_mixin.py:188} INFO - [2025-08-09T18:33:24.060+0000] {dag.py:3096} INFO - Sync 1 DAGs
[2025-08-09T18:33:24.090+0000] {logging_mixin.py:188} INFO - [2025-08-09T18:33:24.090+0000] {dag.py:3954} INFO - Setting next_dagrun for example_branch_python_operator_decorator to 2025-08-08 00:00:00+00:00, run_after=2025-08-09 00:00:00+00:00
[2025-08-09T18:33:24.284+0000] {processor.py:183} INFO - Processing /home/airflow/.local/lib/python3.12/site-packages/airflow/example_dags/example_branch_operator_decorator.py took 0.294 seconds
[2025-08-09T18:33:54.633+0000] {processor.py:161} INFO - Started process (PID=845) to work on /home/airflow/.local/lib/python3.12/site-packages/airflow/example_dags/example_branch_operator_decorator.py
[2025-08-09T18:33:54.634+0000] {processor.py:830} INFO - Processing file /home/airflow/.local/lib/python3.12/site-packages/airflow/example_dags/example_branch_operator_decorator.py for tasks to queue
[2025-08-09T18:33:54.637+0000] {logging_mixin.py:188} INFO - [2025-08-09T18:33:54.636+0000] {dagbag.py:540} INFO - Filling up the DagBag from /home/airflow/.local/lib/python3.12/site-packages/airflow/example_dags/example_branch_operator_decorator.py
[2025-08-09T18:33:54.665+0000] {processor.py:840} INFO - DAG(s) 'example_branch_python_operator_decorator' retrieved from /home/airflow/.local/lib/python3.12/site-packages/airflow/example_dags/example_branch_operator_decorator.py
[2025-08-09T18:33:54.709+0000] {logging_mixin.py:188} INFO - [2025-08-09T18:33:54.708+0000] {dag.py:3096} INFO - Sync 1 DAGs
[2025-08-09T18:33:54.739+0000] {logging_mixin.py:188} INFO - [2025-08-09T18:33:54.739+0000] {dag.py:3954} INFO - Setting next_dagrun for example_branch_python_operator_decorator to 2025-08-08 00:00:00+00:00, run_after=2025-08-09 00:00:00+00:00
[2025-08-09T18:33:54.765+0000] {processor.py:183} INFO - Processing /home/airflow/.local/lib/python3.12/site-packages/airflow/example_dags/example_branch_operator_decorator.py took 0.140 seconds
[2025-08-09T18:34:24.976+0000] {processor.py:161} INFO - Started process (PID=904) to work on /home/airflow/.local/lib/python3.12/site-packages/airflow/example_dags/example_branch_operator_decorator.py
[2025-08-09T18:34:24.977+0000] {processor.py:830} INFO - Processing file /home/airflow/.local/lib/python3.12/site-packages/airflow/example_dags/example_branch_operator_decorator.py for tasks to queue
[2025-08-09T18:34:24.980+0000] {logging_mixin.py:188} INFO - [2025-08-09T18:34:24.979+0000] {dagbag.py:540} INFO - Filling up the DagBag from /home/airflow/.local/lib/python3.12/site-packages/airflow/example_dags/example_branch_operator_decorator.py
[2025-08-09T18:34:25.006+0000] {processor.py:840} INFO - DAG(s) 'example_branch_python_operator_decorator' retrieved from /home/airflow/.local/lib/python3.12/site-packages/airflow/example_dags/example_branch_operator_decorator.py
[2025-08-09T18:34:25.042+0000] {logging_mixin.py:188} INFO - [2025-08-09T18:34:25.042+0000] {dag.py:3096} INFO - Sync 1 DAGs
[2025-08-09T18:34:25.072+0000] {logging_mixin.py:188} INFO - [2025-08-09T18:34:25.071+0000] {dag.py:3954} INFO - Setting next_dagrun for example_branch_python_operator_decorator to 2025-08-08 00:00:00+00:00, run_after=2025-08-09 00:00:00+00:00
[2025-08-09T18:34:25.103+0000] {processor.py:183} INFO - Processing /home/airflow/.local/lib/python3.12/site-packages/airflow/example_dags/example_branch_operator_decorator.py took 0.135 seconds
[2025-08-09T18:34:55.310+0000] {processor.py:161} INFO - Started process (PID=961) to work on /home/airflow/.local/lib/python3.12/site-packages/airflow/example_dags/example_branch_operator_decorator.py
[2025-08-09T18:34:55.344+0000] {processor.py:830} INFO - Processing file /home/airflow/.local/lib/python3.12/site-packages/airflow/example_dags/example_branch_operator_decorator.py for tasks to queue
[2025-08-09T18:34:55.350+0000] {logging_mixin.py:188} INFO - [2025-08-09T18:34:55.349+0000] {dagbag.py:540} INFO - Filling up the DagBag from /home/airflow/.local/lib/python3.12/site-packages/airflow/example_dags/example_branch_operator_decorator.py
[2025-08-09T18:34:55.429+0000] {processor.py:840} INFO - DAG(s) 'example_branch_python_operator_decorator' retrieved from /home/airflow/.local/lib/python3.12/site-packages/airflow/example_dags/example_branch_operator_decorator.py
[2025-08-09T18:34:55.489+0000] {logging_mixin.py:188} INFO - [2025-08-09T18:34:55.488+0000] {dag.py:3096} INFO - Sync 1 DAGs
[2025-08-09T18:34:55.528+0000] {logging_mixin.py:188} INFO - [2025-08-09T18:34:55.528+0000] {dag.py:3954} INFO - Setting next_dagrun for example_branch_python_operator_decorator to 2025-08-08 00:00:00+00:00, run_after=2025-08-09 00:00:00+00:00
[2025-08-09T18:34:55.561+0000] {processor.py:183} INFO - Processing /home/airflow/.local/lib/python3.12/site-packages/airflow/example_dags/example_branch_operator_decorator.py took 0.258 seconds
[2025-08-09T18:35:26.106+0000] {processor.py:161} INFO - Started process (PID=1020) to work on /home/airflow/.local/lib/python3.12/site-packages/airflow/example_dags/example_branch_operator_decorator.py
[2025-08-09T18:35:26.107+0000] {processor.py:830} INFO - Processing file /home/airflow/.local/lib/python3.12/site-packages/airflow/example_dags/example_branch_operator_decorator.py for tasks to queue
[2025-08-09T18:35:26.110+0000] {logging_mixin.py:188} INFO - [2025-08-09T18:35:26.109+0000] {dagbag.py:540} INFO - Filling up the DagBag from /home/airflow/.local/lib/python3.12/site-packages/airflow/example_dags/example_branch_operator_decorator.py
[2025-08-09T18:35:26.332+0000] {processor.py:840} INFO - DAG(s) 'example_branch_python_operator_decorator' retrieved from /home/airflow/.local/lib/python3.12/site-packages/airflow/example_dags/example_branch_operator_decorator.py
[2025-08-09T18:35:26.370+0000] {logging_mixin.py:188} INFO - [2025-08-09T18:35:26.370+0000] {dag.py:3096} INFO - Sync 1 DAGs
[2025-08-09T18:35:26.397+0000] {logging_mixin.py:188} INFO - [2025-08-09T18:35:26.397+0000] {dag.py:3954} INFO - Setting next_dagrun for example_branch_python_operator_decorator to 2025-08-08 00:00:00+00:00, run_after=2025-08-09 00:00:00+00:00
[2025-08-09T18:35:26.421+0000] {processor.py:183} INFO - Processing /home/airflow/.local/lib/python3.12/site-packages/airflow/example_dags/example_branch_operator_decorator.py took 0.326 seconds
[2025-08-09T18:35:56.554+0000] {processor.py:161} INFO - Started process (PID=1079) to work on /home/airflow/.local/lib/python3.12/site-packages/airflow/example_dags/example_branch_operator_decorator.py
[2025-08-09T18:35:56.556+0000] {processor.py:830} INFO - Processing file /home/airflow/.local/lib/python3.12/site-packages/airflow/example_dags/example_branch_operator_decorator.py for tasks to queue
[2025-08-09T18:35:56.560+0000] {logging_mixin.py:188} INFO - [2025-08-09T18:35:56.559+0000] {dagbag.py:540} INFO - Filling up the DagBag from /home/airflow/.local/lib/python3.12/site-packages/airflow/example_dags/example_branch_operator_decorator.py
[2025-08-09T18:35:56.611+0000] {processor.py:840} INFO - DAG(s) 'example_branch_python_operator_decorator' retrieved from /home/airflow/.local/lib/python3.12/site-packages/airflow/example_dags/example_branch_operator_decorator.py
[2025-08-09T18:35:56.653+0000] {logging_mixin.py:188} INFO - [2025-08-09T18:35:56.652+0000] {dag.py:3096} INFO - Sync 1 DAGs
[2025-08-09T18:35:56.685+0000] {logging_mixin.py:188} INFO - [2025-08-09T18:35:56.685+0000] {dag.py:3954} INFO - Setting next_dagrun for example_branch_python_operator_decorator to 2025-08-08 00:00:00+00:00, run_after=2025-08-09 00:00:00+00:00
[2025-08-09T18:35:56.743+0000] {processor.py:183} INFO - Processing /home/airflow/.local/lib/python3.12/site-packages/airflow/example_dags/example_branch_operator_decorator.py took 0.199 seconds
[2025-08-09T18:36:27.042+0000] {processor.py:161} INFO - Started process (PID=1138) to work on /home/airflow/.local/lib/python3.12/site-packages/airflow/example_dags/example_branch_operator_decorator.py
[2025-08-09T18:36:27.043+0000] {processor.py:830} INFO - Processing file /home/airflow/.local/lib/python3.12/site-packages/airflow/example_dags/example_branch_operator_decorator.py for tasks to queue
[2025-08-09T18:36:27.046+0000] {logging_mixin.py:188} INFO - [2025-08-09T18:36:27.045+0000] {dagbag.py:540} INFO - Filling up the DagBag from /home/airflow/.local/lib/python3.12/site-packages/airflow/example_dags/example_branch_operator_decorator.py
[2025-08-09T18:36:27.074+0000] {processor.py:840} INFO - DAG(s) 'example_branch_python_operator_decorator' retrieved from /home/airflow/.local/lib/python3.12/site-packages/airflow/example_dags/example_branch_operator_decorator.py
[2025-08-09T18:36:27.111+0000] {logging_mixin.py:188} INFO - [2025-08-09T18:36:27.111+0000] {dag.py:3096} INFO - Sync 1 DAGs
[2025-08-09T18:36:27.152+0000] {logging_mixin.py:188} INFO - [2025-08-09T18:36:27.151+0000] {dag.py:3954} INFO - Setting next_dagrun for example_branch_python_operator_decorator to 2025-08-08 00:00:00+00:00, run_after=2025-08-09 00:00:00+00:00
[2025-08-09T18:36:27.184+0000] {processor.py:183} INFO - Processing /home/airflow/.local/lib/python3.12/site-packages/airflow/example_dags/example_branch_operator_decorator.py took 0.150 seconds
[2025-08-09T18:36:57.310+0000] {processor.py:161} INFO - Started process (PID=1197) to work on /home/airflow/.local/lib/python3.12/site-packages/airflow/example_dags/example_branch_operator_decorator.py
[2025-08-09T18:36:57.311+0000] {processor.py:830} INFO - Processing file /home/airflow/.local/lib/python3.12/site-packages/airflow/example_dags/example_branch_operator_decorator.py for tasks to queue
[2025-08-09T18:36:57.313+0000] {logging_mixin.py:188} INFO - [2025-08-09T18:36:57.313+0000] {dagbag.py:540} INFO - Filling up the DagBag from /home/airflow/.local/lib/python3.12/site-packages/airflow/example_dags/example_branch_operator_decorator.py
[2025-08-09T18:36:57.341+0000] {processor.py:840} INFO - DAG(s) 'example_branch_python_operator_decorator' retrieved from /home/airflow/.local/lib/python3.12/site-packages/airflow/example_dags/example_branch_operator_decorator.py
[2025-08-09T18:36:57.377+0000] {logging_mixin.py:188} INFO - [2025-08-09T18:36:57.377+0000] {dag.py:3096} INFO - Sync 1 DAGs
[2025-08-09T18:36:57.412+0000] {logging_mixin.py:188} INFO - [2025-08-09T18:36:57.411+0000] {dag.py:3954} INFO - Setting next_dagrun for example_branch_python_operator_decorator to 2025-08-08 00:00:00+00:00, run_after=2025-08-09 00:00:00+00:00
[2025-08-09T18:36:57.439+0000] {processor.py:183} INFO - Processing /home/airflow/.local/lib/python3.12/site-packages/airflow/example_dags/example_branch_operator_decorator.py took 0.138 seconds
[2025-08-09T18:37:27.802+0000] {processor.py:161} INFO - Started process (PID=1256) to work on /home/airflow/.local/lib/python3.12/site-packages/airflow/example_dags/example_branch_operator_decorator.py
[2025-08-09T18:37:27.808+0000] {processor.py:830} INFO - Processing file /home/airflow/.local/lib/python3.12/site-packages/airflow/example_dags/example_branch_operator_decorator.py for tasks to queue
[2025-08-09T18:37:27.815+0000] {logging_mixin.py:188} INFO - [2025-08-09T18:37:27.813+0000] {dagbag.py:540} INFO - Filling up the DagBag from /home/airflow/.local/lib/python3.12/site-packages/airflow/example_dags/example_branch_operator_decorator.py
[2025-08-09T18:37:27.933+0000] {processor.py:840} INFO - DAG(s) 'example_branch_python_operator_decorator' retrieved from /home/airflow/.local/lib/python3.12/site-packages/airflow/example_dags/example_branch_operator_decorator.py
[2025-08-09T18:37:28.087+0000] {logging_mixin.py:188} INFO - [2025-08-09T18:37:28.086+0000] {dag.py:3096} INFO - Sync 1 DAGs
[2025-08-09T18:37:28.243+0000] {logging_mixin.py:188} INFO - [2025-08-09T18:37:28.242+0000] {dag.py:3954} INFO - Setting next_dagrun for example_branch_python_operator_decorator to 2025-08-08 00:00:00+00:00, run_after=2025-08-09 00:00:00+00:00
[2025-08-09T18:37:28.307+0000] {processor.py:183} INFO - Processing /home/airflow/.local/lib/python3.12/site-packages/airflow/example_dags/example_branch_operator_decorator.py took 0.530 seconds
[2025-08-09T18:37:59.108+0000] {processor.py:161} INFO - Started process (PID=1315) to work on /home/airflow/.local/lib/python3.12/site-packages/airflow/example_dags/example_branch_operator_decorator.py
[2025-08-09T18:37:59.109+0000] {processor.py:830} INFO - Processing file /home/airflow/.local/lib/python3.12/site-packages/airflow/example_dags/example_branch_operator_decorator.py for tasks to queue
[2025-08-09T18:37:59.112+0000] {logging_mixin.py:188} INFO - [2025-08-09T18:37:59.111+0000] {dagbag.py:540} INFO - Filling up the DagBag from /home/airflow/.local/lib/python3.12/site-packages/airflow/example_dags/example_branch_operator_decorator.py
[2025-08-09T18:37:59.141+0000] {processor.py:840} INFO - DAG(s) 'example_branch_python_operator_decorator' retrieved from /home/airflow/.local/lib/python3.12/site-packages/airflow/example_dags/example_branch_operator_decorator.py
[2025-08-09T18:37:59.183+0000] {logging_mixin.py:188} INFO - [2025-08-09T18:37:59.183+0000] {dag.py:3096} INFO - Sync 1 DAGs
[2025-08-09T18:37:59.221+0000] {logging_mixin.py:188} INFO - [2025-08-09T18:37:59.221+0000] {dag.py:3954} INFO - Setting next_dagrun for example_branch_python_operator_decorator to 2025-08-08 00:00:00+00:00, run_after=2025-08-09 00:00:00+00:00
[2025-08-09T18:37:59.248+0000] {processor.py:183} INFO - Processing /home/airflow/.local/lib/python3.12/site-packages/airflow/example_dags/example_branch_operator_decorator.py took 0.148 seconds
[2025-08-09T18:38:29.546+0000] {processor.py:161} INFO - Started process (PID=1374) to work on /home/airflow/.local/lib/python3.12/site-packages/airflow/example_dags/example_branch_operator_decorator.py
[2025-08-09T18:38:29.547+0000] {processor.py:830} INFO - Processing file /home/airflow/.local/lib/python3.12/site-packages/airflow/example_dags/example_branch_operator_decorator.py for tasks to queue
[2025-08-09T18:38:29.550+0000] {logging_mixin.py:188} INFO - [2025-08-09T18:38:29.549+0000] {dagbag.py:540} INFO - Filling up the DagBag from /home/airflow/.local/lib/python3.12/site-packages/airflow/example_dags/example_branch_operator_decorator.py
[2025-08-09T18:38:29.576+0000] {processor.py:840} INFO - DAG(s) 'example_branch_python_operator_decorator' retrieved from /home/airflow/.local/lib/python3.12/site-packages/airflow/example_dags/example_branch_operator_decorator.py
[2025-08-09T18:38:29.616+0000] {logging_mixin.py:188} INFO - [2025-08-09T18:38:29.616+0000] {dag.py:3096} INFO - Sync 1 DAGs
[2025-08-09T18:38:29.652+0000] {logging_mixin.py:188} INFO - [2025-08-09T18:38:29.652+0000] {dag.py:3954} INFO - Setting next_dagrun for example_branch_python_operator_decorator to 2025-08-08 00:00:00+00:00, run_after=2025-08-09 00:00:00+00:00
[2025-08-09T18:38:29.678+0000] {processor.py:183} INFO - Processing /home/airflow/.local/lib/python3.12/site-packages/airflow/example_dags/example_branch_operator_decorator.py took 0.140 seconds
[2025-08-09T18:39:00.541+0000] {processor.py:161} INFO - Started process (PID=1433) to work on /home/airflow/.local/lib/python3.12/site-packages/airflow/example_dags/example_branch_operator_decorator.py
[2025-08-09T18:39:00.543+0000] {processor.py:830} INFO - Processing file /home/airflow/.local/lib/python3.12/site-packages/airflow/example_dags/example_branch_operator_decorator.py for tasks to queue
[2025-08-09T18:39:00.547+0000] {logging_mixin.py:188} INFO - [2025-08-09T18:39:00.547+0000] {dagbag.py:540} INFO - Filling up the DagBag from /home/airflow/.local/lib/python3.12/site-packages/airflow/example_dags/example_branch_operator_decorator.py
[2025-08-09T18:39:00.599+0000] {processor.py:840} INFO - DAG(s) 'example_branch_python_operator_decorator' retrieved from /home/airflow/.local/lib/python3.12/site-packages/airflow/example_dags/example_branch_operator_decorator.py
[2025-08-09T18:39:00.660+0000] {logging_mixin.py:188} INFO - [2025-08-09T18:39:00.660+0000] {dag.py:3096} INFO - Sync 1 DAGs
[2025-08-09T18:39:00.696+0000] {logging_mixin.py:188} INFO - [2025-08-09T18:39:00.695+0000] {dag.py:3954} INFO - Setting next_dagrun for example_branch_python_operator_decorator to 2025-08-08 00:00:00+00:00, run_after=2025-08-09 00:00:00+00:00
[2025-08-09T18:39:00.765+0000] {processor.py:183} INFO - Processing /home/airflow/.local/lib/python3.12/site-packages/airflow/example_dags/example_branch_operator_decorator.py took 0.238 seconds
[2025-08-09T18:39:31.043+0000] {processor.py:161} INFO - Started process (PID=1492) to work on /home/airflow/.local/lib/python3.12/site-packages/airflow/example_dags/example_branch_operator_decorator.py
[2025-08-09T18:39:31.046+0000] {processor.py:830} INFO - Processing file /home/airflow/.local/lib/python3.12/site-packages/airflow/example_dags/example_branch_operator_decorator.py for tasks to queue
[2025-08-09T18:39:31.051+0000] {logging_mixin.py:188} INFO - [2025-08-09T18:39:31.050+0000] {dagbag.py:540} INFO - Filling up the DagBag from /home/airflow/.local/lib/python3.12/site-packages/airflow/example_dags/example_branch_operator_decorator.py
[2025-08-09T18:39:31.121+0000] {processor.py:840} INFO - DAG(s) 'example_branch_python_operator_decorator' retrieved from /home/airflow/.local/lib/python3.12/site-packages/airflow/example_dags/example_branch_operator_decorator.py
[2025-08-09T18:39:31.182+0000] {logging_mixin.py:188} INFO - [2025-08-09T18:39:31.181+0000] {dag.py:3096} INFO - Sync 1 DAGs
[2025-08-09T18:39:31.223+0000] {logging_mixin.py:188} INFO - [2025-08-09T18:39:31.222+0000] {dag.py:3954} INFO - Setting next_dagrun for example_branch_python_operator_decorator to 2025-08-08 00:00:00+00:00, run_after=2025-08-09 00:00:00+00:00
[2025-08-09T18:39:31.269+0000] {processor.py:183} INFO - Processing /home/airflow/.local/lib/python3.12/site-packages/airflow/example_dags/example_branch_operator_decorator.py took 0.236 seconds
[2025-08-09T18:40:01.891+0000] {processor.py:161} INFO - Started process (PID=1551) to work on /home/airflow/.local/lib/python3.12/site-packages/airflow/example_dags/example_branch_operator_decorator.py
[2025-08-09T18:40:01.892+0000] {processor.py:830} INFO - Processing file /home/airflow/.local/lib/python3.12/site-packages/airflow/example_dags/example_branch_operator_decorator.py for tasks to queue
[2025-08-09T18:40:01.895+0000] {logging_mixin.py:188} INFO - [2025-08-09T18:40:01.894+0000] {dagbag.py:540} INFO - Filling up the DagBag from /home/airflow/.local/lib/python3.12/site-packages/airflow/example_dags/example_branch_operator_decorator.py
[2025-08-09T18:40:01.926+0000] {processor.py:840} INFO - DAG(s) 'example_branch_python_operator_decorator' retrieved from /home/airflow/.local/lib/python3.12/site-packages/airflow/example_dags/example_branch_operator_decorator.py
[2025-08-09T18:40:01.963+0000] {logging_mixin.py:188} INFO - [2025-08-09T18:40:01.963+0000] {dag.py:3096} INFO - Sync 1 DAGs
[2025-08-09T18:40:01.990+0000] {logging_mixin.py:188} INFO - [2025-08-09T18:40:01.990+0000] {dag.py:3954} INFO - Setting next_dagrun for example_branch_python_operator_decorator to 2025-08-08 00:00:00+00:00, run_after=2025-08-09 00:00:00+00:00
[2025-08-09T18:40:02.016+0000] {processor.py:183} INFO - Processing /home/airflow/.local/lib/python3.12/site-packages/airflow/example_dags/example_branch_operator_decorator.py took 0.132 seconds
[2025-08-09T18:40:32.494+0000] {processor.py:161} INFO - Started process (PID=1610) to work on /home/airflow/.local/lib/python3.12/site-packages/airflow/example_dags/example_branch_operator_decorator.py
[2025-08-09T18:40:32.496+0000] {processor.py:830} INFO - Processing file /home/airflow/.local/lib/python3.12/site-packages/airflow/example_dags/example_branch_operator_decorator.py for tasks to queue
[2025-08-09T18:40:32.499+0000] {logging_mixin.py:188} INFO - [2025-08-09T18:40:32.499+0000] {dagbag.py:540} INFO - Filling up the DagBag from /home/airflow/.local/lib/python3.12/site-packages/airflow/example_dags/example_branch_operator_decorator.py
[2025-08-09T18:40:32.560+0000] {processor.py:840} INFO - DAG(s) 'example_branch_python_operator_decorator' retrieved from /home/airflow/.local/lib/python3.12/site-packages/airflow/example_dags/example_branch_operator_decorator.py
[2025-08-09T18:40:32.684+0000] {logging_mixin.py:188} INFO - [2025-08-09T18:40:32.684+0000] {dag.py:3096} INFO - Sync 1 DAGs
[2025-08-09T18:40:32.769+0000] {logging_mixin.py:188} INFO - [2025-08-09T18:40:32.768+0000] {dag.py:3954} INFO - Setting next_dagrun for example_branch_python_operator_decorator to 2025-08-08 00:00:00+00:00, run_after=2025-08-09 00:00:00+00:00
[2025-08-09T18:40:32.846+0000] {processor.py:183} INFO - Processing /home/airflow/.local/lib/python3.12/site-packages/airflow/example_dags/example_branch_operator_decorator.py took 0.366 seconds
[2025-08-09T18:41:03.353+0000] {processor.py:161} INFO - Started process (PID=1669) to work on /home/airflow/.local/lib/python3.12/site-packages/airflow/example_dags/example_branch_operator_decorator.py
[2025-08-09T18:41:03.355+0000] {processor.py:830} INFO - Processing file /home/airflow/.local/lib/python3.12/site-packages/airflow/example_dags/example_branch_operator_decorator.py for tasks to queue
[2025-08-09T18:41:03.361+0000] {logging_mixin.py:188} INFO - [2025-08-09T18:41:03.360+0000] {dagbag.py:540} INFO - Filling up the DagBag from /home/airflow/.local/lib/python3.12/site-packages/airflow/example_dags/example_branch_operator_decorator.py
[2025-08-09T18:41:03.419+0000] {processor.py:840} INFO - DAG(s) 'example_branch_python_operator_decorator' retrieved from /home/airflow/.local/lib/python3.12/site-packages/airflow/example_dags/example_branch_operator_decorator.py
[2025-08-09T18:41:03.496+0000] {logging_mixin.py:188} INFO - [2025-08-09T18:41:03.495+0000] {dag.py:3096} INFO - Sync 1 DAGs
[2025-08-09T18:41:03.543+0000] {logging_mixin.py:188} INFO - [2025-08-09T18:41:03.543+0000] {dag.py:3954} INFO - Setting next_dagrun for example_branch_python_operator_decorator to 2025-08-08 00:00:00+00:00, run_after=2025-08-09 00:00:00+00:00
[2025-08-09T18:41:03.582+0000] {processor.py:183} INFO - Processing /home/airflow/.local/lib/python3.12/site-packages/airflow/example_dags/example_branch_operator_decorator.py took 0.243 seconds
[2025-08-09T18:41:33.645+0000] {processor.py:161} INFO - Started process (PID=1729) to work on /home/airflow/.local/lib/python3.12/site-packages/airflow/example_dags/example_branch_operator_decorator.py
[2025-08-09T18:41:33.646+0000] {processor.py:830} INFO - Processing file /home/airflow/.local/lib/python3.12/site-packages/airflow/example_dags/example_branch_operator_decorator.py for tasks to queue
[2025-08-09T18:41:33.648+0000] {logging_mixin.py:188} INFO - [2025-08-09T18:41:33.648+0000] {dagbag.py:540} INFO - Filling up the DagBag from /home/airflow/.local/lib/python3.12/site-packages/airflow/example_dags/example_branch_operator_decorator.py
[2025-08-09T18:41:33.674+0000] {processor.py:840} INFO - DAG(s) 'example_branch_python_operator_decorator' retrieved from /home/airflow/.local/lib/python3.12/site-packages/airflow/example_dags/example_branch_operator_decorator.py
[2025-08-09T18:41:33.713+0000] {logging_mixin.py:188} INFO - [2025-08-09T18:41:33.712+0000] {dag.py:3096} INFO - Sync 1 DAGs
[2025-08-09T18:41:33.744+0000] {logging_mixin.py:188} INFO - [2025-08-09T18:41:33.744+0000] {dag.py:3954} INFO - Setting next_dagrun for example_branch_python_operator_decorator to 2025-08-08 00:00:00+00:00, run_after=2025-08-09 00:00:00+00:00
[2025-08-09T18:41:33.774+0000] {processor.py:183} INFO - Processing /home/airflow/.local/lib/python3.12/site-packages/airflow/example_dags/example_branch_operator_decorator.py took 0.136 seconds
[2025-08-09T18:42:03.855+0000] {processor.py:161} INFO - Started process (PID=1788) to work on /home/airflow/.local/lib/python3.12/site-packages/airflow/example_dags/example_branch_operator_decorator.py
[2025-08-09T18:42:03.856+0000] {processor.py:830} INFO - Processing file /home/airflow/.local/lib/python3.12/site-packages/airflow/example_dags/example_branch_operator_decorator.py for tasks to queue
[2025-08-09T18:42:03.858+0000] {logging_mixin.py:188} INFO - [2025-08-09T18:42:03.858+0000] {dagbag.py:540} INFO - Filling up the DagBag from /home/airflow/.local/lib/python3.12/site-packages/airflow/example_dags/example_branch_operator_decorator.py
[2025-08-09T18:42:03.884+0000] {processor.py:840} INFO - DAG(s) 'example_branch_python_operator_decorator' retrieved from /home/airflow/.local/lib/python3.12/site-packages/airflow/example_dags/example_branch_operator_decorator.py
[2025-08-09T18:42:03.923+0000] {logging_mixin.py:188} INFO - [2025-08-09T18:42:03.923+0000] {dag.py:3096} INFO - Sync 1 DAGs
[2025-08-09T18:42:03.953+0000] {logging_mixin.py:188} INFO - [2025-08-09T18:42:03.953+0000] {dag.py:3954} INFO - Setting next_dagrun for example_branch_python_operator_decorator to 2025-08-08 00:00:00+00:00, run_after=2025-08-09 00:00:00+00:00
[2025-08-09T18:42:03.981+0000] {processor.py:183} INFO - Processing /home/airflow/.local/lib/python3.12/site-packages/airflow/example_dags/example_branch_operator_decorator.py took 0.133 seconds
[2025-08-09T18:42:34.473+0000] {processor.py:161} INFO - Started process (PID=1847) to work on /home/airflow/.local/lib/python3.12/site-packages/airflow/example_dags/example_branch_operator_decorator.py
[2025-08-09T18:42:34.478+0000] {processor.py:830} INFO - Processing file /home/airflow/.local/lib/python3.12/site-packages/airflow/example_dags/example_branch_operator_decorator.py for tasks to queue
[2025-08-09T18:42:34.482+0000] {logging_mixin.py:188} INFO - [2025-08-09T18:42:34.481+0000] {dagbag.py:540} INFO - Filling up the DagBag from /home/airflow/.local/lib/python3.12/site-packages/airflow/example_dags/example_branch_operator_decorator.py
[2025-08-09T18:42:34.523+0000] {processor.py:840} INFO - DAG(s) 'example_branch_python_operator_decorator' retrieved from /home/airflow/.local/lib/python3.12/site-packages/airflow/example_dags/example_branch_operator_decorator.py
[2025-08-09T18:42:34.561+0000] {logging_mixin.py:188} INFO - [2025-08-09T18:42:34.561+0000] {dag.py:3096} INFO - Sync 1 DAGs
[2025-08-09T18:42:34.589+0000] {logging_mixin.py:188} INFO - [2025-08-09T18:42:34.589+0000] {dag.py:3954} INFO - Setting next_dagrun for example_branch_python_operator_decorator to 2025-08-08 00:00:00+00:00, run_after=2025-08-09 00:00:00+00:00
[2025-08-09T18:42:34.617+0000] {processor.py:183} INFO - Processing /home/airflow/.local/lib/python3.12/site-packages/airflow/example_dags/example_branch_operator_decorator.py took 0.170 seconds
[2025-08-09T18:43:04.837+0000] {processor.py:161} INFO - Started process (PID=1906) to work on /home/airflow/.local/lib/python3.12/site-packages/airflow/example_dags/example_branch_operator_decorator.py
[2025-08-09T18:43:04.839+0000] {processor.py:830} INFO - Processing file /home/airflow/.local/lib/python3.12/site-packages/airflow/example_dags/example_branch_operator_decorator.py for tasks to queue
[2025-08-09T18:43:04.841+0000] {logging_mixin.py:188} INFO - [2025-08-09T18:43:04.841+0000] {dagbag.py:540} INFO - Filling up the DagBag from /home/airflow/.local/lib/python3.12/site-packages/airflow/example_dags/example_branch_operator_decorator.py
[2025-08-09T18:43:04.868+0000] {processor.py:840} INFO - DAG(s) 'example_branch_python_operator_decorator' retrieved from /home/airflow/.local/lib/python3.12/site-packages/airflow/example_dags/example_branch_operator_decorator.py
[2025-08-09T18:43:04.919+0000] {logging_mixin.py:188} INFO - [2025-08-09T18:43:04.918+0000] {dag.py:3096} INFO - Sync 1 DAGs
[2025-08-09T18:43:04.958+0000] {logging_mixin.py:188} INFO - [2025-08-09T18:43:04.957+0000] {dag.py:3954} INFO - Setting next_dagrun for example_branch_python_operator_decorator to 2025-08-08 00:00:00+00:00, run_after=2025-08-09 00:00:00+00:00
[2025-08-09T18:43:04.996+0000] {processor.py:183} INFO - Processing /home/airflow/.local/lib/python3.12/site-packages/airflow/example_dags/example_branch_operator_decorator.py took 0.167 seconds
[2025-08-09T18:43:35.481+0000] {processor.py:161} INFO - Started process (PID=1965) to work on /home/airflow/.local/lib/python3.12/site-packages/airflow/example_dags/example_branch_operator_decorator.py
[2025-08-09T18:43:35.482+0000] {processor.py:830} INFO - Processing file /home/airflow/.local/lib/python3.12/site-packages/airflow/example_dags/example_branch_operator_decorator.py for tasks to queue
[2025-08-09T18:43:35.485+0000] {logging_mixin.py:188} INFO - [2025-08-09T18:43:35.485+0000] {dagbag.py:540} INFO - Filling up the DagBag from /home/airflow/.local/lib/python3.12/site-packages/airflow/example_dags/example_branch_operator_decorator.py
[2025-08-09T18:43:35.530+0000] {processor.py:840} INFO - DAG(s) 'example_branch_python_operator_decorator' retrieved from /home/airflow/.local/lib/python3.12/site-packages/airflow/example_dags/example_branch_operator_decorator.py
[2025-08-09T18:43:35.576+0000] {logging_mixin.py:188} INFO - [2025-08-09T18:43:35.576+0000] {dag.py:3096} INFO - Sync 1 DAGs
[2025-08-09T18:43:35.605+0000] {logging_mixin.py:188} INFO - [2025-08-09T18:43:35.605+0000] {dag.py:3954} INFO - Setting next_dagrun for example_branch_python_operator_decorator to 2025-08-08 00:00:00+00:00, run_after=2025-08-09 00:00:00+00:00
[2025-08-09T18:43:35.635+0000] {processor.py:183} INFO - Processing /home/airflow/.local/lib/python3.12/site-packages/airflow/example_dags/example_branch_operator_decorator.py took 0.164 seconds
[2025-08-09T18:44:06.038+0000] {processor.py:161} INFO - Started process (PID=2024) to work on /home/airflow/.local/lib/python3.12/site-packages/airflow/example_dags/example_branch_operator_decorator.py
[2025-08-09T18:44:06.039+0000] {processor.py:830} INFO - Processing file /home/airflow/.local/lib/python3.12/site-packages/airflow/example_dags/example_branch_operator_decorator.py for tasks to queue
[2025-08-09T18:44:06.042+0000] {logging_mixin.py:188} INFO - [2025-08-09T18:44:06.042+0000] {dagbag.py:540} INFO - Filling up the DagBag from /home/airflow/.local/lib/python3.12/site-packages/airflow/example_dags/example_branch_operator_decorator.py
[2025-08-09T18:44:06.081+0000] {processor.py:840} INFO - DAG(s) 'example_branch_python_operator_decorator' retrieved from /home/airflow/.local/lib/python3.12/site-packages/airflow/example_dags/example_branch_operator_decorator.py
[2025-08-09T18:44:06.130+0000] {logging_mixin.py:188} INFO - [2025-08-09T18:44:06.130+0000] {dag.py:3096} INFO - Sync 1 DAGs
[2025-08-09T18:44:06.179+0000] {logging_mixin.py:188} INFO - [2025-08-09T18:44:06.178+0000] {dag.py:3954} INFO - Setting next_dagrun for example_branch_python_operator_decorator to 2025-08-08 00:00:00+00:00, run_after=2025-08-09 00:00:00+00:00
[2025-08-09T18:44:06.223+0000] {processor.py:183} INFO - Processing /home/airflow/.local/lib/python3.12/site-packages/airflow/example_dags/example_branch_operator_decorator.py took 0.194 seconds
[2025-08-09T18:44:36.553+0000] {processor.py:161} INFO - Started process (PID=2083) to work on /home/airflow/.local/lib/python3.12/site-packages/airflow/example_dags/example_branch_operator_decorator.py
[2025-08-09T18:44:36.555+0000] {processor.py:830} INFO - Processing file /home/airflow/.local/lib/python3.12/site-packages/airflow/example_dags/example_branch_operator_decorator.py for tasks to queue
[2025-08-09T18:44:36.557+0000] {logging_mixin.py:188} INFO - [2025-08-09T18:44:36.557+0000] {dagbag.py:540} INFO - Filling up the DagBag from /home/airflow/.local/lib/python3.12/site-packages/airflow/example_dags/example_branch_operator_decorator.py
[2025-08-09T18:44:36.593+0000] {processor.py:840} INFO - DAG(s) 'example_branch_python_operator_decorator' retrieved from /home/airflow/.local/lib/python3.12/site-packages/airflow/example_dags/example_branch_operator_decorator.py
[2025-08-09T18:44:36.641+0000] {logging_mixin.py:188} INFO - [2025-08-09T18:44:36.641+0000] {dag.py:3096} INFO - Sync 1 DAGs
[2025-08-09T18:44:36.678+0000] {logging_mixin.py:188} INFO - [2025-08-09T18:44:36.678+0000] {dag.py:3954} INFO - Setting next_dagrun for example_branch_python_operator_decorator to 2025-08-08 00:00:00+00:00, run_after=2025-08-09 00:00:00+00:00
[2025-08-09T18:44:36.717+0000] {processor.py:183} INFO - Processing /home/airflow/.local/lib/python3.12/site-packages/airflow/example_dags/example_branch_operator_decorator.py took 0.172 seconds
[2025-08-09T18:45:06.953+0000] {processor.py:161} INFO - Started process (PID=2142) to work on /home/airflow/.local/lib/python3.12/site-packages/airflow/example_dags/example_branch_operator_decorator.py
[2025-08-09T18:45:06.955+0000] {processor.py:830} INFO - Processing file /home/airflow/.local/lib/python3.12/site-packages/airflow/example_dags/example_branch_operator_decorator.py for tasks to queue
[2025-08-09T18:45:06.958+0000] {logging_mixin.py:188} INFO - [2025-08-09T18:45:06.957+0000] {dagbag.py:540} INFO - Filling up the DagBag from /home/airflow/.local/lib/python3.12/site-packages/airflow/example_dags/example_branch_operator_decorator.py
[2025-08-09T18:45:06.997+0000] {processor.py:840} INFO - DAG(s) 'example_branch_python_operator_decorator' retrieved from /home/airflow/.local/lib/python3.12/site-packages/airflow/example_dags/example_branch_operator_decorator.py
[2025-08-09T18:45:07.067+0000] {logging_mixin.py:188} INFO - [2025-08-09T18:45:07.067+0000] {dag.py:3096} INFO - Sync 1 DAGs
[2025-08-09T18:45:07.129+0000] {logging_mixin.py:188} INFO - [2025-08-09T18:45:07.128+0000] {dag.py:3954} INFO - Setting next_dagrun for example_branch_python_operator_decorator to 2025-08-08 00:00:00+00:00, run_after=2025-08-09 00:00:00+00:00
[2025-08-09T18:45:07.160+0000] {processor.py:183} INFO - Processing /home/airflow/.local/lib/python3.12/site-packages/airflow/example_dags/example_branch_operator_decorator.py took 0.219 seconds
