[2025-08-09T18:22:05.489+0000] {processor.py:161} INFO - Started process (PID=114) to work on /home/airflow/.local/lib/python3.12/site-packages/airflow/example_dags/example_bash_operator.py
[2025-08-09T18:22:05.491+0000] {processor.py:830} INFO - Processing file /home/airflow/.local/lib/python3.12/site-packages/airflow/example_dags/example_bash_operator.py for tasks to queue
[2025-08-09T18:22:05.497+0000] {logging_mixin.py:188} INFO - [2025-08-09T18:22:05.496+0000] {dagbag.py:540} INFO - Filling up the DagBag from /home/airflow/.local/lib/python3.12/site-packages/airflow/example_dags/example_bash_operator.py
[2025-08-09T18:22:05.549+0000] {processor.py:840} INFO - DAG(s) 'example_bash_operator' retrieved from /home/airflow/.local/lib/python3.12/site-packages/airflow/example_dags/example_bash_operator.py
[2025-08-09T18:22:05.961+0000] {logging_mixin.py:188} INFO - [2025-08-09T18:22:05.961+0000] {dag.py:3096} INFO - Sync 1 DAGs
[2025-08-09T18:22:06.025+0000] {logging_mixin.py:188} INFO - [2025-08-09T18:22:06.025+0000] {dag.py:3954} INFO - Setting next_dagrun for example_bash_operator to 2025-08-08 00:00:00+00:00, run_after=2025-08-09 00:00:00+00:00
[2025-08-09T18:22:06.139+0000] {processor.py:183} INFO - Processing /home/airflow/.local/lib/python3.12/site-packages/airflow/example_dags/example_bash_operator.py took 0.666 seconds
[2025-08-09T18:22:36.453+0000] {processor.py:161} INFO - Started process (PID=173) to work on /home/airflow/.local/lib/python3.12/site-packages/airflow/example_dags/example_bash_operator.py
[2025-08-09T18:22:36.454+0000] {processor.py:830} INFO - Processing file /home/airflow/.local/lib/python3.12/site-packages/airflow/example_dags/example_bash_operator.py for tasks to queue
[2025-08-09T18:22:36.458+0000] {logging_mixin.py:188} INFO - [2025-08-09T18:22:36.458+0000] {dagbag.py:540} INFO - Filling up the DagBag from /home/airflow/.local/lib/python3.12/site-packages/airflow/example_dags/example_bash_operator.py
[2025-08-09T18:22:36.476+0000] {processor.py:840} INFO - DAG(s) 'example_bash_operator' retrieved from /home/airflow/.local/lib/python3.12/site-packages/airflow/example_dags/example_bash_operator.py
[2025-08-09T18:22:36.529+0000] {logging_mixin.py:188} INFO - [2025-08-09T18:22:36.528+0000] {dag.py:3096} INFO - Sync 1 DAGs
[2025-08-09T18:22:36.564+0000] {logging_mixin.py:188} INFO - [2025-08-09T18:22:36.563+0000] {dag.py:3954} INFO - Setting next_dagrun for example_bash_operator to 2025-08-08 00:00:00+00:00, run_after=2025-08-09 00:00:00+00:00
[2025-08-09T18:22:36.595+0000] {processor.py:183} INFO - Processing /home/airflow/.local/lib/python3.12/site-packages/airflow/example_dags/example_bash_operator.py took 0.150 seconds
[2025-08-09T18:23:06.884+0000] {processor.py:161} INFO - Started process (PID=232) to work on /home/airflow/.local/lib/python3.12/site-packages/airflow/example_dags/example_bash_operator.py
[2025-08-09T18:23:06.886+0000] {processor.py:830} INFO - Processing file /home/airflow/.local/lib/python3.12/site-packages/airflow/example_dags/example_bash_operator.py for tasks to queue
[2025-08-09T18:23:06.889+0000] {logging_mixin.py:188} INFO - [2025-08-09T18:23:06.889+0000] {dagbag.py:540} INFO - Filling up the DagBag from /home/airflow/.local/lib/python3.12/site-packages/airflow/example_dags/example_bash_operator.py
[2025-08-09T18:23:06.912+0000] {processor.py:840} INFO - DAG(s) 'example_bash_operator' retrieved from /home/airflow/.local/lib/python3.12/site-packages/airflow/example_dags/example_bash_operator.py
[2025-08-09T18:23:06.966+0000] {logging_mixin.py:188} INFO - [2025-08-09T18:23:06.966+0000] {dag.py:3096} INFO - Sync 1 DAGs
[2025-08-09T18:23:06.998+0000] {logging_mixin.py:188} INFO - [2025-08-09T18:23:06.998+0000] {dag.py:3954} INFO - Setting next_dagrun for example_bash_operator to 2025-08-08 00:00:00+00:00, run_after=2025-08-09 00:00:00+00:00
[2025-08-09T18:23:07.022+0000] {processor.py:183} INFO - Processing /home/airflow/.local/lib/python3.12/site-packages/airflow/example_dags/example_bash_operator.py took 0.150 seconds
[2025-08-09T18:23:37.552+0000] {processor.py:161} INFO - Started process (PID=291) to work on /home/airflow/.local/lib/python3.12/site-packages/airflow/example_dags/example_bash_operator.py
[2025-08-09T18:23:37.554+0000] {processor.py:830} INFO - Processing file /home/airflow/.local/lib/python3.12/site-packages/airflow/example_dags/example_bash_operator.py for tasks to queue
[2025-08-09T18:23:37.557+0000] {logging_mixin.py:188} INFO - [2025-08-09T18:23:37.557+0000] {dagbag.py:540} INFO - Filling up the DagBag from /home/airflow/.local/lib/python3.12/site-packages/airflow/example_dags/example_bash_operator.py
[2025-08-09T18:23:37.574+0000] {processor.py:840} INFO - DAG(s) 'example_bash_operator' retrieved from /home/airflow/.local/lib/python3.12/site-packages/airflow/example_dags/example_bash_operator.py
[2025-08-09T18:23:37.614+0000] {logging_mixin.py:188} INFO - [2025-08-09T18:23:37.614+0000] {dag.py:3096} INFO - Sync 1 DAGs
[2025-08-09T18:23:37.641+0000] {logging_mixin.py:188} INFO - [2025-08-09T18:23:37.640+0000] {dag.py:3954} INFO - Setting next_dagrun for example_bash_operator to 2025-08-08 00:00:00+00:00, run_after=2025-08-09 00:00:00+00:00
[2025-08-09T18:23:37.675+0000] {processor.py:183} INFO - Processing /home/airflow/.local/lib/python3.12/site-packages/airflow/example_dags/example_bash_operator.py took 0.131 seconds
[2025-08-09T18:24:08.026+0000] {processor.py:161} INFO - Started process (PID=350) to work on /home/airflow/.local/lib/python3.12/site-packages/airflow/example_dags/example_bash_operator.py
[2025-08-09T18:24:08.028+0000] {processor.py:830} INFO - Processing file /home/airflow/.local/lib/python3.12/site-packages/airflow/example_dags/example_bash_operator.py for tasks to queue
[2025-08-09T18:24:08.030+0000] {logging_mixin.py:188} INFO - [2025-08-09T18:24:08.030+0000] {dagbag.py:540} INFO - Filling up the DagBag from /home/airflow/.local/lib/python3.12/site-packages/airflow/example_dags/example_bash_operator.py
[2025-08-09T18:24:08.048+0000] {processor.py:840} INFO - DAG(s) 'example_bash_operator' retrieved from /home/airflow/.local/lib/python3.12/site-packages/airflow/example_dags/example_bash_operator.py
[2025-08-09T18:24:08.114+0000] {logging_mixin.py:188} INFO - [2025-08-09T18:24:08.113+0000] {dag.py:3096} INFO - Sync 1 DAGs
[2025-08-09T18:24:08.158+0000] {logging_mixin.py:188} INFO - [2025-08-09T18:24:08.157+0000] {dag.py:3954} INFO - Setting next_dagrun for example_bash_operator to 2025-08-08 00:00:00+00:00, run_after=2025-08-09 00:00:00+00:00
[2025-08-09T18:24:08.185+0000] {processor.py:183} INFO - Processing /home/airflow/.local/lib/python3.12/site-packages/airflow/example_dags/example_bash_operator.py took 0.171 seconds
[2025-08-09T18:24:38.506+0000] {processor.py:161} INFO - Started process (PID=415) to work on /home/airflow/.local/lib/python3.12/site-packages/airflow/example_dags/example_bash_operator.py
[2025-08-09T18:24:38.508+0000] {processor.py:830} INFO - Processing file /home/airflow/.local/lib/python3.12/site-packages/airflow/example_dags/example_bash_operator.py for tasks to queue
[2025-08-09T18:24:38.511+0000] {logging_mixin.py:188} INFO - [2025-08-09T18:24:38.510+0000] {dagbag.py:540} INFO - Filling up the DagBag from /home/airflow/.local/lib/python3.12/site-packages/airflow/example_dags/example_bash_operator.py
[2025-08-09T18:24:38.527+0000] {processor.py:840} INFO - DAG(s) 'example_bash_operator' retrieved from /home/airflow/.local/lib/python3.12/site-packages/airflow/example_dags/example_bash_operator.py
[2025-08-09T18:24:38.571+0000] {logging_mixin.py:188} INFO - [2025-08-09T18:24:38.570+0000] {dag.py:3096} INFO - Sync 1 DAGs
[2025-08-09T18:24:38.609+0000] {logging_mixin.py:188} INFO - [2025-08-09T18:24:38.609+0000] {dag.py:3954} INFO - Setting next_dagrun for example_bash_operator to 2025-08-08 00:00:00+00:00, run_after=2025-08-09 00:00:00+00:00
[2025-08-09T18:24:38.630+0000] {processor.py:183} INFO - Processing /home/airflow/.local/lib/python3.12/site-packages/airflow/example_dags/example_bash_operator.py took 0.132 seconds
[2025-08-09T18:25:08.859+0000] {processor.py:161} INFO - Started process (PID=474) to work on /home/airflow/.local/lib/python3.12/site-packages/airflow/example_dags/example_bash_operator.py
[2025-08-09T18:25:08.860+0000] {processor.py:830} INFO - Processing file /home/airflow/.local/lib/python3.12/site-packages/airflow/example_dags/example_bash_operator.py for tasks to queue
[2025-08-09T18:25:08.864+0000] {logging_mixin.py:188} INFO - [2025-08-09T18:25:08.863+0000] {dagbag.py:540} INFO - Filling up the DagBag from /home/airflow/.local/lib/python3.12/site-packages/airflow/example_dags/example_bash_operator.py
[2025-08-09T18:25:08.883+0000] {processor.py:840} INFO - DAG(s) 'example_bash_operator' retrieved from /home/airflow/.local/lib/python3.12/site-packages/airflow/example_dags/example_bash_operator.py
[2025-08-09T18:25:08.930+0000] {logging_mixin.py:188} INFO - [2025-08-09T18:25:08.929+0000] {dag.py:3096} INFO - Sync 1 DAGs
[2025-08-09T18:25:08.970+0000] {logging_mixin.py:188} INFO - [2025-08-09T18:25:08.970+0000] {dag.py:3954} INFO - Setting next_dagrun for example_bash_operator to 2025-08-08 00:00:00+00:00, run_after=2025-08-09 00:00:00+00:00
[2025-08-09T18:25:08.999+0000] {processor.py:183} INFO - Processing /home/airflow/.local/lib/python3.12/site-packages/airflow/example_dags/example_bash_operator.py took 0.154 seconds
[2025-08-09T18:27:33.709+0000] {processor.py:161} INFO - Started process (PID=121) to work on /home/airflow/.local/lib/python3.12/site-packages/airflow/example_dags/example_bash_operator.py
[2025-08-09T18:27:33.712+0000] {processor.py:830} INFO - Processing file /home/airflow/.local/lib/python3.12/site-packages/airflow/example_dags/example_bash_operator.py for tasks to queue
[2025-08-09T18:27:33.717+0000] {logging_mixin.py:188} INFO - [2025-08-09T18:27:33.715+0000] {dagbag.py:540} INFO - Filling up the DagBag from /home/airflow/.local/lib/python3.12/site-packages/airflow/example_dags/example_bash_operator.py
[2025-08-09T18:27:33.769+0000] {processor.py:840} INFO - DAG(s) 'example_bash_operator' retrieved from /home/airflow/.local/lib/python3.12/site-packages/airflow/example_dags/example_bash_operator.py
[2025-08-09T18:27:34.204+0000] {logging_mixin.py:188} INFO - [2025-08-09T18:27:34.203+0000] {dag.py:3096} INFO - Sync 1 DAGs
[2025-08-09T18:27:34.269+0000] {logging_mixin.py:188} INFO - [2025-08-09T18:27:34.268+0000] {dag.py:3954} INFO - Setting next_dagrun for example_bash_operator to 2025-08-08 00:00:00+00:00, run_after=2025-08-09 00:00:00+00:00
[2025-08-09T18:27:34.331+0000] {processor.py:183} INFO - Processing /home/airflow/.local/lib/python3.12/site-packages/airflow/example_dags/example_bash_operator.py took 0.642 seconds
[2025-08-09T18:28:04.572+0000] {processor.py:161} INFO - Started process (PID=180) to work on /home/airflow/.local/lib/python3.12/site-packages/airflow/example_dags/example_bash_operator.py
[2025-08-09T18:28:04.574+0000] {processor.py:830} INFO - Processing file /home/airflow/.local/lib/python3.12/site-packages/airflow/example_dags/example_bash_operator.py for tasks to queue
[2025-08-09T18:28:04.577+0000] {logging_mixin.py:188} INFO - [2025-08-09T18:28:04.577+0000] {dagbag.py:540} INFO - Filling up the DagBag from /home/airflow/.local/lib/python3.12/site-packages/airflow/example_dags/example_bash_operator.py
[2025-08-09T18:28:04.595+0000] {processor.py:840} INFO - DAG(s) 'example_bash_operator' retrieved from /home/airflow/.local/lib/python3.12/site-packages/airflow/example_dags/example_bash_operator.py
[2025-08-09T18:28:04.655+0000] {logging_mixin.py:188} INFO - [2025-08-09T18:28:04.655+0000] {dag.py:3096} INFO - Sync 1 DAGs
[2025-08-09T18:28:04.705+0000] {logging_mixin.py:188} INFO - [2025-08-09T18:28:04.705+0000] {dag.py:3954} INFO - Setting next_dagrun for example_bash_operator to 2025-08-08 00:00:00+00:00, run_after=2025-08-09 00:00:00+00:00
[2025-08-09T18:28:04.756+0000] {processor.py:183} INFO - Processing /home/airflow/.local/lib/python3.12/site-packages/airflow/example_dags/example_bash_operator.py took 0.192 seconds
[2025-08-09T18:28:35.052+0000] {processor.py:161} INFO - Started process (PID=241) to work on /home/airflow/.local/lib/python3.12/site-packages/airflow/example_dags/example_bash_operator.py
[2025-08-09T18:28:35.054+0000] {processor.py:830} INFO - Processing file /home/airflow/.local/lib/python3.12/site-packages/airflow/example_dags/example_bash_operator.py for tasks to queue
[2025-08-09T18:28:35.058+0000] {logging_mixin.py:188} INFO - [2025-08-09T18:28:35.057+0000] {dagbag.py:540} INFO - Filling up the DagBag from /home/airflow/.local/lib/python3.12/site-packages/airflow/example_dags/example_bash_operator.py
[2025-08-09T18:28:35.093+0000] {processor.py:840} INFO - DAG(s) 'example_bash_operator' retrieved from /home/airflow/.local/lib/python3.12/site-packages/airflow/example_dags/example_bash_operator.py
[2025-08-09T18:28:35.163+0000] {logging_mixin.py:188} INFO - [2025-08-09T18:28:35.163+0000] {dag.py:3096} INFO - Sync 1 DAGs
[2025-08-09T18:28:35.242+0000] {logging_mixin.py:188} INFO - [2025-08-09T18:28:35.241+0000] {dag.py:3954} INFO - Setting next_dagrun for example_bash_operator to 2025-08-08 00:00:00+00:00, run_after=2025-08-09 00:00:00+00:00
[2025-08-09T18:28:35.353+0000] {processor.py:183} INFO - Processing /home/airflow/.local/lib/python3.12/site-packages/airflow/example_dags/example_bash_operator.py took 0.318 seconds
[2025-08-09T18:29:06.042+0000] {processor.py:161} INFO - Started process (PID=302) to work on /home/airflow/.local/lib/python3.12/site-packages/airflow/example_dags/example_bash_operator.py
[2025-08-09T18:29:06.055+0000] {processor.py:830} INFO - Processing file /home/airflow/.local/lib/python3.12/site-packages/airflow/example_dags/example_bash_operator.py for tasks to queue
[2025-08-09T18:29:06.058+0000] {logging_mixin.py:188} INFO - [2025-08-09T18:29:06.057+0000] {dagbag.py:540} INFO - Filling up the DagBag from /home/airflow/.local/lib/python3.12/site-packages/airflow/example_dags/example_bash_operator.py
[2025-08-09T18:29:06.079+0000] {processor.py:840} INFO - DAG(s) 'example_bash_operator' retrieved from /home/airflow/.local/lib/python3.12/site-packages/airflow/example_dags/example_bash_operator.py
[2025-08-09T18:29:06.138+0000] {logging_mixin.py:188} INFO - [2025-08-09T18:29:06.137+0000] {dag.py:3096} INFO - Sync 1 DAGs
[2025-08-09T18:29:06.204+0000] {logging_mixin.py:188} INFO - [2025-08-09T18:29:06.203+0000] {dag.py:3954} INFO - Setting next_dagrun for example_bash_operator to 2025-08-08 00:00:00+00:00, run_after=2025-08-09 00:00:00+00:00
[2025-08-09T18:29:06.264+0000] {processor.py:183} INFO - Processing /home/airflow/.local/lib/python3.12/site-packages/airflow/example_dags/example_bash_operator.py took 0.233 seconds
[2025-08-09T18:29:36.464+0000] {processor.py:161} INFO - Started process (PID=361) to work on /home/airflow/.local/lib/python3.12/site-packages/airflow/example_dags/example_bash_operator.py
[2025-08-09T18:29:36.466+0000] {processor.py:830} INFO - Processing file /home/airflow/.local/lib/python3.12/site-packages/airflow/example_dags/example_bash_operator.py for tasks to queue
[2025-08-09T18:29:36.470+0000] {logging_mixin.py:188} INFO - [2025-08-09T18:29:36.469+0000] {dagbag.py:540} INFO - Filling up the DagBag from /home/airflow/.local/lib/python3.12/site-packages/airflow/example_dags/example_bash_operator.py
[2025-08-09T18:29:36.491+0000] {processor.py:840} INFO - DAG(s) 'example_bash_operator' retrieved from /home/airflow/.local/lib/python3.12/site-packages/airflow/example_dags/example_bash_operator.py
[2025-08-09T18:29:36.533+0000] {logging_mixin.py:188} INFO - [2025-08-09T18:29:36.532+0000] {dag.py:3096} INFO - Sync 1 DAGs
[2025-08-09T18:29:36.571+0000] {logging_mixin.py:188} INFO - [2025-08-09T18:29:36.571+0000] {dag.py:3954} INFO - Setting next_dagrun for example_bash_operator to 2025-08-08 00:00:00+00:00, run_after=2025-08-09 00:00:00+00:00
[2025-08-09T18:29:36.612+0000] {processor.py:183} INFO - Processing /home/airflow/.local/lib/python3.12/site-packages/airflow/example_dags/example_bash_operator.py took 0.159 seconds
[2025-08-09T18:30:07.284+0000] {processor.py:161} INFO - Started process (PID=419) to work on /home/airflow/.local/lib/python3.12/site-packages/airflow/example_dags/example_bash_operator.py
[2025-08-09T18:30:07.286+0000] {processor.py:830} INFO - Processing file /home/airflow/.local/lib/python3.12/site-packages/airflow/example_dags/example_bash_operator.py for tasks to queue
[2025-08-09T18:30:07.289+0000] {logging_mixin.py:188} INFO - [2025-08-09T18:30:07.289+0000] {dagbag.py:540} INFO - Filling up the DagBag from /home/airflow/.local/lib/python3.12/site-packages/airflow/example_dags/example_bash_operator.py
[2025-08-09T18:30:07.314+0000] {processor.py:840} INFO - DAG(s) 'example_bash_operator' retrieved from /home/airflow/.local/lib/python3.12/site-packages/airflow/example_dags/example_bash_operator.py
[2025-08-09T18:30:07.381+0000] {logging_mixin.py:188} INFO - [2025-08-09T18:30:07.380+0000] {dag.py:3096} INFO - Sync 1 DAGs
[2025-08-09T18:30:07.425+0000] {logging_mixin.py:188} INFO - [2025-08-09T18:30:07.424+0000] {dag.py:3954} INFO - Setting next_dagrun for example_bash_operator to 2025-08-08 00:00:00+00:00, run_after=2025-08-09 00:00:00+00:00
[2025-08-09T18:30:07.472+0000] {processor.py:183} INFO - Processing /home/airflow/.local/lib/python3.12/site-packages/airflow/example_dags/example_bash_operator.py took 0.197 seconds
[2025-08-09T18:30:37.966+0000] {processor.py:161} INFO - Started process (PID=478) to work on /home/airflow/.local/lib/python3.12/site-packages/airflow/example_dags/example_bash_operator.py
[2025-08-09T18:30:37.967+0000] {processor.py:830} INFO - Processing file /home/airflow/.local/lib/python3.12/site-packages/airflow/example_dags/example_bash_operator.py for tasks to queue
[2025-08-09T18:30:37.970+0000] {logging_mixin.py:188} INFO - [2025-08-09T18:30:37.969+0000] {dagbag.py:540} INFO - Filling up the DagBag from /home/airflow/.local/lib/python3.12/site-packages/airflow/example_dags/example_bash_operator.py
[2025-08-09T18:30:37.986+0000] {processor.py:840} INFO - DAG(s) 'example_bash_operator' retrieved from /home/airflow/.local/lib/python3.12/site-packages/airflow/example_dags/example_bash_operator.py
[2025-08-09T18:30:38.044+0000] {logging_mixin.py:188} INFO - [2025-08-09T18:30:38.044+0000] {dag.py:3096} INFO - Sync 1 DAGs
[2025-08-09T18:30:38.094+0000] {logging_mixin.py:188} INFO - [2025-08-09T18:30:38.093+0000] {dag.py:3954} INFO - Setting next_dagrun for example_bash_operator to 2025-08-08 00:00:00+00:00, run_after=2025-08-09 00:00:00+00:00
[2025-08-09T18:30:38.133+0000] {processor.py:183} INFO - Processing /home/airflow/.local/lib/python3.12/site-packages/airflow/example_dags/example_bash_operator.py took 0.178 seconds
[2025-08-09T18:31:08.212+0000] {processor.py:161} INFO - Started process (PID=537) to work on /home/airflow/.local/lib/python3.12/site-packages/airflow/example_dags/example_bash_operator.py
[2025-08-09T18:31:08.214+0000] {processor.py:830} INFO - Processing file /home/airflow/.local/lib/python3.12/site-packages/airflow/example_dags/example_bash_operator.py for tasks to queue
[2025-08-09T18:31:08.217+0000] {logging_mixin.py:188} INFO - [2025-08-09T18:31:08.216+0000] {dagbag.py:540} INFO - Filling up the DagBag from /home/airflow/.local/lib/python3.12/site-packages/airflow/example_dags/example_bash_operator.py
[2025-08-09T18:31:08.232+0000] {processor.py:840} INFO - DAG(s) 'example_bash_operator' retrieved from /home/airflow/.local/lib/python3.12/site-packages/airflow/example_dags/example_bash_operator.py
[2025-08-09T18:31:08.265+0000] {logging_mixin.py:188} INFO - [2025-08-09T18:31:08.265+0000] {dag.py:3096} INFO - Sync 1 DAGs
[2025-08-09T18:31:08.296+0000] {logging_mixin.py:188} INFO - [2025-08-09T18:31:08.295+0000] {dag.py:3954} INFO - Setting next_dagrun for example_bash_operator to 2025-08-08 00:00:00+00:00, run_after=2025-08-09 00:00:00+00:00
[2025-08-09T18:31:08.323+0000] {processor.py:183} INFO - Processing /home/airflow/.local/lib/python3.12/site-packages/airflow/example_dags/example_bash_operator.py took 0.122 seconds
[2025-08-09T18:31:39.146+0000] {processor.py:161} INFO - Started process (PID=595) to work on /home/airflow/.local/lib/python3.12/site-packages/airflow/example_dags/example_bash_operator.py
[2025-08-09T18:31:39.149+0000] {processor.py:830} INFO - Processing file /home/airflow/.local/lib/python3.12/site-packages/airflow/example_dags/example_bash_operator.py for tasks to queue
[2025-08-09T18:31:39.153+0000] {logging_mixin.py:188} INFO - [2025-08-09T18:31:39.152+0000] {dagbag.py:540} INFO - Filling up the DagBag from /home/airflow/.local/lib/python3.12/site-packages/airflow/example_dags/example_bash_operator.py
[2025-08-09T18:31:39.176+0000] {processor.py:840} INFO - DAG(s) 'example_bash_operator' retrieved from /home/airflow/.local/lib/python3.12/site-packages/airflow/example_dags/example_bash_operator.py
[2025-08-09T18:31:39.218+0000] {logging_mixin.py:188} INFO - [2025-08-09T18:31:39.218+0000] {dag.py:3096} INFO - Sync 1 DAGs
[2025-08-09T18:31:39.248+0000] {logging_mixin.py:188} INFO - [2025-08-09T18:31:39.248+0000] {dag.py:3954} INFO - Setting next_dagrun for example_bash_operator to 2025-08-08 00:00:00+00:00, run_after=2025-08-09 00:00:00+00:00
[2025-08-09T18:31:39.287+0000] {processor.py:183} INFO - Processing /home/airflow/.local/lib/python3.12/site-packages/airflow/example_dags/example_bash_operator.py took 0.152 seconds
[2025-08-09T18:32:09.503+0000] {processor.py:161} INFO - Started process (PID=656) to work on /home/airflow/.local/lib/python3.12/site-packages/airflow/example_dags/example_bash_operator.py
[2025-08-09T18:32:09.504+0000] {processor.py:830} INFO - Processing file /home/airflow/.local/lib/python3.12/site-packages/airflow/example_dags/example_bash_operator.py for tasks to queue
[2025-08-09T18:32:09.507+0000] {logging_mixin.py:188} INFO - [2025-08-09T18:32:09.507+0000] {dagbag.py:540} INFO - Filling up the DagBag from /home/airflow/.local/lib/python3.12/site-packages/airflow/example_dags/example_bash_operator.py
[2025-08-09T18:32:09.532+0000] {processor.py:840} INFO - DAG(s) 'example_bash_operator' retrieved from /home/airflow/.local/lib/python3.12/site-packages/airflow/example_dags/example_bash_operator.py
[2025-08-09T18:32:09.569+0000] {logging_mixin.py:188} INFO - [2025-08-09T18:32:09.569+0000] {dag.py:3096} INFO - Sync 1 DAGs
[2025-08-09T18:32:09.602+0000] {logging_mixin.py:188} INFO - [2025-08-09T18:32:09.602+0000] {dag.py:3954} INFO - Setting next_dagrun for example_bash_operator to 2025-08-08 00:00:00+00:00, run_after=2025-08-09 00:00:00+00:00
[2025-08-09T18:32:09.638+0000] {processor.py:183} INFO - Processing /home/airflow/.local/lib/python3.12/site-packages/airflow/example_dags/example_bash_operator.py took 0.142 seconds
[2025-08-09T18:32:39.943+0000] {processor.py:161} INFO - Started process (PID=714) to work on /home/airflow/.local/lib/python3.12/site-packages/airflow/example_dags/example_bash_operator.py
[2025-08-09T18:32:39.944+0000] {processor.py:830} INFO - Processing file /home/airflow/.local/lib/python3.12/site-packages/airflow/example_dags/example_bash_operator.py for tasks to queue
[2025-08-09T18:32:39.947+0000] {logging_mixin.py:188} INFO - [2025-08-09T18:32:39.946+0000] {dagbag.py:540} INFO - Filling up the DagBag from /home/airflow/.local/lib/python3.12/site-packages/airflow/example_dags/example_bash_operator.py
[2025-08-09T18:32:39.965+0000] {processor.py:840} INFO - DAG(s) 'example_bash_operator' retrieved from /home/airflow/.local/lib/python3.12/site-packages/airflow/example_dags/example_bash_operator.py
[2025-08-09T18:32:40.003+0000] {logging_mixin.py:188} INFO - [2025-08-09T18:32:40.002+0000] {dag.py:3096} INFO - Sync 1 DAGs
[2025-08-09T18:32:40.036+0000] {logging_mixin.py:188} INFO - [2025-08-09T18:32:40.035+0000] {dag.py:3954} INFO - Setting next_dagrun for example_bash_operator to 2025-08-08 00:00:00+00:00, run_after=2025-08-09 00:00:00+00:00
[2025-08-09T18:32:40.066+0000] {processor.py:183} INFO - Processing /home/airflow/.local/lib/python3.12/site-packages/airflow/example_dags/example_bash_operator.py took 0.132 seconds
[2025-08-09T18:33:10.857+0000] {processor.py:161} INFO - Started process (PID=773) to work on /home/airflow/.local/lib/python3.12/site-packages/airflow/example_dags/example_bash_operator.py
[2025-08-09T18:33:10.858+0000] {processor.py:830} INFO - Processing file /home/airflow/.local/lib/python3.12/site-packages/airflow/example_dags/example_bash_operator.py for tasks to queue
[2025-08-09T18:33:10.861+0000] {logging_mixin.py:188} INFO - [2025-08-09T18:33:10.860+0000] {dagbag.py:540} INFO - Filling up the DagBag from /home/airflow/.local/lib/python3.12/site-packages/airflow/example_dags/example_bash_operator.py
[2025-08-09T18:33:10.875+0000] {processor.py:840} INFO - DAG(s) 'example_bash_operator' retrieved from /home/airflow/.local/lib/python3.12/site-packages/airflow/example_dags/example_bash_operator.py
[2025-08-09T18:33:10.912+0000] {logging_mixin.py:188} INFO - [2025-08-09T18:33:10.911+0000] {dag.py:3096} INFO - Sync 1 DAGs
[2025-08-09T18:33:10.943+0000] {logging_mixin.py:188} INFO - [2025-08-09T18:33:10.942+0000] {dag.py:3954} INFO - Setting next_dagrun for example_bash_operator to 2025-08-08 00:00:00+00:00, run_after=2025-08-09 00:00:00+00:00
[2025-08-09T18:33:10.966+0000] {processor.py:183} INFO - Processing /home/airflow/.local/lib/python3.12/site-packages/airflow/example_dags/example_bash_operator.py took 0.117 seconds
[2025-08-09T18:33:41.412+0000] {processor.py:161} INFO - Started process (PID=832) to work on /home/airflow/.local/lib/python3.12/site-packages/airflow/example_dags/example_bash_operator.py
[2025-08-09T18:33:41.413+0000] {processor.py:830} INFO - Processing file /home/airflow/.local/lib/python3.12/site-packages/airflow/example_dags/example_bash_operator.py for tasks to queue
[2025-08-09T18:33:41.416+0000] {logging_mixin.py:188} INFO - [2025-08-09T18:33:41.415+0000] {dagbag.py:540} INFO - Filling up the DagBag from /home/airflow/.local/lib/python3.12/site-packages/airflow/example_dags/example_bash_operator.py
[2025-08-09T18:33:41.436+0000] {processor.py:840} INFO - DAG(s) 'example_bash_operator' retrieved from /home/airflow/.local/lib/python3.12/site-packages/airflow/example_dags/example_bash_operator.py
[2025-08-09T18:33:41.479+0000] {logging_mixin.py:188} INFO - [2025-08-09T18:33:41.478+0000] {dag.py:3096} INFO - Sync 1 DAGs
[2025-08-09T18:33:41.519+0000] {logging_mixin.py:188} INFO - [2025-08-09T18:33:41.519+0000] {dag.py:3954} INFO - Setting next_dagrun for example_bash_operator to 2025-08-08 00:00:00+00:00, run_after=2025-08-09 00:00:00+00:00
[2025-08-09T18:33:41.548+0000] {processor.py:183} INFO - Processing /home/airflow/.local/lib/python3.12/site-packages/airflow/example_dags/example_bash_operator.py took 0.149 seconds
[2025-08-09T18:34:12.343+0000] {processor.py:161} INFO - Started process (PID=893) to work on /home/airflow/.local/lib/python3.12/site-packages/airflow/example_dags/example_bash_operator.py
[2025-08-09T18:34:12.345+0000] {processor.py:830} INFO - Processing file /home/airflow/.local/lib/python3.12/site-packages/airflow/example_dags/example_bash_operator.py for tasks to queue
[2025-08-09T18:34:12.347+0000] {logging_mixin.py:188} INFO - [2025-08-09T18:34:12.347+0000] {dagbag.py:540} INFO - Filling up the DagBag from /home/airflow/.local/lib/python3.12/site-packages/airflow/example_dags/example_bash_operator.py
[2025-08-09T18:34:12.362+0000] {processor.py:840} INFO - DAG(s) 'example_bash_operator' retrieved from /home/airflow/.local/lib/python3.12/site-packages/airflow/example_dags/example_bash_operator.py
[2025-08-09T18:34:12.417+0000] {logging_mixin.py:188} INFO - [2025-08-09T18:34:12.417+0000] {dag.py:3096} INFO - Sync 1 DAGs
[2025-08-09T18:34:12.463+0000] {logging_mixin.py:188} INFO - [2025-08-09T18:34:12.462+0000] {dag.py:3954} INFO - Setting next_dagrun for example_bash_operator to 2025-08-08 00:00:00+00:00, run_after=2025-08-09 00:00:00+00:00
[2025-08-09T18:34:12.506+0000] {processor.py:183} INFO - Processing /home/airflow/.local/lib/python3.12/site-packages/airflow/example_dags/example_bash_operator.py took 0.170 seconds
[2025-08-09T18:34:44.181+0000] {processor.py:161} INFO - Started process (PID=951) to work on /home/airflow/.local/lib/python3.12/site-packages/airflow/example_dags/example_bash_operator.py
[2025-08-09T18:34:44.183+0000] {processor.py:830} INFO - Processing file /home/airflow/.local/lib/python3.12/site-packages/airflow/example_dags/example_bash_operator.py for tasks to queue
[2025-08-09T18:34:44.189+0000] {logging_mixin.py:188} INFO - [2025-08-09T18:34:44.188+0000] {dagbag.py:540} INFO - Filling up the DagBag from /home/airflow/.local/lib/python3.12/site-packages/airflow/example_dags/example_bash_operator.py
[2025-08-09T18:34:44.221+0000] {processor.py:840} INFO - DAG(s) 'example_bash_operator' retrieved from /home/airflow/.local/lib/python3.12/site-packages/airflow/example_dags/example_bash_operator.py
[2025-08-09T18:34:44.613+0000] {logging_mixin.py:188} INFO - [2025-08-09T18:34:44.612+0000] {dag.py:3096} INFO - Sync 1 DAGs
[2025-08-09T18:34:44.652+0000] {logging_mixin.py:188} INFO - [2025-08-09T18:34:44.652+0000] {dag.py:3954} INFO - Setting next_dagrun for example_bash_operator to 2025-08-08 00:00:00+00:00, run_after=2025-08-09 00:00:00+00:00
[2025-08-09T18:34:44.708+0000] {processor.py:183} INFO - Processing /home/airflow/.local/lib/python3.12/site-packages/airflow/example_dags/example_bash_operator.py took 0.544 seconds
[2025-08-09T18:35:15.207+0000] {processor.py:161} INFO - Started process (PID=1010) to work on /home/airflow/.local/lib/python3.12/site-packages/airflow/example_dags/example_bash_operator.py
[2025-08-09T18:35:15.210+0000] {processor.py:830} INFO - Processing file /home/airflow/.local/lib/python3.12/site-packages/airflow/example_dags/example_bash_operator.py for tasks to queue
[2025-08-09T18:35:15.213+0000] {logging_mixin.py:188} INFO - [2025-08-09T18:35:15.212+0000] {dagbag.py:540} INFO - Filling up the DagBag from /home/airflow/.local/lib/python3.12/site-packages/airflow/example_dags/example_bash_operator.py
[2025-08-09T18:35:15.231+0000] {processor.py:840} INFO - DAG(s) 'example_bash_operator' retrieved from /home/airflow/.local/lib/python3.12/site-packages/airflow/example_dags/example_bash_operator.py
[2025-08-09T18:35:15.281+0000] {logging_mixin.py:188} INFO - [2025-08-09T18:35:15.280+0000] {dag.py:3096} INFO - Sync 1 DAGs
[2025-08-09T18:35:15.521+0000] {logging_mixin.py:188} INFO - [2025-08-09T18:35:15.520+0000] {dag.py:3954} INFO - Setting next_dagrun for example_bash_operator to 2025-08-08 00:00:00+00:00, run_after=2025-08-09 00:00:00+00:00
[2025-08-09T18:35:15.546+0000] {processor.py:183} INFO - Processing /home/airflow/.local/lib/python3.12/site-packages/airflow/example_dags/example_bash_operator.py took 0.347 seconds
[2025-08-09T18:35:45.760+0000] {processor.py:161} INFO - Started process (PID=1069) to work on /home/airflow/.local/lib/python3.12/site-packages/airflow/example_dags/example_bash_operator.py
[2025-08-09T18:35:45.762+0000] {processor.py:830} INFO - Processing file /home/airflow/.local/lib/python3.12/site-packages/airflow/example_dags/example_bash_operator.py for tasks to queue
[2025-08-09T18:35:45.765+0000] {logging_mixin.py:188} INFO - [2025-08-09T18:35:45.764+0000] {dagbag.py:540} INFO - Filling up the DagBag from /home/airflow/.local/lib/python3.12/site-packages/airflow/example_dags/example_bash_operator.py
[2025-08-09T18:35:45.786+0000] {processor.py:840} INFO - DAG(s) 'example_bash_operator' retrieved from /home/airflow/.local/lib/python3.12/site-packages/airflow/example_dags/example_bash_operator.py
[2025-08-09T18:35:45.839+0000] {logging_mixin.py:188} INFO - [2025-08-09T18:35:45.838+0000] {dag.py:3096} INFO - Sync 1 DAGs
[2025-08-09T18:35:45.885+0000] {logging_mixin.py:188} INFO - [2025-08-09T18:35:45.885+0000] {dag.py:3954} INFO - Setting next_dagrun for example_bash_operator to 2025-08-08 00:00:00+00:00, run_after=2025-08-09 00:00:00+00:00
[2025-08-09T18:35:45.926+0000] {processor.py:183} INFO - Processing /home/airflow/.local/lib/python3.12/site-packages/airflow/example_dags/example_bash_operator.py took 0.175 seconds
[2025-08-09T18:36:16.231+0000] {processor.py:161} INFO - Started process (PID=1129) to work on /home/airflow/.local/lib/python3.12/site-packages/airflow/example_dags/example_bash_operator.py
[2025-08-09T18:36:16.236+0000] {processor.py:830} INFO - Processing file /home/airflow/.local/lib/python3.12/site-packages/airflow/example_dags/example_bash_operator.py for tasks to queue
[2025-08-09T18:36:16.239+0000] {logging_mixin.py:188} INFO - [2025-08-09T18:36:16.239+0000] {dagbag.py:540} INFO - Filling up the DagBag from /home/airflow/.local/lib/python3.12/site-packages/airflow/example_dags/example_bash_operator.py
[2025-08-09T18:36:16.276+0000] {processor.py:840} INFO - DAG(s) 'example_bash_operator' retrieved from /home/airflow/.local/lib/python3.12/site-packages/airflow/example_dags/example_bash_operator.py
[2025-08-09T18:36:16.349+0000] {logging_mixin.py:188} INFO - [2025-08-09T18:36:16.348+0000] {dag.py:3096} INFO - Sync 1 DAGs
[2025-08-09T18:36:16.398+0000] {logging_mixin.py:188} INFO - [2025-08-09T18:36:16.398+0000] {dag.py:3954} INFO - Setting next_dagrun for example_bash_operator to 2025-08-08 00:00:00+00:00, run_after=2025-08-09 00:00:00+00:00
[2025-08-09T18:36:16.438+0000] {processor.py:183} INFO - Processing /home/airflow/.local/lib/python3.12/site-packages/airflow/example_dags/example_bash_operator.py took 0.225 seconds
[2025-08-09T18:36:46.786+0000] {processor.py:161} INFO - Started process (PID=1188) to work on /home/airflow/.local/lib/python3.12/site-packages/airflow/example_dags/example_bash_operator.py
[2025-08-09T18:36:46.788+0000] {processor.py:830} INFO - Processing file /home/airflow/.local/lib/python3.12/site-packages/airflow/example_dags/example_bash_operator.py for tasks to queue
[2025-08-09T18:36:46.790+0000] {logging_mixin.py:188} INFO - [2025-08-09T18:36:46.789+0000] {dagbag.py:540} INFO - Filling up the DagBag from /home/airflow/.local/lib/python3.12/site-packages/airflow/example_dags/example_bash_operator.py
[2025-08-09T18:36:46.805+0000] {processor.py:840} INFO - DAG(s) 'example_bash_operator' retrieved from /home/airflow/.local/lib/python3.12/site-packages/airflow/example_dags/example_bash_operator.py
[2025-08-09T18:36:46.842+0000] {logging_mixin.py:188} INFO - [2025-08-09T18:36:46.841+0000] {dag.py:3096} INFO - Sync 1 DAGs
[2025-08-09T18:36:46.872+0000] {logging_mixin.py:188} INFO - [2025-08-09T18:36:46.872+0000] {dag.py:3954} INFO - Setting next_dagrun for example_bash_operator to 2025-08-08 00:00:00+00:00, run_after=2025-08-09 00:00:00+00:00
[2025-08-09T18:36:46.906+0000] {processor.py:183} INFO - Processing /home/airflow/.local/lib/python3.12/site-packages/airflow/example_dags/example_bash_operator.py took 0.128 seconds
[2025-08-09T18:37:17.417+0000] {processor.py:161} INFO - Started process (PID=1249) to work on /home/airflow/.local/lib/python3.12/site-packages/airflow/example_dags/example_bash_operator.py
[2025-08-09T18:37:17.419+0000] {processor.py:830} INFO - Processing file /home/airflow/.local/lib/python3.12/site-packages/airflow/example_dags/example_bash_operator.py for tasks to queue
[2025-08-09T18:37:17.422+0000] {logging_mixin.py:188} INFO - [2025-08-09T18:37:17.422+0000] {dagbag.py:540} INFO - Filling up the DagBag from /home/airflow/.local/lib/python3.12/site-packages/airflow/example_dags/example_bash_operator.py
[2025-08-09T18:37:17.445+0000] {processor.py:840} INFO - DAG(s) 'example_bash_operator' retrieved from /home/airflow/.local/lib/python3.12/site-packages/airflow/example_dags/example_bash_operator.py
[2025-08-09T18:37:17.506+0000] {logging_mixin.py:188} INFO - [2025-08-09T18:37:17.506+0000] {dag.py:3096} INFO - Sync 1 DAGs
[2025-08-09T18:37:17.535+0000] {logging_mixin.py:188} INFO - [2025-08-09T18:37:17.535+0000] {dag.py:3954} INFO - Setting next_dagrun for example_bash_operator to 2025-08-08 00:00:00+00:00, run_after=2025-08-09 00:00:00+00:00
[2025-08-09T18:37:17.578+0000] {processor.py:183} INFO - Processing /home/airflow/.local/lib/python3.12/site-packages/airflow/example_dags/example_bash_operator.py took 0.169 seconds
[2025-08-09T18:37:47.703+0000] {processor.py:161} INFO - Started process (PID=1309) to work on /home/airflow/.local/lib/python3.12/site-packages/airflow/example_dags/example_bash_operator.py
[2025-08-09T18:37:47.704+0000] {processor.py:830} INFO - Processing file /home/airflow/.local/lib/python3.12/site-packages/airflow/example_dags/example_bash_operator.py for tasks to queue
[2025-08-09T18:37:47.708+0000] {logging_mixin.py:188} INFO - [2025-08-09T18:37:47.708+0000] {dagbag.py:540} INFO - Filling up the DagBag from /home/airflow/.local/lib/python3.12/site-packages/airflow/example_dags/example_bash_operator.py
[2025-08-09T18:37:47.731+0000] {processor.py:840} INFO - DAG(s) 'example_bash_operator' retrieved from /home/airflow/.local/lib/python3.12/site-packages/airflow/example_dags/example_bash_operator.py
[2025-08-09T18:37:47.770+0000] {logging_mixin.py:188} INFO - [2025-08-09T18:37:47.769+0000] {dag.py:3096} INFO - Sync 1 DAGs
[2025-08-09T18:37:47.808+0000] {logging_mixin.py:188} INFO - [2025-08-09T18:37:47.807+0000] {dag.py:3954} INFO - Setting next_dagrun for example_bash_operator to 2025-08-08 00:00:00+00:00, run_after=2025-08-09 00:00:00+00:00
[2025-08-09T18:37:47.847+0000] {processor.py:183} INFO - Processing /home/airflow/.local/lib/python3.12/site-packages/airflow/example_dags/example_bash_operator.py took 0.155 seconds
[2025-08-09T18:38:18.116+0000] {processor.py:161} INFO - Started process (PID=1366) to work on /home/airflow/.local/lib/python3.12/site-packages/airflow/example_dags/example_bash_operator.py
[2025-08-09T18:38:18.118+0000] {processor.py:830} INFO - Processing file /home/airflow/.local/lib/python3.12/site-packages/airflow/example_dags/example_bash_operator.py for tasks to queue
[2025-08-09T18:38:18.121+0000] {logging_mixin.py:188} INFO - [2025-08-09T18:38:18.120+0000] {dagbag.py:540} INFO - Filling up the DagBag from /home/airflow/.local/lib/python3.12/site-packages/airflow/example_dags/example_bash_operator.py
[2025-08-09T18:38:18.138+0000] {processor.py:840} INFO - DAG(s) 'example_bash_operator' retrieved from /home/airflow/.local/lib/python3.12/site-packages/airflow/example_dags/example_bash_operator.py
[2025-08-09T18:38:18.189+0000] {logging_mixin.py:188} INFO - [2025-08-09T18:38:18.189+0000] {dag.py:3096} INFO - Sync 1 DAGs
[2025-08-09T18:38:18.221+0000] {logging_mixin.py:188} INFO - [2025-08-09T18:38:18.220+0000] {dag.py:3954} INFO - Setting next_dagrun for example_bash_operator to 2025-08-08 00:00:00+00:00, run_after=2025-08-09 00:00:00+00:00
[2025-08-09T18:38:18.262+0000] {processor.py:183} INFO - Processing /home/airflow/.local/lib/python3.12/site-packages/airflow/example_dags/example_bash_operator.py took 0.157 seconds
[2025-08-09T18:38:48.747+0000] {processor.py:161} INFO - Started process (PID=1423) to work on /home/airflow/.local/lib/python3.12/site-packages/airflow/example_dags/example_bash_operator.py
[2025-08-09T18:38:48.749+0000] {processor.py:830} INFO - Processing file /home/airflow/.local/lib/python3.12/site-packages/airflow/example_dags/example_bash_operator.py for tasks to queue
[2025-08-09T18:38:48.751+0000] {logging_mixin.py:188} INFO - [2025-08-09T18:38:48.751+0000] {dagbag.py:540} INFO - Filling up the DagBag from /home/airflow/.local/lib/python3.12/site-packages/airflow/example_dags/example_bash_operator.py
[2025-08-09T18:38:48.767+0000] {processor.py:840} INFO - DAG(s) 'example_bash_operator' retrieved from /home/airflow/.local/lib/python3.12/site-packages/airflow/example_dags/example_bash_operator.py
[2025-08-09T18:38:48.815+0000] {logging_mixin.py:188} INFO - [2025-08-09T18:38:48.815+0000] {dag.py:3096} INFO - Sync 1 DAGs
[2025-08-09T18:38:48.859+0000] {logging_mixin.py:188} INFO - [2025-08-09T18:38:48.859+0000] {dag.py:3954} INFO - Setting next_dagrun for example_bash_operator to 2025-08-08 00:00:00+00:00, run_after=2025-08-09 00:00:00+00:00
[2025-08-09T18:38:48.897+0000] {processor.py:183} INFO - Processing /home/airflow/.local/lib/python3.12/site-packages/airflow/example_dags/example_bash_operator.py took 0.158 seconds
[2025-08-09T18:39:19.479+0000] {processor.py:161} INFO - Started process (PID=1482) to work on /home/airflow/.local/lib/python3.12/site-packages/airflow/example_dags/example_bash_operator.py
[2025-08-09T18:39:19.481+0000] {processor.py:830} INFO - Processing file /home/airflow/.local/lib/python3.12/site-packages/airflow/example_dags/example_bash_operator.py for tasks to queue
[2025-08-09T18:39:19.483+0000] {logging_mixin.py:188} INFO - [2025-08-09T18:39:19.483+0000] {dagbag.py:540} INFO - Filling up the DagBag from /home/airflow/.local/lib/python3.12/site-packages/airflow/example_dags/example_bash_operator.py
[2025-08-09T18:39:19.497+0000] {processor.py:840} INFO - DAG(s) 'example_bash_operator' retrieved from /home/airflow/.local/lib/python3.12/site-packages/airflow/example_dags/example_bash_operator.py
[2025-08-09T18:39:19.551+0000] {logging_mixin.py:188} INFO - [2025-08-09T18:39:19.550+0000] {dag.py:3096} INFO - Sync 1 DAGs
[2025-08-09T18:39:19.595+0000] {logging_mixin.py:188} INFO - [2025-08-09T18:39:19.594+0000] {dag.py:3954} INFO - Setting next_dagrun for example_bash_operator to 2025-08-08 00:00:00+00:00, run_after=2025-08-09 00:00:00+00:00
[2025-08-09T18:39:19.636+0000] {processor.py:183} INFO - Processing /home/airflow/.local/lib/python3.12/site-packages/airflow/example_dags/example_bash_operator.py took 0.164 seconds
[2025-08-09T18:39:50.053+0000] {processor.py:161} INFO - Started process (PID=1541) to work on /home/airflow/.local/lib/python3.12/site-packages/airflow/example_dags/example_bash_operator.py
[2025-08-09T18:39:50.054+0000] {processor.py:830} INFO - Processing file /home/airflow/.local/lib/python3.12/site-packages/airflow/example_dags/example_bash_operator.py for tasks to queue
[2025-08-09T18:39:50.057+0000] {logging_mixin.py:188} INFO - [2025-08-09T18:39:50.057+0000] {dagbag.py:540} INFO - Filling up the DagBag from /home/airflow/.local/lib/python3.12/site-packages/airflow/example_dags/example_bash_operator.py
[2025-08-09T18:39:50.079+0000] {processor.py:840} INFO - DAG(s) 'example_bash_operator' retrieved from /home/airflow/.local/lib/python3.12/site-packages/airflow/example_dags/example_bash_operator.py
[2025-08-09T18:39:50.218+0000] {logging_mixin.py:188} INFO - [2025-08-09T18:39:50.217+0000] {dag.py:3096} INFO - Sync 1 DAGs
[2025-08-09T18:39:50.322+0000] {logging_mixin.py:188} INFO - [2025-08-09T18:39:50.322+0000] {dag.py:3954} INFO - Setting next_dagrun for example_bash_operator to 2025-08-08 00:00:00+00:00, run_after=2025-08-09 00:00:00+00:00
[2025-08-09T18:39:50.378+0000] {processor.py:183} INFO - Processing /home/airflow/.local/lib/python3.12/site-packages/airflow/example_dags/example_bash_operator.py took 0.335 seconds
[2025-08-09T18:40:20.622+0000] {processor.py:161} INFO - Started process (PID=1600) to work on /home/airflow/.local/lib/python3.12/site-packages/airflow/example_dags/example_bash_operator.py
[2025-08-09T18:40:20.624+0000] {processor.py:830} INFO - Processing file /home/airflow/.local/lib/python3.12/site-packages/airflow/example_dags/example_bash_operator.py for tasks to queue
[2025-08-09T18:40:20.627+0000] {logging_mixin.py:188} INFO - [2025-08-09T18:40:20.627+0000] {dagbag.py:540} INFO - Filling up the DagBag from /home/airflow/.local/lib/python3.12/site-packages/airflow/example_dags/example_bash_operator.py
[2025-08-09T18:40:20.651+0000] {processor.py:840} INFO - DAG(s) 'example_bash_operator' retrieved from /home/airflow/.local/lib/python3.12/site-packages/airflow/example_dags/example_bash_operator.py
[2025-08-09T18:40:20.715+0000] {logging_mixin.py:188} INFO - [2025-08-09T18:40:20.715+0000] {dag.py:3096} INFO - Sync 1 DAGs
[2025-08-09T18:40:20.749+0000] {logging_mixin.py:188} INFO - [2025-08-09T18:40:20.748+0000] {dag.py:3954} INFO - Setting next_dagrun for example_bash_operator to 2025-08-08 00:00:00+00:00, run_after=2025-08-09 00:00:00+00:00
[2025-08-09T18:40:20.777+0000] {processor.py:183} INFO - Processing /home/airflow/.local/lib/python3.12/site-packages/airflow/example_dags/example_bash_operator.py took 0.167 seconds
[2025-08-09T18:40:51.521+0000] {processor.py:161} INFO - Started process (PID=1660) to work on /home/airflow/.local/lib/python3.12/site-packages/airflow/example_dags/example_bash_operator.py
[2025-08-09T18:40:51.523+0000] {processor.py:830} INFO - Processing file /home/airflow/.local/lib/python3.12/site-packages/airflow/example_dags/example_bash_operator.py for tasks to queue
[2025-08-09T18:40:51.528+0000] {logging_mixin.py:188} INFO - [2025-08-09T18:40:51.527+0000] {dagbag.py:540} INFO - Filling up the DagBag from /home/airflow/.local/lib/python3.12/site-packages/airflow/example_dags/example_bash_operator.py
[2025-08-09T18:40:51.555+0000] {processor.py:840} INFO - DAG(s) 'example_bash_operator' retrieved from /home/airflow/.local/lib/python3.12/site-packages/airflow/example_dags/example_bash_operator.py
[2025-08-09T18:40:51.611+0000] {logging_mixin.py:188} INFO - [2025-08-09T18:40:51.610+0000] {dag.py:3096} INFO - Sync 1 DAGs
[2025-08-09T18:40:51.675+0000] {logging_mixin.py:188} INFO - [2025-08-09T18:40:51.675+0000] {dag.py:3954} INFO - Setting next_dagrun for example_bash_operator to 2025-08-08 00:00:00+00:00, run_after=2025-08-09 00:00:00+00:00
[2025-08-09T18:40:51.727+0000] {processor.py:183} INFO - Processing /home/airflow/.local/lib/python3.12/site-packages/airflow/example_dags/example_bash_operator.py took 0.224 seconds
[2025-08-09T18:41:21.830+0000] {processor.py:161} INFO - Started process (PID=1721) to work on /home/airflow/.local/lib/python3.12/site-packages/airflow/example_dags/example_bash_operator.py
[2025-08-09T18:41:21.831+0000] {processor.py:830} INFO - Processing file /home/airflow/.local/lib/python3.12/site-packages/airflow/example_dags/example_bash_operator.py for tasks to queue
[2025-08-09T18:41:21.835+0000] {logging_mixin.py:188} INFO - [2025-08-09T18:41:21.834+0000] {dagbag.py:540} INFO - Filling up the DagBag from /home/airflow/.local/lib/python3.12/site-packages/airflow/example_dags/example_bash_operator.py
[2025-08-09T18:41:21.869+0000] {processor.py:840} INFO - DAG(s) 'example_bash_operator' retrieved from /home/airflow/.local/lib/python3.12/site-packages/airflow/example_dags/example_bash_operator.py
[2025-08-09T18:41:21.926+0000] {logging_mixin.py:188} INFO - [2025-08-09T18:41:21.925+0000] {dag.py:3096} INFO - Sync 1 DAGs
[2025-08-09T18:41:21.960+0000] {logging_mixin.py:188} INFO - [2025-08-09T18:41:21.960+0000] {dag.py:3954} INFO - Setting next_dagrun for example_bash_operator to 2025-08-08 00:00:00+00:00, run_after=2025-08-09 00:00:00+00:00
[2025-08-09T18:41:21.987+0000] {processor.py:183} INFO - Processing /home/airflow/.local/lib/python3.12/site-packages/airflow/example_dags/example_bash_operator.py took 0.173 seconds
[2025-08-09T18:41:52.092+0000] {processor.py:161} INFO - Started process (PID=1780) to work on /home/airflow/.local/lib/python3.12/site-packages/airflow/example_dags/example_bash_operator.py
[2025-08-09T18:41:52.094+0000] {processor.py:830} INFO - Processing file /home/airflow/.local/lib/python3.12/site-packages/airflow/example_dags/example_bash_operator.py for tasks to queue
[2025-08-09T18:41:52.097+0000] {logging_mixin.py:188} INFO - [2025-08-09T18:41:52.096+0000] {dagbag.py:540} INFO - Filling up the DagBag from /home/airflow/.local/lib/python3.12/site-packages/airflow/example_dags/example_bash_operator.py
[2025-08-09T18:41:52.115+0000] {processor.py:840} INFO - DAG(s) 'example_bash_operator' retrieved from /home/airflow/.local/lib/python3.12/site-packages/airflow/example_dags/example_bash_operator.py
[2025-08-09T18:41:52.168+0000] {logging_mixin.py:188} INFO - [2025-08-09T18:41:52.168+0000] {dag.py:3096} INFO - Sync 1 DAGs
[2025-08-09T18:41:52.204+0000] {logging_mixin.py:188} INFO - [2025-08-09T18:41:52.204+0000] {dag.py:3954} INFO - Setting next_dagrun for example_bash_operator to 2025-08-08 00:00:00+00:00, run_after=2025-08-09 00:00:00+00:00
[2025-08-09T18:41:52.237+0000] {processor.py:183} INFO - Processing /home/airflow/.local/lib/python3.12/site-packages/airflow/example_dags/example_bash_operator.py took 0.156 seconds
[2025-08-09T18:42:22.491+0000] {processor.py:161} INFO - Started process (PID=1837) to work on /home/airflow/.local/lib/python3.12/site-packages/airflow/example_dags/example_bash_operator.py
[2025-08-09T18:42:22.494+0000] {processor.py:830} INFO - Processing file /home/airflow/.local/lib/python3.12/site-packages/airflow/example_dags/example_bash_operator.py for tasks to queue
[2025-08-09T18:42:22.507+0000] {logging_mixin.py:188} INFO - [2025-08-09T18:42:22.505+0000] {dagbag.py:540} INFO - Filling up the DagBag from /home/airflow/.local/lib/python3.12/site-packages/airflow/example_dags/example_bash_operator.py
[2025-08-09T18:42:22.542+0000] {processor.py:840} INFO - DAG(s) 'example_bash_operator' retrieved from /home/airflow/.local/lib/python3.12/site-packages/airflow/example_dags/example_bash_operator.py
[2025-08-09T18:42:22.624+0000] {logging_mixin.py:188} INFO - [2025-08-09T18:42:22.622+0000] {dag.py:3096} INFO - Sync 1 DAGs
[2025-08-09T18:42:22.693+0000] {logging_mixin.py:188} INFO - [2025-08-09T18:42:22.687+0000] {dag.py:3954} INFO - Setting next_dagrun for example_bash_operator to 2025-08-08 00:00:00+00:00, run_after=2025-08-09 00:00:00+00:00
[2025-08-09T18:42:22.761+0000] {processor.py:183} INFO - Processing /home/airflow/.local/lib/python3.12/site-packages/airflow/example_dags/example_bash_operator.py took 0.293 seconds
[2025-08-09T18:42:52.945+0000] {processor.py:161} INFO - Started process (PID=1896) to work on /home/airflow/.local/lib/python3.12/site-packages/airflow/example_dags/example_bash_operator.py
[2025-08-09T18:42:52.946+0000] {processor.py:830} INFO - Processing file /home/airflow/.local/lib/python3.12/site-packages/airflow/example_dags/example_bash_operator.py for tasks to queue
[2025-08-09T18:42:52.950+0000] {logging_mixin.py:188} INFO - [2025-08-09T18:42:52.949+0000] {dagbag.py:540} INFO - Filling up the DagBag from /home/airflow/.local/lib/python3.12/site-packages/airflow/example_dags/example_bash_operator.py
[2025-08-09T18:42:52.991+0000] {processor.py:840} INFO - DAG(s) 'example_bash_operator' retrieved from /home/airflow/.local/lib/python3.12/site-packages/airflow/example_dags/example_bash_operator.py
[2025-08-09T18:42:53.072+0000] {logging_mixin.py:188} INFO - [2025-08-09T18:42:53.071+0000] {dag.py:3096} INFO - Sync 1 DAGs
[2025-08-09T18:42:53.148+0000] {logging_mixin.py:188} INFO - [2025-08-09T18:42:53.147+0000] {dag.py:3954} INFO - Setting next_dagrun for example_bash_operator to 2025-08-08 00:00:00+00:00, run_after=2025-08-09 00:00:00+00:00
[2025-08-09T18:42:53.189+0000] {processor.py:183} INFO - Processing /home/airflow/.local/lib/python3.12/site-packages/airflow/example_dags/example_bash_operator.py took 0.256 seconds
[2025-08-09T18:43:23.875+0000] {processor.py:161} INFO - Started process (PID=1955) to work on /home/airflow/.local/lib/python3.12/site-packages/airflow/example_dags/example_bash_operator.py
[2025-08-09T18:43:23.877+0000] {processor.py:830} INFO - Processing file /home/airflow/.local/lib/python3.12/site-packages/airflow/example_dags/example_bash_operator.py for tasks to queue
[2025-08-09T18:43:23.879+0000] {logging_mixin.py:188} INFO - [2025-08-09T18:43:23.879+0000] {dagbag.py:540} INFO - Filling up the DagBag from /home/airflow/.local/lib/python3.12/site-packages/airflow/example_dags/example_bash_operator.py
[2025-08-09T18:43:23.893+0000] {processor.py:840} INFO - DAG(s) 'example_bash_operator' retrieved from /home/airflow/.local/lib/python3.12/site-packages/airflow/example_dags/example_bash_operator.py
[2025-08-09T18:43:23.932+0000] {logging_mixin.py:188} INFO - [2025-08-09T18:43:23.931+0000] {dag.py:3096} INFO - Sync 1 DAGs
[2025-08-09T18:43:23.967+0000] {logging_mixin.py:188} INFO - [2025-08-09T18:43:23.967+0000] {dag.py:3954} INFO - Setting next_dagrun for example_bash_operator to 2025-08-08 00:00:00+00:00, run_after=2025-08-09 00:00:00+00:00
[2025-08-09T18:43:24.002+0000] {processor.py:183} INFO - Processing /home/airflow/.local/lib/python3.12/site-packages/airflow/example_dags/example_bash_operator.py took 0.134 seconds
[2025-08-09T18:43:54.499+0000] {processor.py:161} INFO - Started process (PID=2014) to work on /home/airflow/.local/lib/python3.12/site-packages/airflow/example_dags/example_bash_operator.py
[2025-08-09T18:43:54.501+0000] {processor.py:830} INFO - Processing file /home/airflow/.local/lib/python3.12/site-packages/airflow/example_dags/example_bash_operator.py for tasks to queue
[2025-08-09T18:43:54.505+0000] {logging_mixin.py:188} INFO - [2025-08-09T18:43:54.504+0000] {dagbag.py:540} INFO - Filling up the DagBag from /home/airflow/.local/lib/python3.12/site-packages/airflow/example_dags/example_bash_operator.py
[2025-08-09T18:43:54.530+0000] {processor.py:840} INFO - DAG(s) 'example_bash_operator' retrieved from /home/airflow/.local/lib/python3.12/site-packages/airflow/example_dags/example_bash_operator.py
[2025-08-09T18:43:54.594+0000] {logging_mixin.py:188} INFO - [2025-08-09T18:43:54.593+0000] {dag.py:3096} INFO - Sync 1 DAGs
[2025-08-09T18:43:54.630+0000] {logging_mixin.py:188} INFO - [2025-08-09T18:43:54.629+0000] {dag.py:3954} INFO - Setting next_dagrun for example_bash_operator to 2025-08-08 00:00:00+00:00, run_after=2025-08-09 00:00:00+00:00
[2025-08-09T18:43:54.655+0000] {processor.py:183} INFO - Processing /home/airflow/.local/lib/python3.12/site-packages/airflow/example_dags/example_bash_operator.py took 0.167 seconds
[2025-08-09T18:44:24.838+0000] {processor.py:161} INFO - Started process (PID=2073) to work on /home/airflow/.local/lib/python3.12/site-packages/airflow/example_dags/example_bash_operator.py
[2025-08-09T18:44:24.839+0000] {processor.py:830} INFO - Processing file /home/airflow/.local/lib/python3.12/site-packages/airflow/example_dags/example_bash_operator.py for tasks to queue
[2025-08-09T18:44:24.841+0000] {logging_mixin.py:188} INFO - [2025-08-09T18:44:24.841+0000] {dagbag.py:540} INFO - Filling up the DagBag from /home/airflow/.local/lib/python3.12/site-packages/airflow/example_dags/example_bash_operator.py
[2025-08-09T18:44:24.856+0000] {processor.py:840} INFO - DAG(s) 'example_bash_operator' retrieved from /home/airflow/.local/lib/python3.12/site-packages/airflow/example_dags/example_bash_operator.py
[2025-08-09T18:44:24.889+0000] {logging_mixin.py:188} INFO - [2025-08-09T18:44:24.888+0000] {dag.py:3096} INFO - Sync 1 DAGs
[2025-08-09T18:44:24.922+0000] {logging_mixin.py:188} INFO - [2025-08-09T18:44:24.922+0000] {dag.py:3954} INFO - Setting next_dagrun for example_bash_operator to 2025-08-08 00:00:00+00:00, run_after=2025-08-09 00:00:00+00:00
[2025-08-09T18:44:24.952+0000] {processor.py:183} INFO - Processing /home/airflow/.local/lib/python3.12/site-packages/airflow/example_dags/example_bash_operator.py took 0.121 seconds
[2025-08-09T18:44:55.957+0000] {processor.py:161} INFO - Started process (PID=2132) to work on /home/airflow/.local/lib/python3.12/site-packages/airflow/example_dags/example_bash_operator.py
[2025-08-09T18:44:55.959+0000] {processor.py:830} INFO - Processing file /home/airflow/.local/lib/python3.12/site-packages/airflow/example_dags/example_bash_operator.py for tasks to queue
[2025-08-09T18:44:55.961+0000] {logging_mixin.py:188} INFO - [2025-08-09T18:44:55.961+0000] {dagbag.py:540} INFO - Filling up the DagBag from /home/airflow/.local/lib/python3.12/site-packages/airflow/example_dags/example_bash_operator.py
[2025-08-09T18:44:55.987+0000] {processor.py:840} INFO - DAG(s) 'example_bash_operator' retrieved from /home/airflow/.local/lib/python3.12/site-packages/airflow/example_dags/example_bash_operator.py
[2025-08-09T18:44:56.048+0000] {logging_mixin.py:188} INFO - [2025-08-09T18:44:56.048+0000] {dag.py:3096} INFO - Sync 1 DAGs
[2025-08-09T18:44:56.127+0000] {logging_mixin.py:188} INFO - [2025-08-09T18:44:56.126+0000] {dag.py:3954} INFO - Setting next_dagrun for example_bash_operator to 2025-08-08 00:00:00+00:00, run_after=2025-08-09 00:00:00+00:00
[2025-08-09T18:44:56.169+0000] {processor.py:183} INFO - Processing /home/airflow/.local/lib/python3.12/site-packages/airflow/example_dags/example_bash_operator.py took 0.219 seconds
