[2025-08-09T18:21:51.839+0000] {processor.py:161} INFO - Started process (PID=83) to work on /home/airflow/.local/lib/python3.12/site-packages/airflow/example_dags/example_sensor_decorator.py
[2025-08-09T18:21:51.857+0000] {processor.py:830} INFO - Processing file /home/airflow/.local/lib/python3.12/site-packages/airflow/example_dags/example_sensor_decorator.py for tasks to queue
[2025-08-09T18:21:51.876+0000] {logging_mixin.py:188} INFO - [2025-08-09T18:21:51.874+0000] {dagbag.py:540} INFO - Filling up the DagBag from /home/airflow/.local/lib/python3.12/site-packages/airflow/example_dags/example_sensor_decorator.py
[2025-08-09T18:21:52.003+0000] {processor.py:840} INFO - DAG(s) 'example_sensor_decorator' retrieved from /home/airflow/.local/lib/python3.12/site-packages/airflow/example_dags/example_sensor_decorator.py
[2025-08-09T18:21:52.531+0000] {logging_mixin.py:188} INFO - [2025-08-09T18:21:52.530+0000] {dag.py:3096} INFO - Sync 1 DAGs
[2025-08-09T18:21:52.569+0000] {logging_mixin.py:188} INFO - [2025-08-09T18:21:52.568+0000] {dag.py:3954} INFO - Setting next_dagrun for example_sensor_decorator to None, run_after=None
[2025-08-09T18:21:52.629+0000] {processor.py:183} INFO - Processing /home/airflow/.local/lib/python3.12/site-packages/airflow/example_dags/example_sensor_decorator.py took 0.856 seconds
[2025-08-09T18:22:22.723+0000] {processor.py:161} INFO - Started process (PID=142) to work on /home/airflow/.local/lib/python3.12/site-packages/airflow/example_dags/example_sensor_decorator.py
[2025-08-09T18:22:22.726+0000] {processor.py:830} INFO - Processing file /home/airflow/.local/lib/python3.12/site-packages/airflow/example_dags/example_sensor_decorator.py for tasks to queue
[2025-08-09T18:22:22.729+0000] {logging_mixin.py:188} INFO - [2025-08-09T18:22:22.728+0000] {dagbag.py:540} INFO - Filling up the DagBag from /home/airflow/.local/lib/python3.12/site-packages/airflow/example_dags/example_sensor_decorator.py
[2025-08-09T18:22:22.738+0000] {processor.py:840} INFO - DAG(s) 'example_sensor_decorator' retrieved from /home/airflow/.local/lib/python3.12/site-packages/airflow/example_dags/example_sensor_decorator.py
[2025-08-09T18:22:22.767+0000] {logging_mixin.py:188} INFO - [2025-08-09T18:22:22.766+0000] {dag.py:3096} INFO - Sync 1 DAGs
[2025-08-09T18:22:22.786+0000] {logging_mixin.py:188} INFO - [2025-08-09T18:22:22.786+0000] {dag.py:3954} INFO - Setting next_dagrun for example_sensor_decorator to None, run_after=None
[2025-08-09T18:22:22.823+0000] {processor.py:183} INFO - Processing /home/airflow/.local/lib/python3.12/site-packages/airflow/example_dags/example_sensor_decorator.py took 0.108 seconds
[2025-08-09T18:22:52.970+0000] {processor.py:161} INFO - Started process (PID=200) to work on /home/airflow/.local/lib/python3.12/site-packages/airflow/example_dags/example_sensor_decorator.py
[2025-08-09T18:22:52.972+0000] {processor.py:830} INFO - Processing file /home/airflow/.local/lib/python3.12/site-packages/airflow/example_dags/example_sensor_decorator.py for tasks to queue
[2025-08-09T18:22:52.974+0000] {logging_mixin.py:188} INFO - [2025-08-09T18:22:52.974+0000] {dagbag.py:540} INFO - Filling up the DagBag from /home/airflow/.local/lib/python3.12/site-packages/airflow/example_dags/example_sensor_decorator.py
[2025-08-09T18:22:52.984+0000] {processor.py:840} INFO - DAG(s) 'example_sensor_decorator' retrieved from /home/airflow/.local/lib/python3.12/site-packages/airflow/example_dags/example_sensor_decorator.py
[2025-08-09T18:22:53.021+0000] {logging_mixin.py:188} INFO - [2025-08-09T18:22:53.020+0000] {dag.py:3096} INFO - Sync 1 DAGs
[2025-08-09T18:22:53.036+0000] {logging_mixin.py:188} INFO - [2025-08-09T18:22:53.036+0000] {dag.py:3954} INFO - Setting next_dagrun for example_sensor_decorator to None, run_after=None
[2025-08-09T18:22:53.059+0000] {processor.py:183} INFO - Processing /home/airflow/.local/lib/python3.12/site-packages/airflow/example_dags/example_sensor_decorator.py took 0.099 seconds
[2025-08-09T18:23:23.294+0000] {processor.py:161} INFO - Started process (PID=259) to work on /home/airflow/.local/lib/python3.12/site-packages/airflow/example_dags/example_sensor_decorator.py
[2025-08-09T18:23:23.295+0000] {processor.py:830} INFO - Processing file /home/airflow/.local/lib/python3.12/site-packages/airflow/example_dags/example_sensor_decorator.py for tasks to queue
[2025-08-09T18:23:23.298+0000] {logging_mixin.py:188} INFO - [2025-08-09T18:23:23.297+0000] {dagbag.py:540} INFO - Filling up the DagBag from /home/airflow/.local/lib/python3.12/site-packages/airflow/example_dags/example_sensor_decorator.py
[2025-08-09T18:23:23.308+0000] {processor.py:840} INFO - DAG(s) 'example_sensor_decorator' retrieved from /home/airflow/.local/lib/python3.12/site-packages/airflow/example_dags/example_sensor_decorator.py
[2025-08-09T18:23:23.347+0000] {logging_mixin.py:188} INFO - [2025-08-09T18:23:23.347+0000] {dag.py:3096} INFO - Sync 1 DAGs
[2025-08-09T18:23:23.365+0000] {logging_mixin.py:188} INFO - [2025-08-09T18:23:23.365+0000] {dag.py:3954} INFO - Setting next_dagrun for example_sensor_decorator to None, run_after=None
[2025-08-09T18:23:23.402+0000] {processor.py:183} INFO - Processing /home/airflow/.local/lib/python3.12/site-packages/airflow/example_dags/example_sensor_decorator.py took 0.119 seconds
[2025-08-09T18:23:53.711+0000] {processor.py:161} INFO - Started process (PID=318) to work on /home/airflow/.local/lib/python3.12/site-packages/airflow/example_dags/example_sensor_decorator.py
[2025-08-09T18:23:53.712+0000] {processor.py:830} INFO - Processing file /home/airflow/.local/lib/python3.12/site-packages/airflow/example_dags/example_sensor_decorator.py for tasks to queue
[2025-08-09T18:23:53.715+0000] {logging_mixin.py:188} INFO - [2025-08-09T18:23:53.715+0000] {dagbag.py:540} INFO - Filling up the DagBag from /home/airflow/.local/lib/python3.12/site-packages/airflow/example_dags/example_sensor_decorator.py
[2025-08-09T18:23:53.725+0000] {processor.py:840} INFO - DAG(s) 'example_sensor_decorator' retrieved from /home/airflow/.local/lib/python3.12/site-packages/airflow/example_dags/example_sensor_decorator.py
[2025-08-09T18:23:53.780+0000] {logging_mixin.py:188} INFO - [2025-08-09T18:23:53.780+0000] {dag.py:3096} INFO - Sync 1 DAGs
[2025-08-09T18:23:53.815+0000] {logging_mixin.py:188} INFO - [2025-08-09T18:23:53.814+0000] {dag.py:3954} INFO - Setting next_dagrun for example_sensor_decorator to None, run_after=None
[2025-08-09T18:23:53.864+0000] {processor.py:183} INFO - Processing /home/airflow/.local/lib/python3.12/site-packages/airflow/example_dags/example_sensor_decorator.py took 0.163 seconds
[2025-08-09T18:24:24.340+0000] {processor.py:161} INFO - Started process (PID=377) to work on /home/airflow/.local/lib/python3.12/site-packages/airflow/example_dags/example_sensor_decorator.py
[2025-08-09T18:24:24.341+0000] {processor.py:830} INFO - Processing file /home/airflow/.local/lib/python3.12/site-packages/airflow/example_dags/example_sensor_decorator.py for tasks to queue
[2025-08-09T18:24:24.344+0000] {logging_mixin.py:188} INFO - [2025-08-09T18:24:24.343+0000] {dagbag.py:540} INFO - Filling up the DagBag from /home/airflow/.local/lib/python3.12/site-packages/airflow/example_dags/example_sensor_decorator.py
[2025-08-09T18:24:24.352+0000] {processor.py:840} INFO - DAG(s) 'example_sensor_decorator' retrieved from /home/airflow/.local/lib/python3.12/site-packages/airflow/example_dags/example_sensor_decorator.py
[2025-08-09T18:24:24.379+0000] {logging_mixin.py:188} INFO - [2025-08-09T18:24:24.379+0000] {dag.py:3096} INFO - Sync 1 DAGs
[2025-08-09T18:24:24.395+0000] {logging_mixin.py:188} INFO - [2025-08-09T18:24:24.394+0000] {dag.py:3954} INFO - Setting next_dagrun for example_sensor_decorator to None, run_after=None
[2025-08-09T18:24:24.430+0000] {processor.py:183} INFO - Processing /home/airflow/.local/lib/python3.12/site-packages/airflow/example_dags/example_sensor_decorator.py took 0.098 seconds
[2025-08-09T18:24:54.545+0000] {processor.py:161} INFO - Started process (PID=436) to work on /home/airflow/.local/lib/python3.12/site-packages/airflow/example_dags/example_sensor_decorator.py
[2025-08-09T18:24:54.546+0000] {processor.py:830} INFO - Processing file /home/airflow/.local/lib/python3.12/site-packages/airflow/example_dags/example_sensor_decorator.py for tasks to queue
[2025-08-09T18:24:54.549+0000] {logging_mixin.py:188} INFO - [2025-08-09T18:24:54.549+0000] {dagbag.py:540} INFO - Filling up the DagBag from /home/airflow/.local/lib/python3.12/site-packages/airflow/example_dags/example_sensor_decorator.py
[2025-08-09T18:24:54.558+0000] {processor.py:840} INFO - DAG(s) 'example_sensor_decorator' retrieved from /home/airflow/.local/lib/python3.12/site-packages/airflow/example_dags/example_sensor_decorator.py
[2025-08-09T18:24:54.588+0000] {logging_mixin.py:188} INFO - [2025-08-09T18:24:54.588+0000] {dag.py:3096} INFO - Sync 1 DAGs
[2025-08-09T18:24:54.611+0000] {logging_mixin.py:188} INFO - [2025-08-09T18:24:54.611+0000] {dag.py:3954} INFO - Setting next_dagrun for example_sensor_decorator to None, run_after=None
[2025-08-09T18:24:54.648+0000] {processor.py:183} INFO - Processing /home/airflow/.local/lib/python3.12/site-packages/airflow/example_dags/example_sensor_decorator.py took 0.115 seconds
[2025-08-09T18:25:24.756+0000] {processor.py:161} INFO - Started process (PID=495) to work on /home/airflow/.local/lib/python3.12/site-packages/airflow/example_dags/example_sensor_decorator.py
[2025-08-09T18:25:24.758+0000] {processor.py:830} INFO - Processing file /home/airflow/.local/lib/python3.12/site-packages/airflow/example_dags/example_sensor_decorator.py for tasks to queue
[2025-08-09T18:25:24.760+0000] {logging_mixin.py:188} INFO - [2025-08-09T18:25:24.760+0000] {dagbag.py:540} INFO - Filling up the DagBag from /home/airflow/.local/lib/python3.12/site-packages/airflow/example_dags/example_sensor_decorator.py
[2025-08-09T18:25:24.767+0000] {processor.py:840} INFO - DAG(s) 'example_sensor_decorator' retrieved from /home/airflow/.local/lib/python3.12/site-packages/airflow/example_dags/example_sensor_decorator.py
[2025-08-09T18:25:24.792+0000] {logging_mixin.py:188} INFO - [2025-08-09T18:25:24.792+0000] {dag.py:3096} INFO - Sync 1 DAGs
[2025-08-09T18:25:24.812+0000] {logging_mixin.py:188} INFO - [2025-08-09T18:25:24.812+0000] {dag.py:3954} INFO - Setting next_dagrun for example_sensor_decorator to None, run_after=None
[2025-08-09T18:25:24.854+0000] {processor.py:183} INFO - Processing /home/airflow/.local/lib/python3.12/site-packages/airflow/example_dags/example_sensor_decorator.py took 0.105 seconds
[2025-08-09T18:27:21.682+0000] {processor.py:161} INFO - Started process (PID=84) to work on /home/airflow/.local/lib/python3.12/site-packages/airflow/example_dags/example_sensor_decorator.py
[2025-08-09T18:27:21.685+0000] {processor.py:830} INFO - Processing file /home/airflow/.local/lib/python3.12/site-packages/airflow/example_dags/example_sensor_decorator.py for tasks to queue
[2025-08-09T18:27:21.695+0000] {logging_mixin.py:188} INFO - [2025-08-09T18:27:21.689+0000] {dagbag.py:540} INFO - Filling up the DagBag from /home/airflow/.local/lib/python3.12/site-packages/airflow/example_dags/example_sensor_decorator.py
[2025-08-09T18:27:21.715+0000] {processor.py:840} INFO - DAG(s) 'example_sensor_decorator' retrieved from /home/airflow/.local/lib/python3.12/site-packages/airflow/example_dags/example_sensor_decorator.py
[2025-08-09T18:27:22.415+0000] {logging_mixin.py:188} INFO - [2025-08-09T18:27:22.414+0000] {dag.py:3096} INFO - Sync 1 DAGs
[2025-08-09T18:27:22.529+0000] {logging_mixin.py:188} INFO - [2025-08-09T18:27:22.521+0000] {dag.py:3954} INFO - Setting next_dagrun for example_sensor_decorator to None, run_after=None
[2025-08-09T18:27:22.628+0000] {processor.py:183} INFO - Processing /home/airflow/.local/lib/python3.12/site-packages/airflow/example_dags/example_sensor_decorator.py took 0.974 seconds
[2025-08-09T18:27:53.001+0000] {processor.py:161} INFO - Started process (PID=143) to work on /home/airflow/.local/lib/python3.12/site-packages/airflow/example_dags/example_sensor_decorator.py
[2025-08-09T18:27:53.003+0000] {processor.py:830} INFO - Processing file /home/airflow/.local/lib/python3.12/site-packages/airflow/example_dags/example_sensor_decorator.py for tasks to queue
[2025-08-09T18:27:53.014+0000] {logging_mixin.py:188} INFO - [2025-08-09T18:27:53.013+0000] {dagbag.py:540} INFO - Filling up the DagBag from /home/airflow/.local/lib/python3.12/site-packages/airflow/example_dags/example_sensor_decorator.py
[2025-08-09T18:27:53.034+0000] {processor.py:840} INFO - DAG(s) 'example_sensor_decorator' retrieved from /home/airflow/.local/lib/python3.12/site-packages/airflow/example_dags/example_sensor_decorator.py
[2025-08-09T18:27:53.078+0000] {logging_mixin.py:188} INFO - [2025-08-09T18:27:53.077+0000] {dag.py:3096} INFO - Sync 1 DAGs
[2025-08-09T18:27:53.104+0000] {logging_mixin.py:188} INFO - [2025-08-09T18:27:53.104+0000] {dag.py:3954} INFO - Setting next_dagrun for example_sensor_decorator to None, run_after=None
[2025-08-09T18:27:53.177+0000] {processor.py:183} INFO - Processing /home/airflow/.local/lib/python3.12/site-packages/airflow/example_dags/example_sensor_decorator.py took 0.192 seconds
[2025-08-09T18:28:23.598+0000] {processor.py:161} INFO - Started process (PID=202) to work on /home/airflow/.local/lib/python3.12/site-packages/airflow/example_dags/example_sensor_decorator.py
[2025-08-09T18:28:23.600+0000] {processor.py:830} INFO - Processing file /home/airflow/.local/lib/python3.12/site-packages/airflow/example_dags/example_sensor_decorator.py for tasks to queue
[2025-08-09T18:28:23.604+0000] {logging_mixin.py:188} INFO - [2025-08-09T18:28:23.603+0000] {dagbag.py:540} INFO - Filling up the DagBag from /home/airflow/.local/lib/python3.12/site-packages/airflow/example_dags/example_sensor_decorator.py
[2025-08-09T18:28:23.617+0000] {processor.py:840} INFO - DAG(s) 'example_sensor_decorator' retrieved from /home/airflow/.local/lib/python3.12/site-packages/airflow/example_dags/example_sensor_decorator.py
[2025-08-09T18:28:23.654+0000] {logging_mixin.py:188} INFO - [2025-08-09T18:28:23.654+0000] {dag.py:3096} INFO - Sync 1 DAGs
[2025-08-09T18:28:23.691+0000] {logging_mixin.py:188} INFO - [2025-08-09T18:28:23.691+0000] {dag.py:3954} INFO - Setting next_dagrun for example_sensor_decorator to None, run_after=None
[2025-08-09T18:28:23.748+0000] {processor.py:183} INFO - Processing /home/airflow/.local/lib/python3.12/site-packages/airflow/example_dags/example_sensor_decorator.py took 0.160 seconds
[2025-08-09T18:28:54.442+0000] {processor.py:161} INFO - Started process (PID=262) to work on /home/airflow/.local/lib/python3.12/site-packages/airflow/example_dags/example_sensor_decorator.py
[2025-08-09T18:28:54.444+0000] {processor.py:830} INFO - Processing file /home/airflow/.local/lib/python3.12/site-packages/airflow/example_dags/example_sensor_decorator.py for tasks to queue
[2025-08-09T18:28:54.448+0000] {logging_mixin.py:188} INFO - [2025-08-09T18:28:54.448+0000] {dagbag.py:540} INFO - Filling up the DagBag from /home/airflow/.local/lib/python3.12/site-packages/airflow/example_dags/example_sensor_decorator.py
[2025-08-09T18:28:54.472+0000] {processor.py:840} INFO - DAG(s) 'example_sensor_decorator' retrieved from /home/airflow/.local/lib/python3.12/site-packages/airflow/example_dags/example_sensor_decorator.py
[2025-08-09T18:28:54.534+0000] {logging_mixin.py:188} INFO - [2025-08-09T18:28:54.534+0000] {dag.py:3096} INFO - Sync 1 DAGs
[2025-08-09T18:28:54.566+0000] {logging_mixin.py:188} INFO - [2025-08-09T18:28:54.565+0000] {dag.py:3954} INFO - Setting next_dagrun for example_sensor_decorator to None, run_after=None
[2025-08-09T18:28:54.636+0000] {processor.py:183} INFO - Processing /home/airflow/.local/lib/python3.12/site-packages/airflow/example_dags/example_sensor_decorator.py took 0.211 seconds
[2025-08-09T18:29:24.851+0000] {processor.py:161} INFO - Started process (PID=320) to work on /home/airflow/.local/lib/python3.12/site-packages/airflow/example_dags/example_sensor_decorator.py
[2025-08-09T18:29:24.854+0000] {processor.py:830} INFO - Processing file /home/airflow/.local/lib/python3.12/site-packages/airflow/example_dags/example_sensor_decorator.py for tasks to queue
[2025-08-09T18:29:24.860+0000] {logging_mixin.py:188} INFO - [2025-08-09T18:29:24.859+0000] {dagbag.py:540} INFO - Filling up the DagBag from /home/airflow/.local/lib/python3.12/site-packages/airflow/example_dags/example_sensor_decorator.py
[2025-08-09T18:29:24.881+0000] {processor.py:840} INFO - DAG(s) 'example_sensor_decorator' retrieved from /home/airflow/.local/lib/python3.12/site-packages/airflow/example_dags/example_sensor_decorator.py
[2025-08-09T18:29:24.948+0000] {logging_mixin.py:188} INFO - [2025-08-09T18:29:24.946+0000] {dag.py:3096} INFO - Sync 1 DAGs
[2025-08-09T18:29:25.011+0000] {logging_mixin.py:188} INFO - [2025-08-09T18:29:25.010+0000] {dag.py:3954} INFO - Setting next_dagrun for example_sensor_decorator to None, run_after=None
[2025-08-09T18:29:25.076+0000] {processor.py:183} INFO - Processing /home/airflow/.local/lib/python3.12/site-packages/airflow/example_dags/example_sensor_decorator.py took 0.242 seconds
[2025-08-09T18:29:55.329+0000] {processor.py:161} INFO - Started process (PID=379) to work on /home/airflow/.local/lib/python3.12/site-packages/airflow/example_dags/example_sensor_decorator.py
[2025-08-09T18:29:55.331+0000] {processor.py:830} INFO - Processing file /home/airflow/.local/lib/python3.12/site-packages/airflow/example_dags/example_sensor_decorator.py for tasks to queue
[2025-08-09T18:29:55.336+0000] {logging_mixin.py:188} INFO - [2025-08-09T18:29:55.335+0000] {dagbag.py:540} INFO - Filling up the DagBag from /home/airflow/.local/lib/python3.12/site-packages/airflow/example_dags/example_sensor_decorator.py
[2025-08-09T18:29:55.350+0000] {processor.py:840} INFO - DAG(s) 'example_sensor_decorator' retrieved from /home/airflow/.local/lib/python3.12/site-packages/airflow/example_dags/example_sensor_decorator.py
[2025-08-09T18:29:55.410+0000] {logging_mixin.py:188} INFO - [2025-08-09T18:29:55.407+0000] {dag.py:3096} INFO - Sync 1 DAGs
[2025-08-09T18:29:55.441+0000] {logging_mixin.py:188} INFO - [2025-08-09T18:29:55.441+0000] {dag.py:3954} INFO - Setting next_dagrun for example_sensor_decorator to None, run_after=None
[2025-08-09T18:29:55.473+0000] {processor.py:183} INFO - Processing /home/airflow/.local/lib/python3.12/site-packages/airflow/example_dags/example_sensor_decorator.py took 0.157 seconds
[2025-08-09T18:30:25.528+0000] {processor.py:161} INFO - Started process (PID=439) to work on /home/airflow/.local/lib/python3.12/site-packages/airflow/example_dags/example_sensor_decorator.py
[2025-08-09T18:30:25.529+0000] {processor.py:830} INFO - Processing file /home/airflow/.local/lib/python3.12/site-packages/airflow/example_dags/example_sensor_decorator.py for tasks to queue
[2025-08-09T18:30:25.532+0000] {logging_mixin.py:188} INFO - [2025-08-09T18:30:25.531+0000] {dagbag.py:540} INFO - Filling up the DagBag from /home/airflow/.local/lib/python3.12/site-packages/airflow/example_dags/example_sensor_decorator.py
[2025-08-09T18:30:25.539+0000] {processor.py:840} INFO - DAG(s) 'example_sensor_decorator' retrieved from /home/airflow/.local/lib/python3.12/site-packages/airflow/example_dags/example_sensor_decorator.py
[2025-08-09T18:30:25.581+0000] {logging_mixin.py:188} INFO - [2025-08-09T18:30:25.581+0000] {dag.py:3096} INFO - Sync 1 DAGs
[2025-08-09T18:30:25.606+0000] {logging_mixin.py:188} INFO - [2025-08-09T18:30:25.605+0000] {dag.py:3954} INFO - Setting next_dagrun for example_sensor_decorator to None, run_after=None
[2025-08-09T18:30:25.646+0000] {processor.py:183} INFO - Processing /home/airflow/.local/lib/python3.12/site-packages/airflow/example_dags/example_sensor_decorator.py took 0.125 seconds
[2025-08-09T18:30:55.731+0000] {processor.py:161} INFO - Started process (PID=498) to work on /home/airflow/.local/lib/python3.12/site-packages/airflow/example_dags/example_sensor_decorator.py
[2025-08-09T18:30:55.733+0000] {processor.py:830} INFO - Processing file /home/airflow/.local/lib/python3.12/site-packages/airflow/example_dags/example_sensor_decorator.py for tasks to queue
[2025-08-09T18:30:55.735+0000] {logging_mixin.py:188} INFO - [2025-08-09T18:30:55.735+0000] {dagbag.py:540} INFO - Filling up the DagBag from /home/airflow/.local/lib/python3.12/site-packages/airflow/example_dags/example_sensor_decorator.py
[2025-08-09T18:30:55.742+0000] {processor.py:840} INFO - DAG(s) 'example_sensor_decorator' retrieved from /home/airflow/.local/lib/python3.12/site-packages/airflow/example_dags/example_sensor_decorator.py
[2025-08-09T18:30:55.766+0000] {logging_mixin.py:188} INFO - [2025-08-09T18:30:55.766+0000] {dag.py:3096} INFO - Sync 1 DAGs
[2025-08-09T18:30:55.784+0000] {logging_mixin.py:188} INFO - [2025-08-09T18:30:55.783+0000] {dag.py:3954} INFO - Setting next_dagrun for example_sensor_decorator to None, run_after=None
[2025-08-09T18:30:55.807+0000] {processor.py:183} INFO - Processing /home/airflow/.local/lib/python3.12/site-packages/airflow/example_dags/example_sensor_decorator.py took 0.083 seconds
[2025-08-09T18:31:25.964+0000] {processor.py:161} INFO - Started process (PID=557) to work on /home/airflow/.local/lib/python3.12/site-packages/airflow/example_dags/example_sensor_decorator.py
[2025-08-09T18:31:25.967+0000] {processor.py:830} INFO - Processing file /home/airflow/.local/lib/python3.12/site-packages/airflow/example_dags/example_sensor_decorator.py for tasks to queue
[2025-08-09T18:31:25.974+0000] {logging_mixin.py:188} INFO - [2025-08-09T18:31:25.973+0000] {dagbag.py:540} INFO - Filling up the DagBag from /home/airflow/.local/lib/python3.12/site-packages/airflow/example_dags/example_sensor_decorator.py
[2025-08-09T18:31:25.985+0000] {processor.py:840} INFO - DAG(s) 'example_sensor_decorator' retrieved from /home/airflow/.local/lib/python3.12/site-packages/airflow/example_dags/example_sensor_decorator.py
[2025-08-09T18:31:26.013+0000] {logging_mixin.py:188} INFO - [2025-08-09T18:31:26.012+0000] {dag.py:3096} INFO - Sync 1 DAGs
[2025-08-09T18:31:26.031+0000] {logging_mixin.py:188} INFO - [2025-08-09T18:31:26.031+0000] {dag.py:3954} INFO - Setting next_dagrun for example_sensor_decorator to None, run_after=None
[2025-08-09T18:31:26.057+0000] {processor.py:183} INFO - Processing /home/airflow/.local/lib/python3.12/site-packages/airflow/example_dags/example_sensor_decorator.py took 0.115 seconds
[2025-08-09T18:31:56.706+0000] {processor.py:161} INFO - Started process (PID=616) to work on /home/airflow/.local/lib/python3.12/site-packages/airflow/example_dags/example_sensor_decorator.py
[2025-08-09T18:31:56.707+0000] {processor.py:830} INFO - Processing file /home/airflow/.local/lib/python3.12/site-packages/airflow/example_dags/example_sensor_decorator.py for tasks to queue
[2025-08-09T18:31:56.709+0000] {logging_mixin.py:188} INFO - [2025-08-09T18:31:56.709+0000] {dagbag.py:540} INFO - Filling up the DagBag from /home/airflow/.local/lib/python3.12/site-packages/airflow/example_dags/example_sensor_decorator.py
[2025-08-09T18:31:56.716+0000] {processor.py:840} INFO - DAG(s) 'example_sensor_decorator' retrieved from /home/airflow/.local/lib/python3.12/site-packages/airflow/example_dags/example_sensor_decorator.py
[2025-08-09T18:31:56.743+0000] {logging_mixin.py:188} INFO - [2025-08-09T18:31:56.743+0000] {dag.py:3096} INFO - Sync 1 DAGs
[2025-08-09T18:31:56.760+0000] {logging_mixin.py:188} INFO - [2025-08-09T18:31:56.759+0000] {dag.py:3954} INFO - Setting next_dagrun for example_sensor_decorator to None, run_after=None
[2025-08-09T18:31:56.786+0000] {processor.py:183} INFO - Processing /home/airflow/.local/lib/python3.12/site-packages/airflow/example_dags/example_sensor_decorator.py took 0.088 seconds
[2025-08-09T18:32:26.987+0000] {processor.py:161} INFO - Started process (PID=676) to work on /home/airflow/.local/lib/python3.12/site-packages/airflow/example_dags/example_sensor_decorator.py
[2025-08-09T18:32:26.989+0000] {processor.py:830} INFO - Processing file /home/airflow/.local/lib/python3.12/site-packages/airflow/example_dags/example_sensor_decorator.py for tasks to queue
[2025-08-09T18:32:26.993+0000] {logging_mixin.py:188} INFO - [2025-08-09T18:32:26.992+0000] {dagbag.py:540} INFO - Filling up the DagBag from /home/airflow/.local/lib/python3.12/site-packages/airflow/example_dags/example_sensor_decorator.py
[2025-08-09T18:32:27.004+0000] {processor.py:840} INFO - DAG(s) 'example_sensor_decorator' retrieved from /home/airflow/.local/lib/python3.12/site-packages/airflow/example_dags/example_sensor_decorator.py
[2025-08-09T18:32:27.029+0000] {logging_mixin.py:188} INFO - [2025-08-09T18:32:27.029+0000] {dag.py:3096} INFO - Sync 1 DAGs
[2025-08-09T18:32:27.046+0000] {logging_mixin.py:188} INFO - [2025-08-09T18:32:27.045+0000] {dag.py:3954} INFO - Setting next_dagrun for example_sensor_decorator to None, run_after=None
[2025-08-09T18:32:27.069+0000] {processor.py:183} INFO - Processing /home/airflow/.local/lib/python3.12/site-packages/airflow/example_dags/example_sensor_decorator.py took 0.093 seconds
[2025-08-09T18:32:57.428+0000] {processor.py:161} INFO - Started process (PID=735) to work on /home/airflow/.local/lib/python3.12/site-packages/airflow/example_dags/example_sensor_decorator.py
[2025-08-09T18:32:57.429+0000] {processor.py:830} INFO - Processing file /home/airflow/.local/lib/python3.12/site-packages/airflow/example_dags/example_sensor_decorator.py for tasks to queue
[2025-08-09T18:32:57.433+0000] {logging_mixin.py:188} INFO - [2025-08-09T18:32:57.432+0000] {dagbag.py:540} INFO - Filling up the DagBag from /home/airflow/.local/lib/python3.12/site-packages/airflow/example_dags/example_sensor_decorator.py
[2025-08-09T18:32:57.441+0000] {processor.py:840} INFO - DAG(s) 'example_sensor_decorator' retrieved from /home/airflow/.local/lib/python3.12/site-packages/airflow/example_dags/example_sensor_decorator.py
[2025-08-09T18:32:57.472+0000] {logging_mixin.py:188} INFO - [2025-08-09T18:32:57.472+0000] {dag.py:3096} INFO - Sync 1 DAGs
[2025-08-09T18:32:57.497+0000] {logging_mixin.py:188} INFO - [2025-08-09T18:32:57.497+0000] {dag.py:3954} INFO - Setting next_dagrun for example_sensor_decorator to None, run_after=None
[2025-08-09T18:32:57.531+0000] {processor.py:183} INFO - Processing /home/airflow/.local/lib/python3.12/site-packages/airflow/example_dags/example_sensor_decorator.py took 0.115 seconds
[2025-08-09T18:33:27.742+0000] {processor.py:161} INFO - Started process (PID=794) to work on /home/airflow/.local/lib/python3.12/site-packages/airflow/example_dags/example_sensor_decorator.py
[2025-08-09T18:33:27.743+0000] {processor.py:830} INFO - Processing file /home/airflow/.local/lib/python3.12/site-packages/airflow/example_dags/example_sensor_decorator.py for tasks to queue
[2025-08-09T18:33:27.746+0000] {logging_mixin.py:188} INFO - [2025-08-09T18:33:27.745+0000] {dagbag.py:540} INFO - Filling up the DagBag from /home/airflow/.local/lib/python3.12/site-packages/airflow/example_dags/example_sensor_decorator.py
[2025-08-09T18:33:27.763+0000] {processor.py:840} INFO - DAG(s) 'example_sensor_decorator' retrieved from /home/airflow/.local/lib/python3.12/site-packages/airflow/example_dags/example_sensor_decorator.py
[2025-08-09T18:33:27.796+0000] {logging_mixin.py:188} INFO - [2025-08-09T18:33:27.796+0000] {dag.py:3096} INFO - Sync 1 DAGs
[2025-08-09T18:33:27.822+0000] {logging_mixin.py:188} INFO - [2025-08-09T18:33:27.821+0000] {dag.py:3954} INFO - Setting next_dagrun for example_sensor_decorator to None, run_after=None
[2025-08-09T18:33:27.851+0000] {processor.py:183} INFO - Processing /home/airflow/.local/lib/python3.12/site-packages/airflow/example_dags/example_sensor_decorator.py took 0.117 seconds
[2025-08-09T18:33:58.540+0000] {processor.py:161} INFO - Started process (PID=854) to work on /home/airflow/.local/lib/python3.12/site-packages/airflow/example_dags/example_sensor_decorator.py
[2025-08-09T18:33:58.542+0000] {processor.py:830} INFO - Processing file /home/airflow/.local/lib/python3.12/site-packages/airflow/example_dags/example_sensor_decorator.py for tasks to queue
[2025-08-09T18:33:58.546+0000] {logging_mixin.py:188} INFO - [2025-08-09T18:33:58.545+0000] {dagbag.py:540} INFO - Filling up the DagBag from /home/airflow/.local/lib/python3.12/site-packages/airflow/example_dags/example_sensor_decorator.py
[2025-08-09T18:33:58.554+0000] {processor.py:840} INFO - DAG(s) 'example_sensor_decorator' retrieved from /home/airflow/.local/lib/python3.12/site-packages/airflow/example_dags/example_sensor_decorator.py
[2025-08-09T18:33:58.581+0000] {logging_mixin.py:188} INFO - [2025-08-09T18:33:58.580+0000] {dag.py:3096} INFO - Sync 1 DAGs
[2025-08-09T18:33:58.601+0000] {logging_mixin.py:188} INFO - [2025-08-09T18:33:58.601+0000] {dag.py:3954} INFO - Setting next_dagrun for example_sensor_decorator to None, run_after=None
[2025-08-09T18:33:58.633+0000] {processor.py:183} INFO - Processing /home/airflow/.local/lib/python3.12/site-packages/airflow/example_dags/example_sensor_decorator.py took 0.101 seconds
[2025-08-09T18:34:28.696+0000] {processor.py:161} INFO - Started process (PID=912) to work on /home/airflow/.local/lib/python3.12/site-packages/airflow/example_dags/example_sensor_decorator.py
[2025-08-09T18:34:28.697+0000] {processor.py:830} INFO - Processing file /home/airflow/.local/lib/python3.12/site-packages/airflow/example_dags/example_sensor_decorator.py for tasks to queue
[2025-08-09T18:34:28.702+0000] {logging_mixin.py:188} INFO - [2025-08-09T18:34:28.701+0000] {dagbag.py:540} INFO - Filling up the DagBag from /home/airflow/.local/lib/python3.12/site-packages/airflow/example_dags/example_sensor_decorator.py
[2025-08-09T18:34:28.722+0000] {processor.py:840} INFO - DAG(s) 'example_sensor_decorator' retrieved from /home/airflow/.local/lib/python3.12/site-packages/airflow/example_dags/example_sensor_decorator.py
[2025-08-09T18:34:28.771+0000] {logging_mixin.py:188} INFO - [2025-08-09T18:34:28.769+0000] {dag.py:3096} INFO - Sync 1 DAGs
[2025-08-09T18:34:28.800+0000] {logging_mixin.py:188} INFO - [2025-08-09T18:34:28.799+0000] {dag.py:3954} INFO - Setting next_dagrun for example_sensor_decorator to None, run_after=None
[2025-08-09T18:34:28.848+0000] {processor.py:183} INFO - Processing /home/airflow/.local/lib/python3.12/site-packages/airflow/example_dags/example_sensor_decorator.py took 0.165 seconds
[2025-08-09T18:34:59.775+0000] {processor.py:161} INFO - Started process (PID=971) to work on /home/airflow/.local/lib/python3.12/site-packages/airflow/example_dags/example_sensor_decorator.py
[2025-08-09T18:34:59.777+0000] {processor.py:830} INFO - Processing file /home/airflow/.local/lib/python3.12/site-packages/airflow/example_dags/example_sensor_decorator.py for tasks to queue
[2025-08-09T18:34:59.780+0000] {logging_mixin.py:188} INFO - [2025-08-09T18:34:59.779+0000] {dagbag.py:540} INFO - Filling up the DagBag from /home/airflow/.local/lib/python3.12/site-packages/airflow/example_dags/example_sensor_decorator.py
[2025-08-09T18:34:59.789+0000] {processor.py:840} INFO - DAG(s) 'example_sensor_decorator' retrieved from /home/airflow/.local/lib/python3.12/site-packages/airflow/example_dags/example_sensor_decorator.py
[2025-08-09T18:34:59.821+0000] {logging_mixin.py:188} INFO - [2025-08-09T18:34:59.821+0000] {dag.py:3096} INFO - Sync 1 DAGs
[2025-08-09T18:34:59.841+0000] {logging_mixin.py:188} INFO - [2025-08-09T18:34:59.840+0000] {dag.py:3954} INFO - Setting next_dagrun for example_sensor_decorator to None, run_after=None
[2025-08-09T18:34:59.864+0000] {processor.py:183} INFO - Processing /home/airflow/.local/lib/python3.12/site-packages/airflow/example_dags/example_sensor_decorator.py took 0.107 seconds
[2025-08-09T18:35:30.781+0000] {processor.py:161} INFO - Started process (PID=1030) to work on /home/airflow/.local/lib/python3.12/site-packages/airflow/example_dags/example_sensor_decorator.py
[2025-08-09T18:35:30.783+0000] {processor.py:830} INFO - Processing file /home/airflow/.local/lib/python3.12/site-packages/airflow/example_dags/example_sensor_decorator.py for tasks to queue
[2025-08-09T18:35:30.785+0000] {logging_mixin.py:188} INFO - [2025-08-09T18:35:30.785+0000] {dagbag.py:540} INFO - Filling up the DagBag from /home/airflow/.local/lib/python3.12/site-packages/airflow/example_dags/example_sensor_decorator.py
[2025-08-09T18:35:30.793+0000] {processor.py:840} INFO - DAG(s) 'example_sensor_decorator' retrieved from /home/airflow/.local/lib/python3.12/site-packages/airflow/example_dags/example_sensor_decorator.py
[2025-08-09T18:35:30.823+0000] {logging_mixin.py:188} INFO - [2025-08-09T18:35:30.823+0000] {dag.py:3096} INFO - Sync 1 DAGs
[2025-08-09T18:35:30.844+0000] {logging_mixin.py:188} INFO - [2025-08-09T18:35:30.843+0000] {dag.py:3954} INFO - Setting next_dagrun for example_sensor_decorator to None, run_after=None
[2025-08-09T18:35:30.888+0000] {processor.py:183} INFO - Processing /home/airflow/.local/lib/python3.12/site-packages/airflow/example_dags/example_sensor_decorator.py took 0.117 seconds
[2025-08-09T18:36:01.237+0000] {processor.py:161} INFO - Started process (PID=1089) to work on /home/airflow/.local/lib/python3.12/site-packages/airflow/example_dags/example_sensor_decorator.py
[2025-08-09T18:36:01.238+0000] {processor.py:830} INFO - Processing file /home/airflow/.local/lib/python3.12/site-packages/airflow/example_dags/example_sensor_decorator.py for tasks to queue
[2025-08-09T18:36:01.241+0000] {logging_mixin.py:188} INFO - [2025-08-09T18:36:01.240+0000] {dagbag.py:540} INFO - Filling up the DagBag from /home/airflow/.local/lib/python3.12/site-packages/airflow/example_dags/example_sensor_decorator.py
[2025-08-09T18:36:01.251+0000] {processor.py:840} INFO - DAG(s) 'example_sensor_decorator' retrieved from /home/airflow/.local/lib/python3.12/site-packages/airflow/example_dags/example_sensor_decorator.py
[2025-08-09T18:36:01.276+0000] {logging_mixin.py:188} INFO - [2025-08-09T18:36:01.276+0000] {dag.py:3096} INFO - Sync 1 DAGs
[2025-08-09T18:36:01.296+0000] {logging_mixin.py:188} INFO - [2025-08-09T18:36:01.295+0000] {dag.py:3954} INFO - Setting next_dagrun for example_sensor_decorator to None, run_after=None
[2025-08-09T18:36:01.331+0000] {processor.py:183} INFO - Processing /home/airflow/.local/lib/python3.12/site-packages/airflow/example_dags/example_sensor_decorator.py took 0.101 seconds
[2025-08-09T18:36:31.816+0000] {processor.py:161} INFO - Started process (PID=1148) to work on /home/airflow/.local/lib/python3.12/site-packages/airflow/example_dags/example_sensor_decorator.py
[2025-08-09T18:36:31.817+0000] {processor.py:830} INFO - Processing file /home/airflow/.local/lib/python3.12/site-packages/airflow/example_dags/example_sensor_decorator.py for tasks to queue
[2025-08-09T18:36:31.820+0000] {logging_mixin.py:188} INFO - [2025-08-09T18:36:31.819+0000] {dagbag.py:540} INFO - Filling up the DagBag from /home/airflow/.local/lib/python3.12/site-packages/airflow/example_dags/example_sensor_decorator.py
[2025-08-09T18:36:31.827+0000] {processor.py:840} INFO - DAG(s) 'example_sensor_decorator' retrieved from /home/airflow/.local/lib/python3.12/site-packages/airflow/example_dags/example_sensor_decorator.py
[2025-08-09T18:36:31.853+0000] {logging_mixin.py:188} INFO - [2025-08-09T18:36:31.853+0000] {dag.py:3096} INFO - Sync 1 DAGs
[2025-08-09T18:36:31.869+0000] {logging_mixin.py:188} INFO - [2025-08-09T18:36:31.869+0000] {dag.py:3954} INFO - Setting next_dagrun for example_sensor_decorator to None, run_after=None
[2025-08-09T18:36:31.900+0000] {processor.py:183} INFO - Processing /home/airflow/.local/lib/python3.12/site-packages/airflow/example_dags/example_sensor_decorator.py took 0.094 seconds
[2025-08-09T18:37:02.093+0000] {processor.py:161} INFO - Started process (PID=1207) to work on /home/airflow/.local/lib/python3.12/site-packages/airflow/example_dags/example_sensor_decorator.py
[2025-08-09T18:37:02.095+0000] {processor.py:830} INFO - Processing file /home/airflow/.local/lib/python3.12/site-packages/airflow/example_dags/example_sensor_decorator.py for tasks to queue
[2025-08-09T18:37:02.099+0000] {logging_mixin.py:188} INFO - [2025-08-09T18:37:02.098+0000] {dagbag.py:540} INFO - Filling up the DagBag from /home/airflow/.local/lib/python3.12/site-packages/airflow/example_dags/example_sensor_decorator.py
[2025-08-09T18:37:02.109+0000] {processor.py:840} INFO - DAG(s) 'example_sensor_decorator' retrieved from /home/airflow/.local/lib/python3.12/site-packages/airflow/example_dags/example_sensor_decorator.py
[2025-08-09T18:37:02.135+0000] {logging_mixin.py:188} INFO - [2025-08-09T18:37:02.135+0000] {dag.py:3096} INFO - Sync 1 DAGs
[2025-08-09T18:37:02.151+0000] {logging_mixin.py:188} INFO - [2025-08-09T18:37:02.151+0000] {dag.py:3954} INFO - Setting next_dagrun for example_sensor_decorator to None, run_after=None
[2025-08-09T18:37:02.193+0000] {processor.py:183} INFO - Processing /home/airflow/.local/lib/python3.12/site-packages/airflow/example_dags/example_sensor_decorator.py took 0.125 seconds
[2025-08-09T18:37:33.031+0000] {processor.py:161} INFO - Started process (PID=1266) to work on /home/airflow/.local/lib/python3.12/site-packages/airflow/example_dags/example_sensor_decorator.py
[2025-08-09T18:37:33.032+0000] {processor.py:830} INFO - Processing file /home/airflow/.local/lib/python3.12/site-packages/airflow/example_dags/example_sensor_decorator.py for tasks to queue
[2025-08-09T18:37:33.037+0000] {logging_mixin.py:188} INFO - [2025-08-09T18:37:33.036+0000] {dagbag.py:540} INFO - Filling up the DagBag from /home/airflow/.local/lib/python3.12/site-packages/airflow/example_dags/example_sensor_decorator.py
[2025-08-09T18:37:33.053+0000] {processor.py:840} INFO - DAG(s) 'example_sensor_decorator' retrieved from /home/airflow/.local/lib/python3.12/site-packages/airflow/example_dags/example_sensor_decorator.py
[2025-08-09T18:37:33.097+0000] {logging_mixin.py:188} INFO - [2025-08-09T18:37:33.097+0000] {dag.py:3096} INFO - Sync 1 DAGs
[2025-08-09T18:37:33.137+0000] {logging_mixin.py:188} INFO - [2025-08-09T18:37:33.136+0000] {dag.py:3954} INFO - Setting next_dagrun for example_sensor_decorator to None, run_after=None
[2025-08-09T18:37:33.184+0000] {processor.py:183} INFO - Processing /home/airflow/.local/lib/python3.12/site-packages/airflow/example_dags/example_sensor_decorator.py took 0.166 seconds
[2025-08-09T18:38:03.366+0000] {processor.py:161} INFO - Started process (PID=1325) to work on /home/airflow/.local/lib/python3.12/site-packages/airflow/example_dags/example_sensor_decorator.py
[2025-08-09T18:38:03.367+0000] {processor.py:830} INFO - Processing file /home/airflow/.local/lib/python3.12/site-packages/airflow/example_dags/example_sensor_decorator.py for tasks to queue
[2025-08-09T18:38:03.370+0000] {logging_mixin.py:188} INFO - [2025-08-09T18:38:03.370+0000] {dagbag.py:540} INFO - Filling up the DagBag from /home/airflow/.local/lib/python3.12/site-packages/airflow/example_dags/example_sensor_decorator.py
[2025-08-09T18:38:03.378+0000] {processor.py:840} INFO - DAG(s) 'example_sensor_decorator' retrieved from /home/airflow/.local/lib/python3.12/site-packages/airflow/example_dags/example_sensor_decorator.py
[2025-08-09T18:38:03.420+0000] {logging_mixin.py:188} INFO - [2025-08-09T18:38:03.420+0000] {dag.py:3096} INFO - Sync 1 DAGs
[2025-08-09T18:38:03.445+0000] {logging_mixin.py:188} INFO - [2025-08-09T18:38:03.444+0000] {dag.py:3954} INFO - Setting next_dagrun for example_sensor_decorator to None, run_after=None
[2025-08-09T18:38:03.472+0000] {processor.py:183} INFO - Processing /home/airflow/.local/lib/python3.12/site-packages/airflow/example_dags/example_sensor_decorator.py took 0.117 seconds
[2025-08-09T18:38:34.042+0000] {processor.py:161} INFO - Started process (PID=1382) to work on /home/airflow/.local/lib/python3.12/site-packages/airflow/example_dags/example_sensor_decorator.py
[2025-08-09T18:38:34.043+0000] {processor.py:830} INFO - Processing file /home/airflow/.local/lib/python3.12/site-packages/airflow/example_dags/example_sensor_decorator.py for tasks to queue
[2025-08-09T18:38:34.045+0000] {logging_mixin.py:188} INFO - [2025-08-09T18:38:34.044+0000] {dagbag.py:540} INFO - Filling up the DagBag from /home/airflow/.local/lib/python3.12/site-packages/airflow/example_dags/example_sensor_decorator.py
[2025-08-09T18:38:34.054+0000] {processor.py:840} INFO - DAG(s) 'example_sensor_decorator' retrieved from /home/airflow/.local/lib/python3.12/site-packages/airflow/example_dags/example_sensor_decorator.py
[2025-08-09T18:38:34.119+0000] {logging_mixin.py:188} INFO - [2025-08-09T18:38:34.119+0000] {dag.py:3096} INFO - Sync 1 DAGs
[2025-08-09T18:38:34.169+0000] {logging_mixin.py:188} INFO - [2025-08-09T18:38:34.168+0000] {dag.py:3954} INFO - Setting next_dagrun for example_sensor_decorator to None, run_after=None
[2025-08-09T18:38:34.224+0000] {processor.py:183} INFO - Processing /home/airflow/.local/lib/python3.12/site-packages/airflow/example_dags/example_sensor_decorator.py took 0.190 seconds
[2025-08-09T18:39:04.543+0000] {processor.py:161} INFO - Started process (PID=1441) to work on /home/airflow/.local/lib/python3.12/site-packages/airflow/example_dags/example_sensor_decorator.py
[2025-08-09T18:39:04.546+0000] {processor.py:830} INFO - Processing file /home/airflow/.local/lib/python3.12/site-packages/airflow/example_dags/example_sensor_decorator.py for tasks to queue
[2025-08-09T18:39:04.552+0000] {logging_mixin.py:188} INFO - [2025-08-09T18:39:04.551+0000] {dagbag.py:540} INFO - Filling up the DagBag from /home/airflow/.local/lib/python3.12/site-packages/airflow/example_dags/example_sensor_decorator.py
[2025-08-09T18:39:04.569+0000] {processor.py:840} INFO - DAG(s) 'example_sensor_decorator' retrieved from /home/airflow/.local/lib/python3.12/site-packages/airflow/example_dags/example_sensor_decorator.py
[2025-08-09T18:39:04.603+0000] {logging_mixin.py:188} INFO - [2025-08-09T18:39:04.603+0000] {dag.py:3096} INFO - Sync 1 DAGs
[2025-08-09T18:39:04.627+0000] {logging_mixin.py:188} INFO - [2025-08-09T18:39:04.627+0000] {dag.py:3954} INFO - Setting next_dagrun for example_sensor_decorator to None, run_after=None
[2025-08-09T18:39:04.668+0000] {processor.py:183} INFO - Processing /home/airflow/.local/lib/python3.12/site-packages/airflow/example_dags/example_sensor_decorator.py took 0.142 seconds
[2025-08-09T18:39:34.983+0000] {processor.py:161} INFO - Started process (PID=1500) to work on /home/airflow/.local/lib/python3.12/site-packages/airflow/example_dags/example_sensor_decorator.py
[2025-08-09T18:39:34.984+0000] {processor.py:830} INFO - Processing file /home/airflow/.local/lib/python3.12/site-packages/airflow/example_dags/example_sensor_decorator.py for tasks to queue
[2025-08-09T18:39:34.986+0000] {logging_mixin.py:188} INFO - [2025-08-09T18:39:34.986+0000] {dagbag.py:540} INFO - Filling up the DagBag from /home/airflow/.local/lib/python3.12/site-packages/airflow/example_dags/example_sensor_decorator.py
[2025-08-09T18:39:34.994+0000] {processor.py:840} INFO - DAG(s) 'example_sensor_decorator' retrieved from /home/airflow/.local/lib/python3.12/site-packages/airflow/example_dags/example_sensor_decorator.py
[2025-08-09T18:39:35.020+0000] {logging_mixin.py:188} INFO - [2025-08-09T18:39:35.020+0000] {dag.py:3096} INFO - Sync 1 DAGs
[2025-08-09T18:39:35.038+0000] {logging_mixin.py:188} INFO - [2025-08-09T18:39:35.037+0000] {dag.py:3954} INFO - Setting next_dagrun for example_sensor_decorator to None, run_after=None
[2025-08-09T18:39:35.062+0000] {processor.py:183} INFO - Processing /home/airflow/.local/lib/python3.12/site-packages/airflow/example_dags/example_sensor_decorator.py took 0.086 seconds
[2025-08-09T18:40:05.551+0000] {processor.py:161} INFO - Started process (PID=1559) to work on /home/airflow/.local/lib/python3.12/site-packages/airflow/example_dags/example_sensor_decorator.py
[2025-08-09T18:40:05.552+0000] {processor.py:830} INFO - Processing file /home/airflow/.local/lib/python3.12/site-packages/airflow/example_dags/example_sensor_decorator.py for tasks to queue
[2025-08-09T18:40:05.555+0000] {logging_mixin.py:188} INFO - [2025-08-09T18:40:05.554+0000] {dagbag.py:540} INFO - Filling up the DagBag from /home/airflow/.local/lib/python3.12/site-packages/airflow/example_dags/example_sensor_decorator.py
[2025-08-09T18:40:05.569+0000] {processor.py:840} INFO - DAG(s) 'example_sensor_decorator' retrieved from /home/airflow/.local/lib/python3.12/site-packages/airflow/example_dags/example_sensor_decorator.py
[2025-08-09T18:40:05.609+0000] {logging_mixin.py:188} INFO - [2025-08-09T18:40:05.609+0000] {dag.py:3096} INFO - Sync 1 DAGs
[2025-08-09T18:40:05.632+0000] {logging_mixin.py:188} INFO - [2025-08-09T18:40:05.632+0000] {dag.py:3954} INFO - Setting next_dagrun for example_sensor_decorator to None, run_after=None
[2025-08-09T18:40:05.679+0000] {processor.py:183} INFO - Processing /home/airflow/.local/lib/python3.12/site-packages/airflow/example_dags/example_sensor_decorator.py took 0.137 seconds
[2025-08-09T18:40:36.208+0000] {processor.py:161} INFO - Started process (PID=1624) to work on /home/airflow/.local/lib/python3.12/site-packages/airflow/example_dags/example_sensor_decorator.py
[2025-08-09T18:40:36.210+0000] {processor.py:830} INFO - Processing file /home/airflow/.local/lib/python3.12/site-packages/airflow/example_dags/example_sensor_decorator.py for tasks to queue
[2025-08-09T18:40:36.226+0000] {logging_mixin.py:188} INFO - [2025-08-09T18:40:36.225+0000] {dagbag.py:540} INFO - Filling up the DagBag from /home/airflow/.local/lib/python3.12/site-packages/airflow/example_dags/example_sensor_decorator.py
[2025-08-09T18:40:36.252+0000] {processor.py:840} INFO - DAG(s) 'example_sensor_decorator' retrieved from /home/airflow/.local/lib/python3.12/site-packages/airflow/example_dags/example_sensor_decorator.py
[2025-08-09T18:40:36.317+0000] {logging_mixin.py:188} INFO - [2025-08-09T18:40:36.316+0000] {dag.py:3096} INFO - Sync 1 DAGs
[2025-08-09T18:40:36.398+0000] {logging_mixin.py:188} INFO - [2025-08-09T18:40:36.398+0000] {dag.py:3954} INFO - Setting next_dagrun for example_sensor_decorator to None, run_after=None
[2025-08-09T18:40:36.457+0000] {processor.py:183} INFO - Processing /home/airflow/.local/lib/python3.12/site-packages/airflow/example_dags/example_sensor_decorator.py took 0.274 seconds
[2025-08-09T18:41:07.327+0000] {processor.py:161} INFO - Started process (PID=1684) to work on /home/airflow/.local/lib/python3.12/site-packages/airflow/example_dags/example_sensor_decorator.py
[2025-08-09T18:41:07.329+0000] {processor.py:830} INFO - Processing file /home/airflow/.local/lib/python3.12/site-packages/airflow/example_dags/example_sensor_decorator.py for tasks to queue
[2025-08-09T18:41:07.331+0000] {logging_mixin.py:188} INFO - [2025-08-09T18:41:07.331+0000] {dagbag.py:540} INFO - Filling up the DagBag from /home/airflow/.local/lib/python3.12/site-packages/airflow/example_dags/example_sensor_decorator.py
[2025-08-09T18:41:07.341+0000] {processor.py:840} INFO - DAG(s) 'example_sensor_decorator' retrieved from /home/airflow/.local/lib/python3.12/site-packages/airflow/example_dags/example_sensor_decorator.py
[2025-08-09T18:41:07.372+0000] {logging_mixin.py:188} INFO - [2025-08-09T18:41:07.372+0000] {dag.py:3096} INFO - Sync 1 DAGs
[2025-08-09T18:41:07.390+0000] {logging_mixin.py:188} INFO - [2025-08-09T18:41:07.390+0000] {dag.py:3954} INFO - Setting next_dagrun for example_sensor_decorator to None, run_after=None
[2025-08-09T18:41:07.414+0000] {processor.py:183} INFO - Processing /home/airflow/.local/lib/python3.12/site-packages/airflow/example_dags/example_sensor_decorator.py took 0.097 seconds
[2025-08-09T18:41:38.167+0000] {processor.py:161} INFO - Started process (PID=1743) to work on /home/airflow/.local/lib/python3.12/site-packages/airflow/example_dags/example_sensor_decorator.py
[2025-08-09T18:41:38.168+0000] {processor.py:830} INFO - Processing file /home/airflow/.local/lib/python3.12/site-packages/airflow/example_dags/example_sensor_decorator.py for tasks to queue
[2025-08-09T18:41:38.171+0000] {logging_mixin.py:188} INFO - [2025-08-09T18:41:38.170+0000] {dagbag.py:540} INFO - Filling up the DagBag from /home/airflow/.local/lib/python3.12/site-packages/airflow/example_dags/example_sensor_decorator.py
[2025-08-09T18:41:38.178+0000] {processor.py:840} INFO - DAG(s) 'example_sensor_decorator' retrieved from /home/airflow/.local/lib/python3.12/site-packages/airflow/example_dags/example_sensor_decorator.py
[2025-08-09T18:41:38.203+0000] {logging_mixin.py:188} INFO - [2025-08-09T18:41:38.203+0000] {dag.py:3096} INFO - Sync 1 DAGs
[2025-08-09T18:41:38.218+0000] {logging_mixin.py:188} INFO - [2025-08-09T18:41:38.218+0000] {dag.py:3954} INFO - Setting next_dagrun for example_sensor_decorator to None, run_after=None
[2025-08-09T18:41:38.258+0000] {processor.py:183} INFO - Processing /home/airflow/.local/lib/python3.12/site-packages/airflow/example_dags/example_sensor_decorator.py took 0.099 seconds
[2025-08-09T18:42:08.338+0000] {processor.py:161} INFO - Started process (PID=1802) to work on /home/airflow/.local/lib/python3.12/site-packages/airflow/example_dags/example_sensor_decorator.py
[2025-08-09T18:42:08.339+0000] {processor.py:830} INFO - Processing file /home/airflow/.local/lib/python3.12/site-packages/airflow/example_dags/example_sensor_decorator.py for tasks to queue
[2025-08-09T18:42:08.342+0000] {logging_mixin.py:188} INFO - [2025-08-09T18:42:08.341+0000] {dagbag.py:540} INFO - Filling up the DagBag from /home/airflow/.local/lib/python3.12/site-packages/airflow/example_dags/example_sensor_decorator.py
[2025-08-09T18:42:08.349+0000] {processor.py:840} INFO - DAG(s) 'example_sensor_decorator' retrieved from /home/airflow/.local/lib/python3.12/site-packages/airflow/example_dags/example_sensor_decorator.py
[2025-08-09T18:42:08.374+0000] {logging_mixin.py:188} INFO - [2025-08-09T18:42:08.374+0000] {dag.py:3096} INFO - Sync 1 DAGs
[2025-08-09T18:42:08.390+0000] {logging_mixin.py:188} INFO - [2025-08-09T18:42:08.390+0000] {dag.py:3954} INFO - Setting next_dagrun for example_sensor_decorator to None, run_after=None
[2025-08-09T18:42:08.429+0000] {processor.py:183} INFO - Processing /home/airflow/.local/lib/python3.12/site-packages/airflow/example_dags/example_sensor_decorator.py took 0.101 seconds
[2025-08-09T18:42:38.749+0000] {processor.py:161} INFO - Started process (PID=1861) to work on /home/airflow/.local/lib/python3.12/site-packages/airflow/example_dags/example_sensor_decorator.py
[2025-08-09T18:42:38.750+0000] {processor.py:830} INFO - Processing file /home/airflow/.local/lib/python3.12/site-packages/airflow/example_dags/example_sensor_decorator.py for tasks to queue
[2025-08-09T18:42:38.754+0000] {logging_mixin.py:188} INFO - [2025-08-09T18:42:38.753+0000] {dagbag.py:540} INFO - Filling up the DagBag from /home/airflow/.local/lib/python3.12/site-packages/airflow/example_dags/example_sensor_decorator.py
[2025-08-09T18:42:38.762+0000] {processor.py:840} INFO - DAG(s) 'example_sensor_decorator' retrieved from /home/airflow/.local/lib/python3.12/site-packages/airflow/example_dags/example_sensor_decorator.py
[2025-08-09T18:42:38.797+0000] {logging_mixin.py:188} INFO - [2025-08-09T18:42:38.796+0000] {dag.py:3096} INFO - Sync 1 DAGs
[2025-08-09T18:42:38.816+0000] {logging_mixin.py:188} INFO - [2025-08-09T18:42:38.816+0000] {dag.py:3954} INFO - Setting next_dagrun for example_sensor_decorator to None, run_after=None
[2025-08-09T18:42:38.862+0000] {processor.py:183} INFO - Processing /home/airflow/.local/lib/python3.12/site-packages/airflow/example_dags/example_sensor_decorator.py took 0.123 seconds
[2025-08-09T18:43:09.216+0000] {processor.py:161} INFO - Started process (PID=1920) to work on /home/airflow/.local/lib/python3.12/site-packages/airflow/example_dags/example_sensor_decorator.py
[2025-08-09T18:43:09.217+0000] {processor.py:830} INFO - Processing file /home/airflow/.local/lib/python3.12/site-packages/airflow/example_dags/example_sensor_decorator.py for tasks to queue
[2025-08-09T18:43:09.220+0000] {logging_mixin.py:188} INFO - [2025-08-09T18:43:09.219+0000] {dagbag.py:540} INFO - Filling up the DagBag from /home/airflow/.local/lib/python3.12/site-packages/airflow/example_dags/example_sensor_decorator.py
[2025-08-09T18:43:09.229+0000] {processor.py:840} INFO - DAG(s) 'example_sensor_decorator' retrieved from /home/airflow/.local/lib/python3.12/site-packages/airflow/example_dags/example_sensor_decorator.py
[2025-08-09T18:43:09.256+0000] {logging_mixin.py:188} INFO - [2025-08-09T18:43:09.256+0000] {dag.py:3096} INFO - Sync 1 DAGs
[2025-08-09T18:43:09.276+0000] {logging_mixin.py:188} INFO - [2025-08-09T18:43:09.276+0000] {dag.py:3954} INFO - Setting next_dagrun for example_sensor_decorator to None, run_after=None
[2025-08-09T18:43:09.305+0000] {processor.py:183} INFO - Processing /home/airflow/.local/lib/python3.12/site-packages/airflow/example_dags/example_sensor_decorator.py took 0.097 seconds
[2025-08-09T18:43:40.151+0000] {processor.py:161} INFO - Started process (PID=1979) to work on /home/airflow/.local/lib/python3.12/site-packages/airflow/example_dags/example_sensor_decorator.py
[2025-08-09T18:43:40.153+0000] {processor.py:830} INFO - Processing file /home/airflow/.local/lib/python3.12/site-packages/airflow/example_dags/example_sensor_decorator.py for tasks to queue
[2025-08-09T18:43:40.157+0000] {logging_mixin.py:188} INFO - [2025-08-09T18:43:40.156+0000] {dagbag.py:540} INFO - Filling up the DagBag from /home/airflow/.local/lib/python3.12/site-packages/airflow/example_dags/example_sensor_decorator.py
[2025-08-09T18:43:40.169+0000] {processor.py:840} INFO - DAG(s) 'example_sensor_decorator' retrieved from /home/airflow/.local/lib/python3.12/site-packages/airflow/example_dags/example_sensor_decorator.py
[2025-08-09T18:43:40.201+0000] {logging_mixin.py:188} INFO - [2025-08-09T18:43:40.201+0000] {dag.py:3096} INFO - Sync 1 DAGs
[2025-08-09T18:43:40.226+0000] {logging_mixin.py:188} INFO - [2025-08-09T18:43:40.225+0000] {dag.py:3954} INFO - Setting next_dagrun for example_sensor_decorator to None, run_after=None
[2025-08-09T18:43:40.256+0000] {processor.py:183} INFO - Processing /home/airflow/.local/lib/python3.12/site-packages/airflow/example_dags/example_sensor_decorator.py took 0.115 seconds
[2025-08-09T18:44:10.696+0000] {processor.py:161} INFO - Started process (PID=2038) to work on /home/airflow/.local/lib/python3.12/site-packages/airflow/example_dags/example_sensor_decorator.py
[2025-08-09T18:44:10.697+0000] {processor.py:830} INFO - Processing file /home/airflow/.local/lib/python3.12/site-packages/airflow/example_dags/example_sensor_decorator.py for tasks to queue
[2025-08-09T18:44:10.700+0000] {logging_mixin.py:188} INFO - [2025-08-09T18:44:10.699+0000] {dagbag.py:540} INFO - Filling up the DagBag from /home/airflow/.local/lib/python3.12/site-packages/airflow/example_dags/example_sensor_decorator.py
[2025-08-09T18:44:10.710+0000] {processor.py:840} INFO - DAG(s) 'example_sensor_decorator' retrieved from /home/airflow/.local/lib/python3.12/site-packages/airflow/example_dags/example_sensor_decorator.py
[2025-08-09T18:44:10.746+0000] {logging_mixin.py:188} INFO - [2025-08-09T18:44:10.746+0000] {dag.py:3096} INFO - Sync 1 DAGs
[2025-08-09T18:44:10.764+0000] {logging_mixin.py:188} INFO - [2025-08-09T18:44:10.764+0000] {dag.py:3954} INFO - Setting next_dagrun for example_sensor_decorator to None, run_after=None
[2025-08-09T18:44:10.794+0000] {processor.py:183} INFO - Processing /home/airflow/.local/lib/python3.12/site-packages/airflow/example_dags/example_sensor_decorator.py took 0.108 seconds
[2025-08-09T18:44:41.174+0000] {processor.py:161} INFO - Started process (PID=2097) to work on /home/airflow/.local/lib/python3.12/site-packages/airflow/example_dags/example_sensor_decorator.py
[2025-08-09T18:44:41.175+0000] {processor.py:830} INFO - Processing file /home/airflow/.local/lib/python3.12/site-packages/airflow/example_dags/example_sensor_decorator.py for tasks to queue
[2025-08-09T18:44:41.179+0000] {logging_mixin.py:188} INFO - [2025-08-09T18:44:41.178+0000] {dagbag.py:540} INFO - Filling up the DagBag from /home/airflow/.local/lib/python3.12/site-packages/airflow/example_dags/example_sensor_decorator.py
[2025-08-09T18:44:41.190+0000] {processor.py:840} INFO - DAG(s) 'example_sensor_decorator' retrieved from /home/airflow/.local/lib/python3.12/site-packages/airflow/example_dags/example_sensor_decorator.py
[2025-08-09T18:44:41.222+0000] {logging_mixin.py:188} INFO - [2025-08-09T18:44:41.222+0000] {dag.py:3096} INFO - Sync 1 DAGs
[2025-08-09T18:44:41.251+0000] {logging_mixin.py:188} INFO - [2025-08-09T18:44:41.250+0000] {dag.py:3954} INFO - Setting next_dagrun for example_sensor_decorator to None, run_after=None
[2025-08-09T18:44:41.286+0000] {processor.py:183} INFO - Processing /home/airflow/.local/lib/python3.12/site-packages/airflow/example_dags/example_sensor_decorator.py took 0.124 seconds
[2025-08-09T18:45:11.697+0000] {processor.py:161} INFO - Started process (PID=2156) to work on /home/airflow/.local/lib/python3.12/site-packages/airflow/example_dags/example_sensor_decorator.py
[2025-08-09T18:45:11.698+0000] {processor.py:830} INFO - Processing file /home/airflow/.local/lib/python3.12/site-packages/airflow/example_dags/example_sensor_decorator.py for tasks to queue
[2025-08-09T18:45:11.701+0000] {logging_mixin.py:188} INFO - [2025-08-09T18:45:11.700+0000] {dagbag.py:540} INFO - Filling up the DagBag from /home/airflow/.local/lib/python3.12/site-packages/airflow/example_dags/example_sensor_decorator.py
[2025-08-09T18:45:11.718+0000] {processor.py:840} INFO - DAG(s) 'example_sensor_decorator' retrieved from /home/airflow/.local/lib/python3.12/site-packages/airflow/example_dags/example_sensor_decorator.py
[2025-08-09T18:45:11.743+0000] {logging_mixin.py:188} INFO - [2025-08-09T18:45:11.743+0000] {dag.py:3096} INFO - Sync 1 DAGs
[2025-08-09T18:45:11.758+0000] {logging_mixin.py:188} INFO - [2025-08-09T18:45:11.758+0000] {dag.py:3954} INFO - Setting next_dagrun for example_sensor_decorator to None, run_after=None
[2025-08-09T18:45:11.800+0000] {processor.py:183} INFO - Processing /home/airflow/.local/lib/python3.12/site-packages/airflow/example_dags/example_sensor_decorator.py took 0.109 seconds
