[2025-08-09T18:22:02.688+0000] {processor.py:161} INFO - Started process (PID=106) to work on /home/airflow/.local/lib/python3.12/site-packages/airflow/example_dags/example_external_task_marker_dag.py
[2025-08-09T18:22:02.692+0000] {processor.py:830} INFO - Processing file /home/airflow/.local/lib/python3.12/site-packages/airflow/example_dags/example_external_task_marker_dag.py for tasks to queue
[2025-08-09T18:22:02.699+0000] {logging_mixin.py:188} INFO - [2025-08-09T18:22:02.698+0000] {dagbag.py:540} INFO - Filling up the DagBag from /home/airflow/.local/lib/python3.12/site-packages/airflow/example_dags/example_external_task_marker_dag.py
[2025-08-09T18:22:02.739+0000] {processor.py:840} INFO - DAG(s) 'example_external_task_marker_parent', 'example_external_task_marker_child' retrieved from /home/airflow/.local/lib/python3.12/site-packages/airflow/example_dags/example_external_task_marker_dag.py
[2025-08-09T18:22:03.235+0000] {logging_mixin.py:188} INFO - [2025-08-09T18:22:03.234+0000] {dag.py:3096} INFO - Sync 2 DAGs
[2025-08-09T18:22:03.297+0000] {logging_mixin.py:188} INFO - [2025-08-09T18:22:03.296+0000] {dag.py:3954} INFO - Setting next_dagrun for example_external_task_marker_child to None, run_after=None
[2025-08-09T18:22:03.306+0000] {logging_mixin.py:188} INFO - [2025-08-09T18:22:03.305+0000] {dag.py:3954} INFO - Setting next_dagrun for example_external_task_marker_parent to None, run_after=None
[2025-08-09T18:22:03.356+0000] {processor.py:183} INFO - Processing /home/airflow/.local/lib/python3.12/site-packages/airflow/example_dags/example_external_task_marker_dag.py took 0.689 seconds
[2025-08-09T18:22:33.699+0000] {processor.py:161} INFO - Started process (PID=165) to work on /home/airflow/.local/lib/python3.12/site-packages/airflow/example_dags/example_external_task_marker_dag.py
[2025-08-09T18:22:33.700+0000] {processor.py:830} INFO - Processing file /home/airflow/.local/lib/python3.12/site-packages/airflow/example_dags/example_external_task_marker_dag.py for tasks to queue
[2025-08-09T18:22:33.703+0000] {logging_mixin.py:188} INFO - [2025-08-09T18:22:33.702+0000] {dagbag.py:540} INFO - Filling up the DagBag from /home/airflow/.local/lib/python3.12/site-packages/airflow/example_dags/example_external_task_marker_dag.py
[2025-08-09T18:22:33.710+0000] {processor.py:840} INFO - DAG(s) 'example_external_task_marker_parent', 'example_external_task_marker_child' retrieved from /home/airflow/.local/lib/python3.12/site-packages/airflow/example_dags/example_external_task_marker_dag.py
[2025-08-09T18:22:33.743+0000] {logging_mixin.py:188} INFO - [2025-08-09T18:22:33.743+0000] {dag.py:3096} INFO - Sync 2 DAGs
[2025-08-09T18:22:33.761+0000] {logging_mixin.py:188} INFO - [2025-08-09T18:22:33.760+0000] {dag.py:3954} INFO - Setting next_dagrun for example_external_task_marker_child to None, run_after=None
[2025-08-09T18:22:33.766+0000] {logging_mixin.py:188} INFO - [2025-08-09T18:22:33.766+0000] {dag.py:3954} INFO - Setting next_dagrun for example_external_task_marker_parent to None, run_after=None
[2025-08-09T18:22:33.790+0000] {processor.py:183} INFO - Processing /home/airflow/.local/lib/python3.12/site-packages/airflow/example_dags/example_external_task_marker_dag.py took 0.099 seconds
[2025-08-09T18:23:04.115+0000] {processor.py:161} INFO - Started process (PID=224) to work on /home/airflow/.local/lib/python3.12/site-packages/airflow/example_dags/example_external_task_marker_dag.py
[2025-08-09T18:23:04.116+0000] {processor.py:830} INFO - Processing file /home/airflow/.local/lib/python3.12/site-packages/airflow/example_dags/example_external_task_marker_dag.py for tasks to queue
[2025-08-09T18:23:04.118+0000] {logging_mixin.py:188} INFO - [2025-08-09T18:23:04.118+0000] {dagbag.py:540} INFO - Filling up the DagBag from /home/airflow/.local/lib/python3.12/site-packages/airflow/example_dags/example_external_task_marker_dag.py
[2025-08-09T18:23:04.125+0000] {processor.py:840} INFO - DAG(s) 'example_external_task_marker_child', 'example_external_task_marker_parent' retrieved from /home/airflow/.local/lib/python3.12/site-packages/airflow/example_dags/example_external_task_marker_dag.py
[2025-08-09T18:23:04.158+0000] {logging_mixin.py:188} INFO - [2025-08-09T18:23:04.157+0000] {dag.py:3096} INFO - Sync 2 DAGs
[2025-08-09T18:23:04.177+0000] {logging_mixin.py:188} INFO - [2025-08-09T18:23:04.177+0000] {dag.py:3954} INFO - Setting next_dagrun for example_external_task_marker_child to None, run_after=None
[2025-08-09T18:23:04.183+0000] {logging_mixin.py:188} INFO - [2025-08-09T18:23:04.183+0000] {dag.py:3954} INFO - Setting next_dagrun for example_external_task_marker_parent to None, run_after=None
[2025-08-09T18:23:04.205+0000] {processor.py:183} INFO - Processing /home/airflow/.local/lib/python3.12/site-packages/airflow/example_dags/example_external_task_marker_dag.py took 0.097 seconds
[2025-08-09T18:23:34.667+0000] {processor.py:161} INFO - Started process (PID=283) to work on /home/airflow/.local/lib/python3.12/site-packages/airflow/example_dags/example_external_task_marker_dag.py
[2025-08-09T18:23:34.669+0000] {processor.py:830} INFO - Processing file /home/airflow/.local/lib/python3.12/site-packages/airflow/example_dags/example_external_task_marker_dag.py for tasks to queue
[2025-08-09T18:23:34.673+0000] {logging_mixin.py:188} INFO - [2025-08-09T18:23:34.672+0000] {dagbag.py:540} INFO - Filling up the DagBag from /home/airflow/.local/lib/python3.12/site-packages/airflow/example_dags/example_external_task_marker_dag.py
[2025-08-09T18:23:34.683+0000] {processor.py:840} INFO - DAG(s) 'example_external_task_marker_parent', 'example_external_task_marker_child' retrieved from /home/airflow/.local/lib/python3.12/site-packages/airflow/example_dags/example_external_task_marker_dag.py
[2025-08-09T18:23:34.729+0000] {logging_mixin.py:188} INFO - [2025-08-09T18:23:34.729+0000] {dag.py:3096} INFO - Sync 2 DAGs
[2025-08-09T18:23:34.754+0000] {logging_mixin.py:188} INFO - [2025-08-09T18:23:34.754+0000] {dag.py:3954} INFO - Setting next_dagrun for example_external_task_marker_child to None, run_after=None
[2025-08-09T18:23:34.760+0000] {logging_mixin.py:188} INFO - [2025-08-09T18:23:34.760+0000] {dag.py:3954} INFO - Setting next_dagrun for example_external_task_marker_parent to None, run_after=None
[2025-08-09T18:23:34.787+0000] {processor.py:183} INFO - Processing /home/airflow/.local/lib/python3.12/site-packages/airflow/example_dags/example_external_task_marker_dag.py took 0.129 seconds
[2025-08-09T18:24:05.158+0000] {processor.py:161} INFO - Started process (PID=342) to work on /home/airflow/.local/lib/python3.12/site-packages/airflow/example_dags/example_external_task_marker_dag.py
[2025-08-09T18:24:05.160+0000] {processor.py:830} INFO - Processing file /home/airflow/.local/lib/python3.12/site-packages/airflow/example_dags/example_external_task_marker_dag.py for tasks to queue
[2025-08-09T18:24:05.163+0000] {logging_mixin.py:188} INFO - [2025-08-09T18:24:05.162+0000] {dagbag.py:540} INFO - Filling up the DagBag from /home/airflow/.local/lib/python3.12/site-packages/airflow/example_dags/example_external_task_marker_dag.py
[2025-08-09T18:24:05.171+0000] {processor.py:840} INFO - DAG(s) 'example_external_task_marker_parent', 'example_external_task_marker_child' retrieved from /home/airflow/.local/lib/python3.12/site-packages/airflow/example_dags/example_external_task_marker_dag.py
[2025-08-09T18:24:05.206+0000] {logging_mixin.py:188} INFO - [2025-08-09T18:24:05.206+0000] {dag.py:3096} INFO - Sync 2 DAGs
[2025-08-09T18:24:05.229+0000] {logging_mixin.py:188} INFO - [2025-08-09T18:24:05.228+0000] {dag.py:3954} INFO - Setting next_dagrun for example_external_task_marker_child to None, run_after=None
[2025-08-09T18:24:05.237+0000] {logging_mixin.py:188} INFO - [2025-08-09T18:24:05.237+0000] {dag.py:3954} INFO - Setting next_dagrun for example_external_task_marker_parent to None, run_after=None
[2025-08-09T18:24:05.272+0000] {processor.py:183} INFO - Processing /home/airflow/.local/lib/python3.12/site-packages/airflow/example_dags/example_external_task_marker_dag.py took 0.120 seconds
[2025-08-09T18:24:35.675+0000] {processor.py:161} INFO - Started process (PID=401) to work on /home/airflow/.local/lib/python3.12/site-packages/airflow/example_dags/example_external_task_marker_dag.py
[2025-08-09T18:24:35.677+0000] {processor.py:830} INFO - Processing file /home/airflow/.local/lib/python3.12/site-packages/airflow/example_dags/example_external_task_marker_dag.py for tasks to queue
[2025-08-09T18:24:35.680+0000] {logging_mixin.py:188} INFO - [2025-08-09T18:24:35.679+0000] {dagbag.py:540} INFO - Filling up the DagBag from /home/airflow/.local/lib/python3.12/site-packages/airflow/example_dags/example_external_task_marker_dag.py
[2025-08-09T18:24:35.687+0000] {processor.py:840} INFO - DAG(s) 'example_external_task_marker_child', 'example_external_task_marker_parent' retrieved from /home/airflow/.local/lib/python3.12/site-packages/airflow/example_dags/example_external_task_marker_dag.py
[2025-08-09T18:24:35.724+0000] {logging_mixin.py:188} INFO - [2025-08-09T18:24:35.724+0000] {dag.py:3096} INFO - Sync 2 DAGs
[2025-08-09T18:24:35.748+0000] {logging_mixin.py:188} INFO - [2025-08-09T18:24:35.747+0000] {dag.py:3954} INFO - Setting next_dagrun for example_external_task_marker_child to None, run_after=None
[2025-08-09T18:24:35.754+0000] {logging_mixin.py:188} INFO - [2025-08-09T18:24:35.754+0000] {dag.py:3954} INFO - Setting next_dagrun for example_external_task_marker_parent to None, run_after=None
[2025-08-09T18:24:35.781+0000] {processor.py:183} INFO - Processing /home/airflow/.local/lib/python3.12/site-packages/airflow/example_dags/example_external_task_marker_dag.py took 0.117 seconds
[2025-08-09T18:25:06.482+0000] {processor.py:161} INFO - Started process (PID=460) to work on /home/airflow/.local/lib/python3.12/site-packages/airflow/example_dags/example_external_task_marker_dag.py
[2025-08-09T18:25:06.484+0000] {processor.py:830} INFO - Processing file /home/airflow/.local/lib/python3.12/site-packages/airflow/example_dags/example_external_task_marker_dag.py for tasks to queue
[2025-08-09T18:25:06.489+0000] {logging_mixin.py:188} INFO - [2025-08-09T18:25:06.488+0000] {dagbag.py:540} INFO - Filling up the DagBag from /home/airflow/.local/lib/python3.12/site-packages/airflow/example_dags/example_external_task_marker_dag.py
[2025-08-09T18:25:06.504+0000] {processor.py:840} INFO - DAG(s) 'example_external_task_marker_child', 'example_external_task_marker_parent' retrieved from /home/airflow/.local/lib/python3.12/site-packages/airflow/example_dags/example_external_task_marker_dag.py
[2025-08-09T18:25:06.551+0000] {logging_mixin.py:188} INFO - [2025-08-09T18:25:06.550+0000] {dag.py:3096} INFO - Sync 2 DAGs
[2025-08-09T18:25:06.580+0000] {logging_mixin.py:188} INFO - [2025-08-09T18:25:06.580+0000] {dag.py:3954} INFO - Setting next_dagrun for example_external_task_marker_child to None, run_after=None
[2025-08-09T18:25:06.589+0000] {logging_mixin.py:188} INFO - [2025-08-09T18:25:06.589+0000] {dag.py:3954} INFO - Setting next_dagrun for example_external_task_marker_parent to None, run_after=None
[2025-08-09T18:25:06.625+0000] {processor.py:183} INFO - Processing /home/airflow/.local/lib/python3.12/site-packages/airflow/example_dags/example_external_task_marker_dag.py took 0.156 seconds
[2025-08-09T18:27:30.254+0000] {processor.py:161} INFO - Started process (PID=107) to work on /home/airflow/.local/lib/python3.12/site-packages/airflow/example_dags/example_external_task_marker_dag.py
[2025-08-09T18:27:30.258+0000] {processor.py:830} INFO - Processing file /home/airflow/.local/lib/python3.12/site-packages/airflow/example_dags/example_external_task_marker_dag.py for tasks to queue
[2025-08-09T18:27:30.264+0000] {logging_mixin.py:188} INFO - [2025-08-09T18:27:30.262+0000] {dagbag.py:540} INFO - Filling up the DagBag from /home/airflow/.local/lib/python3.12/site-packages/airflow/example_dags/example_external_task_marker_dag.py
[2025-08-09T18:27:30.454+0000] {processor.py:840} INFO - DAG(s) 'example_external_task_marker_child', 'example_external_task_marker_parent' retrieved from /home/airflow/.local/lib/python3.12/site-packages/airflow/example_dags/example_external_task_marker_dag.py
[2025-08-09T18:27:30.851+0000] {logging_mixin.py:188} INFO - [2025-08-09T18:27:30.850+0000] {dag.py:3096} INFO - Sync 2 DAGs
[2025-08-09T18:27:30.883+0000] {logging_mixin.py:188} INFO - [2025-08-09T18:27:30.882+0000] {dag.py:3954} INFO - Setting next_dagrun for example_external_task_marker_child to None, run_after=None
[2025-08-09T18:27:30.892+0000] {logging_mixin.py:188} INFO - [2025-08-09T18:27:30.891+0000] {dag.py:3954} INFO - Setting next_dagrun for example_external_task_marker_parent to None, run_after=None
[2025-08-09T18:27:31.003+0000] {processor.py:183} INFO - Processing /home/airflow/.local/lib/python3.12/site-packages/airflow/example_dags/example_external_task_marker_dag.py took 0.779 seconds
[2025-08-09T18:28:01.186+0000] {processor.py:161} INFO - Started process (PID=166) to work on /home/airflow/.local/lib/python3.12/site-packages/airflow/example_dags/example_external_task_marker_dag.py
[2025-08-09T18:28:01.188+0000] {processor.py:830} INFO - Processing file /home/airflow/.local/lib/python3.12/site-packages/airflow/example_dags/example_external_task_marker_dag.py for tasks to queue
[2025-08-09T18:28:01.193+0000] {logging_mixin.py:188} INFO - [2025-08-09T18:28:01.192+0000] {dagbag.py:540} INFO - Filling up the DagBag from /home/airflow/.local/lib/python3.12/site-packages/airflow/example_dags/example_external_task_marker_dag.py
[2025-08-09T18:28:01.212+0000] {processor.py:840} INFO - DAG(s) 'example_external_task_marker_parent', 'example_external_task_marker_child' retrieved from /home/airflow/.local/lib/python3.12/site-packages/airflow/example_dags/example_external_task_marker_dag.py
[2025-08-09T18:28:01.434+0000] {logging_mixin.py:188} INFO - [2025-08-09T18:28:01.433+0000] {dag.py:3096} INFO - Sync 2 DAGs
[2025-08-09T18:28:01.503+0000] {logging_mixin.py:188} INFO - [2025-08-09T18:28:01.500+0000] {dag.py:3954} INFO - Setting next_dagrun for example_external_task_marker_child to None, run_after=None
[2025-08-09T18:28:01.515+0000] {logging_mixin.py:188} INFO - [2025-08-09T18:28:01.514+0000] {dag.py:3954} INFO - Setting next_dagrun for example_external_task_marker_parent to None, run_after=None
[2025-08-09T18:28:01.610+0000] {processor.py:183} INFO - Processing /home/airflow/.local/lib/python3.12/site-packages/airflow/example_dags/example_external_task_marker_dag.py took 0.436 seconds
[2025-08-09T18:28:32.649+0000] {processor.py:161} INFO - Started process (PID=225) to work on /home/airflow/.local/lib/python3.12/site-packages/airflow/example_dags/example_external_task_marker_dag.py
[2025-08-09T18:28:32.652+0000] {processor.py:830} INFO - Processing file /home/airflow/.local/lib/python3.12/site-packages/airflow/example_dags/example_external_task_marker_dag.py for tasks to queue
[2025-08-09T18:28:32.657+0000] {logging_mixin.py:188} INFO - [2025-08-09T18:28:32.656+0000] {dagbag.py:540} INFO - Filling up the DagBag from /home/airflow/.local/lib/python3.12/site-packages/airflow/example_dags/example_external_task_marker_dag.py
[2025-08-09T18:28:32.675+0000] {processor.py:840} INFO - DAG(s) 'example_external_task_marker_parent', 'example_external_task_marker_child' retrieved from /home/airflow/.local/lib/python3.12/site-packages/airflow/example_dags/example_external_task_marker_dag.py
[2025-08-09T18:28:32.759+0000] {logging_mixin.py:188} INFO - [2025-08-09T18:28:32.758+0000] {dag.py:3096} INFO - Sync 2 DAGs
[2025-08-09T18:28:32.808+0000] {logging_mixin.py:188} INFO - [2025-08-09T18:28:32.808+0000] {dag.py:3954} INFO - Setting next_dagrun for example_external_task_marker_child to None, run_after=None
[2025-08-09T18:28:32.817+0000] {logging_mixin.py:188} INFO - [2025-08-09T18:28:32.816+0000] {dag.py:3954} INFO - Setting next_dagrun for example_external_task_marker_parent to None, run_after=None
[2025-08-09T18:28:32.855+0000] {processor.py:183} INFO - Processing /home/airflow/.local/lib/python3.12/site-packages/airflow/example_dags/example_external_task_marker_dag.py took 0.229 seconds
[2025-08-09T18:29:03.253+0000] {processor.py:161} INFO - Started process (PID=284) to work on /home/airflow/.local/lib/python3.12/site-packages/airflow/example_dags/example_external_task_marker_dag.py
[2025-08-09T18:29:03.258+0000] {processor.py:830} INFO - Processing file /home/airflow/.local/lib/python3.12/site-packages/airflow/example_dags/example_external_task_marker_dag.py for tasks to queue
[2025-08-09T18:29:03.263+0000] {logging_mixin.py:188} INFO - [2025-08-09T18:29:03.262+0000] {dagbag.py:540} INFO - Filling up the DagBag from /home/airflow/.local/lib/python3.12/site-packages/airflow/example_dags/example_external_task_marker_dag.py
[2025-08-09T18:29:03.286+0000] {processor.py:840} INFO - DAG(s) 'example_external_task_marker_child', 'example_external_task_marker_parent' retrieved from /home/airflow/.local/lib/python3.12/site-packages/airflow/example_dags/example_external_task_marker_dag.py
[2025-08-09T18:29:03.366+0000] {logging_mixin.py:188} INFO - [2025-08-09T18:29:03.366+0000] {dag.py:3096} INFO - Sync 2 DAGs
[2025-08-09T18:29:03.390+0000] {logging_mixin.py:188} INFO - [2025-08-09T18:29:03.390+0000] {dag.py:3954} INFO - Setting next_dagrun for example_external_task_marker_child to None, run_after=None
[2025-08-09T18:29:03.397+0000] {logging_mixin.py:188} INFO - [2025-08-09T18:29:03.397+0000] {dag.py:3954} INFO - Setting next_dagrun for example_external_task_marker_parent to None, run_after=None
[2025-08-09T18:29:03.509+0000] {processor.py:183} INFO - Processing /home/airflow/.local/lib/python3.12/site-packages/airflow/example_dags/example_external_task_marker_dag.py took 0.274 seconds
[2025-08-09T18:29:34.414+0000] {processor.py:161} INFO - Started process (PID=349) to work on /home/airflow/.local/lib/python3.12/site-packages/airflow/example_dags/example_external_task_marker_dag.py
[2025-08-09T18:29:34.416+0000] {processor.py:830} INFO - Processing file /home/airflow/.local/lib/python3.12/site-packages/airflow/example_dags/example_external_task_marker_dag.py for tasks to queue
[2025-08-09T18:29:34.420+0000] {logging_mixin.py:188} INFO - [2025-08-09T18:29:34.419+0000] {dagbag.py:540} INFO - Filling up the DagBag from /home/airflow/.local/lib/python3.12/site-packages/airflow/example_dags/example_external_task_marker_dag.py
[2025-08-09T18:29:34.434+0000] {processor.py:840} INFO - DAG(s) 'example_external_task_marker_parent', 'example_external_task_marker_child' retrieved from /home/airflow/.local/lib/python3.12/site-packages/airflow/example_dags/example_external_task_marker_dag.py
[2025-08-09T18:29:34.485+0000] {logging_mixin.py:188} INFO - [2025-08-09T18:29:34.484+0000] {dag.py:3096} INFO - Sync 2 DAGs
[2025-08-09T18:29:34.516+0000] {logging_mixin.py:188} INFO - [2025-08-09T18:29:34.515+0000] {dag.py:3954} INFO - Setting next_dagrun for example_external_task_marker_child to None, run_after=None
[2025-08-09T18:29:34.525+0000] {logging_mixin.py:188} INFO - [2025-08-09T18:29:34.524+0000] {dag.py:3954} INFO - Setting next_dagrun for example_external_task_marker_parent to None, run_after=None
[2025-08-09T18:29:34.566+0000] {processor.py:183} INFO - Processing /home/airflow/.local/lib/python3.12/site-packages/airflow/example_dags/example_external_task_marker_dag.py took 0.168 seconds
[2025-08-09T18:30:05.193+0000] {processor.py:161} INFO - Started process (PID=409) to work on /home/airflow/.local/lib/python3.12/site-packages/airflow/example_dags/example_external_task_marker_dag.py
[2025-08-09T18:30:05.196+0000] {processor.py:830} INFO - Processing file /home/airflow/.local/lib/python3.12/site-packages/airflow/example_dags/example_external_task_marker_dag.py for tasks to queue
[2025-08-09T18:30:05.208+0000] {logging_mixin.py:188} INFO - [2025-08-09T18:30:05.202+0000] {dagbag.py:540} INFO - Filling up the DagBag from /home/airflow/.local/lib/python3.12/site-packages/airflow/example_dags/example_external_task_marker_dag.py
[2025-08-09T18:30:05.223+0000] {processor.py:840} INFO - DAG(s) 'example_external_task_marker_parent', 'example_external_task_marker_child' retrieved from /home/airflow/.local/lib/python3.12/site-packages/airflow/example_dags/example_external_task_marker_dag.py
[2025-08-09T18:30:05.277+0000] {logging_mixin.py:188} INFO - [2025-08-09T18:30:05.277+0000] {dag.py:3096} INFO - Sync 2 DAGs
[2025-08-09T18:30:05.309+0000] {logging_mixin.py:188} INFO - [2025-08-09T18:30:05.309+0000] {dag.py:3954} INFO - Setting next_dagrun for example_external_task_marker_child to None, run_after=None
[2025-08-09T18:30:05.324+0000] {logging_mixin.py:188} INFO - [2025-08-09T18:30:05.324+0000] {dag.py:3954} INFO - Setting next_dagrun for example_external_task_marker_parent to None, run_after=None
[2025-08-09T18:30:05.374+0000] {processor.py:183} INFO - Processing /home/airflow/.local/lib/python3.12/site-packages/airflow/example_dags/example_external_task_marker_dag.py took 0.192 seconds
[2025-08-09T18:30:35.731+0000] {processor.py:161} INFO - Started process (PID=468) to work on /home/airflow/.local/lib/python3.12/site-packages/airflow/example_dags/example_external_task_marker_dag.py
[2025-08-09T18:30:35.733+0000] {processor.py:830} INFO - Processing file /home/airflow/.local/lib/python3.12/site-packages/airflow/example_dags/example_external_task_marker_dag.py for tasks to queue
[2025-08-09T18:30:35.738+0000] {logging_mixin.py:188} INFO - [2025-08-09T18:30:35.737+0000] {dagbag.py:540} INFO - Filling up the DagBag from /home/airflow/.local/lib/python3.12/site-packages/airflow/example_dags/example_external_task_marker_dag.py
[2025-08-09T18:30:35.751+0000] {processor.py:840} INFO - DAG(s) 'example_external_task_marker_parent', 'example_external_task_marker_child' retrieved from /home/airflow/.local/lib/python3.12/site-packages/airflow/example_dags/example_external_task_marker_dag.py
[2025-08-09T18:30:35.808+0000] {logging_mixin.py:188} INFO - [2025-08-09T18:30:35.808+0000] {dag.py:3096} INFO - Sync 2 DAGs
[2025-08-09T18:30:35.837+0000] {logging_mixin.py:188} INFO - [2025-08-09T18:30:35.837+0000] {dag.py:3954} INFO - Setting next_dagrun for example_external_task_marker_child to None, run_after=None
[2025-08-09T18:30:35.843+0000] {logging_mixin.py:188} INFO - [2025-08-09T18:30:35.842+0000] {dag.py:3954} INFO - Setting next_dagrun for example_external_task_marker_parent to None, run_after=None
[2025-08-09T18:30:35.879+0000] {processor.py:183} INFO - Processing /home/airflow/.local/lib/python3.12/site-packages/airflow/example_dags/example_external_task_marker_dag.py took 0.159 seconds
[2025-08-09T18:31:06.310+0000] {processor.py:161} INFO - Started process (PID=527) to work on /home/airflow/.local/lib/python3.12/site-packages/airflow/example_dags/example_external_task_marker_dag.py
[2025-08-09T18:31:06.312+0000] {processor.py:830} INFO - Processing file /home/airflow/.local/lib/python3.12/site-packages/airflow/example_dags/example_external_task_marker_dag.py for tasks to queue
[2025-08-09T18:31:06.315+0000] {logging_mixin.py:188} INFO - [2025-08-09T18:31:06.314+0000] {dagbag.py:540} INFO - Filling up the DagBag from /home/airflow/.local/lib/python3.12/site-packages/airflow/example_dags/example_external_task_marker_dag.py
[2025-08-09T18:31:06.322+0000] {processor.py:840} INFO - DAG(s) 'example_external_task_marker_child', 'example_external_task_marker_parent' retrieved from /home/airflow/.local/lib/python3.12/site-packages/airflow/example_dags/example_external_task_marker_dag.py
[2025-08-09T18:31:06.356+0000] {logging_mixin.py:188} INFO - [2025-08-09T18:31:06.355+0000] {dag.py:3096} INFO - Sync 2 DAGs
[2025-08-09T18:31:06.373+0000] {logging_mixin.py:188} INFO - [2025-08-09T18:31:06.373+0000] {dag.py:3954} INFO - Setting next_dagrun for example_external_task_marker_child to None, run_after=None
[2025-08-09T18:31:06.379+0000] {logging_mixin.py:188} INFO - [2025-08-09T18:31:06.379+0000] {dag.py:3954} INFO - Setting next_dagrun for example_external_task_marker_parent to None, run_after=None
[2025-08-09T18:31:06.420+0000] {processor.py:183} INFO - Processing /home/airflow/.local/lib/python3.12/site-packages/airflow/example_dags/example_external_task_marker_dag.py took 0.117 seconds
[2025-08-09T18:31:36.859+0000] {processor.py:161} INFO - Started process (PID=586) to work on /home/airflow/.local/lib/python3.12/site-packages/airflow/example_dags/example_external_task_marker_dag.py
[2025-08-09T18:31:36.861+0000] {processor.py:830} INFO - Processing file /home/airflow/.local/lib/python3.12/site-packages/airflow/example_dags/example_external_task_marker_dag.py for tasks to queue
[2025-08-09T18:31:36.864+0000] {logging_mixin.py:188} INFO - [2025-08-09T18:31:36.863+0000] {dagbag.py:540} INFO - Filling up the DagBag from /home/airflow/.local/lib/python3.12/site-packages/airflow/example_dags/example_external_task_marker_dag.py
[2025-08-09T18:31:36.877+0000] {processor.py:840} INFO - DAG(s) 'example_external_task_marker_child', 'example_external_task_marker_parent' retrieved from /home/airflow/.local/lib/python3.12/site-packages/airflow/example_dags/example_external_task_marker_dag.py
[2025-08-09T18:31:36.914+0000] {logging_mixin.py:188} INFO - [2025-08-09T18:31:36.913+0000] {dag.py:3096} INFO - Sync 2 DAGs
[2025-08-09T18:31:36.936+0000] {logging_mixin.py:188} INFO - [2025-08-09T18:31:36.936+0000] {dag.py:3954} INFO - Setting next_dagrun for example_external_task_marker_child to None, run_after=None
[2025-08-09T18:31:36.942+0000] {logging_mixin.py:188} INFO - [2025-08-09T18:31:36.941+0000] {dag.py:3954} INFO - Setting next_dagrun for example_external_task_marker_parent to None, run_after=None
[2025-08-09T18:31:37.006+0000] {processor.py:183} INFO - Processing /home/airflow/.local/lib/python3.12/site-packages/airflow/example_dags/example_external_task_marker_dag.py took 0.158 seconds
[2025-08-09T18:32:07.672+0000] {processor.py:161} INFO - Started process (PID=646) to work on /home/airflow/.local/lib/python3.12/site-packages/airflow/example_dags/example_external_task_marker_dag.py
[2025-08-09T18:32:07.673+0000] {processor.py:830} INFO - Processing file /home/airflow/.local/lib/python3.12/site-packages/airflow/example_dags/example_external_task_marker_dag.py for tasks to queue
[2025-08-09T18:32:07.675+0000] {logging_mixin.py:188} INFO - [2025-08-09T18:32:07.675+0000] {dagbag.py:540} INFO - Filling up the DagBag from /home/airflow/.local/lib/python3.12/site-packages/airflow/example_dags/example_external_task_marker_dag.py
[2025-08-09T18:32:07.685+0000] {processor.py:840} INFO - DAG(s) 'example_external_task_marker_child', 'example_external_task_marker_parent' retrieved from /home/airflow/.local/lib/python3.12/site-packages/airflow/example_dags/example_external_task_marker_dag.py
[2025-08-09T18:32:07.717+0000] {logging_mixin.py:188} INFO - [2025-08-09T18:32:07.717+0000] {dag.py:3096} INFO - Sync 2 DAGs
[2025-08-09T18:32:07.738+0000] {logging_mixin.py:188} INFO - [2025-08-09T18:32:07.737+0000] {dag.py:3954} INFO - Setting next_dagrun for example_external_task_marker_child to None, run_after=None
[2025-08-09T18:32:07.743+0000] {logging_mixin.py:188} INFO - [2025-08-09T18:32:07.743+0000] {dag.py:3954} INFO - Setting next_dagrun for example_external_task_marker_parent to None, run_after=None
[2025-08-09T18:32:07.767+0000] {processor.py:183} INFO - Processing /home/airflow/.local/lib/python3.12/site-packages/airflow/example_dags/example_external_task_marker_dag.py took 0.103 seconds
[2025-08-09T18:32:38.155+0000] {processor.py:161} INFO - Started process (PID=705) to work on /home/airflow/.local/lib/python3.12/site-packages/airflow/example_dags/example_external_task_marker_dag.py
[2025-08-09T18:32:38.157+0000] {processor.py:830} INFO - Processing file /home/airflow/.local/lib/python3.12/site-packages/airflow/example_dags/example_external_task_marker_dag.py for tasks to queue
[2025-08-09T18:32:38.159+0000] {logging_mixin.py:188} INFO - [2025-08-09T18:32:38.159+0000] {dagbag.py:540} INFO - Filling up the DagBag from /home/airflow/.local/lib/python3.12/site-packages/airflow/example_dags/example_external_task_marker_dag.py
[2025-08-09T18:32:38.167+0000] {processor.py:840} INFO - DAG(s) 'example_external_task_marker_parent', 'example_external_task_marker_child' retrieved from /home/airflow/.local/lib/python3.12/site-packages/airflow/example_dags/example_external_task_marker_dag.py
[2025-08-09T18:32:38.200+0000] {logging_mixin.py:188} INFO - [2025-08-09T18:32:38.199+0000] {dag.py:3096} INFO - Sync 2 DAGs
[2025-08-09T18:32:38.217+0000] {logging_mixin.py:188} INFO - [2025-08-09T18:32:38.217+0000] {dag.py:3954} INFO - Setting next_dagrun for example_external_task_marker_child to None, run_after=None
[2025-08-09T18:32:38.224+0000] {logging_mixin.py:188} INFO - [2025-08-09T18:32:38.224+0000] {dag.py:3954} INFO - Setting next_dagrun for example_external_task_marker_parent to None, run_after=None
[2025-08-09T18:32:38.263+0000] {processor.py:183} INFO - Processing /home/airflow/.local/lib/python3.12/site-packages/airflow/example_dags/example_external_task_marker_dag.py took 0.115 seconds
[2025-08-09T18:33:09.183+0000] {processor.py:161} INFO - Started process (PID=764) to work on /home/airflow/.local/lib/python3.12/site-packages/airflow/example_dags/example_external_task_marker_dag.py
[2025-08-09T18:33:09.184+0000] {processor.py:830} INFO - Processing file /home/airflow/.local/lib/python3.12/site-packages/airflow/example_dags/example_external_task_marker_dag.py for tasks to queue
[2025-08-09T18:33:09.186+0000] {logging_mixin.py:188} INFO - [2025-08-09T18:33:09.186+0000] {dagbag.py:540} INFO - Filling up the DagBag from /home/airflow/.local/lib/python3.12/site-packages/airflow/example_dags/example_external_task_marker_dag.py
[2025-08-09T18:33:09.193+0000] {processor.py:840} INFO - DAG(s) 'example_external_task_marker_parent', 'example_external_task_marker_child' retrieved from /home/airflow/.local/lib/python3.12/site-packages/airflow/example_dags/example_external_task_marker_dag.py
[2025-08-09T18:33:09.222+0000] {logging_mixin.py:188} INFO - [2025-08-09T18:33:09.222+0000] {dag.py:3096} INFO - Sync 2 DAGs
[2025-08-09T18:33:09.238+0000] {logging_mixin.py:188} INFO - [2025-08-09T18:33:09.237+0000] {dag.py:3954} INFO - Setting next_dagrun for example_external_task_marker_child to None, run_after=None
[2025-08-09T18:33:09.243+0000] {logging_mixin.py:188} INFO - [2025-08-09T18:33:09.243+0000] {dag.py:3954} INFO - Setting next_dagrun for example_external_task_marker_parent to None, run_after=None
[2025-08-09T18:33:09.275+0000] {processor.py:183} INFO - Processing /home/airflow/.local/lib/python3.12/site-packages/airflow/example_dags/example_external_task_marker_dag.py took 0.100 seconds
[2025-08-09T18:33:39.509+0000] {processor.py:161} INFO - Started process (PID=823) to work on /home/airflow/.local/lib/python3.12/site-packages/airflow/example_dags/example_external_task_marker_dag.py
[2025-08-09T18:33:39.511+0000] {processor.py:830} INFO - Processing file /home/airflow/.local/lib/python3.12/site-packages/airflow/example_dags/example_external_task_marker_dag.py for tasks to queue
[2025-08-09T18:33:39.514+0000] {logging_mixin.py:188} INFO - [2025-08-09T18:33:39.514+0000] {dagbag.py:540} INFO - Filling up the DagBag from /home/airflow/.local/lib/python3.12/site-packages/airflow/example_dags/example_external_task_marker_dag.py
[2025-08-09T18:33:39.527+0000] {processor.py:840} INFO - DAG(s) 'example_external_task_marker_child', 'example_external_task_marker_parent' retrieved from /home/airflow/.local/lib/python3.12/site-packages/airflow/example_dags/example_external_task_marker_dag.py
[2025-08-09T18:33:39.567+0000] {logging_mixin.py:188} INFO - [2025-08-09T18:33:39.566+0000] {dag.py:3096} INFO - Sync 2 DAGs
[2025-08-09T18:33:39.587+0000] {logging_mixin.py:188} INFO - [2025-08-09T18:33:39.587+0000] {dag.py:3954} INFO - Setting next_dagrun for example_external_task_marker_child to None, run_after=None
[2025-08-09T18:33:39.592+0000] {logging_mixin.py:188} INFO - [2025-08-09T18:33:39.592+0000] {dag.py:3954} INFO - Setting next_dagrun for example_external_task_marker_parent to None, run_after=None
[2025-08-09T18:33:39.626+0000] {processor.py:183} INFO - Processing /home/airflow/.local/lib/python3.12/site-packages/airflow/example_dags/example_external_task_marker_dag.py took 0.129 seconds
[2025-08-09T18:34:11.263+0000] {processor.py:161} INFO - Started process (PID=883) to work on /home/airflow/.local/lib/python3.12/site-packages/airflow/example_dags/example_external_task_marker_dag.py
[2025-08-09T18:34:11.264+0000] {processor.py:830} INFO - Processing file /home/airflow/.local/lib/python3.12/site-packages/airflow/example_dags/example_external_task_marker_dag.py for tasks to queue
[2025-08-09T18:34:11.267+0000] {logging_mixin.py:188} INFO - [2025-08-09T18:34:11.266+0000] {dagbag.py:540} INFO - Filling up the DagBag from /home/airflow/.local/lib/python3.12/site-packages/airflow/example_dags/example_external_task_marker_dag.py
[2025-08-09T18:34:11.274+0000] {processor.py:840} INFO - DAG(s) 'example_external_task_marker_child', 'example_external_task_marker_parent' retrieved from /home/airflow/.local/lib/python3.12/site-packages/airflow/example_dags/example_external_task_marker_dag.py
[2025-08-09T18:34:11.302+0000] {logging_mixin.py:188} INFO - [2025-08-09T18:34:11.302+0000] {dag.py:3096} INFO - Sync 2 DAGs
[2025-08-09T18:34:11.319+0000] {logging_mixin.py:188} INFO - [2025-08-09T18:34:11.319+0000] {dag.py:3954} INFO - Setting next_dagrun for example_external_task_marker_child to None, run_after=None
[2025-08-09T18:34:11.324+0000] {logging_mixin.py:188} INFO - [2025-08-09T18:34:11.324+0000] {dag.py:3954} INFO - Setting next_dagrun for example_external_task_marker_parent to None, run_after=None
[2025-08-09T18:34:11.348+0000] {processor.py:183} INFO - Processing /home/airflow/.local/lib/python3.12/site-packages/airflow/example_dags/example_external_task_marker_dag.py took 0.092 seconds
[2025-08-09T18:34:41.965+0000] {processor.py:161} INFO - Started process (PID=941) to work on /home/airflow/.local/lib/python3.12/site-packages/airflow/example_dags/example_external_task_marker_dag.py
[2025-08-09T18:34:41.967+0000] {processor.py:830} INFO - Processing file /home/airflow/.local/lib/python3.12/site-packages/airflow/example_dags/example_external_task_marker_dag.py for tasks to queue
[2025-08-09T18:34:41.972+0000] {logging_mixin.py:188} INFO - [2025-08-09T18:34:41.971+0000] {dagbag.py:540} INFO - Filling up the DagBag from /home/airflow/.local/lib/python3.12/site-packages/airflow/example_dags/example_external_task_marker_dag.py
[2025-08-09T18:34:41.988+0000] {processor.py:840} INFO - DAG(s) 'example_external_task_marker_child', 'example_external_task_marker_parent' retrieved from /home/airflow/.local/lib/python3.12/site-packages/airflow/example_dags/example_external_task_marker_dag.py
[2025-08-09T18:34:42.029+0000] {logging_mixin.py:188} INFO - [2025-08-09T18:34:42.028+0000] {dag.py:3096} INFO - Sync 2 DAGs
[2025-08-09T18:34:42.063+0000] {logging_mixin.py:188} INFO - [2025-08-09T18:34:42.063+0000] {dag.py:3954} INFO - Setting next_dagrun for example_external_task_marker_child to None, run_after=None
[2025-08-09T18:34:42.073+0000] {logging_mixin.py:188} INFO - [2025-08-09T18:34:42.072+0000] {dag.py:3954} INFO - Setting next_dagrun for example_external_task_marker_parent to None, run_after=None
[2025-08-09T18:34:42.408+0000] {processor.py:183} INFO - Processing /home/airflow/.local/lib/python3.12/site-packages/airflow/example_dags/example_external_task_marker_dag.py took 0.454 seconds
[2025-08-09T18:35:12.484+0000] {processor.py:161} INFO - Started process (PID=1000) to work on /home/airflow/.local/lib/python3.12/site-packages/airflow/example_dags/example_external_task_marker_dag.py
[2025-08-09T18:35:12.486+0000] {processor.py:830} INFO - Processing file /home/airflow/.local/lib/python3.12/site-packages/airflow/example_dags/example_external_task_marker_dag.py for tasks to queue
[2025-08-09T18:35:12.491+0000] {logging_mixin.py:188} INFO - [2025-08-09T18:35:12.490+0000] {dagbag.py:540} INFO - Filling up the DagBag from /home/airflow/.local/lib/python3.12/site-packages/airflow/example_dags/example_external_task_marker_dag.py
[2025-08-09T18:35:12.499+0000] {processor.py:840} INFO - DAG(s) 'example_external_task_marker_parent', 'example_external_task_marker_child' retrieved from /home/airflow/.local/lib/python3.12/site-packages/airflow/example_dags/example_external_task_marker_dag.py
[2025-08-09T18:35:12.532+0000] {logging_mixin.py:188} INFO - [2025-08-09T18:35:12.531+0000] {dag.py:3096} INFO - Sync 2 DAGs
[2025-08-09T18:35:12.553+0000] {logging_mixin.py:188} INFO - [2025-08-09T18:35:12.553+0000] {dag.py:3954} INFO - Setting next_dagrun for example_external_task_marker_child to None, run_after=None
[2025-08-09T18:35:12.564+0000] {logging_mixin.py:188} INFO - [2025-08-09T18:35:12.564+0000] {dag.py:3954} INFO - Setting next_dagrun for example_external_task_marker_parent to None, run_after=None
[2025-08-09T18:35:12.603+0000] {processor.py:183} INFO - Processing /home/airflow/.local/lib/python3.12/site-packages/airflow/example_dags/example_external_task_marker_dag.py took 0.130 seconds
[2025-08-09T18:35:42.947+0000] {processor.py:161} INFO - Started process (PID=1059) to work on /home/airflow/.local/lib/python3.12/site-packages/airflow/example_dags/example_external_task_marker_dag.py
[2025-08-09T18:35:42.949+0000] {processor.py:830} INFO - Processing file /home/airflow/.local/lib/python3.12/site-packages/airflow/example_dags/example_external_task_marker_dag.py for tasks to queue
[2025-08-09T18:35:42.952+0000] {logging_mixin.py:188} INFO - [2025-08-09T18:35:42.951+0000] {dagbag.py:540} INFO - Filling up the DagBag from /home/airflow/.local/lib/python3.12/site-packages/airflow/example_dags/example_external_task_marker_dag.py
[2025-08-09T18:35:42.963+0000] {processor.py:840} INFO - DAG(s) 'example_external_task_marker_child', 'example_external_task_marker_parent' retrieved from /home/airflow/.local/lib/python3.12/site-packages/airflow/example_dags/example_external_task_marker_dag.py
[2025-08-09T18:35:42.999+0000] {logging_mixin.py:188} INFO - [2025-08-09T18:35:42.999+0000] {dag.py:3096} INFO - Sync 2 DAGs
[2025-08-09T18:35:43.019+0000] {logging_mixin.py:188} INFO - [2025-08-09T18:35:43.019+0000] {dag.py:3954} INFO - Setting next_dagrun for example_external_task_marker_child to None, run_after=None
[2025-08-09T18:35:43.026+0000] {logging_mixin.py:188} INFO - [2025-08-09T18:35:43.026+0000] {dag.py:3954} INFO - Setting next_dagrun for example_external_task_marker_parent to None, run_after=None
[2025-08-09T18:35:43.058+0000] {processor.py:183} INFO - Processing /home/airflow/.local/lib/python3.12/site-packages/airflow/example_dags/example_external_task_marker_dag.py took 0.120 seconds
[2025-08-09T18:36:13.295+0000] {processor.py:161} INFO - Started process (PID=1118) to work on /home/airflow/.local/lib/python3.12/site-packages/airflow/example_dags/example_external_task_marker_dag.py
[2025-08-09T18:36:13.296+0000] {processor.py:830} INFO - Processing file /home/airflow/.local/lib/python3.12/site-packages/airflow/example_dags/example_external_task_marker_dag.py for tasks to queue
[2025-08-09T18:36:13.299+0000] {logging_mixin.py:188} INFO - [2025-08-09T18:36:13.299+0000] {dagbag.py:540} INFO - Filling up the DagBag from /home/airflow/.local/lib/python3.12/site-packages/airflow/example_dags/example_external_task_marker_dag.py
[2025-08-09T18:36:13.308+0000] {processor.py:840} INFO - DAG(s) 'example_external_task_marker_parent', 'example_external_task_marker_child' retrieved from /home/airflow/.local/lib/python3.12/site-packages/airflow/example_dags/example_external_task_marker_dag.py
[2025-08-09T18:36:13.337+0000] {logging_mixin.py:188} INFO - [2025-08-09T18:36:13.337+0000] {dag.py:3096} INFO - Sync 2 DAGs
[2025-08-09T18:36:13.361+0000] {logging_mixin.py:188} INFO - [2025-08-09T18:36:13.360+0000] {dag.py:3954} INFO - Setting next_dagrun for example_external_task_marker_child to None, run_after=None
[2025-08-09T18:36:13.367+0000] {logging_mixin.py:188} INFO - [2025-08-09T18:36:13.366+0000] {dag.py:3954} INFO - Setting next_dagrun for example_external_task_marker_parent to None, run_after=None
[2025-08-09T18:36:13.406+0000] {processor.py:183} INFO - Processing /home/airflow/.local/lib/python3.12/site-packages/airflow/example_dags/example_external_task_marker_dag.py took 0.123 seconds
[2025-08-09T18:36:43.864+0000] {processor.py:161} INFO - Started process (PID=1177) to work on /home/airflow/.local/lib/python3.12/site-packages/airflow/example_dags/example_external_task_marker_dag.py
[2025-08-09T18:36:43.866+0000] {processor.py:830} INFO - Processing file /home/airflow/.local/lib/python3.12/site-packages/airflow/example_dags/example_external_task_marker_dag.py for tasks to queue
[2025-08-09T18:36:43.871+0000] {logging_mixin.py:188} INFO - [2025-08-09T18:36:43.870+0000] {dagbag.py:540} INFO - Filling up the DagBag from /home/airflow/.local/lib/python3.12/site-packages/airflow/example_dags/example_external_task_marker_dag.py
[2025-08-09T18:36:43.882+0000] {processor.py:840} INFO - DAG(s) 'example_external_task_marker_child', 'example_external_task_marker_parent' retrieved from /home/airflow/.local/lib/python3.12/site-packages/airflow/example_dags/example_external_task_marker_dag.py
[2025-08-09T18:36:43.914+0000] {logging_mixin.py:188} INFO - [2025-08-09T18:36:43.914+0000] {dag.py:3096} INFO - Sync 2 DAGs
[2025-08-09T18:36:43.935+0000] {logging_mixin.py:188} INFO - [2025-08-09T18:36:43.935+0000] {dag.py:3954} INFO - Setting next_dagrun for example_external_task_marker_child to None, run_after=None
[2025-08-09T18:36:43.940+0000] {logging_mixin.py:188} INFO - [2025-08-09T18:36:43.939+0000] {dag.py:3954} INFO - Setting next_dagrun for example_external_task_marker_parent to None, run_after=None
[2025-08-09T18:36:43.972+0000] {processor.py:183} INFO - Processing /home/airflow/.local/lib/python3.12/site-packages/airflow/example_dags/example_external_task_marker_dag.py took 0.117 seconds
[2025-08-09T18:37:14.050+0000] {processor.py:161} INFO - Started process (PID=1236) to work on /home/airflow/.local/lib/python3.12/site-packages/airflow/example_dags/example_external_task_marker_dag.py
[2025-08-09T18:37:14.051+0000] {processor.py:830} INFO - Processing file /home/airflow/.local/lib/python3.12/site-packages/airflow/example_dags/example_external_task_marker_dag.py for tasks to queue
[2025-08-09T18:37:14.053+0000] {logging_mixin.py:188} INFO - [2025-08-09T18:37:14.053+0000] {dagbag.py:540} INFO - Filling up the DagBag from /home/airflow/.local/lib/python3.12/site-packages/airflow/example_dags/example_external_task_marker_dag.py
[2025-08-09T18:37:14.060+0000] {processor.py:840} INFO - DAG(s) 'example_external_task_marker_child', 'example_external_task_marker_parent' retrieved from /home/airflow/.local/lib/python3.12/site-packages/airflow/example_dags/example_external_task_marker_dag.py
[2025-08-09T18:37:14.086+0000] {logging_mixin.py:188} INFO - [2025-08-09T18:37:14.085+0000] {dag.py:3096} INFO - Sync 2 DAGs
[2025-08-09T18:37:14.103+0000] {logging_mixin.py:188} INFO - [2025-08-09T18:37:14.103+0000] {dag.py:3954} INFO - Setting next_dagrun for example_external_task_marker_child to None, run_after=None
[2025-08-09T18:37:14.109+0000] {logging_mixin.py:188} INFO - [2025-08-09T18:37:14.109+0000] {dag.py:3954} INFO - Setting next_dagrun for example_external_task_marker_parent to None, run_after=None
[2025-08-09T18:37:14.129+0000] {processor.py:183} INFO - Processing /home/airflow/.local/lib/python3.12/site-packages/airflow/example_dags/example_external_task_marker_dag.py took 0.086 seconds
[2025-08-09T18:37:44.717+0000] {processor.py:161} INFO - Started process (PID=1295) to work on /home/airflow/.local/lib/python3.12/site-packages/airflow/example_dags/example_external_task_marker_dag.py
[2025-08-09T18:37:44.719+0000] {processor.py:830} INFO - Processing file /home/airflow/.local/lib/python3.12/site-packages/airflow/example_dags/example_external_task_marker_dag.py for tasks to queue
[2025-08-09T18:37:44.722+0000] {logging_mixin.py:188} INFO - [2025-08-09T18:37:44.722+0000] {dagbag.py:540} INFO - Filling up the DagBag from /home/airflow/.local/lib/python3.12/site-packages/airflow/example_dags/example_external_task_marker_dag.py
[2025-08-09T18:37:44.732+0000] {processor.py:840} INFO - DAG(s) 'example_external_task_marker_parent', 'example_external_task_marker_child' retrieved from /home/airflow/.local/lib/python3.12/site-packages/airflow/example_dags/example_external_task_marker_dag.py
[2025-08-09T18:37:44.759+0000] {logging_mixin.py:188} INFO - [2025-08-09T18:37:44.759+0000] {dag.py:3096} INFO - Sync 2 DAGs
[2025-08-09T18:37:44.775+0000] {logging_mixin.py:188} INFO - [2025-08-09T18:37:44.775+0000] {dag.py:3954} INFO - Setting next_dagrun for example_external_task_marker_child to None, run_after=None
[2025-08-09T18:37:44.780+0000] {logging_mixin.py:188} INFO - [2025-08-09T18:37:44.780+0000] {dag.py:3954} INFO - Setting next_dagrun for example_external_task_marker_parent to None, run_after=None
[2025-08-09T18:37:44.808+0000] {processor.py:183} INFO - Processing /home/airflow/.local/lib/python3.12/site-packages/airflow/example_dags/example_external_task_marker_dag.py took 0.099 seconds
[2025-08-09T18:38:15.295+0000] {processor.py:161} INFO - Started process (PID=1354) to work on /home/airflow/.local/lib/python3.12/site-packages/airflow/example_dags/example_external_task_marker_dag.py
[2025-08-09T18:38:15.296+0000] {processor.py:830} INFO - Processing file /home/airflow/.local/lib/python3.12/site-packages/airflow/example_dags/example_external_task_marker_dag.py for tasks to queue
[2025-08-09T18:38:15.300+0000] {logging_mixin.py:188} INFO - [2025-08-09T18:38:15.300+0000] {dagbag.py:540} INFO - Filling up the DagBag from /home/airflow/.local/lib/python3.12/site-packages/airflow/example_dags/example_external_task_marker_dag.py
[2025-08-09T18:38:15.308+0000] {processor.py:840} INFO - DAG(s) 'example_external_task_marker_child', 'example_external_task_marker_parent' retrieved from /home/airflow/.local/lib/python3.12/site-packages/airflow/example_dags/example_external_task_marker_dag.py
[2025-08-09T18:38:15.334+0000] {logging_mixin.py:188} INFO - [2025-08-09T18:38:15.334+0000] {dag.py:3096} INFO - Sync 2 DAGs
[2025-08-09T18:38:15.351+0000] {logging_mixin.py:188} INFO - [2025-08-09T18:38:15.350+0000] {dag.py:3954} INFO - Setting next_dagrun for example_external_task_marker_child to None, run_after=None
[2025-08-09T18:38:15.356+0000] {logging_mixin.py:188} INFO - [2025-08-09T18:38:15.355+0000] {dag.py:3954} INFO - Setting next_dagrun for example_external_task_marker_parent to None, run_after=None
[2025-08-09T18:38:15.380+0000] {processor.py:183} INFO - Processing /home/airflow/.local/lib/python3.12/site-packages/airflow/example_dags/example_external_task_marker_dag.py took 0.094 seconds
[2025-08-09T18:38:45.786+0000] {processor.py:161} INFO - Started process (PID=1413) to work on /home/airflow/.local/lib/python3.12/site-packages/airflow/example_dags/example_external_task_marker_dag.py
[2025-08-09T18:38:45.787+0000] {processor.py:830} INFO - Processing file /home/airflow/.local/lib/python3.12/site-packages/airflow/example_dags/example_external_task_marker_dag.py for tasks to queue
[2025-08-09T18:38:45.791+0000] {logging_mixin.py:188} INFO - [2025-08-09T18:38:45.790+0000] {dagbag.py:540} INFO - Filling up the DagBag from /home/airflow/.local/lib/python3.12/site-packages/airflow/example_dags/example_external_task_marker_dag.py
[2025-08-09T18:38:45.801+0000] {processor.py:840} INFO - DAG(s) 'example_external_task_marker_child', 'example_external_task_marker_parent' retrieved from /home/airflow/.local/lib/python3.12/site-packages/airflow/example_dags/example_external_task_marker_dag.py
[2025-08-09T18:38:45.835+0000] {logging_mixin.py:188} INFO - [2025-08-09T18:38:45.835+0000] {dag.py:3096} INFO - Sync 2 DAGs
[2025-08-09T18:38:45.864+0000] {logging_mixin.py:188} INFO - [2025-08-09T18:38:45.864+0000] {dag.py:3954} INFO - Setting next_dagrun for example_external_task_marker_child to None, run_after=None
[2025-08-09T18:38:45.870+0000] {logging_mixin.py:188} INFO - [2025-08-09T18:38:45.870+0000] {dag.py:3954} INFO - Setting next_dagrun for example_external_task_marker_parent to None, run_after=None
[2025-08-09T18:38:45.898+0000] {processor.py:183} INFO - Processing /home/airflow/.local/lib/python3.12/site-packages/airflow/example_dags/example_external_task_marker_dag.py took 0.122 seconds
[2025-08-09T18:39:16.533+0000] {processor.py:161} INFO - Started process (PID=1472) to work on /home/airflow/.local/lib/python3.12/site-packages/airflow/example_dags/example_external_task_marker_dag.py
[2025-08-09T18:39:16.534+0000] {processor.py:830} INFO - Processing file /home/airflow/.local/lib/python3.12/site-packages/airflow/example_dags/example_external_task_marker_dag.py for tasks to queue
[2025-08-09T18:39:16.538+0000] {logging_mixin.py:188} INFO - [2025-08-09T18:39:16.537+0000] {dagbag.py:540} INFO - Filling up the DagBag from /home/airflow/.local/lib/python3.12/site-packages/airflow/example_dags/example_external_task_marker_dag.py
[2025-08-09T18:39:16.546+0000] {processor.py:840} INFO - DAG(s) 'example_external_task_marker_parent', 'example_external_task_marker_child' retrieved from /home/airflow/.local/lib/python3.12/site-packages/airflow/example_dags/example_external_task_marker_dag.py
[2025-08-09T18:39:16.582+0000] {logging_mixin.py:188} INFO - [2025-08-09T18:39:16.582+0000] {dag.py:3096} INFO - Sync 2 DAGs
[2025-08-09T18:39:16.605+0000] {logging_mixin.py:188} INFO - [2025-08-09T18:39:16.604+0000] {dag.py:3954} INFO - Setting next_dagrun for example_external_task_marker_child to None, run_after=None
[2025-08-09T18:39:16.612+0000] {logging_mixin.py:188} INFO - [2025-08-09T18:39:16.612+0000] {dag.py:3954} INFO - Setting next_dagrun for example_external_task_marker_parent to None, run_after=None
[2025-08-09T18:39:16.632+0000] {processor.py:183} INFO - Processing /home/airflow/.local/lib/python3.12/site-packages/airflow/example_dags/example_external_task_marker_dag.py took 0.111 seconds
[2025-08-09T18:39:46.912+0000] {processor.py:161} INFO - Started process (PID=1531) to work on /home/airflow/.local/lib/python3.12/site-packages/airflow/example_dags/example_external_task_marker_dag.py
[2025-08-09T18:39:46.914+0000] {processor.py:830} INFO - Processing file /home/airflow/.local/lib/python3.12/site-packages/airflow/example_dags/example_external_task_marker_dag.py for tasks to queue
[2025-08-09T18:39:46.917+0000] {logging_mixin.py:188} INFO - [2025-08-09T18:39:46.917+0000] {dagbag.py:540} INFO - Filling up the DagBag from /home/airflow/.local/lib/python3.12/site-packages/airflow/example_dags/example_external_task_marker_dag.py
[2025-08-09T18:39:46.932+0000] {processor.py:840} INFO - DAG(s) 'example_external_task_marker_child', 'example_external_task_marker_parent' retrieved from /home/airflow/.local/lib/python3.12/site-packages/airflow/example_dags/example_external_task_marker_dag.py
[2025-08-09T18:39:46.967+0000] {logging_mixin.py:188} INFO - [2025-08-09T18:39:46.966+0000] {dag.py:3096} INFO - Sync 2 DAGs
[2025-08-09T18:39:46.984+0000] {logging_mixin.py:188} INFO - [2025-08-09T18:39:46.984+0000] {dag.py:3954} INFO - Setting next_dagrun for example_external_task_marker_child to None, run_after=None
[2025-08-09T18:39:46.990+0000] {logging_mixin.py:188} INFO - [2025-08-09T18:39:46.989+0000] {dag.py:3954} INFO - Setting next_dagrun for example_external_task_marker_parent to None, run_after=None
[2025-08-09T18:39:47.019+0000] {processor.py:183} INFO - Processing /home/airflow/.local/lib/python3.12/site-packages/airflow/example_dags/example_external_task_marker_dag.py took 0.120 seconds
[2025-08-09T18:40:17.683+0000] {processor.py:161} INFO - Started process (PID=1590) to work on /home/airflow/.local/lib/python3.12/site-packages/airflow/example_dags/example_external_task_marker_dag.py
[2025-08-09T18:40:17.685+0000] {processor.py:830} INFO - Processing file /home/airflow/.local/lib/python3.12/site-packages/airflow/example_dags/example_external_task_marker_dag.py for tasks to queue
[2025-08-09T18:40:17.688+0000] {logging_mixin.py:188} INFO - [2025-08-09T18:40:17.687+0000] {dagbag.py:540} INFO - Filling up the DagBag from /home/airflow/.local/lib/python3.12/site-packages/airflow/example_dags/example_external_task_marker_dag.py
[2025-08-09T18:40:17.698+0000] {processor.py:840} INFO - DAG(s) 'example_external_task_marker_parent', 'example_external_task_marker_child' retrieved from /home/airflow/.local/lib/python3.12/site-packages/airflow/example_dags/example_external_task_marker_dag.py
[2025-08-09T18:40:17.726+0000] {logging_mixin.py:188} INFO - [2025-08-09T18:40:17.725+0000] {dag.py:3096} INFO - Sync 2 DAGs
[2025-08-09T18:40:17.741+0000] {logging_mixin.py:188} INFO - [2025-08-09T18:40:17.741+0000] {dag.py:3954} INFO - Setting next_dagrun for example_external_task_marker_child to None, run_after=None
[2025-08-09T18:40:17.746+0000] {logging_mixin.py:188} INFO - [2025-08-09T18:40:17.746+0000] {dag.py:3954} INFO - Setting next_dagrun for example_external_task_marker_parent to None, run_after=None
[2025-08-09T18:40:17.781+0000] {processor.py:183} INFO - Processing /home/airflow/.local/lib/python3.12/site-packages/airflow/example_dags/example_external_task_marker_dag.py took 0.109 seconds
[2025-08-09T18:40:48.378+0000] {processor.py:161} INFO - Started process (PID=1649) to work on /home/airflow/.local/lib/python3.12/site-packages/airflow/example_dags/example_external_task_marker_dag.py
[2025-08-09T18:40:48.381+0000] {processor.py:830} INFO - Processing file /home/airflow/.local/lib/python3.12/site-packages/airflow/example_dags/example_external_task_marker_dag.py for tasks to queue
[2025-08-09T18:40:48.384+0000] {logging_mixin.py:188} INFO - [2025-08-09T18:40:48.383+0000] {dagbag.py:540} INFO - Filling up the DagBag from /home/airflow/.local/lib/python3.12/site-packages/airflow/example_dags/example_external_task_marker_dag.py
[2025-08-09T18:40:48.395+0000] {processor.py:840} INFO - DAG(s) 'example_external_task_marker_parent', 'example_external_task_marker_child' retrieved from /home/airflow/.local/lib/python3.12/site-packages/airflow/example_dags/example_external_task_marker_dag.py
[2025-08-09T18:40:48.444+0000] {logging_mixin.py:188} INFO - [2025-08-09T18:40:48.443+0000] {dag.py:3096} INFO - Sync 2 DAGs
[2025-08-09T18:40:48.469+0000] {logging_mixin.py:188} INFO - [2025-08-09T18:40:48.469+0000] {dag.py:3954} INFO - Setting next_dagrun for example_external_task_marker_child to None, run_after=None
[2025-08-09T18:40:48.475+0000] {logging_mixin.py:188} INFO - [2025-08-09T18:40:48.475+0000] {dag.py:3954} INFO - Setting next_dagrun for example_external_task_marker_parent to None, run_after=None
[2025-08-09T18:40:48.506+0000] {processor.py:183} INFO - Processing /home/airflow/.local/lib/python3.12/site-packages/airflow/example_dags/example_external_task_marker_dag.py took 0.139 seconds
[2025-08-09T18:41:18.854+0000] {processor.py:161} INFO - Started process (PID=1709) to work on /home/airflow/.local/lib/python3.12/site-packages/airflow/example_dags/example_external_task_marker_dag.py
[2025-08-09T18:41:18.855+0000] {processor.py:830} INFO - Processing file /home/airflow/.local/lib/python3.12/site-packages/airflow/example_dags/example_external_task_marker_dag.py for tasks to queue
[2025-08-09T18:41:18.859+0000] {logging_mixin.py:188} INFO - [2025-08-09T18:41:18.858+0000] {dagbag.py:540} INFO - Filling up the DagBag from /home/airflow/.local/lib/python3.12/site-packages/airflow/example_dags/example_external_task_marker_dag.py
[2025-08-09T18:41:18.866+0000] {processor.py:840} INFO - DAG(s) 'example_external_task_marker_parent', 'example_external_task_marker_child' retrieved from /home/airflow/.local/lib/python3.12/site-packages/airflow/example_dags/example_external_task_marker_dag.py
[2025-08-09T18:41:18.897+0000] {logging_mixin.py:188} INFO - [2025-08-09T18:41:18.897+0000] {dag.py:3096} INFO - Sync 2 DAGs
[2025-08-09T18:41:18.914+0000] {logging_mixin.py:188} INFO - [2025-08-09T18:41:18.913+0000] {dag.py:3954} INFO - Setting next_dagrun for example_external_task_marker_child to None, run_after=None
[2025-08-09T18:41:18.919+0000] {logging_mixin.py:188} INFO - [2025-08-09T18:41:18.918+0000] {dag.py:3954} INFO - Setting next_dagrun for example_external_task_marker_parent to None, run_after=None
[2025-08-09T18:41:18.952+0000] {processor.py:183} INFO - Processing /home/airflow/.local/lib/python3.12/site-packages/airflow/example_dags/example_external_task_marker_dag.py took 0.105 seconds
[2025-08-09T18:41:49.136+0000] {processor.py:161} INFO - Started process (PID=1768) to work on /home/airflow/.local/lib/python3.12/site-packages/airflow/example_dags/example_external_task_marker_dag.py
[2025-08-09T18:41:49.137+0000] {processor.py:830} INFO - Processing file /home/airflow/.local/lib/python3.12/site-packages/airflow/example_dags/example_external_task_marker_dag.py for tasks to queue
[2025-08-09T18:41:49.141+0000] {logging_mixin.py:188} INFO - [2025-08-09T18:41:49.140+0000] {dagbag.py:540} INFO - Filling up the DagBag from /home/airflow/.local/lib/python3.12/site-packages/airflow/example_dags/example_external_task_marker_dag.py
[2025-08-09T18:41:49.149+0000] {processor.py:840} INFO - DAG(s) 'example_external_task_marker_child', 'example_external_task_marker_parent' retrieved from /home/airflow/.local/lib/python3.12/site-packages/airflow/example_dags/example_external_task_marker_dag.py
[2025-08-09T18:41:49.183+0000] {logging_mixin.py:188} INFO - [2025-08-09T18:41:49.183+0000] {dag.py:3096} INFO - Sync 2 DAGs
[2025-08-09T18:41:49.204+0000] {logging_mixin.py:188} INFO - [2025-08-09T18:41:49.204+0000] {dag.py:3954} INFO - Setting next_dagrun for example_external_task_marker_child to None, run_after=None
[2025-08-09T18:41:49.237+0000] {logging_mixin.py:188} INFO - [2025-08-09T18:41:49.228+0000] {dag.py:3954} INFO - Setting next_dagrun for example_external_task_marker_parent to None, run_after=None
[2025-08-09T18:41:49.312+0000] {processor.py:183} INFO - Processing /home/airflow/.local/lib/python3.12/site-packages/airflow/example_dags/example_external_task_marker_dag.py took 0.185 seconds
[2025-08-09T18:42:19.443+0000] {processor.py:161} INFO - Started process (PID=1827) to work on /home/airflow/.local/lib/python3.12/site-packages/airflow/example_dags/example_external_task_marker_dag.py
[2025-08-09T18:42:19.445+0000] {processor.py:830} INFO - Processing file /home/airflow/.local/lib/python3.12/site-packages/airflow/example_dags/example_external_task_marker_dag.py for tasks to queue
[2025-08-09T18:42:19.449+0000] {logging_mixin.py:188} INFO - [2025-08-09T18:42:19.449+0000] {dagbag.py:540} INFO - Filling up the DagBag from /home/airflow/.local/lib/python3.12/site-packages/airflow/example_dags/example_external_task_marker_dag.py
[2025-08-09T18:42:19.459+0000] {processor.py:840} INFO - DAG(s) 'example_external_task_marker_child', 'example_external_task_marker_parent' retrieved from /home/airflow/.local/lib/python3.12/site-packages/airflow/example_dags/example_external_task_marker_dag.py
[2025-08-09T18:42:19.503+0000] {logging_mixin.py:188} INFO - [2025-08-09T18:42:19.503+0000] {dag.py:3096} INFO - Sync 2 DAGs
[2025-08-09T18:42:19.522+0000] {logging_mixin.py:188} INFO - [2025-08-09T18:42:19.522+0000] {dag.py:3954} INFO - Setting next_dagrun for example_external_task_marker_child to None, run_after=None
[2025-08-09T18:42:19.529+0000] {logging_mixin.py:188} INFO - [2025-08-09T18:42:19.528+0000] {dag.py:3954} INFO - Setting next_dagrun for example_external_task_marker_parent to None, run_after=None
[2025-08-09T18:42:19.552+0000] {processor.py:183} INFO - Processing /home/airflow/.local/lib/python3.12/site-packages/airflow/example_dags/example_external_task_marker_dag.py took 0.120 seconds
[2025-08-09T18:42:49.976+0000] {processor.py:161} INFO - Started process (PID=1886) to work on /home/airflow/.local/lib/python3.12/site-packages/airflow/example_dags/example_external_task_marker_dag.py
[2025-08-09T18:42:49.978+0000] {processor.py:830} INFO - Processing file /home/airflow/.local/lib/python3.12/site-packages/airflow/example_dags/example_external_task_marker_dag.py for tasks to queue
[2025-08-09T18:42:49.983+0000] {logging_mixin.py:188} INFO - [2025-08-09T18:42:49.983+0000] {dagbag.py:540} INFO - Filling up the DagBag from /home/airflow/.local/lib/python3.12/site-packages/airflow/example_dags/example_external_task_marker_dag.py
[2025-08-09T18:42:49.992+0000] {processor.py:840} INFO - DAG(s) 'example_external_task_marker_parent', 'example_external_task_marker_child' retrieved from /home/airflow/.local/lib/python3.12/site-packages/airflow/example_dags/example_external_task_marker_dag.py
[2025-08-09T18:42:50.022+0000] {logging_mixin.py:188} INFO - [2025-08-09T18:42:50.022+0000] {dag.py:3096} INFO - Sync 2 DAGs
[2025-08-09T18:42:50.040+0000] {logging_mixin.py:188} INFO - [2025-08-09T18:42:50.039+0000] {dag.py:3954} INFO - Setting next_dagrun for example_external_task_marker_child to None, run_after=None
[2025-08-09T18:42:50.050+0000] {logging_mixin.py:188} INFO - [2025-08-09T18:42:50.049+0000] {dag.py:3954} INFO - Setting next_dagrun for example_external_task_marker_parent to None, run_after=None
[2025-08-09T18:42:50.107+0000] {processor.py:183} INFO - Processing /home/airflow/.local/lib/python3.12/site-packages/airflow/example_dags/example_external_task_marker_dag.py took 0.145 seconds
[2025-08-09T18:43:21.061+0000] {processor.py:161} INFO - Started process (PID=1945) to work on /home/airflow/.local/lib/python3.12/site-packages/airflow/example_dags/example_external_task_marker_dag.py
[2025-08-09T18:43:21.062+0000] {processor.py:830} INFO - Processing file /home/airflow/.local/lib/python3.12/site-packages/airflow/example_dags/example_external_task_marker_dag.py for tasks to queue
[2025-08-09T18:43:21.065+0000] {logging_mixin.py:188} INFO - [2025-08-09T18:43:21.065+0000] {dagbag.py:540} INFO - Filling up the DagBag from /home/airflow/.local/lib/python3.12/site-packages/airflow/example_dags/example_external_task_marker_dag.py
[2025-08-09T18:43:21.073+0000] {processor.py:840} INFO - DAG(s) 'example_external_task_marker_child', 'example_external_task_marker_parent' retrieved from /home/airflow/.local/lib/python3.12/site-packages/airflow/example_dags/example_external_task_marker_dag.py
[2025-08-09T18:43:21.102+0000] {logging_mixin.py:188} INFO - [2025-08-09T18:43:21.102+0000] {dag.py:3096} INFO - Sync 2 DAGs
[2025-08-09T18:43:21.120+0000] {logging_mixin.py:188} INFO - [2025-08-09T18:43:21.119+0000] {dag.py:3954} INFO - Setting next_dagrun for example_external_task_marker_child to None, run_after=None
[2025-08-09T18:43:21.124+0000] {logging_mixin.py:188} INFO - [2025-08-09T18:43:21.124+0000] {dag.py:3954} INFO - Setting next_dagrun for example_external_task_marker_parent to None, run_after=None
[2025-08-09T18:43:21.145+0000] {processor.py:183} INFO - Processing /home/airflow/.local/lib/python3.12/site-packages/airflow/example_dags/example_external_task_marker_dag.py took 0.091 seconds
[2025-08-09T18:43:51.707+0000] {processor.py:161} INFO - Started process (PID=2004) to work on /home/airflow/.local/lib/python3.12/site-packages/airflow/example_dags/example_external_task_marker_dag.py
[2025-08-09T18:43:51.708+0000] {processor.py:830} INFO - Processing file /home/airflow/.local/lib/python3.12/site-packages/airflow/example_dags/example_external_task_marker_dag.py for tasks to queue
[2025-08-09T18:43:51.711+0000] {logging_mixin.py:188} INFO - [2025-08-09T18:43:51.710+0000] {dagbag.py:540} INFO - Filling up the DagBag from /home/airflow/.local/lib/python3.12/site-packages/airflow/example_dags/example_external_task_marker_dag.py
[2025-08-09T18:43:51.720+0000] {processor.py:840} INFO - DAG(s) 'example_external_task_marker_child', 'example_external_task_marker_parent' retrieved from /home/airflow/.local/lib/python3.12/site-packages/airflow/example_dags/example_external_task_marker_dag.py
[2025-08-09T18:43:51.757+0000] {logging_mixin.py:188} INFO - [2025-08-09T18:43:51.756+0000] {dag.py:3096} INFO - Sync 2 DAGs
[2025-08-09T18:43:51.776+0000] {logging_mixin.py:188} INFO - [2025-08-09T18:43:51.776+0000] {dag.py:3954} INFO - Setting next_dagrun for example_external_task_marker_child to None, run_after=None
[2025-08-09T18:43:51.780+0000] {logging_mixin.py:188} INFO - [2025-08-09T18:43:51.780+0000] {dag.py:3954} INFO - Setting next_dagrun for example_external_task_marker_parent to None, run_after=None
[2025-08-09T18:43:51.828+0000] {processor.py:183} INFO - Processing /home/airflow/.local/lib/python3.12/site-packages/airflow/example_dags/example_external_task_marker_dag.py took 0.130 seconds
[2025-08-09T18:44:22.830+0000] {processor.py:161} INFO - Started process (PID=2063) to work on /home/airflow/.local/lib/python3.12/site-packages/airflow/example_dags/example_external_task_marker_dag.py
[2025-08-09T18:44:22.832+0000] {processor.py:830} INFO - Processing file /home/airflow/.local/lib/python3.12/site-packages/airflow/example_dags/example_external_task_marker_dag.py for tasks to queue
[2025-08-09T18:44:22.834+0000] {logging_mixin.py:188} INFO - [2025-08-09T18:44:22.833+0000] {dagbag.py:540} INFO - Filling up the DagBag from /home/airflow/.local/lib/python3.12/site-packages/airflow/example_dags/example_external_task_marker_dag.py
[2025-08-09T18:44:22.843+0000] {processor.py:840} INFO - DAG(s) 'example_external_task_marker_parent', 'example_external_task_marker_child' retrieved from /home/airflow/.local/lib/python3.12/site-packages/airflow/example_dags/example_external_task_marker_dag.py
[2025-08-09T18:44:22.878+0000] {logging_mixin.py:188} INFO - [2025-08-09T18:44:22.878+0000] {dag.py:3096} INFO - Sync 2 DAGs
[2025-08-09T18:44:22.900+0000] {logging_mixin.py:188} INFO - [2025-08-09T18:44:22.900+0000] {dag.py:3954} INFO - Setting next_dagrun for example_external_task_marker_child to None, run_after=None
[2025-08-09T18:44:22.906+0000] {logging_mixin.py:188} INFO - [2025-08-09T18:44:22.905+0000] {dag.py:3954} INFO - Setting next_dagrun for example_external_task_marker_parent to None, run_after=None
[2025-08-09T18:44:22.954+0000] {processor.py:183} INFO - Processing /home/airflow/.local/lib/python3.12/site-packages/airflow/example_dags/example_external_task_marker_dag.py took 0.133 seconds
[2025-08-09T18:44:53.631+0000] {processor.py:161} INFO - Started process (PID=2120) to work on /home/airflow/.local/lib/python3.12/site-packages/airflow/example_dags/example_external_task_marker_dag.py
[2025-08-09T18:44:53.632+0000] {processor.py:830} INFO - Processing file /home/airflow/.local/lib/python3.12/site-packages/airflow/example_dags/example_external_task_marker_dag.py for tasks to queue
[2025-08-09T18:44:53.636+0000] {logging_mixin.py:188} INFO - [2025-08-09T18:44:53.635+0000] {dagbag.py:540} INFO - Filling up the DagBag from /home/airflow/.local/lib/python3.12/site-packages/airflow/example_dags/example_external_task_marker_dag.py
[2025-08-09T18:44:53.649+0000] {processor.py:840} INFO - DAG(s) 'example_external_task_marker_parent', 'example_external_task_marker_child' retrieved from /home/airflow/.local/lib/python3.12/site-packages/airflow/example_dags/example_external_task_marker_dag.py
[2025-08-09T18:44:53.694+0000] {logging_mixin.py:188} INFO - [2025-08-09T18:44:53.693+0000] {dag.py:3096} INFO - Sync 2 DAGs
[2025-08-09T18:44:53.720+0000] {logging_mixin.py:188} INFO - [2025-08-09T18:44:53.719+0000] {dag.py:3954} INFO - Setting next_dagrun for example_external_task_marker_child to None, run_after=None
[2025-08-09T18:44:53.727+0000] {logging_mixin.py:188} INFO - [2025-08-09T18:44:53.727+0000] {dag.py:3954} INFO - Setting next_dagrun for example_external_task_marker_parent to None, run_after=None
[2025-08-09T18:44:53.763+0000] {processor.py:183} INFO - Processing /home/airflow/.local/lib/python3.12/site-packages/airflow/example_dags/example_external_task_marker_dag.py took 0.144 seconds
