[2025-08-09T18:22:00.621+0000] {processor.py:161} INFO - Started process (PID=101) to work on /home/airflow/.local/lib/python3.12/site-packages/airflow/example_dags/example_sla_dag.py
[2025-08-09T18:22:00.623+0000] {processor.py:830} INFO - Processing file /home/airflow/.local/lib/python3.12/site-packages/airflow/example_dags/example_sla_dag.py for tasks to queue
[2025-08-09T18:22:00.628+0000] {logging_mixin.py:188} INFO - [2025-08-09T18:22:00.627+0000] {dagbag.py:540} INFO - Filling up the DagBag from /home/airflow/.local/lib/python3.12/site-packages/airflow/example_dags/example_sla_dag.py
[2025-08-09T18:22:00.668+0000] {processor.py:840} INFO - DAG(s) 'example_sla_dag' retrieved from /home/airflow/.local/lib/python3.12/site-packages/airflow/example_dags/example_sla_dag.py
[2025-08-09T18:22:00.916+0000] {logging_mixin.py:188} INFO - [2025-08-09T18:22:00.915+0000] {dag.py:3096} INFO - Sync 1 DAGs
[2025-08-09T18:22:00.982+0000] {logging_mixin.py:188} INFO - [2025-08-09T18:22:00.982+0000] {dag.py:3954} INFO - Setting next_dagrun for example_sla_dag to 2025-08-09 18:20:00+00:00, run_after=2025-08-09 18:22:00+00:00
[2025-08-09T18:22:01.032+0000] {processor.py:183} INFO - Processing /home/airflow/.local/lib/python3.12/site-packages/airflow/example_dags/example_sla_dag.py took 0.427 seconds
[2025-08-09T18:22:31.385+0000] {processor.py:161} INFO - Started process (PID=160) to work on /home/airflow/.local/lib/python3.12/site-packages/airflow/example_dags/example_sla_dag.py
[2025-08-09T18:22:31.387+0000] {processor.py:830} INFO - Processing file /home/airflow/.local/lib/python3.12/site-packages/airflow/example_dags/example_sla_dag.py for tasks to queue
[2025-08-09T18:22:31.389+0000] {logging_mixin.py:188} INFO - [2025-08-09T18:22:31.389+0000] {dagbag.py:540} INFO - Filling up the DagBag from /home/airflow/.local/lib/python3.12/site-packages/airflow/example_dags/example_sla_dag.py
[2025-08-09T18:22:31.400+0000] {processor.py:840} INFO - DAG(s) 'example_sla_dag' retrieved from /home/airflow/.local/lib/python3.12/site-packages/airflow/example_dags/example_sla_dag.py
[2025-08-09T18:22:31.435+0000] {logging_mixin.py:188} INFO - [2025-08-09T18:22:31.435+0000] {dag.py:3096} INFO - Sync 1 DAGs
[2025-08-09T18:22:31.486+0000] {logging_mixin.py:188} INFO - [2025-08-09T18:22:31.486+0000] {dag.py:3954} INFO - Setting next_dagrun for example_sla_dag to 2025-08-09 18:20:00+00:00, run_after=2025-08-09 18:22:00+00:00
[2025-08-09T18:22:31.525+0000] {processor.py:183} INFO - Processing /home/airflow/.local/lib/python3.12/site-packages/airflow/example_dags/example_sla_dag.py took 0.148 seconds
[2025-08-09T18:23:01.789+0000] {processor.py:161} INFO - Started process (PID=219) to work on /home/airflow/.local/lib/python3.12/site-packages/airflow/example_dags/example_sla_dag.py
[2025-08-09T18:23:01.790+0000] {processor.py:830} INFO - Processing file /home/airflow/.local/lib/python3.12/site-packages/airflow/example_dags/example_sla_dag.py for tasks to queue
[2025-08-09T18:23:01.793+0000] {logging_mixin.py:188} INFO - [2025-08-09T18:23:01.792+0000] {dagbag.py:540} INFO - Filling up the DagBag from /home/airflow/.local/lib/python3.12/site-packages/airflow/example_dags/example_sla_dag.py
[2025-08-09T18:23:01.805+0000] {processor.py:840} INFO - DAG(s) 'example_sla_dag' retrieved from /home/airflow/.local/lib/python3.12/site-packages/airflow/example_dags/example_sla_dag.py
[2025-08-09T18:23:01.837+0000] {logging_mixin.py:188} INFO - [2025-08-09T18:23:01.836+0000] {dag.py:3096} INFO - Sync 1 DAGs
[2025-08-09T18:23:01.872+0000] {logging_mixin.py:188} INFO - [2025-08-09T18:23:01.872+0000] {dag.py:3954} INFO - Setting next_dagrun for example_sla_dag to 2025-08-09 18:20:00+00:00, run_after=2025-08-09 18:22:00+00:00
[2025-08-09T18:23:01.906+0000] {processor.py:183} INFO - Processing /home/airflow/.local/lib/python3.12/site-packages/airflow/example_dags/example_sla_dag.py took 0.126 seconds
[2025-08-09T18:23:32.197+0000] {processor.py:161} INFO - Started process (PID=278) to work on /home/airflow/.local/lib/python3.12/site-packages/airflow/example_dags/example_sla_dag.py
[2025-08-09T18:23:32.199+0000] {processor.py:830} INFO - Processing file /home/airflow/.local/lib/python3.12/site-packages/airflow/example_dags/example_sla_dag.py for tasks to queue
[2025-08-09T18:23:32.202+0000] {logging_mixin.py:188} INFO - [2025-08-09T18:23:32.201+0000] {dagbag.py:540} INFO - Filling up the DagBag from /home/airflow/.local/lib/python3.12/site-packages/airflow/example_dags/example_sla_dag.py
[2025-08-09T18:23:32.218+0000] {processor.py:840} INFO - DAG(s) 'example_sla_dag' retrieved from /home/airflow/.local/lib/python3.12/site-packages/airflow/example_dags/example_sla_dag.py
[2025-08-09T18:23:32.259+0000] {logging_mixin.py:188} INFO - [2025-08-09T18:23:32.259+0000] {dag.py:3096} INFO - Sync 1 DAGs
[2025-08-09T18:23:32.305+0000] {logging_mixin.py:188} INFO - [2025-08-09T18:23:32.305+0000] {dag.py:3954} INFO - Setting next_dagrun for example_sla_dag to 2025-08-09 18:20:00+00:00, run_after=2025-08-09 18:22:00+00:00
[2025-08-09T18:23:32.388+0000] {processor.py:183} INFO - Processing /home/airflow/.local/lib/python3.12/site-packages/airflow/example_dags/example_sla_dag.py took 0.203 seconds
[2025-08-09T18:24:02.794+0000] {processor.py:161} INFO - Started process (PID=337) to work on /home/airflow/.local/lib/python3.12/site-packages/airflow/example_dags/example_sla_dag.py
[2025-08-09T18:24:02.795+0000] {processor.py:830} INFO - Processing file /home/airflow/.local/lib/python3.12/site-packages/airflow/example_dags/example_sla_dag.py for tasks to queue
[2025-08-09T18:24:02.797+0000] {logging_mixin.py:188} INFO - [2025-08-09T18:24:02.797+0000] {dagbag.py:540} INFO - Filling up the DagBag from /home/airflow/.local/lib/python3.12/site-packages/airflow/example_dags/example_sla_dag.py
[2025-08-09T18:24:02.808+0000] {processor.py:840} INFO - DAG(s) 'example_sla_dag' retrieved from /home/airflow/.local/lib/python3.12/site-packages/airflow/example_dags/example_sla_dag.py
[2025-08-09T18:24:02.831+0000] {logging_mixin.py:188} INFO - [2025-08-09T18:24:02.831+0000] {dag.py:3096} INFO - Sync 1 DAGs
[2025-08-09T18:24:02.866+0000] {logging_mixin.py:188} INFO - [2025-08-09T18:24:02.866+0000] {dag.py:3954} INFO - Setting next_dagrun for example_sla_dag to 2025-08-09 18:22:00+00:00, run_after=2025-08-09 18:24:00+00:00
[2025-08-09T18:24:02.908+0000] {processor.py:183} INFO - Processing /home/airflow/.local/lib/python3.12/site-packages/airflow/example_dags/example_sla_dag.py took 0.122 seconds
[2025-08-09T18:24:33.328+0000] {processor.py:161} INFO - Started process (PID=396) to work on /home/airflow/.local/lib/python3.12/site-packages/airflow/example_dags/example_sla_dag.py
[2025-08-09T18:24:33.329+0000] {processor.py:830} INFO - Processing file /home/airflow/.local/lib/python3.12/site-packages/airflow/example_dags/example_sla_dag.py for tasks to queue
[2025-08-09T18:24:33.332+0000] {logging_mixin.py:188} INFO - [2025-08-09T18:24:33.332+0000] {dagbag.py:540} INFO - Filling up the DagBag from /home/airflow/.local/lib/python3.12/site-packages/airflow/example_dags/example_sla_dag.py
[2025-08-09T18:24:33.342+0000] {processor.py:840} INFO - DAG(s) 'example_sla_dag' retrieved from /home/airflow/.local/lib/python3.12/site-packages/airflow/example_dags/example_sla_dag.py
[2025-08-09T18:24:33.364+0000] {logging_mixin.py:188} INFO - [2025-08-09T18:24:33.364+0000] {dag.py:3096} INFO - Sync 1 DAGs
[2025-08-09T18:24:33.402+0000] {logging_mixin.py:188} INFO - [2025-08-09T18:24:33.402+0000] {dag.py:3954} INFO - Setting next_dagrun for example_sla_dag to 2025-08-09 18:22:00+00:00, run_after=2025-08-09 18:24:00+00:00
[2025-08-09T18:24:33.432+0000] {processor.py:183} INFO - Processing /home/airflow/.local/lib/python3.12/site-packages/airflow/example_dags/example_sla_dag.py took 0.110 seconds
[2025-08-09T18:25:03.882+0000] {processor.py:161} INFO - Started process (PID=455) to work on /home/airflow/.local/lib/python3.12/site-packages/airflow/example_dags/example_sla_dag.py
[2025-08-09T18:25:03.884+0000] {processor.py:830} INFO - Processing file /home/airflow/.local/lib/python3.12/site-packages/airflow/example_dags/example_sla_dag.py for tasks to queue
[2025-08-09T18:25:03.892+0000] {logging_mixin.py:188} INFO - [2025-08-09T18:25:03.891+0000] {dagbag.py:540} INFO - Filling up the DagBag from /home/airflow/.local/lib/python3.12/site-packages/airflow/example_dags/example_sla_dag.py
[2025-08-09T18:25:03.920+0000] {processor.py:840} INFO - DAG(s) 'example_sla_dag' retrieved from /home/airflow/.local/lib/python3.12/site-packages/airflow/example_dags/example_sla_dag.py
[2025-08-09T18:25:03.971+0000] {logging_mixin.py:188} INFO - [2025-08-09T18:25:03.970+0000] {dag.py:3096} INFO - Sync 1 DAGs
[2025-08-09T18:25:04.060+0000] {logging_mixin.py:188} INFO - [2025-08-09T18:25:04.059+0000] {dag.py:3954} INFO - Setting next_dagrun for example_sla_dag to 2025-08-09 18:22:00+00:00, run_after=2025-08-09 18:24:00+00:00
[2025-08-09T18:25:04.118+0000] {processor.py:183} INFO - Processing /home/airflow/.local/lib/python3.12/site-packages/airflow/example_dags/example_sla_dag.py took 0.249 seconds
[2025-08-09T18:27:28.541+0000] {processor.py:161} INFO - Started process (PID=102) to work on /home/airflow/.local/lib/python3.12/site-packages/airflow/example_dags/example_sla_dag.py
[2025-08-09T18:27:28.544+0000] {processor.py:830} INFO - Processing file /home/airflow/.local/lib/python3.12/site-packages/airflow/example_dags/example_sla_dag.py for tasks to queue
[2025-08-09T18:27:28.548+0000] {logging_mixin.py:188} INFO - [2025-08-09T18:27:28.547+0000] {dagbag.py:540} INFO - Filling up the DagBag from /home/airflow/.local/lib/python3.12/site-packages/airflow/example_dags/example_sla_dag.py
[2025-08-09T18:27:28.571+0000] {processor.py:840} INFO - DAG(s) 'example_sla_dag' retrieved from /home/airflow/.local/lib/python3.12/site-packages/airflow/example_dags/example_sla_dag.py
[2025-08-09T18:27:28.996+0000] {logging_mixin.py:188} INFO - [2025-08-09T18:27:28.995+0000] {dag.py:3096} INFO - Sync 1 DAGs
[2025-08-09T18:27:29.059+0000] {logging_mixin.py:188} INFO - [2025-08-09T18:27:29.058+0000] {dag.py:3954} INFO - Setting next_dagrun for example_sla_dag to 2025-08-09 18:24:00+00:00, run_after=2025-08-09 18:26:00+00:00
[2025-08-09T18:27:29.100+0000] {processor.py:183} INFO - Processing /home/airflow/.local/lib/python3.12/site-packages/airflow/example_dags/example_sla_dag.py took 0.572 seconds
[2025-08-09T18:27:59.912+0000] {processor.py:161} INFO - Started process (PID=161) to work on /home/airflow/.local/lib/python3.12/site-packages/airflow/example_dags/example_sla_dag.py
[2025-08-09T18:27:59.925+0000] {processor.py:830} INFO - Processing file /home/airflow/.local/lib/python3.12/site-packages/airflow/example_dags/example_sla_dag.py for tasks to queue
[2025-08-09T18:27:59.928+0000] {logging_mixin.py:188} INFO - [2025-08-09T18:27:59.928+0000] {dagbag.py:540} INFO - Filling up the DagBag from /home/airflow/.local/lib/python3.12/site-packages/airflow/example_dags/example_sla_dag.py
[2025-08-09T18:27:59.972+0000] {processor.py:840} INFO - DAG(s) 'example_sla_dag' retrieved from /home/airflow/.local/lib/python3.12/site-packages/airflow/example_dags/example_sla_dag.py
[2025-08-09T18:28:00.117+0000] {logging_mixin.py:188} INFO - [2025-08-09T18:28:00.116+0000] {dag.py:3096} INFO - Sync 1 DAGs
[2025-08-09T18:28:00.360+0000] {logging_mixin.py:188} INFO - [2025-08-09T18:28:00.360+0000] {dag.py:3954} INFO - Setting next_dagrun for example_sla_dag to 2025-08-09 18:26:00+00:00, run_after=2025-08-09 18:28:00+00:00
[2025-08-09T18:28:00.424+0000] {processor.py:183} INFO - Processing /home/airflow/.local/lib/python3.12/site-packages/airflow/example_dags/example_sla_dag.py took 0.522 seconds
[2025-08-09T18:28:30.521+0000] {processor.py:161} INFO - Started process (PID=220) to work on /home/airflow/.local/lib/python3.12/site-packages/airflow/example_dags/example_sla_dag.py
[2025-08-09T18:28:30.540+0000] {processor.py:830} INFO - Processing file /home/airflow/.local/lib/python3.12/site-packages/airflow/example_dags/example_sla_dag.py for tasks to queue
[2025-08-09T18:28:30.543+0000] {logging_mixin.py:188} INFO - [2025-08-09T18:28:30.542+0000] {dagbag.py:540} INFO - Filling up the DagBag from /home/airflow/.local/lib/python3.12/site-packages/airflow/example_dags/example_sla_dag.py
[2025-08-09T18:28:30.557+0000] {processor.py:840} INFO - DAG(s) 'example_sla_dag' retrieved from /home/airflow/.local/lib/python3.12/site-packages/airflow/example_dags/example_sla_dag.py
[2025-08-09T18:28:30.586+0000] {logging_mixin.py:188} INFO - [2025-08-09T18:28:30.586+0000] {dag.py:3096} INFO - Sync 1 DAGs
[2025-08-09T18:28:30.643+0000] {logging_mixin.py:188} INFO - [2025-08-09T18:28:30.643+0000] {dag.py:3954} INFO - Setting next_dagrun for example_sla_dag to 2025-08-09 18:26:00+00:00, run_after=2025-08-09 18:28:00+00:00
[2025-08-09T18:28:30.671+0000] {processor.py:183} INFO - Processing /home/airflow/.local/lib/python3.12/site-packages/airflow/example_dags/example_sla_dag.py took 0.157 seconds
[2025-08-09T18:29:00.841+0000] {processor.py:161} INFO - Started process (PID=280) to work on /home/airflow/.local/lib/python3.12/site-packages/airflow/example_dags/example_sla_dag.py
[2025-08-09T18:29:00.843+0000] {processor.py:830} INFO - Processing file /home/airflow/.local/lib/python3.12/site-packages/airflow/example_dags/example_sla_dag.py for tasks to queue
[2025-08-09T18:29:00.850+0000] {logging_mixin.py:188} INFO - [2025-08-09T18:29:00.849+0000] {dagbag.py:540} INFO - Filling up the DagBag from /home/airflow/.local/lib/python3.12/site-packages/airflow/example_dags/example_sla_dag.py
[2025-08-09T18:29:00.890+0000] {processor.py:840} INFO - DAG(s) 'example_sla_dag' retrieved from /home/airflow/.local/lib/python3.12/site-packages/airflow/example_dags/example_sla_dag.py
[2025-08-09T18:29:00.945+0000] {logging_mixin.py:188} INFO - [2025-08-09T18:29:00.945+0000] {dag.py:3096} INFO - Sync 1 DAGs
[2025-08-09T18:29:01.041+0000] {logging_mixin.py:188} INFO - [2025-08-09T18:29:01.039+0000] {dag.py:3954} INFO - Setting next_dagrun for example_sla_dag to 2025-08-09 18:26:00+00:00, run_after=2025-08-09 18:28:00+00:00
[2025-08-09T18:29:01.112+0000] {processor.py:183} INFO - Processing /home/airflow/.local/lib/python3.12/site-packages/airflow/example_dags/example_sla_dag.py took 0.294 seconds
[2025-08-09T18:29:31.629+0000] {processor.py:161} INFO - Started process (PID=339) to work on /home/airflow/.local/lib/python3.12/site-packages/airflow/example_dags/example_sla_dag.py
[2025-08-09T18:29:31.639+0000] {processor.py:830} INFO - Processing file /home/airflow/.local/lib/python3.12/site-packages/airflow/example_dags/example_sla_dag.py for tasks to queue
[2025-08-09T18:29:31.655+0000] {logging_mixin.py:188} INFO - [2025-08-09T18:29:31.654+0000] {dagbag.py:540} INFO - Filling up the DagBag from /home/airflow/.local/lib/python3.12/site-packages/airflow/example_dags/example_sla_dag.py
[2025-08-09T18:29:31.722+0000] {processor.py:840} INFO - DAG(s) 'example_sla_dag' retrieved from /home/airflow/.local/lib/python3.12/site-packages/airflow/example_dags/example_sla_dag.py
[2025-08-09T18:29:31.889+0000] {logging_mixin.py:188} INFO - [2025-08-09T18:29:31.889+0000] {dag.py:3096} INFO - Sync 1 DAGs
[2025-08-09T18:29:32.074+0000] {logging_mixin.py:188} INFO - [2025-08-09T18:29:32.068+0000] {dag.py:3954} INFO - Setting next_dagrun for example_sla_dag to 2025-08-09 18:26:00+00:00, run_after=2025-08-09 18:28:00+00:00
[2025-08-09T18:29:32.236+0000] {processor.py:183} INFO - Processing /home/airflow/.local/lib/python3.12/site-packages/airflow/example_dags/example_sla_dag.py took 0.659 seconds
[2025-08-09T18:30:02.871+0000] {processor.py:161} INFO - Started process (PID=398) to work on /home/airflow/.local/lib/python3.12/site-packages/airflow/example_dags/example_sla_dag.py
[2025-08-09T18:30:02.873+0000] {processor.py:830} INFO - Processing file /home/airflow/.local/lib/python3.12/site-packages/airflow/example_dags/example_sla_dag.py for tasks to queue
[2025-08-09T18:30:02.877+0000] {logging_mixin.py:188} INFO - [2025-08-09T18:30:02.876+0000] {dagbag.py:540} INFO - Filling up the DagBag from /home/airflow/.local/lib/python3.12/site-packages/airflow/example_dags/example_sla_dag.py
[2025-08-09T18:30:02.915+0000] {processor.py:840} INFO - DAG(s) 'example_sla_dag' retrieved from /home/airflow/.local/lib/python3.12/site-packages/airflow/example_dags/example_sla_dag.py
[2025-08-09T18:30:02.987+0000] {logging_mixin.py:188} INFO - [2025-08-09T18:30:02.986+0000] {dag.py:3096} INFO - Sync 1 DAGs
[2025-08-09T18:30:03.069+0000] {logging_mixin.py:188} INFO - [2025-08-09T18:30:03.068+0000] {dag.py:3954} INFO - Setting next_dagrun for example_sla_dag to 2025-08-09 18:28:00+00:00, run_after=2025-08-09 18:30:00+00:00
[2025-08-09T18:30:03.115+0000] {processor.py:183} INFO - Processing /home/airflow/.local/lib/python3.12/site-packages/airflow/example_dags/example_sla_dag.py took 0.255 seconds
[2025-08-09T18:30:33.312+0000] {processor.py:161} INFO - Started process (PID=458) to work on /home/airflow/.local/lib/python3.12/site-packages/airflow/example_dags/example_sla_dag.py
[2025-08-09T18:30:33.313+0000] {processor.py:830} INFO - Processing file /home/airflow/.local/lib/python3.12/site-packages/airflow/example_dags/example_sla_dag.py for tasks to queue
[2025-08-09T18:30:33.315+0000] {logging_mixin.py:188} INFO - [2025-08-09T18:30:33.315+0000] {dagbag.py:540} INFO - Filling up the DagBag from /home/airflow/.local/lib/python3.12/site-packages/airflow/example_dags/example_sla_dag.py
[2025-08-09T18:30:33.326+0000] {processor.py:840} INFO - DAG(s) 'example_sla_dag' retrieved from /home/airflow/.local/lib/python3.12/site-packages/airflow/example_dags/example_sla_dag.py
[2025-08-09T18:30:33.365+0000] {logging_mixin.py:188} INFO - [2025-08-09T18:30:33.364+0000] {dag.py:3096} INFO - Sync 1 DAGs
[2025-08-09T18:30:33.398+0000] {logging_mixin.py:188} INFO - [2025-08-09T18:30:33.398+0000] {dag.py:3954} INFO - Setting next_dagrun for example_sla_dag to 2025-08-09 18:28:00+00:00, run_after=2025-08-09 18:30:00+00:00
[2025-08-09T18:30:33.424+0000] {processor.py:183} INFO - Processing /home/airflow/.local/lib/python3.12/site-packages/airflow/example_dags/example_sla_dag.py took 0.124 seconds
[2025-08-09T18:31:04.070+0000] {processor.py:161} INFO - Started process (PID=517) to work on /home/airflow/.local/lib/python3.12/site-packages/airflow/example_dags/example_sla_dag.py
[2025-08-09T18:31:04.082+0000] {processor.py:830} INFO - Processing file /home/airflow/.local/lib/python3.12/site-packages/airflow/example_dags/example_sla_dag.py for tasks to queue
[2025-08-09T18:31:04.087+0000] {logging_mixin.py:188} INFO - [2025-08-09T18:31:04.086+0000] {dagbag.py:540} INFO - Filling up the DagBag from /home/airflow/.local/lib/python3.12/site-packages/airflow/example_dags/example_sla_dag.py
[2025-08-09T18:31:04.107+0000] {processor.py:840} INFO - DAG(s) 'example_sla_dag' retrieved from /home/airflow/.local/lib/python3.12/site-packages/airflow/example_dags/example_sla_dag.py
[2025-08-09T18:31:04.142+0000] {logging_mixin.py:188} INFO - [2025-08-09T18:31:04.142+0000] {dag.py:3096} INFO - Sync 1 DAGs
[2025-08-09T18:31:04.183+0000] {logging_mixin.py:188} INFO - [2025-08-09T18:31:04.182+0000] {dag.py:3954} INFO - Setting next_dagrun for example_sla_dag to 2025-08-09 18:28:00+00:00, run_after=2025-08-09 18:30:00+00:00
[2025-08-09T18:31:04.210+0000] {processor.py:183} INFO - Processing /home/airflow/.local/lib/python3.12/site-packages/airflow/example_dags/example_sla_dag.py took 0.152 seconds
[2025-08-09T18:31:34.651+0000] {processor.py:161} INFO - Started process (PID=582) to work on /home/airflow/.local/lib/python3.12/site-packages/airflow/example_dags/example_sla_dag.py
[2025-08-09T18:31:34.652+0000] {processor.py:830} INFO - Processing file /home/airflow/.local/lib/python3.12/site-packages/airflow/example_dags/example_sla_dag.py for tasks to queue
[2025-08-09T18:31:34.654+0000] {logging_mixin.py:188} INFO - [2025-08-09T18:31:34.654+0000] {dagbag.py:540} INFO - Filling up the DagBag from /home/airflow/.local/lib/python3.12/site-packages/airflow/example_dags/example_sla_dag.py
[2025-08-09T18:31:34.671+0000] {processor.py:840} INFO - DAG(s) 'example_sla_dag' retrieved from /home/airflow/.local/lib/python3.12/site-packages/airflow/example_dags/example_sla_dag.py
[2025-08-09T18:31:34.703+0000] {logging_mixin.py:188} INFO - [2025-08-09T18:31:34.703+0000] {dag.py:3096} INFO - Sync 1 DAGs
[2025-08-09T18:31:34.748+0000] {logging_mixin.py:188} INFO - [2025-08-09T18:31:34.747+0000] {dag.py:3954} INFO - Setting next_dagrun for example_sla_dag to 2025-08-09 18:28:00+00:00, run_after=2025-08-09 18:30:00+00:00
[2025-08-09T18:31:34.788+0000] {processor.py:183} INFO - Processing /home/airflow/.local/lib/python3.12/site-packages/airflow/example_dags/example_sla_dag.py took 0.146 seconds
[2025-08-09T18:32:05.497+0000] {processor.py:161} INFO - Started process (PID=642) to work on /home/airflow/.local/lib/python3.12/site-packages/airflow/example_dags/example_sla_dag.py
[2025-08-09T18:32:05.499+0000] {processor.py:830} INFO - Processing file /home/airflow/.local/lib/python3.12/site-packages/airflow/example_dags/example_sla_dag.py for tasks to queue
[2025-08-09T18:32:05.504+0000] {logging_mixin.py:188} INFO - [2025-08-09T18:32:05.503+0000] {dagbag.py:540} INFO - Filling up the DagBag from /home/airflow/.local/lib/python3.12/site-packages/airflow/example_dags/example_sla_dag.py
[2025-08-09T18:32:05.517+0000] {processor.py:840} INFO - DAG(s) 'example_sla_dag' retrieved from /home/airflow/.local/lib/python3.12/site-packages/airflow/example_dags/example_sla_dag.py
[2025-08-09T18:32:05.555+0000] {logging_mixin.py:188} INFO - [2025-08-09T18:32:05.554+0000] {dag.py:3096} INFO - Sync 1 DAGs
[2025-08-09T18:32:05.590+0000] {logging_mixin.py:188} INFO - [2025-08-09T18:32:05.589+0000] {dag.py:3954} INFO - Setting next_dagrun for example_sla_dag to 2025-08-09 18:30:00+00:00, run_after=2025-08-09 18:32:00+00:00
[2025-08-09T18:32:05.613+0000] {processor.py:183} INFO - Processing /home/airflow/.local/lib/python3.12/site-packages/airflow/example_dags/example_sla_dag.py took 0.125 seconds
[2025-08-09T18:32:35.957+0000] {processor.py:161} INFO - Started process (PID=701) to work on /home/airflow/.local/lib/python3.12/site-packages/airflow/example_dags/example_sla_dag.py
[2025-08-09T18:32:35.959+0000] {processor.py:830} INFO - Processing file /home/airflow/.local/lib/python3.12/site-packages/airflow/example_dags/example_sla_dag.py for tasks to queue
[2025-08-09T18:32:35.962+0000] {logging_mixin.py:188} INFO - [2025-08-09T18:32:35.962+0000] {dagbag.py:540} INFO - Filling up the DagBag from /home/airflow/.local/lib/python3.12/site-packages/airflow/example_dags/example_sla_dag.py
[2025-08-09T18:32:35.980+0000] {processor.py:840} INFO - DAG(s) 'example_sla_dag' retrieved from /home/airflow/.local/lib/python3.12/site-packages/airflow/example_dags/example_sla_dag.py
[2025-08-09T18:32:36.019+0000] {logging_mixin.py:188} INFO - [2025-08-09T18:32:36.018+0000] {dag.py:3096} INFO - Sync 1 DAGs
[2025-08-09T18:32:36.054+0000] {logging_mixin.py:188} INFO - [2025-08-09T18:32:36.053+0000] {dag.py:3954} INFO - Setting next_dagrun for example_sla_dag to 2025-08-09 18:30:00+00:00, run_after=2025-08-09 18:32:00+00:00
[2025-08-09T18:32:36.078+0000] {processor.py:183} INFO - Processing /home/airflow/.local/lib/python3.12/site-packages/airflow/example_dags/example_sla_dag.py took 0.138 seconds
[2025-08-09T18:33:06.970+0000] {processor.py:161} INFO - Started process (PID=760) to work on /home/airflow/.local/lib/python3.12/site-packages/airflow/example_dags/example_sla_dag.py
[2025-08-09T18:33:06.971+0000] {processor.py:830} INFO - Processing file /home/airflow/.local/lib/python3.12/site-packages/airflow/example_dags/example_sla_dag.py for tasks to queue
[2025-08-09T18:33:06.974+0000] {logging_mixin.py:188} INFO - [2025-08-09T18:33:06.974+0000] {dagbag.py:540} INFO - Filling up the DagBag from /home/airflow/.local/lib/python3.12/site-packages/airflow/example_dags/example_sla_dag.py
[2025-08-09T18:33:06.984+0000] {processor.py:840} INFO - DAG(s) 'example_sla_dag' retrieved from /home/airflow/.local/lib/python3.12/site-packages/airflow/example_dags/example_sla_dag.py
[2025-08-09T18:33:07.007+0000] {logging_mixin.py:188} INFO - [2025-08-09T18:33:07.007+0000] {dag.py:3096} INFO - Sync 1 DAGs
[2025-08-09T18:33:07.051+0000] {logging_mixin.py:188} INFO - [2025-08-09T18:33:07.051+0000] {dag.py:3954} INFO - Setting next_dagrun for example_sla_dag to 2025-08-09 18:30:00+00:00, run_after=2025-08-09 18:32:00+00:00
[2025-08-09T18:33:07.085+0000] {processor.py:183} INFO - Processing /home/airflow/.local/lib/python3.12/site-packages/airflow/example_dags/example_sla_dag.py took 0.122 seconds
[2025-08-09T18:33:37.892+0000] {processor.py:161} INFO - Started process (PID=819) to work on /home/airflow/.local/lib/python3.12/site-packages/airflow/example_dags/example_sla_dag.py
[2025-08-09T18:33:37.926+0000] {processor.py:830} INFO - Processing file /home/airflow/.local/lib/python3.12/site-packages/airflow/example_dags/example_sla_dag.py for tasks to queue
[2025-08-09T18:33:37.943+0000] {logging_mixin.py:188} INFO - [2025-08-09T18:33:37.943+0000] {dagbag.py:540} INFO - Filling up the DagBag from /home/airflow/.local/lib/python3.12/site-packages/airflow/example_dags/example_sla_dag.py
[2025-08-09T18:33:37.961+0000] {processor.py:840} INFO - DAG(s) 'example_sla_dag' retrieved from /home/airflow/.local/lib/python3.12/site-packages/airflow/example_dags/example_sla_dag.py
[2025-08-09T18:33:37.999+0000] {logging_mixin.py:188} INFO - [2025-08-09T18:33:37.999+0000] {dag.py:3096} INFO - Sync 1 DAGs
[2025-08-09T18:33:38.036+0000] {logging_mixin.py:188} INFO - [2025-08-09T18:33:38.035+0000] {dag.py:3954} INFO - Setting next_dagrun for example_sla_dag to 2025-08-09 18:30:00+00:00, run_after=2025-08-09 18:32:00+00:00
[2025-08-09T18:33:38.070+0000] {processor.py:183} INFO - Processing /home/airflow/.local/lib/python3.12/site-packages/airflow/example_dags/example_sla_dag.py took 0.191 seconds
[2025-08-09T18:34:10.380+0000] {processor.py:161} INFO - Started process (PID=879) to work on /home/airflow/.local/lib/python3.12/site-packages/airflow/example_dags/example_sla_dag.py
[2025-08-09T18:34:10.381+0000] {processor.py:830} INFO - Processing file /home/airflow/.local/lib/python3.12/site-packages/airflow/example_dags/example_sla_dag.py for tasks to queue
[2025-08-09T18:34:10.384+0000] {logging_mixin.py:188} INFO - [2025-08-09T18:34:10.384+0000] {dagbag.py:540} INFO - Filling up the DagBag from /home/airflow/.local/lib/python3.12/site-packages/airflow/example_dags/example_sla_dag.py
[2025-08-09T18:34:10.404+0000] {processor.py:840} INFO - DAG(s) 'example_sla_dag' retrieved from /home/airflow/.local/lib/python3.12/site-packages/airflow/example_dags/example_sla_dag.py
[2025-08-09T18:34:10.437+0000] {logging_mixin.py:188} INFO - [2025-08-09T18:34:10.437+0000] {dag.py:3096} INFO - Sync 1 DAGs
[2025-08-09T18:34:10.718+0000] {logging_mixin.py:188} INFO - [2025-08-09T18:34:10.718+0000] {dag.py:3954} INFO - Setting next_dagrun for example_sla_dag to 2025-08-09 18:32:00+00:00, run_after=2025-08-09 18:34:00+00:00
[2025-08-09T18:34:10.757+0000] {processor.py:183} INFO - Processing /home/airflow/.local/lib/python3.12/site-packages/airflow/example_dags/example_sla_dag.py took 0.388 seconds
[2025-08-09T18:34:41.040+0000] {processor.py:161} INFO - Started process (PID=938) to work on /home/airflow/.local/lib/python3.12/site-packages/airflow/example_dags/example_sla_dag.py
[2025-08-09T18:34:41.042+0000] {processor.py:830} INFO - Processing file /home/airflow/.local/lib/python3.12/site-packages/airflow/example_dags/example_sla_dag.py for tasks to queue
[2025-08-09T18:34:41.045+0000] {logging_mixin.py:188} INFO - [2025-08-09T18:34:41.045+0000] {dagbag.py:540} INFO - Filling up the DagBag from /home/airflow/.local/lib/python3.12/site-packages/airflow/example_dags/example_sla_dag.py
[2025-08-09T18:34:41.059+0000] {processor.py:840} INFO - DAG(s) 'example_sla_dag' retrieved from /home/airflow/.local/lib/python3.12/site-packages/airflow/example_dags/example_sla_dag.py
[2025-08-09T18:34:41.104+0000] {logging_mixin.py:188} INFO - [2025-08-09T18:34:41.104+0000] {dag.py:3096} INFO - Sync 1 DAGs
[2025-08-09T18:34:41.153+0000] {logging_mixin.py:188} INFO - [2025-08-09T18:34:41.153+0000] {dag.py:3954} INFO - Setting next_dagrun for example_sla_dag to 2025-08-09 18:32:00+00:00, run_after=2025-08-09 18:34:00+00:00
[2025-08-09T18:34:41.432+0000] {processor.py:183} INFO - Processing /home/airflow/.local/lib/python3.12/site-packages/airflow/example_dags/example_sla_dag.py took 0.400 seconds
[2025-08-09T18:35:12.193+0000] {processor.py:161} INFO - Started process (PID=997) to work on /home/airflow/.local/lib/python3.12/site-packages/airflow/example_dags/example_sla_dag.py
[2025-08-09T18:35:12.196+0000] {processor.py:830} INFO - Processing file /home/airflow/.local/lib/python3.12/site-packages/airflow/example_dags/example_sla_dag.py for tasks to queue
[2025-08-09T18:35:12.200+0000] {logging_mixin.py:188} INFO - [2025-08-09T18:35:12.199+0000] {dagbag.py:540} INFO - Filling up the DagBag from /home/airflow/.local/lib/python3.12/site-packages/airflow/example_dags/example_sla_dag.py
[2025-08-09T18:35:12.222+0000] {processor.py:840} INFO - DAG(s) 'example_sla_dag' retrieved from /home/airflow/.local/lib/python3.12/site-packages/airflow/example_dags/example_sla_dag.py
[2025-08-09T18:35:12.255+0000] {logging_mixin.py:188} INFO - [2025-08-09T18:35:12.255+0000] {dag.py:3096} INFO - Sync 1 DAGs
[2025-08-09T18:35:12.292+0000] {logging_mixin.py:188} INFO - [2025-08-09T18:35:12.292+0000] {dag.py:3954} INFO - Setting next_dagrun for example_sla_dag to 2025-08-09 18:32:00+00:00, run_after=2025-08-09 18:34:00+00:00
[2025-08-09T18:35:12.320+0000] {processor.py:183} INFO - Processing /home/airflow/.local/lib/python3.12/site-packages/airflow/example_dags/example_sla_dag.py took 0.137 seconds
[2025-08-09T18:35:42.669+0000] {processor.py:161} INFO - Started process (PID=1056) to work on /home/airflow/.local/lib/python3.12/site-packages/airflow/example_dags/example_sla_dag.py
[2025-08-09T18:35:42.670+0000] {processor.py:830} INFO - Processing file /home/airflow/.local/lib/python3.12/site-packages/airflow/example_dags/example_sla_dag.py for tasks to queue
[2025-08-09T18:35:42.676+0000] {logging_mixin.py:188} INFO - [2025-08-09T18:35:42.675+0000] {dagbag.py:540} INFO - Filling up the DagBag from /home/airflow/.local/lib/python3.12/site-packages/airflow/example_dags/example_sla_dag.py
[2025-08-09T18:35:42.694+0000] {processor.py:840} INFO - DAG(s) 'example_sla_dag' retrieved from /home/airflow/.local/lib/python3.12/site-packages/airflow/example_dags/example_sla_dag.py
[2025-08-09T18:35:42.726+0000] {logging_mixin.py:188} INFO - [2025-08-09T18:35:42.726+0000] {dag.py:3096} INFO - Sync 1 DAGs
[2025-08-09T18:35:42.760+0000] {logging_mixin.py:188} INFO - [2025-08-09T18:35:42.759+0000] {dag.py:3954} INFO - Setting next_dagrun for example_sla_dag to 2025-08-09 18:32:00+00:00, run_after=2025-08-09 18:34:00+00:00
[2025-08-09T18:35:42.784+0000] {processor.py:183} INFO - Processing /home/airflow/.local/lib/python3.12/site-packages/airflow/example_dags/example_sla_dag.py took 0.127 seconds
[2025-08-09T18:36:13.007+0000] {processor.py:161} INFO - Started process (PID=1115) to work on /home/airflow/.local/lib/python3.12/site-packages/airflow/example_dags/example_sla_dag.py
[2025-08-09T18:36:13.008+0000] {processor.py:830} INFO - Processing file /home/airflow/.local/lib/python3.12/site-packages/airflow/example_dags/example_sla_dag.py for tasks to queue
[2025-08-09T18:36:13.012+0000] {logging_mixin.py:188} INFO - [2025-08-09T18:36:13.011+0000] {dagbag.py:540} INFO - Filling up the DagBag from /home/airflow/.local/lib/python3.12/site-packages/airflow/example_dags/example_sla_dag.py
[2025-08-09T18:36:13.023+0000] {processor.py:840} INFO - DAG(s) 'example_sla_dag' retrieved from /home/airflow/.local/lib/python3.12/site-packages/airflow/example_dags/example_sla_dag.py
[2025-08-09T18:36:13.049+0000] {logging_mixin.py:188} INFO - [2025-08-09T18:36:13.049+0000] {dag.py:3096} INFO - Sync 1 DAGs
[2025-08-09T18:36:13.079+0000] {logging_mixin.py:188} INFO - [2025-08-09T18:36:13.078+0000] {dag.py:3954} INFO - Setting next_dagrun for example_sla_dag to 2025-08-09 18:34:00+00:00, run_after=2025-08-09 18:36:00+00:00
[2025-08-09T18:36:13.110+0000] {processor.py:183} INFO - Processing /home/airflow/.local/lib/python3.12/site-packages/airflow/example_dags/example_sla_dag.py took 0.111 seconds
[2025-08-09T18:36:43.496+0000] {processor.py:161} INFO - Started process (PID=1174) to work on /home/airflow/.local/lib/python3.12/site-packages/airflow/example_dags/example_sla_dag.py
[2025-08-09T18:36:43.498+0000] {processor.py:830} INFO - Processing file /home/airflow/.local/lib/python3.12/site-packages/airflow/example_dags/example_sla_dag.py for tasks to queue
[2025-08-09T18:36:43.503+0000] {logging_mixin.py:188} INFO - [2025-08-09T18:36:43.502+0000] {dagbag.py:540} INFO - Filling up the DagBag from /home/airflow/.local/lib/python3.12/site-packages/airflow/example_dags/example_sla_dag.py
[2025-08-09T18:36:43.514+0000] {processor.py:840} INFO - DAG(s) 'example_sla_dag' retrieved from /home/airflow/.local/lib/python3.12/site-packages/airflow/example_dags/example_sla_dag.py
[2025-08-09T18:36:43.548+0000] {logging_mixin.py:188} INFO - [2025-08-09T18:36:43.547+0000] {dag.py:3096} INFO - Sync 1 DAGs
[2025-08-09T18:36:43.586+0000] {logging_mixin.py:188} INFO - [2025-08-09T18:36:43.586+0000] {dag.py:3954} INFO - Setting next_dagrun for example_sla_dag to 2025-08-09 18:34:00+00:00, run_after=2025-08-09 18:36:00+00:00
[2025-08-09T18:36:43.686+0000] {processor.py:183} INFO - Processing /home/airflow/.local/lib/python3.12/site-packages/airflow/example_dags/example_sla_dag.py took 0.198 seconds
[2025-08-09T18:37:13.785+0000] {processor.py:161} INFO - Started process (PID=1233) to work on /home/airflow/.local/lib/python3.12/site-packages/airflow/example_dags/example_sla_dag.py
[2025-08-09T18:37:13.786+0000] {processor.py:830} INFO - Processing file /home/airflow/.local/lib/python3.12/site-packages/airflow/example_dags/example_sla_dag.py for tasks to queue
[2025-08-09T18:37:13.789+0000] {logging_mixin.py:188} INFO - [2025-08-09T18:37:13.788+0000] {dagbag.py:540} INFO - Filling up the DagBag from /home/airflow/.local/lib/python3.12/site-packages/airflow/example_dags/example_sla_dag.py
[2025-08-09T18:37:13.800+0000] {processor.py:840} INFO - DAG(s) 'example_sla_dag' retrieved from /home/airflow/.local/lib/python3.12/site-packages/airflow/example_dags/example_sla_dag.py
[2025-08-09T18:37:13.824+0000] {logging_mixin.py:188} INFO - [2025-08-09T18:37:13.824+0000] {dag.py:3096} INFO - Sync 1 DAGs
[2025-08-09T18:37:13.855+0000] {logging_mixin.py:188} INFO - [2025-08-09T18:37:13.855+0000] {dag.py:3954} INFO - Setting next_dagrun for example_sla_dag to 2025-08-09 18:34:00+00:00, run_after=2025-08-09 18:36:00+00:00
[2025-08-09T18:37:13.879+0000] {processor.py:183} INFO - Processing /home/airflow/.local/lib/python3.12/site-packages/airflow/example_dags/example_sla_dag.py took 0.102 seconds
[2025-08-09T18:37:44.437+0000] {processor.py:161} INFO - Started process (PID=1292) to work on /home/airflow/.local/lib/python3.12/site-packages/airflow/example_dags/example_sla_dag.py
[2025-08-09T18:37:44.438+0000] {processor.py:830} INFO - Processing file /home/airflow/.local/lib/python3.12/site-packages/airflow/example_dags/example_sla_dag.py for tasks to queue
[2025-08-09T18:37:44.441+0000] {logging_mixin.py:188} INFO - [2025-08-09T18:37:44.440+0000] {dagbag.py:540} INFO - Filling up the DagBag from /home/airflow/.local/lib/python3.12/site-packages/airflow/example_dags/example_sla_dag.py
[2025-08-09T18:37:44.454+0000] {processor.py:840} INFO - DAG(s) 'example_sla_dag' retrieved from /home/airflow/.local/lib/python3.12/site-packages/airflow/example_dags/example_sla_dag.py
[2025-08-09T18:37:44.487+0000] {logging_mixin.py:188} INFO - [2025-08-09T18:37:44.486+0000] {dag.py:3096} INFO - Sync 1 DAGs
[2025-08-09T18:37:44.524+0000] {logging_mixin.py:188} INFO - [2025-08-09T18:37:44.524+0000] {dag.py:3954} INFO - Setting next_dagrun for example_sla_dag to 2025-08-09 18:34:00+00:00, run_after=2025-08-09 18:36:00+00:00
[2025-08-09T18:37:44.555+0000] {processor.py:183} INFO - Processing /home/airflow/.local/lib/python3.12/site-packages/airflow/example_dags/example_sla_dag.py took 0.125 seconds
[2025-08-09T18:38:15.031+0000] {processor.py:161} INFO - Started process (PID=1351) to work on /home/airflow/.local/lib/python3.12/site-packages/airflow/example_dags/example_sla_dag.py
[2025-08-09T18:38:15.033+0000] {processor.py:830} INFO - Processing file /home/airflow/.local/lib/python3.12/site-packages/airflow/example_dags/example_sla_dag.py for tasks to queue
[2025-08-09T18:38:15.037+0000] {logging_mixin.py:188} INFO - [2025-08-09T18:38:15.036+0000] {dagbag.py:540} INFO - Filling up the DagBag from /home/airflow/.local/lib/python3.12/site-packages/airflow/example_dags/example_sla_dag.py
[2025-08-09T18:38:15.053+0000] {processor.py:840} INFO - DAG(s) 'example_sla_dag' retrieved from /home/airflow/.local/lib/python3.12/site-packages/airflow/example_dags/example_sla_dag.py
[2025-08-09T18:38:15.083+0000] {logging_mixin.py:188} INFO - [2025-08-09T18:38:15.082+0000] {dag.py:3096} INFO - Sync 1 DAGs
[2025-08-09T18:38:15.116+0000] {logging_mixin.py:188} INFO - [2025-08-09T18:38:15.116+0000] {dag.py:3954} INFO - Setting next_dagrun for example_sla_dag to 2025-08-09 18:36:00+00:00, run_after=2025-08-09 18:38:00+00:00
[2025-08-09T18:38:15.142+0000] {processor.py:183} INFO - Processing /home/airflow/.local/lib/python3.12/site-packages/airflow/example_dags/example_sla_dag.py took 0.122 seconds
[2025-08-09T18:38:45.432+0000] {processor.py:161} INFO - Started process (PID=1410) to work on /home/airflow/.local/lib/python3.12/site-packages/airflow/example_dags/example_sla_dag.py
[2025-08-09T18:38:45.433+0000] {processor.py:830} INFO - Processing file /home/airflow/.local/lib/python3.12/site-packages/airflow/example_dags/example_sla_dag.py for tasks to queue
[2025-08-09T18:38:45.438+0000] {logging_mixin.py:188} INFO - [2025-08-09T18:38:45.437+0000] {dagbag.py:540} INFO - Filling up the DagBag from /home/airflow/.local/lib/python3.12/site-packages/airflow/example_dags/example_sla_dag.py
[2025-08-09T18:38:45.464+0000] {processor.py:840} INFO - DAG(s) 'example_sla_dag' retrieved from /home/airflow/.local/lib/python3.12/site-packages/airflow/example_dags/example_sla_dag.py
[2025-08-09T18:38:45.510+0000] {logging_mixin.py:188} INFO - [2025-08-09T18:38:45.509+0000] {dag.py:3096} INFO - Sync 1 DAGs
[2025-08-09T18:38:45.558+0000] {logging_mixin.py:188} INFO - [2025-08-09T18:38:45.558+0000] {dag.py:3954} INFO - Setting next_dagrun for example_sla_dag to 2025-08-09 18:36:00+00:00, run_after=2025-08-09 18:38:00+00:00
[2025-08-09T18:38:45.594+0000] {processor.py:183} INFO - Processing /home/airflow/.local/lib/python3.12/site-packages/airflow/example_dags/example_sla_dag.py took 0.172 seconds
[2025-08-09T18:39:16.143+0000] {processor.py:161} INFO - Started process (PID=1469) to work on /home/airflow/.local/lib/python3.12/site-packages/airflow/example_dags/example_sla_dag.py
[2025-08-09T18:39:16.145+0000] {processor.py:830} INFO - Processing file /home/airflow/.local/lib/python3.12/site-packages/airflow/example_dags/example_sla_dag.py for tasks to queue
[2025-08-09T18:39:16.153+0000] {logging_mixin.py:188} INFO - [2025-08-09T18:39:16.152+0000] {dagbag.py:540} INFO - Filling up the DagBag from /home/airflow/.local/lib/python3.12/site-packages/airflow/example_dags/example_sla_dag.py
[2025-08-09T18:39:16.170+0000] {processor.py:840} INFO - DAG(s) 'example_sla_dag' retrieved from /home/airflow/.local/lib/python3.12/site-packages/airflow/example_dags/example_sla_dag.py
[2025-08-09T18:39:16.223+0000] {logging_mixin.py:188} INFO - [2025-08-09T18:39:16.222+0000] {dag.py:3096} INFO - Sync 1 DAGs
[2025-08-09T18:39:16.300+0000] {logging_mixin.py:188} INFO - [2025-08-09T18:39:16.299+0000] {dag.py:3954} INFO - Setting next_dagrun for example_sla_dag to 2025-08-09 18:36:00+00:00, run_after=2025-08-09 18:38:00+00:00
[2025-08-09T18:39:16.335+0000] {processor.py:183} INFO - Processing /home/airflow/.local/lib/python3.12/site-packages/airflow/example_dags/example_sla_dag.py took 0.203 seconds
[2025-08-09T18:39:46.600+0000] {processor.py:161} INFO - Started process (PID=1528) to work on /home/airflow/.local/lib/python3.12/site-packages/airflow/example_dags/example_sla_dag.py
[2025-08-09T18:39:46.602+0000] {processor.py:830} INFO - Processing file /home/airflow/.local/lib/python3.12/site-packages/airflow/example_dags/example_sla_dag.py for tasks to queue
[2025-08-09T18:39:46.606+0000] {logging_mixin.py:188} INFO - [2025-08-09T18:39:46.605+0000] {dagbag.py:540} INFO - Filling up the DagBag from /home/airflow/.local/lib/python3.12/site-packages/airflow/example_dags/example_sla_dag.py
[2025-08-09T18:39:46.624+0000] {processor.py:840} INFO - DAG(s) 'example_sla_dag' retrieved from /home/airflow/.local/lib/python3.12/site-packages/airflow/example_dags/example_sla_dag.py
[2025-08-09T18:39:46.665+0000] {logging_mixin.py:188} INFO - [2025-08-09T18:39:46.665+0000] {dag.py:3096} INFO - Sync 1 DAGs
[2025-08-09T18:39:46.712+0000] {logging_mixin.py:188} INFO - [2025-08-09T18:39:46.712+0000] {dag.py:3954} INFO - Setting next_dagrun for example_sla_dag to 2025-08-09 18:36:00+00:00, run_after=2025-08-09 18:38:00+00:00
[2025-08-09T18:39:46.744+0000] {processor.py:183} INFO - Processing /home/airflow/.local/lib/python3.12/site-packages/airflow/example_dags/example_sla_dag.py took 0.154 seconds
[2025-08-09T18:40:17.290+0000] {processor.py:161} INFO - Started process (PID=1587) to work on /home/airflow/.local/lib/python3.12/site-packages/airflow/example_dags/example_sla_dag.py
[2025-08-09T18:40:17.292+0000] {processor.py:830} INFO - Processing file /home/airflow/.local/lib/python3.12/site-packages/airflow/example_dags/example_sla_dag.py for tasks to queue
[2025-08-09T18:40:17.297+0000] {logging_mixin.py:188} INFO - [2025-08-09T18:40:17.297+0000] {dagbag.py:540} INFO - Filling up the DagBag from /home/airflow/.local/lib/python3.12/site-packages/airflow/example_dags/example_sla_dag.py
[2025-08-09T18:40:17.334+0000] {processor.py:840} INFO - DAG(s) 'example_sla_dag' retrieved from /home/airflow/.local/lib/python3.12/site-packages/airflow/example_dags/example_sla_dag.py
[2025-08-09T18:40:17.370+0000] {logging_mixin.py:188} INFO - [2025-08-09T18:40:17.370+0000] {dag.py:3096} INFO - Sync 1 DAGs
[2025-08-09T18:40:17.420+0000] {logging_mixin.py:188} INFO - [2025-08-09T18:40:17.419+0000] {dag.py:3954} INFO - Setting next_dagrun for example_sla_dag to 2025-08-09 18:38:00+00:00, run_after=2025-08-09 18:40:00+00:00
[2025-08-09T18:40:17.445+0000] {processor.py:183} INFO - Processing /home/airflow/.local/lib/python3.12/site-packages/airflow/example_dags/example_sla_dag.py took 0.166 seconds
[2025-08-09T18:40:47.933+0000] {processor.py:161} INFO - Started process (PID=1646) to work on /home/airflow/.local/lib/python3.12/site-packages/airflow/example_dags/example_sla_dag.py
[2025-08-09T18:40:47.935+0000] {processor.py:830} INFO - Processing file /home/airflow/.local/lib/python3.12/site-packages/airflow/example_dags/example_sla_dag.py for tasks to queue
[2025-08-09T18:40:47.942+0000] {logging_mixin.py:188} INFO - [2025-08-09T18:40:47.941+0000] {dagbag.py:540} INFO - Filling up the DagBag from /home/airflow/.local/lib/python3.12/site-packages/airflow/example_dags/example_sla_dag.py
[2025-08-09T18:40:47.965+0000] {processor.py:840} INFO - DAG(s) 'example_sla_dag' retrieved from /home/airflow/.local/lib/python3.12/site-packages/airflow/example_dags/example_sla_dag.py
[2025-08-09T18:40:47.999+0000] {logging_mixin.py:188} INFO - [2025-08-09T18:40:47.998+0000] {dag.py:3096} INFO - Sync 1 DAGs
[2025-08-09T18:40:48.035+0000] {logging_mixin.py:188} INFO - [2025-08-09T18:40:48.035+0000] {dag.py:3954} INFO - Setting next_dagrun for example_sla_dag to 2025-08-09 18:38:00+00:00, run_after=2025-08-09 18:40:00+00:00
[2025-08-09T18:40:48.063+0000] {processor.py:183} INFO - Processing /home/airflow/.local/lib/python3.12/site-packages/airflow/example_dags/example_sla_dag.py took 0.146 seconds
[2025-08-09T18:41:18.334+0000] {processor.py:161} INFO - Started process (PID=1706) to work on /home/airflow/.local/lib/python3.12/site-packages/airflow/example_dags/example_sla_dag.py
[2025-08-09T18:41:18.335+0000] {processor.py:830} INFO - Processing file /home/airflow/.local/lib/python3.12/site-packages/airflow/example_dags/example_sla_dag.py for tasks to queue
[2025-08-09T18:41:18.338+0000] {logging_mixin.py:188} INFO - [2025-08-09T18:41:18.337+0000] {dagbag.py:540} INFO - Filling up the DagBag from /home/airflow/.local/lib/python3.12/site-packages/airflow/example_dags/example_sla_dag.py
[2025-08-09T18:41:18.353+0000] {processor.py:840} INFO - DAG(s) 'example_sla_dag' retrieved from /home/airflow/.local/lib/python3.12/site-packages/airflow/example_dags/example_sla_dag.py
[2025-08-09T18:41:18.386+0000] {logging_mixin.py:188} INFO - [2025-08-09T18:41:18.385+0000] {dag.py:3096} INFO - Sync 1 DAGs
[2025-08-09T18:41:18.420+0000] {logging_mixin.py:188} INFO - [2025-08-09T18:41:18.420+0000] {dag.py:3954} INFO - Setting next_dagrun for example_sla_dag to 2025-08-09 18:38:00+00:00, run_after=2025-08-09 18:40:00+00:00
[2025-08-09T18:41:18.453+0000] {processor.py:183} INFO - Processing /home/airflow/.local/lib/python3.12/site-packages/airflow/example_dags/example_sla_dag.py took 0.128 seconds
[2025-08-09T18:41:48.786+0000] {processor.py:161} INFO - Started process (PID=1765) to work on /home/airflow/.local/lib/python3.12/site-packages/airflow/example_dags/example_sla_dag.py
[2025-08-09T18:41:48.787+0000] {processor.py:830} INFO - Processing file /home/airflow/.local/lib/python3.12/site-packages/airflow/example_dags/example_sla_dag.py for tasks to queue
[2025-08-09T18:41:48.790+0000] {logging_mixin.py:188} INFO - [2025-08-09T18:41:48.790+0000] {dagbag.py:540} INFO - Filling up the DagBag from /home/airflow/.local/lib/python3.12/site-packages/airflow/example_dags/example_sla_dag.py
[2025-08-09T18:41:48.804+0000] {processor.py:840} INFO - DAG(s) 'example_sla_dag' retrieved from /home/airflow/.local/lib/python3.12/site-packages/airflow/example_dags/example_sla_dag.py
[2025-08-09T18:41:48.833+0000] {logging_mixin.py:188} INFO - [2025-08-09T18:41:48.832+0000] {dag.py:3096} INFO - Sync 1 DAGs
[2025-08-09T18:41:48.878+0000] {logging_mixin.py:188} INFO - [2025-08-09T18:41:48.878+0000] {dag.py:3954} INFO - Setting next_dagrun for example_sla_dag to 2025-08-09 18:38:00+00:00, run_after=2025-08-09 18:40:00+00:00
[2025-08-09T18:41:48.913+0000] {processor.py:183} INFO - Processing /home/airflow/.local/lib/python3.12/site-packages/airflow/example_dags/example_sla_dag.py took 0.134 seconds
[2025-08-09T18:42:19.082+0000] {processor.py:161} INFO - Started process (PID=1824) to work on /home/airflow/.local/lib/python3.12/site-packages/airflow/example_dags/example_sla_dag.py
[2025-08-09T18:42:19.084+0000] {processor.py:830} INFO - Processing file /home/airflow/.local/lib/python3.12/site-packages/airflow/example_dags/example_sla_dag.py for tasks to queue
[2025-08-09T18:42:19.087+0000] {logging_mixin.py:188} INFO - [2025-08-09T18:42:19.086+0000] {dagbag.py:540} INFO - Filling up the DagBag from /home/airflow/.local/lib/python3.12/site-packages/airflow/example_dags/example_sla_dag.py
[2025-08-09T18:42:19.105+0000] {processor.py:840} INFO - DAG(s) 'example_sla_dag' retrieved from /home/airflow/.local/lib/python3.12/site-packages/airflow/example_dags/example_sla_dag.py
[2025-08-09T18:42:19.135+0000] {logging_mixin.py:188} INFO - [2025-08-09T18:42:19.134+0000] {dag.py:3096} INFO - Sync 1 DAGs
[2025-08-09T18:42:19.182+0000] {logging_mixin.py:188} INFO - [2025-08-09T18:42:19.181+0000] {dag.py:3954} INFO - Setting next_dagrun for example_sla_dag to 2025-08-09 18:40:00+00:00, run_after=2025-08-09 18:42:00+00:00
[2025-08-09T18:42:19.213+0000] {processor.py:183} INFO - Processing /home/airflow/.local/lib/python3.12/site-packages/airflow/example_dags/example_sla_dag.py took 0.140 seconds
[2025-08-09T18:42:49.667+0000] {processor.py:161} INFO - Started process (PID=1883) to work on /home/airflow/.local/lib/python3.12/site-packages/airflow/example_dags/example_sla_dag.py
[2025-08-09T18:42:49.669+0000] {processor.py:830} INFO - Processing file /home/airflow/.local/lib/python3.12/site-packages/airflow/example_dags/example_sla_dag.py for tasks to queue
[2025-08-09T18:42:49.671+0000] {logging_mixin.py:188} INFO - [2025-08-09T18:42:49.671+0000] {dagbag.py:540} INFO - Filling up the DagBag from /home/airflow/.local/lib/python3.12/site-packages/airflow/example_dags/example_sla_dag.py
[2025-08-09T18:42:49.685+0000] {processor.py:840} INFO - DAG(s) 'example_sla_dag' retrieved from /home/airflow/.local/lib/python3.12/site-packages/airflow/example_dags/example_sla_dag.py
[2025-08-09T18:42:49.717+0000] {logging_mixin.py:188} INFO - [2025-08-09T18:42:49.717+0000] {dag.py:3096} INFO - Sync 1 DAGs
[2025-08-09T18:42:49.752+0000] {logging_mixin.py:188} INFO - [2025-08-09T18:42:49.751+0000] {dag.py:3954} INFO - Setting next_dagrun for example_sla_dag to 2025-08-09 18:40:00+00:00, run_after=2025-08-09 18:42:00+00:00
[2025-08-09T18:42:49.778+0000] {processor.py:183} INFO - Processing /home/airflow/.local/lib/python3.12/site-packages/airflow/example_dags/example_sla_dag.py took 0.121 seconds
[2025-08-09T18:43:20.690+0000] {processor.py:161} INFO - Started process (PID=1942) to work on /home/airflow/.local/lib/python3.12/site-packages/airflow/example_dags/example_sla_dag.py
[2025-08-09T18:43:20.691+0000] {processor.py:830} INFO - Processing file /home/airflow/.local/lib/python3.12/site-packages/airflow/example_dags/example_sla_dag.py for tasks to queue
[2025-08-09T18:43:20.694+0000] {logging_mixin.py:188} INFO - [2025-08-09T18:43:20.694+0000] {dagbag.py:540} INFO - Filling up the DagBag from /home/airflow/.local/lib/python3.12/site-packages/airflow/example_dags/example_sla_dag.py
[2025-08-09T18:43:20.710+0000] {processor.py:840} INFO - DAG(s) 'example_sla_dag' retrieved from /home/airflow/.local/lib/python3.12/site-packages/airflow/example_dags/example_sla_dag.py
[2025-08-09T18:43:20.746+0000] {logging_mixin.py:188} INFO - [2025-08-09T18:43:20.745+0000] {dag.py:3096} INFO - Sync 1 DAGs
[2025-08-09T18:43:20.791+0000] {logging_mixin.py:188} INFO - [2025-08-09T18:43:20.791+0000] {dag.py:3954} INFO - Setting next_dagrun for example_sla_dag to 2025-08-09 18:40:00+00:00, run_after=2025-08-09 18:42:00+00:00
[2025-08-09T18:43:20.814+0000] {processor.py:183} INFO - Processing /home/airflow/.local/lib/python3.12/site-packages/airflow/example_dags/example_sla_dag.py took 0.134 seconds
[2025-08-09T18:43:51.292+0000] {processor.py:161} INFO - Started process (PID=2001) to work on /home/airflow/.local/lib/python3.12/site-packages/airflow/example_dags/example_sla_dag.py
[2025-08-09T18:43:51.294+0000] {processor.py:830} INFO - Processing file /home/airflow/.local/lib/python3.12/site-packages/airflow/example_dags/example_sla_dag.py for tasks to queue
[2025-08-09T18:43:51.297+0000] {logging_mixin.py:188} INFO - [2025-08-09T18:43:51.297+0000] {dagbag.py:540} INFO - Filling up the DagBag from /home/airflow/.local/lib/python3.12/site-packages/airflow/example_dags/example_sla_dag.py
[2025-08-09T18:43:51.310+0000] {processor.py:840} INFO - DAG(s) 'example_sla_dag' retrieved from /home/airflow/.local/lib/python3.12/site-packages/airflow/example_dags/example_sla_dag.py
[2025-08-09T18:43:51.344+0000] {logging_mixin.py:188} INFO - [2025-08-09T18:43:51.344+0000] {dag.py:3096} INFO - Sync 1 DAGs
[2025-08-09T18:43:51.392+0000] {logging_mixin.py:188} INFO - [2025-08-09T18:43:51.392+0000] {dag.py:3954} INFO - Setting next_dagrun for example_sla_dag to 2025-08-09 18:40:00+00:00, run_after=2025-08-09 18:42:00+00:00
[2025-08-09T18:43:51.431+0000] {processor.py:183} INFO - Processing /home/airflow/.local/lib/python3.12/site-packages/airflow/example_dags/example_sla_dag.py took 0.147 seconds
[2025-08-09T18:44:22.555+0000] {processor.py:161} INFO - Started process (PID=2060) to work on /home/airflow/.local/lib/python3.12/site-packages/airflow/example_dags/example_sla_dag.py
[2025-08-09T18:44:22.556+0000] {processor.py:830} INFO - Processing file /home/airflow/.local/lib/python3.12/site-packages/airflow/example_dags/example_sla_dag.py for tasks to queue
[2025-08-09T18:44:22.559+0000] {logging_mixin.py:188} INFO - [2025-08-09T18:44:22.558+0000] {dagbag.py:540} INFO - Filling up the DagBag from /home/airflow/.local/lib/python3.12/site-packages/airflow/example_dags/example_sla_dag.py
[2025-08-09T18:44:22.572+0000] {processor.py:840} INFO - DAG(s) 'example_sla_dag' retrieved from /home/airflow/.local/lib/python3.12/site-packages/airflow/example_dags/example_sla_dag.py
[2025-08-09T18:44:22.601+0000] {logging_mixin.py:188} INFO - [2025-08-09T18:44:22.600+0000] {dag.py:3096} INFO - Sync 1 DAGs
[2025-08-09T18:44:22.651+0000] {logging_mixin.py:188} INFO - [2025-08-09T18:44:22.650+0000] {dag.py:3954} INFO - Setting next_dagrun for example_sla_dag to 2025-08-09 18:42:00+00:00, run_after=2025-08-09 18:44:00+00:00
[2025-08-09T18:44:22.686+0000] {processor.py:183} INFO - Processing /home/airflow/.local/lib/python3.12/site-packages/airflow/example_dags/example_sla_dag.py took 0.139 seconds
[2025-08-09T18:44:53.112+0000] {processor.py:161} INFO - Started process (PID=2117) to work on /home/airflow/.local/lib/python3.12/site-packages/airflow/example_dags/example_sla_dag.py
[2025-08-09T18:44:53.113+0000] {processor.py:830} INFO - Processing file /home/airflow/.local/lib/python3.12/site-packages/airflow/example_dags/example_sla_dag.py for tasks to queue
[2025-08-09T18:44:53.116+0000] {logging_mixin.py:188} INFO - [2025-08-09T18:44:53.116+0000] {dagbag.py:540} INFO - Filling up the DagBag from /home/airflow/.local/lib/python3.12/site-packages/airflow/example_dags/example_sla_dag.py
[2025-08-09T18:44:53.127+0000] {processor.py:840} INFO - DAG(s) 'example_sla_dag' retrieved from /home/airflow/.local/lib/python3.12/site-packages/airflow/example_dags/example_sla_dag.py
[2025-08-09T18:44:53.155+0000] {logging_mixin.py:188} INFO - [2025-08-09T18:44:53.155+0000] {dag.py:3096} INFO - Sync 1 DAGs
[2025-08-09T18:44:53.195+0000] {logging_mixin.py:188} INFO - [2025-08-09T18:44:53.195+0000] {dag.py:3954} INFO - Setting next_dagrun for example_sla_dag to 2025-08-09 18:42:00+00:00, run_after=2025-08-09 18:44:00+00:00
[2025-08-09T18:44:53.223+0000] {processor.py:183} INFO - Processing /home/airflow/.local/lib/python3.12/site-packages/airflow/example_dags/example_sla_dag.py took 0.119 seconds
