[2025-08-09T18:21:55.159+0000] {processor.py:161} INFO - Started process (PID=90) to work on /home/airflow/.local/lib/python3.12/site-packages/airflow/example_dags/example_branch_python_dop_operator_3.py
[2025-08-09T18:21:55.173+0000] {processor.py:830} INFO - Processing file /home/airflow/.local/lib/python3.12/site-packages/airflow/example_dags/example_branch_python_dop_operator_3.py for tasks to queue
[2025-08-09T18:21:55.176+0000] {logging_mixin.py:188} INFO - [2025-08-09T18:21:55.176+0000] {dagbag.py:540} INFO - Filling up the DagBag from /home/airflow/.local/lib/python3.12/site-packages/airflow/example_dags/example_branch_python_dop_operator_3.py
[2025-08-09T18:21:55.246+0000] {processor.py:840} INFO - DAG(s) 'example_branch_dop_operator_v3' retrieved from /home/airflow/.local/lib/python3.12/site-packages/airflow/example_dags/example_branch_python_dop_operator_3.py
[2025-08-09T18:21:55.980+0000] {logging_mixin.py:188} INFO - [2025-08-09T18:21:55.978+0000] {dag.py:3096} INFO - Sync 1 DAGs
[2025-08-09T18:21:56.158+0000] {logging_mixin.py:188} INFO - [2025-08-09T18:21:56.157+0000] {dag.py:3954} INFO - Setting next_dagrun for example_branch_dop_operator_v3 to 2025-08-09 18:20:00+00:00, run_after=2025-08-09 18:21:00+00:00
[2025-08-09T18:21:56.292+0000] {processor.py:183} INFO - Processing /home/airflow/.local/lib/python3.12/site-packages/airflow/example_dags/example_branch_python_dop_operator_3.py took 1.191 seconds
[2025-08-09T18:22:26.591+0000] {processor.py:161} INFO - Started process (PID=149) to work on /home/airflow/.local/lib/python3.12/site-packages/airflow/example_dags/example_branch_python_dop_operator_3.py
[2025-08-09T18:22:26.596+0000] {processor.py:830} INFO - Processing file /home/airflow/.local/lib/python3.12/site-packages/airflow/example_dags/example_branch_python_dop_operator_3.py for tasks to queue
[2025-08-09T18:22:26.600+0000] {logging_mixin.py:188} INFO - [2025-08-09T18:22:26.599+0000] {dagbag.py:540} INFO - Filling up the DagBag from /home/airflow/.local/lib/python3.12/site-packages/airflow/example_dags/example_branch_python_dop_operator_3.py
[2025-08-09T18:22:26.621+0000] {processor.py:840} INFO - DAG(s) 'example_branch_dop_operator_v3' retrieved from /home/airflow/.local/lib/python3.12/site-packages/airflow/example_dags/example_branch_python_dop_operator_3.py
[2025-08-09T18:22:26.664+0000] {logging_mixin.py:188} INFO - [2025-08-09T18:22:26.663+0000] {dag.py:3096} INFO - Sync 1 DAGs
[2025-08-09T18:22:26.715+0000] {logging_mixin.py:188} INFO - [2025-08-09T18:22:26.715+0000] {dag.py:3954} INFO - Setting next_dagrun for example_branch_dop_operator_v3 to 2025-08-09 18:21:00+00:00, run_after=2025-08-09 18:22:00+00:00
[2025-08-09T18:22:26.756+0000] {processor.py:183} INFO - Processing /home/airflow/.local/lib/python3.12/site-packages/airflow/example_dags/example_branch_python_dop_operator_3.py took 0.176 seconds
[2025-08-09T18:22:57.069+0000] {processor.py:161} INFO - Started process (PID=208) to work on /home/airflow/.local/lib/python3.12/site-packages/airflow/example_dags/example_branch_python_dop_operator_3.py
[2025-08-09T18:22:57.070+0000] {processor.py:830} INFO - Processing file /home/airflow/.local/lib/python3.12/site-packages/airflow/example_dags/example_branch_python_dop_operator_3.py for tasks to queue
[2025-08-09T18:22:57.074+0000] {logging_mixin.py:188} INFO - [2025-08-09T18:22:57.073+0000] {dagbag.py:540} INFO - Filling up the DagBag from /home/airflow/.local/lib/python3.12/site-packages/airflow/example_dags/example_branch_python_dop_operator_3.py
[2025-08-09T18:22:57.086+0000] {processor.py:840} INFO - DAG(s) 'example_branch_dop_operator_v3' retrieved from /home/airflow/.local/lib/python3.12/site-packages/airflow/example_dags/example_branch_python_dop_operator_3.py
[2025-08-09T18:22:57.112+0000] {logging_mixin.py:188} INFO - [2025-08-09T18:22:57.112+0000] {dag.py:3096} INFO - Sync 1 DAGs
[2025-08-09T18:22:57.146+0000] {logging_mixin.py:188} INFO - [2025-08-09T18:22:57.146+0000] {dag.py:3954} INFO - Setting next_dagrun for example_branch_dop_operator_v3 to 2025-08-09 18:21:00+00:00, run_after=2025-08-09 18:22:00+00:00
[2025-08-09T18:22:57.182+0000] {processor.py:183} INFO - Processing /home/airflow/.local/lib/python3.12/site-packages/airflow/example_dags/example_branch_python_dop_operator_3.py took 0.121 seconds
[2025-08-09T18:23:27.464+0000] {processor.py:161} INFO - Started process (PID=267) to work on /home/airflow/.local/lib/python3.12/site-packages/airflow/example_dags/example_branch_python_dop_operator_3.py
[2025-08-09T18:23:27.465+0000] {processor.py:830} INFO - Processing file /home/airflow/.local/lib/python3.12/site-packages/airflow/example_dags/example_branch_python_dop_operator_3.py for tasks to queue
[2025-08-09T18:23:27.468+0000] {logging_mixin.py:188} INFO - [2025-08-09T18:23:27.467+0000] {dagbag.py:540} INFO - Filling up the DagBag from /home/airflow/.local/lib/python3.12/site-packages/airflow/example_dags/example_branch_python_dop_operator_3.py
[2025-08-09T18:23:27.478+0000] {processor.py:840} INFO - DAG(s) 'example_branch_dop_operator_v3' retrieved from /home/airflow/.local/lib/python3.12/site-packages/airflow/example_dags/example_branch_python_dop_operator_3.py
[2025-08-09T18:23:27.508+0000] {logging_mixin.py:188} INFO - [2025-08-09T18:23:27.508+0000] {dag.py:3096} INFO - Sync 1 DAGs
[2025-08-09T18:23:27.546+0000] {logging_mixin.py:188} INFO - [2025-08-09T18:23:27.546+0000] {dag.py:3954} INFO - Setting next_dagrun for example_branch_dop_operator_v3 to 2025-08-09 18:22:00+00:00, run_after=2025-08-09 18:23:00+00:00
[2025-08-09T18:23:27.591+0000] {processor.py:183} INFO - Processing /home/airflow/.local/lib/python3.12/site-packages/airflow/example_dags/example_branch_python_dop_operator_3.py took 0.135 seconds
[2025-08-09T18:23:58.040+0000] {processor.py:161} INFO - Started process (PID=326) to work on /home/airflow/.local/lib/python3.12/site-packages/airflow/example_dags/example_branch_python_dop_operator_3.py
[2025-08-09T18:23:58.041+0000] {processor.py:830} INFO - Processing file /home/airflow/.local/lib/python3.12/site-packages/airflow/example_dags/example_branch_python_dop_operator_3.py for tasks to queue
[2025-08-09T18:23:58.045+0000] {logging_mixin.py:188} INFO - [2025-08-09T18:23:58.044+0000] {dagbag.py:540} INFO - Filling up the DagBag from /home/airflow/.local/lib/python3.12/site-packages/airflow/example_dags/example_branch_python_dop_operator_3.py
[2025-08-09T18:23:58.059+0000] {processor.py:840} INFO - DAG(s) 'example_branch_dop_operator_v3' retrieved from /home/airflow/.local/lib/python3.12/site-packages/airflow/example_dags/example_branch_python_dop_operator_3.py
[2025-08-09T18:23:58.096+0000] {logging_mixin.py:188} INFO - [2025-08-09T18:23:58.096+0000] {dag.py:3096} INFO - Sync 1 DAGs
[2025-08-09T18:23:58.145+0000] {logging_mixin.py:188} INFO - [2025-08-09T18:23:58.145+0000] {dag.py:3954} INFO - Setting next_dagrun for example_branch_dop_operator_v3 to 2025-08-09 18:22:00+00:00, run_after=2025-08-09 18:23:00+00:00
[2025-08-09T18:23:58.180+0000] {processor.py:183} INFO - Processing /home/airflow/.local/lib/python3.12/site-packages/airflow/example_dags/example_branch_python_dop_operator_3.py took 0.151 seconds
[2025-08-09T18:24:28.526+0000] {processor.py:161} INFO - Started process (PID=385) to work on /home/airflow/.local/lib/python3.12/site-packages/airflow/example_dags/example_branch_python_dop_operator_3.py
[2025-08-09T18:24:28.528+0000] {processor.py:830} INFO - Processing file /home/airflow/.local/lib/python3.12/site-packages/airflow/example_dags/example_branch_python_dop_operator_3.py for tasks to queue
[2025-08-09T18:24:28.532+0000] {logging_mixin.py:188} INFO - [2025-08-09T18:24:28.532+0000] {dagbag.py:540} INFO - Filling up the DagBag from /home/airflow/.local/lib/python3.12/site-packages/airflow/example_dags/example_branch_python_dop_operator_3.py
[2025-08-09T18:24:28.548+0000] {processor.py:840} INFO - DAG(s) 'example_branch_dop_operator_v3' retrieved from /home/airflow/.local/lib/python3.12/site-packages/airflow/example_dags/example_branch_python_dop_operator_3.py
[2025-08-09T18:24:28.585+0000] {logging_mixin.py:188} INFO - [2025-08-09T18:24:28.584+0000] {dag.py:3096} INFO - Sync 1 DAGs
[2025-08-09T18:24:28.641+0000] {logging_mixin.py:188} INFO - [2025-08-09T18:24:28.640+0000] {dag.py:3954} INFO - Setting next_dagrun for example_branch_dop_operator_v3 to 2025-08-09 18:23:00+00:00, run_after=2025-08-09 18:24:00+00:00
[2025-08-09T18:24:28.692+0000] {processor.py:183} INFO - Processing /home/airflow/.local/lib/python3.12/site-packages/airflow/example_dags/example_branch_python_dop_operator_3.py took 0.175 seconds
[2025-08-09T18:24:59.428+0000] {processor.py:161} INFO - Started process (PID=444) to work on /home/airflow/.local/lib/python3.12/site-packages/airflow/example_dags/example_branch_python_dop_operator_3.py
[2025-08-09T18:24:59.430+0000] {processor.py:830} INFO - Processing file /home/airflow/.local/lib/python3.12/site-packages/airflow/example_dags/example_branch_python_dop_operator_3.py for tasks to queue
[2025-08-09T18:24:59.433+0000] {logging_mixin.py:188} INFO - [2025-08-09T18:24:59.432+0000] {dagbag.py:540} INFO - Filling up the DagBag from /home/airflow/.local/lib/python3.12/site-packages/airflow/example_dags/example_branch_python_dop_operator_3.py
[2025-08-09T18:24:59.449+0000] {processor.py:840} INFO - DAG(s) 'example_branch_dop_operator_v3' retrieved from /home/airflow/.local/lib/python3.12/site-packages/airflow/example_dags/example_branch_python_dop_operator_3.py
[2025-08-09T18:24:59.480+0000] {logging_mixin.py:188} INFO - [2025-08-09T18:24:59.479+0000] {dag.py:3096} INFO - Sync 1 DAGs
[2025-08-09T18:24:59.531+0000] {logging_mixin.py:188} INFO - [2025-08-09T18:24:59.531+0000] {dag.py:3954} INFO - Setting next_dagrun for example_branch_dop_operator_v3 to 2025-08-09 18:23:00+00:00, run_after=2025-08-09 18:24:00+00:00
[2025-08-09T18:24:59.579+0000] {processor.py:183} INFO - Processing /home/airflow/.local/lib/python3.12/site-packages/airflow/example_dags/example_branch_python_dop_operator_3.py took 0.162 seconds
[2025-08-09T18:25:30.042+0000] {processor.py:161} INFO - Started process (PID=503) to work on /home/airflow/.local/lib/python3.12/site-packages/airflow/example_dags/example_branch_python_dop_operator_3.py
[2025-08-09T18:25:30.044+0000] {processor.py:830} INFO - Processing file /home/airflow/.local/lib/python3.12/site-packages/airflow/example_dags/example_branch_python_dop_operator_3.py for tasks to queue
[2025-08-09T18:25:30.047+0000] {logging_mixin.py:188} INFO - [2025-08-09T18:25:30.046+0000] {dagbag.py:540} INFO - Filling up the DagBag from /home/airflow/.local/lib/python3.12/site-packages/airflow/example_dags/example_branch_python_dop_operator_3.py
[2025-08-09T18:25:30.060+0000] {processor.py:840} INFO - DAG(s) 'example_branch_dop_operator_v3' retrieved from /home/airflow/.local/lib/python3.12/site-packages/airflow/example_dags/example_branch_python_dop_operator_3.py
[2025-08-09T18:25:30.090+0000] {logging_mixin.py:188} INFO - [2025-08-09T18:25:30.090+0000] {dag.py:3096} INFO - Sync 1 DAGs
[2025-08-09T18:25:30.142+0000] {logging_mixin.py:188} INFO - [2025-08-09T18:25:30.142+0000] {dag.py:3954} INFO - Setting next_dagrun for example_branch_dop_operator_v3 to 2025-08-09 18:24:00+00:00, run_after=2025-08-09 18:25:00+00:00
[2025-08-09T18:25:30.248+0000] {processor.py:183} INFO - Processing /home/airflow/.local/lib/python3.12/site-packages/airflow/example_dags/example_branch_python_dop_operator_3.py took 0.214 seconds
[2025-08-09T18:27:24.988+0000] {processor.py:161} INFO - Started process (PID=91) to work on /home/airflow/.local/lib/python3.12/site-packages/airflow/example_dags/example_branch_python_dop_operator_3.py
[2025-08-09T18:27:24.991+0000] {processor.py:830} INFO - Processing file /home/airflow/.local/lib/python3.12/site-packages/airflow/example_dags/example_branch_python_dop_operator_3.py for tasks to queue
[2025-08-09T18:27:24.999+0000] {logging_mixin.py:188} INFO - [2025-08-09T18:27:24.999+0000] {dagbag.py:540} INFO - Filling up the DagBag from /home/airflow/.local/lib/python3.12/site-packages/airflow/example_dags/example_branch_python_dop_operator_3.py
[2025-08-09T18:27:25.054+0000] {processor.py:840} INFO - DAG(s) 'example_branch_dop_operator_v3' retrieved from /home/airflow/.local/lib/python3.12/site-packages/airflow/example_dags/example_branch_python_dop_operator_3.py
[2025-08-09T18:27:25.567+0000] {logging_mixin.py:188} INFO - [2025-08-09T18:27:25.567+0000] {dag.py:3096} INFO - Sync 1 DAGs
[2025-08-09T18:27:25.635+0000] {logging_mixin.py:188} INFO - [2025-08-09T18:27:25.635+0000] {dag.py:3954} INFO - Setting next_dagrun for example_branch_dop_operator_v3 to 2025-08-09 18:26:00+00:00, run_after=2025-08-09 18:27:00+00:00
[2025-08-09T18:27:25.678+0000] {processor.py:183} INFO - Processing /home/airflow/.local/lib/python3.12/site-packages/airflow/example_dags/example_branch_python_dop_operator_3.py took 0.718 seconds
[2025-08-09T18:27:55.784+0000] {processor.py:161} INFO - Started process (PID=150) to work on /home/airflow/.local/lib/python3.12/site-packages/airflow/example_dags/example_branch_python_dop_operator_3.py
[2025-08-09T18:27:55.786+0000] {processor.py:830} INFO - Processing file /home/airflow/.local/lib/python3.12/site-packages/airflow/example_dags/example_branch_python_dop_operator_3.py for tasks to queue
[2025-08-09T18:27:55.789+0000] {logging_mixin.py:188} INFO - [2025-08-09T18:27:55.789+0000] {dagbag.py:540} INFO - Filling up the DagBag from /home/airflow/.local/lib/python3.12/site-packages/airflow/example_dags/example_branch_python_dop_operator_3.py
[2025-08-09T18:27:55.807+0000] {processor.py:840} INFO - DAG(s) 'example_branch_dop_operator_v3' retrieved from /home/airflow/.local/lib/python3.12/site-packages/airflow/example_dags/example_branch_python_dop_operator_3.py
[2025-08-09T18:27:55.850+0000] {logging_mixin.py:188} INFO - [2025-08-09T18:27:55.850+0000] {dag.py:3096} INFO - Sync 1 DAGs
[2025-08-09T18:27:55.928+0000] {logging_mixin.py:188} INFO - [2025-08-09T18:27:55.928+0000] {dag.py:3954} INFO - Setting next_dagrun for example_branch_dop_operator_v3 to 2025-08-09 18:26:00+00:00, run_after=2025-08-09 18:27:00+00:00
[2025-08-09T18:27:55.975+0000] {processor.py:183} INFO - Processing /home/airflow/.local/lib/python3.12/site-packages/airflow/example_dags/example_branch_python_dop_operator_3.py took 0.202 seconds
[2025-08-09T18:28:26.220+0000] {processor.py:161} INFO - Started process (PID=209) to work on /home/airflow/.local/lib/python3.12/site-packages/airflow/example_dags/example_branch_python_dop_operator_3.py
[2025-08-09T18:28:26.223+0000] {processor.py:830} INFO - Processing file /home/airflow/.local/lib/python3.12/site-packages/airflow/example_dags/example_branch_python_dop_operator_3.py for tasks to queue
[2025-08-09T18:28:26.228+0000] {logging_mixin.py:188} INFO - [2025-08-09T18:28:26.227+0000] {dagbag.py:540} INFO - Filling up the DagBag from /home/airflow/.local/lib/python3.12/site-packages/airflow/example_dags/example_branch_python_dop_operator_3.py
[2025-08-09T18:28:26.254+0000] {processor.py:840} INFO - DAG(s) 'example_branch_dop_operator_v3' retrieved from /home/airflow/.local/lib/python3.12/site-packages/airflow/example_dags/example_branch_python_dop_operator_3.py
[2025-08-09T18:28:26.291+0000] {logging_mixin.py:188} INFO - [2025-08-09T18:28:26.291+0000] {dag.py:3096} INFO - Sync 1 DAGs
[2025-08-09T18:28:26.340+0000] {logging_mixin.py:188} INFO - [2025-08-09T18:28:26.339+0000] {dag.py:3954} INFO - Setting next_dagrun for example_branch_dop_operator_v3 to 2025-08-09 18:27:00+00:00, run_after=2025-08-09 18:28:00+00:00
[2025-08-09T18:28:26.376+0000] {processor.py:183} INFO - Processing /home/airflow/.local/lib/python3.12/site-packages/airflow/example_dags/example_branch_python_dop_operator_3.py took 0.171 seconds
[2025-08-09T18:28:57.224+0000] {processor.py:161} INFO - Started process (PID=269) to work on /home/airflow/.local/lib/python3.12/site-packages/airflow/example_dags/example_branch_python_dop_operator_3.py
[2025-08-09T18:28:57.226+0000] {processor.py:830} INFO - Processing file /home/airflow/.local/lib/python3.12/site-packages/airflow/example_dags/example_branch_python_dop_operator_3.py for tasks to queue
[2025-08-09T18:28:57.232+0000] {logging_mixin.py:188} INFO - [2025-08-09T18:28:57.230+0000] {dagbag.py:540} INFO - Filling up the DagBag from /home/airflow/.local/lib/python3.12/site-packages/airflow/example_dags/example_branch_python_dop_operator_3.py
[2025-08-09T18:28:57.255+0000] {processor.py:840} INFO - DAG(s) 'example_branch_dop_operator_v3' retrieved from /home/airflow/.local/lib/python3.12/site-packages/airflow/example_dags/example_branch_python_dop_operator_3.py
[2025-08-09T18:28:57.343+0000] {logging_mixin.py:188} INFO - [2025-08-09T18:28:57.343+0000] {dag.py:3096} INFO - Sync 1 DAGs
[2025-08-09T18:28:57.444+0000] {logging_mixin.py:188} INFO - [2025-08-09T18:28:57.443+0000] {dag.py:3954} INFO - Setting next_dagrun for example_branch_dop_operator_v3 to 2025-08-09 18:27:00+00:00, run_after=2025-08-09 18:28:00+00:00
[2025-08-09T18:28:57.534+0000] {processor.py:183} INFO - Processing /home/airflow/.local/lib/python3.12/site-packages/airflow/example_dags/example_branch_python_dop_operator_3.py took 0.323 seconds
[2025-08-09T18:29:28.209+0000] {processor.py:161} INFO - Started process (PID=328) to work on /home/airflow/.local/lib/python3.12/site-packages/airflow/example_dags/example_branch_python_dop_operator_3.py
[2025-08-09T18:29:28.213+0000] {processor.py:830} INFO - Processing file /home/airflow/.local/lib/python3.12/site-packages/airflow/example_dags/example_branch_python_dop_operator_3.py for tasks to queue
[2025-08-09T18:29:28.220+0000] {logging_mixin.py:188} INFO - [2025-08-09T18:29:28.218+0000] {dagbag.py:540} INFO - Filling up the DagBag from /home/airflow/.local/lib/python3.12/site-packages/airflow/example_dags/example_branch_python_dop_operator_3.py
[2025-08-09T18:29:28.244+0000] {processor.py:840} INFO - DAG(s) 'example_branch_dop_operator_v3' retrieved from /home/airflow/.local/lib/python3.12/site-packages/airflow/example_dags/example_branch_python_dop_operator_3.py
[2025-08-09T18:29:28.299+0000] {logging_mixin.py:188} INFO - [2025-08-09T18:29:28.299+0000] {dag.py:3096} INFO - Sync 1 DAGs
[2025-08-09T18:29:28.454+0000] {logging_mixin.py:188} INFO - [2025-08-09T18:29:28.453+0000] {dag.py:3954} INFO - Setting next_dagrun for example_branch_dop_operator_v3 to 2025-08-09 18:28:00+00:00, run_after=2025-08-09 18:29:00+00:00
[2025-08-09T18:29:28.567+0000] {processor.py:183} INFO - Processing /home/airflow/.local/lib/python3.12/site-packages/airflow/example_dags/example_branch_python_dop_operator_3.py took 0.378 seconds
[2025-08-09T18:29:58.663+0000] {processor.py:161} INFO - Started process (PID=387) to work on /home/airflow/.local/lib/python3.12/site-packages/airflow/example_dags/example_branch_python_dop_operator_3.py
[2025-08-09T18:29:58.664+0000] {processor.py:830} INFO - Processing file /home/airflow/.local/lib/python3.12/site-packages/airflow/example_dags/example_branch_python_dop_operator_3.py for tasks to queue
[2025-08-09T18:29:58.667+0000] {logging_mixin.py:188} INFO - [2025-08-09T18:29:58.667+0000] {dagbag.py:540} INFO - Filling up the DagBag from /home/airflow/.local/lib/python3.12/site-packages/airflow/example_dags/example_branch_python_dop_operator_3.py
[2025-08-09T18:29:58.682+0000] {processor.py:840} INFO - DAG(s) 'example_branch_dop_operator_v3' retrieved from /home/airflow/.local/lib/python3.12/site-packages/airflow/example_dags/example_branch_python_dop_operator_3.py
[2025-08-09T18:29:58.743+0000] {logging_mixin.py:188} INFO - [2025-08-09T18:29:58.742+0000] {dag.py:3096} INFO - Sync 1 DAGs
[2025-08-09T18:29:58.824+0000] {logging_mixin.py:188} INFO - [2025-08-09T18:29:58.824+0000] {dag.py:3954} INFO - Setting next_dagrun for example_branch_dop_operator_v3 to 2025-08-09 18:28:00+00:00, run_after=2025-08-09 18:29:00+00:00
[2025-08-09T18:29:58.881+0000] {processor.py:183} INFO - Processing /home/airflow/.local/lib/python3.12/site-packages/airflow/example_dags/example_branch_python_dop_operator_3.py took 0.228 seconds
[2025-08-09T18:30:29.472+0000] {processor.py:161} INFO - Started process (PID=447) to work on /home/airflow/.local/lib/python3.12/site-packages/airflow/example_dags/example_branch_python_dop_operator_3.py
[2025-08-09T18:30:29.474+0000] {processor.py:830} INFO - Processing file /home/airflow/.local/lib/python3.12/site-packages/airflow/example_dags/example_branch_python_dop_operator_3.py for tasks to queue
[2025-08-09T18:30:29.479+0000] {logging_mixin.py:188} INFO - [2025-08-09T18:30:29.478+0000] {dagbag.py:540} INFO - Filling up the DagBag from /home/airflow/.local/lib/python3.12/site-packages/airflow/example_dags/example_branch_python_dop_operator_3.py
[2025-08-09T18:30:29.493+0000] {processor.py:840} INFO - DAG(s) 'example_branch_dop_operator_v3' retrieved from /home/airflow/.local/lib/python3.12/site-packages/airflow/example_dags/example_branch_python_dop_operator_3.py
[2025-08-09T18:30:29.517+0000] {logging_mixin.py:188} INFO - [2025-08-09T18:30:29.517+0000] {dag.py:3096} INFO - Sync 1 DAGs
[2025-08-09T18:30:29.553+0000] {logging_mixin.py:188} INFO - [2025-08-09T18:30:29.553+0000] {dag.py:3954} INFO - Setting next_dagrun for example_branch_dop_operator_v3 to 2025-08-09 18:29:00+00:00, run_after=2025-08-09 18:30:00+00:00
[2025-08-09T18:30:29.602+0000] {processor.py:183} INFO - Processing /home/airflow/.local/lib/python3.12/site-packages/airflow/example_dags/example_branch_python_dop_operator_3.py took 0.144 seconds
[2025-08-09T18:31:00.267+0000] {processor.py:161} INFO - Started process (PID=506) to work on /home/airflow/.local/lib/python3.12/site-packages/airflow/example_dags/example_branch_python_dop_operator_3.py
[2025-08-09T18:31:00.269+0000] {processor.py:830} INFO - Processing file /home/airflow/.local/lib/python3.12/site-packages/airflow/example_dags/example_branch_python_dop_operator_3.py for tasks to queue
[2025-08-09T18:31:00.272+0000] {logging_mixin.py:188} INFO - [2025-08-09T18:31:00.272+0000] {dagbag.py:540} INFO - Filling up the DagBag from /home/airflow/.local/lib/python3.12/site-packages/airflow/example_dags/example_branch_python_dop_operator_3.py
[2025-08-09T18:31:00.285+0000] {processor.py:840} INFO - DAG(s) 'example_branch_dop_operator_v3' retrieved from /home/airflow/.local/lib/python3.12/site-packages/airflow/example_dags/example_branch_python_dop_operator_3.py
[2025-08-09T18:31:00.315+0000] {logging_mixin.py:188} INFO - [2025-08-09T18:31:00.315+0000] {dag.py:3096} INFO - Sync 1 DAGs
[2025-08-09T18:31:00.351+0000] {logging_mixin.py:188} INFO - [2025-08-09T18:31:00.351+0000] {dag.py:3954} INFO - Setting next_dagrun for example_branch_dop_operator_v3 to 2025-08-09 18:30:00+00:00, run_after=2025-08-09 18:31:00+00:00
[2025-08-09T18:31:00.376+0000] {processor.py:183} INFO - Processing /home/airflow/.local/lib/python3.12/site-packages/airflow/example_dags/example_branch_python_dop_operator_3.py took 0.117 seconds
[2025-08-09T18:31:30.730+0000] {processor.py:161} INFO - Started process (PID=565) to work on /home/airflow/.local/lib/python3.12/site-packages/airflow/example_dags/example_branch_python_dop_operator_3.py
[2025-08-09T18:31:30.731+0000] {processor.py:830} INFO - Processing file /home/airflow/.local/lib/python3.12/site-packages/airflow/example_dags/example_branch_python_dop_operator_3.py for tasks to queue
[2025-08-09T18:31:30.734+0000] {logging_mixin.py:188} INFO - [2025-08-09T18:31:30.733+0000] {dagbag.py:540} INFO - Filling up the DagBag from /home/airflow/.local/lib/python3.12/site-packages/airflow/example_dags/example_branch_python_dop_operator_3.py
[2025-08-09T18:31:30.746+0000] {processor.py:840} INFO - DAG(s) 'example_branch_dop_operator_v3' retrieved from /home/airflow/.local/lib/python3.12/site-packages/airflow/example_dags/example_branch_python_dop_operator_3.py
[2025-08-09T18:31:30.773+0000] {logging_mixin.py:188} INFO - [2025-08-09T18:31:30.773+0000] {dag.py:3096} INFO - Sync 1 DAGs
[2025-08-09T18:31:30.807+0000] {logging_mixin.py:188} INFO - [2025-08-09T18:31:30.806+0000] {dag.py:3954} INFO - Setting next_dagrun for example_branch_dop_operator_v3 to 2025-08-09 18:30:00+00:00, run_after=2025-08-09 18:31:00+00:00
[2025-08-09T18:31:30.842+0000] {processor.py:183} INFO - Processing /home/airflow/.local/lib/python3.12/site-packages/airflow/example_dags/example_branch_python_dop_operator_3.py took 0.120 seconds
[2025-08-09T18:32:01.421+0000] {processor.py:161} INFO - Started process (PID=624) to work on /home/airflow/.local/lib/python3.12/site-packages/airflow/example_dags/example_branch_python_dop_operator_3.py
[2025-08-09T18:32:01.422+0000] {processor.py:830} INFO - Processing file /home/airflow/.local/lib/python3.12/site-packages/airflow/example_dags/example_branch_python_dop_operator_3.py for tasks to queue
[2025-08-09T18:32:01.425+0000] {logging_mixin.py:188} INFO - [2025-08-09T18:32:01.424+0000] {dagbag.py:540} INFO - Filling up the DagBag from /home/airflow/.local/lib/python3.12/site-packages/airflow/example_dags/example_branch_python_dop_operator_3.py
[2025-08-09T18:32:01.435+0000] {processor.py:840} INFO - DAG(s) 'example_branch_dop_operator_v3' retrieved from /home/airflow/.local/lib/python3.12/site-packages/airflow/example_dags/example_branch_python_dop_operator_3.py
[2025-08-09T18:32:01.473+0000] {logging_mixin.py:188} INFO - [2025-08-09T18:32:01.472+0000] {dag.py:3096} INFO - Sync 1 DAGs
[2025-08-09T18:32:01.506+0000] {logging_mixin.py:188} INFO - [2025-08-09T18:32:01.505+0000] {dag.py:3954} INFO - Setting next_dagrun for example_branch_dop_operator_v3 to 2025-08-09 18:31:00+00:00, run_after=2025-08-09 18:32:00+00:00
[2025-08-09T18:32:01.542+0000] {processor.py:183} INFO - Processing /home/airflow/.local/lib/python3.12/site-packages/airflow/example_dags/example_branch_python_dop_operator_3.py took 0.129 seconds
[2025-08-09T18:32:31.666+0000] {processor.py:161} INFO - Started process (PID=683) to work on /home/airflow/.local/lib/python3.12/site-packages/airflow/example_dags/example_branch_python_dop_operator_3.py
[2025-08-09T18:32:31.667+0000] {processor.py:830} INFO - Processing file /home/airflow/.local/lib/python3.12/site-packages/airflow/example_dags/example_branch_python_dop_operator_3.py for tasks to queue
[2025-08-09T18:32:31.670+0000] {logging_mixin.py:188} INFO - [2025-08-09T18:32:31.669+0000] {dagbag.py:540} INFO - Filling up the DagBag from /home/airflow/.local/lib/python3.12/site-packages/airflow/example_dags/example_branch_python_dop_operator_3.py
[2025-08-09T18:32:31.682+0000] {processor.py:840} INFO - DAG(s) 'example_branch_dop_operator_v3' retrieved from /home/airflow/.local/lib/python3.12/site-packages/airflow/example_dags/example_branch_python_dop_operator_3.py
[2025-08-09T18:32:31.705+0000] {logging_mixin.py:188} INFO - [2025-08-09T18:32:31.705+0000] {dag.py:3096} INFO - Sync 1 DAGs
[2025-08-09T18:32:31.752+0000] {logging_mixin.py:188} INFO - [2025-08-09T18:32:31.751+0000] {dag.py:3954} INFO - Setting next_dagrun for example_branch_dop_operator_v3 to 2025-08-09 18:31:00+00:00, run_after=2025-08-09 18:32:00+00:00
[2025-08-09T18:32:31.796+0000] {processor.py:183} INFO - Processing /home/airflow/.local/lib/python3.12/site-packages/airflow/example_dags/example_branch_python_dop_operator_3.py took 0.137 seconds
[2025-08-09T18:33:02.042+0000] {processor.py:161} INFO - Started process (PID=742) to work on /home/airflow/.local/lib/python3.12/site-packages/airflow/example_dags/example_branch_python_dop_operator_3.py
[2025-08-09T18:33:02.044+0000] {processor.py:830} INFO - Processing file /home/airflow/.local/lib/python3.12/site-packages/airflow/example_dags/example_branch_python_dop_operator_3.py for tasks to queue
[2025-08-09T18:33:02.046+0000] {logging_mixin.py:188} INFO - [2025-08-09T18:33:02.045+0000] {dagbag.py:540} INFO - Filling up the DagBag from /home/airflow/.local/lib/python3.12/site-packages/airflow/example_dags/example_branch_python_dop_operator_3.py
[2025-08-09T18:33:02.056+0000] {processor.py:840} INFO - DAG(s) 'example_branch_dop_operator_v3' retrieved from /home/airflow/.local/lib/python3.12/site-packages/airflow/example_dags/example_branch_python_dop_operator_3.py
[2025-08-09T18:33:02.078+0000] {logging_mixin.py:188} INFO - [2025-08-09T18:33:02.078+0000] {dag.py:3096} INFO - Sync 1 DAGs
[2025-08-09T18:33:02.108+0000] {logging_mixin.py:188} INFO - [2025-08-09T18:33:02.108+0000] {dag.py:3954} INFO - Setting next_dagrun for example_branch_dop_operator_v3 to 2025-08-09 18:32:00+00:00, run_after=2025-08-09 18:33:00+00:00
[2025-08-09T18:33:02.144+0000] {processor.py:183} INFO - Processing /home/airflow/.local/lib/python3.12/site-packages/airflow/example_dags/example_branch_python_dop_operator_3.py took 0.108 seconds
[2025-08-09T18:33:32.728+0000] {processor.py:161} INFO - Started process (PID=801) to work on /home/airflow/.local/lib/python3.12/site-packages/airflow/example_dags/example_branch_python_dop_operator_3.py
[2025-08-09T18:33:32.730+0000] {processor.py:830} INFO - Processing file /home/airflow/.local/lib/python3.12/site-packages/airflow/example_dags/example_branch_python_dop_operator_3.py for tasks to queue
[2025-08-09T18:33:32.733+0000] {logging_mixin.py:188} INFO - [2025-08-09T18:33:32.732+0000] {dagbag.py:540} INFO - Filling up the DagBag from /home/airflow/.local/lib/python3.12/site-packages/airflow/example_dags/example_branch_python_dop_operator_3.py
[2025-08-09T18:33:32.747+0000] {processor.py:840} INFO - DAG(s) 'example_branch_dop_operator_v3' retrieved from /home/airflow/.local/lib/python3.12/site-packages/airflow/example_dags/example_branch_python_dop_operator_3.py
[2025-08-09T18:33:32.784+0000] {logging_mixin.py:188} INFO - [2025-08-09T18:33:32.784+0000] {dag.py:3096} INFO - Sync 1 DAGs
[2025-08-09T18:33:32.837+0000] {logging_mixin.py:188} INFO - [2025-08-09T18:33:32.836+0000] {dag.py:3954} INFO - Setting next_dagrun for example_branch_dop_operator_v3 to 2025-08-09 18:32:00+00:00, run_after=2025-08-09 18:33:00+00:00
[2025-08-09T18:33:32.869+0000] {processor.py:183} INFO - Processing /home/airflow/.local/lib/python3.12/site-packages/airflow/example_dags/example_branch_python_dop_operator_3.py took 0.152 seconds
[2025-08-09T18:34:03.385+0000] {processor.py:161} INFO - Started process (PID=861) to work on /home/airflow/.local/lib/python3.12/site-packages/airflow/example_dags/example_branch_python_dop_operator_3.py
[2025-08-09T18:34:03.388+0000] {processor.py:830} INFO - Processing file /home/airflow/.local/lib/python3.12/site-packages/airflow/example_dags/example_branch_python_dop_operator_3.py for tasks to queue
[2025-08-09T18:34:03.392+0000] {logging_mixin.py:188} INFO - [2025-08-09T18:34:03.391+0000] {dagbag.py:540} INFO - Filling up the DagBag from /home/airflow/.local/lib/python3.12/site-packages/airflow/example_dags/example_branch_python_dop_operator_3.py
[2025-08-09T18:34:03.418+0000] {processor.py:840} INFO - DAG(s) 'example_branch_dop_operator_v3' retrieved from /home/airflow/.local/lib/python3.12/site-packages/airflow/example_dags/example_branch_python_dop_operator_3.py
[2025-08-09T18:34:03.468+0000] {logging_mixin.py:188} INFO - [2025-08-09T18:34:03.467+0000] {dag.py:3096} INFO - Sync 1 DAGs
[2025-08-09T18:34:03.545+0000] {logging_mixin.py:188} INFO - [2025-08-09T18:34:03.544+0000] {dag.py:3954} INFO - Setting next_dagrun for example_branch_dop_operator_v3 to 2025-08-09 18:33:00+00:00, run_after=2025-08-09 18:34:00+00:00
[2025-08-09T18:34:03.957+0000] {processor.py:183} INFO - Processing /home/airflow/.local/lib/python3.12/site-packages/airflow/example_dags/example_branch_python_dop_operator_3.py took 0.589 seconds
[2025-08-09T18:34:34.744+0000] {processor.py:161} INFO - Started process (PID=920) to work on /home/airflow/.local/lib/python3.12/site-packages/airflow/example_dags/example_branch_python_dop_operator_3.py
[2025-08-09T18:34:34.745+0000] {processor.py:830} INFO - Processing file /home/airflow/.local/lib/python3.12/site-packages/airflow/example_dags/example_branch_python_dop_operator_3.py for tasks to queue
[2025-08-09T18:34:34.748+0000] {logging_mixin.py:188} INFO - [2025-08-09T18:34:34.747+0000] {dagbag.py:540} INFO - Filling up the DagBag from /home/airflow/.local/lib/python3.12/site-packages/airflow/example_dags/example_branch_python_dop_operator_3.py
[2025-08-09T18:34:34.761+0000] {processor.py:840} INFO - DAG(s) 'example_branch_dop_operator_v3' retrieved from /home/airflow/.local/lib/python3.12/site-packages/airflow/example_dags/example_branch_python_dop_operator_3.py
[2025-08-09T18:34:34.797+0000] {logging_mixin.py:188} INFO - [2025-08-09T18:34:34.796+0000] {dag.py:3096} INFO - Sync 1 DAGs
[2025-08-09T18:34:34.864+0000] {logging_mixin.py:188} INFO - [2025-08-09T18:34:34.863+0000] {dag.py:3954} INFO - Setting next_dagrun for example_branch_dop_operator_v3 to 2025-08-09 18:33:00+00:00, run_after=2025-08-09 18:34:00+00:00
[2025-08-09T18:34:34.905+0000] {processor.py:183} INFO - Processing /home/airflow/.local/lib/python3.12/site-packages/airflow/example_dags/example_branch_python_dop_operator_3.py took 0.172 seconds
[2025-08-09T18:35:05.234+0000] {processor.py:161} INFO - Started process (PID=985) to work on /home/airflow/.local/lib/python3.12/site-packages/airflow/example_dags/example_branch_python_dop_operator_3.py
[2025-08-09T18:35:05.236+0000] {processor.py:830} INFO - Processing file /home/airflow/.local/lib/python3.12/site-packages/airflow/example_dags/example_branch_python_dop_operator_3.py for tasks to queue
[2025-08-09T18:35:05.240+0000] {logging_mixin.py:188} INFO - [2025-08-09T18:35:05.240+0000] {dagbag.py:540} INFO - Filling up the DagBag from /home/airflow/.local/lib/python3.12/site-packages/airflow/example_dags/example_branch_python_dop_operator_3.py
[2025-08-09T18:35:05.259+0000] {processor.py:840} INFO - DAG(s) 'example_branch_dop_operator_v3' retrieved from /home/airflow/.local/lib/python3.12/site-packages/airflow/example_dags/example_branch_python_dop_operator_3.py
[2025-08-09T18:35:05.335+0000] {logging_mixin.py:188} INFO - [2025-08-09T18:35:05.334+0000] {dag.py:3096} INFO - Sync 1 DAGs
[2025-08-09T18:35:05.468+0000] {logging_mixin.py:188} INFO - [2025-08-09T18:35:05.467+0000] {dag.py:3954} INFO - Setting next_dagrun for example_branch_dop_operator_v3 to 2025-08-09 18:34:00+00:00, run_after=2025-08-09 18:35:00+00:00
[2025-08-09T18:35:05.621+0000] {processor.py:183} INFO - Processing /home/airflow/.local/lib/python3.12/site-packages/airflow/example_dags/example_branch_python_dop_operator_3.py took 0.401 seconds
[2025-08-09T18:35:36.356+0000] {processor.py:161} INFO - Started process (PID=1044) to work on /home/airflow/.local/lib/python3.12/site-packages/airflow/example_dags/example_branch_python_dop_operator_3.py
[2025-08-09T18:35:36.358+0000] {processor.py:830} INFO - Processing file /home/airflow/.local/lib/python3.12/site-packages/airflow/example_dags/example_branch_python_dop_operator_3.py for tasks to queue
[2025-08-09T18:35:36.361+0000] {logging_mixin.py:188} INFO - [2025-08-09T18:35:36.360+0000] {dagbag.py:540} INFO - Filling up the DagBag from /home/airflow/.local/lib/python3.12/site-packages/airflow/example_dags/example_branch_python_dop_operator_3.py
[2025-08-09T18:35:36.375+0000] {processor.py:840} INFO - DAG(s) 'example_branch_dop_operator_v3' retrieved from /home/airflow/.local/lib/python3.12/site-packages/airflow/example_dags/example_branch_python_dop_operator_3.py
[2025-08-09T18:35:36.413+0000] {logging_mixin.py:188} INFO - [2025-08-09T18:35:36.411+0000] {dag.py:3096} INFO - Sync 1 DAGs
[2025-08-09T18:35:36.463+0000] {logging_mixin.py:188} INFO - [2025-08-09T18:35:36.461+0000] {dag.py:3954} INFO - Setting next_dagrun for example_branch_dop_operator_v3 to 2025-08-09 18:34:00+00:00, run_after=2025-08-09 18:35:00+00:00
[2025-08-09T18:35:36.514+0000] {processor.py:183} INFO - Processing /home/airflow/.local/lib/python3.12/site-packages/airflow/example_dags/example_branch_python_dop_operator_3.py took 0.166 seconds
[2025-08-09T18:36:06.697+0000] {processor.py:161} INFO - Started process (PID=1103) to work on /home/airflow/.local/lib/python3.12/site-packages/airflow/example_dags/example_branch_python_dop_operator_3.py
[2025-08-09T18:36:06.698+0000] {processor.py:830} INFO - Processing file /home/airflow/.local/lib/python3.12/site-packages/airflow/example_dags/example_branch_python_dop_operator_3.py for tasks to queue
[2025-08-09T18:36:06.700+0000] {logging_mixin.py:188} INFO - [2025-08-09T18:36:06.700+0000] {dagbag.py:540} INFO - Filling up the DagBag from /home/airflow/.local/lib/python3.12/site-packages/airflow/example_dags/example_branch_python_dop_operator_3.py
[2025-08-09T18:36:06.711+0000] {processor.py:840} INFO - DAG(s) 'example_branch_dop_operator_v3' retrieved from /home/airflow/.local/lib/python3.12/site-packages/airflow/example_dags/example_branch_python_dop_operator_3.py
[2025-08-09T18:36:06.739+0000] {logging_mixin.py:188} INFO - [2025-08-09T18:36:06.739+0000] {dag.py:3096} INFO - Sync 1 DAGs
[2025-08-09T18:36:06.770+0000] {logging_mixin.py:188} INFO - [2025-08-09T18:36:06.770+0000] {dag.py:3954} INFO - Setting next_dagrun for example_branch_dop_operator_v3 to 2025-08-09 18:35:00+00:00, run_after=2025-08-09 18:36:00+00:00
[2025-08-09T18:36:06.812+0000] {processor.py:183} INFO - Processing /home/airflow/.local/lib/python3.12/site-packages/airflow/example_dags/example_branch_python_dop_operator_3.py took 0.123 seconds
[2025-08-09T18:36:37.482+0000] {processor.py:161} INFO - Started process (PID=1162) to work on /home/airflow/.local/lib/python3.12/site-packages/airflow/example_dags/example_branch_python_dop_operator_3.py
[2025-08-09T18:36:37.484+0000] {processor.py:830} INFO - Processing file /home/airflow/.local/lib/python3.12/site-packages/airflow/example_dags/example_branch_python_dop_operator_3.py for tasks to queue
[2025-08-09T18:36:37.486+0000] {logging_mixin.py:188} INFO - [2025-08-09T18:36:37.486+0000] {dagbag.py:540} INFO - Filling up the DagBag from /home/airflow/.local/lib/python3.12/site-packages/airflow/example_dags/example_branch_python_dop_operator_3.py
[2025-08-09T18:36:37.497+0000] {processor.py:840} INFO - DAG(s) 'example_branch_dop_operator_v3' retrieved from /home/airflow/.local/lib/python3.12/site-packages/airflow/example_dags/example_branch_python_dop_operator_3.py
[2025-08-09T18:36:37.521+0000] {logging_mixin.py:188} INFO - [2025-08-09T18:36:37.520+0000] {dag.py:3096} INFO - Sync 1 DAGs
[2025-08-09T18:36:37.558+0000] {logging_mixin.py:188} INFO - [2025-08-09T18:36:37.557+0000] {dag.py:3954} INFO - Setting next_dagrun for example_branch_dop_operator_v3 to 2025-08-09 18:35:00+00:00, run_after=2025-08-09 18:36:00+00:00
[2025-08-09T18:36:37.601+0000] {processor.py:183} INFO - Processing /home/airflow/.local/lib/python3.12/site-packages/airflow/example_dags/example_branch_python_dop_operator_3.py took 0.126 seconds
[2025-08-09T18:37:07.721+0000] {processor.py:161} INFO - Started process (PID=1221) to work on /home/airflow/.local/lib/python3.12/site-packages/airflow/example_dags/example_branch_python_dop_operator_3.py
[2025-08-09T18:37:07.723+0000] {processor.py:830} INFO - Processing file /home/airflow/.local/lib/python3.12/site-packages/airflow/example_dags/example_branch_python_dop_operator_3.py for tasks to queue
[2025-08-09T18:37:07.727+0000] {logging_mixin.py:188} INFO - [2025-08-09T18:37:07.726+0000] {dagbag.py:540} INFO - Filling up the DagBag from /home/airflow/.local/lib/python3.12/site-packages/airflow/example_dags/example_branch_python_dop_operator_3.py
[2025-08-09T18:37:07.741+0000] {processor.py:840} INFO - DAG(s) 'example_branch_dop_operator_v3' retrieved from /home/airflow/.local/lib/python3.12/site-packages/airflow/example_dags/example_branch_python_dop_operator_3.py
[2025-08-09T18:37:07.766+0000] {logging_mixin.py:188} INFO - [2025-08-09T18:37:07.766+0000] {dag.py:3096} INFO - Sync 1 DAGs
[2025-08-09T18:37:07.807+0000] {logging_mixin.py:188} INFO - [2025-08-09T18:37:07.807+0000] {dag.py:3954} INFO - Setting next_dagrun for example_branch_dop_operator_v3 to 2025-08-09 18:36:00+00:00, run_after=2025-08-09 18:37:00+00:00
[2025-08-09T18:37:07.844+0000] {processor.py:183} INFO - Processing /home/airflow/.local/lib/python3.12/site-packages/airflow/example_dags/example_branch_python_dop_operator_3.py took 0.137 seconds
[2025-08-09T18:37:38.522+0000] {processor.py:161} INFO - Started process (PID=1280) to work on /home/airflow/.local/lib/python3.12/site-packages/airflow/example_dags/example_branch_python_dop_operator_3.py
[2025-08-09T18:37:38.526+0000] {processor.py:830} INFO - Processing file /home/airflow/.local/lib/python3.12/site-packages/airflow/example_dags/example_branch_python_dop_operator_3.py for tasks to queue
[2025-08-09T18:37:38.529+0000] {logging_mixin.py:188} INFO - [2025-08-09T18:37:38.528+0000] {dagbag.py:540} INFO - Filling up the DagBag from /home/airflow/.local/lib/python3.12/site-packages/airflow/example_dags/example_branch_python_dop_operator_3.py
[2025-08-09T18:37:38.547+0000] {processor.py:840} INFO - DAG(s) 'example_branch_dop_operator_v3' retrieved from /home/airflow/.local/lib/python3.12/site-packages/airflow/example_dags/example_branch_python_dop_operator_3.py
[2025-08-09T18:37:38.581+0000] {logging_mixin.py:188} INFO - [2025-08-09T18:37:38.580+0000] {dag.py:3096} INFO - Sync 1 DAGs
[2025-08-09T18:37:38.634+0000] {logging_mixin.py:188} INFO - [2025-08-09T18:37:38.634+0000] {dag.py:3954} INFO - Setting next_dagrun for example_branch_dop_operator_v3 to 2025-08-09 18:36:00+00:00, run_after=2025-08-09 18:37:00+00:00
[2025-08-09T18:37:38.662+0000] {processor.py:183} INFO - Processing /home/airflow/.local/lib/python3.12/site-packages/airflow/example_dags/example_branch_python_dop_operator_3.py took 0.153 seconds
[2025-08-09T18:38:09.062+0000] {processor.py:161} INFO - Started process (PID=1339) to work on /home/airflow/.local/lib/python3.12/site-packages/airflow/example_dags/example_branch_python_dop_operator_3.py
[2025-08-09T18:38:09.063+0000] {processor.py:830} INFO - Processing file /home/airflow/.local/lib/python3.12/site-packages/airflow/example_dags/example_branch_python_dop_operator_3.py for tasks to queue
[2025-08-09T18:38:09.066+0000] {logging_mixin.py:188} INFO - [2025-08-09T18:38:09.066+0000] {dagbag.py:540} INFO - Filling up the DagBag from /home/airflow/.local/lib/python3.12/site-packages/airflow/example_dags/example_branch_python_dop_operator_3.py
[2025-08-09T18:38:09.087+0000] {processor.py:840} INFO - DAG(s) 'example_branch_dop_operator_v3' retrieved from /home/airflow/.local/lib/python3.12/site-packages/airflow/example_dags/example_branch_python_dop_operator_3.py
[2025-08-09T18:38:09.128+0000] {logging_mixin.py:188} INFO - [2025-08-09T18:38:09.127+0000] {dag.py:3096} INFO - Sync 1 DAGs
[2025-08-09T18:38:09.187+0000] {logging_mixin.py:188} INFO - [2025-08-09T18:38:09.187+0000] {dag.py:3954} INFO - Setting next_dagrun for example_branch_dop_operator_v3 to 2025-08-09 18:37:00+00:00, run_after=2025-08-09 18:38:00+00:00
[2025-08-09T18:38:09.218+0000] {processor.py:183} INFO - Processing /home/airflow/.local/lib/python3.12/site-packages/airflow/example_dags/example_branch_python_dop_operator_3.py took 0.163 seconds
[2025-08-09T18:38:39.410+0000] {processor.py:161} INFO - Started process (PID=1398) to work on /home/airflow/.local/lib/python3.12/site-packages/airflow/example_dags/example_branch_python_dop_operator_3.py
[2025-08-09T18:38:39.411+0000] {processor.py:830} INFO - Processing file /home/airflow/.local/lib/python3.12/site-packages/airflow/example_dags/example_branch_python_dop_operator_3.py for tasks to queue
[2025-08-09T18:38:39.415+0000] {logging_mixin.py:188} INFO - [2025-08-09T18:38:39.414+0000] {dagbag.py:540} INFO - Filling up the DagBag from /home/airflow/.local/lib/python3.12/site-packages/airflow/example_dags/example_branch_python_dop_operator_3.py
[2025-08-09T18:38:39.426+0000] {processor.py:840} INFO - DAG(s) 'example_branch_dop_operator_v3' retrieved from /home/airflow/.local/lib/python3.12/site-packages/airflow/example_dags/example_branch_python_dop_operator_3.py
[2025-08-09T18:38:39.468+0000] {logging_mixin.py:188} INFO - [2025-08-09T18:38:39.467+0000] {dag.py:3096} INFO - Sync 1 DAGs
[2025-08-09T18:38:39.518+0000] {logging_mixin.py:188} INFO - [2025-08-09T18:38:39.517+0000] {dag.py:3954} INFO - Setting next_dagrun for example_branch_dop_operator_v3 to 2025-08-09 18:37:00+00:00, run_after=2025-08-09 18:38:00+00:00
[2025-08-09T18:38:39.570+0000] {processor.py:183} INFO - Processing /home/airflow/.local/lib/python3.12/site-packages/airflow/example_dags/example_branch_python_dop_operator_3.py took 0.168 seconds
[2025-08-09T18:39:09.734+0000] {processor.py:161} INFO - Started process (PID=1457) to work on /home/airflow/.local/lib/python3.12/site-packages/airflow/example_dags/example_branch_python_dop_operator_3.py
[2025-08-09T18:39:09.736+0000] {processor.py:830} INFO - Processing file /home/airflow/.local/lib/python3.12/site-packages/airflow/example_dags/example_branch_python_dop_operator_3.py for tasks to queue
[2025-08-09T18:39:09.739+0000] {logging_mixin.py:188} INFO - [2025-08-09T18:39:09.738+0000] {dagbag.py:540} INFO - Filling up the DagBag from /home/airflow/.local/lib/python3.12/site-packages/airflow/example_dags/example_branch_python_dop_operator_3.py
[2025-08-09T18:39:09.751+0000] {processor.py:840} INFO - DAG(s) 'example_branch_dop_operator_v3' retrieved from /home/airflow/.local/lib/python3.12/site-packages/airflow/example_dags/example_branch_python_dop_operator_3.py
[2025-08-09T18:39:09.779+0000] {logging_mixin.py:188} INFO - [2025-08-09T18:39:09.779+0000] {dag.py:3096} INFO - Sync 1 DAGs
[2025-08-09T18:39:09.819+0000] {logging_mixin.py:188} INFO - [2025-08-09T18:39:09.819+0000] {dag.py:3954} INFO - Setting next_dagrun for example_branch_dop_operator_v3 to 2025-08-09 18:38:00+00:00, run_after=2025-08-09 18:39:00+00:00
[2025-08-09T18:39:09.857+0000] {processor.py:183} INFO - Processing /home/airflow/.local/lib/python3.12/site-packages/airflow/example_dags/example_branch_python_dop_operator_3.py took 0.133 seconds
[2025-08-09T18:39:40.571+0000] {processor.py:161} INFO - Started process (PID=1516) to work on /home/airflow/.local/lib/python3.12/site-packages/airflow/example_dags/example_branch_python_dop_operator_3.py
[2025-08-09T18:39:40.576+0000] {processor.py:830} INFO - Processing file /home/airflow/.local/lib/python3.12/site-packages/airflow/example_dags/example_branch_python_dop_operator_3.py for tasks to queue
[2025-08-09T18:39:40.584+0000] {logging_mixin.py:188} INFO - [2025-08-09T18:39:40.583+0000] {dagbag.py:540} INFO - Filling up the DagBag from /home/airflow/.local/lib/python3.12/site-packages/airflow/example_dags/example_branch_python_dop_operator_3.py
[2025-08-09T18:39:40.629+0000] {processor.py:840} INFO - DAG(s) 'example_branch_dop_operator_v3' retrieved from /home/airflow/.local/lib/python3.12/site-packages/airflow/example_dags/example_branch_python_dop_operator_3.py
[2025-08-09T18:39:40.747+0000] {logging_mixin.py:188} INFO - [2025-08-09T18:39:40.747+0000] {dag.py:3096} INFO - Sync 1 DAGs
[2025-08-09T18:39:40.887+0000] {logging_mixin.py:188} INFO - [2025-08-09T18:39:40.884+0000] {dag.py:3954} INFO - Setting next_dagrun for example_branch_dop_operator_v3 to 2025-08-09 18:38:00+00:00, run_after=2025-08-09 18:39:00+00:00
[2025-08-09T18:39:40.967+0000] {processor.py:183} INFO - Processing /home/airflow/.local/lib/python3.12/site-packages/airflow/example_dags/example_branch_python_dop_operator_3.py took 0.441 seconds
[2025-08-09T18:40:11.238+0000] {processor.py:161} INFO - Started process (PID=1575) to work on /home/airflow/.local/lib/python3.12/site-packages/airflow/example_dags/example_branch_python_dop_operator_3.py
[2025-08-09T18:40:11.240+0000] {processor.py:830} INFO - Processing file /home/airflow/.local/lib/python3.12/site-packages/airflow/example_dags/example_branch_python_dop_operator_3.py for tasks to queue
[2025-08-09T18:40:11.243+0000] {logging_mixin.py:188} INFO - [2025-08-09T18:40:11.242+0000] {dagbag.py:540} INFO - Filling up the DagBag from /home/airflow/.local/lib/python3.12/site-packages/airflow/example_dags/example_branch_python_dop_operator_3.py
[2025-08-09T18:40:11.256+0000] {processor.py:840} INFO - DAG(s) 'example_branch_dop_operator_v3' retrieved from /home/airflow/.local/lib/python3.12/site-packages/airflow/example_dags/example_branch_python_dop_operator_3.py
[2025-08-09T18:40:11.284+0000] {logging_mixin.py:188} INFO - [2025-08-09T18:40:11.284+0000] {dag.py:3096} INFO - Sync 1 DAGs
[2025-08-09T18:40:11.321+0000] {logging_mixin.py:188} INFO - [2025-08-09T18:40:11.321+0000] {dag.py:3954} INFO - Setting next_dagrun for example_branch_dop_operator_v3 to 2025-08-09 18:39:00+00:00, run_after=2025-08-09 18:40:00+00:00
[2025-08-09T18:40:11.356+0000] {processor.py:183} INFO - Processing /home/airflow/.local/lib/python3.12/site-packages/airflow/example_dags/example_branch_python_dop_operator_3.py took 0.128 seconds
[2025-08-09T18:40:41.701+0000] {processor.py:161} INFO - Started process (PID=1634) to work on /home/airflow/.local/lib/python3.12/site-packages/airflow/example_dags/example_branch_python_dop_operator_3.py
[2025-08-09T18:40:41.702+0000] {processor.py:830} INFO - Processing file /home/airflow/.local/lib/python3.12/site-packages/airflow/example_dags/example_branch_python_dop_operator_3.py for tasks to queue
[2025-08-09T18:40:41.705+0000] {logging_mixin.py:188} INFO - [2025-08-09T18:40:41.705+0000] {dagbag.py:540} INFO - Filling up the DagBag from /home/airflow/.local/lib/python3.12/site-packages/airflow/example_dags/example_branch_python_dop_operator_3.py
[2025-08-09T18:40:41.719+0000] {processor.py:840} INFO - DAG(s) 'example_branch_dop_operator_v3' retrieved from /home/airflow/.local/lib/python3.12/site-packages/airflow/example_dags/example_branch_python_dop_operator_3.py
[2025-08-09T18:40:41.749+0000] {logging_mixin.py:188} INFO - [2025-08-09T18:40:41.749+0000] {dag.py:3096} INFO - Sync 1 DAGs
[2025-08-09T18:40:41.808+0000] {logging_mixin.py:188} INFO - [2025-08-09T18:40:41.808+0000] {dag.py:3954} INFO - Setting next_dagrun for example_branch_dop_operator_v3 to 2025-08-09 18:39:00+00:00, run_after=2025-08-09 18:40:00+00:00
[2025-08-09T18:40:41.844+0000] {processor.py:183} INFO - Processing /home/airflow/.local/lib/python3.12/site-packages/airflow/example_dags/example_branch_python_dop_operator_3.py took 0.152 seconds
[2025-08-09T18:41:12.142+0000] {processor.py:161} INFO - Started process (PID=1692) to work on /home/airflow/.local/lib/python3.12/site-packages/airflow/example_dags/example_branch_python_dop_operator_3.py
[2025-08-09T18:41:12.144+0000] {processor.py:830} INFO - Processing file /home/airflow/.local/lib/python3.12/site-packages/airflow/example_dags/example_branch_python_dop_operator_3.py for tasks to queue
[2025-08-09T18:41:12.148+0000] {logging_mixin.py:188} INFO - [2025-08-09T18:41:12.147+0000] {dagbag.py:540} INFO - Filling up the DagBag from /home/airflow/.local/lib/python3.12/site-packages/airflow/example_dags/example_branch_python_dop_operator_3.py
[2025-08-09T18:41:12.165+0000] {processor.py:840} INFO - DAG(s) 'example_branch_dop_operator_v3' retrieved from /home/airflow/.local/lib/python3.12/site-packages/airflow/example_dags/example_branch_python_dop_operator_3.py
[2025-08-09T18:41:12.198+0000] {logging_mixin.py:188} INFO - [2025-08-09T18:41:12.198+0000] {dag.py:3096} INFO - Sync 1 DAGs
[2025-08-09T18:41:12.244+0000] {logging_mixin.py:188} INFO - [2025-08-09T18:41:12.243+0000] {dag.py:3954} INFO - Setting next_dagrun for example_branch_dop_operator_v3 to 2025-08-09 18:40:00+00:00, run_after=2025-08-09 18:41:00+00:00
[2025-08-09T18:41:12.282+0000] {processor.py:183} INFO - Processing /home/airflow/.local/lib/python3.12/site-packages/airflow/example_dags/example_branch_python_dop_operator_3.py took 0.150 seconds
[2025-08-09T18:41:43.041+0000] {processor.py:161} INFO - Started process (PID=1751) to work on /home/airflow/.local/lib/python3.12/site-packages/airflow/example_dags/example_branch_python_dop_operator_3.py
[2025-08-09T18:41:43.042+0000] {processor.py:830} INFO - Processing file /home/airflow/.local/lib/python3.12/site-packages/airflow/example_dags/example_branch_python_dop_operator_3.py for tasks to queue
[2025-08-09T18:41:43.045+0000] {logging_mixin.py:188} INFO - [2025-08-09T18:41:43.044+0000] {dagbag.py:540} INFO - Filling up the DagBag from /home/airflow/.local/lib/python3.12/site-packages/airflow/example_dags/example_branch_python_dop_operator_3.py
[2025-08-09T18:41:43.061+0000] {processor.py:840} INFO - DAG(s) 'example_branch_dop_operator_v3' retrieved from /home/airflow/.local/lib/python3.12/site-packages/airflow/example_dags/example_branch_python_dop_operator_3.py
[2025-08-09T18:41:43.089+0000] {logging_mixin.py:188} INFO - [2025-08-09T18:41:43.089+0000] {dag.py:3096} INFO - Sync 1 DAGs
[2025-08-09T18:41:43.122+0000] {logging_mixin.py:188} INFO - [2025-08-09T18:41:43.122+0000] {dag.py:3954} INFO - Setting next_dagrun for example_branch_dop_operator_v3 to 2025-08-09 18:40:00+00:00, run_after=2025-08-09 18:41:00+00:00
[2025-08-09T18:41:43.152+0000] {processor.py:183} INFO - Processing /home/airflow/.local/lib/python3.12/site-packages/airflow/example_dags/example_branch_python_dop_operator_3.py took 0.120 seconds
[2025-08-09T18:42:13.916+0000] {processor.py:161} INFO - Started process (PID=1810) to work on /home/airflow/.local/lib/python3.12/site-packages/airflow/example_dags/example_branch_python_dop_operator_3.py
[2025-08-09T18:42:13.917+0000] {processor.py:830} INFO - Processing file /home/airflow/.local/lib/python3.12/site-packages/airflow/example_dags/example_branch_python_dop_operator_3.py for tasks to queue
[2025-08-09T18:42:13.920+0000] {logging_mixin.py:188} INFO - [2025-08-09T18:42:13.919+0000] {dagbag.py:540} INFO - Filling up the DagBag from /home/airflow/.local/lib/python3.12/site-packages/airflow/example_dags/example_branch_python_dop_operator_3.py
[2025-08-09T18:42:13.932+0000] {processor.py:840} INFO - DAG(s) 'example_branch_dop_operator_v3' retrieved from /home/airflow/.local/lib/python3.12/site-packages/airflow/example_dags/example_branch_python_dop_operator_3.py
[2025-08-09T18:42:13.956+0000] {logging_mixin.py:188} INFO - [2025-08-09T18:42:13.956+0000] {dag.py:3096} INFO - Sync 1 DAGs
[2025-08-09T18:42:13.987+0000] {logging_mixin.py:188} INFO - [2025-08-09T18:42:13.986+0000] {dag.py:3954} INFO - Setting next_dagrun for example_branch_dop_operator_v3 to 2025-08-09 18:41:00+00:00, run_after=2025-08-09 18:42:00+00:00
[2025-08-09T18:42:14.030+0000] {processor.py:183} INFO - Processing /home/airflow/.local/lib/python3.12/site-packages/airflow/example_dags/example_branch_python_dop_operator_3.py took 0.122 seconds
[2025-08-09T18:42:44.492+0000] {processor.py:161} INFO - Started process (PID=1869) to work on /home/airflow/.local/lib/python3.12/site-packages/airflow/example_dags/example_branch_python_dop_operator_3.py
[2025-08-09T18:42:44.494+0000] {processor.py:830} INFO - Processing file /home/airflow/.local/lib/python3.12/site-packages/airflow/example_dags/example_branch_python_dop_operator_3.py for tasks to queue
[2025-08-09T18:42:44.497+0000] {logging_mixin.py:188} INFO - [2025-08-09T18:42:44.496+0000] {dagbag.py:540} INFO - Filling up the DagBag from /home/airflow/.local/lib/python3.12/site-packages/airflow/example_dags/example_branch_python_dop_operator_3.py
[2025-08-09T18:42:44.512+0000] {processor.py:840} INFO - DAG(s) 'example_branch_dop_operator_v3' retrieved from /home/airflow/.local/lib/python3.12/site-packages/airflow/example_dags/example_branch_python_dop_operator_3.py
[2025-08-09T18:42:44.548+0000] {logging_mixin.py:188} INFO - [2025-08-09T18:42:44.548+0000] {dag.py:3096} INFO - Sync 1 DAGs
[2025-08-09T18:42:44.592+0000] {logging_mixin.py:188} INFO - [2025-08-09T18:42:44.592+0000] {dag.py:3954} INFO - Setting next_dagrun for example_branch_dop_operator_v3 to 2025-08-09 18:41:00+00:00, run_after=2025-08-09 18:42:00+00:00
[2025-08-09T18:42:44.630+0000] {processor.py:183} INFO - Processing /home/airflow/.local/lib/python3.12/site-packages/airflow/example_dags/example_branch_python_dop_operator_3.py took 0.149 seconds
[2025-08-09T18:43:14.774+0000] {processor.py:161} INFO - Started process (PID=1928) to work on /home/airflow/.local/lib/python3.12/site-packages/airflow/example_dags/example_branch_python_dop_operator_3.py
[2025-08-09T18:43:14.776+0000] {processor.py:830} INFO - Processing file /home/airflow/.local/lib/python3.12/site-packages/airflow/example_dags/example_branch_python_dop_operator_3.py for tasks to queue
[2025-08-09T18:43:14.778+0000] {logging_mixin.py:188} INFO - [2025-08-09T18:43:14.778+0000] {dagbag.py:540} INFO - Filling up the DagBag from /home/airflow/.local/lib/python3.12/site-packages/airflow/example_dags/example_branch_python_dop_operator_3.py
[2025-08-09T18:43:14.790+0000] {processor.py:840} INFO - DAG(s) 'example_branch_dop_operator_v3' retrieved from /home/airflow/.local/lib/python3.12/site-packages/airflow/example_dags/example_branch_python_dop_operator_3.py
[2025-08-09T18:43:14.814+0000] {logging_mixin.py:188} INFO - [2025-08-09T18:43:14.814+0000] {dag.py:3096} INFO - Sync 1 DAGs
[2025-08-09T18:43:14.850+0000] {logging_mixin.py:188} INFO - [2025-08-09T18:43:14.850+0000] {dag.py:3954} INFO - Setting next_dagrun for example_branch_dop_operator_v3 to 2025-08-09 18:42:00+00:00, run_after=2025-08-09 18:43:00+00:00
[2025-08-09T18:43:14.884+0000] {processor.py:183} INFO - Processing /home/airflow/.local/lib/python3.12/site-packages/airflow/example_dags/example_branch_python_dop_operator_3.py took 0.123 seconds
[2025-08-09T18:43:45.785+0000] {processor.py:161} INFO - Started process (PID=1987) to work on /home/airflow/.local/lib/python3.12/site-packages/airflow/example_dags/example_branch_python_dop_operator_3.py
[2025-08-09T18:43:45.786+0000] {processor.py:830} INFO - Processing file /home/airflow/.local/lib/python3.12/site-packages/airflow/example_dags/example_branch_python_dop_operator_3.py for tasks to queue
[2025-08-09T18:43:45.790+0000] {logging_mixin.py:188} INFO - [2025-08-09T18:43:45.789+0000] {dagbag.py:540} INFO - Filling up the DagBag from /home/airflow/.local/lib/python3.12/site-packages/airflow/example_dags/example_branch_python_dop_operator_3.py
[2025-08-09T18:43:45.806+0000] {processor.py:840} INFO - DAG(s) 'example_branch_dop_operator_v3' retrieved from /home/airflow/.local/lib/python3.12/site-packages/airflow/example_dags/example_branch_python_dop_operator_3.py
[2025-08-09T18:43:45.839+0000] {logging_mixin.py:188} INFO - [2025-08-09T18:43:45.839+0000] {dag.py:3096} INFO - Sync 1 DAGs
[2025-08-09T18:43:45.898+0000] {logging_mixin.py:188} INFO - [2025-08-09T18:43:45.898+0000] {dag.py:3954} INFO - Setting next_dagrun for example_branch_dop_operator_v3 to 2025-08-09 18:42:00+00:00, run_after=2025-08-09 18:43:00+00:00
[2025-08-09T18:43:45.937+0000] {processor.py:183} INFO - Processing /home/airflow/.local/lib/python3.12/site-packages/airflow/example_dags/example_branch_python_dop_operator_3.py took 0.162 seconds
[2025-08-09T18:44:16.382+0000] {processor.py:161} INFO - Started process (PID=2046) to work on /home/airflow/.local/lib/python3.12/site-packages/airflow/example_dags/example_branch_python_dop_operator_3.py
[2025-08-09T18:44:16.384+0000] {processor.py:830} INFO - Processing file /home/airflow/.local/lib/python3.12/site-packages/airflow/example_dags/example_branch_python_dop_operator_3.py for tasks to queue
[2025-08-09T18:44:16.386+0000] {logging_mixin.py:188} INFO - [2025-08-09T18:44:16.386+0000] {dagbag.py:540} INFO - Filling up the DagBag from /home/airflow/.local/lib/python3.12/site-packages/airflow/example_dags/example_branch_python_dop_operator_3.py
[2025-08-09T18:44:16.399+0000] {processor.py:840} INFO - DAG(s) 'example_branch_dop_operator_v3' retrieved from /home/airflow/.local/lib/python3.12/site-packages/airflow/example_dags/example_branch_python_dop_operator_3.py
[2025-08-09T18:44:16.424+0000] {logging_mixin.py:188} INFO - [2025-08-09T18:44:16.424+0000] {dag.py:3096} INFO - Sync 1 DAGs
[2025-08-09T18:44:16.459+0000] {logging_mixin.py:188} INFO - [2025-08-09T18:44:16.458+0000] {dag.py:3954} INFO - Setting next_dagrun for example_branch_dop_operator_v3 to 2025-08-09 18:43:00+00:00, run_after=2025-08-09 18:44:00+00:00
[2025-08-09T18:44:16.481+0000] {processor.py:183} INFO - Processing /home/airflow/.local/lib/python3.12/site-packages/airflow/example_dags/example_branch_python_dop_operator_3.py took 0.107 seconds
[2025-08-09T18:44:46.912+0000] {processor.py:161} INFO - Started process (PID=2105) to work on /home/airflow/.local/lib/python3.12/site-packages/airflow/example_dags/example_branch_python_dop_operator_3.py
[2025-08-09T18:44:46.914+0000] {processor.py:830} INFO - Processing file /home/airflow/.local/lib/python3.12/site-packages/airflow/example_dags/example_branch_python_dop_operator_3.py for tasks to queue
[2025-08-09T18:44:46.917+0000] {logging_mixin.py:188} INFO - [2025-08-09T18:44:46.917+0000] {dagbag.py:540} INFO - Filling up the DagBag from /home/airflow/.local/lib/python3.12/site-packages/airflow/example_dags/example_branch_python_dop_operator_3.py
[2025-08-09T18:44:46.935+0000] {processor.py:840} INFO - DAG(s) 'example_branch_dop_operator_v3' retrieved from /home/airflow/.local/lib/python3.12/site-packages/airflow/example_dags/example_branch_python_dop_operator_3.py
[2025-08-09T18:44:46.968+0000] {logging_mixin.py:188} INFO - [2025-08-09T18:44:46.968+0000] {dag.py:3096} INFO - Sync 1 DAGs
[2025-08-09T18:44:47.005+0000] {logging_mixin.py:188} INFO - [2025-08-09T18:44:47.004+0000] {dag.py:3954} INFO - Setting next_dagrun for example_branch_dop_operator_v3 to 2025-08-09 18:43:00+00:00, run_after=2025-08-09 18:44:00+00:00
[2025-08-09T18:44:47.033+0000] {processor.py:183} INFO - Processing /home/airflow/.local/lib/python3.12/site-packages/airflow/example_dags/example_branch_python_dop_operator_3.py took 0.131 seconds
