[2025-08-09T18:22:02.965+0000] {processor.py:161} INFO - Started process (PID=107) to work on /home/airflow/.local/lib/python3.12/site-packages/airflow/example_dags/example_branch_day_of_week_operator.py
[2025-08-09T18:22:02.970+0000] {processor.py:830} INFO - Processing file /home/airflow/.local/lib/python3.12/site-packages/airflow/example_dags/example_branch_day_of_week_operator.py for tasks to queue
[2025-08-09T18:22:02.976+0000] {logging_mixin.py:188} INFO - [2025-08-09T18:22:02.975+0000] {dagbag.py:540} INFO - Filling up the DagBag from /home/airflow/.local/lib/python3.12/site-packages/airflow/example_dags/example_branch_day_of_week_operator.py
[2025-08-09T18:22:03.022+0000] {processor.py:840} INFO - DAG(s) 'example_weekday_branch_operator' retrieved from /home/airflow/.local/lib/python3.12/site-packages/airflow/example_dags/example_branch_day_of_week_operator.py
[2025-08-09T18:22:03.429+0000] {logging_mixin.py:188} INFO - [2025-08-09T18:22:03.428+0000] {dag.py:3096} INFO - Sync 1 DAGs
[2025-08-09T18:22:03.519+0000] {logging_mixin.py:188} INFO - [2025-08-09T18:22:03.519+0000] {dag.py:3954} INFO - Setting next_dagrun for example_weekday_branch_operator to 2025-08-08 00:00:00+00:00, run_after=2025-08-09 00:00:00+00:00
[2025-08-09T18:22:03.580+0000] {processor.py:183} INFO - Processing /home/airflow/.local/lib/python3.12/site-packages/airflow/example_dags/example_branch_day_of_week_operator.py took 0.637 seconds
[2025-08-09T18:22:33.828+0000] {processor.py:161} INFO - Started process (PID=166) to work on /home/airflow/.local/lib/python3.12/site-packages/airflow/example_dags/example_branch_day_of_week_operator.py
[2025-08-09T18:22:33.830+0000] {processor.py:830} INFO - Processing file /home/airflow/.local/lib/python3.12/site-packages/airflow/example_dags/example_branch_day_of_week_operator.py for tasks to queue
[2025-08-09T18:22:33.833+0000] {logging_mixin.py:188} INFO - [2025-08-09T18:22:33.833+0000] {dagbag.py:540} INFO - Filling up the DagBag from /home/airflow/.local/lib/python3.12/site-packages/airflow/example_dags/example_branch_day_of_week_operator.py
[2025-08-09T18:22:33.846+0000] {processor.py:840} INFO - DAG(s) 'example_weekday_branch_operator' retrieved from /home/airflow/.local/lib/python3.12/site-packages/airflow/example_dags/example_branch_day_of_week_operator.py
[2025-08-09T18:22:33.876+0000] {logging_mixin.py:188} INFO - [2025-08-09T18:22:33.876+0000] {dag.py:3096} INFO - Sync 1 DAGs
[2025-08-09T18:22:33.909+0000] {logging_mixin.py:188} INFO - [2025-08-09T18:22:33.908+0000] {dag.py:3954} INFO - Setting next_dagrun for example_weekday_branch_operator to 2025-08-08 00:00:00+00:00, run_after=2025-08-09 00:00:00+00:00
[2025-08-09T18:22:33.935+0000] {processor.py:183} INFO - Processing /home/airflow/.local/lib/python3.12/site-packages/airflow/example_dags/example_branch_day_of_week_operator.py took 0.115 seconds
[2025-08-09T18:23:04.240+0000] {processor.py:161} INFO - Started process (PID=225) to work on /home/airflow/.local/lib/python3.12/site-packages/airflow/example_dags/example_branch_day_of_week_operator.py
[2025-08-09T18:23:04.241+0000] {processor.py:830} INFO - Processing file /home/airflow/.local/lib/python3.12/site-packages/airflow/example_dags/example_branch_day_of_week_operator.py for tasks to queue
[2025-08-09T18:23:04.244+0000] {logging_mixin.py:188} INFO - [2025-08-09T18:23:04.243+0000] {dagbag.py:540} INFO - Filling up the DagBag from /home/airflow/.local/lib/python3.12/site-packages/airflow/example_dags/example_branch_day_of_week_operator.py
[2025-08-09T18:23:04.253+0000] {processor.py:840} INFO - DAG(s) 'example_weekday_branch_operator' retrieved from /home/airflow/.local/lib/python3.12/site-packages/airflow/example_dags/example_branch_day_of_week_operator.py
[2025-08-09T18:23:04.277+0000] {logging_mixin.py:188} INFO - [2025-08-09T18:23:04.277+0000] {dag.py:3096} INFO - Sync 1 DAGs
[2025-08-09T18:23:04.304+0000] {logging_mixin.py:188} INFO - [2025-08-09T18:23:04.304+0000] {dag.py:3954} INFO - Setting next_dagrun for example_weekday_branch_operator to 2025-08-08 00:00:00+00:00, run_after=2025-08-09 00:00:00+00:00
[2025-08-09T18:23:04.336+0000] {processor.py:183} INFO - Processing /home/airflow/.local/lib/python3.12/site-packages/airflow/example_dags/example_branch_day_of_week_operator.py took 0.102 seconds
[2025-08-09T18:23:34.961+0000] {processor.py:161} INFO - Started process (PID=284) to work on /home/airflow/.local/lib/python3.12/site-packages/airflow/example_dags/example_branch_day_of_week_operator.py
[2025-08-09T18:23:34.962+0000] {processor.py:830} INFO - Processing file /home/airflow/.local/lib/python3.12/site-packages/airflow/example_dags/example_branch_day_of_week_operator.py for tasks to queue
[2025-08-09T18:23:34.965+0000] {logging_mixin.py:188} INFO - [2025-08-09T18:23:34.965+0000] {dagbag.py:540} INFO - Filling up the DagBag from /home/airflow/.local/lib/python3.12/site-packages/airflow/example_dags/example_branch_day_of_week_operator.py
[2025-08-09T18:23:34.977+0000] {processor.py:840} INFO - DAG(s) 'example_weekday_branch_operator' retrieved from /home/airflow/.local/lib/python3.12/site-packages/airflow/example_dags/example_branch_day_of_week_operator.py
[2025-08-09T18:23:35.014+0000] {logging_mixin.py:188} INFO - [2025-08-09T18:23:35.014+0000] {dag.py:3096} INFO - Sync 1 DAGs
[2025-08-09T18:23:35.049+0000] {logging_mixin.py:188} INFO - [2025-08-09T18:23:35.049+0000] {dag.py:3954} INFO - Setting next_dagrun for example_weekday_branch_operator to 2025-08-08 00:00:00+00:00, run_after=2025-08-09 00:00:00+00:00
[2025-08-09T18:23:35.080+0000] {processor.py:183} INFO - Processing /home/airflow/.local/lib/python3.12/site-packages/airflow/example_dags/example_branch_day_of_week_operator.py took 0.129 seconds
[2025-08-09T18:24:05.335+0000] {processor.py:161} INFO - Started process (PID=343) to work on /home/airflow/.local/lib/python3.12/site-packages/airflow/example_dags/example_branch_day_of_week_operator.py
[2025-08-09T18:24:05.337+0000] {processor.py:830} INFO - Processing file /home/airflow/.local/lib/python3.12/site-packages/airflow/example_dags/example_branch_day_of_week_operator.py for tasks to queue
[2025-08-09T18:24:05.341+0000] {logging_mixin.py:188} INFO - [2025-08-09T18:24:05.340+0000] {dagbag.py:540} INFO - Filling up the DagBag from /home/airflow/.local/lib/python3.12/site-packages/airflow/example_dags/example_branch_day_of_week_operator.py
[2025-08-09T18:24:05.354+0000] {processor.py:840} INFO - DAG(s) 'example_weekday_branch_operator' retrieved from /home/airflow/.local/lib/python3.12/site-packages/airflow/example_dags/example_branch_day_of_week_operator.py
[2025-08-09T18:24:05.384+0000] {logging_mixin.py:188} INFO - [2025-08-09T18:24:05.383+0000] {dag.py:3096} INFO - Sync 1 DAGs
[2025-08-09T18:24:05.410+0000] {logging_mixin.py:188} INFO - [2025-08-09T18:24:05.410+0000] {dag.py:3954} INFO - Setting next_dagrun for example_weekday_branch_operator to 2025-08-08 00:00:00+00:00, run_after=2025-08-09 00:00:00+00:00
[2025-08-09T18:24:05.438+0000] {processor.py:183} INFO - Processing /home/airflow/.local/lib/python3.12/site-packages/airflow/example_dags/example_branch_day_of_week_operator.py took 0.117 seconds
[2025-08-09T18:24:35.820+0000] {processor.py:161} INFO - Started process (PID=402) to work on /home/airflow/.local/lib/python3.12/site-packages/airflow/example_dags/example_branch_day_of_week_operator.py
[2025-08-09T18:24:35.821+0000] {processor.py:830} INFO - Processing file /home/airflow/.local/lib/python3.12/site-packages/airflow/example_dags/example_branch_day_of_week_operator.py for tasks to queue
[2025-08-09T18:24:35.823+0000] {logging_mixin.py:188} INFO - [2025-08-09T18:24:35.823+0000] {dagbag.py:540} INFO - Filling up the DagBag from /home/airflow/.local/lib/python3.12/site-packages/airflow/example_dags/example_branch_day_of_week_operator.py
[2025-08-09T18:24:35.833+0000] {processor.py:840} INFO - DAG(s) 'example_weekday_branch_operator' retrieved from /home/airflow/.local/lib/python3.12/site-packages/airflow/example_dags/example_branch_day_of_week_operator.py
[2025-08-09T18:24:35.859+0000] {logging_mixin.py:188} INFO - [2025-08-09T18:24:35.859+0000] {dag.py:3096} INFO - Sync 1 DAGs
[2025-08-09T18:24:35.897+0000] {logging_mixin.py:188} INFO - [2025-08-09T18:24:35.897+0000] {dag.py:3954} INFO - Setting next_dagrun for example_weekday_branch_operator to 2025-08-08 00:00:00+00:00, run_after=2025-08-09 00:00:00+00:00
[2025-08-09T18:24:35.926+0000] {processor.py:183} INFO - Processing /home/airflow/.local/lib/python3.12/site-packages/airflow/example_dags/example_branch_day_of_week_operator.py took 0.117 seconds
[2025-08-09T18:25:06.667+0000] {processor.py:161} INFO - Started process (PID=461) to work on /home/airflow/.local/lib/python3.12/site-packages/airflow/example_dags/example_branch_day_of_week_operator.py
[2025-08-09T18:25:06.683+0000] {processor.py:830} INFO - Processing file /home/airflow/.local/lib/python3.12/site-packages/airflow/example_dags/example_branch_day_of_week_operator.py for tasks to queue
[2025-08-09T18:25:06.688+0000] {logging_mixin.py:188} INFO - [2025-08-09T18:25:06.687+0000] {dagbag.py:540} INFO - Filling up the DagBag from /home/airflow/.local/lib/python3.12/site-packages/airflow/example_dags/example_branch_day_of_week_operator.py
[2025-08-09T18:25:06.707+0000] {processor.py:840} INFO - DAG(s) 'example_weekday_branch_operator' retrieved from /home/airflow/.local/lib/python3.12/site-packages/airflow/example_dags/example_branch_day_of_week_operator.py
[2025-08-09T18:25:06.765+0000] {logging_mixin.py:188} INFO - [2025-08-09T18:25:06.765+0000] {dag.py:3096} INFO - Sync 1 DAGs
[2025-08-09T18:25:06.824+0000] {logging_mixin.py:188} INFO - [2025-08-09T18:25:06.824+0000] {dag.py:3954} INFO - Setting next_dagrun for example_weekday_branch_operator to 2025-08-08 00:00:00+00:00, run_after=2025-08-09 00:00:00+00:00
[2025-08-09T18:25:06.855+0000] {processor.py:183} INFO - Processing /home/airflow/.local/lib/python3.12/site-packages/airflow/example_dags/example_branch_day_of_week_operator.py took 0.200 seconds
[2025-08-09T18:27:30.808+0000] {processor.py:161} INFO - Started process (PID=108) to work on /home/airflow/.local/lib/python3.12/site-packages/airflow/example_dags/example_branch_day_of_week_operator.py
[2025-08-09T18:27:30.810+0000] {processor.py:830} INFO - Processing file /home/airflow/.local/lib/python3.12/site-packages/airflow/example_dags/example_branch_day_of_week_operator.py for tasks to queue
[2025-08-09T18:27:30.816+0000] {logging_mixin.py:188} INFO - [2025-08-09T18:27:30.815+0000] {dagbag.py:540} INFO - Filling up the DagBag from /home/airflow/.local/lib/python3.12/site-packages/airflow/example_dags/example_branch_day_of_week_operator.py
[2025-08-09T18:27:30.842+0000] {processor.py:840} INFO - DAG(s) 'example_weekday_branch_operator' retrieved from /home/airflow/.local/lib/python3.12/site-packages/airflow/example_dags/example_branch_day_of_week_operator.py
[2025-08-09T18:27:31.229+0000] {logging_mixin.py:188} INFO - [2025-08-09T18:27:31.229+0000] {dag.py:3096} INFO - Sync 1 DAGs
[2025-08-09T18:27:31.599+0000] {logging_mixin.py:188} INFO - [2025-08-09T18:27:31.598+0000] {dag.py:3954} INFO - Setting next_dagrun for example_weekday_branch_operator to 2025-08-08 00:00:00+00:00, run_after=2025-08-09 00:00:00+00:00
[2025-08-09T18:27:31.644+0000] {processor.py:183} INFO - Processing /home/airflow/.local/lib/python3.12/site-packages/airflow/example_dags/example_branch_day_of_week_operator.py took 0.850 seconds
[2025-08-09T18:28:01.886+0000] {processor.py:161} INFO - Started process (PID=167) to work on /home/airflow/.local/lib/python3.12/site-packages/airflow/example_dags/example_branch_day_of_week_operator.py
[2025-08-09T18:28:01.889+0000] {processor.py:830} INFO - Processing file /home/airflow/.local/lib/python3.12/site-packages/airflow/example_dags/example_branch_day_of_week_operator.py for tasks to queue
[2025-08-09T18:28:01.907+0000] {logging_mixin.py:188} INFO - [2025-08-09T18:28:01.906+0000] {dagbag.py:540} INFO - Filling up the DagBag from /home/airflow/.local/lib/python3.12/site-packages/airflow/example_dags/example_branch_day_of_week_operator.py
[2025-08-09T18:28:01.965+0000] {processor.py:840} INFO - DAG(s) 'example_weekday_branch_operator' retrieved from /home/airflow/.local/lib/python3.12/site-packages/airflow/example_dags/example_branch_day_of_week_operator.py
[2025-08-09T18:28:02.112+0000] {logging_mixin.py:188} INFO - [2025-08-09T18:28:02.112+0000] {dag.py:3096} INFO - Sync 1 DAGs
[2025-08-09T18:28:02.236+0000] {logging_mixin.py:188} INFO - [2025-08-09T18:28:02.236+0000] {dag.py:3954} INFO - Setting next_dagrun for example_weekday_branch_operator to 2025-08-08 00:00:00+00:00, run_after=2025-08-09 00:00:00+00:00
[2025-08-09T18:28:02.298+0000] {processor.py:183} INFO - Processing /home/airflow/.local/lib/python3.12/site-packages/airflow/example_dags/example_branch_day_of_week_operator.py took 0.451 seconds
[2025-08-09T18:28:32.938+0000] {processor.py:161} INFO - Started process (PID=226) to work on /home/airflow/.local/lib/python3.12/site-packages/airflow/example_dags/example_branch_day_of_week_operator.py
[2025-08-09T18:28:32.940+0000] {processor.py:830} INFO - Processing file /home/airflow/.local/lib/python3.12/site-packages/airflow/example_dags/example_branch_day_of_week_operator.py for tasks to queue
[2025-08-09T18:28:32.954+0000] {logging_mixin.py:188} INFO - [2025-08-09T18:28:32.953+0000] {dagbag.py:540} INFO - Filling up the DagBag from /home/airflow/.local/lib/python3.12/site-packages/airflow/example_dags/example_branch_day_of_week_operator.py
[2025-08-09T18:28:32.992+0000] {processor.py:840} INFO - DAG(s) 'example_weekday_branch_operator' retrieved from /home/airflow/.local/lib/python3.12/site-packages/airflow/example_dags/example_branch_day_of_week_operator.py
[2025-08-09T18:28:33.062+0000] {logging_mixin.py:188} INFO - [2025-08-09T18:28:33.062+0000] {dag.py:3096} INFO - Sync 1 DAGs
[2025-08-09T18:28:33.177+0000] {logging_mixin.py:188} INFO - [2025-08-09T18:28:33.177+0000] {dag.py:3954} INFO - Setting next_dagrun for example_weekday_branch_operator to 2025-08-08 00:00:00+00:00, run_after=2025-08-09 00:00:00+00:00
[2025-08-09T18:28:33.355+0000] {processor.py:183} INFO - Processing /home/airflow/.local/lib/python3.12/site-packages/airflow/example_dags/example_branch_day_of_week_operator.py took 0.439 seconds
[2025-08-09T18:29:04.281+0000] {processor.py:161} INFO - Started process (PID=292) to work on /home/airflow/.local/lib/python3.12/site-packages/airflow/example_dags/example_branch_day_of_week_operator.py
[2025-08-09T18:29:04.284+0000] {processor.py:830} INFO - Processing file /home/airflow/.local/lib/python3.12/site-packages/airflow/example_dags/example_branch_day_of_week_operator.py for tasks to queue
[2025-08-09T18:29:04.287+0000] {logging_mixin.py:188} INFO - [2025-08-09T18:29:04.287+0000] {dagbag.py:540} INFO - Filling up the DagBag from /home/airflow/.local/lib/python3.12/site-packages/airflow/example_dags/example_branch_day_of_week_operator.py
[2025-08-09T18:29:04.302+0000] {processor.py:840} INFO - DAG(s) 'example_weekday_branch_operator' retrieved from /home/airflow/.local/lib/python3.12/site-packages/airflow/example_dags/example_branch_day_of_week_operator.py
[2025-08-09T18:29:04.346+0000] {logging_mixin.py:188} INFO - [2025-08-09T18:29:04.346+0000] {dag.py:3096} INFO - Sync 1 DAGs
[2025-08-09T18:29:04.400+0000] {logging_mixin.py:188} INFO - [2025-08-09T18:29:04.399+0000] {dag.py:3954} INFO - Setting next_dagrun for example_weekday_branch_operator to 2025-08-08 00:00:00+00:00, run_after=2025-08-09 00:00:00+00:00
[2025-08-09T18:29:04.506+0000] {processor.py:183} INFO - Processing /home/airflow/.local/lib/python3.12/site-packages/airflow/example_dags/example_branch_day_of_week_operator.py took 0.238 seconds
[2025-08-09T18:29:34.600+0000] {processor.py:161} INFO - Started process (PID=350) to work on /home/airflow/.local/lib/python3.12/site-packages/airflow/example_dags/example_branch_day_of_week_operator.py
[2025-08-09T18:29:34.602+0000] {processor.py:830} INFO - Processing file /home/airflow/.local/lib/python3.12/site-packages/airflow/example_dags/example_branch_day_of_week_operator.py for tasks to queue
[2025-08-09T18:29:34.604+0000] {logging_mixin.py:188} INFO - [2025-08-09T18:29:34.604+0000] {dagbag.py:540} INFO - Filling up the DagBag from /home/airflow/.local/lib/python3.12/site-packages/airflow/example_dags/example_branch_day_of_week_operator.py
[2025-08-09T18:29:34.613+0000] {processor.py:840} INFO - DAG(s) 'example_weekday_branch_operator' retrieved from /home/airflow/.local/lib/python3.12/site-packages/airflow/example_dags/example_branch_day_of_week_operator.py
[2025-08-09T18:29:34.638+0000] {logging_mixin.py:188} INFO - [2025-08-09T18:29:34.638+0000] {dag.py:3096} INFO - Sync 1 DAGs
[2025-08-09T18:29:34.677+0000] {logging_mixin.py:188} INFO - [2025-08-09T18:29:34.677+0000] {dag.py:3954} INFO - Setting next_dagrun for example_weekday_branch_operator to 2025-08-08 00:00:00+00:00, run_after=2025-08-09 00:00:00+00:00
[2025-08-09T18:29:34.704+0000] {processor.py:183} INFO - Processing /home/airflow/.local/lib/python3.12/site-packages/airflow/example_dags/example_branch_day_of_week_operator.py took 0.111 seconds
[2025-08-09T18:30:05.429+0000] {processor.py:161} INFO - Started process (PID=410) to work on /home/airflow/.local/lib/python3.12/site-packages/airflow/example_dags/example_branch_day_of_week_operator.py
[2025-08-09T18:30:05.430+0000] {processor.py:830} INFO - Processing file /home/airflow/.local/lib/python3.12/site-packages/airflow/example_dags/example_branch_day_of_week_operator.py for tasks to queue
[2025-08-09T18:30:05.432+0000] {logging_mixin.py:188} INFO - [2025-08-09T18:30:05.432+0000] {dagbag.py:540} INFO - Filling up the DagBag from /home/airflow/.local/lib/python3.12/site-packages/airflow/example_dags/example_branch_day_of_week_operator.py
[2025-08-09T18:30:05.442+0000] {processor.py:840} INFO - DAG(s) 'example_weekday_branch_operator' retrieved from /home/airflow/.local/lib/python3.12/site-packages/airflow/example_dags/example_branch_day_of_week_operator.py
[2025-08-09T18:30:05.469+0000] {logging_mixin.py:188} INFO - [2025-08-09T18:30:05.468+0000] {dag.py:3096} INFO - Sync 1 DAGs
[2025-08-09T18:30:05.502+0000] {logging_mixin.py:188} INFO - [2025-08-09T18:30:05.502+0000] {dag.py:3954} INFO - Setting next_dagrun for example_weekday_branch_operator to 2025-08-08 00:00:00+00:00, run_after=2025-08-09 00:00:00+00:00
[2025-08-09T18:30:05.541+0000] {processor.py:183} INFO - Processing /home/airflow/.local/lib/python3.12/site-packages/airflow/example_dags/example_branch_day_of_week_operator.py took 0.123 seconds
[2025-08-09T18:30:35.926+0000] {processor.py:161} INFO - Started process (PID=469) to work on /home/airflow/.local/lib/python3.12/site-packages/airflow/example_dags/example_branch_day_of_week_operator.py
[2025-08-09T18:30:35.927+0000] {processor.py:830} INFO - Processing file /home/airflow/.local/lib/python3.12/site-packages/airflow/example_dags/example_branch_day_of_week_operator.py for tasks to queue
[2025-08-09T18:30:35.930+0000] {logging_mixin.py:188} INFO - [2025-08-09T18:30:35.929+0000] {dagbag.py:540} INFO - Filling up the DagBag from /home/airflow/.local/lib/python3.12/site-packages/airflow/example_dags/example_branch_day_of_week_operator.py
[2025-08-09T18:30:35.945+0000] {processor.py:840} INFO - DAG(s) 'example_weekday_branch_operator' retrieved from /home/airflow/.local/lib/python3.12/site-packages/airflow/example_dags/example_branch_day_of_week_operator.py
[2025-08-09T18:30:35.988+0000] {logging_mixin.py:188} INFO - [2025-08-09T18:30:35.987+0000] {dag.py:3096} INFO - Sync 1 DAGs
[2025-08-09T18:30:36.044+0000] {logging_mixin.py:188} INFO - [2025-08-09T18:30:36.044+0000] {dag.py:3954} INFO - Setting next_dagrun for example_weekday_branch_operator to 2025-08-08 00:00:00+00:00, run_after=2025-08-09 00:00:00+00:00
[2025-08-09T18:30:36.089+0000] {processor.py:183} INFO - Processing /home/airflow/.local/lib/python3.12/site-packages/airflow/example_dags/example_branch_day_of_week_operator.py took 0.174 seconds
[2025-08-09T18:31:06.468+0000] {processor.py:161} INFO - Started process (PID=528) to work on /home/airflow/.local/lib/python3.12/site-packages/airflow/example_dags/example_branch_day_of_week_operator.py
[2025-08-09T18:31:06.480+0000] {processor.py:830} INFO - Processing file /home/airflow/.local/lib/python3.12/site-packages/airflow/example_dags/example_branch_day_of_week_operator.py for tasks to queue
[2025-08-09T18:31:06.492+0000] {logging_mixin.py:188} INFO - [2025-08-09T18:31:06.490+0000] {dagbag.py:540} INFO - Filling up the DagBag from /home/airflow/.local/lib/python3.12/site-packages/airflow/example_dags/example_branch_day_of_week_operator.py
[2025-08-09T18:31:06.522+0000] {processor.py:840} INFO - DAG(s) 'example_weekday_branch_operator' retrieved from /home/airflow/.local/lib/python3.12/site-packages/airflow/example_dags/example_branch_day_of_week_operator.py
[2025-08-09T18:31:06.562+0000] {logging_mixin.py:188} INFO - [2025-08-09T18:31:06.562+0000] {dag.py:3096} INFO - Sync 1 DAGs
[2025-08-09T18:31:06.622+0000] {logging_mixin.py:188} INFO - [2025-08-09T18:31:06.621+0000] {dag.py:3954} INFO - Setting next_dagrun for example_weekday_branch_operator to 2025-08-08 00:00:00+00:00, run_after=2025-08-09 00:00:00+00:00
[2025-08-09T18:31:06.661+0000] {processor.py:183} INFO - Processing /home/airflow/.local/lib/python3.12/site-packages/airflow/example_dags/example_branch_day_of_week_operator.py took 0.201 seconds
[2025-08-09T18:31:37.051+0000] {processor.py:161} INFO - Started process (PID=587) to work on /home/airflow/.local/lib/python3.12/site-packages/airflow/example_dags/example_branch_day_of_week_operator.py
[2025-08-09T18:31:37.053+0000] {processor.py:830} INFO - Processing file /home/airflow/.local/lib/python3.12/site-packages/airflow/example_dags/example_branch_day_of_week_operator.py for tasks to queue
[2025-08-09T18:31:37.056+0000] {logging_mixin.py:188} INFO - [2025-08-09T18:31:37.056+0000] {dagbag.py:540} INFO - Filling up the DagBag from /home/airflow/.local/lib/python3.12/site-packages/airflow/example_dags/example_branch_day_of_week_operator.py
[2025-08-09T18:31:37.069+0000] {processor.py:840} INFO - DAG(s) 'example_weekday_branch_operator' retrieved from /home/airflow/.local/lib/python3.12/site-packages/airflow/example_dags/example_branch_day_of_week_operator.py
[2025-08-09T18:31:37.100+0000] {logging_mixin.py:188} INFO - [2025-08-09T18:31:37.100+0000] {dag.py:3096} INFO - Sync 1 DAGs
[2025-08-09T18:31:37.133+0000] {logging_mixin.py:188} INFO - [2025-08-09T18:31:37.133+0000] {dag.py:3954} INFO - Setting next_dagrun for example_weekday_branch_operator to 2025-08-08 00:00:00+00:00, run_after=2025-08-09 00:00:00+00:00
[2025-08-09T18:31:37.205+0000] {processor.py:183} INFO - Processing /home/airflow/.local/lib/python3.12/site-packages/airflow/example_dags/example_branch_day_of_week_operator.py took 0.162 seconds
[2025-08-09T18:32:07.807+0000] {processor.py:161} INFO - Started process (PID=647) to work on /home/airflow/.local/lib/python3.12/site-packages/airflow/example_dags/example_branch_day_of_week_operator.py
[2025-08-09T18:32:07.808+0000] {processor.py:830} INFO - Processing file /home/airflow/.local/lib/python3.12/site-packages/airflow/example_dags/example_branch_day_of_week_operator.py for tasks to queue
[2025-08-09T18:32:07.811+0000] {logging_mixin.py:188} INFO - [2025-08-09T18:32:07.810+0000] {dagbag.py:540} INFO - Filling up the DagBag from /home/airflow/.local/lib/python3.12/site-packages/airflow/example_dags/example_branch_day_of_week_operator.py
[2025-08-09T18:32:07.820+0000] {processor.py:840} INFO - DAG(s) 'example_weekday_branch_operator' retrieved from /home/airflow/.local/lib/python3.12/site-packages/airflow/example_dags/example_branch_day_of_week_operator.py
[2025-08-09T18:32:07.846+0000] {logging_mixin.py:188} INFO - [2025-08-09T18:32:07.846+0000] {dag.py:3096} INFO - Sync 1 DAGs
[2025-08-09T18:32:07.875+0000] {logging_mixin.py:188} INFO - [2025-08-09T18:32:07.875+0000] {dag.py:3954} INFO - Setting next_dagrun for example_weekday_branch_operator to 2025-08-08 00:00:00+00:00, run_after=2025-08-09 00:00:00+00:00
[2025-08-09T18:32:07.898+0000] {processor.py:183} INFO - Processing /home/airflow/.local/lib/python3.12/site-packages/airflow/example_dags/example_branch_day_of_week_operator.py took 0.098 seconds
[2025-08-09T18:32:38.311+0000] {processor.py:161} INFO - Started process (PID=706) to work on /home/airflow/.local/lib/python3.12/site-packages/airflow/example_dags/example_branch_day_of_week_operator.py
[2025-08-09T18:32:38.312+0000] {processor.py:830} INFO - Processing file /home/airflow/.local/lib/python3.12/site-packages/airflow/example_dags/example_branch_day_of_week_operator.py for tasks to queue
[2025-08-09T18:32:38.315+0000] {logging_mixin.py:188} INFO - [2025-08-09T18:32:38.315+0000] {dagbag.py:540} INFO - Filling up the DagBag from /home/airflow/.local/lib/python3.12/site-packages/airflow/example_dags/example_branch_day_of_week_operator.py
[2025-08-09T18:32:38.326+0000] {processor.py:840} INFO - DAG(s) 'example_weekday_branch_operator' retrieved from /home/airflow/.local/lib/python3.12/site-packages/airflow/example_dags/example_branch_day_of_week_operator.py
[2025-08-09T18:32:38.353+0000] {logging_mixin.py:188} INFO - [2025-08-09T18:32:38.353+0000] {dag.py:3096} INFO - Sync 1 DAGs
[2025-08-09T18:32:38.382+0000] {logging_mixin.py:188} INFO - [2025-08-09T18:32:38.382+0000] {dag.py:3954} INFO - Setting next_dagrun for example_weekday_branch_operator to 2025-08-08 00:00:00+00:00, run_after=2025-08-09 00:00:00+00:00
[2025-08-09T18:32:38.405+0000] {processor.py:183} INFO - Processing /home/airflow/.local/lib/python3.12/site-packages/airflow/example_dags/example_branch_day_of_week_operator.py took 0.102 seconds
[2025-08-09T18:33:09.314+0000] {processor.py:161} INFO - Started process (PID=765) to work on /home/airflow/.local/lib/python3.12/site-packages/airflow/example_dags/example_branch_day_of_week_operator.py
[2025-08-09T18:33:09.316+0000] {processor.py:830} INFO - Processing file /home/airflow/.local/lib/python3.12/site-packages/airflow/example_dags/example_branch_day_of_week_operator.py for tasks to queue
[2025-08-09T18:33:09.318+0000] {logging_mixin.py:188} INFO - [2025-08-09T18:33:09.318+0000] {dagbag.py:540} INFO - Filling up the DagBag from /home/airflow/.local/lib/python3.12/site-packages/airflow/example_dags/example_branch_day_of_week_operator.py
[2025-08-09T18:33:09.328+0000] {processor.py:840} INFO - DAG(s) 'example_weekday_branch_operator' retrieved from /home/airflow/.local/lib/python3.12/site-packages/airflow/example_dags/example_branch_day_of_week_operator.py
[2025-08-09T18:33:09.353+0000] {logging_mixin.py:188} INFO - [2025-08-09T18:33:09.352+0000] {dag.py:3096} INFO - Sync 1 DAGs
[2025-08-09T18:33:09.381+0000] {logging_mixin.py:188} INFO - [2025-08-09T18:33:09.380+0000] {dag.py:3954} INFO - Setting next_dagrun for example_weekday_branch_operator to 2025-08-08 00:00:00+00:00, run_after=2025-08-09 00:00:00+00:00
[2025-08-09T18:33:09.403+0000] {processor.py:183} INFO - Processing /home/airflow/.local/lib/python3.12/site-packages/airflow/example_dags/example_branch_day_of_week_operator.py took 0.096 seconds
[2025-08-09T18:33:39.672+0000] {processor.py:161} INFO - Started process (PID=824) to work on /home/airflow/.local/lib/python3.12/site-packages/airflow/example_dags/example_branch_day_of_week_operator.py
[2025-08-09T18:33:39.673+0000] {processor.py:830} INFO - Processing file /home/airflow/.local/lib/python3.12/site-packages/airflow/example_dags/example_branch_day_of_week_operator.py for tasks to queue
[2025-08-09T18:33:39.676+0000] {logging_mixin.py:188} INFO - [2025-08-09T18:33:39.675+0000] {dagbag.py:540} INFO - Filling up the DagBag from /home/airflow/.local/lib/python3.12/site-packages/airflow/example_dags/example_branch_day_of_week_operator.py
[2025-08-09T18:33:39.686+0000] {processor.py:840} INFO - DAG(s) 'example_weekday_branch_operator' retrieved from /home/airflow/.local/lib/python3.12/site-packages/airflow/example_dags/example_branch_day_of_week_operator.py
[2025-08-09T18:33:39.714+0000] {logging_mixin.py:188} INFO - [2025-08-09T18:33:39.714+0000] {dag.py:3096} INFO - Sync 1 DAGs
[2025-08-09T18:33:39.744+0000] {logging_mixin.py:188} INFO - [2025-08-09T18:33:39.744+0000] {dag.py:3954} INFO - Setting next_dagrun for example_weekday_branch_operator to 2025-08-08 00:00:00+00:00, run_after=2025-08-09 00:00:00+00:00
[2025-08-09T18:33:39.784+0000] {processor.py:183} INFO - Processing /home/airflow/.local/lib/python3.12/site-packages/airflow/example_dags/example_branch_day_of_week_operator.py took 0.122 seconds
[2025-08-09T18:34:11.386+0000] {processor.py:161} INFO - Started process (PID=884) to work on /home/airflow/.local/lib/python3.12/site-packages/airflow/example_dags/example_branch_day_of_week_operator.py
[2025-08-09T18:34:11.387+0000] {processor.py:830} INFO - Processing file /home/airflow/.local/lib/python3.12/site-packages/airflow/example_dags/example_branch_day_of_week_operator.py for tasks to queue
[2025-08-09T18:34:11.390+0000] {logging_mixin.py:188} INFO - [2025-08-09T18:34:11.389+0000] {dagbag.py:540} INFO - Filling up the DagBag from /home/airflow/.local/lib/python3.12/site-packages/airflow/example_dags/example_branch_day_of_week_operator.py
[2025-08-09T18:34:11.404+0000] {processor.py:840} INFO - DAG(s) 'example_weekday_branch_operator' retrieved from /home/airflow/.local/lib/python3.12/site-packages/airflow/example_dags/example_branch_day_of_week_operator.py
[2025-08-09T18:34:11.441+0000] {logging_mixin.py:188} INFO - [2025-08-09T18:34:11.441+0000] {dag.py:3096} INFO - Sync 1 DAGs
[2025-08-09T18:34:11.481+0000] {logging_mixin.py:188} INFO - [2025-08-09T18:34:11.481+0000] {dag.py:3954} INFO - Setting next_dagrun for example_weekday_branch_operator to 2025-08-08 00:00:00+00:00, run_after=2025-08-09 00:00:00+00:00
[2025-08-09T18:34:11.515+0000] {processor.py:183} INFO - Processing /home/airflow/.local/lib/python3.12/site-packages/airflow/example_dags/example_branch_day_of_week_operator.py took 0.140 seconds
[2025-08-09T18:34:42.707+0000] {processor.py:161} INFO - Started process (PID=944) to work on /home/airflow/.local/lib/python3.12/site-packages/airflow/example_dags/example_branch_day_of_week_operator.py
[2025-08-09T18:34:42.709+0000] {processor.py:830} INFO - Processing file /home/airflow/.local/lib/python3.12/site-packages/airflow/example_dags/example_branch_day_of_week_operator.py for tasks to queue
[2025-08-09T18:34:42.713+0000] {logging_mixin.py:188} INFO - [2025-08-09T18:34:42.713+0000] {dagbag.py:540} INFO - Filling up the DagBag from /home/airflow/.local/lib/python3.12/site-packages/airflow/example_dags/example_branch_day_of_week_operator.py
[2025-08-09T18:34:42.725+0000] {processor.py:840} INFO - DAG(s) 'example_weekday_branch_operator' retrieved from /home/airflow/.local/lib/python3.12/site-packages/airflow/example_dags/example_branch_day_of_week_operator.py
[2025-08-09T18:34:42.765+0000] {logging_mixin.py:188} INFO - [2025-08-09T18:34:42.764+0000] {dag.py:3096} INFO - Sync 1 DAGs
[2025-08-09T18:34:43.059+0000] {logging_mixin.py:188} INFO - [2025-08-09T18:34:43.058+0000] {dag.py:3954} INFO - Setting next_dagrun for example_weekday_branch_operator to 2025-08-08 00:00:00+00:00, run_after=2025-08-09 00:00:00+00:00
[2025-08-09T18:34:43.098+0000] {processor.py:183} INFO - Processing /home/airflow/.local/lib/python3.12/site-packages/airflow/example_dags/example_branch_day_of_week_operator.py took 0.405 seconds
[2025-08-09T18:35:13.703+0000] {processor.py:161} INFO - Started process (PID=1003) to work on /home/airflow/.local/lib/python3.12/site-packages/airflow/example_dags/example_branch_day_of_week_operator.py
[2025-08-09T18:35:13.705+0000] {processor.py:830} INFO - Processing file /home/airflow/.local/lib/python3.12/site-packages/airflow/example_dags/example_branch_day_of_week_operator.py for tasks to queue
[2025-08-09T18:35:13.716+0000] {logging_mixin.py:188} INFO - [2025-08-09T18:35:13.715+0000] {dagbag.py:540} INFO - Filling up the DagBag from /home/airflow/.local/lib/python3.12/site-packages/airflow/example_dags/example_branch_day_of_week_operator.py
[2025-08-09T18:35:13.745+0000] {processor.py:840} INFO - DAG(s) 'example_weekday_branch_operator' retrieved from /home/airflow/.local/lib/python3.12/site-packages/airflow/example_dags/example_branch_day_of_week_operator.py
[2025-08-09T18:35:13.801+0000] {logging_mixin.py:188} INFO - [2025-08-09T18:35:13.801+0000] {dag.py:3096} INFO - Sync 1 DAGs
[2025-08-09T18:35:13.853+0000] {logging_mixin.py:188} INFO - [2025-08-09T18:35:13.853+0000] {dag.py:3954} INFO - Setting next_dagrun for example_weekday_branch_operator to 2025-08-08 00:00:00+00:00, run_after=2025-08-09 00:00:00+00:00
[2025-08-09T18:35:13.895+0000] {processor.py:183} INFO - Processing /home/airflow/.local/lib/python3.12/site-packages/airflow/example_dags/example_branch_day_of_week_operator.py took 0.210 seconds
[2025-08-09T18:35:44.012+0000] {processor.py:161} INFO - Started process (PID=1061) to work on /home/airflow/.local/lib/python3.12/site-packages/airflow/example_dags/example_branch_day_of_week_operator.py
[2025-08-09T18:35:44.013+0000] {processor.py:830} INFO - Processing file /home/airflow/.local/lib/python3.12/site-packages/airflow/example_dags/example_branch_day_of_week_operator.py for tasks to queue
[2025-08-09T18:35:44.016+0000] {logging_mixin.py:188} INFO - [2025-08-09T18:35:44.015+0000] {dagbag.py:540} INFO - Filling up the DagBag from /home/airflow/.local/lib/python3.12/site-packages/airflow/example_dags/example_branch_day_of_week_operator.py
[2025-08-09T18:35:44.028+0000] {processor.py:840} INFO - DAG(s) 'example_weekday_branch_operator' retrieved from /home/airflow/.local/lib/python3.12/site-packages/airflow/example_dags/example_branch_day_of_week_operator.py
[2025-08-09T18:35:44.061+0000] {logging_mixin.py:188} INFO - [2025-08-09T18:35:44.060+0000] {dag.py:3096} INFO - Sync 1 DAGs
[2025-08-09T18:35:44.094+0000] {logging_mixin.py:188} INFO - [2025-08-09T18:35:44.094+0000] {dag.py:3954} INFO - Setting next_dagrun for example_weekday_branch_operator to 2025-08-08 00:00:00+00:00, run_after=2025-08-09 00:00:00+00:00
[2025-08-09T18:35:44.117+0000] {processor.py:183} INFO - Processing /home/airflow/.local/lib/python3.12/site-packages/airflow/example_dags/example_branch_day_of_week_operator.py took 0.112 seconds
[2025-08-09T18:36:14.349+0000] {processor.py:161} INFO - Started process (PID=1120) to work on /home/airflow/.local/lib/python3.12/site-packages/airflow/example_dags/example_branch_day_of_week_operator.py
[2025-08-09T18:36:14.351+0000] {processor.py:830} INFO - Processing file /home/airflow/.local/lib/python3.12/site-packages/airflow/example_dags/example_branch_day_of_week_operator.py for tasks to queue
[2025-08-09T18:36:14.353+0000] {logging_mixin.py:188} INFO - [2025-08-09T18:36:14.353+0000] {dagbag.py:540} INFO - Filling up the DagBag from /home/airflow/.local/lib/python3.12/site-packages/airflow/example_dags/example_branch_day_of_week_operator.py
[2025-08-09T18:36:14.368+0000] {processor.py:840} INFO - DAG(s) 'example_weekday_branch_operator' retrieved from /home/airflow/.local/lib/python3.12/site-packages/airflow/example_dags/example_branch_day_of_week_operator.py
[2025-08-09T18:36:14.406+0000] {logging_mixin.py:188} INFO - [2025-08-09T18:36:14.406+0000] {dag.py:3096} INFO - Sync 1 DAGs
[2025-08-09T18:36:14.449+0000] {logging_mixin.py:188} INFO - [2025-08-09T18:36:14.448+0000] {dag.py:3954} INFO - Setting next_dagrun for example_weekday_branch_operator to 2025-08-08 00:00:00+00:00, run_after=2025-08-09 00:00:00+00:00
[2025-08-09T18:36:14.484+0000] {processor.py:183} INFO - Processing /home/airflow/.local/lib/python3.12/site-packages/airflow/example_dags/example_branch_day_of_week_operator.py took 0.144 seconds
[2025-08-09T18:36:45.132+0000] {processor.py:161} INFO - Started process (PID=1180) to work on /home/airflow/.local/lib/python3.12/site-packages/airflow/example_dags/example_branch_day_of_week_operator.py
[2025-08-09T18:36:45.133+0000] {processor.py:830} INFO - Processing file /home/airflow/.local/lib/python3.12/site-packages/airflow/example_dags/example_branch_day_of_week_operator.py for tasks to queue
[2025-08-09T18:36:45.136+0000] {logging_mixin.py:188} INFO - [2025-08-09T18:36:45.135+0000] {dagbag.py:540} INFO - Filling up the DagBag from /home/airflow/.local/lib/python3.12/site-packages/airflow/example_dags/example_branch_day_of_week_operator.py
[2025-08-09T18:36:45.149+0000] {processor.py:840} INFO - DAG(s) 'example_weekday_branch_operator' retrieved from /home/airflow/.local/lib/python3.12/site-packages/airflow/example_dags/example_branch_day_of_week_operator.py
[2025-08-09T18:36:45.182+0000] {logging_mixin.py:188} INFO - [2025-08-09T18:36:45.181+0000] {dag.py:3096} INFO - Sync 1 DAGs
[2025-08-09T18:36:45.244+0000] {logging_mixin.py:188} INFO - [2025-08-09T18:36:45.243+0000] {dag.py:3954} INFO - Setting next_dagrun for example_weekday_branch_operator to 2025-08-08 00:00:00+00:00, run_after=2025-08-09 00:00:00+00:00
[2025-08-09T18:36:45.280+0000] {processor.py:183} INFO - Processing /home/airflow/.local/lib/python3.12/site-packages/airflow/example_dags/example_branch_day_of_week_operator.py took 0.157 seconds
[2025-08-09T18:37:15.375+0000] {processor.py:161} INFO - Started process (PID=1239) to work on /home/airflow/.local/lib/python3.12/site-packages/airflow/example_dags/example_branch_day_of_week_operator.py
[2025-08-09T18:37:15.376+0000] {processor.py:830} INFO - Processing file /home/airflow/.local/lib/python3.12/site-packages/airflow/example_dags/example_branch_day_of_week_operator.py for tasks to queue
[2025-08-09T18:37:15.379+0000] {logging_mixin.py:188} INFO - [2025-08-09T18:37:15.379+0000] {dagbag.py:540} INFO - Filling up the DagBag from /home/airflow/.local/lib/python3.12/site-packages/airflow/example_dags/example_branch_day_of_week_operator.py
[2025-08-09T18:37:15.392+0000] {processor.py:840} INFO - DAG(s) 'example_weekday_branch_operator' retrieved from /home/airflow/.local/lib/python3.12/site-packages/airflow/example_dags/example_branch_day_of_week_operator.py
[2025-08-09T18:37:15.429+0000] {logging_mixin.py:188} INFO - [2025-08-09T18:37:15.428+0000] {dag.py:3096} INFO - Sync 1 DAGs
[2025-08-09T18:37:15.475+0000] {logging_mixin.py:188} INFO - [2025-08-09T18:37:15.474+0000] {dag.py:3954} INFO - Setting next_dagrun for example_weekday_branch_operator to 2025-08-08 00:00:00+00:00, run_after=2025-08-09 00:00:00+00:00
[2025-08-09T18:37:15.520+0000] {processor.py:183} INFO - Processing /home/airflow/.local/lib/python3.12/site-packages/airflow/example_dags/example_branch_day_of_week_operator.py took 0.158 seconds
[2025-08-09T18:37:45.923+0000] {processor.py:161} INFO - Started process (PID=1298) to work on /home/airflow/.local/lib/python3.12/site-packages/airflow/example_dags/example_branch_day_of_week_operator.py
[2025-08-09T18:37:45.925+0000] {processor.py:830} INFO - Processing file /home/airflow/.local/lib/python3.12/site-packages/airflow/example_dags/example_branch_day_of_week_operator.py for tasks to queue
[2025-08-09T18:37:45.927+0000] {logging_mixin.py:188} INFO - [2025-08-09T18:37:45.927+0000] {dagbag.py:540} INFO - Filling up the DagBag from /home/airflow/.local/lib/python3.12/site-packages/airflow/example_dags/example_branch_day_of_week_operator.py
[2025-08-09T18:37:45.937+0000] {processor.py:840} INFO - DAG(s) 'example_weekday_branch_operator' retrieved from /home/airflow/.local/lib/python3.12/site-packages/airflow/example_dags/example_branch_day_of_week_operator.py
[2025-08-09T18:37:45.963+0000] {logging_mixin.py:188} INFO - [2025-08-09T18:37:45.962+0000] {dag.py:3096} INFO - Sync 1 DAGs
[2025-08-09T18:37:45.998+0000] {logging_mixin.py:188} INFO - [2025-08-09T18:37:45.997+0000] {dag.py:3954} INFO - Setting next_dagrun for example_weekday_branch_operator to 2025-08-08 00:00:00+00:00, run_after=2025-08-09 00:00:00+00:00
[2025-08-09T18:37:46.026+0000] {processor.py:183} INFO - Processing /home/airflow/.local/lib/python3.12/site-packages/airflow/example_dags/example_branch_day_of_week_operator.py took 0.113 seconds
[2025-08-09T18:38:16.470+0000] {processor.py:161} INFO - Started process (PID=1357) to work on /home/airflow/.local/lib/python3.12/site-packages/airflow/example_dags/example_branch_day_of_week_operator.py
[2025-08-09T18:38:16.471+0000] {processor.py:830} INFO - Processing file /home/airflow/.local/lib/python3.12/site-packages/airflow/example_dags/example_branch_day_of_week_operator.py for tasks to queue
[2025-08-09T18:38:16.474+0000] {logging_mixin.py:188} INFO - [2025-08-09T18:38:16.473+0000] {dagbag.py:540} INFO - Filling up the DagBag from /home/airflow/.local/lib/python3.12/site-packages/airflow/example_dags/example_branch_day_of_week_operator.py
[2025-08-09T18:38:16.485+0000] {processor.py:840} INFO - DAG(s) 'example_weekday_branch_operator' retrieved from /home/airflow/.local/lib/python3.12/site-packages/airflow/example_dags/example_branch_day_of_week_operator.py
[2025-08-09T18:38:16.512+0000] {logging_mixin.py:188} INFO - [2025-08-09T18:38:16.511+0000] {dag.py:3096} INFO - Sync 1 DAGs
[2025-08-09T18:38:16.544+0000] {logging_mixin.py:188} INFO - [2025-08-09T18:38:16.543+0000] {dag.py:3954} INFO - Setting next_dagrun for example_weekday_branch_operator to 2025-08-08 00:00:00+00:00, run_after=2025-08-09 00:00:00+00:00
[2025-08-09T18:38:16.576+0000] {processor.py:183} INFO - Processing /home/airflow/.local/lib/python3.12/site-packages/airflow/example_dags/example_branch_day_of_week_operator.py took 0.114 seconds
[2025-08-09T18:38:47.069+0000] {processor.py:161} INFO - Started process (PID=1416) to work on /home/airflow/.local/lib/python3.12/site-packages/airflow/example_dags/example_branch_day_of_week_operator.py
[2025-08-09T18:38:47.070+0000] {processor.py:830} INFO - Processing file /home/airflow/.local/lib/python3.12/site-packages/airflow/example_dags/example_branch_day_of_week_operator.py for tasks to queue
[2025-08-09T18:38:47.073+0000] {logging_mixin.py:188} INFO - [2025-08-09T18:38:47.073+0000] {dagbag.py:540} INFO - Filling up the DagBag from /home/airflow/.local/lib/python3.12/site-packages/airflow/example_dags/example_branch_day_of_week_operator.py
[2025-08-09T18:38:47.088+0000] {processor.py:840} INFO - DAG(s) 'example_weekday_branch_operator' retrieved from /home/airflow/.local/lib/python3.12/site-packages/airflow/example_dags/example_branch_day_of_week_operator.py
[2025-08-09T18:38:47.155+0000] {logging_mixin.py:188} INFO - [2025-08-09T18:38:47.154+0000] {dag.py:3096} INFO - Sync 1 DAGs
[2025-08-09T18:38:47.215+0000] {logging_mixin.py:188} INFO - [2025-08-09T18:38:47.214+0000] {dag.py:3954} INFO - Setting next_dagrun for example_weekday_branch_operator to 2025-08-08 00:00:00+00:00, run_after=2025-08-09 00:00:00+00:00
[2025-08-09T18:38:47.247+0000] {processor.py:183} INFO - Processing /home/airflow/.local/lib/python3.12/site-packages/airflow/example_dags/example_branch_day_of_week_operator.py took 0.190 seconds
[2025-08-09T18:39:17.822+0000] {processor.py:161} INFO - Started process (PID=1475) to work on /home/airflow/.local/lib/python3.12/site-packages/airflow/example_dags/example_branch_day_of_week_operator.py
[2025-08-09T18:39:17.824+0000] {processor.py:830} INFO - Processing file /home/airflow/.local/lib/python3.12/site-packages/airflow/example_dags/example_branch_day_of_week_operator.py for tasks to queue
[2025-08-09T18:39:17.828+0000] {logging_mixin.py:188} INFO - [2025-08-09T18:39:17.827+0000] {dagbag.py:540} INFO - Filling up the DagBag from /home/airflow/.local/lib/python3.12/site-packages/airflow/example_dags/example_branch_day_of_week_operator.py
[2025-08-09T18:39:17.844+0000] {processor.py:840} INFO - DAG(s) 'example_weekday_branch_operator' retrieved from /home/airflow/.local/lib/python3.12/site-packages/airflow/example_dags/example_branch_day_of_week_operator.py
[2025-08-09T18:39:17.896+0000] {logging_mixin.py:188} INFO - [2025-08-09T18:39:17.895+0000] {dag.py:3096} INFO - Sync 1 DAGs
[2025-08-09T18:39:17.955+0000] {logging_mixin.py:188} INFO - [2025-08-09T18:39:17.954+0000] {dag.py:3954} INFO - Setting next_dagrun for example_weekday_branch_operator to 2025-08-08 00:00:00+00:00, run_after=2025-08-09 00:00:00+00:00
[2025-08-09T18:39:17.984+0000] {processor.py:183} INFO - Processing /home/airflow/.local/lib/python3.12/site-packages/airflow/example_dags/example_branch_day_of_week_operator.py took 0.176 seconds
[2025-08-09T18:39:48.130+0000] {processor.py:161} INFO - Started process (PID=1534) to work on /home/airflow/.local/lib/python3.12/site-packages/airflow/example_dags/example_branch_day_of_week_operator.py
[2025-08-09T18:39:48.133+0000] {processor.py:830} INFO - Processing file /home/airflow/.local/lib/python3.12/site-packages/airflow/example_dags/example_branch_day_of_week_operator.py for tasks to queue
[2025-08-09T18:39:48.138+0000] {logging_mixin.py:188} INFO - [2025-08-09T18:39:48.137+0000] {dagbag.py:540} INFO - Filling up the DagBag from /home/airflow/.local/lib/python3.12/site-packages/airflow/example_dags/example_branch_day_of_week_operator.py
[2025-08-09T18:39:48.156+0000] {processor.py:840} INFO - DAG(s) 'example_weekday_branch_operator' retrieved from /home/airflow/.local/lib/python3.12/site-packages/airflow/example_dags/example_branch_day_of_week_operator.py
[2025-08-09T18:39:48.203+0000] {logging_mixin.py:188} INFO - [2025-08-09T18:39:48.203+0000] {dag.py:3096} INFO - Sync 1 DAGs
[2025-08-09T18:39:48.248+0000] {logging_mixin.py:188} INFO - [2025-08-09T18:39:48.247+0000] {dag.py:3954} INFO - Setting next_dagrun for example_weekday_branch_operator to 2025-08-08 00:00:00+00:00, run_after=2025-08-09 00:00:00+00:00
[2025-08-09T18:39:48.271+0000] {processor.py:183} INFO - Processing /home/airflow/.local/lib/python3.12/site-packages/airflow/example_dags/example_branch_day_of_week_operator.py took 0.157 seconds
[2025-08-09T18:40:18.849+0000] {processor.py:161} INFO - Started process (PID=1593) to work on /home/airflow/.local/lib/python3.12/site-packages/airflow/example_dags/example_branch_day_of_week_operator.py
[2025-08-09T18:40:18.850+0000] {processor.py:830} INFO - Processing file /home/airflow/.local/lib/python3.12/site-packages/airflow/example_dags/example_branch_day_of_week_operator.py for tasks to queue
[2025-08-09T18:40:18.853+0000] {logging_mixin.py:188} INFO - [2025-08-09T18:40:18.853+0000] {dagbag.py:540} INFO - Filling up the DagBag from /home/airflow/.local/lib/python3.12/site-packages/airflow/example_dags/example_branch_day_of_week_operator.py
[2025-08-09T18:40:18.867+0000] {processor.py:840} INFO - DAG(s) 'example_weekday_branch_operator' retrieved from /home/airflow/.local/lib/python3.12/site-packages/airflow/example_dags/example_branch_day_of_week_operator.py
[2025-08-09T18:40:18.899+0000] {logging_mixin.py:188} INFO - [2025-08-09T18:40:18.899+0000] {dag.py:3096} INFO - Sync 1 DAGs
[2025-08-09T18:40:18.955+0000] {logging_mixin.py:188} INFO - [2025-08-09T18:40:18.954+0000] {dag.py:3954} INFO - Setting next_dagrun for example_weekday_branch_operator to 2025-08-08 00:00:00+00:00, run_after=2025-08-09 00:00:00+00:00
[2025-08-09T18:40:18.999+0000] {processor.py:183} INFO - Processing /home/airflow/.local/lib/python3.12/site-packages/airflow/example_dags/example_branch_day_of_week_operator.py took 0.160 seconds
[2025-08-09T18:40:49.602+0000] {processor.py:161} INFO - Started process (PID=1652) to work on /home/airflow/.local/lib/python3.12/site-packages/airflow/example_dags/example_branch_day_of_week_operator.py
[2025-08-09T18:40:49.604+0000] {processor.py:830} INFO - Processing file /home/airflow/.local/lib/python3.12/site-packages/airflow/example_dags/example_branch_day_of_week_operator.py for tasks to queue
[2025-08-09T18:40:49.607+0000] {logging_mixin.py:188} INFO - [2025-08-09T18:40:49.607+0000] {dagbag.py:540} INFO - Filling up the DagBag from /home/airflow/.local/lib/python3.12/site-packages/airflow/example_dags/example_branch_day_of_week_operator.py
[2025-08-09T18:40:49.625+0000] {processor.py:840} INFO - DAG(s) 'example_weekday_branch_operator' retrieved from /home/airflow/.local/lib/python3.12/site-packages/airflow/example_dags/example_branch_day_of_week_operator.py
[2025-08-09T18:40:49.665+0000] {logging_mixin.py:188} INFO - [2025-08-09T18:40:49.665+0000] {dag.py:3096} INFO - Sync 1 DAGs
[2025-08-09T18:40:49.717+0000] {logging_mixin.py:188} INFO - [2025-08-09T18:40:49.716+0000] {dag.py:3954} INFO - Setting next_dagrun for example_weekday_branch_operator to 2025-08-08 00:00:00+00:00, run_after=2025-08-09 00:00:00+00:00
[2025-08-09T18:40:49.748+0000] {processor.py:183} INFO - Processing /home/airflow/.local/lib/python3.12/site-packages/airflow/example_dags/example_branch_day_of_week_operator.py took 0.160 seconds
[2025-08-09T18:41:20.012+0000] {processor.py:161} INFO - Started process (PID=1712) to work on /home/airflow/.local/lib/python3.12/site-packages/airflow/example_dags/example_branch_day_of_week_operator.py
[2025-08-09T18:41:20.013+0000] {processor.py:830} INFO - Processing file /home/airflow/.local/lib/python3.12/site-packages/airflow/example_dags/example_branch_day_of_week_operator.py for tasks to queue
[2025-08-09T18:41:20.016+0000] {logging_mixin.py:188} INFO - [2025-08-09T18:41:20.015+0000] {dagbag.py:540} INFO - Filling up the DagBag from /home/airflow/.local/lib/python3.12/site-packages/airflow/example_dags/example_branch_day_of_week_operator.py
[2025-08-09T18:41:20.026+0000] {processor.py:840} INFO - DAG(s) 'example_weekday_branch_operator' retrieved from /home/airflow/.local/lib/python3.12/site-packages/airflow/example_dags/example_branch_day_of_week_operator.py
[2025-08-09T18:41:20.054+0000] {logging_mixin.py:188} INFO - [2025-08-09T18:41:20.054+0000] {dag.py:3096} INFO - Sync 1 DAGs
[2025-08-09T18:41:20.103+0000] {logging_mixin.py:188} INFO - [2025-08-09T18:41:20.102+0000] {dag.py:3954} INFO - Setting next_dagrun for example_weekday_branch_operator to 2025-08-08 00:00:00+00:00, run_after=2025-08-09 00:00:00+00:00
[2025-08-09T18:41:20.138+0000] {processor.py:183} INFO - Processing /home/airflow/.local/lib/python3.12/site-packages/airflow/example_dags/example_branch_day_of_week_operator.py took 0.134 seconds
[2025-08-09T18:41:50.347+0000] {processor.py:161} INFO - Started process (PID=1771) to work on /home/airflow/.local/lib/python3.12/site-packages/airflow/example_dags/example_branch_day_of_week_operator.py
[2025-08-09T18:41:50.348+0000] {processor.py:830} INFO - Processing file /home/airflow/.local/lib/python3.12/site-packages/airflow/example_dags/example_branch_day_of_week_operator.py for tasks to queue
[2025-08-09T18:41:50.351+0000] {logging_mixin.py:188} INFO - [2025-08-09T18:41:50.351+0000] {dagbag.py:540} INFO - Filling up the DagBag from /home/airflow/.local/lib/python3.12/site-packages/airflow/example_dags/example_branch_day_of_week_operator.py
[2025-08-09T18:41:50.366+0000] {processor.py:840} INFO - DAG(s) 'example_weekday_branch_operator' retrieved from /home/airflow/.local/lib/python3.12/site-packages/airflow/example_dags/example_branch_day_of_week_operator.py
[2025-08-09T18:41:50.407+0000] {logging_mixin.py:188} INFO - [2025-08-09T18:41:50.407+0000] {dag.py:3096} INFO - Sync 1 DAGs
[2025-08-09T18:41:50.464+0000] {logging_mixin.py:188} INFO - [2025-08-09T18:41:50.463+0000] {dag.py:3954} INFO - Setting next_dagrun for example_weekday_branch_operator to 2025-08-08 00:00:00+00:00, run_after=2025-08-09 00:00:00+00:00
[2025-08-09T18:41:50.507+0000] {processor.py:183} INFO - Processing /home/airflow/.local/lib/python3.12/site-packages/airflow/example_dags/example_branch_day_of_week_operator.py took 0.171 seconds
[2025-08-09T18:42:20.699+0000] {processor.py:161} INFO - Started process (PID=1830) to work on /home/airflow/.local/lib/python3.12/site-packages/airflow/example_dags/example_branch_day_of_week_operator.py
[2025-08-09T18:42:20.701+0000] {processor.py:830} INFO - Processing file /home/airflow/.local/lib/python3.12/site-packages/airflow/example_dags/example_branch_day_of_week_operator.py for tasks to queue
[2025-08-09T18:42:20.704+0000] {logging_mixin.py:188} INFO - [2025-08-09T18:42:20.704+0000] {dagbag.py:540} INFO - Filling up the DagBag from /home/airflow/.local/lib/python3.12/site-packages/airflow/example_dags/example_branch_day_of_week_operator.py
[2025-08-09T18:42:20.723+0000] {processor.py:840} INFO - DAG(s) 'example_weekday_branch_operator' retrieved from /home/airflow/.local/lib/python3.12/site-packages/airflow/example_dags/example_branch_day_of_week_operator.py
[2025-08-09T18:42:20.765+0000] {logging_mixin.py:188} INFO - [2025-08-09T18:42:20.764+0000] {dag.py:3096} INFO - Sync 1 DAGs
[2025-08-09T18:42:20.803+0000] {logging_mixin.py:188} INFO - [2025-08-09T18:42:20.803+0000] {dag.py:3954} INFO - Setting next_dagrun for example_weekday_branch_operator to 2025-08-08 00:00:00+00:00, run_after=2025-08-09 00:00:00+00:00
[2025-08-09T18:42:20.836+0000] {processor.py:183} INFO - Processing /home/airflow/.local/lib/python3.12/site-packages/airflow/example_dags/example_branch_day_of_week_operator.py took 0.151 seconds
[2025-08-09T18:42:51.247+0000] {processor.py:161} INFO - Started process (PID=1889) to work on /home/airflow/.local/lib/python3.12/site-packages/airflow/example_dags/example_branch_day_of_week_operator.py
[2025-08-09T18:42:51.248+0000] {processor.py:830} INFO - Processing file /home/airflow/.local/lib/python3.12/site-packages/airflow/example_dags/example_branch_day_of_week_operator.py for tasks to queue
[2025-08-09T18:42:51.251+0000] {logging_mixin.py:188} INFO - [2025-08-09T18:42:51.251+0000] {dagbag.py:540} INFO - Filling up the DagBag from /home/airflow/.local/lib/python3.12/site-packages/airflow/example_dags/example_branch_day_of_week_operator.py
[2025-08-09T18:42:51.273+0000] {processor.py:840} INFO - DAG(s) 'example_weekday_branch_operator' retrieved from /home/airflow/.local/lib/python3.12/site-packages/airflow/example_dags/example_branch_day_of_week_operator.py
[2025-08-09T18:42:51.300+0000] {logging_mixin.py:188} INFO - [2025-08-09T18:42:51.300+0000] {dag.py:3096} INFO - Sync 1 DAGs
[2025-08-09T18:42:51.331+0000] {logging_mixin.py:188} INFO - [2025-08-09T18:42:51.331+0000] {dag.py:3954} INFO - Setting next_dagrun for example_weekday_branch_operator to 2025-08-08 00:00:00+00:00, run_after=2025-08-09 00:00:00+00:00
[2025-08-09T18:42:51.352+0000] {processor.py:183} INFO - Processing /home/airflow/.local/lib/python3.12/site-packages/airflow/example_dags/example_branch_day_of_week_operator.py took 0.115 seconds
[2025-08-09T18:43:22.310+0000] {processor.py:161} INFO - Started process (PID=1948) to work on /home/airflow/.local/lib/python3.12/site-packages/airflow/example_dags/example_branch_day_of_week_operator.py
[2025-08-09T18:43:22.311+0000] {processor.py:830} INFO - Processing file /home/airflow/.local/lib/python3.12/site-packages/airflow/example_dags/example_branch_day_of_week_operator.py for tasks to queue
[2025-08-09T18:43:22.314+0000] {logging_mixin.py:188} INFO - [2025-08-09T18:43:22.313+0000] {dagbag.py:540} INFO - Filling up the DagBag from /home/airflow/.local/lib/python3.12/site-packages/airflow/example_dags/example_branch_day_of_week_operator.py
[2025-08-09T18:43:22.325+0000] {processor.py:840} INFO - DAG(s) 'example_weekday_branch_operator' retrieved from /home/airflow/.local/lib/python3.12/site-packages/airflow/example_dags/example_branch_day_of_week_operator.py
[2025-08-09T18:43:22.353+0000] {logging_mixin.py:188} INFO - [2025-08-09T18:43:22.353+0000] {dag.py:3096} INFO - Sync 1 DAGs
[2025-08-09T18:43:22.386+0000] {logging_mixin.py:188} INFO - [2025-08-09T18:43:22.386+0000] {dag.py:3954} INFO - Setting next_dagrun for example_weekday_branch_operator to 2025-08-08 00:00:00+00:00, run_after=2025-08-09 00:00:00+00:00
[2025-08-09T18:43:22.413+0000] {processor.py:183} INFO - Processing /home/airflow/.local/lib/python3.12/site-packages/airflow/example_dags/example_branch_day_of_week_operator.py took 0.112 seconds
[2025-08-09T18:43:52.954+0000] {processor.py:161} INFO - Started process (PID=2007) to work on /home/airflow/.local/lib/python3.12/site-packages/airflow/example_dags/example_branch_day_of_week_operator.py
[2025-08-09T18:43:52.955+0000] {processor.py:830} INFO - Processing file /home/airflow/.local/lib/python3.12/site-packages/airflow/example_dags/example_branch_day_of_week_operator.py for tasks to queue
[2025-08-09T18:43:52.958+0000] {logging_mixin.py:188} INFO - [2025-08-09T18:43:52.957+0000] {dagbag.py:540} INFO - Filling up the DagBag from /home/airflow/.local/lib/python3.12/site-packages/airflow/example_dags/example_branch_day_of_week_operator.py
[2025-08-09T18:43:52.971+0000] {processor.py:840} INFO - DAG(s) 'example_weekday_branch_operator' retrieved from /home/airflow/.local/lib/python3.12/site-packages/airflow/example_dags/example_branch_day_of_week_operator.py
[2025-08-09T18:43:53.002+0000] {logging_mixin.py:188} INFO - [2025-08-09T18:43:53.001+0000] {dag.py:3096} INFO - Sync 1 DAGs
[2025-08-09T18:43:53.037+0000] {logging_mixin.py:188} INFO - [2025-08-09T18:43:53.037+0000] {dag.py:3954} INFO - Setting next_dagrun for example_weekday_branch_operator to 2025-08-08 00:00:00+00:00, run_after=2025-08-09 00:00:00+00:00
[2025-08-09T18:43:53.059+0000] {processor.py:183} INFO - Processing /home/airflow/.local/lib/python3.12/site-packages/airflow/example_dags/example_branch_day_of_week_operator.py took 0.116 seconds
[2025-08-09T18:44:23.223+0000] {processor.py:161} INFO - Started process (PID=2066) to work on /home/airflow/.local/lib/python3.12/site-packages/airflow/example_dags/example_branch_day_of_week_operator.py
[2025-08-09T18:44:23.224+0000] {processor.py:830} INFO - Processing file /home/airflow/.local/lib/python3.12/site-packages/airflow/example_dags/example_branch_day_of_week_operator.py for tasks to queue
[2025-08-09T18:44:23.229+0000] {logging_mixin.py:188} INFO - [2025-08-09T18:44:23.229+0000] {dagbag.py:540} INFO - Filling up the DagBag from /home/airflow/.local/lib/python3.12/site-packages/airflow/example_dags/example_branch_day_of_week_operator.py
[2025-08-09T18:44:23.241+0000] {processor.py:840} INFO - DAG(s) 'example_weekday_branch_operator' retrieved from /home/airflow/.local/lib/python3.12/site-packages/airflow/example_dags/example_branch_day_of_week_operator.py
[2025-08-09T18:44:23.279+0000] {logging_mixin.py:188} INFO - [2025-08-09T18:44:23.279+0000] {dag.py:3096} INFO - Sync 1 DAGs
[2025-08-09T18:44:23.311+0000] {logging_mixin.py:188} INFO - [2025-08-09T18:44:23.311+0000] {dag.py:3954} INFO - Setting next_dagrun for example_weekday_branch_operator to 2025-08-08 00:00:00+00:00, run_after=2025-08-09 00:00:00+00:00
[2025-08-09T18:44:23.344+0000] {processor.py:183} INFO - Processing /home/airflow/.local/lib/python3.12/site-packages/airflow/example_dags/example_branch_day_of_week_operator.py took 0.129 seconds
[2025-08-09T18:44:54.230+0000] {processor.py:161} INFO - Started process (PID=2125) to work on /home/airflow/.local/lib/python3.12/site-packages/airflow/example_dags/example_branch_day_of_week_operator.py
[2025-08-09T18:44:54.231+0000] {processor.py:830} INFO - Processing file /home/airflow/.local/lib/python3.12/site-packages/airflow/example_dags/example_branch_day_of_week_operator.py for tasks to queue
[2025-08-09T18:44:54.235+0000] {logging_mixin.py:188} INFO - [2025-08-09T18:44:54.234+0000] {dagbag.py:540} INFO - Filling up the DagBag from /home/airflow/.local/lib/python3.12/site-packages/airflow/example_dags/example_branch_day_of_week_operator.py
[2025-08-09T18:44:54.245+0000] {processor.py:840} INFO - DAG(s) 'example_weekday_branch_operator' retrieved from /home/airflow/.local/lib/python3.12/site-packages/airflow/example_dags/example_branch_day_of_week_operator.py
[2025-08-09T18:44:54.274+0000] {logging_mixin.py:188} INFO - [2025-08-09T18:44:54.273+0000] {dag.py:3096} INFO - Sync 1 DAGs
[2025-08-09T18:44:54.307+0000] {logging_mixin.py:188} INFO - [2025-08-09T18:44:54.307+0000] {dag.py:3954} INFO - Setting next_dagrun for example_weekday_branch_operator to 2025-08-08 00:00:00+00:00, run_after=2025-08-09 00:00:00+00:00
[2025-08-09T18:44:54.338+0000] {processor.py:183} INFO - Processing /home/airflow/.local/lib/python3.12/site-packages/airflow/example_dags/example_branch_day_of_week_operator.py took 0.116 seconds
