[2025-08-09T18:22:04.387+0000] {processor.py:161} INFO - Started process (PID=111) to work on /home/airflow/.local/lib/python3.12/site-packages/airflow/example_dags/example_nested_branch_dag.py
[2025-08-09T18:22:04.389+0000] {processor.py:830} INFO - Processing file /home/airflow/.local/lib/python3.12/site-packages/airflow/example_dags/example_nested_branch_dag.py for tasks to queue
[2025-08-09T18:22:04.392+0000] {logging_mixin.py:188} INFO - [2025-08-09T18:22:04.392+0000] {dagbag.py:540} INFO - Filling up the DagBag from /home/airflow/.local/lib/python3.12/site-packages/airflow/example_dags/example_nested_branch_dag.py
[2025-08-09T18:22:04.420+0000] {processor.py:840} INFO - DAG(s) 'example_nested_branch_dag' retrieved from /home/airflow/.local/lib/python3.12/site-packages/airflow/example_dags/example_nested_branch_dag.py
[2025-08-09T18:22:04.775+0000] {logging_mixin.py:188} INFO - [2025-08-09T18:22:04.774+0000] {dag.py:3096} INFO - Sync 1 DAGs
[2025-08-09T18:22:04.854+0000] {logging_mixin.py:188} INFO - [2025-08-09T18:22:04.853+0000] {dag.py:3954} INFO - Setting next_dagrun for example_nested_branch_dag to 2025-08-08 00:00:00+00:00, run_after=2025-08-09 00:00:00+00:00
[2025-08-09T18:22:04.898+0000] {processor.py:183} INFO - Processing /home/airflow/.local/lib/python3.12/site-packages/airflow/example_dags/example_nested_branch_dag.py took 0.526 seconds
[2025-08-09T18:22:35.175+0000] {processor.py:161} INFO - Started process (PID=170) to work on /home/airflow/.local/lib/python3.12/site-packages/airflow/example_dags/example_nested_branch_dag.py
[2025-08-09T18:22:35.177+0000] {processor.py:830} INFO - Processing file /home/airflow/.local/lib/python3.12/site-packages/airflow/example_dags/example_nested_branch_dag.py for tasks to queue
[2025-08-09T18:22:35.182+0000] {logging_mixin.py:188} INFO - [2025-08-09T18:22:35.181+0000] {dagbag.py:540} INFO - Filling up the DagBag from /home/airflow/.local/lib/python3.12/site-packages/airflow/example_dags/example_nested_branch_dag.py
[2025-08-09T18:22:35.203+0000] {processor.py:840} INFO - DAG(s) 'example_nested_branch_dag' retrieved from /home/airflow/.local/lib/python3.12/site-packages/airflow/example_dags/example_nested_branch_dag.py
[2025-08-09T18:22:35.233+0000] {logging_mixin.py:188} INFO - [2025-08-09T18:22:35.233+0000] {dag.py:3096} INFO - Sync 1 DAGs
[2025-08-09T18:22:35.264+0000] {logging_mixin.py:188} INFO - [2025-08-09T18:22:35.264+0000] {dag.py:3954} INFO - Setting next_dagrun for example_nested_branch_dag to 2025-08-08 00:00:00+00:00, run_after=2025-08-09 00:00:00+00:00
[2025-08-09T18:22:35.287+0000] {processor.py:183} INFO - Processing /home/airflow/.local/lib/python3.12/site-packages/airflow/example_dags/example_nested_branch_dag.py took 0.128 seconds
[2025-08-09T18:23:05.608+0000] {processor.py:161} INFO - Started process (PID=229) to work on /home/airflow/.local/lib/python3.12/site-packages/airflow/example_dags/example_nested_branch_dag.py
[2025-08-09T18:23:05.610+0000] {processor.py:830} INFO - Processing file /home/airflow/.local/lib/python3.12/site-packages/airflow/example_dags/example_nested_branch_dag.py for tasks to queue
[2025-08-09T18:23:05.612+0000] {logging_mixin.py:188} INFO - [2025-08-09T18:23:05.612+0000] {dagbag.py:540} INFO - Filling up the DagBag from /home/airflow/.local/lib/python3.12/site-packages/airflow/example_dags/example_nested_branch_dag.py
[2025-08-09T18:23:05.631+0000] {processor.py:840} INFO - DAG(s) 'example_nested_branch_dag' retrieved from /home/airflow/.local/lib/python3.12/site-packages/airflow/example_dags/example_nested_branch_dag.py
[2025-08-09T18:23:05.660+0000] {logging_mixin.py:188} INFO - [2025-08-09T18:23:05.660+0000] {dag.py:3096} INFO - Sync 1 DAGs
[2025-08-09T18:23:05.690+0000] {logging_mixin.py:188} INFO - [2025-08-09T18:23:05.690+0000] {dag.py:3954} INFO - Setting next_dagrun for example_nested_branch_dag to 2025-08-08 00:00:00+00:00, run_after=2025-08-09 00:00:00+00:00
[2025-08-09T18:23:05.713+0000] {processor.py:183} INFO - Processing /home/airflow/.local/lib/python3.12/site-packages/airflow/example_dags/example_nested_branch_dag.py took 0.112 seconds
[2025-08-09T18:23:36.230+0000] {processor.py:161} INFO - Started process (PID=288) to work on /home/airflow/.local/lib/python3.12/site-packages/airflow/example_dags/example_nested_branch_dag.py
[2025-08-09T18:23:36.231+0000] {processor.py:830} INFO - Processing file /home/airflow/.local/lib/python3.12/site-packages/airflow/example_dags/example_nested_branch_dag.py for tasks to queue
[2025-08-09T18:23:36.234+0000] {logging_mixin.py:188} INFO - [2025-08-09T18:23:36.234+0000] {dagbag.py:540} INFO - Filling up the DagBag from /home/airflow/.local/lib/python3.12/site-packages/airflow/example_dags/example_nested_branch_dag.py
[2025-08-09T18:23:36.254+0000] {processor.py:840} INFO - DAG(s) 'example_nested_branch_dag' retrieved from /home/airflow/.local/lib/python3.12/site-packages/airflow/example_dags/example_nested_branch_dag.py
[2025-08-09T18:23:36.297+0000] {logging_mixin.py:188} INFO - [2025-08-09T18:23:36.297+0000] {dag.py:3096} INFO - Sync 1 DAGs
[2025-08-09T18:23:36.338+0000] {logging_mixin.py:188} INFO - [2025-08-09T18:23:36.338+0000] {dag.py:3954} INFO - Setting next_dagrun for example_nested_branch_dag to 2025-08-08 00:00:00+00:00, run_after=2025-08-09 00:00:00+00:00
[2025-08-09T18:23:36.362+0000] {processor.py:183} INFO - Processing /home/airflow/.local/lib/python3.12/site-packages/airflow/example_dags/example_nested_branch_dag.py took 0.142 seconds
[2025-08-09T18:24:06.713+0000] {processor.py:161} INFO - Started process (PID=347) to work on /home/airflow/.local/lib/python3.12/site-packages/airflow/example_dags/example_nested_branch_dag.py
[2025-08-09T18:24:06.714+0000] {processor.py:830} INFO - Processing file /home/airflow/.local/lib/python3.12/site-packages/airflow/example_dags/example_nested_branch_dag.py for tasks to queue
[2025-08-09T18:24:06.718+0000] {logging_mixin.py:188} INFO - [2025-08-09T18:24:06.718+0000] {dagbag.py:540} INFO - Filling up the DagBag from /home/airflow/.local/lib/python3.12/site-packages/airflow/example_dags/example_nested_branch_dag.py
[2025-08-09T18:24:06.735+0000] {processor.py:840} INFO - DAG(s) 'example_nested_branch_dag' retrieved from /home/airflow/.local/lib/python3.12/site-packages/airflow/example_dags/example_nested_branch_dag.py
[2025-08-09T18:24:06.769+0000] {logging_mixin.py:188} INFO - [2025-08-09T18:24:06.769+0000] {dag.py:3096} INFO - Sync 1 DAGs
[2025-08-09T18:24:06.811+0000] {logging_mixin.py:188} INFO - [2025-08-09T18:24:06.811+0000] {dag.py:3954} INFO - Setting next_dagrun for example_nested_branch_dag to 2025-08-08 00:00:00+00:00, run_after=2025-08-09 00:00:00+00:00
[2025-08-09T18:24:06.845+0000] {processor.py:183} INFO - Processing /home/airflow/.local/lib/python3.12/site-packages/airflow/example_dags/example_nested_branch_dag.py took 0.145 seconds
[2025-08-09T18:24:37.314+0000] {processor.py:161} INFO - Started process (PID=406) to work on /home/airflow/.local/lib/python3.12/site-packages/airflow/example_dags/example_nested_branch_dag.py
[2025-08-09T18:24:37.315+0000] {processor.py:830} INFO - Processing file /home/airflow/.local/lib/python3.12/site-packages/airflow/example_dags/example_nested_branch_dag.py for tasks to queue
[2025-08-09T18:24:37.318+0000] {logging_mixin.py:188} INFO - [2025-08-09T18:24:37.318+0000] {dagbag.py:540} INFO - Filling up the DagBag from /home/airflow/.local/lib/python3.12/site-packages/airflow/example_dags/example_nested_branch_dag.py
[2025-08-09T18:24:37.339+0000] {processor.py:840} INFO - DAG(s) 'example_nested_branch_dag' retrieved from /home/airflow/.local/lib/python3.12/site-packages/airflow/example_dags/example_nested_branch_dag.py
[2025-08-09T18:24:37.369+0000] {logging_mixin.py:188} INFO - [2025-08-09T18:24:37.369+0000] {dag.py:3096} INFO - Sync 1 DAGs
[2025-08-09T18:24:37.401+0000] {logging_mixin.py:188} INFO - [2025-08-09T18:24:37.401+0000] {dag.py:3954} INFO - Setting next_dagrun for example_nested_branch_dag to 2025-08-08 00:00:00+00:00, run_after=2025-08-09 00:00:00+00:00
[2025-08-09T18:24:37.438+0000] {processor.py:183} INFO - Processing /home/airflow/.local/lib/python3.12/site-packages/airflow/example_dags/example_nested_branch_dag.py took 0.135 seconds
[2025-08-09T18:25:08.401+0000] {processor.py:161} INFO - Started process (PID=471) to work on /home/airflow/.local/lib/python3.12/site-packages/airflow/example_dags/example_nested_branch_dag.py
[2025-08-09T18:25:08.402+0000] {processor.py:830} INFO - Processing file /home/airflow/.local/lib/python3.12/site-packages/airflow/example_dags/example_nested_branch_dag.py for tasks to queue
[2025-08-09T18:25:08.405+0000] {logging_mixin.py:188} INFO - [2025-08-09T18:25:08.405+0000] {dagbag.py:540} INFO - Filling up the DagBag from /home/airflow/.local/lib/python3.12/site-packages/airflow/example_dags/example_nested_branch_dag.py
[2025-08-09T18:25:08.422+0000] {processor.py:840} INFO - DAG(s) 'example_nested_branch_dag' retrieved from /home/airflow/.local/lib/python3.12/site-packages/airflow/example_dags/example_nested_branch_dag.py
[2025-08-09T18:25:08.466+0000] {logging_mixin.py:188} INFO - [2025-08-09T18:25:08.466+0000] {dag.py:3096} INFO - Sync 1 DAGs
[2025-08-09T18:25:08.537+0000] {logging_mixin.py:188} INFO - [2025-08-09T18:25:08.537+0000] {dag.py:3954} INFO - Setting next_dagrun for example_nested_branch_dag to 2025-08-08 00:00:00+00:00, run_after=2025-08-09 00:00:00+00:00
[2025-08-09T18:25:08.597+0000] {processor.py:183} INFO - Processing /home/airflow/.local/lib/python3.12/site-packages/airflow/example_dags/example_nested_branch_dag.py took 0.203 seconds
[2025-08-09T18:27:32.394+0000] {processor.py:161} INFO - Started process (PID=112) to work on /home/airflow/.local/lib/python3.12/site-packages/airflow/example_dags/example_nested_branch_dag.py
[2025-08-09T18:27:32.398+0000] {processor.py:830} INFO - Processing file /home/airflow/.local/lib/python3.12/site-packages/airflow/example_dags/example_nested_branch_dag.py for tasks to queue
[2025-08-09T18:27:32.402+0000] {logging_mixin.py:188} INFO - [2025-08-09T18:27:32.401+0000] {dagbag.py:540} INFO - Filling up the DagBag from /home/airflow/.local/lib/python3.12/site-packages/airflow/example_dags/example_nested_branch_dag.py
[2025-08-09T18:27:32.433+0000] {processor.py:840} INFO - DAG(s) 'example_nested_branch_dag' retrieved from /home/airflow/.local/lib/python3.12/site-packages/airflow/example_dags/example_nested_branch_dag.py
[2025-08-09T18:27:32.938+0000] {logging_mixin.py:188} INFO - [2025-08-09T18:27:32.937+0000] {dag.py:3096} INFO - Sync 1 DAGs
[2025-08-09T18:27:33.057+0000] {logging_mixin.py:188} INFO - [2025-08-09T18:27:33.052+0000] {dag.py:3954} INFO - Setting next_dagrun for example_nested_branch_dag to 2025-08-08 00:00:00+00:00, run_after=2025-08-09 00:00:00+00:00
[2025-08-09T18:27:33.148+0000] {processor.py:183} INFO - Processing /home/airflow/.local/lib/python3.12/site-packages/airflow/example_dags/example_nested_branch_dag.py took 0.770 seconds
[2025-08-09T18:28:03.967+0000] {processor.py:161} INFO - Started process (PID=177) to work on /home/airflow/.local/lib/python3.12/site-packages/airflow/example_dags/example_nested_branch_dag.py
[2025-08-09T18:28:03.970+0000] {processor.py:830} INFO - Processing file /home/airflow/.local/lib/python3.12/site-packages/airflow/example_dags/example_nested_branch_dag.py for tasks to queue
[2025-08-09T18:28:03.978+0000] {logging_mixin.py:188} INFO - [2025-08-09T18:28:03.976+0000] {dagbag.py:540} INFO - Filling up the DagBag from /home/airflow/.local/lib/python3.12/site-packages/airflow/example_dags/example_nested_branch_dag.py
[2025-08-09T18:28:04.014+0000] {processor.py:840} INFO - DAG(s) 'example_nested_branch_dag' retrieved from /home/airflow/.local/lib/python3.12/site-packages/airflow/example_dags/example_nested_branch_dag.py
[2025-08-09T18:28:04.085+0000] {logging_mixin.py:188} INFO - [2025-08-09T18:28:04.084+0000] {dag.py:3096} INFO - Sync 1 DAGs
[2025-08-09T18:28:04.201+0000] {logging_mixin.py:188} INFO - [2025-08-09T18:28:04.200+0000] {dag.py:3954} INFO - Setting next_dagrun for example_nested_branch_dag to 2025-08-08 00:00:00+00:00, run_after=2025-08-09 00:00:00+00:00
[2025-08-09T18:28:04.297+0000] {processor.py:183} INFO - Processing /home/airflow/.local/lib/python3.12/site-packages/airflow/example_dags/example_nested_branch_dag.py took 0.349 seconds
[2025-08-09T18:28:34.427+0000] {processor.py:161} INFO - Started process (PID=237) to work on /home/airflow/.local/lib/python3.12/site-packages/airflow/example_dags/example_nested_branch_dag.py
[2025-08-09T18:28:34.430+0000] {processor.py:830} INFO - Processing file /home/airflow/.local/lib/python3.12/site-packages/airflow/example_dags/example_nested_branch_dag.py for tasks to queue
[2025-08-09T18:28:34.433+0000] {logging_mixin.py:188} INFO - [2025-08-09T18:28:34.432+0000] {dagbag.py:540} INFO - Filling up the DagBag from /home/airflow/.local/lib/python3.12/site-packages/airflow/example_dags/example_nested_branch_dag.py
[2025-08-09T18:28:34.454+0000] {processor.py:840} INFO - DAG(s) 'example_nested_branch_dag' retrieved from /home/airflow/.local/lib/python3.12/site-packages/airflow/example_dags/example_nested_branch_dag.py
[2025-08-09T18:28:34.518+0000] {logging_mixin.py:188} INFO - [2025-08-09T18:28:34.517+0000] {dag.py:3096} INFO - Sync 1 DAGs
[2025-08-09T18:28:34.616+0000] {logging_mixin.py:188} INFO - [2025-08-09T18:28:34.613+0000] {dag.py:3954} INFO - Setting next_dagrun for example_nested_branch_dag to 2025-08-08 00:00:00+00:00, run_after=2025-08-09 00:00:00+00:00
[2025-08-09T18:28:34.666+0000] {processor.py:183} INFO - Processing /home/airflow/.local/lib/python3.12/site-packages/airflow/example_dags/example_nested_branch_dag.py took 0.248 seconds
[2025-08-09T18:29:05.338+0000] {processor.py:161} INFO - Started process (PID=296) to work on /home/airflow/.local/lib/python3.12/site-packages/airflow/example_dags/example_nested_branch_dag.py
[2025-08-09T18:29:05.341+0000] {processor.py:830} INFO - Processing file /home/airflow/.local/lib/python3.12/site-packages/airflow/example_dags/example_nested_branch_dag.py for tasks to queue
[2025-08-09T18:29:05.345+0000] {logging_mixin.py:188} INFO - [2025-08-09T18:29:05.345+0000] {dagbag.py:540} INFO - Filling up the DagBag from /home/airflow/.local/lib/python3.12/site-packages/airflow/example_dags/example_nested_branch_dag.py
[2025-08-09T18:29:05.366+0000] {processor.py:840} INFO - DAG(s) 'example_nested_branch_dag' retrieved from /home/airflow/.local/lib/python3.12/site-packages/airflow/example_dags/example_nested_branch_dag.py
[2025-08-09T18:29:05.420+0000] {logging_mixin.py:188} INFO - [2025-08-09T18:29:05.419+0000] {dag.py:3096} INFO - Sync 1 DAGs
[2025-08-09T18:29:05.481+0000] {logging_mixin.py:188} INFO - [2025-08-09T18:29:05.481+0000] {dag.py:3954} INFO - Setting next_dagrun for example_nested_branch_dag to 2025-08-08 00:00:00+00:00, run_after=2025-08-09 00:00:00+00:00
[2025-08-09T18:29:05.519+0000] {processor.py:183} INFO - Processing /home/airflow/.local/lib/python3.12/site-packages/airflow/example_dags/example_nested_branch_dag.py took 0.195 seconds
[2025-08-09T18:29:36.013+0000] {processor.py:161} INFO - Started process (PID=355) to work on /home/airflow/.local/lib/python3.12/site-packages/airflow/example_dags/example_nested_branch_dag.py
[2025-08-09T18:29:36.015+0000] {processor.py:830} INFO - Processing file /home/airflow/.local/lib/python3.12/site-packages/airflow/example_dags/example_nested_branch_dag.py for tasks to queue
[2025-08-09T18:29:36.018+0000] {logging_mixin.py:188} INFO - [2025-08-09T18:29:36.018+0000] {dagbag.py:540} INFO - Filling up the DagBag from /home/airflow/.local/lib/python3.12/site-packages/airflow/example_dags/example_nested_branch_dag.py
[2025-08-09T18:29:36.038+0000] {processor.py:840} INFO - DAG(s) 'example_nested_branch_dag' retrieved from /home/airflow/.local/lib/python3.12/site-packages/airflow/example_dags/example_nested_branch_dag.py
[2025-08-09T18:29:36.072+0000] {logging_mixin.py:188} INFO - [2025-08-09T18:29:36.072+0000] {dag.py:3096} INFO - Sync 1 DAGs
[2025-08-09T18:29:36.110+0000] {logging_mixin.py:188} INFO - [2025-08-09T18:29:36.110+0000] {dag.py:3954} INFO - Setting next_dagrun for example_nested_branch_dag to 2025-08-08 00:00:00+00:00, run_after=2025-08-09 00:00:00+00:00
[2025-08-09T18:29:36.134+0000] {processor.py:183} INFO - Processing /home/airflow/.local/lib/python3.12/site-packages/airflow/example_dags/example_nested_branch_dag.py took 0.130 seconds
[2025-08-09T18:30:06.945+0000] {processor.py:161} INFO - Started process (PID=415) to work on /home/airflow/.local/lib/python3.12/site-packages/airflow/example_dags/example_nested_branch_dag.py
[2025-08-09T18:30:06.947+0000] {processor.py:830} INFO - Processing file /home/airflow/.local/lib/python3.12/site-packages/airflow/example_dags/example_nested_branch_dag.py for tasks to queue
[2025-08-09T18:30:06.951+0000] {logging_mixin.py:188} INFO - [2025-08-09T18:30:06.950+0000] {dagbag.py:540} INFO - Filling up the DagBag from /home/airflow/.local/lib/python3.12/site-packages/airflow/example_dags/example_nested_branch_dag.py
[2025-08-09T18:30:06.974+0000] {processor.py:840} INFO - DAG(s) 'example_nested_branch_dag' retrieved from /home/airflow/.local/lib/python3.12/site-packages/airflow/example_dags/example_nested_branch_dag.py
[2025-08-09T18:30:07.019+0000] {logging_mixin.py:188} INFO - [2025-08-09T18:30:07.019+0000] {dag.py:3096} INFO - Sync 1 DAGs
[2025-08-09T18:30:07.067+0000] {logging_mixin.py:188} INFO - [2025-08-09T18:30:07.067+0000] {dag.py:3954} INFO - Setting next_dagrun for example_nested_branch_dag to 2025-08-08 00:00:00+00:00, run_after=2025-08-09 00:00:00+00:00
[2025-08-09T18:30:07.099+0000] {processor.py:183} INFO - Processing /home/airflow/.local/lib/python3.12/site-packages/airflow/example_dags/example_nested_branch_dag.py took 0.168 seconds
[2025-08-09T18:30:37.556+0000] {processor.py:161} INFO - Started process (PID=474) to work on /home/airflow/.local/lib/python3.12/site-packages/airflow/example_dags/example_nested_branch_dag.py
[2025-08-09T18:30:37.558+0000] {processor.py:830} INFO - Processing file /home/airflow/.local/lib/python3.12/site-packages/airflow/example_dags/example_nested_branch_dag.py for tasks to queue
[2025-08-09T18:30:37.563+0000] {logging_mixin.py:188} INFO - [2025-08-09T18:30:37.562+0000] {dagbag.py:540} INFO - Filling up the DagBag from /home/airflow/.local/lib/python3.12/site-packages/airflow/example_dags/example_nested_branch_dag.py
[2025-08-09T18:30:37.589+0000] {processor.py:840} INFO - DAG(s) 'example_nested_branch_dag' retrieved from /home/airflow/.local/lib/python3.12/site-packages/airflow/example_dags/example_nested_branch_dag.py
[2025-08-09T18:30:37.644+0000] {logging_mixin.py:188} INFO - [2025-08-09T18:30:37.643+0000] {dag.py:3096} INFO - Sync 1 DAGs
[2025-08-09T18:30:37.677+0000] {logging_mixin.py:188} INFO - [2025-08-09T18:30:37.677+0000] {dag.py:3954} INFO - Setting next_dagrun for example_nested_branch_dag to 2025-08-08 00:00:00+00:00, run_after=2025-08-09 00:00:00+00:00
[2025-08-09T18:30:37.718+0000] {processor.py:183} INFO - Processing /home/airflow/.local/lib/python3.12/site-packages/airflow/example_dags/example_nested_branch_dag.py took 0.179 seconds
[2025-08-09T18:31:07.895+0000] {processor.py:161} INFO - Started process (PID=533) to work on /home/airflow/.local/lib/python3.12/site-packages/airflow/example_dags/example_nested_branch_dag.py
[2025-08-09T18:31:07.898+0000] {processor.py:830} INFO - Processing file /home/airflow/.local/lib/python3.12/site-packages/airflow/example_dags/example_nested_branch_dag.py for tasks to queue
[2025-08-09T18:31:07.901+0000] {logging_mixin.py:188} INFO - [2025-08-09T18:31:07.901+0000] {dagbag.py:540} INFO - Filling up the DagBag from /home/airflow/.local/lib/python3.12/site-packages/airflow/example_dags/example_nested_branch_dag.py
[2025-08-09T18:31:07.920+0000] {processor.py:840} INFO - DAG(s) 'example_nested_branch_dag' retrieved from /home/airflow/.local/lib/python3.12/site-packages/airflow/example_dags/example_nested_branch_dag.py
[2025-08-09T18:31:07.961+0000] {logging_mixin.py:188} INFO - [2025-08-09T18:31:07.961+0000] {dag.py:3096} INFO - Sync 1 DAGs
[2025-08-09T18:31:07.997+0000] {logging_mixin.py:188} INFO - [2025-08-09T18:31:07.996+0000] {dag.py:3954} INFO - Setting next_dagrun for example_nested_branch_dag to 2025-08-08 00:00:00+00:00, run_after=2025-08-09 00:00:00+00:00
[2025-08-09T18:31:08.029+0000] {processor.py:183} INFO - Processing /home/airflow/.local/lib/python3.12/site-packages/airflow/example_dags/example_nested_branch_dag.py took 0.146 seconds
[2025-08-09T18:31:38.754+0000] {processor.py:161} INFO - Started process (PID=592) to work on /home/airflow/.local/lib/python3.12/site-packages/airflow/example_dags/example_nested_branch_dag.py
[2025-08-09T18:31:38.756+0000] {processor.py:830} INFO - Processing file /home/airflow/.local/lib/python3.12/site-packages/airflow/example_dags/example_nested_branch_dag.py for tasks to queue
[2025-08-09T18:31:38.759+0000] {logging_mixin.py:188} INFO - [2025-08-09T18:31:38.759+0000] {dagbag.py:540} INFO - Filling up the DagBag from /home/airflow/.local/lib/python3.12/site-packages/airflow/example_dags/example_nested_branch_dag.py
[2025-08-09T18:31:38.778+0000] {processor.py:840} INFO - DAG(s) 'example_nested_branch_dag' retrieved from /home/airflow/.local/lib/python3.12/site-packages/airflow/example_dags/example_nested_branch_dag.py
[2025-08-09T18:31:38.820+0000] {logging_mixin.py:188} INFO - [2025-08-09T18:31:38.819+0000] {dag.py:3096} INFO - Sync 1 DAGs
[2025-08-09T18:31:38.871+0000] {logging_mixin.py:188} INFO - [2025-08-09T18:31:38.871+0000] {dag.py:3954} INFO - Setting next_dagrun for example_nested_branch_dag to 2025-08-08 00:00:00+00:00, run_after=2025-08-09 00:00:00+00:00
[2025-08-09T18:31:38.945+0000] {processor.py:183} INFO - Processing /home/airflow/.local/lib/python3.12/site-packages/airflow/example_dags/example_nested_branch_dag.py took 0.202 seconds
[2025-08-09T18:32:09.223+0000] {processor.py:161} INFO - Started process (PID=652) to work on /home/airflow/.local/lib/python3.12/site-packages/airflow/example_dags/example_nested_branch_dag.py
[2025-08-09T18:32:09.225+0000] {processor.py:830} INFO - Processing file /home/airflow/.local/lib/python3.12/site-packages/airflow/example_dags/example_nested_branch_dag.py for tasks to queue
[2025-08-09T18:32:09.227+0000] {logging_mixin.py:188} INFO - [2025-08-09T18:32:09.227+0000] {dagbag.py:540} INFO - Filling up the DagBag from /home/airflow/.local/lib/python3.12/site-packages/airflow/example_dags/example_nested_branch_dag.py
[2025-08-09T18:32:09.241+0000] {processor.py:840} INFO - DAG(s) 'example_nested_branch_dag' retrieved from /home/airflow/.local/lib/python3.12/site-packages/airflow/example_dags/example_nested_branch_dag.py
[2025-08-09T18:32:09.273+0000] {logging_mixin.py:188} INFO - [2025-08-09T18:32:09.272+0000] {dag.py:3096} INFO - Sync 1 DAGs
[2025-08-09T18:32:09.315+0000] {logging_mixin.py:188} INFO - [2025-08-09T18:32:09.314+0000] {dag.py:3954} INFO - Setting next_dagrun for example_nested_branch_dag to 2025-08-08 00:00:00+00:00, run_after=2025-08-09 00:00:00+00:00
[2025-08-09T18:32:09.353+0000] {processor.py:183} INFO - Processing /home/airflow/.local/lib/python3.12/site-packages/airflow/example_dags/example_nested_branch_dag.py took 0.138 seconds
[2025-08-09T18:32:39.734+0000] {processor.py:161} INFO - Started process (PID=711) to work on /home/airflow/.local/lib/python3.12/site-packages/airflow/example_dags/example_nested_branch_dag.py
[2025-08-09T18:32:39.736+0000] {processor.py:830} INFO - Processing file /home/airflow/.local/lib/python3.12/site-packages/airflow/example_dags/example_nested_branch_dag.py for tasks to queue
[2025-08-09T18:32:39.738+0000] {logging_mixin.py:188} INFO - [2025-08-09T18:32:39.737+0000] {dagbag.py:540} INFO - Filling up the DagBag from /home/airflow/.local/lib/python3.12/site-packages/airflow/example_dags/example_nested_branch_dag.py
[2025-08-09T18:32:39.754+0000] {processor.py:840} INFO - DAG(s) 'example_nested_branch_dag' retrieved from /home/airflow/.local/lib/python3.12/site-packages/airflow/example_dags/example_nested_branch_dag.py
[2025-08-09T18:32:39.780+0000] {logging_mixin.py:188} INFO - [2025-08-09T18:32:39.780+0000] {dag.py:3096} INFO - Sync 1 DAGs
[2025-08-09T18:32:39.810+0000] {logging_mixin.py:188} INFO - [2025-08-09T18:32:39.809+0000] {dag.py:3954} INFO - Setting next_dagrun for example_nested_branch_dag to 2025-08-08 00:00:00+00:00, run_after=2025-08-09 00:00:00+00:00
[2025-08-09T18:32:39.849+0000] {processor.py:183} INFO - Processing /home/airflow/.local/lib/python3.12/site-packages/airflow/example_dags/example_nested_branch_dag.py took 0.123 seconds
[2025-08-09T18:33:10.688+0000] {processor.py:161} INFO - Started process (PID=770) to work on /home/airflow/.local/lib/python3.12/site-packages/airflow/example_dags/example_nested_branch_dag.py
[2025-08-09T18:33:10.690+0000] {processor.py:830} INFO - Processing file /home/airflow/.local/lib/python3.12/site-packages/airflow/example_dags/example_nested_branch_dag.py for tasks to queue
[2025-08-09T18:33:10.692+0000] {logging_mixin.py:188} INFO - [2025-08-09T18:33:10.692+0000] {dagbag.py:540} INFO - Filling up the DagBag from /home/airflow/.local/lib/python3.12/site-packages/airflow/example_dags/example_nested_branch_dag.py
[2025-08-09T18:33:10.704+0000] {processor.py:840} INFO - DAG(s) 'example_nested_branch_dag' retrieved from /home/airflow/.local/lib/python3.12/site-packages/airflow/example_dags/example_nested_branch_dag.py
[2025-08-09T18:33:10.731+0000] {logging_mixin.py:188} INFO - [2025-08-09T18:33:10.730+0000] {dag.py:3096} INFO - Sync 1 DAGs
[2025-08-09T18:33:10.758+0000] {logging_mixin.py:188} INFO - [2025-08-09T18:33:10.758+0000] {dag.py:3954} INFO - Setting next_dagrun for example_nested_branch_dag to 2025-08-08 00:00:00+00:00, run_after=2025-08-09 00:00:00+00:00
[2025-08-09T18:33:10.796+0000] {processor.py:183} INFO - Processing /home/airflow/.local/lib/python3.12/site-packages/airflow/example_dags/example_nested_branch_dag.py took 0.118 seconds
[2025-08-09T18:33:41.123+0000] {processor.py:161} INFO - Started process (PID=829) to work on /home/airflow/.local/lib/python3.12/site-packages/airflow/example_dags/example_nested_branch_dag.py
[2025-08-09T18:33:41.125+0000] {processor.py:830} INFO - Processing file /home/airflow/.local/lib/python3.12/site-packages/airflow/example_dags/example_nested_branch_dag.py for tasks to queue
[2025-08-09T18:33:41.128+0000] {logging_mixin.py:188} INFO - [2025-08-09T18:33:41.128+0000] {dagbag.py:540} INFO - Filling up the DagBag from /home/airflow/.local/lib/python3.12/site-packages/airflow/example_dags/example_nested_branch_dag.py
[2025-08-09T18:33:41.142+0000] {processor.py:840} INFO - DAG(s) 'example_nested_branch_dag' retrieved from /home/airflow/.local/lib/python3.12/site-packages/airflow/example_dags/example_nested_branch_dag.py
[2025-08-09T18:33:41.176+0000] {logging_mixin.py:188} INFO - [2025-08-09T18:33:41.176+0000] {dag.py:3096} INFO - Sync 1 DAGs
[2025-08-09T18:33:41.210+0000] {logging_mixin.py:188} INFO - [2025-08-09T18:33:41.209+0000] {dag.py:3954} INFO - Setting next_dagrun for example_nested_branch_dag to 2025-08-08 00:00:00+00:00, run_after=2025-08-09 00:00:00+00:00
[2025-08-09T18:33:41.271+0000] {processor.py:183} INFO - Processing /home/airflow/.local/lib/python3.12/site-packages/airflow/example_dags/example_nested_branch_dag.py took 0.157 seconds
[2025-08-09T18:34:12.022+0000] {processor.py:161} INFO - Started process (PID=889) to work on /home/airflow/.local/lib/python3.12/site-packages/airflow/example_dags/example_nested_branch_dag.py
[2025-08-09T18:34:12.024+0000] {processor.py:830} INFO - Processing file /home/airflow/.local/lib/python3.12/site-packages/airflow/example_dags/example_nested_branch_dag.py for tasks to queue
[2025-08-09T18:34:12.026+0000] {logging_mixin.py:188} INFO - [2025-08-09T18:34:12.026+0000] {dagbag.py:540} INFO - Filling up the DagBag from /home/airflow/.local/lib/python3.12/site-packages/airflow/example_dags/example_nested_branch_dag.py
[2025-08-09T18:34:12.040+0000] {processor.py:840} INFO - DAG(s) 'example_nested_branch_dag' retrieved from /home/airflow/.local/lib/python3.12/site-packages/airflow/example_dags/example_nested_branch_dag.py
[2025-08-09T18:34:12.074+0000] {logging_mixin.py:188} INFO - [2025-08-09T18:34:12.074+0000] {dag.py:3096} INFO - Sync 1 DAGs
[2025-08-09T18:34:12.119+0000] {logging_mixin.py:188} INFO - [2025-08-09T18:34:12.119+0000] {dag.py:3954} INFO - Setting next_dagrun for example_nested_branch_dag to 2025-08-08 00:00:00+00:00, run_after=2025-08-09 00:00:00+00:00
[2025-08-09T18:34:12.161+0000] {processor.py:183} INFO - Processing /home/airflow/.local/lib/python3.12/site-packages/airflow/example_dags/example_nested_branch_dag.py took 0.150 seconds
[2025-08-09T18:34:43.661+0000] {processor.py:161} INFO - Started process (PID=948) to work on /home/airflow/.local/lib/python3.12/site-packages/airflow/example_dags/example_nested_branch_dag.py
[2025-08-09T18:34:43.663+0000] {processor.py:830} INFO - Processing file /home/airflow/.local/lib/python3.12/site-packages/airflow/example_dags/example_nested_branch_dag.py for tasks to queue
[2025-08-09T18:34:43.667+0000] {logging_mixin.py:188} INFO - [2025-08-09T18:34:43.666+0000] {dagbag.py:540} INFO - Filling up the DagBag from /home/airflow/.local/lib/python3.12/site-packages/airflow/example_dags/example_nested_branch_dag.py
[2025-08-09T18:34:43.690+0000] {processor.py:840} INFO - DAG(s) 'example_nested_branch_dag' retrieved from /home/airflow/.local/lib/python3.12/site-packages/airflow/example_dags/example_nested_branch_dag.py
[2025-08-09T18:34:44.038+0000] {logging_mixin.py:188} INFO - [2025-08-09T18:34:44.038+0000] {dag.py:3096} INFO - Sync 1 DAGs
[2025-08-09T18:34:44.071+0000] {logging_mixin.py:188} INFO - [2025-08-09T18:34:44.070+0000] {dag.py:3954} INFO - Setting next_dagrun for example_nested_branch_dag to 2025-08-08 00:00:00+00:00, run_after=2025-08-09 00:00:00+00:00
[2025-08-09T18:34:44.105+0000] {processor.py:183} INFO - Processing /home/airflow/.local/lib/python3.12/site-packages/airflow/example_dags/example_nested_branch_dag.py took 0.459 seconds
[2025-08-09T18:35:14.568+0000] {processor.py:161} INFO - Started process (PID=1007) to work on /home/airflow/.local/lib/python3.12/site-packages/airflow/example_dags/example_nested_branch_dag.py
[2025-08-09T18:35:14.570+0000] {processor.py:830} INFO - Processing file /home/airflow/.local/lib/python3.12/site-packages/airflow/example_dags/example_nested_branch_dag.py for tasks to queue
[2025-08-09T18:35:14.573+0000] {logging_mixin.py:188} INFO - [2025-08-09T18:35:14.572+0000] {dagbag.py:540} INFO - Filling up the DagBag from /home/airflow/.local/lib/python3.12/site-packages/airflow/example_dags/example_nested_branch_dag.py
[2025-08-09T18:35:14.592+0000] {processor.py:840} INFO - DAG(s) 'example_nested_branch_dag' retrieved from /home/airflow/.local/lib/python3.12/site-packages/airflow/example_dags/example_nested_branch_dag.py
[2025-08-09T18:35:14.628+0000] {logging_mixin.py:188} INFO - [2025-08-09T18:35:14.628+0000] {dag.py:3096} INFO - Sync 1 DAGs
[2025-08-09T18:35:14.951+0000] {logging_mixin.py:188} INFO - [2025-08-09T18:35:14.950+0000] {dag.py:3954} INFO - Setting next_dagrun for example_nested_branch_dag to 2025-08-08 00:00:00+00:00, run_after=2025-08-09 00:00:00+00:00
[2025-08-09T18:35:14.989+0000] {processor.py:183} INFO - Processing /home/airflow/.local/lib/python3.12/site-packages/airflow/example_dags/example_nested_branch_dag.py took 0.431 seconds
[2025-08-09T18:35:45.528+0000] {processor.py:161} INFO - Started process (PID=1066) to work on /home/airflow/.local/lib/python3.12/site-packages/airflow/example_dags/example_nested_branch_dag.py
[2025-08-09T18:35:45.529+0000] {processor.py:830} INFO - Processing file /home/airflow/.local/lib/python3.12/site-packages/airflow/example_dags/example_nested_branch_dag.py for tasks to queue
[2025-08-09T18:35:45.532+0000] {logging_mixin.py:188} INFO - [2025-08-09T18:35:45.532+0000] {dagbag.py:540} INFO - Filling up the DagBag from /home/airflow/.local/lib/python3.12/site-packages/airflow/example_dags/example_nested_branch_dag.py
[2025-08-09T18:35:45.549+0000] {processor.py:840} INFO - DAG(s) 'example_nested_branch_dag' retrieved from /home/airflow/.local/lib/python3.12/site-packages/airflow/example_dags/example_nested_branch_dag.py
[2025-08-09T18:35:45.584+0000] {logging_mixin.py:188} INFO - [2025-08-09T18:35:45.583+0000] {dag.py:3096} INFO - Sync 1 DAGs
[2025-08-09T18:35:45.627+0000] {logging_mixin.py:188} INFO - [2025-08-09T18:35:45.626+0000] {dag.py:3954} INFO - Setting next_dagrun for example_nested_branch_dag to 2025-08-08 00:00:00+00:00, run_after=2025-08-09 00:00:00+00:00
[2025-08-09T18:35:45.662+0000] {processor.py:183} INFO - Processing /home/airflow/.local/lib/python3.12/site-packages/airflow/example_dags/example_nested_branch_dag.py took 0.142 seconds
[2025-08-09T18:36:15.879+0000] {processor.py:161} INFO - Started process (PID=1125) to work on /home/airflow/.local/lib/python3.12/site-packages/airflow/example_dags/example_nested_branch_dag.py
[2025-08-09T18:36:15.880+0000] {processor.py:830} INFO - Processing file /home/airflow/.local/lib/python3.12/site-packages/airflow/example_dags/example_nested_branch_dag.py for tasks to queue
[2025-08-09T18:36:15.883+0000] {logging_mixin.py:188} INFO - [2025-08-09T18:36:15.882+0000] {dagbag.py:540} INFO - Filling up the DagBag from /home/airflow/.local/lib/python3.12/site-packages/airflow/example_dags/example_nested_branch_dag.py
[2025-08-09T18:36:15.896+0000] {processor.py:840} INFO - DAG(s) 'example_nested_branch_dag' retrieved from /home/airflow/.local/lib/python3.12/site-packages/airflow/example_dags/example_nested_branch_dag.py
[2025-08-09T18:36:15.924+0000] {logging_mixin.py:188} INFO - [2025-08-09T18:36:15.923+0000] {dag.py:3096} INFO - Sync 1 DAGs
[2025-08-09T18:36:15.953+0000] {logging_mixin.py:188} INFO - [2025-08-09T18:36:15.953+0000] {dag.py:3954} INFO - Setting next_dagrun for example_nested_branch_dag to 2025-08-08 00:00:00+00:00, run_after=2025-08-09 00:00:00+00:00
[2025-08-09T18:36:15.982+0000] {processor.py:183} INFO - Processing /home/airflow/.local/lib/python3.12/site-packages/airflow/example_dags/example_nested_branch_dag.py took 0.110 seconds
[2025-08-09T18:36:46.496+0000] {processor.py:161} INFO - Started process (PID=1184) to work on /home/airflow/.local/lib/python3.12/site-packages/airflow/example_dags/example_nested_branch_dag.py
[2025-08-09T18:36:46.498+0000] {processor.py:830} INFO - Processing file /home/airflow/.local/lib/python3.12/site-packages/airflow/example_dags/example_nested_branch_dag.py for tasks to queue
[2025-08-09T18:36:46.503+0000] {logging_mixin.py:188} INFO - [2025-08-09T18:36:46.502+0000] {dagbag.py:540} INFO - Filling up the DagBag from /home/airflow/.local/lib/python3.12/site-packages/airflow/example_dags/example_nested_branch_dag.py
[2025-08-09T18:36:46.527+0000] {processor.py:840} INFO - DAG(s) 'example_nested_branch_dag' retrieved from /home/airflow/.local/lib/python3.12/site-packages/airflow/example_dags/example_nested_branch_dag.py
[2025-08-09T18:36:46.563+0000] {logging_mixin.py:188} INFO - [2025-08-09T18:36:46.563+0000] {dag.py:3096} INFO - Sync 1 DAGs
[2025-08-09T18:36:46.598+0000] {logging_mixin.py:188} INFO - [2025-08-09T18:36:46.597+0000] {dag.py:3954} INFO - Setting next_dagrun for example_nested_branch_dag to 2025-08-08 00:00:00+00:00, run_after=2025-08-09 00:00:00+00:00
[2025-08-09T18:36:46.636+0000] {processor.py:183} INFO - Processing /home/airflow/.local/lib/python3.12/site-packages/airflow/example_dags/example_nested_branch_dag.py took 0.152 seconds
[2025-08-09T18:37:16.856+0000] {processor.py:161} INFO - Started process (PID=1243) to work on /home/airflow/.local/lib/python3.12/site-packages/airflow/example_dags/example_nested_branch_dag.py
[2025-08-09T18:37:16.858+0000] {processor.py:830} INFO - Processing file /home/airflow/.local/lib/python3.12/site-packages/airflow/example_dags/example_nested_branch_dag.py for tasks to queue
[2025-08-09T18:37:16.862+0000] {logging_mixin.py:188} INFO - [2025-08-09T18:37:16.862+0000] {dagbag.py:540} INFO - Filling up the DagBag from /home/airflow/.local/lib/python3.12/site-packages/airflow/example_dags/example_nested_branch_dag.py
[2025-08-09T18:37:16.884+0000] {processor.py:840} INFO - DAG(s) 'example_nested_branch_dag' retrieved from /home/airflow/.local/lib/python3.12/site-packages/airflow/example_dags/example_nested_branch_dag.py
[2025-08-09T18:37:16.930+0000] {logging_mixin.py:188} INFO - [2025-08-09T18:37:16.929+0000] {dag.py:3096} INFO - Sync 1 DAGs
[2025-08-09T18:37:16.981+0000] {logging_mixin.py:188} INFO - [2025-08-09T18:37:16.981+0000] {dag.py:3954} INFO - Setting next_dagrun for example_nested_branch_dag to 2025-08-08 00:00:00+00:00, run_after=2025-08-09 00:00:00+00:00
[2025-08-09T18:37:17.014+0000] {processor.py:183} INFO - Processing /home/airflow/.local/lib/python3.12/site-packages/airflow/example_dags/example_nested_branch_dag.py took 0.169 seconds
[2025-08-09T18:37:47.218+0000] {processor.py:161} INFO - Started process (PID=1302) to work on /home/airflow/.local/lib/python3.12/site-packages/airflow/example_dags/example_nested_branch_dag.py
[2025-08-09T18:37:47.219+0000] {processor.py:830} INFO - Processing file /home/airflow/.local/lib/python3.12/site-packages/airflow/example_dags/example_nested_branch_dag.py for tasks to queue
[2025-08-09T18:37:47.221+0000] {logging_mixin.py:188} INFO - [2025-08-09T18:37:47.221+0000] {dagbag.py:540} INFO - Filling up the DagBag from /home/airflow/.local/lib/python3.12/site-packages/airflow/example_dags/example_nested_branch_dag.py
[2025-08-09T18:37:47.238+0000] {processor.py:840} INFO - DAG(s) 'example_nested_branch_dag' retrieved from /home/airflow/.local/lib/python3.12/site-packages/airflow/example_dags/example_nested_branch_dag.py
[2025-08-09T18:37:47.284+0000] {logging_mixin.py:188} INFO - [2025-08-09T18:37:47.284+0000] {dag.py:3096} INFO - Sync 1 DAGs
[2025-08-09T18:37:47.327+0000] {logging_mixin.py:188} INFO - [2025-08-09T18:37:47.326+0000] {dag.py:3954} INFO - Setting next_dagrun for example_nested_branch_dag to 2025-08-08 00:00:00+00:00, run_after=2025-08-09 00:00:00+00:00
[2025-08-09T18:37:47.356+0000] {processor.py:183} INFO - Processing /home/airflow/.local/lib/python3.12/site-packages/airflow/example_dags/example_nested_branch_dag.py took 0.148 seconds
[2025-08-09T18:38:17.816+0000] {processor.py:161} INFO - Started process (PID=1361) to work on /home/airflow/.local/lib/python3.12/site-packages/airflow/example_dags/example_nested_branch_dag.py
[2025-08-09T18:38:17.818+0000] {processor.py:830} INFO - Processing file /home/airflow/.local/lib/python3.12/site-packages/airflow/example_dags/example_nested_branch_dag.py for tasks to queue
[2025-08-09T18:38:17.821+0000] {logging_mixin.py:188} INFO - [2025-08-09T18:38:17.820+0000] {dagbag.py:540} INFO - Filling up the DagBag from /home/airflow/.local/lib/python3.12/site-packages/airflow/example_dags/example_nested_branch_dag.py
[2025-08-09T18:38:17.840+0000] {processor.py:840} INFO - DAG(s) 'example_nested_branch_dag' retrieved from /home/airflow/.local/lib/python3.12/site-packages/airflow/example_dags/example_nested_branch_dag.py
[2025-08-09T18:38:17.872+0000] {logging_mixin.py:188} INFO - [2025-08-09T18:38:17.872+0000] {dag.py:3096} INFO - Sync 1 DAGs
[2025-08-09T18:38:17.902+0000] {logging_mixin.py:188} INFO - [2025-08-09T18:38:17.902+0000] {dag.py:3954} INFO - Setting next_dagrun for example_nested_branch_dag to 2025-08-08 00:00:00+00:00, run_after=2025-08-09 00:00:00+00:00
[2025-08-09T18:38:17.935+0000] {processor.py:183} INFO - Processing /home/airflow/.local/lib/python3.12/site-packages/airflow/example_dags/example_nested_branch_dag.py took 0.128 seconds
[2025-08-09T18:38:48.498+0000] {processor.py:161} INFO - Started process (PID=1420) to work on /home/airflow/.local/lib/python3.12/site-packages/airflow/example_dags/example_nested_branch_dag.py
[2025-08-09T18:38:48.499+0000] {processor.py:830} INFO - Processing file /home/airflow/.local/lib/python3.12/site-packages/airflow/example_dags/example_nested_branch_dag.py for tasks to queue
[2025-08-09T18:38:48.502+0000] {logging_mixin.py:188} INFO - [2025-08-09T18:38:48.502+0000] {dagbag.py:540} INFO - Filling up the DagBag from /home/airflow/.local/lib/python3.12/site-packages/airflow/example_dags/example_nested_branch_dag.py
[2025-08-09T18:38:48.523+0000] {processor.py:840} INFO - DAG(s) 'example_nested_branch_dag' retrieved from /home/airflow/.local/lib/python3.12/site-packages/airflow/example_dags/example_nested_branch_dag.py
[2025-08-09T18:38:48.555+0000] {logging_mixin.py:188} INFO - [2025-08-09T18:38:48.555+0000] {dag.py:3096} INFO - Sync 1 DAGs
[2025-08-09T18:38:48.584+0000] {logging_mixin.py:188} INFO - [2025-08-09T18:38:48.583+0000] {dag.py:3954} INFO - Setting next_dagrun for example_nested_branch_dag to 2025-08-08 00:00:00+00:00, run_after=2025-08-09 00:00:00+00:00
[2025-08-09T18:38:48.609+0000] {processor.py:183} INFO - Processing /home/airflow/.local/lib/python3.12/site-packages/airflow/example_dags/example_nested_branch_dag.py took 0.120 seconds
[2025-08-09T18:39:19.220+0000] {processor.py:161} INFO - Started process (PID=1479) to work on /home/airflow/.local/lib/python3.12/site-packages/airflow/example_dags/example_nested_branch_dag.py
[2025-08-09T18:39:19.221+0000] {processor.py:830} INFO - Processing file /home/airflow/.local/lib/python3.12/site-packages/airflow/example_dags/example_nested_branch_dag.py for tasks to queue
[2025-08-09T18:39:19.224+0000] {logging_mixin.py:188} INFO - [2025-08-09T18:39:19.223+0000] {dagbag.py:540} INFO - Filling up the DagBag from /home/airflow/.local/lib/python3.12/site-packages/airflow/example_dags/example_nested_branch_dag.py
[2025-08-09T18:39:19.237+0000] {processor.py:840} INFO - DAG(s) 'example_nested_branch_dag' retrieved from /home/airflow/.local/lib/python3.12/site-packages/airflow/example_dags/example_nested_branch_dag.py
[2025-08-09T18:39:19.275+0000] {logging_mixin.py:188} INFO - [2025-08-09T18:39:19.275+0000] {dag.py:3096} INFO - Sync 1 DAGs
[2025-08-09T18:39:19.331+0000] {logging_mixin.py:188} INFO - [2025-08-09T18:39:19.330+0000] {dag.py:3954} INFO - Setting next_dagrun for example_nested_branch_dag to 2025-08-08 00:00:00+00:00, run_after=2025-08-09 00:00:00+00:00
[2025-08-09T18:39:19.373+0000] {processor.py:183} INFO - Processing /home/airflow/.local/lib/python3.12/site-packages/airflow/example_dags/example_nested_branch_dag.py took 0.160 seconds
[2025-08-09T18:39:49.684+0000] {processor.py:161} INFO - Started process (PID=1538) to work on /home/airflow/.local/lib/python3.12/site-packages/airflow/example_dags/example_nested_branch_dag.py
[2025-08-09T18:39:49.686+0000] {processor.py:830} INFO - Processing file /home/airflow/.local/lib/python3.12/site-packages/airflow/example_dags/example_nested_branch_dag.py for tasks to queue
[2025-08-09T18:39:49.690+0000] {logging_mixin.py:188} INFO - [2025-08-09T18:39:49.690+0000] {dagbag.py:540} INFO - Filling up the DagBag from /home/airflow/.local/lib/python3.12/site-packages/airflow/example_dags/example_nested_branch_dag.py
[2025-08-09T18:39:49.720+0000] {processor.py:840} INFO - DAG(s) 'example_nested_branch_dag' retrieved from /home/airflow/.local/lib/python3.12/site-packages/airflow/example_dags/example_nested_branch_dag.py
[2025-08-09T18:39:49.770+0000] {logging_mixin.py:188} INFO - [2025-08-09T18:39:49.770+0000] {dag.py:3096} INFO - Sync 1 DAGs
[2025-08-09T18:39:49.825+0000] {logging_mixin.py:188} INFO - [2025-08-09T18:39:49.824+0000] {dag.py:3954} INFO - Setting next_dagrun for example_nested_branch_dag to 2025-08-08 00:00:00+00:00, run_after=2025-08-09 00:00:00+00:00
[2025-08-09T18:39:49.881+0000] {processor.py:183} INFO - Processing /home/airflow/.local/lib/python3.12/site-packages/airflow/example_dags/example_nested_branch_dag.py took 0.210 seconds
[2025-08-09T18:40:20.320+0000] {processor.py:161} INFO - Started process (PID=1597) to work on /home/airflow/.local/lib/python3.12/site-packages/airflow/example_dags/example_nested_branch_dag.py
[2025-08-09T18:40:20.322+0000] {processor.py:830} INFO - Processing file /home/airflow/.local/lib/python3.12/site-packages/airflow/example_dags/example_nested_branch_dag.py for tasks to queue
[2025-08-09T18:40:20.325+0000] {logging_mixin.py:188} INFO - [2025-08-09T18:40:20.324+0000] {dagbag.py:540} INFO - Filling up the DagBag from /home/airflow/.local/lib/python3.12/site-packages/airflow/example_dags/example_nested_branch_dag.py
[2025-08-09T18:40:20.348+0000] {processor.py:840} INFO - DAG(s) 'example_nested_branch_dag' retrieved from /home/airflow/.local/lib/python3.12/site-packages/airflow/example_dags/example_nested_branch_dag.py
[2025-08-09T18:40:20.406+0000] {logging_mixin.py:188} INFO - [2025-08-09T18:40:20.406+0000] {dag.py:3096} INFO - Sync 1 DAGs
[2025-08-09T18:40:20.451+0000] {logging_mixin.py:188} INFO - [2025-08-09T18:40:20.451+0000] {dag.py:3954} INFO - Setting next_dagrun for example_nested_branch_dag to 2025-08-08 00:00:00+00:00, run_after=2025-08-09 00:00:00+00:00
[2025-08-09T18:40:20.478+0000] {processor.py:183} INFO - Processing /home/airflow/.local/lib/python3.12/site-packages/airflow/example_dags/example_nested_branch_dag.py took 0.169 seconds
[2025-08-09T18:40:51.005+0000] {processor.py:161} INFO - Started process (PID=1656) to work on /home/airflow/.local/lib/python3.12/site-packages/airflow/example_dags/example_nested_branch_dag.py
[2025-08-09T18:40:51.007+0000] {processor.py:830} INFO - Processing file /home/airflow/.local/lib/python3.12/site-packages/airflow/example_dags/example_nested_branch_dag.py for tasks to queue
[2025-08-09T18:40:51.010+0000] {logging_mixin.py:188} INFO - [2025-08-09T18:40:51.010+0000] {dagbag.py:540} INFO - Filling up the DagBag from /home/airflow/.local/lib/python3.12/site-packages/airflow/example_dags/example_nested_branch_dag.py
[2025-08-09T18:40:51.030+0000] {processor.py:840} INFO - DAG(s) 'example_nested_branch_dag' retrieved from /home/airflow/.local/lib/python3.12/site-packages/airflow/example_dags/example_nested_branch_dag.py
[2025-08-09T18:40:51.071+0000] {logging_mixin.py:188} INFO - [2025-08-09T18:40:51.071+0000] {dag.py:3096} INFO - Sync 1 DAGs
[2025-08-09T18:40:51.132+0000] {logging_mixin.py:188} INFO - [2025-08-09T18:40:51.131+0000] {dag.py:3954} INFO - Setting next_dagrun for example_nested_branch_dag to 2025-08-08 00:00:00+00:00, run_after=2025-08-09 00:00:00+00:00
[2025-08-09T18:40:51.203+0000] {processor.py:183} INFO - Processing /home/airflow/.local/lib/python3.12/site-packages/airflow/example_dags/example_nested_branch_dag.py took 0.210 seconds
[2025-08-09T18:41:21.344+0000] {processor.py:161} INFO - Started process (PID=1716) to work on /home/airflow/.local/lib/python3.12/site-packages/airflow/example_dags/example_nested_branch_dag.py
[2025-08-09T18:41:21.345+0000] {processor.py:830} INFO - Processing file /home/airflow/.local/lib/python3.12/site-packages/airflow/example_dags/example_nested_branch_dag.py for tasks to queue
[2025-08-09T18:41:21.349+0000] {logging_mixin.py:188} INFO - [2025-08-09T18:41:21.348+0000] {dagbag.py:540} INFO - Filling up the DagBag from /home/airflow/.local/lib/python3.12/site-packages/airflow/example_dags/example_nested_branch_dag.py
[2025-08-09T18:41:21.366+0000] {processor.py:840} INFO - DAG(s) 'example_nested_branch_dag' retrieved from /home/airflow/.local/lib/python3.12/site-packages/airflow/example_dags/example_nested_branch_dag.py
[2025-08-09T18:41:21.395+0000] {logging_mixin.py:188} INFO - [2025-08-09T18:41:21.395+0000] {dag.py:3096} INFO - Sync 1 DAGs
[2025-08-09T18:41:21.423+0000] {logging_mixin.py:188} INFO - [2025-08-09T18:41:21.422+0000] {dag.py:3954} INFO - Setting next_dagrun for example_nested_branch_dag to 2025-08-08 00:00:00+00:00, run_after=2025-08-09 00:00:00+00:00
[2025-08-09T18:41:21.450+0000] {processor.py:183} INFO - Processing /home/airflow/.local/lib/python3.12/site-packages/airflow/example_dags/example_nested_branch_dag.py took 0.117 seconds
[2025-08-09T18:41:51.772+0000] {processor.py:161} INFO - Started process (PID=1775) to work on /home/airflow/.local/lib/python3.12/site-packages/airflow/example_dags/example_nested_branch_dag.py
[2025-08-09T18:41:51.773+0000] {processor.py:830} INFO - Processing file /home/airflow/.local/lib/python3.12/site-packages/airflow/example_dags/example_nested_branch_dag.py for tasks to queue
[2025-08-09T18:41:51.776+0000] {logging_mixin.py:188} INFO - [2025-08-09T18:41:51.776+0000] {dagbag.py:540} INFO - Filling up the DagBag from /home/airflow/.local/lib/python3.12/site-packages/airflow/example_dags/example_nested_branch_dag.py
[2025-08-09T18:41:51.793+0000] {processor.py:840} INFO - DAG(s) 'example_nested_branch_dag' retrieved from /home/airflow/.local/lib/python3.12/site-packages/airflow/example_dags/example_nested_branch_dag.py
[2025-08-09T18:41:51.828+0000] {logging_mixin.py:188} INFO - [2025-08-09T18:41:51.828+0000] {dag.py:3096} INFO - Sync 1 DAGs
[2025-08-09T18:41:51.859+0000] {logging_mixin.py:188} INFO - [2025-08-09T18:41:51.859+0000] {dag.py:3954} INFO - Setting next_dagrun for example_nested_branch_dag to 2025-08-08 00:00:00+00:00, run_after=2025-08-09 00:00:00+00:00
[2025-08-09T18:41:51.886+0000] {processor.py:183} INFO - Processing /home/airflow/.local/lib/python3.12/site-packages/airflow/example_dags/example_nested_branch_dag.py took 0.124 seconds
[2025-08-09T18:42:22.175+0000] {processor.py:161} INFO - Started process (PID=1834) to work on /home/airflow/.local/lib/python3.12/site-packages/airflow/example_dags/example_nested_branch_dag.py
[2025-08-09T18:42:22.177+0000] {processor.py:830} INFO - Processing file /home/airflow/.local/lib/python3.12/site-packages/airflow/example_dags/example_nested_branch_dag.py for tasks to queue
[2025-08-09T18:42:22.180+0000] {logging_mixin.py:188} INFO - [2025-08-09T18:42:22.179+0000] {dagbag.py:540} INFO - Filling up the DagBag from /home/airflow/.local/lib/python3.12/site-packages/airflow/example_dags/example_nested_branch_dag.py
[2025-08-09T18:42:22.196+0000] {processor.py:840} INFO - DAG(s) 'example_nested_branch_dag' retrieved from /home/airflow/.local/lib/python3.12/site-packages/airflow/example_dags/example_nested_branch_dag.py
[2025-08-09T18:42:22.232+0000] {logging_mixin.py:188} INFO - [2025-08-09T18:42:22.232+0000] {dag.py:3096} INFO - Sync 1 DAGs
[2025-08-09T18:42:22.291+0000] {logging_mixin.py:188} INFO - [2025-08-09T18:42:22.291+0000] {dag.py:3954} INFO - Setting next_dagrun for example_nested_branch_dag to 2025-08-08 00:00:00+00:00, run_after=2025-08-09 00:00:00+00:00
[2025-08-09T18:42:22.328+0000] {processor.py:183} INFO - Processing /home/airflow/.local/lib/python3.12/site-packages/airflow/example_dags/example_nested_branch_dag.py took 0.167 seconds
[2025-08-09T18:42:52.637+0000] {processor.py:161} INFO - Started process (PID=1893) to work on /home/airflow/.local/lib/python3.12/site-packages/airflow/example_dags/example_nested_branch_dag.py
[2025-08-09T18:42:52.641+0000] {processor.py:830} INFO - Processing file /home/airflow/.local/lib/python3.12/site-packages/airflow/example_dags/example_nested_branch_dag.py for tasks to queue
[2025-08-09T18:42:52.645+0000] {logging_mixin.py:188} INFO - [2025-08-09T18:42:52.645+0000] {dagbag.py:540} INFO - Filling up the DagBag from /home/airflow/.local/lib/python3.12/site-packages/airflow/example_dags/example_nested_branch_dag.py
[2025-08-09T18:42:52.671+0000] {processor.py:840} INFO - DAG(s) 'example_nested_branch_dag' retrieved from /home/airflow/.local/lib/python3.12/site-packages/airflow/example_dags/example_nested_branch_dag.py
[2025-08-09T18:42:52.714+0000] {logging_mixin.py:188} INFO - [2025-08-09T18:42:52.713+0000] {dag.py:3096} INFO - Sync 1 DAGs
[2025-08-09T18:42:52.757+0000] {logging_mixin.py:188} INFO - [2025-08-09T18:42:52.756+0000] {dag.py:3954} INFO - Setting next_dagrun for example_nested_branch_dag to 2025-08-08 00:00:00+00:00, run_after=2025-08-09 00:00:00+00:00
[2025-08-09T18:42:52.793+0000] {processor.py:183} INFO - Processing /home/airflow/.local/lib/python3.12/site-packages/airflow/example_dags/example_nested_branch_dag.py took 0.171 seconds
[2025-08-09T18:43:23.704+0000] {processor.py:161} INFO - Started process (PID=1952) to work on /home/airflow/.local/lib/python3.12/site-packages/airflow/example_dags/example_nested_branch_dag.py
[2025-08-09T18:43:23.706+0000] {processor.py:830} INFO - Processing file /home/airflow/.local/lib/python3.12/site-packages/airflow/example_dags/example_nested_branch_dag.py for tasks to queue
[2025-08-09T18:43:23.709+0000] {logging_mixin.py:188} INFO - [2025-08-09T18:43:23.708+0000] {dagbag.py:540} INFO - Filling up the DagBag from /home/airflow/.local/lib/python3.12/site-packages/airflow/example_dags/example_nested_branch_dag.py
[2025-08-09T18:43:23.724+0000] {processor.py:840} INFO - DAG(s) 'example_nested_branch_dag' retrieved from /home/airflow/.local/lib/python3.12/site-packages/airflow/example_dags/example_nested_branch_dag.py
[2025-08-09T18:43:23.757+0000] {logging_mixin.py:188} INFO - [2025-08-09T18:43:23.757+0000] {dag.py:3096} INFO - Sync 1 DAGs
[2025-08-09T18:43:23.786+0000] {logging_mixin.py:188} INFO - [2025-08-09T18:43:23.786+0000] {dag.py:3954} INFO - Setting next_dagrun for example_nested_branch_dag to 2025-08-08 00:00:00+00:00, run_after=2025-08-09 00:00:00+00:00
[2025-08-09T18:43:23.812+0000] {processor.py:183} INFO - Processing /home/airflow/.local/lib/python3.12/site-packages/airflow/example_dags/example_nested_branch_dag.py took 0.120 seconds
[2025-08-09T18:43:54.290+0000] {processor.py:161} INFO - Started process (PID=2011) to work on /home/airflow/.local/lib/python3.12/site-packages/airflow/example_dags/example_nested_branch_dag.py
[2025-08-09T18:43:54.292+0000] {processor.py:830} INFO - Processing file /home/airflow/.local/lib/python3.12/site-packages/airflow/example_dags/example_nested_branch_dag.py for tasks to queue
[2025-08-09T18:43:54.296+0000] {logging_mixin.py:188} INFO - [2025-08-09T18:43:54.295+0000] {dagbag.py:540} INFO - Filling up the DagBag from /home/airflow/.local/lib/python3.12/site-packages/airflow/example_dags/example_nested_branch_dag.py
[2025-08-09T18:43:54.312+0000] {processor.py:840} INFO - DAG(s) 'example_nested_branch_dag' retrieved from /home/airflow/.local/lib/python3.12/site-packages/airflow/example_dags/example_nested_branch_dag.py
[2025-08-09T18:43:54.343+0000] {logging_mixin.py:188} INFO - [2025-08-09T18:43:54.342+0000] {dag.py:3096} INFO - Sync 1 DAGs
[2025-08-09T18:43:54.379+0000] {logging_mixin.py:188} INFO - [2025-08-09T18:43:54.379+0000] {dag.py:3954} INFO - Setting next_dagrun for example_nested_branch_dag to 2025-08-08 00:00:00+00:00, run_after=2025-08-09 00:00:00+00:00
[2025-08-09T18:43:54.404+0000] {processor.py:183} INFO - Processing /home/airflow/.local/lib/python3.12/site-packages/airflow/example_dags/example_nested_branch_dag.py took 0.131 seconds
[2025-08-09T18:44:24.639+0000] {processor.py:161} INFO - Started process (PID=2070) to work on /home/airflow/.local/lib/python3.12/site-packages/airflow/example_dags/example_nested_branch_dag.py
[2025-08-09T18:44:24.640+0000] {processor.py:830} INFO - Processing file /home/airflow/.local/lib/python3.12/site-packages/airflow/example_dags/example_nested_branch_dag.py for tasks to queue
[2025-08-09T18:44:24.642+0000] {logging_mixin.py:188} INFO - [2025-08-09T18:44:24.642+0000] {dagbag.py:540} INFO - Filling up the DagBag from /home/airflow/.local/lib/python3.12/site-packages/airflow/example_dags/example_nested_branch_dag.py
[2025-08-09T18:44:24.655+0000] {processor.py:840} INFO - DAG(s) 'example_nested_branch_dag' retrieved from /home/airflow/.local/lib/python3.12/site-packages/airflow/example_dags/example_nested_branch_dag.py
[2025-08-09T18:44:24.682+0000] {logging_mixin.py:188} INFO - [2025-08-09T18:44:24.681+0000] {dag.py:3096} INFO - Sync 1 DAGs
[2025-08-09T18:44:24.717+0000] {logging_mixin.py:188} INFO - [2025-08-09T18:44:24.716+0000] {dag.py:3954} INFO - Setting next_dagrun for example_nested_branch_dag to 2025-08-08 00:00:00+00:00, run_after=2025-08-09 00:00:00+00:00
[2025-08-09T18:44:24.740+0000] {processor.py:183} INFO - Processing /home/airflow/.local/lib/python3.12/site-packages/airflow/example_dags/example_nested_branch_dag.py took 0.109 seconds
[2025-08-09T18:44:55.742+0000] {processor.py:161} INFO - Started process (PID=2129) to work on /home/airflow/.local/lib/python3.12/site-packages/airflow/example_dags/example_nested_branch_dag.py
[2025-08-09T18:44:55.744+0000] {processor.py:830} INFO - Processing file /home/airflow/.local/lib/python3.12/site-packages/airflow/example_dags/example_nested_branch_dag.py for tasks to queue
[2025-08-09T18:44:55.748+0000] {logging_mixin.py:188} INFO - [2025-08-09T18:44:55.748+0000] {dagbag.py:540} INFO - Filling up the DagBag from /home/airflow/.local/lib/python3.12/site-packages/airflow/example_dags/example_nested_branch_dag.py
[2025-08-09T18:44:55.774+0000] {processor.py:840} INFO - DAG(s) 'example_nested_branch_dag' retrieved from /home/airflow/.local/lib/python3.12/site-packages/airflow/example_dags/example_nested_branch_dag.py
[2025-08-09T18:44:55.807+0000] {logging_mixin.py:188} INFO - [2025-08-09T18:44:55.807+0000] {dag.py:3096} INFO - Sync 1 DAGs
[2025-08-09T18:44:55.835+0000] {logging_mixin.py:188} INFO - [2025-08-09T18:44:55.835+0000] {dag.py:3954} INFO - Setting next_dagrun for example_nested_branch_dag to 2025-08-08 00:00:00+00:00, run_after=2025-08-09 00:00:00+00:00
[2025-08-09T18:44:55.861+0000] {processor.py:183} INFO - Processing /home/airflow/.local/lib/python3.12/site-packages/airflow/example_dags/example_nested_branch_dag.py took 0.133 seconds
