[2025-08-09T18:21:58.970+0000] {processor.py:161} INFO - Started process (PID=97) to work on /home/airflow/.local/lib/python3.12/site-packages/airflow/example_dags/example_setup_teardown.py
[2025-08-09T18:21:58.974+0000] {processor.py:830} INFO - Processing file /home/airflow/.local/lib/python3.12/site-packages/airflow/example_dags/example_setup_teardown.py for tasks to queue
[2025-08-09T18:21:58.982+0000] {logging_mixin.py:188} INFO - [2025-08-09T18:21:58.979+0000] {dagbag.py:540} INFO - Filling up the DagBag from /home/airflow/.local/lib/python3.12/site-packages/airflow/example_dags/example_setup_teardown.py
[2025-08-09T18:21:59.010+0000] {processor.py:840} INFO - DAG(s) 'example_setup_teardown' retrieved from /home/airflow/.local/lib/python3.12/site-packages/airflow/example_dags/example_setup_teardown.py
[2025-08-09T18:21:59.415+0000] {logging_mixin.py:188} INFO - [2025-08-09T18:21:59.414+0000] {dag.py:3096} INFO - Sync 1 DAGs
[2025-08-09T18:21:59.494+0000] {logging_mixin.py:188} INFO - [2025-08-09T18:21:59.494+0000] {dag.py:3954} INFO - Setting next_dagrun for example_setup_teardown to 2025-08-08 00:00:00+00:00, run_after=2025-08-09 00:00:00+00:00
[2025-08-09T18:21:59.558+0000] {processor.py:183} INFO - Processing /home/airflow/.local/lib/python3.12/site-packages/airflow/example_dags/example_setup_teardown.py took 0.608 seconds
[2025-08-09T18:22:30.020+0000] {processor.py:161} INFO - Started process (PID=156) to work on /home/airflow/.local/lib/python3.12/site-packages/airflow/example_dags/example_setup_teardown.py
[2025-08-09T18:22:30.022+0000] {processor.py:830} INFO - Processing file /home/airflow/.local/lib/python3.12/site-packages/airflow/example_dags/example_setup_teardown.py for tasks to queue
[2025-08-09T18:22:30.025+0000] {logging_mixin.py:188} INFO - [2025-08-09T18:22:30.024+0000] {dagbag.py:540} INFO - Filling up the DagBag from /home/airflow/.local/lib/python3.12/site-packages/airflow/example_dags/example_setup_teardown.py
[2025-08-09T18:22:30.033+0000] {processor.py:840} INFO - DAG(s) 'example_setup_teardown' retrieved from /home/airflow/.local/lib/python3.12/site-packages/airflow/example_dags/example_setup_teardown.py
[2025-08-09T18:22:30.063+0000] {logging_mixin.py:188} INFO - [2025-08-09T18:22:30.062+0000] {dag.py:3096} INFO - Sync 1 DAGs
[2025-08-09T18:22:30.096+0000] {logging_mixin.py:188} INFO - [2025-08-09T18:22:30.096+0000] {dag.py:3954} INFO - Setting next_dagrun for example_setup_teardown to 2025-08-08 00:00:00+00:00, run_after=2025-08-09 00:00:00+00:00
[2025-08-09T18:22:30.134+0000] {processor.py:183} INFO - Processing /home/airflow/.local/lib/python3.12/site-packages/airflow/example_dags/example_setup_teardown.py took 0.121 seconds
[2025-08-09T18:23:00.543+0000] {processor.py:161} INFO - Started process (PID=215) to work on /home/airflow/.local/lib/python3.12/site-packages/airflow/example_dags/example_setup_teardown.py
[2025-08-09T18:23:00.545+0000] {processor.py:830} INFO - Processing file /home/airflow/.local/lib/python3.12/site-packages/airflow/example_dags/example_setup_teardown.py for tasks to queue
[2025-08-09T18:23:00.549+0000] {logging_mixin.py:188} INFO - [2025-08-09T18:23:00.549+0000] {dagbag.py:540} INFO - Filling up the DagBag from /home/airflow/.local/lib/python3.12/site-packages/airflow/example_dags/example_setup_teardown.py
[2025-08-09T18:23:00.559+0000] {processor.py:840} INFO - DAG(s) 'example_setup_teardown' retrieved from /home/airflow/.local/lib/python3.12/site-packages/airflow/example_dags/example_setup_teardown.py
[2025-08-09T18:23:00.593+0000] {logging_mixin.py:188} INFO - [2025-08-09T18:23:00.593+0000] {dag.py:3096} INFO - Sync 1 DAGs
[2025-08-09T18:23:00.625+0000] {logging_mixin.py:188} INFO - [2025-08-09T18:23:00.624+0000] {dag.py:3954} INFO - Setting next_dagrun for example_setup_teardown to 2025-08-08 00:00:00+00:00, run_after=2025-08-09 00:00:00+00:00
[2025-08-09T18:23:00.652+0000] {processor.py:183} INFO - Processing /home/airflow/.local/lib/python3.12/site-packages/airflow/example_dags/example_setup_teardown.py took 0.122 seconds
[2025-08-09T18:23:30.884+0000] {processor.py:161} INFO - Started process (PID=274) to work on /home/airflow/.local/lib/python3.12/site-packages/airflow/example_dags/example_setup_teardown.py
[2025-08-09T18:23:30.888+0000] {processor.py:830} INFO - Processing file /home/airflow/.local/lib/python3.12/site-packages/airflow/example_dags/example_setup_teardown.py for tasks to queue
[2025-08-09T18:23:30.892+0000] {logging_mixin.py:188} INFO - [2025-08-09T18:23:30.891+0000] {dagbag.py:540} INFO - Filling up the DagBag from /home/airflow/.local/lib/python3.12/site-packages/airflow/example_dags/example_setup_teardown.py
[2025-08-09T18:23:30.909+0000] {processor.py:840} INFO - DAG(s) 'example_setup_teardown' retrieved from /home/airflow/.local/lib/python3.12/site-packages/airflow/example_dags/example_setup_teardown.py
[2025-08-09T18:23:30.951+0000] {logging_mixin.py:188} INFO - [2025-08-09T18:23:30.950+0000] {dag.py:3096} INFO - Sync 1 DAGs
[2025-08-09T18:23:30.980+0000] {logging_mixin.py:188} INFO - [2025-08-09T18:23:30.980+0000] {dag.py:3954} INFO - Setting next_dagrun for example_setup_teardown to 2025-08-08 00:00:00+00:00, run_after=2025-08-09 00:00:00+00:00
[2025-08-09T18:23:31.039+0000] {processor.py:183} INFO - Processing /home/airflow/.local/lib/python3.12/site-packages/airflow/example_dags/example_setup_teardown.py took 0.172 seconds
[2025-08-09T18:24:01.440+0000] {processor.py:161} INFO - Started process (PID=333) to work on /home/airflow/.local/lib/python3.12/site-packages/airflow/example_dags/example_setup_teardown.py
[2025-08-09T18:24:01.442+0000] {processor.py:830} INFO - Processing file /home/airflow/.local/lib/python3.12/site-packages/airflow/example_dags/example_setup_teardown.py for tasks to queue
[2025-08-09T18:24:01.446+0000] {logging_mixin.py:188} INFO - [2025-08-09T18:24:01.445+0000] {dagbag.py:540} INFO - Filling up the DagBag from /home/airflow/.local/lib/python3.12/site-packages/airflow/example_dags/example_setup_teardown.py
[2025-08-09T18:24:01.464+0000] {processor.py:840} INFO - DAG(s) 'example_setup_teardown' retrieved from /home/airflow/.local/lib/python3.12/site-packages/airflow/example_dags/example_setup_teardown.py
[2025-08-09T18:24:01.509+0000] {logging_mixin.py:188} INFO - [2025-08-09T18:24:01.508+0000] {dag.py:3096} INFO - Sync 1 DAGs
[2025-08-09T18:24:01.556+0000] {logging_mixin.py:188} INFO - [2025-08-09T18:24:01.555+0000] {dag.py:3954} INFO - Setting next_dagrun for example_setup_teardown to 2025-08-08 00:00:00+00:00, run_after=2025-08-09 00:00:00+00:00
[2025-08-09T18:24:01.595+0000] {processor.py:183} INFO - Processing /home/airflow/.local/lib/python3.12/site-packages/airflow/example_dags/example_setup_teardown.py took 0.169 seconds
[2025-08-09T18:24:32.027+0000] {processor.py:161} INFO - Started process (PID=392) to work on /home/airflow/.local/lib/python3.12/site-packages/airflow/example_dags/example_setup_teardown.py
[2025-08-09T18:24:32.029+0000] {processor.py:830} INFO - Processing file /home/airflow/.local/lib/python3.12/site-packages/airflow/example_dags/example_setup_teardown.py for tasks to queue
[2025-08-09T18:24:32.031+0000] {logging_mixin.py:188} INFO - [2025-08-09T18:24:32.031+0000] {dagbag.py:540} INFO - Filling up the DagBag from /home/airflow/.local/lib/python3.12/site-packages/airflow/example_dags/example_setup_teardown.py
[2025-08-09T18:24:32.044+0000] {processor.py:840} INFO - DAG(s) 'example_setup_teardown' retrieved from /home/airflow/.local/lib/python3.12/site-packages/airflow/example_dags/example_setup_teardown.py
[2025-08-09T18:24:32.079+0000] {logging_mixin.py:188} INFO - [2025-08-09T18:24:32.079+0000] {dag.py:3096} INFO - Sync 1 DAGs
[2025-08-09T18:24:32.118+0000] {logging_mixin.py:188} INFO - [2025-08-09T18:24:32.117+0000] {dag.py:3954} INFO - Setting next_dagrun for example_setup_teardown to 2025-08-08 00:00:00+00:00, run_after=2025-08-09 00:00:00+00:00
[2025-08-09T18:24:32.167+0000] {processor.py:183} INFO - Processing /home/airflow/.local/lib/python3.12/site-packages/airflow/example_dags/example_setup_teardown.py took 0.154 seconds
[2025-08-09T18:25:02.275+0000] {processor.py:161} INFO - Started process (PID=451) to work on /home/airflow/.local/lib/python3.12/site-packages/airflow/example_dags/example_setup_teardown.py
[2025-08-09T18:25:02.277+0000] {processor.py:830} INFO - Processing file /home/airflow/.local/lib/python3.12/site-packages/airflow/example_dags/example_setup_teardown.py for tasks to queue
[2025-08-09T18:25:02.284+0000] {logging_mixin.py:188} INFO - [2025-08-09T18:25:02.282+0000] {dagbag.py:540} INFO - Filling up the DagBag from /home/airflow/.local/lib/python3.12/site-packages/airflow/example_dags/example_setup_teardown.py
[2025-08-09T18:25:02.302+0000] {processor.py:840} INFO - DAG(s) 'example_setup_teardown' retrieved from /home/airflow/.local/lib/python3.12/site-packages/airflow/example_dags/example_setup_teardown.py
[2025-08-09T18:25:02.368+0000] {logging_mixin.py:188} INFO - [2025-08-09T18:25:02.367+0000] {dag.py:3096} INFO - Sync 1 DAGs
[2025-08-09T18:25:02.469+0000] {logging_mixin.py:188} INFO - [2025-08-09T18:25:02.468+0000] {dag.py:3954} INFO - Setting next_dagrun for example_setup_teardown to 2025-08-08 00:00:00+00:00, run_after=2025-08-09 00:00:00+00:00
[2025-08-09T18:25:02.541+0000] {processor.py:183} INFO - Processing /home/airflow/.local/lib/python3.12/site-packages/airflow/example_dags/example_setup_teardown.py took 0.285 seconds
[2025-08-09T18:25:33.339+0000] {processor.py:161} INFO - Started process (PID=510) to work on /home/airflow/.local/lib/python3.12/site-packages/airflow/example_dags/example_setup_teardown.py
[2025-08-09T18:25:33.341+0000] {processor.py:830} INFO - Processing file /home/airflow/.local/lib/python3.12/site-packages/airflow/example_dags/example_setup_teardown.py for tasks to queue
[2025-08-09T18:25:33.344+0000] {logging_mixin.py:188} INFO - [2025-08-09T18:25:33.343+0000] {dagbag.py:540} INFO - Filling up the DagBag from /home/airflow/.local/lib/python3.12/site-packages/airflow/example_dags/example_setup_teardown.py
[2025-08-09T18:25:33.358+0000] {processor.py:840} INFO - DAG(s) 'example_setup_teardown' retrieved from /home/airflow/.local/lib/python3.12/site-packages/airflow/example_dags/example_setup_teardown.py
[2025-08-09T18:25:33.389+0000] {logging_mixin.py:188} INFO - [2025-08-09T18:25:33.388+0000] {dag.py:3096} INFO - Sync 1 DAGs
[2025-08-09T18:25:33.424+0000] {logging_mixin.py:188} INFO - [2025-08-09T18:25:33.424+0000] {dag.py:3954} INFO - Setting next_dagrun for example_setup_teardown to 2025-08-08 00:00:00+00:00, run_after=2025-08-09 00:00:00+00:00
[2025-08-09T18:25:33.460+0000] {processor.py:183} INFO - Processing /home/airflow/.local/lib/python3.12/site-packages/airflow/example_dags/example_setup_teardown.py took 0.129 seconds
[2025-08-09T18:27:26.945+0000] {processor.py:161} INFO - Started process (PID=98) to work on /home/airflow/.local/lib/python3.12/site-packages/airflow/example_dags/example_setup_teardown.py
[2025-08-09T18:27:26.947+0000] {processor.py:830} INFO - Processing file /home/airflow/.local/lib/python3.12/site-packages/airflow/example_dags/example_setup_teardown.py for tasks to queue
[2025-08-09T18:27:26.953+0000] {logging_mixin.py:188} INFO - [2025-08-09T18:27:26.952+0000] {dagbag.py:540} INFO - Filling up the DagBag from /home/airflow/.local/lib/python3.12/site-packages/airflow/example_dags/example_setup_teardown.py
[2025-08-09T18:27:26.973+0000] {processor.py:840} INFO - DAG(s) 'example_setup_teardown' retrieved from /home/airflow/.local/lib/python3.12/site-packages/airflow/example_dags/example_setup_teardown.py
[2025-08-09T18:27:27.241+0000] {logging_mixin.py:188} INFO - [2025-08-09T18:27:27.241+0000] {dag.py:3096} INFO - Sync 1 DAGs
[2025-08-09T18:27:27.284+0000] {logging_mixin.py:188} INFO - [2025-08-09T18:27:27.284+0000] {dag.py:3954} INFO - Setting next_dagrun for example_setup_teardown to 2025-08-08 00:00:00+00:00, run_after=2025-08-09 00:00:00+00:00
[2025-08-09T18:27:27.329+0000] {processor.py:183} INFO - Processing /home/airflow/.local/lib/python3.12/site-packages/airflow/example_dags/example_setup_teardown.py took 0.401 seconds
[2025-08-09T18:27:58.620+0000] {processor.py:161} INFO - Started process (PID=157) to work on /home/airflow/.local/lib/python3.12/site-packages/airflow/example_dags/example_setup_teardown.py
[2025-08-09T18:27:58.624+0000] {processor.py:830} INFO - Processing file /home/airflow/.local/lib/python3.12/site-packages/airflow/example_dags/example_setup_teardown.py for tasks to queue
[2025-08-09T18:27:58.629+0000] {logging_mixin.py:188} INFO - [2025-08-09T18:27:58.628+0000] {dagbag.py:540} INFO - Filling up the DagBag from /home/airflow/.local/lib/python3.12/site-packages/airflow/example_dags/example_setup_teardown.py
[2025-08-09T18:27:58.658+0000] {processor.py:840} INFO - DAG(s) 'example_setup_teardown' retrieved from /home/airflow/.local/lib/python3.12/site-packages/airflow/example_dags/example_setup_teardown.py
[2025-08-09T18:27:58.714+0000] {logging_mixin.py:188} INFO - [2025-08-09T18:27:58.713+0000] {dag.py:3096} INFO - Sync 1 DAGs
[2025-08-09T18:27:58.794+0000] {logging_mixin.py:188} INFO - [2025-08-09T18:27:58.793+0000] {dag.py:3954} INFO - Setting next_dagrun for example_setup_teardown to 2025-08-08 00:00:00+00:00, run_after=2025-08-09 00:00:00+00:00
[2025-08-09T18:27:58.846+0000] {processor.py:183} INFO - Processing /home/airflow/.local/lib/python3.12/site-packages/airflow/example_dags/example_setup_teardown.py took 0.257 seconds
[2025-08-09T18:28:29.010+0000] {processor.py:161} INFO - Started process (PID=216) to work on /home/airflow/.local/lib/python3.12/site-packages/airflow/example_dags/example_setup_teardown.py
[2025-08-09T18:28:29.022+0000] {processor.py:830} INFO - Processing file /home/airflow/.local/lib/python3.12/site-packages/airflow/example_dags/example_setup_teardown.py for tasks to queue
[2025-08-09T18:28:29.025+0000] {logging_mixin.py:188} INFO - [2025-08-09T18:28:29.024+0000] {dagbag.py:540} INFO - Filling up the DagBag from /home/airflow/.local/lib/python3.12/site-packages/airflow/example_dags/example_setup_teardown.py
[2025-08-09T18:28:29.035+0000] {processor.py:840} INFO - DAG(s) 'example_setup_teardown' retrieved from /home/airflow/.local/lib/python3.12/site-packages/airflow/example_dags/example_setup_teardown.py
[2025-08-09T18:28:29.070+0000] {logging_mixin.py:188} INFO - [2025-08-09T18:28:29.069+0000] {dag.py:3096} INFO - Sync 1 DAGs
[2025-08-09T18:28:29.110+0000] {logging_mixin.py:188} INFO - [2025-08-09T18:28:29.110+0000] {dag.py:3954} INFO - Setting next_dagrun for example_setup_teardown to 2025-08-08 00:00:00+00:00, run_after=2025-08-09 00:00:00+00:00
[2025-08-09T18:28:29.142+0000] {processor.py:183} INFO - Processing /home/airflow/.local/lib/python3.12/site-packages/airflow/example_dags/example_setup_teardown.py took 0.140 seconds
[2025-08-09T18:28:59.473+0000] {processor.py:161} INFO - Started process (PID=276) to work on /home/airflow/.local/lib/python3.12/site-packages/airflow/example_dags/example_setup_teardown.py
[2025-08-09T18:28:59.488+0000] {processor.py:830} INFO - Processing file /home/airflow/.local/lib/python3.12/site-packages/airflow/example_dags/example_setup_teardown.py for tasks to queue
[2025-08-09T18:28:59.493+0000] {logging_mixin.py:188} INFO - [2025-08-09T18:28:59.492+0000] {dagbag.py:540} INFO - Filling up the DagBag from /home/airflow/.local/lib/python3.12/site-packages/airflow/example_dags/example_setup_teardown.py
[2025-08-09T18:28:59.521+0000] {processor.py:840} INFO - DAG(s) 'example_setup_teardown' retrieved from /home/airflow/.local/lib/python3.12/site-packages/airflow/example_dags/example_setup_teardown.py
[2025-08-09T18:28:59.593+0000] {logging_mixin.py:188} INFO - [2025-08-09T18:28:59.593+0000] {dag.py:3096} INFO - Sync 1 DAGs
[2025-08-09T18:28:59.657+0000] {logging_mixin.py:188} INFO - [2025-08-09T18:28:59.657+0000] {dag.py:3954} INFO - Setting next_dagrun for example_setup_teardown to 2025-08-08 00:00:00+00:00, run_after=2025-08-09 00:00:00+00:00
[2025-08-09T18:28:59.693+0000] {processor.py:183} INFO - Processing /home/airflow/.local/lib/python3.12/site-packages/airflow/example_dags/example_setup_teardown.py took 0.239 seconds
[2025-08-09T18:29:30.241+0000] {processor.py:161} INFO - Started process (PID=335) to work on /home/airflow/.local/lib/python3.12/site-packages/airflow/example_dags/example_setup_teardown.py
[2025-08-09T18:29:30.242+0000] {processor.py:830} INFO - Processing file /home/airflow/.local/lib/python3.12/site-packages/airflow/example_dags/example_setup_teardown.py for tasks to queue
[2025-08-09T18:29:30.245+0000] {logging_mixin.py:188} INFO - [2025-08-09T18:29:30.245+0000] {dagbag.py:540} INFO - Filling up the DagBag from /home/airflow/.local/lib/python3.12/site-packages/airflow/example_dags/example_setup_teardown.py
[2025-08-09T18:29:30.256+0000] {processor.py:840} INFO - DAG(s) 'example_setup_teardown' retrieved from /home/airflow/.local/lib/python3.12/site-packages/airflow/example_dags/example_setup_teardown.py
[2025-08-09T18:29:30.291+0000] {logging_mixin.py:188} INFO - [2025-08-09T18:29:30.291+0000] {dag.py:3096} INFO - Sync 1 DAGs
[2025-08-09T18:29:30.335+0000] {logging_mixin.py:188} INFO - [2025-08-09T18:29:30.335+0000] {dag.py:3954} INFO - Setting next_dagrun for example_setup_teardown to 2025-08-08 00:00:00+00:00, run_after=2025-08-09 00:00:00+00:00
[2025-08-09T18:29:30.370+0000] {processor.py:183} INFO - Processing /home/airflow/.local/lib/python3.12/site-packages/airflow/example_dags/example_setup_teardown.py took 0.137 seconds
[2025-08-09T18:30:00.609+0000] {processor.py:161} INFO - Started process (PID=394) to work on /home/airflow/.local/lib/python3.12/site-packages/airflow/example_dags/example_setup_teardown.py
[2025-08-09T18:30:00.611+0000] {processor.py:830} INFO - Processing file /home/airflow/.local/lib/python3.12/site-packages/airflow/example_dags/example_setup_teardown.py for tasks to queue
[2025-08-09T18:30:00.614+0000] {logging_mixin.py:188} INFO - [2025-08-09T18:30:00.613+0000] {dagbag.py:540} INFO - Filling up the DagBag from /home/airflow/.local/lib/python3.12/site-packages/airflow/example_dags/example_setup_teardown.py
[2025-08-09T18:30:00.625+0000] {processor.py:840} INFO - DAG(s) 'example_setup_teardown' retrieved from /home/airflow/.local/lib/python3.12/site-packages/airflow/example_dags/example_setup_teardown.py
[2025-08-09T18:30:00.668+0000] {logging_mixin.py:188} INFO - [2025-08-09T18:30:00.667+0000] {dag.py:3096} INFO - Sync 1 DAGs
[2025-08-09T18:30:00.743+0000] {logging_mixin.py:188} INFO - [2025-08-09T18:30:00.742+0000] {dag.py:3954} INFO - Setting next_dagrun for example_setup_teardown to 2025-08-08 00:00:00+00:00, run_after=2025-08-09 00:00:00+00:00
[2025-08-09T18:30:00.794+0000] {processor.py:183} INFO - Processing /home/airflow/.local/lib/python3.12/site-packages/airflow/example_dags/example_setup_teardown.py took 0.197 seconds
[2025-08-09T18:30:31.110+0000] {processor.py:161} INFO - Started process (PID=454) to work on /home/airflow/.local/lib/python3.12/site-packages/airflow/example_dags/example_setup_teardown.py
[2025-08-09T18:30:31.111+0000] {processor.py:830} INFO - Processing file /home/airflow/.local/lib/python3.12/site-packages/airflow/example_dags/example_setup_teardown.py for tasks to queue
[2025-08-09T18:30:31.114+0000] {logging_mixin.py:188} INFO - [2025-08-09T18:30:31.114+0000] {dagbag.py:540} INFO - Filling up the DagBag from /home/airflow/.local/lib/python3.12/site-packages/airflow/example_dags/example_setup_teardown.py
[2025-08-09T18:30:31.125+0000] {processor.py:840} INFO - DAG(s) 'example_setup_teardown' retrieved from /home/airflow/.local/lib/python3.12/site-packages/airflow/example_dags/example_setup_teardown.py
[2025-08-09T18:30:31.166+0000] {logging_mixin.py:188} INFO - [2025-08-09T18:30:31.166+0000] {dag.py:3096} INFO - Sync 1 DAGs
[2025-08-09T18:30:31.214+0000] {logging_mixin.py:188} INFO - [2025-08-09T18:30:31.213+0000] {dag.py:3954} INFO - Setting next_dagrun for example_setup_teardown to 2025-08-08 00:00:00+00:00, run_after=2025-08-09 00:00:00+00:00
[2025-08-09T18:30:31.247+0000] {processor.py:183} INFO - Processing /home/airflow/.local/lib/python3.12/site-packages/airflow/example_dags/example_setup_teardown.py took 0.148 seconds
[2025-08-09T18:31:01.833+0000] {processor.py:161} INFO - Started process (PID=513) to work on /home/airflow/.local/lib/python3.12/site-packages/airflow/example_dags/example_setup_teardown.py
[2025-08-09T18:31:01.846+0000] {processor.py:830} INFO - Processing file /home/airflow/.local/lib/python3.12/site-packages/airflow/example_dags/example_setup_teardown.py for tasks to queue
[2025-08-09T18:31:01.851+0000] {logging_mixin.py:188} INFO - [2025-08-09T18:31:01.850+0000] {dagbag.py:540} INFO - Filling up the DagBag from /home/airflow/.local/lib/python3.12/site-packages/airflow/example_dags/example_setup_teardown.py
[2025-08-09T18:31:01.864+0000] {processor.py:840} INFO - DAG(s) 'example_setup_teardown' retrieved from /home/airflow/.local/lib/python3.12/site-packages/airflow/example_dags/example_setup_teardown.py
[2025-08-09T18:31:01.900+0000] {logging_mixin.py:188} INFO - [2025-08-09T18:31:01.899+0000] {dag.py:3096} INFO - Sync 1 DAGs
[2025-08-09T18:31:01.936+0000] {logging_mixin.py:188} INFO - [2025-08-09T18:31:01.936+0000] {dag.py:3954} INFO - Setting next_dagrun for example_setup_teardown to 2025-08-08 00:00:00+00:00, run_after=2025-08-09 00:00:00+00:00
[2025-08-09T18:31:01.977+0000] {processor.py:183} INFO - Processing /home/airflow/.local/lib/python3.12/site-packages/airflow/example_dags/example_setup_teardown.py took 0.158 seconds
[2025-08-09T18:31:32.477+0000] {processor.py:161} INFO - Started process (PID=572) to work on /home/airflow/.local/lib/python3.12/site-packages/airflow/example_dags/example_setup_teardown.py
[2025-08-09T18:31:32.478+0000] {processor.py:830} INFO - Processing file /home/airflow/.local/lib/python3.12/site-packages/airflow/example_dags/example_setup_teardown.py for tasks to queue
[2025-08-09T18:31:32.482+0000] {logging_mixin.py:188} INFO - [2025-08-09T18:31:32.481+0000] {dagbag.py:540} INFO - Filling up the DagBag from /home/airflow/.local/lib/python3.12/site-packages/airflow/example_dags/example_setup_teardown.py
[2025-08-09T18:31:32.492+0000] {processor.py:840} INFO - DAG(s) 'example_setup_teardown' retrieved from /home/airflow/.local/lib/python3.12/site-packages/airflow/example_dags/example_setup_teardown.py
[2025-08-09T18:31:32.523+0000] {logging_mixin.py:188} INFO - [2025-08-09T18:31:32.523+0000] {dag.py:3096} INFO - Sync 1 DAGs
[2025-08-09T18:31:32.560+0000] {logging_mixin.py:188} INFO - [2025-08-09T18:31:32.560+0000] {dag.py:3954} INFO - Setting next_dagrun for example_setup_teardown to 2025-08-08 00:00:00+00:00, run_after=2025-08-09 00:00:00+00:00
[2025-08-09T18:31:32.589+0000] {processor.py:183} INFO - Processing /home/airflow/.local/lib/python3.12/site-packages/airflow/example_dags/example_setup_teardown.py took 0.120 seconds
[2025-08-09T18:32:03.338+0000] {processor.py:161} INFO - Started process (PID=631) to work on /home/airflow/.local/lib/python3.12/site-packages/airflow/example_dags/example_setup_teardown.py
[2025-08-09T18:32:03.340+0000] {processor.py:830} INFO - Processing file /home/airflow/.local/lib/python3.12/site-packages/airflow/example_dags/example_setup_teardown.py for tasks to queue
[2025-08-09T18:32:03.343+0000] {logging_mixin.py:188} INFO - [2025-08-09T18:32:03.343+0000] {dagbag.py:540} INFO - Filling up the DagBag from /home/airflow/.local/lib/python3.12/site-packages/airflow/example_dags/example_setup_teardown.py
[2025-08-09T18:32:03.351+0000] {processor.py:840} INFO - DAG(s) 'example_setup_teardown' retrieved from /home/airflow/.local/lib/python3.12/site-packages/airflow/example_dags/example_setup_teardown.py
[2025-08-09T18:32:03.376+0000] {logging_mixin.py:188} INFO - [2025-08-09T18:32:03.375+0000] {dag.py:3096} INFO - Sync 1 DAGs
[2025-08-09T18:32:03.402+0000] {logging_mixin.py:188} INFO - [2025-08-09T18:32:03.402+0000] {dag.py:3954} INFO - Setting next_dagrun for example_setup_teardown to 2025-08-08 00:00:00+00:00, run_after=2025-08-09 00:00:00+00:00
[2025-08-09T18:32:03.426+0000] {processor.py:183} INFO - Processing /home/airflow/.local/lib/python3.12/site-packages/airflow/example_dags/example_setup_teardown.py took 0.094 seconds
[2025-08-09T18:32:33.761+0000] {processor.py:161} INFO - Started process (PID=691) to work on /home/airflow/.local/lib/python3.12/site-packages/airflow/example_dags/example_setup_teardown.py
[2025-08-09T18:32:33.763+0000] {processor.py:830} INFO - Processing file /home/airflow/.local/lib/python3.12/site-packages/airflow/example_dags/example_setup_teardown.py for tasks to queue
[2025-08-09T18:32:33.765+0000] {logging_mixin.py:188} INFO - [2025-08-09T18:32:33.765+0000] {dagbag.py:540} INFO - Filling up the DagBag from /home/airflow/.local/lib/python3.12/site-packages/airflow/example_dags/example_setup_teardown.py
[2025-08-09T18:32:33.775+0000] {processor.py:840} INFO - DAG(s) 'example_setup_teardown' retrieved from /home/airflow/.local/lib/python3.12/site-packages/airflow/example_dags/example_setup_teardown.py
[2025-08-09T18:32:33.801+0000] {logging_mixin.py:188} INFO - [2025-08-09T18:32:33.801+0000] {dag.py:3096} INFO - Sync 1 DAGs
[2025-08-09T18:32:33.832+0000] {logging_mixin.py:188} INFO - [2025-08-09T18:32:33.832+0000] {dag.py:3954} INFO - Setting next_dagrun for example_setup_teardown to 2025-08-08 00:00:00+00:00, run_after=2025-08-09 00:00:00+00:00
[2025-08-09T18:32:33.863+0000] {processor.py:183} INFO - Processing /home/airflow/.local/lib/python3.12/site-packages/airflow/example_dags/example_setup_teardown.py took 0.110 seconds
[2025-08-09T18:33:04.782+0000] {processor.py:161} INFO - Started process (PID=756) to work on /home/airflow/.local/lib/python3.12/site-packages/airflow/example_dags/example_setup_teardown.py
[2025-08-09T18:33:04.783+0000] {processor.py:830} INFO - Processing file /home/airflow/.local/lib/python3.12/site-packages/airflow/example_dags/example_setup_teardown.py for tasks to queue
[2025-08-09T18:33:04.786+0000] {logging_mixin.py:188} INFO - [2025-08-09T18:33:04.785+0000] {dagbag.py:540} INFO - Filling up the DagBag from /home/airflow/.local/lib/python3.12/site-packages/airflow/example_dags/example_setup_teardown.py
[2025-08-09T18:33:04.797+0000] {processor.py:840} INFO - DAG(s) 'example_setup_teardown' retrieved from /home/airflow/.local/lib/python3.12/site-packages/airflow/example_dags/example_setup_teardown.py
[2025-08-09T18:33:04.823+0000] {logging_mixin.py:188} INFO - [2025-08-09T18:33:04.822+0000] {dag.py:3096} INFO - Sync 1 DAGs
[2025-08-09T18:33:04.849+0000] {logging_mixin.py:188} INFO - [2025-08-09T18:33:04.849+0000] {dag.py:3954} INFO - Setting next_dagrun for example_setup_teardown to 2025-08-08 00:00:00+00:00, run_after=2025-08-09 00:00:00+00:00
[2025-08-09T18:33:04.873+0000] {processor.py:183} INFO - Processing /home/airflow/.local/lib/python3.12/site-packages/airflow/example_dags/example_setup_teardown.py took 0.098 seconds
[2025-08-09T18:33:35.685+0000] {processor.py:161} INFO - Started process (PID=815) to work on /home/airflow/.local/lib/python3.12/site-packages/airflow/example_dags/example_setup_teardown.py
[2025-08-09T18:33:35.688+0000] {processor.py:830} INFO - Processing file /home/airflow/.local/lib/python3.12/site-packages/airflow/example_dags/example_setup_teardown.py for tasks to queue
[2025-08-09T18:33:35.691+0000] {logging_mixin.py:188} INFO - [2025-08-09T18:33:35.690+0000] {dagbag.py:540} INFO - Filling up the DagBag from /home/airflow/.local/lib/python3.12/site-packages/airflow/example_dags/example_setup_teardown.py
[2025-08-09T18:33:35.699+0000] {processor.py:840} INFO - DAG(s) 'example_setup_teardown' retrieved from /home/airflow/.local/lib/python3.12/site-packages/airflow/example_dags/example_setup_teardown.py
[2025-08-09T18:33:35.729+0000] {logging_mixin.py:188} INFO - [2025-08-09T18:33:35.728+0000] {dag.py:3096} INFO - Sync 1 DAGs
[2025-08-09T18:33:35.756+0000] {logging_mixin.py:188} INFO - [2025-08-09T18:33:35.755+0000] {dag.py:3954} INFO - Setting next_dagrun for example_setup_teardown to 2025-08-08 00:00:00+00:00, run_after=2025-08-09 00:00:00+00:00
[2025-08-09T18:33:35.783+0000] {processor.py:183} INFO - Processing /home/airflow/.local/lib/python3.12/site-packages/airflow/example_dags/example_setup_teardown.py took 0.108 seconds
[2025-08-09T18:34:06.303+0000] {processor.py:161} INFO - Started process (PID=875) to work on /home/airflow/.local/lib/python3.12/site-packages/airflow/example_dags/example_setup_teardown.py
[2025-08-09T18:34:06.305+0000] {processor.py:830} INFO - Processing file /home/airflow/.local/lib/python3.12/site-packages/airflow/example_dags/example_setup_teardown.py for tasks to queue
[2025-08-09T18:34:06.308+0000] {logging_mixin.py:188} INFO - [2025-08-09T18:34:06.308+0000] {dagbag.py:540} INFO - Filling up the DagBag from /home/airflow/.local/lib/python3.12/site-packages/airflow/example_dags/example_setup_teardown.py
[2025-08-09T18:34:06.320+0000] {processor.py:840} INFO - DAG(s) 'example_setup_teardown' retrieved from /home/airflow/.local/lib/python3.12/site-packages/airflow/example_dags/example_setup_teardown.py
[2025-08-09T18:34:06.352+0000] {logging_mixin.py:188} INFO - [2025-08-09T18:34:06.351+0000] {dag.py:3096} INFO - Sync 1 DAGs
[2025-08-09T18:34:09.851+0000] {logging_mixin.py:188} INFO - [2025-08-09T18:34:09.851+0000] {dag.py:3954} INFO - Setting next_dagrun for example_setup_teardown to 2025-08-08 00:00:00+00:00, run_after=2025-08-09 00:00:00+00:00
[2025-08-09T18:34:09.891+0000] {processor.py:183} INFO - Processing /home/airflow/.local/lib/python3.12/site-packages/airflow/example_dags/example_setup_teardown.py took 3.599 seconds
[2025-08-09T18:34:40.253+0000] {processor.py:161} INFO - Started process (PID=934) to work on /home/airflow/.local/lib/python3.12/site-packages/airflow/example_dags/example_setup_teardown.py
[2025-08-09T18:34:40.254+0000] {processor.py:830} INFO - Processing file /home/airflow/.local/lib/python3.12/site-packages/airflow/example_dags/example_setup_teardown.py for tasks to queue
[2025-08-09T18:34:40.257+0000] {logging_mixin.py:188} INFO - [2025-08-09T18:34:40.257+0000] {dagbag.py:540} INFO - Filling up the DagBag from /home/airflow/.local/lib/python3.12/site-packages/airflow/example_dags/example_setup_teardown.py
[2025-08-09T18:34:40.266+0000] {processor.py:840} INFO - DAG(s) 'example_setup_teardown' retrieved from /home/airflow/.local/lib/python3.12/site-packages/airflow/example_dags/example_setup_teardown.py
[2025-08-09T18:34:40.294+0000] {logging_mixin.py:188} INFO - [2025-08-09T18:34:40.293+0000] {dag.py:3096} INFO - Sync 1 DAGs
[2025-08-09T18:34:40.616+0000] {logging_mixin.py:188} INFO - [2025-08-09T18:34:40.615+0000] {dag.py:3954} INFO - Setting next_dagrun for example_setup_teardown to 2025-08-08 00:00:00+00:00, run_after=2025-08-09 00:00:00+00:00
[2025-08-09T18:34:40.643+0000] {processor.py:183} INFO - Processing /home/airflow/.local/lib/python3.12/site-packages/airflow/example_dags/example_setup_teardown.py took 0.400 seconds
[2025-08-09T18:35:10.965+0000] {processor.py:161} INFO - Started process (PID=993) to work on /home/airflow/.local/lib/python3.12/site-packages/airflow/example_dags/example_setup_teardown.py
[2025-08-09T18:35:10.967+0000] {processor.py:830} INFO - Processing file /home/airflow/.local/lib/python3.12/site-packages/airflow/example_dags/example_setup_teardown.py for tasks to queue
[2025-08-09T18:35:10.971+0000] {logging_mixin.py:188} INFO - [2025-08-09T18:35:10.970+0000] {dagbag.py:540} INFO - Filling up the DagBag from /home/airflow/.local/lib/python3.12/site-packages/airflow/example_dags/example_setup_teardown.py
[2025-08-09T18:35:10.989+0000] {processor.py:840} INFO - DAG(s) 'example_setup_teardown' retrieved from /home/airflow/.local/lib/python3.12/site-packages/airflow/example_dags/example_setup_teardown.py
[2025-08-09T18:35:11.034+0000] {logging_mixin.py:188} INFO - [2025-08-09T18:35:11.034+0000] {dag.py:3096} INFO - Sync 1 DAGs
[2025-08-09T18:35:11.086+0000] {logging_mixin.py:188} INFO - [2025-08-09T18:35:11.085+0000] {dag.py:3954} INFO - Setting next_dagrun for example_setup_teardown to 2025-08-08 00:00:00+00:00, run_after=2025-08-09 00:00:00+00:00
[2025-08-09T18:35:11.118+0000] {processor.py:183} INFO - Processing /home/airflow/.local/lib/python3.12/site-packages/airflow/example_dags/example_setup_teardown.py took 0.167 seconds
[2025-08-09T18:35:41.444+0000] {processor.py:161} INFO - Started process (PID=1052) to work on /home/airflow/.local/lib/python3.12/site-packages/airflow/example_dags/example_setup_teardown.py
[2025-08-09T18:35:41.445+0000] {processor.py:830} INFO - Processing file /home/airflow/.local/lib/python3.12/site-packages/airflow/example_dags/example_setup_teardown.py for tasks to queue
[2025-08-09T18:35:41.448+0000] {logging_mixin.py:188} INFO - [2025-08-09T18:35:41.447+0000] {dagbag.py:540} INFO - Filling up the DagBag from /home/airflow/.local/lib/python3.12/site-packages/airflow/example_dags/example_setup_teardown.py
[2025-08-09T18:35:41.456+0000] {processor.py:840} INFO - DAG(s) 'example_setup_teardown' retrieved from /home/airflow/.local/lib/python3.12/site-packages/airflow/example_dags/example_setup_teardown.py
[2025-08-09T18:35:41.486+0000] {logging_mixin.py:188} INFO - [2025-08-09T18:35:41.486+0000] {dag.py:3096} INFO - Sync 1 DAGs
[2025-08-09T18:35:41.524+0000] {logging_mixin.py:188} INFO - [2025-08-09T18:35:41.522+0000] {dag.py:3954} INFO - Setting next_dagrun for example_setup_teardown to 2025-08-08 00:00:00+00:00, run_after=2025-08-09 00:00:00+00:00
[2025-08-09T18:35:41.613+0000] {processor.py:183} INFO - Processing /home/airflow/.local/lib/python3.12/site-packages/airflow/example_dags/example_setup_teardown.py took 0.176 seconds
[2025-08-09T18:36:11.855+0000] {processor.py:161} INFO - Started process (PID=1111) to work on /home/airflow/.local/lib/python3.12/site-packages/airflow/example_dags/example_setup_teardown.py
[2025-08-09T18:36:11.857+0000] {processor.py:830} INFO - Processing file /home/airflow/.local/lib/python3.12/site-packages/airflow/example_dags/example_setup_teardown.py for tasks to queue
[2025-08-09T18:36:11.860+0000] {logging_mixin.py:188} INFO - [2025-08-09T18:36:11.860+0000] {dagbag.py:540} INFO - Filling up the DagBag from /home/airflow/.local/lib/python3.12/site-packages/airflow/example_dags/example_setup_teardown.py
[2025-08-09T18:36:11.871+0000] {processor.py:840} INFO - DAG(s) 'example_setup_teardown' retrieved from /home/airflow/.local/lib/python3.12/site-packages/airflow/example_dags/example_setup_teardown.py
[2025-08-09T18:36:11.898+0000] {logging_mixin.py:188} INFO - [2025-08-09T18:36:11.898+0000] {dag.py:3096} INFO - Sync 1 DAGs
[2025-08-09T18:36:11.926+0000] {logging_mixin.py:188} INFO - [2025-08-09T18:36:11.926+0000] {dag.py:3954} INFO - Setting next_dagrun for example_setup_teardown to 2025-08-08 00:00:00+00:00, run_after=2025-08-09 00:00:00+00:00
[2025-08-09T18:36:11.952+0000] {processor.py:183} INFO - Processing /home/airflow/.local/lib/python3.12/site-packages/airflow/example_dags/example_setup_teardown.py took 0.104 seconds
[2025-08-09T18:36:42.320+0000] {processor.py:161} INFO - Started process (PID=1170) to work on /home/airflow/.local/lib/python3.12/site-packages/airflow/example_dags/example_setup_teardown.py
[2025-08-09T18:36:42.322+0000] {processor.py:830} INFO - Processing file /home/airflow/.local/lib/python3.12/site-packages/airflow/example_dags/example_setup_teardown.py for tasks to queue
[2025-08-09T18:36:42.325+0000] {logging_mixin.py:188} INFO - [2025-08-09T18:36:42.324+0000] {dagbag.py:540} INFO - Filling up the DagBag from /home/airflow/.local/lib/python3.12/site-packages/airflow/example_dags/example_setup_teardown.py
[2025-08-09T18:36:42.337+0000] {processor.py:840} INFO - DAG(s) 'example_setup_teardown' retrieved from /home/airflow/.local/lib/python3.12/site-packages/airflow/example_dags/example_setup_teardown.py
[2025-08-09T18:36:42.375+0000] {logging_mixin.py:188} INFO - [2025-08-09T18:36:42.375+0000] {dag.py:3096} INFO - Sync 1 DAGs
[2025-08-09T18:36:42.407+0000] {logging_mixin.py:188} INFO - [2025-08-09T18:36:42.406+0000] {dag.py:3954} INFO - Setting next_dagrun for example_setup_teardown to 2025-08-08 00:00:00+00:00, run_after=2025-08-09 00:00:00+00:00
[2025-08-09T18:36:42.432+0000] {processor.py:183} INFO - Processing /home/airflow/.local/lib/python3.12/site-packages/airflow/example_dags/example_setup_teardown.py took 0.120 seconds
[2025-08-09T18:37:12.584+0000] {processor.py:161} INFO - Started process (PID=1229) to work on /home/airflow/.local/lib/python3.12/site-packages/airflow/example_dags/example_setup_teardown.py
[2025-08-09T18:37:12.586+0000] {processor.py:830} INFO - Processing file /home/airflow/.local/lib/python3.12/site-packages/airflow/example_dags/example_setup_teardown.py for tasks to queue
[2025-08-09T18:37:12.589+0000] {logging_mixin.py:188} INFO - [2025-08-09T18:37:12.589+0000] {dagbag.py:540} INFO - Filling up the DagBag from /home/airflow/.local/lib/python3.12/site-packages/airflow/example_dags/example_setup_teardown.py
[2025-08-09T18:37:12.601+0000] {processor.py:840} INFO - DAG(s) 'example_setup_teardown' retrieved from /home/airflow/.local/lib/python3.12/site-packages/airflow/example_dags/example_setup_teardown.py
[2025-08-09T18:37:12.636+0000] {logging_mixin.py:188} INFO - [2025-08-09T18:37:12.635+0000] {dag.py:3096} INFO - Sync 1 DAGs
[2025-08-09T18:37:12.686+0000] {logging_mixin.py:188} INFO - [2025-08-09T18:37:12.686+0000] {dag.py:3954} INFO - Setting next_dagrun for example_setup_teardown to 2025-08-08 00:00:00+00:00, run_after=2025-08-09 00:00:00+00:00
[2025-08-09T18:37:12.723+0000] {processor.py:183} INFO - Processing /home/airflow/.local/lib/python3.12/site-packages/airflow/example_dags/example_setup_teardown.py took 0.150 seconds
[2025-08-09T18:37:43.284+0000] {processor.py:161} INFO - Started process (PID=1288) to work on /home/airflow/.local/lib/python3.12/site-packages/airflow/example_dags/example_setup_teardown.py
[2025-08-09T18:37:43.285+0000] {processor.py:830} INFO - Processing file /home/airflow/.local/lib/python3.12/site-packages/airflow/example_dags/example_setup_teardown.py for tasks to queue
[2025-08-09T18:37:43.288+0000] {logging_mixin.py:188} INFO - [2025-08-09T18:37:43.287+0000] {dagbag.py:540} INFO - Filling up the DagBag from /home/airflow/.local/lib/python3.12/site-packages/airflow/example_dags/example_setup_teardown.py
[2025-08-09T18:37:43.296+0000] {processor.py:840} INFO - DAG(s) 'example_setup_teardown' retrieved from /home/airflow/.local/lib/python3.12/site-packages/airflow/example_dags/example_setup_teardown.py
[2025-08-09T18:37:43.322+0000] {logging_mixin.py:188} INFO - [2025-08-09T18:37:43.322+0000] {dag.py:3096} INFO - Sync 1 DAGs
[2025-08-09T18:37:43.349+0000] {logging_mixin.py:188} INFO - [2025-08-09T18:37:43.349+0000] {dag.py:3954} INFO - Setting next_dagrun for example_setup_teardown to 2025-08-08 00:00:00+00:00, run_after=2025-08-09 00:00:00+00:00
[2025-08-09T18:37:43.372+0000] {processor.py:183} INFO - Processing /home/airflow/.local/lib/python3.12/site-packages/airflow/example_dags/example_setup_teardown.py took 0.096 seconds
[2025-08-09T18:38:13.843+0000] {processor.py:161} INFO - Started process (PID=1347) to work on /home/airflow/.local/lib/python3.12/site-packages/airflow/example_dags/example_setup_teardown.py
[2025-08-09T18:38:13.844+0000] {processor.py:830} INFO - Processing file /home/airflow/.local/lib/python3.12/site-packages/airflow/example_dags/example_setup_teardown.py for tasks to queue
[2025-08-09T18:38:13.847+0000] {logging_mixin.py:188} INFO - [2025-08-09T18:38:13.846+0000] {dagbag.py:540} INFO - Filling up the DagBag from /home/airflow/.local/lib/python3.12/site-packages/airflow/example_dags/example_setup_teardown.py
[2025-08-09T18:38:13.855+0000] {processor.py:840} INFO - DAG(s) 'example_setup_teardown' retrieved from /home/airflow/.local/lib/python3.12/site-packages/airflow/example_dags/example_setup_teardown.py
[2025-08-09T18:38:13.882+0000] {logging_mixin.py:188} INFO - [2025-08-09T18:38:13.882+0000] {dag.py:3096} INFO - Sync 1 DAGs
[2025-08-09T18:38:13.909+0000] {logging_mixin.py:188} INFO - [2025-08-09T18:38:13.909+0000] {dag.py:3954} INFO - Setting next_dagrun for example_setup_teardown to 2025-08-08 00:00:00+00:00, run_after=2025-08-09 00:00:00+00:00
[2025-08-09T18:38:13.950+0000] {processor.py:183} INFO - Processing /home/airflow/.local/lib/python3.12/site-packages/airflow/example_dags/example_setup_teardown.py took 0.115 seconds
[2025-08-09T18:38:44.209+0000] {processor.py:161} INFO - Started process (PID=1406) to work on /home/airflow/.local/lib/python3.12/site-packages/airflow/example_dags/example_setup_teardown.py
[2025-08-09T18:38:44.211+0000] {processor.py:830} INFO - Processing file /home/airflow/.local/lib/python3.12/site-packages/airflow/example_dags/example_setup_teardown.py for tasks to queue
[2025-08-09T18:38:44.214+0000] {logging_mixin.py:188} INFO - [2025-08-09T18:38:44.214+0000] {dagbag.py:540} INFO - Filling up the DagBag from /home/airflow/.local/lib/python3.12/site-packages/airflow/example_dags/example_setup_teardown.py
[2025-08-09T18:38:44.229+0000] {processor.py:840} INFO - DAG(s) 'example_setup_teardown' retrieved from /home/airflow/.local/lib/python3.12/site-packages/airflow/example_dags/example_setup_teardown.py
[2025-08-09T18:38:44.263+0000] {logging_mixin.py:188} INFO - [2025-08-09T18:38:44.263+0000] {dag.py:3096} INFO - Sync 1 DAGs
[2025-08-09T18:38:44.322+0000] {logging_mixin.py:188} INFO - [2025-08-09T18:38:44.321+0000] {dag.py:3954} INFO - Setting next_dagrun for example_setup_teardown to 2025-08-08 00:00:00+00:00, run_after=2025-08-09 00:00:00+00:00
[2025-08-09T18:38:44.363+0000] {processor.py:183} INFO - Processing /home/airflow/.local/lib/python3.12/site-packages/airflow/example_dags/example_setup_teardown.py took 0.162 seconds
[2025-08-09T18:39:14.899+0000] {processor.py:161} INFO - Started process (PID=1466) to work on /home/airflow/.local/lib/python3.12/site-packages/airflow/example_dags/example_setup_teardown.py
[2025-08-09T18:39:14.900+0000] {processor.py:830} INFO - Processing file /home/airflow/.local/lib/python3.12/site-packages/airflow/example_dags/example_setup_teardown.py for tasks to queue
[2025-08-09T18:39:14.904+0000] {logging_mixin.py:188} INFO - [2025-08-09T18:39:14.903+0000] {dagbag.py:540} INFO - Filling up the DagBag from /home/airflow/.local/lib/python3.12/site-packages/airflow/example_dags/example_setup_teardown.py
[2025-08-09T18:39:14.915+0000] {processor.py:840} INFO - DAG(s) 'example_setup_teardown' retrieved from /home/airflow/.local/lib/python3.12/site-packages/airflow/example_dags/example_setup_teardown.py
[2025-08-09T18:39:14.962+0000] {logging_mixin.py:188} INFO - [2025-08-09T18:39:14.960+0000] {dag.py:3096} INFO - Sync 1 DAGs
[2025-08-09T18:39:15.022+0000] {logging_mixin.py:188} INFO - [2025-08-09T18:39:15.021+0000] {dag.py:3954} INFO - Setting next_dagrun for example_setup_teardown to 2025-08-08 00:00:00+00:00, run_after=2025-08-09 00:00:00+00:00
[2025-08-09T18:39:15.062+0000] {processor.py:183} INFO - Processing /home/airflow/.local/lib/python3.12/site-packages/airflow/example_dags/example_setup_teardown.py took 0.172 seconds
[2025-08-09T18:39:45.183+0000] {processor.py:161} INFO - Started process (PID=1525) to work on /home/airflow/.local/lib/python3.12/site-packages/airflow/example_dags/example_setup_teardown.py
[2025-08-09T18:39:45.184+0000] {processor.py:830} INFO - Processing file /home/airflow/.local/lib/python3.12/site-packages/airflow/example_dags/example_setup_teardown.py for tasks to queue
[2025-08-09T18:39:45.187+0000] {logging_mixin.py:188} INFO - [2025-08-09T18:39:45.186+0000] {dagbag.py:540} INFO - Filling up the DagBag from /home/airflow/.local/lib/python3.12/site-packages/airflow/example_dags/example_setup_teardown.py
[2025-08-09T18:39:45.199+0000] {processor.py:840} INFO - DAG(s) 'example_setup_teardown' retrieved from /home/airflow/.local/lib/python3.12/site-packages/airflow/example_dags/example_setup_teardown.py
[2025-08-09T18:39:45.240+0000] {logging_mixin.py:188} INFO - [2025-08-09T18:39:45.239+0000] {dag.py:3096} INFO - Sync 1 DAGs
[2025-08-09T18:39:45.299+0000] {logging_mixin.py:188} INFO - [2025-08-09T18:39:45.299+0000] {dag.py:3954} INFO - Setting next_dagrun for example_setup_teardown to 2025-08-08 00:00:00+00:00, run_after=2025-08-09 00:00:00+00:00
[2025-08-09T18:39:45.337+0000] {processor.py:183} INFO - Processing /home/airflow/.local/lib/python3.12/site-packages/airflow/example_dags/example_setup_teardown.py took 0.164 seconds
[2025-08-09T18:40:15.797+0000] {processor.py:161} INFO - Started process (PID=1583) to work on /home/airflow/.local/lib/python3.12/site-packages/airflow/example_dags/example_setup_teardown.py
[2025-08-09T18:40:15.798+0000] {processor.py:830} INFO - Processing file /home/airflow/.local/lib/python3.12/site-packages/airflow/example_dags/example_setup_teardown.py for tasks to queue
[2025-08-09T18:40:15.801+0000] {logging_mixin.py:188} INFO - [2025-08-09T18:40:15.800+0000] {dagbag.py:540} INFO - Filling up the DagBag from /home/airflow/.local/lib/python3.12/site-packages/airflow/example_dags/example_setup_teardown.py
[2025-08-09T18:40:15.810+0000] {processor.py:840} INFO - DAG(s) 'example_setup_teardown' retrieved from /home/airflow/.local/lib/python3.12/site-packages/airflow/example_dags/example_setup_teardown.py
[2025-08-09T18:40:15.841+0000] {logging_mixin.py:188} INFO - [2025-08-09T18:40:15.841+0000] {dag.py:3096} INFO - Sync 1 DAGs
[2025-08-09T18:40:15.873+0000] {logging_mixin.py:188} INFO - [2025-08-09T18:40:15.873+0000] {dag.py:3954} INFO - Setting next_dagrun for example_setup_teardown to 2025-08-08 00:00:00+00:00, run_after=2025-08-09 00:00:00+00:00
[2025-08-09T18:40:15.903+0000] {processor.py:183} INFO - Processing /home/airflow/.local/lib/python3.12/site-packages/airflow/example_dags/example_setup_teardown.py took 0.116 seconds
[2025-08-09T18:40:46.414+0000] {processor.py:161} INFO - Started process (PID=1642) to work on /home/airflow/.local/lib/python3.12/site-packages/airflow/example_dags/example_setup_teardown.py
[2025-08-09T18:40:46.415+0000] {processor.py:830} INFO - Processing file /home/airflow/.local/lib/python3.12/site-packages/airflow/example_dags/example_setup_teardown.py for tasks to queue
[2025-08-09T18:40:46.418+0000] {logging_mixin.py:188} INFO - [2025-08-09T18:40:46.418+0000] {dagbag.py:540} INFO - Filling up the DagBag from /home/airflow/.local/lib/python3.12/site-packages/airflow/example_dags/example_setup_teardown.py
[2025-08-09T18:40:46.429+0000] {processor.py:840} INFO - DAG(s) 'example_setup_teardown' retrieved from /home/airflow/.local/lib/python3.12/site-packages/airflow/example_dags/example_setup_teardown.py
[2025-08-09T18:40:46.455+0000] {logging_mixin.py:188} INFO - [2025-08-09T18:40:46.454+0000] {dag.py:3096} INFO - Sync 1 DAGs
[2025-08-09T18:40:46.480+0000] {logging_mixin.py:188} INFO - [2025-08-09T18:40:46.480+0000] {dag.py:3954} INFO - Setting next_dagrun for example_setup_teardown to 2025-08-08 00:00:00+00:00, run_after=2025-08-09 00:00:00+00:00
[2025-08-09T18:40:46.504+0000] {processor.py:183} INFO - Processing /home/airflow/.local/lib/python3.12/site-packages/airflow/example_dags/example_setup_teardown.py took 0.099 seconds
[2025-08-09T18:41:16.978+0000] {processor.py:161} INFO - Started process (PID=1701) to work on /home/airflow/.local/lib/python3.12/site-packages/airflow/example_dags/example_setup_teardown.py
[2025-08-09T18:41:16.979+0000] {processor.py:830} INFO - Processing file /home/airflow/.local/lib/python3.12/site-packages/airflow/example_dags/example_setup_teardown.py for tasks to queue
[2025-08-09T18:41:16.983+0000] {logging_mixin.py:188} INFO - [2025-08-09T18:41:16.982+0000] {dagbag.py:540} INFO - Filling up the DagBag from /home/airflow/.local/lib/python3.12/site-packages/airflow/example_dags/example_setup_teardown.py
[2025-08-09T18:41:16.995+0000] {processor.py:840} INFO - DAG(s) 'example_setup_teardown' retrieved from /home/airflow/.local/lib/python3.12/site-packages/airflow/example_dags/example_setup_teardown.py
[2025-08-09T18:41:17.031+0000] {logging_mixin.py:188} INFO - [2025-08-09T18:41:17.030+0000] {dag.py:3096} INFO - Sync 1 DAGs
[2025-08-09T18:41:17.063+0000] {logging_mixin.py:188} INFO - [2025-08-09T18:41:17.063+0000] {dag.py:3954} INFO - Setting next_dagrun for example_setup_teardown to 2025-08-08 00:00:00+00:00, run_after=2025-08-09 00:00:00+00:00
[2025-08-09T18:41:17.089+0000] {processor.py:183} INFO - Processing /home/airflow/.local/lib/python3.12/site-packages/airflow/example_dags/example_setup_teardown.py took 0.120 seconds
[2025-08-09T18:41:47.448+0000] {processor.py:161} INFO - Started process (PID=1760) to work on /home/airflow/.local/lib/python3.12/site-packages/airflow/example_dags/example_setup_teardown.py
[2025-08-09T18:41:47.449+0000] {processor.py:830} INFO - Processing file /home/airflow/.local/lib/python3.12/site-packages/airflow/example_dags/example_setup_teardown.py for tasks to queue
[2025-08-09T18:41:47.452+0000] {logging_mixin.py:188} INFO - [2025-08-09T18:41:47.451+0000] {dagbag.py:540} INFO - Filling up the DagBag from /home/airflow/.local/lib/python3.12/site-packages/airflow/example_dags/example_setup_teardown.py
[2025-08-09T18:41:47.462+0000] {processor.py:840} INFO - DAG(s) 'example_setup_teardown' retrieved from /home/airflow/.local/lib/python3.12/site-packages/airflow/example_dags/example_setup_teardown.py
[2025-08-09T18:41:47.491+0000] {logging_mixin.py:188} INFO - [2025-08-09T18:41:47.491+0000] {dag.py:3096} INFO - Sync 1 DAGs
[2025-08-09T18:41:47.529+0000] {logging_mixin.py:188} INFO - [2025-08-09T18:41:47.528+0000] {dag.py:3954} INFO - Setting next_dagrun for example_setup_teardown to 2025-08-08 00:00:00+00:00, run_after=2025-08-09 00:00:00+00:00
[2025-08-09T18:41:47.569+0000] {processor.py:183} INFO - Processing /home/airflow/.local/lib/python3.12/site-packages/airflow/example_dags/example_setup_teardown.py took 0.129 seconds
[2025-08-09T18:42:18.460+0000] {processor.py:161} INFO - Started process (PID=1820) to work on /home/airflow/.local/lib/python3.12/site-packages/airflow/example_dags/example_setup_teardown.py
[2025-08-09T18:42:18.462+0000] {processor.py:830} INFO - Processing file /home/airflow/.local/lib/python3.12/site-packages/airflow/example_dags/example_setup_teardown.py for tasks to queue
[2025-08-09T18:42:18.466+0000] {logging_mixin.py:188} INFO - [2025-08-09T18:42:18.465+0000] {dagbag.py:540} INFO - Filling up the DagBag from /home/airflow/.local/lib/python3.12/site-packages/airflow/example_dags/example_setup_teardown.py
[2025-08-09T18:42:18.479+0000] {processor.py:840} INFO - DAG(s) 'example_setup_teardown' retrieved from /home/airflow/.local/lib/python3.12/site-packages/airflow/example_dags/example_setup_teardown.py
[2025-08-09T18:42:18.511+0000] {logging_mixin.py:188} INFO - [2025-08-09T18:42:18.511+0000] {dag.py:3096} INFO - Sync 1 DAGs
[2025-08-09T18:42:18.551+0000] {logging_mixin.py:188} INFO - [2025-08-09T18:42:18.551+0000] {dag.py:3954} INFO - Setting next_dagrun for example_setup_teardown to 2025-08-08 00:00:00+00:00, run_after=2025-08-09 00:00:00+00:00
[2025-08-09T18:42:18.581+0000] {processor.py:183} INFO - Processing /home/airflow/.local/lib/python3.12/site-packages/airflow/example_dags/example_setup_teardown.py took 0.134 seconds
[2025-08-09T18:42:48.912+0000] {processor.py:161} INFO - Started process (PID=1878) to work on /home/airflow/.local/lib/python3.12/site-packages/airflow/example_dags/example_setup_teardown.py
[2025-08-09T18:42:48.914+0000] {processor.py:830} INFO - Processing file /home/airflow/.local/lib/python3.12/site-packages/airflow/example_dags/example_setup_teardown.py for tasks to queue
[2025-08-09T18:42:48.918+0000] {logging_mixin.py:188} INFO - [2025-08-09T18:42:48.917+0000] {dagbag.py:540} INFO - Filling up the DagBag from /home/airflow/.local/lib/python3.12/site-packages/airflow/example_dags/example_setup_teardown.py
[2025-08-09T18:42:48.942+0000] {processor.py:840} INFO - DAG(s) 'example_setup_teardown' retrieved from /home/airflow/.local/lib/python3.12/site-packages/airflow/example_dags/example_setup_teardown.py
[2025-08-09T18:42:48.975+0000] {logging_mixin.py:188} INFO - [2025-08-09T18:42:48.975+0000] {dag.py:3096} INFO - Sync 1 DAGs
[2025-08-09T18:42:49.004+0000] {logging_mixin.py:188} INFO - [2025-08-09T18:42:49.004+0000] {dag.py:3954} INFO - Setting next_dagrun for example_setup_teardown to 2025-08-08 00:00:00+00:00, run_after=2025-08-09 00:00:00+00:00
[2025-08-09T18:42:49.027+0000] {processor.py:183} INFO - Processing /home/airflow/.local/lib/python3.12/site-packages/airflow/example_dags/example_setup_teardown.py took 0.127 seconds
[2025-08-09T18:43:19.355+0000] {processor.py:161} INFO - Started process (PID=1937) to work on /home/airflow/.local/lib/python3.12/site-packages/airflow/example_dags/example_setup_teardown.py
[2025-08-09T18:43:19.357+0000] {processor.py:830} INFO - Processing file /home/airflow/.local/lib/python3.12/site-packages/airflow/example_dags/example_setup_teardown.py for tasks to queue
[2025-08-09T18:43:19.361+0000] {logging_mixin.py:188} INFO - [2025-08-09T18:43:19.360+0000] {dagbag.py:540} INFO - Filling up the DagBag from /home/airflow/.local/lib/python3.12/site-packages/airflow/example_dags/example_setup_teardown.py
[2025-08-09T18:43:19.375+0000] {processor.py:840} INFO - DAG(s) 'example_setup_teardown' retrieved from /home/airflow/.local/lib/python3.12/site-packages/airflow/example_dags/example_setup_teardown.py
[2025-08-09T18:43:19.417+0000] {logging_mixin.py:188} INFO - [2025-08-09T18:43:19.417+0000] {dag.py:3096} INFO - Sync 1 DAGs
[2025-08-09T18:43:19.464+0000] {logging_mixin.py:188} INFO - [2025-08-09T18:43:19.463+0000] {dag.py:3954} INFO - Setting next_dagrun for example_setup_teardown to 2025-08-08 00:00:00+00:00, run_after=2025-08-09 00:00:00+00:00
[2025-08-09T18:43:19.492+0000] {processor.py:183} INFO - Processing /home/airflow/.local/lib/python3.12/site-packages/airflow/example_dags/example_setup_teardown.py took 0.148 seconds
[2025-08-09T18:43:49.667+0000] {processor.py:161} INFO - Started process (PID=1996) to work on /home/airflow/.local/lib/python3.12/site-packages/airflow/example_dags/example_setup_teardown.py
[2025-08-09T18:43:49.669+0000] {processor.py:830} INFO - Processing file /home/airflow/.local/lib/python3.12/site-packages/airflow/example_dags/example_setup_teardown.py for tasks to queue
[2025-08-09T18:43:49.673+0000] {logging_mixin.py:188} INFO - [2025-08-09T18:43:49.672+0000] {dagbag.py:540} INFO - Filling up the DagBag from /home/airflow/.local/lib/python3.12/site-packages/airflow/example_dags/example_setup_teardown.py
[2025-08-09T18:43:49.682+0000] {processor.py:840} INFO - DAG(s) 'example_setup_teardown' retrieved from /home/airflow/.local/lib/python3.12/site-packages/airflow/example_dags/example_setup_teardown.py
[2025-08-09T18:43:49.758+0000] {logging_mixin.py:188} INFO - [2025-08-09T18:43:49.757+0000] {dag.py:3096} INFO - Sync 1 DAGs
[2025-08-09T18:43:49.831+0000] {logging_mixin.py:188} INFO - [2025-08-09T18:43:49.831+0000] {dag.py:3954} INFO - Setting next_dagrun for example_setup_teardown to 2025-08-08 00:00:00+00:00, run_after=2025-08-09 00:00:00+00:00
[2025-08-09T18:43:49.875+0000] {processor.py:183} INFO - Processing /home/airflow/.local/lib/python3.12/site-packages/airflow/example_dags/example_setup_teardown.py took 0.216 seconds
[2025-08-09T18:44:19.968+0000] {processor.py:161} INFO - Started process (PID=2053) to work on /home/airflow/.local/lib/python3.12/site-packages/airflow/example_dags/example_setup_teardown.py
[2025-08-09T18:44:19.969+0000] {processor.py:830} INFO - Processing file /home/airflow/.local/lib/python3.12/site-packages/airflow/example_dags/example_setup_teardown.py for tasks to queue
[2025-08-09T18:44:19.972+0000] {logging_mixin.py:188} INFO - [2025-08-09T18:44:19.971+0000] {dagbag.py:540} INFO - Filling up the DagBag from /home/airflow/.local/lib/python3.12/site-packages/airflow/example_dags/example_setup_teardown.py
[2025-08-09T18:44:19.980+0000] {processor.py:840} INFO - DAG(s) 'example_setup_teardown' retrieved from /home/airflow/.local/lib/python3.12/site-packages/airflow/example_dags/example_setup_teardown.py
[2025-08-09T18:44:20.005+0000] {logging_mixin.py:188} INFO - [2025-08-09T18:44:20.005+0000] {dag.py:3096} INFO - Sync 1 DAGs
[2025-08-09T18:44:20.031+0000] {logging_mixin.py:188} INFO - [2025-08-09T18:44:20.031+0000] {dag.py:3954} INFO - Setting next_dagrun for example_setup_teardown to 2025-08-08 00:00:00+00:00, run_after=2025-08-09 00:00:00+00:00
[2025-08-09T18:44:20.057+0000] {processor.py:183} INFO - Processing /home/airflow/.local/lib/python3.12/site-packages/airflow/example_dags/example_setup_teardown.py took 0.096 seconds
[2025-08-09T18:44:50.761+0000] {processor.py:161} INFO - Started process (PID=2112) to work on /home/airflow/.local/lib/python3.12/site-packages/airflow/example_dags/example_setup_teardown.py
[2025-08-09T18:44:50.763+0000] {processor.py:830} INFO - Processing file /home/airflow/.local/lib/python3.12/site-packages/airflow/example_dags/example_setup_teardown.py for tasks to queue
[2025-08-09T18:44:50.767+0000] {logging_mixin.py:188} INFO - [2025-08-09T18:44:50.767+0000] {dagbag.py:540} INFO - Filling up the DagBag from /home/airflow/.local/lib/python3.12/site-packages/airflow/example_dags/example_setup_teardown.py
[2025-08-09T18:44:50.780+0000] {processor.py:840} INFO - DAG(s) 'example_setup_teardown' retrieved from /home/airflow/.local/lib/python3.12/site-packages/airflow/example_dags/example_setup_teardown.py
[2025-08-09T18:44:50.812+0000] {logging_mixin.py:188} INFO - [2025-08-09T18:44:50.812+0000] {dag.py:3096} INFO - Sync 1 DAGs
[2025-08-09T18:44:50.850+0000] {logging_mixin.py:188} INFO - [2025-08-09T18:44:50.850+0000] {dag.py:3954} INFO - Setting next_dagrun for example_setup_teardown to 2025-08-08 00:00:00+00:00, run_after=2025-08-09 00:00:00+00:00
[2025-08-09T18:44:50.877+0000] {processor.py:183} INFO - Processing /home/airflow/.local/lib/python3.12/site-packages/airflow/example_dags/example_setup_teardown.py took 0.130 seconds
