[2025-08-09T18:21:42.752+0000] {processor.py:161} INFO - Started process (PID=69) to work on /home/airflow/.local/lib/python3.12/site-packages/airflow/example_dags/example_trigger_target_dag.py
[2025-08-09T18:21:42.761+0000] {processor.py:830} INFO - Processing file /home/airflow/.local/lib/python3.12/site-packages/airflow/example_dags/example_trigger_target_dag.py for tasks to queue
[2025-08-09T18:21:42.792+0000] {logging_mixin.py:188} INFO - [2025-08-09T18:21:42.786+0000] {dagbag.py:540} INFO - Filling up the DagBag from /home/airflow/.local/lib/python3.12/site-packages/airflow/example_dags/example_trigger_target_dag.py
[2025-08-09T18:21:42.932+0000] {processor.py:840} INFO - DAG(s) 'example_trigger_target_dag' retrieved from /home/airflow/.local/lib/python3.12/site-packages/airflow/example_dags/example_trigger_target_dag.py
[2025-08-09T18:21:45.060+0000] {logging_mixin.py:188} INFO - [2025-08-09T18:21:45.059+0000] {dag.py:3096} INFO - Sync 1 DAGs
[2025-08-09T18:21:45.098+0000] {logging_mixin.py:188} INFO - [2025-08-09T18:21:45.097+0000] {dag.py:3954} INFO - Setting next_dagrun for example_trigger_target_dag to None, run_after=None
[2025-08-09T18:21:45.148+0000] {processor.py:183} INFO - Processing /home/airflow/.local/lib/python3.12/site-packages/airflow/example_dags/example_trigger_target_dag.py took 2.432 seconds
[2025-08-09T18:22:15.306+0000] {processor.py:161} INFO - Started process (PID=128) to work on /home/airflow/.local/lib/python3.12/site-packages/airflow/example_dags/example_trigger_target_dag.py
[2025-08-09T18:22:15.308+0000] {processor.py:830} INFO - Processing file /home/airflow/.local/lib/python3.12/site-packages/airflow/example_dags/example_trigger_target_dag.py for tasks to queue
[2025-08-09T18:22:15.311+0000] {logging_mixin.py:188} INFO - [2025-08-09T18:22:15.310+0000] {dagbag.py:540} INFO - Filling up the DagBag from /home/airflow/.local/lib/python3.12/site-packages/airflow/example_dags/example_trigger_target_dag.py
[2025-08-09T18:22:15.321+0000] {processor.py:840} INFO - DAG(s) 'example_trigger_target_dag' retrieved from /home/airflow/.local/lib/python3.12/site-packages/airflow/example_dags/example_trigger_target_dag.py
[2025-08-09T18:22:15.353+0000] {logging_mixin.py:188} INFO - [2025-08-09T18:22:15.352+0000] {dag.py:3096} INFO - Sync 1 DAGs
[2025-08-09T18:22:15.400+0000] {logging_mixin.py:188} INFO - [2025-08-09T18:22:15.399+0000] {dag.py:3954} INFO - Setting next_dagrun for example_trigger_target_dag to None, run_after=None
[2025-08-09T18:22:15.429+0000] {processor.py:183} INFO - Processing /home/airflow/.local/lib/python3.12/site-packages/airflow/example_dags/example_trigger_target_dag.py took 0.139 seconds
[2025-08-09T18:22:45.555+0000] {processor.py:161} INFO - Started process (PID=187) to work on /home/airflow/.local/lib/python3.12/site-packages/airflow/example_dags/example_trigger_target_dag.py
[2025-08-09T18:22:45.557+0000] {processor.py:830} INFO - Processing file /home/airflow/.local/lib/python3.12/site-packages/airflow/example_dags/example_trigger_target_dag.py for tasks to queue
[2025-08-09T18:22:45.562+0000] {logging_mixin.py:188} INFO - [2025-08-09T18:22:45.561+0000] {dagbag.py:540} INFO - Filling up the DagBag from /home/airflow/.local/lib/python3.12/site-packages/airflow/example_dags/example_trigger_target_dag.py
[2025-08-09T18:22:45.575+0000] {processor.py:840} INFO - DAG(s) 'example_trigger_target_dag' retrieved from /home/airflow/.local/lib/python3.12/site-packages/airflow/example_dags/example_trigger_target_dag.py
[2025-08-09T18:22:45.623+0000] {logging_mixin.py:188} INFO - [2025-08-09T18:22:45.622+0000] {dag.py:3096} INFO - Sync 1 DAGs
[2025-08-09T18:22:45.656+0000] {logging_mixin.py:188} INFO - [2025-08-09T18:22:45.656+0000] {dag.py:3954} INFO - Setting next_dagrun for example_trigger_target_dag to None, run_after=None
[2025-08-09T18:22:45.703+0000] {processor.py:183} INFO - Processing /home/airflow/.local/lib/python3.12/site-packages/airflow/example_dags/example_trigger_target_dag.py took 0.163 seconds
[2025-08-09T18:23:16.232+0000] {processor.py:161} INFO - Started process (PID=246) to work on /home/airflow/.local/lib/python3.12/site-packages/airflow/example_dags/example_trigger_target_dag.py
[2025-08-09T18:23:16.234+0000] {processor.py:830} INFO - Processing file /home/airflow/.local/lib/python3.12/site-packages/airflow/example_dags/example_trigger_target_dag.py for tasks to queue
[2025-08-09T18:23:16.236+0000] {logging_mixin.py:188} INFO - [2025-08-09T18:23:16.235+0000] {dagbag.py:540} INFO - Filling up the DagBag from /home/airflow/.local/lib/python3.12/site-packages/airflow/example_dags/example_trigger_target_dag.py
[2025-08-09T18:23:16.245+0000] {processor.py:840} INFO - DAG(s) 'example_trigger_target_dag' retrieved from /home/airflow/.local/lib/python3.12/site-packages/airflow/example_dags/example_trigger_target_dag.py
[2025-08-09T18:23:16.322+0000] {logging_mixin.py:188} INFO - [2025-08-09T18:23:16.321+0000] {dag.py:3096} INFO - Sync 1 DAGs
[2025-08-09T18:23:16.352+0000] {logging_mixin.py:188} INFO - [2025-08-09T18:23:16.352+0000] {dag.py:3954} INFO - Setting next_dagrun for example_trigger_target_dag to None, run_after=None
[2025-08-09T18:23:16.381+0000] {processor.py:183} INFO - Processing /home/airflow/.local/lib/python3.12/site-packages/airflow/example_dags/example_trigger_target_dag.py took 0.158 seconds
[2025-08-09T18:23:46.561+0000] {processor.py:161} INFO - Started process (PID=305) to work on /home/airflow/.local/lib/python3.12/site-packages/airflow/example_dags/example_trigger_target_dag.py
[2025-08-09T18:23:46.563+0000] {processor.py:830} INFO - Processing file /home/airflow/.local/lib/python3.12/site-packages/airflow/example_dags/example_trigger_target_dag.py for tasks to queue
[2025-08-09T18:23:46.565+0000] {logging_mixin.py:188} INFO - [2025-08-09T18:23:46.565+0000] {dagbag.py:540} INFO - Filling up the DagBag from /home/airflow/.local/lib/python3.12/site-packages/airflow/example_dags/example_trigger_target_dag.py
[2025-08-09T18:23:46.573+0000] {processor.py:840} INFO - DAG(s) 'example_trigger_target_dag' retrieved from /home/airflow/.local/lib/python3.12/site-packages/airflow/example_dags/example_trigger_target_dag.py
[2025-08-09T18:23:46.599+0000] {logging_mixin.py:188} INFO - [2025-08-09T18:23:46.599+0000] {dag.py:3096} INFO - Sync 1 DAGs
[2025-08-09T18:23:46.630+0000] {logging_mixin.py:188} INFO - [2025-08-09T18:23:46.630+0000] {dag.py:3954} INFO - Setting next_dagrun for example_trigger_target_dag to None, run_after=None
[2025-08-09T18:23:46.676+0000] {processor.py:183} INFO - Processing /home/airflow/.local/lib/python3.12/site-packages/airflow/example_dags/example_trigger_target_dag.py took 0.122 seconds
[2025-08-09T18:24:17.243+0000] {processor.py:161} INFO - Started process (PID=364) to work on /home/airflow/.local/lib/python3.12/site-packages/airflow/example_dags/example_trigger_target_dag.py
[2025-08-09T18:24:17.245+0000] {processor.py:830} INFO - Processing file /home/airflow/.local/lib/python3.12/site-packages/airflow/example_dags/example_trigger_target_dag.py for tasks to queue
[2025-08-09T18:24:17.249+0000] {logging_mixin.py:188} INFO - [2025-08-09T18:24:17.248+0000] {dagbag.py:540} INFO - Filling up the DagBag from /home/airflow/.local/lib/python3.12/site-packages/airflow/example_dags/example_trigger_target_dag.py
[2025-08-09T18:24:17.260+0000] {processor.py:840} INFO - DAG(s) 'example_trigger_target_dag' retrieved from /home/airflow/.local/lib/python3.12/site-packages/airflow/example_dags/example_trigger_target_dag.py
[2025-08-09T18:24:17.292+0000] {logging_mixin.py:188} INFO - [2025-08-09T18:24:17.292+0000] {dag.py:3096} INFO - Sync 1 DAGs
[2025-08-09T18:24:17.327+0000] {logging_mixin.py:188} INFO - [2025-08-09T18:24:17.326+0000] {dag.py:3954} INFO - Setting next_dagrun for example_trigger_target_dag to None, run_after=None
[2025-08-09T18:24:17.362+0000] {processor.py:183} INFO - Processing /home/airflow/.local/lib/python3.12/site-packages/airflow/example_dags/example_trigger_target_dag.py took 0.133 seconds
[2025-08-09T18:24:47.855+0000] {processor.py:161} INFO - Started process (PID=421) to work on /home/airflow/.local/lib/python3.12/site-packages/airflow/example_dags/example_trigger_target_dag.py
[2025-08-09T18:24:47.857+0000] {processor.py:830} INFO - Processing file /home/airflow/.local/lib/python3.12/site-packages/airflow/example_dags/example_trigger_target_dag.py for tasks to queue
[2025-08-09T18:24:47.861+0000] {logging_mixin.py:188} INFO - [2025-08-09T18:24:47.861+0000] {dagbag.py:540} INFO - Filling up the DagBag from /home/airflow/.local/lib/python3.12/site-packages/airflow/example_dags/example_trigger_target_dag.py
[2025-08-09T18:24:47.870+0000] {processor.py:840} INFO - DAG(s) 'example_trigger_target_dag' retrieved from /home/airflow/.local/lib/python3.12/site-packages/airflow/example_dags/example_trigger_target_dag.py
[2025-08-09T18:24:47.902+0000] {logging_mixin.py:188} INFO - [2025-08-09T18:24:47.902+0000] {dag.py:3096} INFO - Sync 1 DAGs
[2025-08-09T18:24:47.923+0000] {logging_mixin.py:188} INFO - [2025-08-09T18:24:47.923+0000] {dag.py:3954} INFO - Setting next_dagrun for example_trigger_target_dag to None, run_after=None
[2025-08-09T18:24:47.954+0000] {processor.py:183} INFO - Processing /home/airflow/.local/lib/python3.12/site-packages/airflow/example_dags/example_trigger_target_dag.py took 0.106 seconds
[2025-08-09T18:25:18.168+0000] {processor.py:161} INFO - Started process (PID=480) to work on /home/airflow/.local/lib/python3.12/site-packages/airflow/example_dags/example_trigger_target_dag.py
[2025-08-09T18:25:18.171+0000] {processor.py:830} INFO - Processing file /home/airflow/.local/lib/python3.12/site-packages/airflow/example_dags/example_trigger_target_dag.py for tasks to queue
[2025-08-09T18:25:18.175+0000] {logging_mixin.py:188} INFO - [2025-08-09T18:25:18.175+0000] {dagbag.py:540} INFO - Filling up the DagBag from /home/airflow/.local/lib/python3.12/site-packages/airflow/example_dags/example_trigger_target_dag.py
[2025-08-09T18:25:18.183+0000] {processor.py:840} INFO - DAG(s) 'example_trigger_target_dag' retrieved from /home/airflow/.local/lib/python3.12/site-packages/airflow/example_dags/example_trigger_target_dag.py
[2025-08-09T18:25:18.211+0000] {logging_mixin.py:188} INFO - [2025-08-09T18:25:18.211+0000] {dag.py:3096} INFO - Sync 1 DAGs
[2025-08-09T18:25:18.260+0000] {logging_mixin.py:188} INFO - [2025-08-09T18:25:18.260+0000] {dag.py:3954} INFO - Setting next_dagrun for example_trigger_target_dag to None, run_after=None
[2025-08-09T18:25:18.288+0000] {processor.py:183} INFO - Processing /home/airflow/.local/lib/python3.12/site-packages/airflow/example_dags/example_trigger_target_dag.py took 0.131 seconds
[2025-08-09T18:27:12.508+0000] {processor.py:161} INFO - Started process (PID=70) to work on /home/airflow/.local/lib/python3.12/site-packages/airflow/example_dags/example_trigger_target_dag.py
[2025-08-09T18:27:12.526+0000] {processor.py:830} INFO - Processing file /home/airflow/.local/lib/python3.12/site-packages/airflow/example_dags/example_trigger_target_dag.py for tasks to queue
[2025-08-09T18:27:12.562+0000] {logging_mixin.py:188} INFO - [2025-08-09T18:27:12.560+0000] {dagbag.py:540} INFO - Filling up the DagBag from /home/airflow/.local/lib/python3.12/site-packages/airflow/example_dags/example_trigger_target_dag.py
[2025-08-09T18:27:12.706+0000] {processor.py:840} INFO - DAG(s) 'example_trigger_target_dag' retrieved from /home/airflow/.local/lib/python3.12/site-packages/airflow/example_dags/example_trigger_target_dag.py
[2025-08-09T18:27:13.828+0000] {logging_mixin.py:188} INFO - [2025-08-09T18:27:13.827+0000] {dag.py:3096} INFO - Sync 1 DAGs
[2025-08-09T18:27:13.873+0000] {logging_mixin.py:188} INFO - [2025-08-09T18:27:13.872+0000] {dag.py:3954} INFO - Setting next_dagrun for example_trigger_target_dag to None, run_after=None
[2025-08-09T18:27:13.938+0000] {processor.py:183} INFO - Processing /home/airflow/.local/lib/python3.12/site-packages/airflow/example_dags/example_trigger_target_dag.py took 1.501 seconds
[2025-08-09T18:27:44.018+0000] {processor.py:161} INFO - Started process (PID=129) to work on /home/airflow/.local/lib/python3.12/site-packages/airflow/example_dags/example_trigger_target_dag.py
[2025-08-09T18:27:44.020+0000] {processor.py:830} INFO - Processing file /home/airflow/.local/lib/python3.12/site-packages/airflow/example_dags/example_trigger_target_dag.py for tasks to queue
[2025-08-09T18:27:44.024+0000] {logging_mixin.py:188} INFO - [2025-08-09T18:27:44.023+0000] {dagbag.py:540} INFO - Filling up the DagBag from /home/airflow/.local/lib/python3.12/site-packages/airflow/example_dags/example_trigger_target_dag.py
[2025-08-09T18:27:44.037+0000] {processor.py:840} INFO - DAG(s) 'example_trigger_target_dag' retrieved from /home/airflow/.local/lib/python3.12/site-packages/airflow/example_dags/example_trigger_target_dag.py
[2025-08-09T18:27:44.073+0000] {logging_mixin.py:188} INFO - [2025-08-09T18:27:44.073+0000] {dag.py:3096} INFO - Sync 1 DAGs
[2025-08-09T18:27:44.099+0000] {logging_mixin.py:188} INFO - [2025-08-09T18:27:44.099+0000] {dag.py:3954} INFO - Setting next_dagrun for example_trigger_target_dag to None, run_after=None
[2025-08-09T18:27:44.138+0000] {processor.py:183} INFO - Processing /home/airflow/.local/lib/python3.12/site-packages/airflow/example_dags/example_trigger_target_dag.py took 0.132 seconds
[2025-08-09T18:28:14.336+0000] {processor.py:161} INFO - Started process (PID=188) to work on /home/airflow/.local/lib/python3.12/site-packages/airflow/example_dags/example_trigger_target_dag.py
[2025-08-09T18:28:14.337+0000] {processor.py:830} INFO - Processing file /home/airflow/.local/lib/python3.12/site-packages/airflow/example_dags/example_trigger_target_dag.py for tasks to queue
[2025-08-09T18:28:14.341+0000] {logging_mixin.py:188} INFO - [2025-08-09T18:28:14.341+0000] {dagbag.py:540} INFO - Filling up the DagBag from /home/airflow/.local/lib/python3.12/site-packages/airflow/example_dags/example_trigger_target_dag.py
[2025-08-09T18:28:14.351+0000] {processor.py:840} INFO - DAG(s) 'example_trigger_target_dag' retrieved from /home/airflow/.local/lib/python3.12/site-packages/airflow/example_dags/example_trigger_target_dag.py
[2025-08-09T18:28:14.382+0000] {logging_mixin.py:188} INFO - [2025-08-09T18:28:14.381+0000] {dag.py:3096} INFO - Sync 1 DAGs
[2025-08-09T18:28:14.410+0000] {logging_mixin.py:188} INFO - [2025-08-09T18:28:14.410+0000] {dag.py:3954} INFO - Setting next_dagrun for example_trigger_target_dag to None, run_after=None
[2025-08-09T18:28:14.440+0000] {processor.py:183} INFO - Processing /home/airflow/.local/lib/python3.12/site-packages/airflow/example_dags/example_trigger_target_dag.py took 0.114 seconds
[2025-08-09T18:28:44.515+0000] {processor.py:161} INFO - Started process (PID=248) to work on /home/airflow/.local/lib/python3.12/site-packages/airflow/example_dags/example_trigger_target_dag.py
[2025-08-09T18:28:44.517+0000] {processor.py:830} INFO - Processing file /home/airflow/.local/lib/python3.12/site-packages/airflow/example_dags/example_trigger_target_dag.py for tasks to queue
[2025-08-09T18:28:44.520+0000] {logging_mixin.py:188} INFO - [2025-08-09T18:28:44.520+0000] {dagbag.py:540} INFO - Filling up the DagBag from /home/airflow/.local/lib/python3.12/site-packages/airflow/example_dags/example_trigger_target_dag.py
[2025-08-09T18:28:44.535+0000] {processor.py:840} INFO - DAG(s) 'example_trigger_target_dag' retrieved from /home/airflow/.local/lib/python3.12/site-packages/airflow/example_dags/example_trigger_target_dag.py
[2025-08-09T18:28:44.565+0000] {logging_mixin.py:188} INFO - [2025-08-09T18:28:44.565+0000] {dag.py:3096} INFO - Sync 1 DAGs
[2025-08-09T18:28:44.585+0000] {logging_mixin.py:188} INFO - [2025-08-09T18:28:44.585+0000] {dag.py:3954} INFO - Setting next_dagrun for example_trigger_target_dag to None, run_after=None
[2025-08-09T18:28:44.614+0000] {processor.py:183} INFO - Processing /home/airflow/.local/lib/python3.12/site-packages/airflow/example_dags/example_trigger_target_dag.py took 0.113 seconds
[2025-08-09T18:29:14.847+0000] {processor.py:161} INFO - Started process (PID=307) to work on /home/airflow/.local/lib/python3.12/site-packages/airflow/example_dags/example_trigger_target_dag.py
[2025-08-09T18:29:14.860+0000] {processor.py:830} INFO - Processing file /home/airflow/.local/lib/python3.12/site-packages/airflow/example_dags/example_trigger_target_dag.py for tasks to queue
[2025-08-09T18:29:14.863+0000] {logging_mixin.py:188} INFO - [2025-08-09T18:29:14.862+0000] {dagbag.py:540} INFO - Filling up the DagBag from /home/airflow/.local/lib/python3.12/site-packages/airflow/example_dags/example_trigger_target_dag.py
[2025-08-09T18:29:14.875+0000] {processor.py:840} INFO - DAG(s) 'example_trigger_target_dag' retrieved from /home/airflow/.local/lib/python3.12/site-packages/airflow/example_dags/example_trigger_target_dag.py
[2025-08-09T18:29:14.898+0000] {logging_mixin.py:188} INFO - [2025-08-09T18:29:14.897+0000] {dag.py:3096} INFO - Sync 1 DAGs
[2025-08-09T18:29:14.914+0000] {logging_mixin.py:188} INFO - [2025-08-09T18:29:14.913+0000] {dag.py:3954} INFO - Setting next_dagrun for example_trigger_target_dag to None, run_after=None
[2025-08-09T18:29:14.959+0000] {processor.py:183} INFO - Processing /home/airflow/.local/lib/python3.12/site-packages/airflow/example_dags/example_trigger_target_dag.py took 0.123 seconds
[2025-08-09T18:29:45.549+0000] {processor.py:161} INFO - Started process (PID=366) to work on /home/airflow/.local/lib/python3.12/site-packages/airflow/example_dags/example_trigger_target_dag.py
[2025-08-09T18:29:45.562+0000] {processor.py:830} INFO - Processing file /home/airflow/.local/lib/python3.12/site-packages/airflow/example_dags/example_trigger_target_dag.py for tasks to queue
[2025-08-09T18:29:45.572+0000] {logging_mixin.py:188} INFO - [2025-08-09T18:29:45.571+0000] {dagbag.py:540} INFO - Filling up the DagBag from /home/airflow/.local/lib/python3.12/site-packages/airflow/example_dags/example_trigger_target_dag.py
[2025-08-09T18:29:45.608+0000] {processor.py:840} INFO - DAG(s) 'example_trigger_target_dag' retrieved from /home/airflow/.local/lib/python3.12/site-packages/airflow/example_dags/example_trigger_target_dag.py
[2025-08-09T18:29:45.711+0000] {logging_mixin.py:188} INFO - [2025-08-09T18:29:45.710+0000] {dag.py:3096} INFO - Sync 1 DAGs
[2025-08-09T18:29:45.795+0000] {logging_mixin.py:188} INFO - [2025-08-09T18:29:45.794+0000] {dag.py:3954} INFO - Setting next_dagrun for example_trigger_target_dag to None, run_after=None
[2025-08-09T18:29:45.936+0000] {processor.py:183} INFO - Processing /home/airflow/.local/lib/python3.12/site-packages/airflow/example_dags/example_trigger_target_dag.py took 0.408 seconds
[2025-08-09T18:30:16.413+0000] {processor.py:161} INFO - Started process (PID=426) to work on /home/airflow/.local/lib/python3.12/site-packages/airflow/example_dags/example_trigger_target_dag.py
[2025-08-09T18:30:16.414+0000] {processor.py:830} INFO - Processing file /home/airflow/.local/lib/python3.12/site-packages/airflow/example_dags/example_trigger_target_dag.py for tasks to queue
[2025-08-09T18:30:16.418+0000] {logging_mixin.py:188} INFO - [2025-08-09T18:30:16.417+0000] {dagbag.py:540} INFO - Filling up the DagBag from /home/airflow/.local/lib/python3.12/site-packages/airflow/example_dags/example_trigger_target_dag.py
[2025-08-09T18:30:16.431+0000] {processor.py:840} INFO - DAG(s) 'example_trigger_target_dag' retrieved from /home/airflow/.local/lib/python3.12/site-packages/airflow/example_dags/example_trigger_target_dag.py
[2025-08-09T18:30:16.472+0000] {logging_mixin.py:188} INFO - [2025-08-09T18:30:16.471+0000] {dag.py:3096} INFO - Sync 1 DAGs
[2025-08-09T18:30:16.502+0000] {logging_mixin.py:188} INFO - [2025-08-09T18:30:16.502+0000] {dag.py:3954} INFO - Setting next_dagrun for example_trigger_target_dag to None, run_after=None
[2025-08-09T18:30:16.549+0000] {processor.py:183} INFO - Processing /home/airflow/.local/lib/python3.12/site-packages/airflow/example_dags/example_trigger_target_dag.py took 0.145 seconds
[2025-08-09T18:30:47.341+0000] {processor.py:161} INFO - Started process (PID=485) to work on /home/airflow/.local/lib/python3.12/site-packages/airflow/example_dags/example_trigger_target_dag.py
[2025-08-09T18:30:47.349+0000] {processor.py:830} INFO - Processing file /home/airflow/.local/lib/python3.12/site-packages/airflow/example_dags/example_trigger_target_dag.py for tasks to queue
[2025-08-09T18:30:47.354+0000] {logging_mixin.py:188} INFO - [2025-08-09T18:30:47.353+0000] {dagbag.py:540} INFO - Filling up the DagBag from /home/airflow/.local/lib/python3.12/site-packages/airflow/example_dags/example_trigger_target_dag.py
[2025-08-09T18:30:47.370+0000] {processor.py:840} INFO - DAG(s) 'example_trigger_target_dag' retrieved from /home/airflow/.local/lib/python3.12/site-packages/airflow/example_dags/example_trigger_target_dag.py
[2025-08-09T18:30:47.407+0000] {logging_mixin.py:188} INFO - [2025-08-09T18:30:47.406+0000] {dag.py:3096} INFO - Sync 1 DAGs
[2025-08-09T18:30:47.450+0000] {logging_mixin.py:188} INFO - [2025-08-09T18:30:47.449+0000] {dag.py:3954} INFO - Setting next_dagrun for example_trigger_target_dag to None, run_after=None
[2025-08-09T18:30:47.491+0000] {processor.py:183} INFO - Processing /home/airflow/.local/lib/python3.12/site-packages/airflow/example_dags/example_trigger_target_dag.py took 0.169 seconds
[2025-08-09T18:31:17.554+0000] {processor.py:161} INFO - Started process (PID=544) to work on /home/airflow/.local/lib/python3.12/site-packages/airflow/example_dags/example_trigger_target_dag.py
[2025-08-09T18:31:17.556+0000] {processor.py:830} INFO - Processing file /home/airflow/.local/lib/python3.12/site-packages/airflow/example_dags/example_trigger_target_dag.py for tasks to queue
[2025-08-09T18:31:17.559+0000] {logging_mixin.py:188} INFO - [2025-08-09T18:31:17.559+0000] {dagbag.py:540} INFO - Filling up the DagBag from /home/airflow/.local/lib/python3.12/site-packages/airflow/example_dags/example_trigger_target_dag.py
[2025-08-09T18:31:17.569+0000] {processor.py:840} INFO - DAG(s) 'example_trigger_target_dag' retrieved from /home/airflow/.local/lib/python3.12/site-packages/airflow/example_dags/example_trigger_target_dag.py
[2025-08-09T18:31:17.596+0000] {logging_mixin.py:188} INFO - [2025-08-09T18:31:17.596+0000] {dag.py:3096} INFO - Sync 1 DAGs
[2025-08-09T18:31:17.614+0000] {logging_mixin.py:188} INFO - [2025-08-09T18:31:17.613+0000] {dag.py:3954} INFO - Setting next_dagrun for example_trigger_target_dag to None, run_after=None
[2025-08-09T18:31:17.638+0000] {processor.py:183} INFO - Processing /home/airflow/.local/lib/python3.12/site-packages/airflow/example_dags/example_trigger_target_dag.py took 0.093 seconds
[2025-08-09T18:31:48.568+0000] {processor.py:161} INFO - Started process (PID=601) to work on /home/airflow/.local/lib/python3.12/site-packages/airflow/example_dags/example_trigger_target_dag.py
[2025-08-09T18:31:48.571+0000] {processor.py:830} INFO - Processing file /home/airflow/.local/lib/python3.12/site-packages/airflow/example_dags/example_trigger_target_dag.py for tasks to queue
[2025-08-09T18:31:48.579+0000] {logging_mixin.py:188} INFO - [2025-08-09T18:31:48.578+0000] {dagbag.py:540} INFO - Filling up the DagBag from /home/airflow/.local/lib/python3.12/site-packages/airflow/example_dags/example_trigger_target_dag.py
[2025-08-09T18:31:48.598+0000] {processor.py:840} INFO - DAG(s) 'example_trigger_target_dag' retrieved from /home/airflow/.local/lib/python3.12/site-packages/airflow/example_dags/example_trigger_target_dag.py
[2025-08-09T18:31:48.664+0000] {logging_mixin.py:188} INFO - [2025-08-09T18:31:48.664+0000] {dag.py:3096} INFO - Sync 1 DAGs
[2025-08-09T18:31:48.698+0000] {logging_mixin.py:188} INFO - [2025-08-09T18:31:48.697+0000] {dag.py:3954} INFO - Setting next_dagrun for example_trigger_target_dag to None, run_after=None
[2025-08-09T18:31:48.747+0000] {processor.py:183} INFO - Processing /home/airflow/.local/lib/python3.12/site-packages/airflow/example_dags/example_trigger_target_dag.py took 0.197 seconds
[2025-08-09T18:32:18.867+0000] {processor.py:161} INFO - Started process (PID=661) to work on /home/airflow/.local/lib/python3.12/site-packages/airflow/example_dags/example_trigger_target_dag.py
[2025-08-09T18:32:18.869+0000] {processor.py:830} INFO - Processing file /home/airflow/.local/lib/python3.12/site-packages/airflow/example_dags/example_trigger_target_dag.py for tasks to queue
[2025-08-09T18:32:18.871+0000] {logging_mixin.py:188} INFO - [2025-08-09T18:32:18.871+0000] {dagbag.py:540} INFO - Filling up the DagBag from /home/airflow/.local/lib/python3.12/site-packages/airflow/example_dags/example_trigger_target_dag.py
[2025-08-09T18:32:18.878+0000] {processor.py:840} INFO - DAG(s) 'example_trigger_target_dag' retrieved from /home/airflow/.local/lib/python3.12/site-packages/airflow/example_dags/example_trigger_target_dag.py
[2025-08-09T18:32:18.903+0000] {logging_mixin.py:188} INFO - [2025-08-09T18:32:18.903+0000] {dag.py:3096} INFO - Sync 1 DAGs
[2025-08-09T18:32:18.922+0000] {logging_mixin.py:188} INFO - [2025-08-09T18:32:18.921+0000] {dag.py:3954} INFO - Setting next_dagrun for example_trigger_target_dag to None, run_after=None
[2025-08-09T18:32:18.960+0000] {processor.py:183} INFO - Processing /home/airflow/.local/lib/python3.12/site-packages/airflow/example_dags/example_trigger_target_dag.py took 0.100 seconds
[2025-08-09T18:32:49.337+0000] {processor.py:161} INFO - Started process (PID=720) to work on /home/airflow/.local/lib/python3.12/site-packages/airflow/example_dags/example_trigger_target_dag.py
[2025-08-09T18:32:49.338+0000] {processor.py:830} INFO - Processing file /home/airflow/.local/lib/python3.12/site-packages/airflow/example_dags/example_trigger_target_dag.py for tasks to queue
[2025-08-09T18:32:49.341+0000] {logging_mixin.py:188} INFO - [2025-08-09T18:32:49.341+0000] {dagbag.py:540} INFO - Filling up the DagBag from /home/airflow/.local/lib/python3.12/site-packages/airflow/example_dags/example_trigger_target_dag.py
[2025-08-09T18:32:49.348+0000] {processor.py:840} INFO - DAG(s) 'example_trigger_target_dag' retrieved from /home/airflow/.local/lib/python3.12/site-packages/airflow/example_dags/example_trigger_target_dag.py
[2025-08-09T18:32:49.373+0000] {logging_mixin.py:188} INFO - [2025-08-09T18:32:49.373+0000] {dag.py:3096} INFO - Sync 1 DAGs
[2025-08-09T18:32:49.395+0000] {logging_mixin.py:188} INFO - [2025-08-09T18:32:49.395+0000] {dag.py:3954} INFO - Setting next_dagrun for example_trigger_target_dag to None, run_after=None
[2025-08-09T18:32:49.429+0000] {processor.py:183} INFO - Processing /home/airflow/.local/lib/python3.12/site-packages/airflow/example_dags/example_trigger_target_dag.py took 0.100 seconds
[2025-08-09T18:33:20.248+0000] {processor.py:161} INFO - Started process (PID=779) to work on /home/airflow/.local/lib/python3.12/site-packages/airflow/example_dags/example_trigger_target_dag.py
[2025-08-09T18:33:20.249+0000] {processor.py:830} INFO - Processing file /home/airflow/.local/lib/python3.12/site-packages/airflow/example_dags/example_trigger_target_dag.py for tasks to queue
[2025-08-09T18:33:20.252+0000] {logging_mixin.py:188} INFO - [2025-08-09T18:33:20.252+0000] {dagbag.py:540} INFO - Filling up the DagBag from /home/airflow/.local/lib/python3.12/site-packages/airflow/example_dags/example_trigger_target_dag.py
[2025-08-09T18:33:20.259+0000] {processor.py:840} INFO - DAG(s) 'example_trigger_target_dag' retrieved from /home/airflow/.local/lib/python3.12/site-packages/airflow/example_dags/example_trigger_target_dag.py
[2025-08-09T18:33:20.288+0000] {logging_mixin.py:188} INFO - [2025-08-09T18:33:20.288+0000] {dag.py:3096} INFO - Sync 1 DAGs
[2025-08-09T18:33:20.305+0000] {logging_mixin.py:188} INFO - [2025-08-09T18:33:20.305+0000] {dag.py:3954} INFO - Setting next_dagrun for example_trigger_target_dag to None, run_after=None
[2025-08-09T18:33:20.329+0000] {processor.py:183} INFO - Processing /home/airflow/.local/lib/python3.12/site-packages/airflow/example_dags/example_trigger_target_dag.py took 0.088 seconds
[2025-08-09T18:33:50.893+0000] {processor.py:161} INFO - Started process (PID=839) to work on /home/airflow/.local/lib/python3.12/site-packages/airflow/example_dags/example_trigger_target_dag.py
[2025-08-09T18:33:50.894+0000] {processor.py:830} INFO - Processing file /home/airflow/.local/lib/python3.12/site-packages/airflow/example_dags/example_trigger_target_dag.py for tasks to queue
[2025-08-09T18:33:50.897+0000] {logging_mixin.py:188} INFO - [2025-08-09T18:33:50.897+0000] {dagbag.py:540} INFO - Filling up the DagBag from /home/airflow/.local/lib/python3.12/site-packages/airflow/example_dags/example_trigger_target_dag.py
[2025-08-09T18:33:50.904+0000] {processor.py:840} INFO - DAG(s) 'example_trigger_target_dag' retrieved from /home/airflow/.local/lib/python3.12/site-packages/airflow/example_dags/example_trigger_target_dag.py
[2025-08-09T18:33:50.928+0000] {logging_mixin.py:188} INFO - [2025-08-09T18:33:50.928+0000] {dag.py:3096} INFO - Sync 1 DAGs
[2025-08-09T18:33:50.943+0000] {logging_mixin.py:188} INFO - [2025-08-09T18:33:50.943+0000] {dag.py:3954} INFO - Setting next_dagrun for example_trigger_target_dag to None, run_after=None
[2025-08-09T18:33:50.967+0000] {processor.py:183} INFO - Processing /home/airflow/.local/lib/python3.12/site-packages/airflow/example_dags/example_trigger_target_dag.py took 0.081 seconds
[2025-08-09T18:34:21.661+0000] {processor.py:161} INFO - Started process (PID=898) to work on /home/airflow/.local/lib/python3.12/site-packages/airflow/example_dags/example_trigger_target_dag.py
[2025-08-09T18:34:21.662+0000] {processor.py:830} INFO - Processing file /home/airflow/.local/lib/python3.12/site-packages/airflow/example_dags/example_trigger_target_dag.py for tasks to queue
[2025-08-09T18:34:21.666+0000] {logging_mixin.py:188} INFO - [2025-08-09T18:34:21.665+0000] {dagbag.py:540} INFO - Filling up the DagBag from /home/airflow/.local/lib/python3.12/site-packages/airflow/example_dags/example_trigger_target_dag.py
[2025-08-09T18:34:21.672+0000] {processor.py:840} INFO - DAG(s) 'example_trigger_target_dag' retrieved from /home/airflow/.local/lib/python3.12/site-packages/airflow/example_dags/example_trigger_target_dag.py
[2025-08-09T18:34:21.695+0000] {logging_mixin.py:188} INFO - [2025-08-09T18:34:21.694+0000] {dag.py:3096} INFO - Sync 1 DAGs
[2025-08-09T18:34:21.710+0000] {logging_mixin.py:188} INFO - [2025-08-09T18:34:21.710+0000] {dag.py:3954} INFO - Setting next_dagrun for example_trigger_target_dag to None, run_after=None
[2025-08-09T18:34:21.734+0000] {processor.py:183} INFO - Processing /home/airflow/.local/lib/python3.12/site-packages/airflow/example_dags/example_trigger_target_dag.py took 0.081 seconds
[2025-08-09T18:34:52.111+0000] {processor.py:161} INFO - Started process (PID=957) to work on /home/airflow/.local/lib/python3.12/site-packages/airflow/example_dags/example_trigger_target_dag.py
[2025-08-09T18:34:52.113+0000] {processor.py:830} INFO - Processing file /home/airflow/.local/lib/python3.12/site-packages/airflow/example_dags/example_trigger_target_dag.py for tasks to queue
[2025-08-09T18:34:52.116+0000] {logging_mixin.py:188} INFO - [2025-08-09T18:34:52.115+0000] {dagbag.py:540} INFO - Filling up the DagBag from /home/airflow/.local/lib/python3.12/site-packages/airflow/example_dags/example_trigger_target_dag.py
[2025-08-09T18:34:52.130+0000] {processor.py:840} INFO - DAG(s) 'example_trigger_target_dag' retrieved from /home/airflow/.local/lib/python3.12/site-packages/airflow/example_dags/example_trigger_target_dag.py
[2025-08-09T18:34:52.168+0000] {logging_mixin.py:188} INFO - [2025-08-09T18:34:52.168+0000] {dag.py:3096} INFO - Sync 1 DAGs
[2025-08-09T18:34:52.195+0000] {logging_mixin.py:188} INFO - [2025-08-09T18:34:52.195+0000] {dag.py:3954} INFO - Setting next_dagrun for example_trigger_target_dag to None, run_after=None
[2025-08-09T18:34:52.236+0000] {processor.py:183} INFO - Processing /home/airflow/.local/lib/python3.12/site-packages/airflow/example_dags/example_trigger_target_dag.py took 0.135 seconds
[2025-08-09T18:35:22.715+0000] {processor.py:161} INFO - Started process (PID=1016) to work on /home/airflow/.local/lib/python3.12/site-packages/airflow/example_dags/example_trigger_target_dag.py
[2025-08-09T18:35:22.716+0000] {processor.py:830} INFO - Processing file /home/airflow/.local/lib/python3.12/site-packages/airflow/example_dags/example_trigger_target_dag.py for tasks to queue
[2025-08-09T18:35:22.718+0000] {logging_mixin.py:188} INFO - [2025-08-09T18:35:22.718+0000] {dagbag.py:540} INFO - Filling up the DagBag from /home/airflow/.local/lib/python3.12/site-packages/airflow/example_dags/example_trigger_target_dag.py
[2025-08-09T18:35:22.725+0000] {processor.py:840} INFO - DAG(s) 'example_trigger_target_dag' retrieved from /home/airflow/.local/lib/python3.12/site-packages/airflow/example_dags/example_trigger_target_dag.py
[2025-08-09T18:35:22.748+0000] {logging_mixin.py:188} INFO - [2025-08-09T18:35:22.748+0000] {dag.py:3096} INFO - Sync 1 DAGs
[2025-08-09T18:35:22.927+0000] {logging_mixin.py:188} INFO - [2025-08-09T18:35:22.927+0000] {dag.py:3954} INFO - Setting next_dagrun for example_trigger_target_dag to None, run_after=None
[2025-08-09T18:35:22.963+0000] {processor.py:183} INFO - Processing /home/airflow/.local/lib/python3.12/site-packages/airflow/example_dags/example_trigger_target_dag.py took 0.255 seconds
[2025-08-09T18:35:53.209+0000] {processor.py:161} INFO - Started process (PID=1075) to work on /home/airflow/.local/lib/python3.12/site-packages/airflow/example_dags/example_trigger_target_dag.py
[2025-08-09T18:35:53.213+0000] {processor.py:830} INFO - Processing file /home/airflow/.local/lib/python3.12/site-packages/airflow/example_dags/example_trigger_target_dag.py for tasks to queue
[2025-08-09T18:35:53.223+0000] {logging_mixin.py:188} INFO - [2025-08-09T18:35:53.222+0000] {dagbag.py:540} INFO - Filling up the DagBag from /home/airflow/.local/lib/python3.12/site-packages/airflow/example_dags/example_trigger_target_dag.py
[2025-08-09T18:35:53.233+0000] {processor.py:840} INFO - DAG(s) 'example_trigger_target_dag' retrieved from /home/airflow/.local/lib/python3.12/site-packages/airflow/example_dags/example_trigger_target_dag.py
[2025-08-09T18:35:53.265+0000] {logging_mixin.py:188} INFO - [2025-08-09T18:35:53.265+0000] {dag.py:3096} INFO - Sync 1 DAGs
[2025-08-09T18:35:53.283+0000] {logging_mixin.py:188} INFO - [2025-08-09T18:35:53.283+0000] {dag.py:3954} INFO - Setting next_dagrun for example_trigger_target_dag to None, run_after=None
[2025-08-09T18:35:53.319+0000] {processor.py:183} INFO - Processing /home/airflow/.local/lib/python3.12/site-packages/airflow/example_dags/example_trigger_target_dag.py took 0.152 seconds
[2025-08-09T18:36:23.681+0000] {processor.py:161} INFO - Started process (PID=1134) to work on /home/airflow/.local/lib/python3.12/site-packages/airflow/example_dags/example_trigger_target_dag.py
[2025-08-09T18:36:23.682+0000] {processor.py:830} INFO - Processing file /home/airflow/.local/lib/python3.12/site-packages/airflow/example_dags/example_trigger_target_dag.py for tasks to queue
[2025-08-09T18:36:23.685+0000] {logging_mixin.py:188} INFO - [2025-08-09T18:36:23.685+0000] {dagbag.py:540} INFO - Filling up the DagBag from /home/airflow/.local/lib/python3.12/site-packages/airflow/example_dags/example_trigger_target_dag.py
[2025-08-09T18:36:23.692+0000] {processor.py:840} INFO - DAG(s) 'example_trigger_target_dag' retrieved from /home/airflow/.local/lib/python3.12/site-packages/airflow/example_dags/example_trigger_target_dag.py
[2025-08-09T18:36:23.715+0000] {logging_mixin.py:188} INFO - [2025-08-09T18:36:23.714+0000] {dag.py:3096} INFO - Sync 1 DAGs
[2025-08-09T18:36:23.730+0000] {logging_mixin.py:188} INFO - [2025-08-09T18:36:23.729+0000] {dag.py:3954} INFO - Setting next_dagrun for example_trigger_target_dag to None, run_after=None
[2025-08-09T18:36:23.755+0000] {processor.py:183} INFO - Processing /home/airflow/.local/lib/python3.12/site-packages/airflow/example_dags/example_trigger_target_dag.py took 0.083 seconds
[2025-08-09T18:36:54.074+0000] {processor.py:161} INFO - Started process (PID=1193) to work on /home/airflow/.local/lib/python3.12/site-packages/airflow/example_dags/example_trigger_target_dag.py
[2025-08-09T18:36:54.076+0000] {processor.py:830} INFO - Processing file /home/airflow/.local/lib/python3.12/site-packages/airflow/example_dags/example_trigger_target_dag.py for tasks to queue
[2025-08-09T18:36:54.079+0000] {logging_mixin.py:188} INFO - [2025-08-09T18:36:54.079+0000] {dagbag.py:540} INFO - Filling up the DagBag from /home/airflow/.local/lib/python3.12/site-packages/airflow/example_dags/example_trigger_target_dag.py
[2025-08-09T18:36:54.086+0000] {processor.py:840} INFO - DAG(s) 'example_trigger_target_dag' retrieved from /home/airflow/.local/lib/python3.12/site-packages/airflow/example_dags/example_trigger_target_dag.py
[2025-08-09T18:36:54.118+0000] {logging_mixin.py:188} INFO - [2025-08-09T18:36:54.117+0000] {dag.py:3096} INFO - Sync 1 DAGs
[2025-08-09T18:36:54.139+0000] {logging_mixin.py:188} INFO - [2025-08-09T18:36:54.139+0000] {dag.py:3954} INFO - Setting next_dagrun for example_trigger_target_dag to None, run_after=None
[2025-08-09T18:36:54.192+0000] {processor.py:183} INFO - Processing /home/airflow/.local/lib/python3.12/site-packages/airflow/example_dags/example_trigger_target_dag.py took 0.125 seconds
[2025-08-09T18:37:24.730+0000] {processor.py:161} INFO - Started process (PID=1252) to work on /home/airflow/.local/lib/python3.12/site-packages/airflow/example_dags/example_trigger_target_dag.py
[2025-08-09T18:37:24.732+0000] {processor.py:830} INFO - Processing file /home/airflow/.local/lib/python3.12/site-packages/airflow/example_dags/example_trigger_target_dag.py for tasks to queue
[2025-08-09T18:37:24.736+0000] {logging_mixin.py:188} INFO - [2025-08-09T18:37:24.736+0000] {dagbag.py:540} INFO - Filling up the DagBag from /home/airflow/.local/lib/python3.12/site-packages/airflow/example_dags/example_trigger_target_dag.py
[2025-08-09T18:37:24.749+0000] {processor.py:840} INFO - DAG(s) 'example_trigger_target_dag' retrieved from /home/airflow/.local/lib/python3.12/site-packages/airflow/example_dags/example_trigger_target_dag.py
[2025-08-09T18:37:24.780+0000] {logging_mixin.py:188} INFO - [2025-08-09T18:37:24.780+0000] {dag.py:3096} INFO - Sync 1 DAGs
[2025-08-09T18:37:24.802+0000] {logging_mixin.py:188} INFO - [2025-08-09T18:37:24.802+0000] {dag.py:3954} INFO - Setting next_dagrun for example_trigger_target_dag to None, run_after=None
[2025-08-09T18:37:24.833+0000] {processor.py:183} INFO - Processing /home/airflow/.local/lib/python3.12/site-packages/airflow/example_dags/example_trigger_target_dag.py took 0.118 seconds
[2025-08-09T18:37:54.941+0000] {processor.py:161} INFO - Started process (PID=1311) to work on /home/airflow/.local/lib/python3.12/site-packages/airflow/example_dags/example_trigger_target_dag.py
[2025-08-09T18:37:54.942+0000] {processor.py:830} INFO - Processing file /home/airflow/.local/lib/python3.12/site-packages/airflow/example_dags/example_trigger_target_dag.py for tasks to queue
[2025-08-09T18:37:54.945+0000] {logging_mixin.py:188} INFO - [2025-08-09T18:37:54.945+0000] {dagbag.py:540} INFO - Filling up the DagBag from /home/airflow/.local/lib/python3.12/site-packages/airflow/example_dags/example_trigger_target_dag.py
[2025-08-09T18:37:54.952+0000] {processor.py:840} INFO - DAG(s) 'example_trigger_target_dag' retrieved from /home/airflow/.local/lib/python3.12/site-packages/airflow/example_dags/example_trigger_target_dag.py
[2025-08-09T18:37:54.975+0000] {logging_mixin.py:188} INFO - [2025-08-09T18:37:54.975+0000] {dag.py:3096} INFO - Sync 1 DAGs
[2025-08-09T18:37:54.999+0000] {logging_mixin.py:188} INFO - [2025-08-09T18:37:54.999+0000] {dag.py:3954} INFO - Setting next_dagrun for example_trigger_target_dag to None, run_after=None
[2025-08-09T18:37:55.031+0000] {processor.py:183} INFO - Processing /home/airflow/.local/lib/python3.12/site-packages/airflow/example_dags/example_trigger_target_dag.py took 0.098 seconds
[2025-08-09T18:38:25.378+0000] {processor.py:161} INFO - Started process (PID=1370) to work on /home/airflow/.local/lib/python3.12/site-packages/airflow/example_dags/example_trigger_target_dag.py
[2025-08-09T18:38:25.379+0000] {processor.py:830} INFO - Processing file /home/airflow/.local/lib/python3.12/site-packages/airflow/example_dags/example_trigger_target_dag.py for tasks to queue
[2025-08-09T18:38:25.383+0000] {logging_mixin.py:188} INFO - [2025-08-09T18:38:25.382+0000] {dagbag.py:540} INFO - Filling up the DagBag from /home/airflow/.local/lib/python3.12/site-packages/airflow/example_dags/example_trigger_target_dag.py
[2025-08-09T18:38:25.392+0000] {processor.py:840} INFO - DAG(s) 'example_trigger_target_dag' retrieved from /home/airflow/.local/lib/python3.12/site-packages/airflow/example_dags/example_trigger_target_dag.py
[2025-08-09T18:38:25.422+0000] {logging_mixin.py:188} INFO - [2025-08-09T18:38:25.422+0000] {dag.py:3096} INFO - Sync 1 DAGs
[2025-08-09T18:38:25.440+0000] {logging_mixin.py:188} INFO - [2025-08-09T18:38:25.440+0000] {dag.py:3954} INFO - Setting next_dagrun for example_trigger_target_dag to None, run_after=None
[2025-08-09T18:38:25.465+0000] {processor.py:183} INFO - Processing /home/airflow/.local/lib/python3.12/site-packages/airflow/example_dags/example_trigger_target_dag.py took 0.098 seconds
[2025-08-09T18:38:56.119+0000] {processor.py:161} INFO - Started process (PID=1429) to work on /home/airflow/.local/lib/python3.12/site-packages/airflow/example_dags/example_trigger_target_dag.py
[2025-08-09T18:38:56.121+0000] {processor.py:830} INFO - Processing file /home/airflow/.local/lib/python3.12/site-packages/airflow/example_dags/example_trigger_target_dag.py for tasks to queue
[2025-08-09T18:38:56.125+0000] {logging_mixin.py:188} INFO - [2025-08-09T18:38:56.125+0000] {dagbag.py:540} INFO - Filling up the DagBag from /home/airflow/.local/lib/python3.12/site-packages/airflow/example_dags/example_trigger_target_dag.py
[2025-08-09T18:38:56.137+0000] {processor.py:840} INFO - DAG(s) 'example_trigger_target_dag' retrieved from /home/airflow/.local/lib/python3.12/site-packages/airflow/example_dags/example_trigger_target_dag.py
[2025-08-09T18:38:56.167+0000] {logging_mixin.py:188} INFO - [2025-08-09T18:38:56.167+0000] {dag.py:3096} INFO - Sync 1 DAGs
[2025-08-09T18:38:56.185+0000] {logging_mixin.py:188} INFO - [2025-08-09T18:38:56.185+0000] {dag.py:3954} INFO - Setting next_dagrun for example_trigger_target_dag to None, run_after=None
[2025-08-09T18:38:56.259+0000] {processor.py:183} INFO - Processing /home/airflow/.local/lib/python3.12/site-packages/airflow/example_dags/example_trigger_target_dag.py took 0.151 seconds
[2025-08-09T18:39:26.865+0000] {processor.py:161} INFO - Started process (PID=1488) to work on /home/airflow/.local/lib/python3.12/site-packages/airflow/example_dags/example_trigger_target_dag.py
[2025-08-09T18:39:26.867+0000] {processor.py:830} INFO - Processing file /home/airflow/.local/lib/python3.12/site-packages/airflow/example_dags/example_trigger_target_dag.py for tasks to queue
[2025-08-09T18:39:26.870+0000] {logging_mixin.py:188} INFO - [2025-08-09T18:39:26.870+0000] {dagbag.py:540} INFO - Filling up the DagBag from /home/airflow/.local/lib/python3.12/site-packages/airflow/example_dags/example_trigger_target_dag.py
[2025-08-09T18:39:26.876+0000] {processor.py:840} INFO - DAG(s) 'example_trigger_target_dag' retrieved from /home/airflow/.local/lib/python3.12/site-packages/airflow/example_dags/example_trigger_target_dag.py
[2025-08-09T18:39:26.898+0000] {logging_mixin.py:188} INFO - [2025-08-09T18:39:26.898+0000] {dag.py:3096} INFO - Sync 1 DAGs
[2025-08-09T18:39:26.913+0000] {logging_mixin.py:188} INFO - [2025-08-09T18:39:26.913+0000] {dag.py:3954} INFO - Setting next_dagrun for example_trigger_target_dag to None, run_after=None
[2025-08-09T18:39:26.951+0000] {processor.py:183} INFO - Processing /home/airflow/.local/lib/python3.12/site-packages/airflow/example_dags/example_trigger_target_dag.py took 0.093 seconds
[2025-08-09T18:39:57.678+0000] {processor.py:161} INFO - Started process (PID=1547) to work on /home/airflow/.local/lib/python3.12/site-packages/airflow/example_dags/example_trigger_target_dag.py
[2025-08-09T18:39:57.680+0000] {processor.py:830} INFO - Processing file /home/airflow/.local/lib/python3.12/site-packages/airflow/example_dags/example_trigger_target_dag.py for tasks to queue
[2025-08-09T18:39:57.685+0000] {logging_mixin.py:188} INFO - [2025-08-09T18:39:57.685+0000] {dagbag.py:540} INFO - Filling up the DagBag from /home/airflow/.local/lib/python3.12/site-packages/airflow/example_dags/example_trigger_target_dag.py
[2025-08-09T18:39:57.695+0000] {processor.py:840} INFO - DAG(s) 'example_trigger_target_dag' retrieved from /home/airflow/.local/lib/python3.12/site-packages/airflow/example_dags/example_trigger_target_dag.py
[2025-08-09T18:39:57.735+0000] {logging_mixin.py:188} INFO - [2025-08-09T18:39:57.735+0000] {dag.py:3096} INFO - Sync 1 DAGs
[2025-08-09T18:39:57.765+0000] {logging_mixin.py:188} INFO - [2025-08-09T18:39:57.765+0000] {dag.py:3954} INFO - Setting next_dagrun for example_trigger_target_dag to None, run_after=None
[2025-08-09T18:39:57.806+0000] {processor.py:183} INFO - Processing /home/airflow/.local/lib/python3.12/site-packages/airflow/example_dags/example_trigger_target_dag.py took 0.137 seconds
[2025-08-09T18:40:28.070+0000] {processor.py:161} INFO - Started process (PID=1606) to work on /home/airflow/.local/lib/python3.12/site-packages/airflow/example_dags/example_trigger_target_dag.py
[2025-08-09T18:40:28.071+0000] {processor.py:830} INFO - Processing file /home/airflow/.local/lib/python3.12/site-packages/airflow/example_dags/example_trigger_target_dag.py for tasks to queue
[2025-08-09T18:40:28.077+0000] {logging_mixin.py:188} INFO - [2025-08-09T18:40:28.076+0000] {dagbag.py:540} INFO - Filling up the DagBag from /home/airflow/.local/lib/python3.12/site-packages/airflow/example_dags/example_trigger_target_dag.py
[2025-08-09T18:40:28.092+0000] {processor.py:840} INFO - DAG(s) 'example_trigger_target_dag' retrieved from /home/airflow/.local/lib/python3.12/site-packages/airflow/example_dags/example_trigger_target_dag.py
[2025-08-09T18:40:28.131+0000] {logging_mixin.py:188} INFO - [2025-08-09T18:40:28.131+0000] {dag.py:3096} INFO - Sync 1 DAGs
[2025-08-09T18:40:28.155+0000] {logging_mixin.py:188} INFO - [2025-08-09T18:40:28.154+0000] {dag.py:3954} INFO - Setting next_dagrun for example_trigger_target_dag to None, run_after=None
[2025-08-09T18:40:28.185+0000] {processor.py:183} INFO - Processing /home/airflow/.local/lib/python3.12/site-packages/airflow/example_dags/example_trigger_target_dag.py took 0.129 seconds
[2025-08-09T18:40:58.998+0000] {processor.py:161} INFO - Started process (PID=1665) to work on /home/airflow/.local/lib/python3.12/site-packages/airflow/example_dags/example_trigger_target_dag.py
[2025-08-09T18:40:58.999+0000] {processor.py:830} INFO - Processing file /home/airflow/.local/lib/python3.12/site-packages/airflow/example_dags/example_trigger_target_dag.py for tasks to queue
[2025-08-09T18:40:59.004+0000] {logging_mixin.py:188} INFO - [2025-08-09T18:40:59.003+0000] {dagbag.py:540} INFO - Filling up the DagBag from /home/airflow/.local/lib/python3.12/site-packages/airflow/example_dags/example_trigger_target_dag.py
[2025-08-09T18:40:59.014+0000] {processor.py:840} INFO - DAG(s) 'example_trigger_target_dag' retrieved from /home/airflow/.local/lib/python3.12/site-packages/airflow/example_dags/example_trigger_target_dag.py
[2025-08-09T18:40:59.062+0000] {logging_mixin.py:188} INFO - [2025-08-09T18:40:59.061+0000] {dag.py:3096} INFO - Sync 1 DAGs
[2025-08-09T18:40:59.101+0000] {logging_mixin.py:188} INFO - [2025-08-09T18:40:59.101+0000] {dag.py:3954} INFO - Setting next_dagrun for example_trigger_target_dag to None, run_after=None
[2025-08-09T18:40:59.141+0000] {processor.py:183} INFO - Processing /home/airflow/.local/lib/python3.12/site-packages/airflow/example_dags/example_trigger_target_dag.py took 0.152 seconds
[2025-08-09T18:41:29.281+0000] {processor.py:161} INFO - Started process (PID=1725) to work on /home/airflow/.local/lib/python3.12/site-packages/airflow/example_dags/example_trigger_target_dag.py
[2025-08-09T18:41:29.282+0000] {processor.py:830} INFO - Processing file /home/airflow/.local/lib/python3.12/site-packages/airflow/example_dags/example_trigger_target_dag.py for tasks to queue
[2025-08-09T18:41:29.285+0000] {logging_mixin.py:188} INFO - [2025-08-09T18:41:29.285+0000] {dagbag.py:540} INFO - Filling up the DagBag from /home/airflow/.local/lib/python3.12/site-packages/airflow/example_dags/example_trigger_target_dag.py
[2025-08-09T18:41:29.296+0000] {processor.py:840} INFO - DAG(s) 'example_trigger_target_dag' retrieved from /home/airflow/.local/lib/python3.12/site-packages/airflow/example_dags/example_trigger_target_dag.py
[2025-08-09T18:41:29.328+0000] {logging_mixin.py:188} INFO - [2025-08-09T18:41:29.328+0000] {dag.py:3096} INFO - Sync 1 DAGs
[2025-08-09T18:41:29.346+0000] {logging_mixin.py:188} INFO - [2025-08-09T18:41:29.345+0000] {dag.py:3954} INFO - Setting next_dagrun for example_trigger_target_dag to None, run_after=None
[2025-08-09T18:41:29.386+0000] {processor.py:183} INFO - Processing /home/airflow/.local/lib/python3.12/site-packages/airflow/example_dags/example_trigger_target_dag.py took 0.114 seconds
[2025-08-09T18:41:59.538+0000] {processor.py:161} INFO - Started process (PID=1784) to work on /home/airflow/.local/lib/python3.12/site-packages/airflow/example_dags/example_trigger_target_dag.py
[2025-08-09T18:41:59.539+0000] {processor.py:830} INFO - Processing file /home/airflow/.local/lib/python3.12/site-packages/airflow/example_dags/example_trigger_target_dag.py for tasks to queue
[2025-08-09T18:41:59.543+0000] {logging_mixin.py:188} INFO - [2025-08-09T18:41:59.542+0000] {dagbag.py:540} INFO - Filling up the DagBag from /home/airflow/.local/lib/python3.12/site-packages/airflow/example_dags/example_trigger_target_dag.py
[2025-08-09T18:41:59.551+0000] {processor.py:840} INFO - DAG(s) 'example_trigger_target_dag' retrieved from /home/airflow/.local/lib/python3.12/site-packages/airflow/example_dags/example_trigger_target_dag.py
[2025-08-09T18:41:59.576+0000] {logging_mixin.py:188} INFO - [2025-08-09T18:41:59.575+0000] {dag.py:3096} INFO - Sync 1 DAGs
[2025-08-09T18:41:59.593+0000] {logging_mixin.py:188} INFO - [2025-08-09T18:41:59.593+0000] {dag.py:3954} INFO - Setting next_dagrun for example_trigger_target_dag to None, run_after=None
[2025-08-09T18:41:59.629+0000] {processor.py:183} INFO - Processing /home/airflow/.local/lib/python3.12/site-packages/airflow/example_dags/example_trigger_target_dag.py took 0.101 seconds
[2025-08-09T18:42:30.009+0000] {processor.py:161} INFO - Started process (PID=1843) to work on /home/airflow/.local/lib/python3.12/site-packages/airflow/example_dags/example_trigger_target_dag.py
[2025-08-09T18:42:30.011+0000] {processor.py:830} INFO - Processing file /home/airflow/.local/lib/python3.12/site-packages/airflow/example_dags/example_trigger_target_dag.py for tasks to queue
[2025-08-09T18:42:30.014+0000] {logging_mixin.py:188} INFO - [2025-08-09T18:42:30.014+0000] {dagbag.py:540} INFO - Filling up the DagBag from /home/airflow/.local/lib/python3.12/site-packages/airflow/example_dags/example_trigger_target_dag.py
[2025-08-09T18:42:30.022+0000] {processor.py:840} INFO - DAG(s) 'example_trigger_target_dag' retrieved from /home/airflow/.local/lib/python3.12/site-packages/airflow/example_dags/example_trigger_target_dag.py
[2025-08-09T18:42:30.048+0000] {logging_mixin.py:188} INFO - [2025-08-09T18:42:30.048+0000] {dag.py:3096} INFO - Sync 1 DAGs
[2025-08-09T18:42:30.080+0000] {logging_mixin.py:188} INFO - [2025-08-09T18:42:30.079+0000] {dag.py:3954} INFO - Setting next_dagrun for example_trigger_target_dag to None, run_after=None
[2025-08-09T18:42:30.194+0000] {processor.py:183} INFO - Processing /home/airflow/.local/lib/python3.12/site-packages/airflow/example_dags/example_trigger_target_dag.py took 0.192 seconds
[2025-08-09T18:43:00.437+0000] {processor.py:161} INFO - Started process (PID=1902) to work on /home/airflow/.local/lib/python3.12/site-packages/airflow/example_dags/example_trigger_target_dag.py
[2025-08-09T18:43:00.439+0000] {processor.py:830} INFO - Processing file /home/airflow/.local/lib/python3.12/site-packages/airflow/example_dags/example_trigger_target_dag.py for tasks to queue
[2025-08-09T18:43:00.443+0000] {logging_mixin.py:188} INFO - [2025-08-09T18:43:00.442+0000] {dagbag.py:540} INFO - Filling up the DagBag from /home/airflow/.local/lib/python3.12/site-packages/airflow/example_dags/example_trigger_target_dag.py
[2025-08-09T18:43:00.453+0000] {processor.py:840} INFO - DAG(s) 'example_trigger_target_dag' retrieved from /home/airflow/.local/lib/python3.12/site-packages/airflow/example_dags/example_trigger_target_dag.py
[2025-08-09T18:43:00.481+0000] {logging_mixin.py:188} INFO - [2025-08-09T18:43:00.480+0000] {dag.py:3096} INFO - Sync 1 DAGs
[2025-08-09T18:43:00.499+0000] {logging_mixin.py:188} INFO - [2025-08-09T18:43:00.498+0000] {dag.py:3954} INFO - Setting next_dagrun for example_trigger_target_dag to None, run_after=None
[2025-08-09T18:43:00.525+0000] {processor.py:183} INFO - Processing /home/airflow/.local/lib/python3.12/site-packages/airflow/example_dags/example_trigger_target_dag.py took 0.099 seconds
[2025-08-09T18:43:31.252+0000] {processor.py:161} INFO - Started process (PID=1961) to work on /home/airflow/.local/lib/python3.12/site-packages/airflow/example_dags/example_trigger_target_dag.py
[2025-08-09T18:43:31.253+0000] {processor.py:830} INFO - Processing file /home/airflow/.local/lib/python3.12/site-packages/airflow/example_dags/example_trigger_target_dag.py for tasks to queue
[2025-08-09T18:43:31.257+0000] {logging_mixin.py:188} INFO - [2025-08-09T18:43:31.256+0000] {dagbag.py:540} INFO - Filling up the DagBag from /home/airflow/.local/lib/python3.12/site-packages/airflow/example_dags/example_trigger_target_dag.py
[2025-08-09T18:43:31.264+0000] {processor.py:840} INFO - DAG(s) 'example_trigger_target_dag' retrieved from /home/airflow/.local/lib/python3.12/site-packages/airflow/example_dags/example_trigger_target_dag.py
[2025-08-09T18:43:31.292+0000] {logging_mixin.py:188} INFO - [2025-08-09T18:43:31.291+0000] {dag.py:3096} INFO - Sync 1 DAGs
[2025-08-09T18:43:31.325+0000] {logging_mixin.py:188} INFO - [2025-08-09T18:43:31.324+0000] {dag.py:3954} INFO - Setting next_dagrun for example_trigger_target_dag to None, run_after=None
[2025-08-09T18:43:31.374+0000] {processor.py:183} INFO - Processing /home/airflow/.local/lib/python3.12/site-packages/airflow/example_dags/example_trigger_target_dag.py took 0.131 seconds
[2025-08-09T18:44:01.887+0000] {processor.py:161} INFO - Started process (PID=2020) to work on /home/airflow/.local/lib/python3.12/site-packages/airflow/example_dags/example_trigger_target_dag.py
[2025-08-09T18:44:01.888+0000] {processor.py:830} INFO - Processing file /home/airflow/.local/lib/python3.12/site-packages/airflow/example_dags/example_trigger_target_dag.py for tasks to queue
[2025-08-09T18:44:01.891+0000] {logging_mixin.py:188} INFO - [2025-08-09T18:44:01.891+0000] {dagbag.py:540} INFO - Filling up the DagBag from /home/airflow/.local/lib/python3.12/site-packages/airflow/example_dags/example_trigger_target_dag.py
[2025-08-09T18:44:01.898+0000] {processor.py:840} INFO - DAG(s) 'example_trigger_target_dag' retrieved from /home/airflow/.local/lib/python3.12/site-packages/airflow/example_dags/example_trigger_target_dag.py
[2025-08-09T18:44:01.922+0000] {logging_mixin.py:188} INFO - [2025-08-09T18:44:01.921+0000] {dag.py:3096} INFO - Sync 1 DAGs
[2025-08-09T18:44:01.937+0000] {logging_mixin.py:188} INFO - [2025-08-09T18:44:01.937+0000] {dag.py:3954} INFO - Setting next_dagrun for example_trigger_target_dag to None, run_after=None
[2025-08-09T18:44:01.959+0000] {processor.py:183} INFO - Processing /home/airflow/.local/lib/python3.12/site-packages/airflow/example_dags/example_trigger_target_dag.py took 0.080 seconds
[2025-08-09T18:44:32.173+0000] {processor.py:161} INFO - Started process (PID=2079) to work on /home/airflow/.local/lib/python3.12/site-packages/airflow/example_dags/example_trigger_target_dag.py
[2025-08-09T18:44:32.174+0000] {processor.py:830} INFO - Processing file /home/airflow/.local/lib/python3.12/site-packages/airflow/example_dags/example_trigger_target_dag.py for tasks to queue
[2025-08-09T18:44:32.177+0000] {logging_mixin.py:188} INFO - [2025-08-09T18:44:32.177+0000] {dagbag.py:540} INFO - Filling up the DagBag from /home/airflow/.local/lib/python3.12/site-packages/airflow/example_dags/example_trigger_target_dag.py
[2025-08-09T18:44:32.185+0000] {processor.py:840} INFO - DAG(s) 'example_trigger_target_dag' retrieved from /home/airflow/.local/lib/python3.12/site-packages/airflow/example_dags/example_trigger_target_dag.py
[2025-08-09T18:44:32.215+0000] {logging_mixin.py:188} INFO - [2025-08-09T18:44:32.215+0000] {dag.py:3096} INFO - Sync 1 DAGs
[2025-08-09T18:44:32.235+0000] {logging_mixin.py:188} INFO - [2025-08-09T18:44:32.235+0000] {dag.py:3954} INFO - Setting next_dagrun for example_trigger_target_dag to None, run_after=None
[2025-08-09T18:44:32.314+0000] {processor.py:183} INFO - Processing /home/airflow/.local/lib/python3.12/site-packages/airflow/example_dags/example_trigger_target_dag.py took 0.149 seconds
[2025-08-09T18:45:02.506+0000] {processor.py:161} INFO - Started process (PID=2138) to work on /home/airflow/.local/lib/python3.12/site-packages/airflow/example_dags/example_trigger_target_dag.py
[2025-08-09T18:45:02.508+0000] {processor.py:830} INFO - Processing file /home/airflow/.local/lib/python3.12/site-packages/airflow/example_dags/example_trigger_target_dag.py for tasks to queue
[2025-08-09T18:45:02.511+0000] {logging_mixin.py:188} INFO - [2025-08-09T18:45:02.510+0000] {dagbag.py:540} INFO - Filling up the DagBag from /home/airflow/.local/lib/python3.12/site-packages/airflow/example_dags/example_trigger_target_dag.py
[2025-08-09T18:45:02.519+0000] {processor.py:840} INFO - DAG(s) 'example_trigger_target_dag' retrieved from /home/airflow/.local/lib/python3.12/site-packages/airflow/example_dags/example_trigger_target_dag.py
[2025-08-09T18:45:02.547+0000] {logging_mixin.py:188} INFO - [2025-08-09T18:45:02.547+0000] {dag.py:3096} INFO - Sync 1 DAGs
[2025-08-09T18:45:02.564+0000] {logging_mixin.py:188} INFO - [2025-08-09T18:45:02.564+0000] {dag.py:3954} INFO - Setting next_dagrun for example_trigger_target_dag to None, run_after=None
[2025-08-09T18:45:02.592+0000] {processor.py:183} INFO - Processing /home/airflow/.local/lib/python3.12/site-packages/airflow/example_dags/example_trigger_target_dag.py took 0.094 seconds
