[2025-08-09T18:21:57.640+0000] {processor.py:161} INFO - Started process (PID=94) to work on /home/airflow/.local/lib/python3.12/site-packages/airflow/example_dags/example_complex.py
[2025-08-09T18:21:57.650+0000] {processor.py:830} INFO - Processing file /home/airflow/.local/lib/python3.12/site-packages/airflow/example_dags/example_complex.py for tasks to queue
[2025-08-09T18:21:57.661+0000] {logging_mixin.py:188} INFO - [2025-08-09T18:21:57.657+0000] {dagbag.py:540} INFO - Filling up the DagBag from /home/airflow/.local/lib/python3.12/site-packages/airflow/example_dags/example_complex.py
[2025-08-09T18:21:57.794+0000] {processor.py:840} INFO - DAG(s) 'example_complex' retrieved from /home/airflow/.local/lib/python3.12/site-packages/airflow/example_dags/example_complex.py
[2025-08-09T18:21:58.347+0000] {logging_mixin.py:188} INFO - [2025-08-09T18:21:58.346+0000] {dag.py:3096} INFO - Sync 1 DAGs
[2025-08-09T18:21:58.399+0000] {logging_mixin.py:188} INFO - [2025-08-09T18:21:58.398+0000] {dag.py:3954} INFO - Setting next_dagrun for example_complex to None, run_after=None
[2025-08-09T18:21:58.500+0000] {processor.py:183} INFO - Processing /home/airflow/.local/lib/python3.12/site-packages/airflow/example_dags/example_complex.py took 0.925 seconds
[2025-08-09T18:22:28.844+0000] {processor.py:161} INFO - Started process (PID=153) to work on /home/airflow/.local/lib/python3.12/site-packages/airflow/example_dags/example_complex.py
[2025-08-09T18:22:28.846+0000] {processor.py:830} INFO - Processing file /home/airflow/.local/lib/python3.12/site-packages/airflow/example_dags/example_complex.py for tasks to queue
[2025-08-09T18:22:28.849+0000] {logging_mixin.py:188} INFO - [2025-08-09T18:22:28.848+0000] {dagbag.py:540} INFO - Filling up the DagBag from /home/airflow/.local/lib/python3.12/site-packages/airflow/example_dags/example_complex.py
[2025-08-09T18:22:28.865+0000] {processor.py:840} INFO - DAG(s) 'example_complex' retrieved from /home/airflow/.local/lib/python3.12/site-packages/airflow/example_dags/example_complex.py
[2025-08-09T18:22:28.908+0000] {logging_mixin.py:188} INFO - [2025-08-09T18:22:28.908+0000] {dag.py:3096} INFO - Sync 1 DAGs
[2025-08-09T18:22:28.928+0000] {logging_mixin.py:188} INFO - [2025-08-09T18:22:28.927+0000] {dag.py:3954} INFO - Setting next_dagrun for example_complex to None, run_after=None
[2025-08-09T18:22:28.965+0000] {processor.py:183} INFO - Processing /home/airflow/.local/lib/python3.12/site-packages/airflow/example_dags/example_complex.py took 0.129 seconds
[2025-08-09T18:22:59.360+0000] {processor.py:161} INFO - Started process (PID=212) to work on /home/airflow/.local/lib/python3.12/site-packages/airflow/example_dags/example_complex.py
[2025-08-09T18:22:59.361+0000] {processor.py:830} INFO - Processing file /home/airflow/.local/lib/python3.12/site-packages/airflow/example_dags/example_complex.py for tasks to queue
[2025-08-09T18:22:59.364+0000] {logging_mixin.py:188} INFO - [2025-08-09T18:22:59.363+0000] {dagbag.py:540} INFO - Filling up the DagBag from /home/airflow/.local/lib/python3.12/site-packages/airflow/example_dags/example_complex.py
[2025-08-09T18:22:59.385+0000] {processor.py:840} INFO - DAG(s) 'example_complex' retrieved from /home/airflow/.local/lib/python3.12/site-packages/airflow/example_dags/example_complex.py
[2025-08-09T18:22:59.433+0000] {logging_mixin.py:188} INFO - [2025-08-09T18:22:59.433+0000] {dag.py:3096} INFO - Sync 1 DAGs
[2025-08-09T18:22:59.453+0000] {logging_mixin.py:188} INFO - [2025-08-09T18:22:59.453+0000] {dag.py:3954} INFO - Setting next_dagrun for example_complex to None, run_after=None
[2025-08-09T18:22:59.481+0000] {processor.py:183} INFO - Processing /home/airflow/.local/lib/python3.12/site-packages/airflow/example_dags/example_complex.py took 0.129 seconds
[2025-08-09T18:23:29.672+0000] {processor.py:161} INFO - Started process (PID=271) to work on /home/airflow/.local/lib/python3.12/site-packages/airflow/example_dags/example_complex.py
[2025-08-09T18:23:29.674+0000] {processor.py:830} INFO - Processing file /home/airflow/.local/lib/python3.12/site-packages/airflow/example_dags/example_complex.py for tasks to queue
[2025-08-09T18:23:29.677+0000] {logging_mixin.py:188} INFO - [2025-08-09T18:23:29.677+0000] {dagbag.py:540} INFO - Filling up the DagBag from /home/airflow/.local/lib/python3.12/site-packages/airflow/example_dags/example_complex.py
[2025-08-09T18:23:29.693+0000] {processor.py:840} INFO - DAG(s) 'example_complex' retrieved from /home/airflow/.local/lib/python3.12/site-packages/airflow/example_dags/example_complex.py
[2025-08-09T18:23:29.746+0000] {logging_mixin.py:188} INFO - [2025-08-09T18:23:29.745+0000] {dag.py:3096} INFO - Sync 1 DAGs
[2025-08-09T18:23:29.767+0000] {logging_mixin.py:188} INFO - [2025-08-09T18:23:29.767+0000] {dag.py:3954} INFO - Setting next_dagrun for example_complex to None, run_after=None
[2025-08-09T18:23:29.802+0000] {processor.py:183} INFO - Processing /home/airflow/.local/lib/python3.12/site-packages/airflow/example_dags/example_complex.py took 0.141 seconds
[2025-08-09T18:24:00.263+0000] {processor.py:161} INFO - Started process (PID=330) to work on /home/airflow/.local/lib/python3.12/site-packages/airflow/example_dags/example_complex.py
[2025-08-09T18:24:00.264+0000] {processor.py:830} INFO - Processing file /home/airflow/.local/lib/python3.12/site-packages/airflow/example_dags/example_complex.py for tasks to queue
[2025-08-09T18:24:00.266+0000] {logging_mixin.py:188} INFO - [2025-08-09T18:24:00.266+0000] {dagbag.py:540} INFO - Filling up the DagBag from /home/airflow/.local/lib/python3.12/site-packages/airflow/example_dags/example_complex.py
[2025-08-09T18:24:00.279+0000] {processor.py:840} INFO - DAG(s) 'example_complex' retrieved from /home/airflow/.local/lib/python3.12/site-packages/airflow/example_dags/example_complex.py
[2025-08-09T18:24:00.318+0000] {logging_mixin.py:188} INFO - [2025-08-09T18:24:00.318+0000] {dag.py:3096} INFO - Sync 1 DAGs
[2025-08-09T18:24:00.334+0000] {logging_mixin.py:188} INFO - [2025-08-09T18:24:00.333+0000] {dag.py:3954} INFO - Setting next_dagrun for example_complex to None, run_after=None
[2025-08-09T18:24:00.359+0000] {processor.py:183} INFO - Processing /home/airflow/.local/lib/python3.12/site-packages/airflow/example_dags/example_complex.py took 0.104 seconds
[2025-08-09T18:24:30.776+0000] {processor.py:161} INFO - Started process (PID=389) to work on /home/airflow/.local/lib/python3.12/site-packages/airflow/example_dags/example_complex.py
[2025-08-09T18:24:30.777+0000] {processor.py:830} INFO - Processing file /home/airflow/.local/lib/python3.12/site-packages/airflow/example_dags/example_complex.py for tasks to queue
[2025-08-09T18:24:30.780+0000] {logging_mixin.py:188} INFO - [2025-08-09T18:24:30.780+0000] {dagbag.py:540} INFO - Filling up the DagBag from /home/airflow/.local/lib/python3.12/site-packages/airflow/example_dags/example_complex.py
[2025-08-09T18:24:30.795+0000] {processor.py:840} INFO - DAG(s) 'example_complex' retrieved from /home/airflow/.local/lib/python3.12/site-packages/airflow/example_dags/example_complex.py
[2025-08-09T18:24:30.852+0000] {logging_mixin.py:188} INFO - [2025-08-09T18:24:30.851+0000] {dag.py:3096} INFO - Sync 1 DAGs
[2025-08-09T18:24:30.881+0000] {logging_mixin.py:188} INFO - [2025-08-09T18:24:30.881+0000] {dag.py:3954} INFO - Setting next_dagrun for example_complex to None, run_after=None
[2025-08-09T18:24:30.924+0000] {processor.py:183} INFO - Processing /home/airflow/.local/lib/python3.12/site-packages/airflow/example_dags/example_complex.py took 0.158 seconds
[2025-08-09T18:25:01.676+0000] {processor.py:161} INFO - Started process (PID=448) to work on /home/airflow/.local/lib/python3.12/site-packages/airflow/example_dags/example_complex.py
[2025-08-09T18:25:01.677+0000] {processor.py:830} INFO - Processing file /home/airflow/.local/lib/python3.12/site-packages/airflow/example_dags/example_complex.py for tasks to queue
[2025-08-09T18:25:01.680+0000] {logging_mixin.py:188} INFO - [2025-08-09T18:25:01.680+0000] {dagbag.py:540} INFO - Filling up the DagBag from /home/airflow/.local/lib/python3.12/site-packages/airflow/example_dags/example_complex.py
[2025-08-09T18:25:01.699+0000] {processor.py:840} INFO - DAG(s) 'example_complex' retrieved from /home/airflow/.local/lib/python3.12/site-packages/airflow/example_dags/example_complex.py
[2025-08-09T18:25:01.810+0000] {logging_mixin.py:188} INFO - [2025-08-09T18:25:01.810+0000] {dag.py:3096} INFO - Sync 1 DAGs
[2025-08-09T18:25:01.853+0000] {logging_mixin.py:188} INFO - [2025-08-09T18:25:01.853+0000] {dag.py:3954} INFO - Setting next_dagrun for example_complex to None, run_after=None
[2025-08-09T18:25:01.941+0000] {processor.py:183} INFO - Processing /home/airflow/.local/lib/python3.12/site-packages/airflow/example_dags/example_complex.py took 0.276 seconds
[2025-08-09T18:25:32.148+0000] {processor.py:161} INFO - Started process (PID=507) to work on /home/airflow/.local/lib/python3.12/site-packages/airflow/example_dags/example_complex.py
[2025-08-09T18:25:32.149+0000] {processor.py:830} INFO - Processing file /home/airflow/.local/lib/python3.12/site-packages/airflow/example_dags/example_complex.py for tasks to queue
[2025-08-09T18:25:32.152+0000] {logging_mixin.py:188} INFO - [2025-08-09T18:25:32.152+0000] {dagbag.py:540} INFO - Filling up the DagBag from /home/airflow/.local/lib/python3.12/site-packages/airflow/example_dags/example_complex.py
[2025-08-09T18:25:32.165+0000] {processor.py:840} INFO - DAG(s) 'example_complex' retrieved from /home/airflow/.local/lib/python3.12/site-packages/airflow/example_dags/example_complex.py
[2025-08-09T18:25:32.221+0000] {logging_mixin.py:188} INFO - [2025-08-09T18:25:32.221+0000] {dag.py:3096} INFO - Sync 1 DAGs
[2025-08-09T18:25:32.248+0000] {logging_mixin.py:188} INFO - [2025-08-09T18:25:32.248+0000] {dag.py:3954} INFO - Setting next_dagrun for example_complex to None, run_after=None
[2025-08-09T18:25:32.277+0000] {processor.py:183} INFO - Processing /home/airflow/.local/lib/python3.12/site-packages/airflow/example_dags/example_complex.py took 0.136 seconds
[2025-08-09T18:27:26.148+0000] {processor.py:161} INFO - Started process (PID=95) to work on /home/airflow/.local/lib/python3.12/site-packages/airflow/example_dags/example_complex.py
[2025-08-09T18:27:26.150+0000] {processor.py:830} INFO - Processing file /home/airflow/.local/lib/python3.12/site-packages/airflow/example_dags/example_complex.py for tasks to queue
[2025-08-09T18:27:26.154+0000] {logging_mixin.py:188} INFO - [2025-08-09T18:27:26.153+0000] {dagbag.py:540} INFO - Filling up the DagBag from /home/airflow/.local/lib/python3.12/site-packages/airflow/example_dags/example_complex.py
[2025-08-09T18:27:26.182+0000] {processor.py:840} INFO - DAG(s) 'example_complex' retrieved from /home/airflow/.local/lib/python3.12/site-packages/airflow/example_dags/example_complex.py
[2025-08-09T18:27:26.467+0000] {logging_mixin.py:188} INFO - [2025-08-09T18:27:26.466+0000] {dag.py:3096} INFO - Sync 1 DAGs
[2025-08-09T18:27:26.520+0000] {logging_mixin.py:188} INFO - [2025-08-09T18:27:26.520+0000] {dag.py:3954} INFO - Setting next_dagrun for example_complex to None, run_after=None
[2025-08-09T18:27:26.614+0000] {processor.py:183} INFO - Processing /home/airflow/.local/lib/python3.12/site-packages/airflow/example_dags/example_complex.py took 0.481 seconds
[2025-08-09T18:27:56.980+0000] {processor.py:161} INFO - Started process (PID=154) to work on /home/airflow/.local/lib/python3.12/site-packages/airflow/example_dags/example_complex.py
[2025-08-09T18:27:56.982+0000] {processor.py:830} INFO - Processing file /home/airflow/.local/lib/python3.12/site-packages/airflow/example_dags/example_complex.py for tasks to queue
[2025-08-09T18:27:56.986+0000] {logging_mixin.py:188} INFO - [2025-08-09T18:27:56.986+0000] {dagbag.py:540} INFO - Filling up the DagBag from /home/airflow/.local/lib/python3.12/site-packages/airflow/example_dags/example_complex.py
[2025-08-09T18:27:57.015+0000] {processor.py:840} INFO - DAG(s) 'example_complex' retrieved from /home/airflow/.local/lib/python3.12/site-packages/airflow/example_dags/example_complex.py
[2025-08-09T18:27:57.119+0000] {logging_mixin.py:188} INFO - [2025-08-09T18:27:57.119+0000] {dag.py:3096} INFO - Sync 1 DAGs
[2025-08-09T18:27:57.141+0000] {logging_mixin.py:188} INFO - [2025-08-09T18:27:57.141+0000] {dag.py:3954} INFO - Setting next_dagrun for example_complex to None, run_after=None
[2025-08-09T18:27:57.176+0000] {processor.py:183} INFO - Processing /home/airflow/.local/lib/python3.12/site-packages/airflow/example_dags/example_complex.py took 0.212 seconds
[2025-08-09T18:28:27.619+0000] {processor.py:161} INFO - Started process (PID=213) to work on /home/airflow/.local/lib/python3.12/site-packages/airflow/example_dags/example_complex.py
[2025-08-09T18:28:27.621+0000] {processor.py:830} INFO - Processing file /home/airflow/.local/lib/python3.12/site-packages/airflow/example_dags/example_complex.py for tasks to queue
[2025-08-09T18:28:27.624+0000] {logging_mixin.py:188} INFO - [2025-08-09T18:28:27.623+0000] {dagbag.py:540} INFO - Filling up the DagBag from /home/airflow/.local/lib/python3.12/site-packages/airflow/example_dags/example_complex.py
[2025-08-09T18:28:27.639+0000] {processor.py:840} INFO - DAG(s) 'example_complex' retrieved from /home/airflow/.local/lib/python3.12/site-packages/airflow/example_dags/example_complex.py
[2025-08-09T18:28:27.685+0000] {logging_mixin.py:188} INFO - [2025-08-09T18:28:27.685+0000] {dag.py:3096} INFO - Sync 1 DAGs
[2025-08-09T18:28:27.706+0000] {logging_mixin.py:188} INFO - [2025-08-09T18:28:27.706+0000] {dag.py:3954} INFO - Setting next_dagrun for example_complex to None, run_after=None
[2025-08-09T18:28:27.742+0000] {processor.py:183} INFO - Processing /home/airflow/.local/lib/python3.12/site-packages/airflow/example_dags/example_complex.py took 0.132 seconds
[2025-08-09T18:28:58.036+0000] {processor.py:161} INFO - Started process (PID=273) to work on /home/airflow/.local/lib/python3.12/site-packages/airflow/example_dags/example_complex.py
[2025-08-09T18:28:58.039+0000] {processor.py:830} INFO - Processing file /home/airflow/.local/lib/python3.12/site-packages/airflow/example_dags/example_complex.py for tasks to queue
[2025-08-09T18:28:58.043+0000] {logging_mixin.py:188} INFO - [2025-08-09T18:28:58.042+0000] {dagbag.py:540} INFO - Filling up the DagBag from /home/airflow/.local/lib/python3.12/site-packages/airflow/example_dags/example_complex.py
[2025-08-09T18:28:58.072+0000] {processor.py:840} INFO - DAG(s) 'example_complex' retrieved from /home/airflow/.local/lib/python3.12/site-packages/airflow/example_dags/example_complex.py
[2025-08-09T18:28:58.150+0000] {logging_mixin.py:188} INFO - [2025-08-09T18:28:58.149+0000] {dag.py:3096} INFO - Sync 1 DAGs
[2025-08-09T18:28:58.196+0000] {logging_mixin.py:188} INFO - [2025-08-09T18:28:58.195+0000] {dag.py:3954} INFO - Setting next_dagrun for example_complex to None, run_after=None
[2025-08-09T18:28:58.271+0000] {processor.py:183} INFO - Processing /home/airflow/.local/lib/python3.12/site-packages/airflow/example_dags/example_complex.py took 0.250 seconds
[2025-08-09T18:29:28.861+0000] {processor.py:161} INFO - Started process (PID=332) to work on /home/airflow/.local/lib/python3.12/site-packages/airflow/example_dags/example_complex.py
[2025-08-09T18:29:28.879+0000] {processor.py:830} INFO - Processing file /home/airflow/.local/lib/python3.12/site-packages/airflow/example_dags/example_complex.py for tasks to queue
[2025-08-09T18:29:28.883+0000] {logging_mixin.py:188} INFO - [2025-08-09T18:29:28.882+0000] {dagbag.py:540} INFO - Filling up the DagBag from /home/airflow/.local/lib/python3.12/site-packages/airflow/example_dags/example_complex.py
[2025-08-09T18:29:28.917+0000] {processor.py:840} INFO - DAG(s) 'example_complex' retrieved from /home/airflow/.local/lib/python3.12/site-packages/airflow/example_dags/example_complex.py
[2025-08-09T18:29:29.000+0000] {logging_mixin.py:188} INFO - [2025-08-09T18:29:29.000+0000] {dag.py:3096} INFO - Sync 1 DAGs
[2025-08-09T18:29:29.038+0000] {logging_mixin.py:188} INFO - [2025-08-09T18:29:29.036+0000] {dag.py:3954} INFO - Setting next_dagrun for example_complex to None, run_after=None
[2025-08-09T18:29:29.106+0000] {processor.py:183} INFO - Processing /home/airflow/.local/lib/python3.12/site-packages/airflow/example_dags/example_complex.py took 0.263 seconds
[2025-08-09T18:29:59.328+0000] {processor.py:161} INFO - Started process (PID=391) to work on /home/airflow/.local/lib/python3.12/site-packages/airflow/example_dags/example_complex.py
[2025-08-09T18:29:59.330+0000] {processor.py:830} INFO - Processing file /home/airflow/.local/lib/python3.12/site-packages/airflow/example_dags/example_complex.py for tasks to queue
[2025-08-09T18:29:59.334+0000] {logging_mixin.py:188} INFO - [2025-08-09T18:29:59.333+0000] {dagbag.py:540} INFO - Filling up the DagBag from /home/airflow/.local/lib/python3.12/site-packages/airflow/example_dags/example_complex.py
[2025-08-09T18:29:59.363+0000] {processor.py:840} INFO - DAG(s) 'example_complex' retrieved from /home/airflow/.local/lib/python3.12/site-packages/airflow/example_dags/example_complex.py
[2025-08-09T18:29:59.448+0000] {logging_mixin.py:188} INFO - [2025-08-09T18:29:59.447+0000] {dag.py:3096} INFO - Sync 1 DAGs
[2025-08-09T18:29:59.498+0000] {logging_mixin.py:188} INFO - [2025-08-09T18:29:59.497+0000] {dag.py:3954} INFO - Setting next_dagrun for example_complex to None, run_after=None
[2025-08-09T18:29:59.539+0000] {processor.py:183} INFO - Processing /home/airflow/.local/lib/python3.12/site-packages/airflow/example_dags/example_complex.py took 0.221 seconds
[2025-08-09T18:30:29.818+0000] {processor.py:161} INFO - Started process (PID=451) to work on /home/airflow/.local/lib/python3.12/site-packages/airflow/example_dags/example_complex.py
[2025-08-09T18:30:29.819+0000] {processor.py:830} INFO - Processing file /home/airflow/.local/lib/python3.12/site-packages/airflow/example_dags/example_complex.py for tasks to queue
[2025-08-09T18:30:29.821+0000] {logging_mixin.py:188} INFO - [2025-08-09T18:30:29.821+0000] {dagbag.py:540} INFO - Filling up the DagBag from /home/airflow/.local/lib/python3.12/site-packages/airflow/example_dags/example_complex.py
[2025-08-09T18:30:29.835+0000] {processor.py:840} INFO - DAG(s) 'example_complex' retrieved from /home/airflow/.local/lib/python3.12/site-packages/airflow/example_dags/example_complex.py
[2025-08-09T18:30:29.890+0000] {logging_mixin.py:188} INFO - [2025-08-09T18:30:29.890+0000] {dag.py:3096} INFO - Sync 1 DAGs
[2025-08-09T18:30:29.916+0000] {logging_mixin.py:188} INFO - [2025-08-09T18:30:29.914+0000] {dag.py:3954} INFO - Setting next_dagrun for example_complex to None, run_after=None
[2025-08-09T18:30:29.959+0000] {processor.py:183} INFO - Processing /home/airflow/.local/lib/python3.12/site-packages/airflow/example_dags/example_complex.py took 0.149 seconds
[2025-08-09T18:31:00.576+0000] {processor.py:161} INFO - Started process (PID=510) to work on /home/airflow/.local/lib/python3.12/site-packages/airflow/example_dags/example_complex.py
[2025-08-09T18:31:00.584+0000] {processor.py:830} INFO - Processing file /home/airflow/.local/lib/python3.12/site-packages/airflow/example_dags/example_complex.py for tasks to queue
[2025-08-09T18:31:00.590+0000] {logging_mixin.py:188} INFO - [2025-08-09T18:31:00.589+0000] {dagbag.py:540} INFO - Filling up the DagBag from /home/airflow/.local/lib/python3.12/site-packages/airflow/example_dags/example_complex.py
[2025-08-09T18:31:00.620+0000] {processor.py:840} INFO - DAG(s) 'example_complex' retrieved from /home/airflow/.local/lib/python3.12/site-packages/airflow/example_dags/example_complex.py
[2025-08-09T18:31:00.697+0000] {logging_mixin.py:188} INFO - [2025-08-09T18:31:00.696+0000] {dag.py:3096} INFO - Sync 1 DAGs
[2025-08-09T18:31:00.725+0000] {logging_mixin.py:188} INFO - [2025-08-09T18:31:00.725+0000] {dag.py:3954} INFO - Setting next_dagrun for example_complex to None, run_after=None
[2025-08-09T18:31:00.758+0000] {processor.py:183} INFO - Processing /home/airflow/.local/lib/python3.12/site-packages/airflow/example_dags/example_complex.py took 0.196 seconds
[2025-08-09T18:31:31.298+0000] {processor.py:161} INFO - Started process (PID=569) to work on /home/airflow/.local/lib/python3.12/site-packages/airflow/example_dags/example_complex.py
[2025-08-09T18:31:31.299+0000] {processor.py:830} INFO - Processing file /home/airflow/.local/lib/python3.12/site-packages/airflow/example_dags/example_complex.py for tasks to queue
[2025-08-09T18:31:31.301+0000] {logging_mixin.py:188} INFO - [2025-08-09T18:31:31.301+0000] {dagbag.py:540} INFO - Filling up the DagBag from /home/airflow/.local/lib/python3.12/site-packages/airflow/example_dags/example_complex.py
[2025-08-09T18:31:31.315+0000] {processor.py:840} INFO - DAG(s) 'example_complex' retrieved from /home/airflow/.local/lib/python3.12/site-packages/airflow/example_dags/example_complex.py
[2025-08-09T18:31:31.357+0000] {logging_mixin.py:188} INFO - [2025-08-09T18:31:31.356+0000] {dag.py:3096} INFO - Sync 1 DAGs
[2025-08-09T18:31:31.373+0000] {logging_mixin.py:188} INFO - [2025-08-09T18:31:31.373+0000] {dag.py:3954} INFO - Setting next_dagrun for example_complex to None, run_after=None
[2025-08-09T18:31:31.410+0000] {processor.py:183} INFO - Processing /home/airflow/.local/lib/python3.12/site-packages/airflow/example_dags/example_complex.py took 0.120 seconds
[2025-08-09T18:32:02.028+0000] {processor.py:161} INFO - Started process (PID=628) to work on /home/airflow/.local/lib/python3.12/site-packages/airflow/example_dags/example_complex.py
[2025-08-09T18:32:02.030+0000] {processor.py:830} INFO - Processing file /home/airflow/.local/lib/python3.12/site-packages/airflow/example_dags/example_complex.py for tasks to queue
[2025-08-09T18:32:02.032+0000] {logging_mixin.py:188} INFO - [2025-08-09T18:32:02.032+0000] {dagbag.py:540} INFO - Filling up the DagBag from /home/airflow/.local/lib/python3.12/site-packages/airflow/example_dags/example_complex.py
[2025-08-09T18:32:02.045+0000] {processor.py:840} INFO - DAG(s) 'example_complex' retrieved from /home/airflow/.local/lib/python3.12/site-packages/airflow/example_dags/example_complex.py
[2025-08-09T18:32:02.086+0000] {logging_mixin.py:188} INFO - [2025-08-09T18:32:02.086+0000] {dag.py:3096} INFO - Sync 1 DAGs
[2025-08-09T18:32:02.102+0000] {logging_mixin.py:188} INFO - [2025-08-09T18:32:02.102+0000] {dag.py:3954} INFO - Setting next_dagrun for example_complex to None, run_after=None
[2025-08-09T18:32:02.126+0000] {processor.py:183} INFO - Processing /home/airflow/.local/lib/python3.12/site-packages/airflow/example_dags/example_complex.py took 0.108 seconds
[2025-08-09T18:32:32.276+0000] {processor.py:161} INFO - Started process (PID=688) to work on /home/airflow/.local/lib/python3.12/site-packages/airflow/example_dags/example_complex.py
[2025-08-09T18:32:32.277+0000] {processor.py:830} INFO - Processing file /home/airflow/.local/lib/python3.12/site-packages/airflow/example_dags/example_complex.py for tasks to queue
[2025-08-09T18:32:32.279+0000] {logging_mixin.py:188} INFO - [2025-08-09T18:32:32.279+0000] {dagbag.py:540} INFO - Filling up the DagBag from /home/airflow/.local/lib/python3.12/site-packages/airflow/example_dags/example_complex.py
[2025-08-09T18:32:32.298+0000] {processor.py:840} INFO - DAG(s) 'example_complex' retrieved from /home/airflow/.local/lib/python3.12/site-packages/airflow/example_dags/example_complex.py
[2025-08-09T18:32:32.363+0000] {logging_mixin.py:188} INFO - [2025-08-09T18:32:32.363+0000] {dag.py:3096} INFO - Sync 1 DAGs
[2025-08-09T18:32:32.382+0000] {logging_mixin.py:188} INFO - [2025-08-09T18:32:32.381+0000] {dag.py:3954} INFO - Setting next_dagrun for example_complex to None, run_after=None
[2025-08-09T18:32:32.412+0000] {processor.py:183} INFO - Processing /home/airflow/.local/lib/python3.12/site-packages/airflow/example_dags/example_complex.py took 0.144 seconds
[2025-08-09T18:33:03.351+0000] {processor.py:161} INFO - Started process (PID=747) to work on /home/airflow/.local/lib/python3.12/site-packages/airflow/example_dags/example_complex.py
[2025-08-09T18:33:03.352+0000] {processor.py:830} INFO - Processing file /home/airflow/.local/lib/python3.12/site-packages/airflow/example_dags/example_complex.py for tasks to queue
[2025-08-09T18:33:03.354+0000] {logging_mixin.py:188} INFO - [2025-08-09T18:33:03.354+0000] {dagbag.py:540} INFO - Filling up the DagBag from /home/airflow/.local/lib/python3.12/site-packages/airflow/example_dags/example_complex.py
[2025-08-09T18:33:03.367+0000] {processor.py:840} INFO - DAG(s) 'example_complex' retrieved from /home/airflow/.local/lib/python3.12/site-packages/airflow/example_dags/example_complex.py
[2025-08-09T18:33:03.408+0000] {logging_mixin.py:188} INFO - [2025-08-09T18:33:03.408+0000] {dag.py:3096} INFO - Sync 1 DAGs
[2025-08-09T18:33:03.424+0000] {logging_mixin.py:188} INFO - [2025-08-09T18:33:03.424+0000] {dag.py:3954} INFO - Setting next_dagrun for example_complex to None, run_after=None
[2025-08-09T18:33:03.458+0000] {processor.py:183} INFO - Processing /home/airflow/.local/lib/python3.12/site-packages/airflow/example_dags/example_complex.py took 0.115 seconds
[2025-08-09T18:33:34.088+0000] {processor.py:161} INFO - Started process (PID=806) to work on /home/airflow/.local/lib/python3.12/site-packages/airflow/example_dags/example_complex.py
[2025-08-09T18:33:34.090+0000] {processor.py:830} INFO - Processing file /home/airflow/.local/lib/python3.12/site-packages/airflow/example_dags/example_complex.py for tasks to queue
[2025-08-09T18:33:34.094+0000] {logging_mixin.py:188} INFO - [2025-08-09T18:33:34.093+0000] {dagbag.py:540} INFO - Filling up the DagBag from /home/airflow/.local/lib/python3.12/site-packages/airflow/example_dags/example_complex.py
[2025-08-09T18:33:34.111+0000] {processor.py:840} INFO - DAG(s) 'example_complex' retrieved from /home/airflow/.local/lib/python3.12/site-packages/airflow/example_dags/example_complex.py
[2025-08-09T18:33:34.175+0000] {logging_mixin.py:188} INFO - [2025-08-09T18:33:34.175+0000] {dag.py:3096} INFO - Sync 1 DAGs
[2025-08-09T18:33:34.208+0000] {logging_mixin.py:188} INFO - [2025-08-09T18:33:34.208+0000] {dag.py:3954} INFO - Setting next_dagrun for example_complex to None, run_after=None
[2025-08-09T18:33:34.249+0000] {processor.py:183} INFO - Processing /home/airflow/.local/lib/python3.12/site-packages/airflow/example_dags/example_complex.py took 0.172 seconds
[2025-08-09T18:34:04.674+0000] {processor.py:161} INFO - Started process (PID=865) to work on /home/airflow/.local/lib/python3.12/site-packages/airflow/example_dags/example_complex.py
[2025-08-09T18:34:04.675+0000] {processor.py:830} INFO - Processing file /home/airflow/.local/lib/python3.12/site-packages/airflow/example_dags/example_complex.py for tasks to queue
[2025-08-09T18:34:04.679+0000] {logging_mixin.py:188} INFO - [2025-08-09T18:34:04.678+0000] {dagbag.py:540} INFO - Filling up the DagBag from /home/airflow/.local/lib/python3.12/site-packages/airflow/example_dags/example_complex.py
[2025-08-09T18:34:04.699+0000] {processor.py:840} INFO - DAG(s) 'example_complex' retrieved from /home/airflow/.local/lib/python3.12/site-packages/airflow/example_dags/example_complex.py
[2025-08-09T18:34:04.780+0000] {logging_mixin.py:188} INFO - [2025-08-09T18:34:04.780+0000] {dag.py:3096} INFO - Sync 1 DAGs
[2025-08-09T18:34:05.010+0000] {logging_mixin.py:188} INFO - [2025-08-09T18:34:05.010+0000] {dag.py:3954} INFO - Setting next_dagrun for example_complex to None, run_after=None
[2025-08-09T18:34:05.040+0000] {processor.py:183} INFO - Processing /home/airflow/.local/lib/python3.12/site-packages/airflow/example_dags/example_complex.py took 0.380 seconds
[2025-08-09T18:34:35.402+0000] {processor.py:161} INFO - Started process (PID=930) to work on /home/airflow/.local/lib/python3.12/site-packages/airflow/example_dags/example_complex.py
[2025-08-09T18:34:35.403+0000] {processor.py:830} INFO - Processing file /home/airflow/.local/lib/python3.12/site-packages/airflow/example_dags/example_complex.py for tasks to queue
[2025-08-09T18:34:35.406+0000] {logging_mixin.py:188} INFO - [2025-08-09T18:34:35.406+0000] {dagbag.py:540} INFO - Filling up the DagBag from /home/airflow/.local/lib/python3.12/site-packages/airflow/example_dags/example_complex.py
[2025-08-09T18:34:35.422+0000] {processor.py:840} INFO - DAG(s) 'example_complex' retrieved from /home/airflow/.local/lib/python3.12/site-packages/airflow/example_dags/example_complex.py
[2025-08-09T18:34:35.463+0000] {logging_mixin.py:188} INFO - [2025-08-09T18:34:35.463+0000] {dag.py:3096} INFO - Sync 1 DAGs
[2025-08-09T18:34:35.481+0000] {logging_mixin.py:188} INFO - [2025-08-09T18:34:35.480+0000] {dag.py:3954} INFO - Setting next_dagrun for example_complex to None, run_after=None
[2025-08-09T18:34:35.729+0000] {processor.py:183} INFO - Processing /home/airflow/.local/lib/python3.12/site-packages/airflow/example_dags/example_complex.py took 0.337 seconds
[2025-08-09T18:35:06.025+0000] {processor.py:161} INFO - Started process (PID=989) to work on /home/airflow/.local/lib/python3.12/site-packages/airflow/example_dags/example_complex.py
[2025-08-09T18:35:06.027+0000] {processor.py:830} INFO - Processing file /home/airflow/.local/lib/python3.12/site-packages/airflow/example_dags/example_complex.py for tasks to queue
[2025-08-09T18:35:06.031+0000] {logging_mixin.py:188} INFO - [2025-08-09T18:35:06.030+0000] {dagbag.py:540} INFO - Filling up the DagBag from /home/airflow/.local/lib/python3.12/site-packages/airflow/example_dags/example_complex.py
[2025-08-09T18:35:06.052+0000] {processor.py:840} INFO - DAG(s) 'example_complex' retrieved from /home/airflow/.local/lib/python3.12/site-packages/airflow/example_dags/example_complex.py
[2025-08-09T18:35:06.154+0000] {logging_mixin.py:188} INFO - [2025-08-09T18:35:06.154+0000] {dag.py:3096} INFO - Sync 1 DAGs
[2025-08-09T18:35:06.201+0000] {logging_mixin.py:188} INFO - [2025-08-09T18:35:06.200+0000] {dag.py:3954} INFO - Setting next_dagrun for example_complex to None, run_after=None
[2025-08-09T18:35:06.252+0000] {processor.py:183} INFO - Processing /home/airflow/.local/lib/python3.12/site-packages/airflow/example_dags/example_complex.py took 0.239 seconds
[2025-08-09T18:35:36.741+0000] {processor.py:161} INFO - Started process (PID=1048) to work on /home/airflow/.local/lib/python3.12/site-packages/airflow/example_dags/example_complex.py
[2025-08-09T18:35:36.742+0000] {processor.py:830} INFO - Processing file /home/airflow/.local/lib/python3.12/site-packages/airflow/example_dags/example_complex.py for tasks to queue
[2025-08-09T18:35:36.745+0000] {logging_mixin.py:188} INFO - [2025-08-09T18:35:36.744+0000] {dagbag.py:540} INFO - Filling up the DagBag from /home/airflow/.local/lib/python3.12/site-packages/airflow/example_dags/example_complex.py
[2025-08-09T18:35:36.762+0000] {processor.py:840} INFO - DAG(s) 'example_complex' retrieved from /home/airflow/.local/lib/python3.12/site-packages/airflow/example_dags/example_complex.py
[2025-08-09T18:35:36.805+0000] {logging_mixin.py:188} INFO - [2025-08-09T18:35:36.805+0000] {dag.py:3096} INFO - Sync 1 DAGs
[2025-08-09T18:35:36.822+0000] {logging_mixin.py:188} INFO - [2025-08-09T18:35:36.822+0000] {dag.py:3954} INFO - Setting next_dagrun for example_complex to None, run_after=None
[2025-08-09T18:35:36.847+0000] {processor.py:183} INFO - Processing /home/airflow/.local/lib/python3.12/site-packages/airflow/example_dags/example_complex.py took 0.116 seconds
[2025-08-09T18:36:07.015+0000] {processor.py:161} INFO - Started process (PID=1107) to work on /home/airflow/.local/lib/python3.12/site-packages/airflow/example_dags/example_complex.py
[2025-08-09T18:36:07.016+0000] {processor.py:830} INFO - Processing file /home/airflow/.local/lib/python3.12/site-packages/airflow/example_dags/example_complex.py for tasks to queue
[2025-08-09T18:36:07.019+0000] {logging_mixin.py:188} INFO - [2025-08-09T18:36:07.019+0000] {dagbag.py:540} INFO - Filling up the DagBag from /home/airflow/.local/lib/python3.12/site-packages/airflow/example_dags/example_complex.py
[2025-08-09T18:36:07.041+0000] {processor.py:840} INFO - DAG(s) 'example_complex' retrieved from /home/airflow/.local/lib/python3.12/site-packages/airflow/example_dags/example_complex.py
[2025-08-09T18:36:07.104+0000] {logging_mixin.py:188} INFO - [2025-08-09T18:36:07.103+0000] {dag.py:3096} INFO - Sync 1 DAGs
[2025-08-09T18:36:07.119+0000] {logging_mixin.py:188} INFO - [2025-08-09T18:36:07.118+0000] {dag.py:3954} INFO - Setting next_dagrun for example_complex to None, run_after=None
[2025-08-09T18:36:07.141+0000] {processor.py:183} INFO - Processing /home/airflow/.local/lib/python3.12/site-packages/airflow/example_dags/example_complex.py took 0.141 seconds
[2025-08-09T18:36:37.831+0000] {processor.py:161} INFO - Started process (PID=1166) to work on /home/airflow/.local/lib/python3.12/site-packages/airflow/example_dags/example_complex.py
[2025-08-09T18:36:37.832+0000] {processor.py:830} INFO - Processing file /home/airflow/.local/lib/python3.12/site-packages/airflow/example_dags/example_complex.py for tasks to queue
[2025-08-09T18:36:37.836+0000] {logging_mixin.py:188} INFO - [2025-08-09T18:36:37.836+0000] {dagbag.py:540} INFO - Filling up the DagBag from /home/airflow/.local/lib/python3.12/site-packages/airflow/example_dags/example_complex.py
[2025-08-09T18:36:37.854+0000] {processor.py:840} INFO - DAG(s) 'example_complex' retrieved from /home/airflow/.local/lib/python3.12/site-packages/airflow/example_dags/example_complex.py
[2025-08-09T18:36:37.898+0000] {logging_mixin.py:188} INFO - [2025-08-09T18:36:37.897+0000] {dag.py:3096} INFO - Sync 1 DAGs
[2025-08-09T18:36:37.917+0000] {logging_mixin.py:188} INFO - [2025-08-09T18:36:37.916+0000] {dag.py:3954} INFO - Setting next_dagrun for example_complex to None, run_after=None
[2025-08-09T18:36:37.948+0000] {processor.py:183} INFO - Processing /home/airflow/.local/lib/python3.12/site-packages/airflow/example_dags/example_complex.py took 0.126 seconds
[2025-08-09T18:37:08.041+0000] {processor.py:161} INFO - Started process (PID=1225) to work on /home/airflow/.local/lib/python3.12/site-packages/airflow/example_dags/example_complex.py
[2025-08-09T18:37:08.043+0000] {processor.py:830} INFO - Processing file /home/airflow/.local/lib/python3.12/site-packages/airflow/example_dags/example_complex.py for tasks to queue
[2025-08-09T18:37:08.047+0000] {logging_mixin.py:188} INFO - [2025-08-09T18:37:08.047+0000] {dagbag.py:540} INFO - Filling up the DagBag from /home/airflow/.local/lib/python3.12/site-packages/airflow/example_dags/example_complex.py
[2025-08-09T18:37:08.070+0000] {processor.py:840} INFO - DAG(s) 'example_complex' retrieved from /home/airflow/.local/lib/python3.12/site-packages/airflow/example_dags/example_complex.py
[2025-08-09T18:37:08.117+0000] {logging_mixin.py:188} INFO - [2025-08-09T18:37:08.117+0000] {dag.py:3096} INFO - Sync 1 DAGs
[2025-08-09T18:37:08.134+0000] {logging_mixin.py:188} INFO - [2025-08-09T18:37:08.134+0000] {dag.py:3954} INFO - Setting next_dagrun for example_complex to None, run_after=None
[2025-08-09T18:37:08.165+0000] {processor.py:183} INFO - Processing /home/airflow/.local/lib/python3.12/site-packages/airflow/example_dags/example_complex.py took 0.140 seconds
[2025-08-09T18:37:38.942+0000] {processor.py:161} INFO - Started process (PID=1284) to work on /home/airflow/.local/lib/python3.12/site-packages/airflow/example_dags/example_complex.py
[2025-08-09T18:37:38.944+0000] {processor.py:830} INFO - Processing file /home/airflow/.local/lib/python3.12/site-packages/airflow/example_dags/example_complex.py for tasks to queue
[2025-08-09T18:37:38.948+0000] {logging_mixin.py:188} INFO - [2025-08-09T18:37:38.947+0000] {dagbag.py:540} INFO - Filling up the DagBag from /home/airflow/.local/lib/python3.12/site-packages/airflow/example_dags/example_complex.py
[2025-08-09T18:37:38.963+0000] {processor.py:840} INFO - DAG(s) 'example_complex' retrieved from /home/airflow/.local/lib/python3.12/site-packages/airflow/example_dags/example_complex.py
[2025-08-09T18:37:39.010+0000] {logging_mixin.py:188} INFO - [2025-08-09T18:37:39.010+0000] {dag.py:3096} INFO - Sync 1 DAGs
[2025-08-09T18:37:39.028+0000] {logging_mixin.py:188} INFO - [2025-08-09T18:37:39.028+0000] {dag.py:3954} INFO - Setting next_dagrun for example_complex to None, run_after=None
[2025-08-09T18:37:39.056+0000] {processor.py:183} INFO - Processing /home/airflow/.local/lib/python3.12/site-packages/airflow/example_dags/example_complex.py took 0.124 seconds
[2025-08-09T18:38:09.425+0000] {processor.py:161} INFO - Started process (PID=1343) to work on /home/airflow/.local/lib/python3.12/site-packages/airflow/example_dags/example_complex.py
[2025-08-09T18:38:09.426+0000] {processor.py:830} INFO - Processing file /home/airflow/.local/lib/python3.12/site-packages/airflow/example_dags/example_complex.py for tasks to queue
[2025-08-09T18:38:09.430+0000] {logging_mixin.py:188} INFO - [2025-08-09T18:38:09.429+0000] {dagbag.py:540} INFO - Filling up the DagBag from /home/airflow/.local/lib/python3.12/site-packages/airflow/example_dags/example_complex.py
[2025-08-09T18:38:09.449+0000] {processor.py:840} INFO - DAG(s) 'example_complex' retrieved from /home/airflow/.local/lib/python3.12/site-packages/airflow/example_dags/example_complex.py
[2025-08-09T18:38:09.499+0000] {logging_mixin.py:188} INFO - [2025-08-09T18:38:09.498+0000] {dag.py:3096} INFO - Sync 1 DAGs
[2025-08-09T18:38:09.517+0000] {logging_mixin.py:188} INFO - [2025-08-09T18:38:09.517+0000] {dag.py:3954} INFO - Setting next_dagrun for example_complex to None, run_after=None
[2025-08-09T18:38:09.543+0000] {processor.py:183} INFO - Processing /home/airflow/.local/lib/python3.12/site-packages/airflow/example_dags/example_complex.py took 0.130 seconds
[2025-08-09T18:38:39.818+0000] {processor.py:161} INFO - Started process (PID=1402) to work on /home/airflow/.local/lib/python3.12/site-packages/airflow/example_dags/example_complex.py
[2025-08-09T18:38:39.820+0000] {processor.py:830} INFO - Processing file /home/airflow/.local/lib/python3.12/site-packages/airflow/example_dags/example_complex.py for tasks to queue
[2025-08-09T18:38:39.823+0000] {logging_mixin.py:188} INFO - [2025-08-09T18:38:39.822+0000] {dagbag.py:540} INFO - Filling up the DagBag from /home/airflow/.local/lib/python3.12/site-packages/airflow/example_dags/example_complex.py
[2025-08-09T18:38:39.840+0000] {processor.py:840} INFO - DAG(s) 'example_complex' retrieved from /home/airflow/.local/lib/python3.12/site-packages/airflow/example_dags/example_complex.py
[2025-08-09T18:38:39.900+0000] {logging_mixin.py:188} INFO - [2025-08-09T18:38:39.900+0000] {dag.py:3096} INFO - Sync 1 DAGs
[2025-08-09T18:38:39.922+0000] {logging_mixin.py:188} INFO - [2025-08-09T18:38:39.922+0000] {dag.py:3954} INFO - Setting next_dagrun for example_complex to None, run_after=None
[2025-08-09T18:38:39.954+0000] {processor.py:183} INFO - Processing /home/airflow/.local/lib/python3.12/site-packages/airflow/example_dags/example_complex.py took 0.147 seconds
[2025-08-09T18:39:10.050+0000] {processor.py:161} INFO - Started process (PID=1461) to work on /home/airflow/.local/lib/python3.12/site-packages/airflow/example_dags/example_complex.py
[2025-08-09T18:39:10.051+0000] {processor.py:830} INFO - Processing file /home/airflow/.local/lib/python3.12/site-packages/airflow/example_dags/example_complex.py for tasks to queue
[2025-08-09T18:39:10.053+0000] {logging_mixin.py:188} INFO - [2025-08-09T18:39:10.053+0000] {dagbag.py:540} INFO - Filling up the DagBag from /home/airflow/.local/lib/python3.12/site-packages/airflow/example_dags/example_complex.py
[2025-08-09T18:39:10.066+0000] {processor.py:840} INFO - DAG(s) 'example_complex' retrieved from /home/airflow/.local/lib/python3.12/site-packages/airflow/example_dags/example_complex.py
[2025-08-09T18:39:10.106+0000] {logging_mixin.py:188} INFO - [2025-08-09T18:39:10.105+0000] {dag.py:3096} INFO - Sync 1 DAGs
[2025-08-09T18:39:10.125+0000] {logging_mixin.py:188} INFO - [2025-08-09T18:39:10.125+0000] {dag.py:3954} INFO - Setting next_dagrun for example_complex to None, run_after=None
[2025-08-09T18:39:10.155+0000] {processor.py:183} INFO - Processing /home/airflow/.local/lib/python3.12/site-packages/airflow/example_dags/example_complex.py took 0.112 seconds
[2025-08-09T18:39:41.317+0000] {processor.py:161} INFO - Started process (PID=1520) to work on /home/airflow/.local/lib/python3.12/site-packages/airflow/example_dags/example_complex.py
[2025-08-09T18:39:41.319+0000] {processor.py:830} INFO - Processing file /home/airflow/.local/lib/python3.12/site-packages/airflow/example_dags/example_complex.py for tasks to queue
[2025-08-09T18:39:41.324+0000] {logging_mixin.py:188} INFO - [2025-08-09T18:39:41.323+0000] {dagbag.py:540} INFO - Filling up the DagBag from /home/airflow/.local/lib/python3.12/site-packages/airflow/example_dags/example_complex.py
[2025-08-09T18:39:41.353+0000] {processor.py:840} INFO - DAG(s) 'example_complex' retrieved from /home/airflow/.local/lib/python3.12/site-packages/airflow/example_dags/example_complex.py
[2025-08-09T18:39:41.440+0000] {logging_mixin.py:188} INFO - [2025-08-09T18:39:41.439+0000] {dag.py:3096} INFO - Sync 1 DAGs
[2025-08-09T18:39:41.500+0000] {logging_mixin.py:188} INFO - [2025-08-09T18:39:41.499+0000] {dag.py:3954} INFO - Setting next_dagrun for example_complex to None, run_after=None
[2025-08-09T18:39:41.586+0000] {processor.py:183} INFO - Processing /home/airflow/.local/lib/python3.12/site-packages/airflow/example_dags/example_complex.py took 0.285 seconds
[2025-08-09T18:40:12.416+0000] {processor.py:161} INFO - Started process (PID=1579) to work on /home/airflow/.local/lib/python3.12/site-packages/airflow/example_dags/example_complex.py
[2025-08-09T18:40:12.418+0000] {processor.py:830} INFO - Processing file /home/airflow/.local/lib/python3.12/site-packages/airflow/example_dags/example_complex.py for tasks to queue
[2025-08-09T18:40:12.420+0000] {logging_mixin.py:188} INFO - [2025-08-09T18:40:12.420+0000] {dagbag.py:540} INFO - Filling up the DagBag from /home/airflow/.local/lib/python3.12/site-packages/airflow/example_dags/example_complex.py
[2025-08-09T18:40:12.439+0000] {processor.py:840} INFO - DAG(s) 'example_complex' retrieved from /home/airflow/.local/lib/python3.12/site-packages/airflow/example_dags/example_complex.py
[2025-08-09T18:40:12.504+0000] {logging_mixin.py:188} INFO - [2025-08-09T18:40:12.503+0000] {dag.py:3096} INFO - Sync 1 DAGs
[2025-08-09T18:40:12.523+0000] {logging_mixin.py:188} INFO - [2025-08-09T18:40:12.523+0000] {dag.py:3954} INFO - Setting next_dagrun for example_complex to None, run_after=None
[2025-08-09T18:40:12.552+0000] {processor.py:183} INFO - Processing /home/airflow/.local/lib/python3.12/site-packages/airflow/example_dags/example_complex.py took 0.146 seconds
[2025-08-09T18:40:42.914+0000] {processor.py:161} INFO - Started process (PID=1638) to work on /home/airflow/.local/lib/python3.12/site-packages/airflow/example_dags/example_complex.py
[2025-08-09T18:40:42.915+0000] {processor.py:830} INFO - Processing file /home/airflow/.local/lib/python3.12/site-packages/airflow/example_dags/example_complex.py for tasks to queue
[2025-08-09T18:40:42.918+0000] {logging_mixin.py:188} INFO - [2025-08-09T18:40:42.918+0000] {dagbag.py:540} INFO - Filling up the DagBag from /home/airflow/.local/lib/python3.12/site-packages/airflow/example_dags/example_complex.py
[2025-08-09T18:40:42.940+0000] {processor.py:840} INFO - DAG(s) 'example_complex' retrieved from /home/airflow/.local/lib/python3.12/site-packages/airflow/example_dags/example_complex.py
[2025-08-09T18:40:43.016+0000] {logging_mixin.py:188} INFO - [2025-08-09T18:40:43.014+0000] {dag.py:3096} INFO - Sync 1 DAGs
[2025-08-09T18:40:43.040+0000] {logging_mixin.py:188} INFO - [2025-08-09T18:40:43.040+0000] {dag.py:3954} INFO - Setting next_dagrun for example_complex to None, run_after=None
[2025-08-09T18:40:43.088+0000] {processor.py:183} INFO - Processing /home/airflow/.local/lib/python3.12/site-packages/airflow/example_dags/example_complex.py took 0.184 seconds
[2025-08-09T18:41:13.602+0000] {processor.py:161} INFO - Started process (PID=1698) to work on /home/airflow/.local/lib/python3.12/site-packages/airflow/example_dags/example_complex.py
[2025-08-09T18:41:13.604+0000] {processor.py:830} INFO - Processing file /home/airflow/.local/lib/python3.12/site-packages/airflow/example_dags/example_complex.py for tasks to queue
[2025-08-09T18:41:13.607+0000] {logging_mixin.py:188} INFO - [2025-08-09T18:41:13.606+0000] {dagbag.py:540} INFO - Filling up the DagBag from /home/airflow/.local/lib/python3.12/site-packages/airflow/example_dags/example_complex.py
[2025-08-09T18:41:13.625+0000] {processor.py:840} INFO - DAG(s) 'example_complex' retrieved from /home/airflow/.local/lib/python3.12/site-packages/airflow/example_dags/example_complex.py
[2025-08-09T18:41:13.714+0000] {logging_mixin.py:188} INFO - [2025-08-09T18:41:13.713+0000] {dag.py:3096} INFO - Sync 1 DAGs
[2025-08-09T18:41:13.743+0000] {logging_mixin.py:188} INFO - [2025-08-09T18:41:13.742+0000] {dag.py:3954} INFO - Setting next_dagrun for example_complex to None, run_after=None
[2025-08-09T18:41:13.780+0000] {processor.py:183} INFO - Processing /home/airflow/.local/lib/python3.12/site-packages/airflow/example_dags/example_complex.py took 0.189 seconds
[2025-08-09T18:41:44.230+0000] {processor.py:161} INFO - Started process (PID=1755) to work on /home/airflow/.local/lib/python3.12/site-packages/airflow/example_dags/example_complex.py
[2025-08-09T18:41:44.232+0000] {processor.py:830} INFO - Processing file /home/airflow/.local/lib/python3.12/site-packages/airflow/example_dags/example_complex.py for tasks to queue
[2025-08-09T18:41:44.236+0000] {logging_mixin.py:188} INFO - [2025-08-09T18:41:44.235+0000] {dagbag.py:540} INFO - Filling up the DagBag from /home/airflow/.local/lib/python3.12/site-packages/airflow/example_dags/example_complex.py
[2025-08-09T18:41:44.257+0000] {processor.py:840} INFO - DAG(s) 'example_complex' retrieved from /home/airflow/.local/lib/python3.12/site-packages/airflow/example_dags/example_complex.py
[2025-08-09T18:41:44.317+0000] {logging_mixin.py:188} INFO - [2025-08-09T18:41:44.316+0000] {dag.py:3096} INFO - Sync 1 DAGs
[2025-08-09T18:41:44.337+0000] {logging_mixin.py:188} INFO - [2025-08-09T18:41:44.337+0000] {dag.py:3954} INFO - Setting next_dagrun for example_complex to None, run_after=None
[2025-08-09T18:41:44.370+0000] {processor.py:183} INFO - Processing /home/airflow/.local/lib/python3.12/site-packages/airflow/example_dags/example_complex.py took 0.149 seconds
[2025-08-09T18:42:15.173+0000] {processor.py:161} INFO - Started process (PID=1814) to work on /home/airflow/.local/lib/python3.12/site-packages/airflow/example_dags/example_complex.py
[2025-08-09T18:42:15.175+0000] {processor.py:830} INFO - Processing file /home/airflow/.local/lib/python3.12/site-packages/airflow/example_dags/example_complex.py for tasks to queue
[2025-08-09T18:42:15.177+0000] {logging_mixin.py:188} INFO - [2025-08-09T18:42:15.177+0000] {dagbag.py:540} INFO - Filling up the DagBag from /home/airflow/.local/lib/python3.12/site-packages/airflow/example_dags/example_complex.py
[2025-08-09T18:42:15.208+0000] {processor.py:840} INFO - DAG(s) 'example_complex' retrieved from /home/airflow/.local/lib/python3.12/site-packages/airflow/example_dags/example_complex.py
[2025-08-09T18:42:15.275+0000] {logging_mixin.py:188} INFO - [2025-08-09T18:42:15.274+0000] {dag.py:3096} INFO - Sync 1 DAGs
[2025-08-09T18:42:15.297+0000] {logging_mixin.py:188} INFO - [2025-08-09T18:42:15.296+0000] {dag.py:3954} INFO - Setting next_dagrun for example_complex to None, run_after=None
[2025-08-09T18:42:15.348+0000] {processor.py:183} INFO - Processing /home/airflow/.local/lib/python3.12/site-packages/airflow/example_dags/example_complex.py took 0.189 seconds
[2025-08-09T18:42:45.729+0000] {processor.py:161} INFO - Started process (PID=1873) to work on /home/airflow/.local/lib/python3.12/site-packages/airflow/example_dags/example_complex.py
[2025-08-09T18:42:45.731+0000] {processor.py:830} INFO - Processing file /home/airflow/.local/lib/python3.12/site-packages/airflow/example_dags/example_complex.py for tasks to queue
[2025-08-09T18:42:45.736+0000] {logging_mixin.py:188} INFO - [2025-08-09T18:42:45.735+0000] {dagbag.py:540} INFO - Filling up the DagBag from /home/airflow/.local/lib/python3.12/site-packages/airflow/example_dags/example_complex.py
[2025-08-09T18:42:45.772+0000] {processor.py:840} INFO - DAG(s) 'example_complex' retrieved from /home/airflow/.local/lib/python3.12/site-packages/airflow/example_dags/example_complex.py
[2025-08-09T18:42:45.838+0000] {logging_mixin.py:188} INFO - [2025-08-09T18:42:45.837+0000] {dag.py:3096} INFO - Sync 1 DAGs
[2025-08-09T18:42:45.856+0000] {logging_mixin.py:188} INFO - [2025-08-09T18:42:45.856+0000] {dag.py:3954} INFO - Setting next_dagrun for example_complex to None, run_after=None
[2025-08-09T18:42:45.881+0000] {processor.py:183} INFO - Processing /home/airflow/.local/lib/python3.12/site-packages/airflow/example_dags/example_complex.py took 0.176 seconds
[2025-08-09T18:43:15.957+0000] {processor.py:161} INFO - Started process (PID=1932) to work on /home/airflow/.local/lib/python3.12/site-packages/airflow/example_dags/example_complex.py
[2025-08-09T18:43:15.958+0000] {processor.py:830} INFO - Processing file /home/airflow/.local/lib/python3.12/site-packages/airflow/example_dags/example_complex.py for tasks to queue
[2025-08-09T18:43:15.961+0000] {logging_mixin.py:188} INFO - [2025-08-09T18:43:15.960+0000] {dagbag.py:540} INFO - Filling up the DagBag from /home/airflow/.local/lib/python3.12/site-packages/airflow/example_dags/example_complex.py
[2025-08-09T18:43:15.976+0000] {processor.py:840} INFO - DAG(s) 'example_complex' retrieved from /home/airflow/.local/lib/python3.12/site-packages/airflow/example_dags/example_complex.py
[2025-08-09T18:43:16.022+0000] {logging_mixin.py:188} INFO - [2025-08-09T18:43:16.022+0000] {dag.py:3096} INFO - Sync 1 DAGs
[2025-08-09T18:43:16.041+0000] {logging_mixin.py:188} INFO - [2025-08-09T18:43:16.040+0000] {dag.py:3954} INFO - Setting next_dagrun for example_complex to None, run_after=None
[2025-08-09T18:43:16.075+0000] {processor.py:183} INFO - Processing /home/airflow/.local/lib/python3.12/site-packages/airflow/example_dags/example_complex.py took 0.127 seconds
[2025-08-09T18:43:46.302+0000] {processor.py:161} INFO - Started process (PID=1991) to work on /home/airflow/.local/lib/python3.12/site-packages/airflow/example_dags/example_complex.py
[2025-08-09T18:43:46.304+0000] {processor.py:830} INFO - Processing file /home/airflow/.local/lib/python3.12/site-packages/airflow/example_dags/example_complex.py for tasks to queue
[2025-08-09T18:43:46.307+0000] {logging_mixin.py:188} INFO - [2025-08-09T18:43:46.307+0000] {dagbag.py:540} INFO - Filling up the DagBag from /home/airflow/.local/lib/python3.12/site-packages/airflow/example_dags/example_complex.py
[2025-08-09T18:43:46.324+0000] {processor.py:840} INFO - DAG(s) 'example_complex' retrieved from /home/airflow/.local/lib/python3.12/site-packages/airflow/example_dags/example_complex.py
[2025-08-09T18:43:46.383+0000] {logging_mixin.py:188} INFO - [2025-08-09T18:43:46.383+0000] {dag.py:3096} INFO - Sync 1 DAGs
[2025-08-09T18:43:46.408+0000] {logging_mixin.py:188} INFO - [2025-08-09T18:43:46.407+0000] {dag.py:3954} INFO - Setting next_dagrun for example_complex to None, run_after=None
[2025-08-09T18:43:46.445+0000] {processor.py:183} INFO - Processing /home/airflow/.local/lib/python3.12/site-packages/airflow/example_dags/example_complex.py took 0.151 seconds
[2025-08-09T18:44:16.789+0000] {processor.py:161} INFO - Started process (PID=2050) to work on /home/airflow/.local/lib/python3.12/site-packages/airflow/example_dags/example_complex.py
[2025-08-09T18:44:16.791+0000] {processor.py:830} INFO - Processing file /home/airflow/.local/lib/python3.12/site-packages/airflow/example_dags/example_complex.py for tasks to queue
[2025-08-09T18:44:16.794+0000] {logging_mixin.py:188} INFO - [2025-08-09T18:44:16.794+0000] {dagbag.py:540} INFO - Filling up the DagBag from /home/airflow/.local/lib/python3.12/site-packages/airflow/example_dags/example_complex.py
[2025-08-09T18:44:16.808+0000] {processor.py:840} INFO - DAG(s) 'example_complex' retrieved from /home/airflow/.local/lib/python3.12/site-packages/airflow/example_dags/example_complex.py
[2025-08-09T18:44:16.854+0000] {logging_mixin.py:188} INFO - [2025-08-09T18:44:16.853+0000] {dag.py:3096} INFO - Sync 1 DAGs
[2025-08-09T18:44:16.872+0000] {logging_mixin.py:188} INFO - [2025-08-09T18:44:16.871+0000] {dag.py:3954} INFO - Setting next_dagrun for example_complex to None, run_after=None
[2025-08-09T18:44:16.898+0000] {processor.py:183} INFO - Processing /home/airflow/.local/lib/python3.12/site-packages/airflow/example_dags/example_complex.py took 0.119 seconds
[2025-08-09T18:44:47.457+0000] {processor.py:161} INFO - Started process (PID=2109) to work on /home/airflow/.local/lib/python3.12/site-packages/airflow/example_dags/example_complex.py
[2025-08-09T18:44:47.459+0000] {processor.py:830} INFO - Processing file /home/airflow/.local/lib/python3.12/site-packages/airflow/example_dags/example_complex.py for tasks to queue
[2025-08-09T18:44:47.462+0000] {logging_mixin.py:188} INFO - [2025-08-09T18:44:47.462+0000] {dagbag.py:540} INFO - Filling up the DagBag from /home/airflow/.local/lib/python3.12/site-packages/airflow/example_dags/example_complex.py
[2025-08-09T18:44:47.479+0000] {processor.py:840} INFO - DAG(s) 'example_complex' retrieved from /home/airflow/.local/lib/python3.12/site-packages/airflow/example_dags/example_complex.py
[2025-08-09T18:44:47.585+0000] {logging_mixin.py:188} INFO - [2025-08-09T18:44:47.584+0000] {dag.py:3096} INFO - Sync 1 DAGs
[2025-08-09T18:44:47.622+0000] {logging_mixin.py:188} INFO - [2025-08-09T18:44:47.621+0000] {dag.py:3954} INFO - Setting next_dagrun for example_complex to None, run_after=None
[2025-08-09T18:44:47.668+0000] {processor.py:183} INFO - Processing /home/airflow/.local/lib/python3.12/site-packages/airflow/example_dags/example_complex.py took 0.226 seconds
