[2025-08-09T18:21:45.212+0000] {processor.py:161} INFO - Started process (PID=71) to work on /home/airflow/.local/lib/python3.12/site-packages/airflow/example_dags/example_bash_decorator.py
[2025-08-09T18:21:45.214+0000] {processor.py:830} INFO - Processing file /home/airflow/.local/lib/python3.12/site-packages/airflow/example_dags/example_bash_decorator.py for tasks to queue
[2025-08-09T18:21:45.217+0000] {logging_mixin.py:188} INFO - [2025-08-09T18:21:45.217+0000] {dagbag.py:540} INFO - Filling up the DagBag from /home/airflow/.local/lib/python3.12/site-packages/airflow/example_dags/example_bash_decorator.py
[2025-08-09T18:21:45.347+0000] {processor.py:840} INFO - DAG(s) 'example_bash_decorator' retrieved from /home/airflow/.local/lib/python3.12/site-packages/airflow/example_dags/example_bash_decorator.py
[2025-08-09T18:21:45.952+0000] {logging_mixin.py:188} INFO - [2025-08-09T18:21:45.951+0000] {dag.py:3096} INFO - Sync 1 DAGs
[2025-08-09T18:21:45.977+0000] {logging_mixin.py:188} INFO - [2025-08-09T18:21:45.977+0000] {dag.py:3954} INFO - Setting next_dagrun for example_bash_decorator to None, run_after=None
[2025-08-09T18:21:46.029+0000] {processor.py:183} INFO - Processing /home/airflow/.local/lib/python3.12/site-packages/airflow/example_dags/example_bash_decorator.py took 0.827 seconds
[2025-08-09T18:22:16.504+0000] {processor.py:161} INFO - Started process (PID=130) to work on /home/airflow/.local/lib/python3.12/site-packages/airflow/example_dags/example_bash_decorator.py
[2025-08-09T18:22:16.507+0000] {processor.py:830} INFO - Processing file /home/airflow/.local/lib/python3.12/site-packages/airflow/example_dags/example_bash_decorator.py for tasks to queue
[2025-08-09T18:22:16.512+0000] {logging_mixin.py:188} INFO - [2025-08-09T18:22:16.511+0000] {dagbag.py:540} INFO - Filling up the DagBag from /home/airflow/.local/lib/python3.12/site-packages/airflow/example_dags/example_bash_decorator.py
[2025-08-09T18:22:16.549+0000] {processor.py:840} INFO - DAG(s) 'example_bash_decorator' retrieved from /home/airflow/.local/lib/python3.12/site-packages/airflow/example_dags/example_bash_decorator.py
[2025-08-09T18:22:16.609+0000] {logging_mixin.py:188} INFO - [2025-08-09T18:22:16.608+0000] {dag.py:3096} INFO - Sync 1 DAGs
[2025-08-09T18:22:16.643+0000] {logging_mixin.py:188} INFO - [2025-08-09T18:22:16.643+0000] {dag.py:3954} INFO - Setting next_dagrun for example_bash_decorator to None, run_after=None
[2025-08-09T18:22:16.694+0000] {processor.py:183} INFO - Processing /home/airflow/.local/lib/python3.12/site-packages/airflow/example_dags/example_bash_decorator.py took 0.205 seconds
[2025-08-09T18:22:46.775+0000] {processor.py:161} INFO - Started process (PID=189) to work on /home/airflow/.local/lib/python3.12/site-packages/airflow/example_dags/example_bash_decorator.py
[2025-08-09T18:22:46.777+0000] {processor.py:830} INFO - Processing file /home/airflow/.local/lib/python3.12/site-packages/airflow/example_dags/example_bash_decorator.py for tasks to queue
[2025-08-09T18:22:46.783+0000] {logging_mixin.py:188} INFO - [2025-08-09T18:22:46.781+0000] {dagbag.py:540} INFO - Filling up the DagBag from /home/airflow/.local/lib/python3.12/site-packages/airflow/example_dags/example_bash_decorator.py
[2025-08-09T18:22:46.840+0000] {processor.py:840} INFO - DAG(s) 'example_bash_decorator' retrieved from /home/airflow/.local/lib/python3.12/site-packages/airflow/example_dags/example_bash_decorator.py
[2025-08-09T18:22:46.885+0000] {logging_mixin.py:188} INFO - [2025-08-09T18:22:46.884+0000] {dag.py:3096} INFO - Sync 1 DAGs
[2025-08-09T18:22:46.912+0000] {logging_mixin.py:188} INFO - [2025-08-09T18:22:46.911+0000] {dag.py:3954} INFO - Setting next_dagrun for example_bash_decorator to None, run_after=None
[2025-08-09T18:22:46.955+0000] {processor.py:183} INFO - Processing /home/airflow/.local/lib/python3.12/site-packages/airflow/example_dags/example_bash_decorator.py took 0.196 seconds
[2025-08-09T18:23:17.454+0000] {processor.py:161} INFO - Started process (PID=248) to work on /home/airflow/.local/lib/python3.12/site-packages/airflow/example_dags/example_bash_decorator.py
[2025-08-09T18:23:17.464+0000] {processor.py:830} INFO - Processing file /home/airflow/.local/lib/python3.12/site-packages/airflow/example_dags/example_bash_decorator.py for tasks to queue
[2025-08-09T18:23:17.468+0000] {logging_mixin.py:188} INFO - [2025-08-09T18:23:17.467+0000] {dagbag.py:540} INFO - Filling up the DagBag from /home/airflow/.local/lib/python3.12/site-packages/airflow/example_dags/example_bash_decorator.py
[2025-08-09T18:23:17.495+0000] {processor.py:840} INFO - DAG(s) 'example_bash_decorator' retrieved from /home/airflow/.local/lib/python3.12/site-packages/airflow/example_dags/example_bash_decorator.py
[2025-08-09T18:23:17.526+0000] {logging_mixin.py:188} INFO - [2025-08-09T18:23:17.526+0000] {dag.py:3096} INFO - Sync 1 DAGs
[2025-08-09T18:23:17.543+0000] {logging_mixin.py:188} INFO - [2025-08-09T18:23:17.543+0000] {dag.py:3954} INFO - Setting next_dagrun for example_bash_decorator to None, run_after=None
[2025-08-09T18:23:17.579+0000] {processor.py:183} INFO - Processing /home/airflow/.local/lib/python3.12/site-packages/airflow/example_dags/example_bash_decorator.py took 0.139 seconds
[2025-08-09T18:23:47.747+0000] {processor.py:161} INFO - Started process (PID=307) to work on /home/airflow/.local/lib/python3.12/site-packages/airflow/example_dags/example_bash_decorator.py
[2025-08-09T18:23:47.748+0000] {processor.py:830} INFO - Processing file /home/airflow/.local/lib/python3.12/site-packages/airflow/example_dags/example_bash_decorator.py for tasks to queue
[2025-08-09T18:23:47.752+0000] {logging_mixin.py:188} INFO - [2025-08-09T18:23:47.751+0000] {dagbag.py:540} INFO - Filling up the DagBag from /home/airflow/.local/lib/python3.12/site-packages/airflow/example_dags/example_bash_decorator.py
[2025-08-09T18:23:47.783+0000] {processor.py:840} INFO - DAG(s) 'example_bash_decorator' retrieved from /home/airflow/.local/lib/python3.12/site-packages/airflow/example_dags/example_bash_decorator.py
[2025-08-09T18:23:47.812+0000] {logging_mixin.py:188} INFO - [2025-08-09T18:23:47.812+0000] {dag.py:3096} INFO - Sync 1 DAGs
[2025-08-09T18:23:47.827+0000] {logging_mixin.py:188} INFO - [2025-08-09T18:23:47.827+0000] {dag.py:3954} INFO - Setting next_dagrun for example_bash_decorator to None, run_after=None
[2025-08-09T18:23:47.854+0000] {processor.py:183} INFO - Processing /home/airflow/.local/lib/python3.12/site-packages/airflow/example_dags/example_bash_decorator.py took 0.120 seconds
[2025-08-09T18:24:18.418+0000] {processor.py:161} INFO - Started process (PID=366) to work on /home/airflow/.local/lib/python3.12/site-packages/airflow/example_dags/example_bash_decorator.py
[2025-08-09T18:24:18.419+0000] {processor.py:830} INFO - Processing file /home/airflow/.local/lib/python3.12/site-packages/airflow/example_dags/example_bash_decorator.py for tasks to queue
[2025-08-09T18:24:18.422+0000] {logging_mixin.py:188} INFO - [2025-08-09T18:24:18.421+0000] {dagbag.py:540} INFO - Filling up the DagBag from /home/airflow/.local/lib/python3.12/site-packages/airflow/example_dags/example_bash_decorator.py
[2025-08-09T18:24:18.441+0000] {processor.py:840} INFO - DAG(s) 'example_bash_decorator' retrieved from /home/airflow/.local/lib/python3.12/site-packages/airflow/example_dags/example_bash_decorator.py
[2025-08-09T18:24:18.479+0000] {logging_mixin.py:188} INFO - [2025-08-09T18:24:18.478+0000] {dag.py:3096} INFO - Sync 1 DAGs
[2025-08-09T18:24:18.499+0000] {logging_mixin.py:188} INFO - [2025-08-09T18:24:18.499+0000] {dag.py:3954} INFO - Setting next_dagrun for example_bash_decorator to None, run_after=None
[2025-08-09T18:24:18.536+0000] {processor.py:183} INFO - Processing /home/airflow/.local/lib/python3.12/site-packages/airflow/example_dags/example_bash_decorator.py took 0.127 seconds
[2025-08-09T18:24:48.663+0000] {processor.py:161} INFO - Started process (PID=425) to work on /home/airflow/.local/lib/python3.12/site-packages/airflow/example_dags/example_bash_decorator.py
[2025-08-09T18:24:48.665+0000] {processor.py:830} INFO - Processing file /home/airflow/.local/lib/python3.12/site-packages/airflow/example_dags/example_bash_decorator.py for tasks to queue
[2025-08-09T18:24:48.668+0000] {logging_mixin.py:188} INFO - [2025-08-09T18:24:48.668+0000] {dagbag.py:540} INFO - Filling up the DagBag from /home/airflow/.local/lib/python3.12/site-packages/airflow/example_dags/example_bash_decorator.py
[2025-08-09T18:24:48.692+0000] {processor.py:840} INFO - DAG(s) 'example_bash_decorator' retrieved from /home/airflow/.local/lib/python3.12/site-packages/airflow/example_dags/example_bash_decorator.py
[2025-08-09T18:24:48.739+0000] {logging_mixin.py:188} INFO - [2025-08-09T18:24:48.739+0000] {dag.py:3096} INFO - Sync 1 DAGs
[2025-08-09T18:24:48.762+0000] {logging_mixin.py:188} INFO - [2025-08-09T18:24:48.762+0000] {dag.py:3954} INFO - Setting next_dagrun for example_bash_decorator to None, run_after=None
[2025-08-09T18:24:48.787+0000] {processor.py:183} INFO - Processing /home/airflow/.local/lib/python3.12/site-packages/airflow/example_dags/example_bash_decorator.py took 0.133 seconds
[2025-08-09T18:25:19.339+0000] {processor.py:161} INFO - Started process (PID=482) to work on /home/airflow/.local/lib/python3.12/site-packages/airflow/example_dags/example_bash_decorator.py
[2025-08-09T18:25:19.341+0000] {processor.py:830} INFO - Processing file /home/airflow/.local/lib/python3.12/site-packages/airflow/example_dags/example_bash_decorator.py for tasks to queue
[2025-08-09T18:25:19.343+0000] {logging_mixin.py:188} INFO - [2025-08-09T18:25:19.343+0000] {dagbag.py:540} INFO - Filling up the DagBag from /home/airflow/.local/lib/python3.12/site-packages/airflow/example_dags/example_bash_decorator.py
[2025-08-09T18:25:19.358+0000] {processor.py:840} INFO - DAG(s) 'example_bash_decorator' retrieved from /home/airflow/.local/lib/python3.12/site-packages/airflow/example_dags/example_bash_decorator.py
[2025-08-09T18:25:19.388+0000] {logging_mixin.py:188} INFO - [2025-08-09T18:25:19.387+0000] {dag.py:3096} INFO - Sync 1 DAGs
[2025-08-09T18:25:19.405+0000] {logging_mixin.py:188} INFO - [2025-08-09T18:25:19.405+0000] {dag.py:3954} INFO - Setting next_dagrun for example_bash_decorator to None, run_after=None
[2025-08-09T18:25:19.430+0000] {processor.py:183} INFO - Processing /home/airflow/.local/lib/python3.12/site-packages/airflow/example_dags/example_bash_decorator.py took 0.099 seconds
[2025-08-09T18:27:14.035+0000] {processor.py:161} INFO - Started process (PID=72) to work on /home/airflow/.local/lib/python3.12/site-packages/airflow/example_dags/example_bash_decorator.py
[2025-08-09T18:27:14.046+0000] {processor.py:830} INFO - Processing file /home/airflow/.local/lib/python3.12/site-packages/airflow/example_dags/example_bash_decorator.py for tasks to queue
[2025-08-09T18:27:14.065+0000] {logging_mixin.py:188} INFO - [2025-08-09T18:27:14.062+0000] {dagbag.py:540} INFO - Filling up the DagBag from /home/airflow/.local/lib/python3.12/site-packages/airflow/example_dags/example_bash_decorator.py
[2025-08-09T18:27:14.186+0000] {processor.py:840} INFO - DAG(s) 'example_bash_decorator' retrieved from /home/airflow/.local/lib/python3.12/site-packages/airflow/example_dags/example_bash_decorator.py
[2025-08-09T18:27:14.754+0000] {logging_mixin.py:188} INFO - [2025-08-09T18:27:14.753+0000] {dag.py:3096} INFO - Sync 1 DAGs
[2025-08-09T18:27:14.797+0000] {logging_mixin.py:188} INFO - [2025-08-09T18:27:14.797+0000] {dag.py:3954} INFO - Setting next_dagrun for example_bash_decorator to None, run_after=None
[2025-08-09T18:27:14.871+0000] {processor.py:183} INFO - Processing /home/airflow/.local/lib/python3.12/site-packages/airflow/example_dags/example_bash_decorator.py took 0.883 seconds
[2025-08-09T18:27:45.042+0000] {processor.py:161} INFO - Started process (PID=131) to work on /home/airflow/.local/lib/python3.12/site-packages/airflow/example_dags/example_bash_decorator.py
[2025-08-09T18:27:45.044+0000] {processor.py:830} INFO - Processing file /home/airflow/.local/lib/python3.12/site-packages/airflow/example_dags/example_bash_decorator.py for tasks to queue
[2025-08-09T18:27:45.046+0000] {logging_mixin.py:188} INFO - [2025-08-09T18:27:45.046+0000] {dagbag.py:540} INFO - Filling up the DagBag from /home/airflow/.local/lib/python3.12/site-packages/airflow/example_dags/example_bash_decorator.py
[2025-08-09T18:27:45.069+0000] {processor.py:840} INFO - DAG(s) 'example_bash_decorator' retrieved from /home/airflow/.local/lib/python3.12/site-packages/airflow/example_dags/example_bash_decorator.py
[2025-08-09T18:27:45.111+0000] {logging_mixin.py:188} INFO - [2025-08-09T18:27:45.111+0000] {dag.py:3096} INFO - Sync 1 DAGs
[2025-08-09T18:27:45.140+0000] {logging_mixin.py:188} INFO - [2025-08-09T18:27:45.140+0000] {dag.py:3954} INFO - Setting next_dagrun for example_bash_decorator to None, run_after=None
[2025-08-09T18:27:45.181+0000] {processor.py:183} INFO - Processing /home/airflow/.local/lib/python3.12/site-packages/airflow/example_dags/example_bash_decorator.py took 0.147 seconds
[2025-08-09T18:28:15.358+0000] {processor.py:161} INFO - Started process (PID=190) to work on /home/airflow/.local/lib/python3.12/site-packages/airflow/example_dags/example_bash_decorator.py
[2025-08-09T18:28:15.360+0000] {processor.py:830} INFO - Processing file /home/airflow/.local/lib/python3.12/site-packages/airflow/example_dags/example_bash_decorator.py for tasks to queue
[2025-08-09T18:28:15.363+0000] {logging_mixin.py:188} INFO - [2025-08-09T18:28:15.363+0000] {dagbag.py:540} INFO - Filling up the DagBag from /home/airflow/.local/lib/python3.12/site-packages/airflow/example_dags/example_bash_decorator.py
[2025-08-09T18:28:15.404+0000] {processor.py:840} INFO - DAG(s) 'example_bash_decorator' retrieved from /home/airflow/.local/lib/python3.12/site-packages/airflow/example_dags/example_bash_decorator.py
[2025-08-09T18:28:15.449+0000] {logging_mixin.py:188} INFO - [2025-08-09T18:28:15.449+0000] {dag.py:3096} INFO - Sync 1 DAGs
[2025-08-09T18:28:15.469+0000] {logging_mixin.py:188} INFO - [2025-08-09T18:28:15.469+0000] {dag.py:3954} INFO - Setting next_dagrun for example_bash_decorator to None, run_after=None
[2025-08-09T18:28:15.499+0000] {processor.py:183} INFO - Processing /home/airflow/.local/lib/python3.12/site-packages/airflow/example_dags/example_bash_decorator.py took 0.152 seconds
[2025-08-09T18:28:45.604+0000] {processor.py:161} INFO - Started process (PID=250) to work on /home/airflow/.local/lib/python3.12/site-packages/airflow/example_dags/example_bash_decorator.py
[2025-08-09T18:28:45.607+0000] {processor.py:830} INFO - Processing file /home/airflow/.local/lib/python3.12/site-packages/airflow/example_dags/example_bash_decorator.py for tasks to queue
[2025-08-09T18:28:45.610+0000] {logging_mixin.py:188} INFO - [2025-08-09T18:28:45.610+0000] {dagbag.py:540} INFO - Filling up the DagBag from /home/airflow/.local/lib/python3.12/site-packages/airflow/example_dags/example_bash_decorator.py
[2025-08-09T18:28:45.643+0000] {processor.py:840} INFO - DAG(s) 'example_bash_decorator' retrieved from /home/airflow/.local/lib/python3.12/site-packages/airflow/example_dags/example_bash_decorator.py
[2025-08-09T18:28:45.699+0000] {logging_mixin.py:188} INFO - [2025-08-09T18:28:45.698+0000] {dag.py:3096} INFO - Sync 1 DAGs
[2025-08-09T18:28:45.732+0000] {logging_mixin.py:188} INFO - [2025-08-09T18:28:45.731+0000] {dag.py:3954} INFO - Setting next_dagrun for example_bash_decorator to None, run_after=None
[2025-08-09T18:28:45.783+0000] {processor.py:183} INFO - Processing /home/airflow/.local/lib/python3.12/site-packages/airflow/example_dags/example_bash_decorator.py took 0.192 seconds
[2025-08-09T18:29:15.918+0000] {processor.py:161} INFO - Started process (PID=309) to work on /home/airflow/.local/lib/python3.12/site-packages/airflow/example_dags/example_bash_decorator.py
[2025-08-09T18:29:15.919+0000] {processor.py:830} INFO - Processing file /home/airflow/.local/lib/python3.12/site-packages/airflow/example_dags/example_bash_decorator.py for tasks to queue
[2025-08-09T18:29:15.921+0000] {logging_mixin.py:188} INFO - [2025-08-09T18:29:15.921+0000] {dagbag.py:540} INFO - Filling up the DagBag from /home/airflow/.local/lib/python3.12/site-packages/airflow/example_dags/example_bash_decorator.py
[2025-08-09T18:29:15.936+0000] {processor.py:840} INFO - DAG(s) 'example_bash_decorator' retrieved from /home/airflow/.local/lib/python3.12/site-packages/airflow/example_dags/example_bash_decorator.py
[2025-08-09T18:29:15.965+0000] {logging_mixin.py:188} INFO - [2025-08-09T18:29:15.964+0000] {dag.py:3096} INFO - Sync 1 DAGs
[2025-08-09T18:29:15.982+0000] {logging_mixin.py:188} INFO - [2025-08-09T18:29:15.982+0000] {dag.py:3954} INFO - Setting next_dagrun for example_bash_decorator to None, run_after=None
[2025-08-09T18:29:16.018+0000] {processor.py:183} INFO - Processing /home/airflow/.local/lib/python3.12/site-packages/airflow/example_dags/example_bash_decorator.py took 0.107 seconds
[2025-08-09T18:29:46.591+0000] {processor.py:161} INFO - Started process (PID=368) to work on /home/airflow/.local/lib/python3.12/site-packages/airflow/example_dags/example_bash_decorator.py
[2025-08-09T18:29:46.593+0000] {processor.py:830} INFO - Processing file /home/airflow/.local/lib/python3.12/site-packages/airflow/example_dags/example_bash_decorator.py for tasks to queue
[2025-08-09T18:29:46.597+0000] {logging_mixin.py:188} INFO - [2025-08-09T18:29:46.596+0000] {dagbag.py:540} INFO - Filling up the DagBag from /home/airflow/.local/lib/python3.12/site-packages/airflow/example_dags/example_bash_decorator.py
[2025-08-09T18:29:46.639+0000] {processor.py:840} INFO - DAG(s) 'example_bash_decorator' retrieved from /home/airflow/.local/lib/python3.12/site-packages/airflow/example_dags/example_bash_decorator.py
[2025-08-09T18:29:46.701+0000] {logging_mixin.py:188} INFO - [2025-08-09T18:29:46.701+0000] {dag.py:3096} INFO - Sync 1 DAGs
[2025-08-09T18:29:46.739+0000] {logging_mixin.py:188} INFO - [2025-08-09T18:29:46.738+0000] {dag.py:3954} INFO - Setting next_dagrun for example_bash_decorator to None, run_after=None
[2025-08-09T18:29:46.785+0000] {processor.py:183} INFO - Processing /home/airflow/.local/lib/python3.12/site-packages/airflow/example_dags/example_bash_decorator.py took 0.210 seconds
[2025-08-09T18:30:17.441+0000] {processor.py:161} INFO - Started process (PID=428) to work on /home/airflow/.local/lib/python3.12/site-packages/airflow/example_dags/example_bash_decorator.py
[2025-08-09T18:30:17.442+0000] {processor.py:830} INFO - Processing file /home/airflow/.local/lib/python3.12/site-packages/airflow/example_dags/example_bash_decorator.py for tasks to queue
[2025-08-09T18:30:17.446+0000] {logging_mixin.py:188} INFO - [2025-08-09T18:30:17.445+0000] {dagbag.py:540} INFO - Filling up the DagBag from /home/airflow/.local/lib/python3.12/site-packages/airflow/example_dags/example_bash_decorator.py
[2025-08-09T18:30:17.479+0000] {processor.py:840} INFO - DAG(s) 'example_bash_decorator' retrieved from /home/airflow/.local/lib/python3.12/site-packages/airflow/example_dags/example_bash_decorator.py
[2025-08-09T18:30:17.534+0000] {logging_mixin.py:188} INFO - [2025-08-09T18:30:17.533+0000] {dag.py:3096} INFO - Sync 1 DAGs
[2025-08-09T18:30:17.560+0000] {logging_mixin.py:188} INFO - [2025-08-09T18:30:17.559+0000] {dag.py:3954} INFO - Setting next_dagrun for example_bash_decorator to None, run_after=None
[2025-08-09T18:30:17.610+0000] {processor.py:183} INFO - Processing /home/airflow/.local/lib/python3.12/site-packages/airflow/example_dags/example_bash_decorator.py took 0.184 seconds
[2025-08-09T18:30:48.422+0000] {processor.py:161} INFO - Started process (PID=487) to work on /home/airflow/.local/lib/python3.12/site-packages/airflow/example_dags/example_bash_decorator.py
[2025-08-09T18:30:48.440+0000] {processor.py:830} INFO - Processing file /home/airflow/.local/lib/python3.12/site-packages/airflow/example_dags/example_bash_decorator.py for tasks to queue
[2025-08-09T18:30:48.443+0000] {logging_mixin.py:188} INFO - [2025-08-09T18:30:48.443+0000] {dagbag.py:540} INFO - Filling up the DagBag from /home/airflow/.local/lib/python3.12/site-packages/airflow/example_dags/example_bash_decorator.py
[2025-08-09T18:30:48.462+0000] {processor.py:840} INFO - DAG(s) 'example_bash_decorator' retrieved from /home/airflow/.local/lib/python3.12/site-packages/airflow/example_dags/example_bash_decorator.py
[2025-08-09T18:30:48.500+0000] {logging_mixin.py:188} INFO - [2025-08-09T18:30:48.500+0000] {dag.py:3096} INFO - Sync 1 DAGs
[2025-08-09T18:30:48.522+0000] {logging_mixin.py:188} INFO - [2025-08-09T18:30:48.521+0000] {dag.py:3954} INFO - Setting next_dagrun for example_bash_decorator to None, run_after=None
[2025-08-09T18:30:48.565+0000] {processor.py:183} INFO - Processing /home/airflow/.local/lib/python3.12/site-packages/airflow/example_dags/example_bash_decorator.py took 0.151 seconds
[2025-08-09T18:31:18.687+0000] {processor.py:161} INFO - Started process (PID=546) to work on /home/airflow/.local/lib/python3.12/site-packages/airflow/example_dags/example_bash_decorator.py
[2025-08-09T18:31:18.689+0000] {processor.py:830} INFO - Processing file /home/airflow/.local/lib/python3.12/site-packages/airflow/example_dags/example_bash_decorator.py for tasks to queue
[2025-08-09T18:31:18.691+0000] {logging_mixin.py:188} INFO - [2025-08-09T18:31:18.691+0000] {dagbag.py:540} INFO - Filling up the DagBag from /home/airflow/.local/lib/python3.12/site-packages/airflow/example_dags/example_bash_decorator.py
[2025-08-09T18:31:18.707+0000] {processor.py:840} INFO - DAG(s) 'example_bash_decorator' retrieved from /home/airflow/.local/lib/python3.12/site-packages/airflow/example_dags/example_bash_decorator.py
[2025-08-09T18:31:18.736+0000] {logging_mixin.py:188} INFO - [2025-08-09T18:31:18.736+0000] {dag.py:3096} INFO - Sync 1 DAGs
[2025-08-09T18:31:18.753+0000] {logging_mixin.py:188} INFO - [2025-08-09T18:31:18.753+0000] {dag.py:3954} INFO - Setting next_dagrun for example_bash_decorator to None, run_after=None
[2025-08-09T18:31:18.789+0000] {processor.py:183} INFO - Processing /home/airflow/.local/lib/python3.12/site-packages/airflow/example_dags/example_bash_decorator.py took 0.109 seconds
[2025-08-09T18:31:49.593+0000] {processor.py:161} INFO - Started process (PID=605) to work on /home/airflow/.local/lib/python3.12/site-packages/airflow/example_dags/example_bash_decorator.py
[2025-08-09T18:31:49.594+0000] {processor.py:830} INFO - Processing file /home/airflow/.local/lib/python3.12/site-packages/airflow/example_dags/example_bash_decorator.py for tasks to queue
[2025-08-09T18:31:49.596+0000] {logging_mixin.py:188} INFO - [2025-08-09T18:31:49.596+0000] {dagbag.py:540} INFO - Filling up the DagBag from /home/airflow/.local/lib/python3.12/site-packages/airflow/example_dags/example_bash_decorator.py
[2025-08-09T18:31:49.621+0000] {processor.py:840} INFO - DAG(s) 'example_bash_decorator' retrieved from /home/airflow/.local/lib/python3.12/site-packages/airflow/example_dags/example_bash_decorator.py
[2025-08-09T18:31:49.652+0000] {logging_mixin.py:188} INFO - [2025-08-09T18:31:49.651+0000] {dag.py:3096} INFO - Sync 1 DAGs
[2025-08-09T18:31:49.672+0000] {logging_mixin.py:188} INFO - [2025-08-09T18:31:49.671+0000] {dag.py:3954} INFO - Setting next_dagrun for example_bash_decorator to None, run_after=None
[2025-08-09T18:31:49.700+0000] {processor.py:183} INFO - Processing /home/airflow/.local/lib/python3.12/site-packages/airflow/example_dags/example_bash_decorator.py took 0.115 seconds
[2025-08-09T18:32:19.952+0000] {processor.py:161} INFO - Started process (PID=663) to work on /home/airflow/.local/lib/python3.12/site-packages/airflow/example_dags/example_bash_decorator.py
[2025-08-09T18:32:19.953+0000] {processor.py:830} INFO - Processing file /home/airflow/.local/lib/python3.12/site-packages/airflow/example_dags/example_bash_decorator.py for tasks to queue
[2025-08-09T18:32:19.956+0000] {logging_mixin.py:188} INFO - [2025-08-09T18:32:19.956+0000] {dagbag.py:540} INFO - Filling up the DagBag from /home/airflow/.local/lib/python3.12/site-packages/airflow/example_dags/example_bash_decorator.py
[2025-08-09T18:32:19.983+0000] {processor.py:840} INFO - DAG(s) 'example_bash_decorator' retrieved from /home/airflow/.local/lib/python3.12/site-packages/airflow/example_dags/example_bash_decorator.py
[2025-08-09T18:32:20.034+0000] {logging_mixin.py:188} INFO - [2025-08-09T18:32:20.033+0000] {dag.py:3096} INFO - Sync 1 DAGs
[2025-08-09T18:32:20.058+0000] {logging_mixin.py:188} INFO - [2025-08-09T18:32:20.058+0000] {dag.py:3954} INFO - Setting next_dagrun for example_bash_decorator to None, run_after=None
[2025-08-09T18:32:20.097+0000] {processor.py:183} INFO - Processing /home/airflow/.local/lib/python3.12/site-packages/airflow/example_dags/example_bash_decorator.py took 0.155 seconds
[2025-08-09T18:32:50.379+0000] {processor.py:161} INFO - Started process (PID=722) to work on /home/airflow/.local/lib/python3.12/site-packages/airflow/example_dags/example_bash_decorator.py
[2025-08-09T18:32:50.381+0000] {processor.py:830} INFO - Processing file /home/airflow/.local/lib/python3.12/site-packages/airflow/example_dags/example_bash_decorator.py for tasks to queue
[2025-08-09T18:32:50.385+0000] {logging_mixin.py:188} INFO - [2025-08-09T18:32:50.384+0000] {dagbag.py:540} INFO - Filling up the DagBag from /home/airflow/.local/lib/python3.12/site-packages/airflow/example_dags/example_bash_decorator.py
[2025-08-09T18:32:50.406+0000] {processor.py:840} INFO - DAG(s) 'example_bash_decorator' retrieved from /home/airflow/.local/lib/python3.12/site-packages/airflow/example_dags/example_bash_decorator.py
[2025-08-09T18:32:50.442+0000] {logging_mixin.py:188} INFO - [2025-08-09T18:32:50.442+0000] {dag.py:3096} INFO - Sync 1 DAGs
[2025-08-09T18:32:50.461+0000] {logging_mixin.py:188} INFO - [2025-08-09T18:32:50.460+0000] {dag.py:3954} INFO - Setting next_dagrun for example_bash_decorator to None, run_after=None
[2025-08-09T18:32:50.499+0000] {processor.py:183} INFO - Processing /home/airflow/.local/lib/python3.12/site-packages/airflow/example_dags/example_bash_decorator.py took 0.127 seconds
[2025-08-09T18:33:21.347+0000] {processor.py:161} INFO - Started process (PID=781) to work on /home/airflow/.local/lib/python3.12/site-packages/airflow/example_dags/example_bash_decorator.py
[2025-08-09T18:33:21.349+0000] {processor.py:830} INFO - Processing file /home/airflow/.local/lib/python3.12/site-packages/airflow/example_dags/example_bash_decorator.py for tasks to queue
[2025-08-09T18:33:21.351+0000] {logging_mixin.py:188} INFO - [2025-08-09T18:33:21.351+0000] {dagbag.py:540} INFO - Filling up the DagBag from /home/airflow/.local/lib/python3.12/site-packages/airflow/example_dags/example_bash_decorator.py
[2025-08-09T18:33:21.366+0000] {processor.py:840} INFO - DAG(s) 'example_bash_decorator' retrieved from /home/airflow/.local/lib/python3.12/site-packages/airflow/example_dags/example_bash_decorator.py
[2025-08-09T18:33:21.395+0000] {logging_mixin.py:188} INFO - [2025-08-09T18:33:21.394+0000] {dag.py:3096} INFO - Sync 1 DAGs
[2025-08-09T18:33:21.411+0000] {logging_mixin.py:188} INFO - [2025-08-09T18:33:21.411+0000] {dag.py:3954} INFO - Setting next_dagrun for example_bash_decorator to None, run_after=None
[2025-08-09T18:33:21.433+0000] {processor.py:183} INFO - Processing /home/airflow/.local/lib/python3.12/site-packages/airflow/example_dags/example_bash_decorator.py took 0.093 seconds
[2025-08-09T18:33:51.907+0000] {processor.py:161} INFO - Started process (PID=841) to work on /home/airflow/.local/lib/python3.12/site-packages/airflow/example_dags/example_bash_decorator.py
[2025-08-09T18:33:51.908+0000] {processor.py:830} INFO - Processing file /home/airflow/.local/lib/python3.12/site-packages/airflow/example_dags/example_bash_decorator.py for tasks to queue
[2025-08-09T18:33:51.910+0000] {logging_mixin.py:188} INFO - [2025-08-09T18:33:51.910+0000] {dagbag.py:540} INFO - Filling up the DagBag from /home/airflow/.local/lib/python3.12/site-packages/airflow/example_dags/example_bash_decorator.py
[2025-08-09T18:33:51.926+0000] {processor.py:840} INFO - DAG(s) 'example_bash_decorator' retrieved from /home/airflow/.local/lib/python3.12/site-packages/airflow/example_dags/example_bash_decorator.py
[2025-08-09T18:33:51.956+0000] {logging_mixin.py:188} INFO - [2025-08-09T18:33:51.955+0000] {dag.py:3096} INFO - Sync 1 DAGs
[2025-08-09T18:33:51.973+0000] {logging_mixin.py:188} INFO - [2025-08-09T18:33:51.973+0000] {dag.py:3954} INFO - Setting next_dagrun for example_bash_decorator to None, run_after=None
[2025-08-09T18:33:52.002+0000] {processor.py:183} INFO - Processing /home/airflow/.local/lib/python3.12/site-packages/airflow/example_dags/example_bash_decorator.py took 0.103 seconds
[2025-08-09T18:34:22.768+0000] {processor.py:161} INFO - Started process (PID=900) to work on /home/airflow/.local/lib/python3.12/site-packages/airflow/example_dags/example_bash_decorator.py
[2025-08-09T18:34:22.770+0000] {processor.py:830} INFO - Processing file /home/airflow/.local/lib/python3.12/site-packages/airflow/example_dags/example_bash_decorator.py for tasks to queue
[2025-08-09T18:34:22.772+0000] {logging_mixin.py:188} INFO - [2025-08-09T18:34:22.772+0000] {dagbag.py:540} INFO - Filling up the DagBag from /home/airflow/.local/lib/python3.12/site-packages/airflow/example_dags/example_bash_decorator.py
[2025-08-09T18:34:22.788+0000] {processor.py:840} INFO - DAG(s) 'example_bash_decorator' retrieved from /home/airflow/.local/lib/python3.12/site-packages/airflow/example_dags/example_bash_decorator.py
[2025-08-09T18:34:22.822+0000] {logging_mixin.py:188} INFO - [2025-08-09T18:34:22.821+0000] {dag.py:3096} INFO - Sync 1 DAGs
[2025-08-09T18:34:22.838+0000] {logging_mixin.py:188} INFO - [2025-08-09T18:34:22.838+0000] {dag.py:3954} INFO - Setting next_dagrun for example_bash_decorator to None, run_after=None
[2025-08-09T18:34:22.868+0000] {processor.py:183} INFO - Processing /home/airflow/.local/lib/python3.12/site-packages/airflow/example_dags/example_bash_decorator.py took 0.106 seconds
[2025-08-09T18:34:53.131+0000] {processor.py:161} INFO - Started process (PID=959) to work on /home/airflow/.local/lib/python3.12/site-packages/airflow/example_dags/example_bash_decorator.py
[2025-08-09T18:34:53.132+0000] {processor.py:830} INFO - Processing file /home/airflow/.local/lib/python3.12/site-packages/airflow/example_dags/example_bash_decorator.py for tasks to queue
[2025-08-09T18:34:53.135+0000] {logging_mixin.py:188} INFO - [2025-08-09T18:34:53.134+0000] {dagbag.py:540} INFO - Filling up the DagBag from /home/airflow/.local/lib/python3.12/site-packages/airflow/example_dags/example_bash_decorator.py
[2025-08-09T18:34:53.160+0000] {processor.py:840} INFO - DAG(s) 'example_bash_decorator' retrieved from /home/airflow/.local/lib/python3.12/site-packages/airflow/example_dags/example_bash_decorator.py
[2025-08-09T18:34:53.200+0000] {logging_mixin.py:188} INFO - [2025-08-09T18:34:53.200+0000] {dag.py:3096} INFO - Sync 1 DAGs
[2025-08-09T18:34:53.226+0000] {logging_mixin.py:188} INFO - [2025-08-09T18:34:53.224+0000] {dag.py:3954} INFO - Setting next_dagrun for example_bash_decorator to None, run_after=None
[2025-08-09T18:34:53.254+0000] {processor.py:183} INFO - Processing /home/airflow/.local/lib/python3.12/site-packages/airflow/example_dags/example_bash_decorator.py took 0.133 seconds
[2025-08-09T18:35:23.732+0000] {processor.py:161} INFO - Started process (PID=1018) to work on /home/airflow/.local/lib/python3.12/site-packages/airflow/example_dags/example_bash_decorator.py
[2025-08-09T18:35:23.733+0000] {processor.py:830} INFO - Processing file /home/airflow/.local/lib/python3.12/site-packages/airflow/example_dags/example_bash_decorator.py for tasks to queue
[2025-08-09T18:35:23.736+0000] {logging_mixin.py:188} INFO - [2025-08-09T18:35:23.735+0000] {dagbag.py:540} INFO - Filling up the DagBag from /home/airflow/.local/lib/python3.12/site-packages/airflow/example_dags/example_bash_decorator.py
[2025-08-09T18:35:23.752+0000] {processor.py:840} INFO - DAG(s) 'example_bash_decorator' retrieved from /home/airflow/.local/lib/python3.12/site-packages/airflow/example_dags/example_bash_decorator.py
[2025-08-09T18:35:24.018+0000] {logging_mixin.py:188} INFO - [2025-08-09T18:35:24.018+0000] {dag.py:3096} INFO - Sync 1 DAGs
[2025-08-09T18:35:24.035+0000] {logging_mixin.py:188} INFO - [2025-08-09T18:35:24.035+0000] {dag.py:3954} INFO - Setting next_dagrun for example_bash_decorator to None, run_after=None
[2025-08-09T18:35:24.062+0000] {processor.py:183} INFO - Processing /home/airflow/.local/lib/python3.12/site-packages/airflow/example_dags/example_bash_decorator.py took 0.338 seconds
[2025-08-09T18:35:54.348+0000] {processor.py:161} INFO - Started process (PID=1077) to work on /home/airflow/.local/lib/python3.12/site-packages/airflow/example_dags/example_bash_decorator.py
[2025-08-09T18:35:54.349+0000] {processor.py:830} INFO - Processing file /home/airflow/.local/lib/python3.12/site-packages/airflow/example_dags/example_bash_decorator.py for tasks to queue
[2025-08-09T18:35:54.353+0000] {logging_mixin.py:188} INFO - [2025-08-09T18:35:54.352+0000] {dagbag.py:540} INFO - Filling up the DagBag from /home/airflow/.local/lib/python3.12/site-packages/airflow/example_dags/example_bash_decorator.py
[2025-08-09T18:35:54.373+0000] {processor.py:840} INFO - DAG(s) 'example_bash_decorator' retrieved from /home/airflow/.local/lib/python3.12/site-packages/airflow/example_dags/example_bash_decorator.py
[2025-08-09T18:35:54.425+0000] {logging_mixin.py:188} INFO - [2025-08-09T18:35:54.424+0000] {dag.py:3096} INFO - Sync 1 DAGs
[2025-08-09T18:35:54.460+0000] {logging_mixin.py:188} INFO - [2025-08-09T18:35:54.460+0000] {dag.py:3954} INFO - Setting next_dagrun for example_bash_decorator to None, run_after=None
[2025-08-09T18:35:54.498+0000] {processor.py:183} INFO - Processing /home/airflow/.local/lib/python3.12/site-packages/airflow/example_dags/example_bash_decorator.py took 0.178 seconds
[2025-08-09T18:36:24.818+0000] {processor.py:161} INFO - Started process (PID=1136) to work on /home/airflow/.local/lib/python3.12/site-packages/airflow/example_dags/example_bash_decorator.py
[2025-08-09T18:36:24.821+0000] {processor.py:830} INFO - Processing file /home/airflow/.local/lib/python3.12/site-packages/airflow/example_dags/example_bash_decorator.py for tasks to queue
[2025-08-09T18:36:24.825+0000] {logging_mixin.py:188} INFO - [2025-08-09T18:36:24.824+0000] {dagbag.py:540} INFO - Filling up the DagBag from /home/airflow/.local/lib/python3.12/site-packages/airflow/example_dags/example_bash_decorator.py
[2025-08-09T18:36:24.860+0000] {processor.py:840} INFO - DAG(s) 'example_bash_decorator' retrieved from /home/airflow/.local/lib/python3.12/site-packages/airflow/example_dags/example_bash_decorator.py
[2025-08-09T18:36:24.925+0000] {logging_mixin.py:188} INFO - [2025-08-09T18:36:24.925+0000] {dag.py:3096} INFO - Sync 1 DAGs
[2025-08-09T18:36:24.956+0000] {logging_mixin.py:188} INFO - [2025-08-09T18:36:24.955+0000] {dag.py:3954} INFO - Setting next_dagrun for example_bash_decorator to None, run_after=None
[2025-08-09T18:36:24.989+0000] {processor.py:183} INFO - Processing /home/airflow/.local/lib/python3.12/site-packages/airflow/example_dags/example_bash_decorator.py took 0.184 seconds
[2025-08-09T18:36:55.183+0000] {processor.py:161} INFO - Started process (PID=1195) to work on /home/airflow/.local/lib/python3.12/site-packages/airflow/example_dags/example_bash_decorator.py
[2025-08-09T18:36:55.184+0000] {processor.py:830} INFO - Processing file /home/airflow/.local/lib/python3.12/site-packages/airflow/example_dags/example_bash_decorator.py for tasks to queue
[2025-08-09T18:36:55.187+0000] {logging_mixin.py:188} INFO - [2025-08-09T18:36:55.186+0000] {dagbag.py:540} INFO - Filling up the DagBag from /home/airflow/.local/lib/python3.12/site-packages/airflow/example_dags/example_bash_decorator.py
[2025-08-09T18:36:55.203+0000] {processor.py:840} INFO - DAG(s) 'example_bash_decorator' retrieved from /home/airflow/.local/lib/python3.12/site-packages/airflow/example_dags/example_bash_decorator.py
[2025-08-09T18:36:55.288+0000] {logging_mixin.py:188} INFO - [2025-08-09T18:36:55.288+0000] {dag.py:3096} INFO - Sync 1 DAGs
[2025-08-09T18:36:55.309+0000] {logging_mixin.py:188} INFO - [2025-08-09T18:36:55.309+0000] {dag.py:3954} INFO - Setting next_dagrun for example_bash_decorator to None, run_after=None
[2025-08-09T18:36:55.367+0000] {processor.py:183} INFO - Processing /home/airflow/.local/lib/python3.12/site-packages/airflow/example_dags/example_bash_decorator.py took 0.191 seconds
[2025-08-09T18:37:25.728+0000] {processor.py:161} INFO - Started process (PID=1254) to work on /home/airflow/.local/lib/python3.12/site-packages/airflow/example_dags/example_bash_decorator.py
[2025-08-09T18:37:25.729+0000] {processor.py:830} INFO - Processing file /home/airflow/.local/lib/python3.12/site-packages/airflow/example_dags/example_bash_decorator.py for tasks to queue
[2025-08-09T18:37:25.732+0000] {logging_mixin.py:188} INFO - [2025-08-09T18:37:25.731+0000] {dagbag.py:540} INFO - Filling up the DagBag from /home/airflow/.local/lib/python3.12/site-packages/airflow/example_dags/example_bash_decorator.py
[2025-08-09T18:37:25.750+0000] {processor.py:840} INFO - DAG(s) 'example_bash_decorator' retrieved from /home/airflow/.local/lib/python3.12/site-packages/airflow/example_dags/example_bash_decorator.py
[2025-08-09T18:37:25.786+0000] {logging_mixin.py:188} INFO - [2025-08-09T18:37:25.786+0000] {dag.py:3096} INFO - Sync 1 DAGs
[2025-08-09T18:37:25.809+0000] {logging_mixin.py:188} INFO - [2025-08-09T18:37:25.809+0000] {dag.py:3954} INFO - Setting next_dagrun for example_bash_decorator to None, run_after=None
[2025-08-09T18:37:25.834+0000] {processor.py:183} INFO - Processing /home/airflow/.local/lib/python3.12/site-packages/airflow/example_dags/example_bash_decorator.py took 0.114 seconds
[2025-08-09T18:37:55.994+0000] {processor.py:161} INFO - Started process (PID=1313) to work on /home/airflow/.local/lib/python3.12/site-packages/airflow/example_dags/example_bash_decorator.py
[2025-08-09T18:37:55.996+0000] {processor.py:830} INFO - Processing file /home/airflow/.local/lib/python3.12/site-packages/airflow/example_dags/example_bash_decorator.py for tasks to queue
[2025-08-09T18:37:56.000+0000] {logging_mixin.py:188} INFO - [2025-08-09T18:37:55.999+0000] {dagbag.py:540} INFO - Filling up the DagBag from /home/airflow/.local/lib/python3.12/site-packages/airflow/example_dags/example_bash_decorator.py
[2025-08-09T18:37:56.026+0000] {processor.py:840} INFO - DAG(s) 'example_bash_decorator' retrieved from /home/airflow/.local/lib/python3.12/site-packages/airflow/example_dags/example_bash_decorator.py
[2025-08-09T18:37:56.071+0000] {logging_mixin.py:188} INFO - [2025-08-09T18:37:56.070+0000] {dag.py:3096} INFO - Sync 1 DAGs
[2025-08-09T18:37:56.091+0000] {logging_mixin.py:188} INFO - [2025-08-09T18:37:56.090+0000] {dag.py:3954} INFO - Setting next_dagrun for example_bash_decorator to None, run_after=None
[2025-08-09T18:37:56.124+0000] {processor.py:183} INFO - Processing /home/airflow/.local/lib/python3.12/site-packages/airflow/example_dags/example_bash_decorator.py took 0.143 seconds
[2025-08-09T18:38:26.386+0000] {processor.py:161} INFO - Started process (PID=1372) to work on /home/airflow/.local/lib/python3.12/site-packages/airflow/example_dags/example_bash_decorator.py
[2025-08-09T18:38:26.387+0000] {processor.py:830} INFO - Processing file /home/airflow/.local/lib/python3.12/site-packages/airflow/example_dags/example_bash_decorator.py for tasks to queue
[2025-08-09T18:38:26.390+0000] {logging_mixin.py:188} INFO - [2025-08-09T18:38:26.389+0000] {dagbag.py:540} INFO - Filling up the DagBag from /home/airflow/.local/lib/python3.12/site-packages/airflow/example_dags/example_bash_decorator.py
[2025-08-09T18:38:26.405+0000] {processor.py:840} INFO - DAG(s) 'example_bash_decorator' retrieved from /home/airflow/.local/lib/python3.12/site-packages/airflow/example_dags/example_bash_decorator.py
[2025-08-09T18:38:26.435+0000] {logging_mixin.py:188} INFO - [2025-08-09T18:38:26.435+0000] {dag.py:3096} INFO - Sync 1 DAGs
[2025-08-09T18:38:26.454+0000] {logging_mixin.py:188} INFO - [2025-08-09T18:38:26.454+0000] {dag.py:3954} INFO - Setting next_dagrun for example_bash_decorator to None, run_after=None
[2025-08-09T18:38:26.494+0000] {processor.py:183} INFO - Processing /home/airflow/.local/lib/python3.12/site-packages/airflow/example_dags/example_bash_decorator.py took 0.114 seconds
[2025-08-09T18:38:57.274+0000] {processor.py:161} INFO - Started process (PID=1431) to work on /home/airflow/.local/lib/python3.12/site-packages/airflow/example_dags/example_bash_decorator.py
[2025-08-09T18:38:57.277+0000] {processor.py:830} INFO - Processing file /home/airflow/.local/lib/python3.12/site-packages/airflow/example_dags/example_bash_decorator.py for tasks to queue
[2025-08-09T18:38:57.281+0000] {logging_mixin.py:188} INFO - [2025-08-09T18:38:57.280+0000] {dagbag.py:540} INFO - Filling up the DagBag from /home/airflow/.local/lib/python3.12/site-packages/airflow/example_dags/example_bash_decorator.py
[2025-08-09T18:38:57.328+0000] {processor.py:840} INFO - DAG(s) 'example_bash_decorator' retrieved from /home/airflow/.local/lib/python3.12/site-packages/airflow/example_dags/example_bash_decorator.py
[2025-08-09T18:38:57.374+0000] {logging_mixin.py:188} INFO - [2025-08-09T18:38:57.374+0000] {dag.py:3096} INFO - Sync 1 DAGs
[2025-08-09T18:38:57.406+0000] {logging_mixin.py:188} INFO - [2025-08-09T18:38:57.405+0000] {dag.py:3954} INFO - Setting next_dagrun for example_bash_decorator to None, run_after=None
[2025-08-09T18:38:57.441+0000] {processor.py:183} INFO - Processing /home/airflow/.local/lib/python3.12/site-packages/airflow/example_dags/example_bash_decorator.py took 0.184 seconds
[2025-08-09T18:39:27.895+0000] {processor.py:161} INFO - Started process (PID=1490) to work on /home/airflow/.local/lib/python3.12/site-packages/airflow/example_dags/example_bash_decorator.py
[2025-08-09T18:39:27.897+0000] {processor.py:830} INFO - Processing file /home/airflow/.local/lib/python3.12/site-packages/airflow/example_dags/example_bash_decorator.py for tasks to queue
[2025-08-09T18:39:27.900+0000] {logging_mixin.py:188} INFO - [2025-08-09T18:39:27.899+0000] {dagbag.py:540} INFO - Filling up the DagBag from /home/airflow/.local/lib/python3.12/site-packages/airflow/example_dags/example_bash_decorator.py
[2025-08-09T18:39:27.920+0000] {processor.py:840} INFO - DAG(s) 'example_bash_decorator' retrieved from /home/airflow/.local/lib/python3.12/site-packages/airflow/example_dags/example_bash_decorator.py
[2025-08-09T18:39:27.956+0000] {logging_mixin.py:188} INFO - [2025-08-09T18:39:27.956+0000] {dag.py:3096} INFO - Sync 1 DAGs
[2025-08-09T18:39:27.985+0000] {logging_mixin.py:188} INFO - [2025-08-09T18:39:27.984+0000] {dag.py:3954} INFO - Setting next_dagrun for example_bash_decorator to None, run_after=None
[2025-08-09T18:39:28.016+0000] {processor.py:183} INFO - Processing /home/airflow/.local/lib/python3.12/site-packages/airflow/example_dags/example_bash_decorator.py took 0.132 seconds
[2025-08-09T18:39:58.695+0000] {processor.py:161} INFO - Started process (PID=1549) to work on /home/airflow/.local/lib/python3.12/site-packages/airflow/example_dags/example_bash_decorator.py
[2025-08-09T18:39:58.697+0000] {processor.py:830} INFO - Processing file /home/airflow/.local/lib/python3.12/site-packages/airflow/example_dags/example_bash_decorator.py for tasks to queue
[2025-08-09T18:39:58.700+0000] {logging_mixin.py:188} INFO - [2025-08-09T18:39:58.700+0000] {dagbag.py:540} INFO - Filling up the DagBag from /home/airflow/.local/lib/python3.12/site-packages/airflow/example_dags/example_bash_decorator.py
[2025-08-09T18:39:58.722+0000] {processor.py:840} INFO - DAG(s) 'example_bash_decorator' retrieved from /home/airflow/.local/lib/python3.12/site-packages/airflow/example_dags/example_bash_decorator.py
[2025-08-09T18:39:58.762+0000] {logging_mixin.py:188} INFO - [2025-08-09T18:39:58.762+0000] {dag.py:3096} INFO - Sync 1 DAGs
[2025-08-09T18:39:58.803+0000] {logging_mixin.py:188} INFO - [2025-08-09T18:39:58.803+0000] {dag.py:3954} INFO - Setting next_dagrun for example_bash_decorator to None, run_after=None
[2025-08-09T18:39:58.892+0000] {processor.py:183} INFO - Processing /home/airflow/.local/lib/python3.12/site-packages/airflow/example_dags/example_bash_decorator.py took 0.208 seconds
[2025-08-09T18:40:29.230+0000] {processor.py:161} INFO - Started process (PID=1608) to work on /home/airflow/.local/lib/python3.12/site-packages/airflow/example_dags/example_bash_decorator.py
[2025-08-09T18:40:29.233+0000] {processor.py:830} INFO - Processing file /home/airflow/.local/lib/python3.12/site-packages/airflow/example_dags/example_bash_decorator.py for tasks to queue
[2025-08-09T18:40:29.239+0000] {logging_mixin.py:188} INFO - [2025-08-09T18:40:29.238+0000] {dagbag.py:540} INFO - Filling up the DagBag from /home/airflow/.local/lib/python3.12/site-packages/airflow/example_dags/example_bash_decorator.py
[2025-08-09T18:40:29.281+0000] {processor.py:840} INFO - DAG(s) 'example_bash_decorator' retrieved from /home/airflow/.local/lib/python3.12/site-packages/airflow/example_dags/example_bash_decorator.py
[2025-08-09T18:40:29.334+0000] {logging_mixin.py:188} INFO - [2025-08-09T18:40:29.334+0000] {dag.py:3096} INFO - Sync 1 DAGs
[2025-08-09T18:40:29.366+0000] {logging_mixin.py:188} INFO - [2025-08-09T18:40:29.365+0000] {dag.py:3954} INFO - Setting next_dagrun for example_bash_decorator to None, run_after=None
[2025-08-09T18:40:29.401+0000] {processor.py:183} INFO - Processing /home/airflow/.local/lib/python3.12/site-packages/airflow/example_dags/example_bash_decorator.py took 0.184 seconds
[2025-08-09T18:41:00.121+0000] {processor.py:161} INFO - Started process (PID=1667) to work on /home/airflow/.local/lib/python3.12/site-packages/airflow/example_dags/example_bash_decorator.py
[2025-08-09T18:41:00.125+0000] {processor.py:830} INFO - Processing file /home/airflow/.local/lib/python3.12/site-packages/airflow/example_dags/example_bash_decorator.py for tasks to queue
[2025-08-09T18:41:00.129+0000] {logging_mixin.py:188} INFO - [2025-08-09T18:41:00.128+0000] {dagbag.py:540} INFO - Filling up the DagBag from /home/airflow/.local/lib/python3.12/site-packages/airflow/example_dags/example_bash_decorator.py
[2025-08-09T18:41:00.179+0000] {processor.py:840} INFO - DAG(s) 'example_bash_decorator' retrieved from /home/airflow/.local/lib/python3.12/site-packages/airflow/example_dags/example_bash_decorator.py
[2025-08-09T18:41:00.218+0000] {logging_mixin.py:188} INFO - [2025-08-09T18:41:00.218+0000] {dag.py:3096} INFO - Sync 1 DAGs
[2025-08-09T18:41:00.236+0000] {logging_mixin.py:188} INFO - [2025-08-09T18:41:00.236+0000] {dag.py:3954} INFO - Setting next_dagrun for example_bash_decorator to None, run_after=None
[2025-08-09T18:41:00.274+0000] {processor.py:183} INFO - Processing /home/airflow/.local/lib/python3.12/site-packages/airflow/example_dags/example_bash_decorator.py took 0.169 seconds
[2025-08-09T18:41:30.467+0000] {processor.py:161} INFO - Started process (PID=1727) to work on /home/airflow/.local/lib/python3.12/site-packages/airflow/example_dags/example_bash_decorator.py
[2025-08-09T18:41:30.469+0000] {processor.py:830} INFO - Processing file /home/airflow/.local/lib/python3.12/site-packages/airflow/example_dags/example_bash_decorator.py for tasks to queue
[2025-08-09T18:41:30.471+0000] {logging_mixin.py:188} INFO - [2025-08-09T18:41:30.471+0000] {dagbag.py:540} INFO - Filling up the DagBag from /home/airflow/.local/lib/python3.12/site-packages/airflow/example_dags/example_bash_decorator.py
[2025-08-09T18:41:30.494+0000] {processor.py:840} INFO - DAG(s) 'example_bash_decorator' retrieved from /home/airflow/.local/lib/python3.12/site-packages/airflow/example_dags/example_bash_decorator.py
[2025-08-09T18:41:30.530+0000] {logging_mixin.py:188} INFO - [2025-08-09T18:41:30.530+0000] {dag.py:3096} INFO - Sync 1 DAGs
[2025-08-09T18:41:30.546+0000] {logging_mixin.py:188} INFO - [2025-08-09T18:41:30.546+0000] {dag.py:3954} INFO - Setting next_dagrun for example_bash_decorator to None, run_after=None
[2025-08-09T18:41:30.569+0000] {processor.py:183} INFO - Processing /home/airflow/.local/lib/python3.12/site-packages/airflow/example_dags/example_bash_decorator.py took 0.111 seconds
[2025-08-09T18:42:00.691+0000] {processor.py:161} INFO - Started process (PID=1786) to work on /home/airflow/.local/lib/python3.12/site-packages/airflow/example_dags/example_bash_decorator.py
[2025-08-09T18:42:00.693+0000] {processor.py:830} INFO - Processing file /home/airflow/.local/lib/python3.12/site-packages/airflow/example_dags/example_bash_decorator.py for tasks to queue
[2025-08-09T18:42:00.695+0000] {logging_mixin.py:188} INFO - [2025-08-09T18:42:00.694+0000] {dagbag.py:540} INFO - Filling up the DagBag from /home/airflow/.local/lib/python3.12/site-packages/airflow/example_dags/example_bash_decorator.py
[2025-08-09T18:42:00.711+0000] {processor.py:840} INFO - DAG(s) 'example_bash_decorator' retrieved from /home/airflow/.local/lib/python3.12/site-packages/airflow/example_dags/example_bash_decorator.py
[2025-08-09T18:42:00.740+0000] {logging_mixin.py:188} INFO - [2025-08-09T18:42:00.740+0000] {dag.py:3096} INFO - Sync 1 DAGs
[2025-08-09T18:42:00.755+0000] {logging_mixin.py:188} INFO - [2025-08-09T18:42:00.755+0000] {dag.py:3954} INFO - Setting next_dagrun for example_bash_decorator to None, run_after=None
[2025-08-09T18:42:00.785+0000] {processor.py:183} INFO - Processing /home/airflow/.local/lib/python3.12/site-packages/airflow/example_dags/example_bash_decorator.py took 0.102 seconds
[2025-08-09T18:42:31.206+0000] {processor.py:161} INFO - Started process (PID=1845) to work on /home/airflow/.local/lib/python3.12/site-packages/airflow/example_dags/example_bash_decorator.py
[2025-08-09T18:42:31.207+0000] {processor.py:830} INFO - Processing file /home/airflow/.local/lib/python3.12/site-packages/airflow/example_dags/example_bash_decorator.py for tasks to queue
[2025-08-09T18:42:31.210+0000] {logging_mixin.py:188} INFO - [2025-08-09T18:42:31.209+0000] {dagbag.py:540} INFO - Filling up the DagBag from /home/airflow/.local/lib/python3.12/site-packages/airflow/example_dags/example_bash_decorator.py
[2025-08-09T18:42:31.226+0000] {processor.py:840} INFO - DAG(s) 'example_bash_decorator' retrieved from /home/airflow/.local/lib/python3.12/site-packages/airflow/example_dags/example_bash_decorator.py
[2025-08-09T18:42:31.260+0000] {logging_mixin.py:188} INFO - [2025-08-09T18:42:31.259+0000] {dag.py:3096} INFO - Sync 1 DAGs
[2025-08-09T18:42:31.277+0000] {logging_mixin.py:188} INFO - [2025-08-09T18:42:31.277+0000] {dag.py:3954} INFO - Setting next_dagrun for example_bash_decorator to None, run_after=None
[2025-08-09T18:42:31.306+0000] {processor.py:183} INFO - Processing /home/airflow/.local/lib/python3.12/site-packages/airflow/example_dags/example_bash_decorator.py took 0.109 seconds
[2025-08-09T18:43:01.590+0000] {processor.py:161} INFO - Started process (PID=1904) to work on /home/airflow/.local/lib/python3.12/site-packages/airflow/example_dags/example_bash_decorator.py
[2025-08-09T18:43:01.608+0000] {processor.py:830} INFO - Processing file /home/airflow/.local/lib/python3.12/site-packages/airflow/example_dags/example_bash_decorator.py for tasks to queue
[2025-08-09T18:43:01.613+0000] {logging_mixin.py:188} INFO - [2025-08-09T18:43:01.612+0000] {dagbag.py:540} INFO - Filling up the DagBag from /home/airflow/.local/lib/python3.12/site-packages/airflow/example_dags/example_bash_decorator.py
[2025-08-09T18:43:01.639+0000] {processor.py:840} INFO - DAG(s) 'example_bash_decorator' retrieved from /home/airflow/.local/lib/python3.12/site-packages/airflow/example_dags/example_bash_decorator.py
[2025-08-09T18:43:01.690+0000] {logging_mixin.py:188} INFO - [2025-08-09T18:43:01.690+0000] {dag.py:3096} INFO - Sync 1 DAGs
[2025-08-09T18:43:01.722+0000] {logging_mixin.py:188} INFO - [2025-08-09T18:43:01.722+0000] {dag.py:3954} INFO - Setting next_dagrun for example_bash_decorator to None, run_after=None
[2025-08-09T18:43:01.749+0000] {processor.py:183} INFO - Processing /home/airflow/.local/lib/python3.12/site-packages/airflow/example_dags/example_bash_decorator.py took 0.169 seconds
[2025-08-09T18:43:32.404+0000] {processor.py:161} INFO - Started process (PID=1963) to work on /home/airflow/.local/lib/python3.12/site-packages/airflow/example_dags/example_bash_decorator.py
[2025-08-09T18:43:32.406+0000] {processor.py:830} INFO - Processing file /home/airflow/.local/lib/python3.12/site-packages/airflow/example_dags/example_bash_decorator.py for tasks to queue
[2025-08-09T18:43:32.410+0000] {logging_mixin.py:188} INFO - [2025-08-09T18:43:32.409+0000] {dagbag.py:540} INFO - Filling up the DagBag from /home/airflow/.local/lib/python3.12/site-packages/airflow/example_dags/example_bash_decorator.py
[2025-08-09T18:43:32.437+0000] {processor.py:840} INFO - DAG(s) 'example_bash_decorator' retrieved from /home/airflow/.local/lib/python3.12/site-packages/airflow/example_dags/example_bash_decorator.py
[2025-08-09T18:43:32.474+0000] {logging_mixin.py:188} INFO - [2025-08-09T18:43:32.474+0000] {dag.py:3096} INFO - Sync 1 DAGs
[2025-08-09T18:43:32.491+0000] {logging_mixin.py:188} INFO - [2025-08-09T18:43:32.491+0000] {dag.py:3954} INFO - Setting next_dagrun for example_bash_decorator to None, run_after=None
[2025-08-09T18:43:32.521+0000] {processor.py:183} INFO - Processing /home/airflow/.local/lib/python3.12/site-packages/airflow/example_dags/example_bash_decorator.py took 0.128 seconds
[2025-08-09T18:44:02.910+0000] {processor.py:161} INFO - Started process (PID=2022) to work on /home/airflow/.local/lib/python3.12/site-packages/airflow/example_dags/example_bash_decorator.py
[2025-08-09T18:44:02.912+0000] {processor.py:830} INFO - Processing file /home/airflow/.local/lib/python3.12/site-packages/airflow/example_dags/example_bash_decorator.py for tasks to queue
[2025-08-09T18:44:02.917+0000] {logging_mixin.py:188} INFO - [2025-08-09T18:44:02.916+0000] {dagbag.py:540} INFO - Filling up the DagBag from /home/airflow/.local/lib/python3.12/site-packages/airflow/example_dags/example_bash_decorator.py
[2025-08-09T18:44:02.939+0000] {processor.py:840} INFO - DAG(s) 'example_bash_decorator' retrieved from /home/airflow/.local/lib/python3.12/site-packages/airflow/example_dags/example_bash_decorator.py
[2025-08-09T18:44:02.986+0000] {logging_mixin.py:188} INFO - [2025-08-09T18:44:02.986+0000] {dag.py:3096} INFO - Sync 1 DAGs
[2025-08-09T18:44:03.009+0000] {logging_mixin.py:188} INFO - [2025-08-09T18:44:03.009+0000] {dag.py:3954} INFO - Setting next_dagrun for example_bash_decorator to None, run_after=None
[2025-08-09T18:44:03.039+0000] {processor.py:183} INFO - Processing /home/airflow/.local/lib/python3.12/site-packages/airflow/example_dags/example_bash_decorator.py took 0.140 seconds
[2025-08-09T18:44:33.356+0000] {processor.py:161} INFO - Started process (PID=2081) to work on /home/airflow/.local/lib/python3.12/site-packages/airflow/example_dags/example_bash_decorator.py
[2025-08-09T18:44:33.357+0000] {processor.py:830} INFO - Processing file /home/airflow/.local/lib/python3.12/site-packages/airflow/example_dags/example_bash_decorator.py for tasks to queue
[2025-08-09T18:44:33.361+0000] {logging_mixin.py:188} INFO - [2025-08-09T18:44:33.360+0000] {dagbag.py:540} INFO - Filling up the DagBag from /home/airflow/.local/lib/python3.12/site-packages/airflow/example_dags/example_bash_decorator.py
[2025-08-09T18:44:33.392+0000] {processor.py:840} INFO - DAG(s) 'example_bash_decorator' retrieved from /home/airflow/.local/lib/python3.12/site-packages/airflow/example_dags/example_bash_decorator.py
[2025-08-09T18:44:33.425+0000] {logging_mixin.py:188} INFO - [2025-08-09T18:44:33.425+0000] {dag.py:3096} INFO - Sync 1 DAGs
[2025-08-09T18:44:33.450+0000] {logging_mixin.py:188} INFO - [2025-08-09T18:44:33.449+0000] {dag.py:3954} INFO - Setting next_dagrun for example_bash_decorator to None, run_after=None
[2025-08-09T18:44:33.484+0000] {processor.py:183} INFO - Processing /home/airflow/.local/lib/python3.12/site-packages/airflow/example_dags/example_bash_decorator.py took 0.143 seconds
[2025-08-09T18:45:03.718+0000] {processor.py:161} INFO - Started process (PID=2140) to work on /home/airflow/.local/lib/python3.12/site-packages/airflow/example_dags/example_bash_decorator.py
[2025-08-09T18:45:03.720+0000] {processor.py:830} INFO - Processing file /home/airflow/.local/lib/python3.12/site-packages/airflow/example_dags/example_bash_decorator.py for tasks to queue
[2025-08-09T18:45:03.724+0000] {logging_mixin.py:188} INFO - [2025-08-09T18:45:03.723+0000] {dagbag.py:540} INFO - Filling up the DagBag from /home/airflow/.local/lib/python3.12/site-packages/airflow/example_dags/example_bash_decorator.py
[2025-08-09T18:45:03.772+0000] {processor.py:840} INFO - DAG(s) 'example_bash_decorator' retrieved from /home/airflow/.local/lib/python3.12/site-packages/airflow/example_dags/example_bash_decorator.py
[2025-08-09T18:45:03.812+0000] {logging_mixin.py:188} INFO - [2025-08-09T18:45:03.811+0000] {dag.py:3096} INFO - Sync 1 DAGs
[2025-08-09T18:45:03.836+0000] {logging_mixin.py:188} INFO - [2025-08-09T18:45:03.835+0000] {dag.py:3954} INFO - Setting next_dagrun for example_bash_decorator to None, run_after=None
[2025-08-09T18:45:03.867+0000] {processor.py:183} INFO - Processing /home/airflow/.local/lib/python3.12/site-packages/airflow/example_dags/example_bash_decorator.py took 0.161 seconds
