[2025-08-09T18:22:00.795+0000] {processor.py:161} INFO - Started process (PID=102) to work on /home/airflow/.local/lib/python3.12/site-packages/airflow/example_dags/example_setup_teardown_taskflow.py
[2025-08-09T18:22:00.798+0000] {processor.py:830} INFO - Processing file /home/airflow/.local/lib/python3.12/site-packages/airflow/example_dags/example_setup_teardown_taskflow.py for tasks to queue
[2025-08-09T18:22:00.803+0000] {logging_mixin.py:188} INFO - [2025-08-09T18:22:00.802+0000] {dagbag.py:540} INFO - Filling up the DagBag from /home/airflow/.local/lib/python3.12/site-packages/airflow/example_dags/example_setup_teardown_taskflow.py
[2025-08-09T18:22:00.836+0000] {processor.py:840} INFO - DAG(s) 'example_setup_teardown_taskflow' retrieved from /home/airflow/.local/lib/python3.12/site-packages/airflow/example_dags/example_setup_teardown_taskflow.py
[2025-08-09T18:22:01.110+0000] {logging_mixin.py:188} INFO - [2025-08-09T18:22:01.109+0000] {dag.py:3096} INFO - Sync 1 DAGs
[2025-08-09T18:22:01.161+0000] {logging_mixin.py:188} INFO - [2025-08-09T18:22:01.160+0000] {dag.py:3954} INFO - Setting next_dagrun for example_setup_teardown_taskflow to 2025-08-08 00:00:00+00:00, run_after=2025-08-09 00:00:00+00:00
[2025-08-09T18:22:01.211+0000] {processor.py:183} INFO - Processing /home/airflow/.local/lib/python3.12/site-packages/airflow/example_dags/example_setup_teardown_taskflow.py took 0.428 seconds
[2025-08-09T18:22:31.491+0000] {processor.py:161} INFO - Started process (PID=161) to work on /home/airflow/.local/lib/python3.12/site-packages/airflow/example_dags/example_setup_teardown_taskflow.py
[2025-08-09T18:22:31.494+0000] {processor.py:830} INFO - Processing file /home/airflow/.local/lib/python3.12/site-packages/airflow/example_dags/example_setup_teardown_taskflow.py for tasks to queue
[2025-08-09T18:22:31.498+0000] {logging_mixin.py:188} INFO - [2025-08-09T18:22:31.497+0000] {dagbag.py:540} INFO - Filling up the DagBag from /home/airflow/.local/lib/python3.12/site-packages/airflow/example_dags/example_setup_teardown_taskflow.py
[2025-08-09T18:22:31.517+0000] {processor.py:840} INFO - DAG(s) 'example_setup_teardown_taskflow' retrieved from /home/airflow/.local/lib/python3.12/site-packages/airflow/example_dags/example_setup_teardown_taskflow.py
[2025-08-09T18:22:31.560+0000] {logging_mixin.py:188} INFO - [2025-08-09T18:22:31.559+0000] {dag.py:3096} INFO - Sync 1 DAGs
[2025-08-09T18:22:31.591+0000] {logging_mixin.py:188} INFO - [2025-08-09T18:22:31.590+0000] {dag.py:3954} INFO - Setting next_dagrun for example_setup_teardown_taskflow to 2025-08-08 00:00:00+00:00, run_after=2025-08-09 00:00:00+00:00
[2025-08-09T18:22:31.623+0000] {processor.py:183} INFO - Processing /home/airflow/.local/lib/python3.12/site-packages/airflow/example_dags/example_setup_teardown_taskflow.py took 0.142 seconds
[2025-08-09T18:23:01.918+0000] {processor.py:161} INFO - Started process (PID=220) to work on /home/airflow/.local/lib/python3.12/site-packages/airflow/example_dags/example_setup_teardown_taskflow.py
[2025-08-09T18:23:01.920+0000] {processor.py:830} INFO - Processing file /home/airflow/.local/lib/python3.12/site-packages/airflow/example_dags/example_setup_teardown_taskflow.py for tasks to queue
[2025-08-09T18:23:01.923+0000] {logging_mixin.py:188} INFO - [2025-08-09T18:23:01.923+0000] {dagbag.py:540} INFO - Filling up the DagBag from /home/airflow/.local/lib/python3.12/site-packages/airflow/example_dags/example_setup_teardown_taskflow.py
[2025-08-09T18:23:01.935+0000] {processor.py:840} INFO - DAG(s) 'example_setup_teardown_taskflow' retrieved from /home/airflow/.local/lib/python3.12/site-packages/airflow/example_dags/example_setup_teardown_taskflow.py
[2025-08-09T18:23:01.961+0000] {logging_mixin.py:188} INFO - [2025-08-09T18:23:01.961+0000] {dag.py:3096} INFO - Sync 1 DAGs
[2025-08-09T18:23:01.990+0000] {logging_mixin.py:188} INFO - [2025-08-09T18:23:01.990+0000] {dag.py:3954} INFO - Setting next_dagrun for example_setup_teardown_taskflow to 2025-08-08 00:00:00+00:00, run_after=2025-08-09 00:00:00+00:00
[2025-08-09T18:23:02.013+0000] {processor.py:183} INFO - Processing /home/airflow/.local/lib/python3.12/site-packages/airflow/example_dags/example_setup_teardown_taskflow.py took 0.104 seconds
[2025-08-09T18:23:32.383+0000] {processor.py:161} INFO - Started process (PID=279) to work on /home/airflow/.local/lib/python3.12/site-packages/airflow/example_dags/example_setup_teardown_taskflow.py
[2025-08-09T18:23:32.385+0000] {processor.py:830} INFO - Processing file /home/airflow/.local/lib/python3.12/site-packages/airflow/example_dags/example_setup_teardown_taskflow.py for tasks to queue
[2025-08-09T18:23:32.388+0000] {logging_mixin.py:188} INFO - [2025-08-09T18:23:32.388+0000] {dagbag.py:540} INFO - Filling up the DagBag from /home/airflow/.local/lib/python3.12/site-packages/airflow/example_dags/example_setup_teardown_taskflow.py
[2025-08-09T18:23:32.411+0000] {processor.py:840} INFO - DAG(s) 'example_setup_teardown_taskflow' retrieved from /home/airflow/.local/lib/python3.12/site-packages/airflow/example_dags/example_setup_teardown_taskflow.py
[2025-08-09T18:23:32.452+0000] {logging_mixin.py:188} INFO - [2025-08-09T18:23:32.451+0000] {dag.py:3096} INFO - Sync 1 DAGs
[2025-08-09T18:23:32.493+0000] {logging_mixin.py:188} INFO - [2025-08-09T18:23:32.493+0000] {dag.py:3954} INFO - Setting next_dagrun for example_setup_teardown_taskflow to 2025-08-08 00:00:00+00:00, run_after=2025-08-09 00:00:00+00:00
[2025-08-09T18:23:32.534+0000] {processor.py:183} INFO - Processing /home/airflow/.local/lib/python3.12/site-packages/airflow/example_dags/example_setup_teardown_taskflow.py took 0.170 seconds
[2025-08-09T18:24:02.912+0000] {processor.py:161} INFO - Started process (PID=338) to work on /home/airflow/.local/lib/python3.12/site-packages/airflow/example_dags/example_setup_teardown_taskflow.py
[2025-08-09T18:24:02.914+0000] {processor.py:830} INFO - Processing file /home/airflow/.local/lib/python3.12/site-packages/airflow/example_dags/example_setup_teardown_taskflow.py for tasks to queue
[2025-08-09T18:24:02.917+0000] {logging_mixin.py:188} INFO - [2025-08-09T18:24:02.916+0000] {dagbag.py:540} INFO - Filling up the DagBag from /home/airflow/.local/lib/python3.12/site-packages/airflow/example_dags/example_setup_teardown_taskflow.py
[2025-08-09T18:24:02.943+0000] {processor.py:840} INFO - DAG(s) 'example_setup_teardown_taskflow' retrieved from /home/airflow/.local/lib/python3.12/site-packages/airflow/example_dags/example_setup_teardown_taskflow.py
[2025-08-09T18:24:02.984+0000] {logging_mixin.py:188} INFO - [2025-08-09T18:24:02.984+0000] {dag.py:3096} INFO - Sync 1 DAGs
[2025-08-09T18:24:03.031+0000] {logging_mixin.py:188} INFO - [2025-08-09T18:24:03.031+0000] {dag.py:3954} INFO - Setting next_dagrun for example_setup_teardown_taskflow to 2025-08-08 00:00:00+00:00, run_after=2025-08-09 00:00:00+00:00
[2025-08-09T18:24:03.058+0000] {processor.py:183} INFO - Processing /home/airflow/.local/lib/python3.12/site-packages/airflow/example_dags/example_setup_teardown_taskflow.py took 0.163 seconds
[2025-08-09T18:24:33.425+0000] {processor.py:161} INFO - Started process (PID=397) to work on /home/airflow/.local/lib/python3.12/site-packages/airflow/example_dags/example_setup_teardown_taskflow.py
[2025-08-09T18:24:33.426+0000] {processor.py:830} INFO - Processing file /home/airflow/.local/lib/python3.12/site-packages/airflow/example_dags/example_setup_teardown_taskflow.py for tasks to queue
[2025-08-09T18:24:33.429+0000] {logging_mixin.py:188} INFO - [2025-08-09T18:24:33.429+0000] {dagbag.py:540} INFO - Filling up the DagBag from /home/airflow/.local/lib/python3.12/site-packages/airflow/example_dags/example_setup_teardown_taskflow.py
[2025-08-09T18:24:33.445+0000] {processor.py:840} INFO - DAG(s) 'example_setup_teardown_taskflow' retrieved from /home/airflow/.local/lib/python3.12/site-packages/airflow/example_dags/example_setup_teardown_taskflow.py
[2025-08-09T18:24:33.483+0000] {logging_mixin.py:188} INFO - [2025-08-09T18:24:33.482+0000] {dag.py:3096} INFO - Sync 1 DAGs
[2025-08-09T18:24:33.530+0000] {logging_mixin.py:188} INFO - [2025-08-09T18:24:33.530+0000] {dag.py:3954} INFO - Setting next_dagrun for example_setup_teardown_taskflow to 2025-08-08 00:00:00+00:00, run_after=2025-08-09 00:00:00+00:00
[2025-08-09T18:24:33.560+0000] {processor.py:183} INFO - Processing /home/airflow/.local/lib/python3.12/site-packages/airflow/example_dags/example_setup_teardown_taskflow.py took 0.144 seconds
[2025-08-09T18:25:04.095+0000] {processor.py:161} INFO - Started process (PID=456) to work on /home/airflow/.local/lib/python3.12/site-packages/airflow/example_dags/example_setup_teardown_taskflow.py
[2025-08-09T18:25:04.098+0000] {processor.py:830} INFO - Processing file /home/airflow/.local/lib/python3.12/site-packages/airflow/example_dags/example_setup_teardown_taskflow.py for tasks to queue
[2025-08-09T18:25:04.104+0000] {logging_mixin.py:188} INFO - [2025-08-09T18:25:04.103+0000] {dagbag.py:540} INFO - Filling up the DagBag from /home/airflow/.local/lib/python3.12/site-packages/airflow/example_dags/example_setup_teardown_taskflow.py
[2025-08-09T18:25:04.130+0000] {processor.py:840} INFO - DAG(s) 'example_setup_teardown_taskflow' retrieved from /home/airflow/.local/lib/python3.12/site-packages/airflow/example_dags/example_setup_teardown_taskflow.py
[2025-08-09T18:25:04.197+0000] {logging_mixin.py:188} INFO - [2025-08-09T18:25:04.196+0000] {dag.py:3096} INFO - Sync 1 DAGs
[2025-08-09T18:25:04.275+0000] {logging_mixin.py:188} INFO - [2025-08-09T18:25:04.274+0000] {dag.py:3954} INFO - Setting next_dagrun for example_setup_teardown_taskflow to 2025-08-08 00:00:00+00:00, run_after=2025-08-09 00:00:00+00:00
[2025-08-09T18:25:04.322+0000] {processor.py:183} INFO - Processing /home/airflow/.local/lib/python3.12/site-packages/airflow/example_dags/example_setup_teardown_taskflow.py took 0.242 seconds
[2025-08-09T18:27:29.107+0000] {processor.py:161} INFO - Started process (PID=103) to work on /home/airflow/.local/lib/python3.12/site-packages/airflow/example_dags/example_setup_teardown_taskflow.py
[2025-08-09T18:27:29.109+0000] {processor.py:830} INFO - Processing file /home/airflow/.local/lib/python3.12/site-packages/airflow/example_dags/example_setup_teardown_taskflow.py for tasks to queue
[2025-08-09T18:27:29.113+0000] {logging_mixin.py:188} INFO - [2025-08-09T18:27:29.112+0000] {dagbag.py:540} INFO - Filling up the DagBag from /home/airflow/.local/lib/python3.12/site-packages/airflow/example_dags/example_setup_teardown_taskflow.py
[2025-08-09T18:27:29.145+0000] {processor.py:840} INFO - DAG(s) 'example_setup_teardown_taskflow' retrieved from /home/airflow/.local/lib/python3.12/site-packages/airflow/example_dags/example_setup_teardown_taskflow.py
[2025-08-09T18:27:29.489+0000] {logging_mixin.py:188} INFO - [2025-08-09T18:27:29.489+0000] {dag.py:3096} INFO - Sync 1 DAGs
[2025-08-09T18:27:29.552+0000] {logging_mixin.py:188} INFO - [2025-08-09T18:27:29.552+0000] {dag.py:3954} INFO - Setting next_dagrun for example_setup_teardown_taskflow to 2025-08-08 00:00:00+00:00, run_after=2025-08-09 00:00:00+00:00
[2025-08-09T18:27:29.606+0000] {processor.py:183} INFO - Processing /home/airflow/.local/lib/python3.12/site-packages/airflow/example_dags/example_setup_teardown_taskflow.py took 0.512 seconds
[2025-08-09T18:28:00.398+0000] {processor.py:161} INFO - Started process (PID=162) to work on /home/airflow/.local/lib/python3.12/site-packages/airflow/example_dags/example_setup_teardown_taskflow.py
[2025-08-09T18:28:00.399+0000] {processor.py:830} INFO - Processing file /home/airflow/.local/lib/python3.12/site-packages/airflow/example_dags/example_setup_teardown_taskflow.py for tasks to queue
[2025-08-09T18:28:00.403+0000] {logging_mixin.py:188} INFO - [2025-08-09T18:28:00.403+0000] {dagbag.py:540} INFO - Filling up the DagBag from /home/airflow/.local/lib/python3.12/site-packages/airflow/example_dags/example_setup_teardown_taskflow.py
[2025-08-09T18:28:00.448+0000] {processor.py:840} INFO - DAG(s) 'example_setup_teardown_taskflow' retrieved from /home/airflow/.local/lib/python3.12/site-packages/airflow/example_dags/example_setup_teardown_taskflow.py
[2025-08-09T18:28:00.513+0000] {logging_mixin.py:188} INFO - [2025-08-09T18:28:00.508+0000] {dag.py:3096} INFO - Sync 1 DAGs
[2025-08-09T18:28:00.603+0000] {logging_mixin.py:188} INFO - [2025-08-09T18:28:00.603+0000] {dag.py:3954} INFO - Setting next_dagrun for example_setup_teardown_taskflow to 2025-08-08 00:00:00+00:00, run_after=2025-08-09 00:00:00+00:00
[2025-08-09T18:28:00.664+0000] {processor.py:183} INFO - Processing /home/airflow/.local/lib/python3.12/site-packages/airflow/example_dags/example_setup_teardown_taskflow.py took 0.292 seconds
[2025-08-09T18:28:31.538+0000] {processor.py:161} INFO - Started process (PID=221) to work on /home/airflow/.local/lib/python3.12/site-packages/airflow/example_dags/example_setup_teardown_taskflow.py
[2025-08-09T18:28:31.540+0000] {processor.py:830} INFO - Processing file /home/airflow/.local/lib/python3.12/site-packages/airflow/example_dags/example_setup_teardown_taskflow.py for tasks to queue
[2025-08-09T18:28:31.542+0000] {logging_mixin.py:188} INFO - [2025-08-09T18:28:31.542+0000] {dagbag.py:540} INFO - Filling up the DagBag from /home/airflow/.local/lib/python3.12/site-packages/airflow/example_dags/example_setup_teardown_taskflow.py
[2025-08-09T18:28:31.563+0000] {processor.py:840} INFO - DAG(s) 'example_setup_teardown_taskflow' retrieved from /home/airflow/.local/lib/python3.12/site-packages/airflow/example_dags/example_setup_teardown_taskflow.py
[2025-08-09T18:28:31.611+0000] {logging_mixin.py:188} INFO - [2025-08-09T18:28:31.610+0000] {dag.py:3096} INFO - Sync 1 DAGs
[2025-08-09T18:28:31.669+0000] {logging_mixin.py:188} INFO - [2025-08-09T18:28:31.668+0000] {dag.py:3954} INFO - Setting next_dagrun for example_setup_teardown_taskflow to 2025-08-08 00:00:00+00:00, run_after=2025-08-09 00:00:00+00:00
[2025-08-09T18:28:31.779+0000] {processor.py:183} INFO - Processing /home/airflow/.local/lib/python3.12/site-packages/airflow/example_dags/example_setup_teardown_taskflow.py took 0.251 seconds
[2025-08-09T18:29:02.184+0000] {processor.py:161} INFO - Started process (PID=281) to work on /home/airflow/.local/lib/python3.12/site-packages/airflow/example_dags/example_setup_teardown_taskflow.py
[2025-08-09T18:29:02.186+0000] {processor.py:830} INFO - Processing file /home/airflow/.local/lib/python3.12/site-packages/airflow/example_dags/example_setup_teardown_taskflow.py for tasks to queue
[2025-08-09T18:29:02.191+0000] {logging_mixin.py:188} INFO - [2025-08-09T18:29:02.190+0000] {dagbag.py:540} INFO - Filling up the DagBag from /home/airflow/.local/lib/python3.12/site-packages/airflow/example_dags/example_setup_teardown_taskflow.py
[2025-08-09T18:29:02.221+0000] {processor.py:840} INFO - DAG(s) 'example_setup_teardown_taskflow' retrieved from /home/airflow/.local/lib/python3.12/site-packages/airflow/example_dags/example_setup_teardown_taskflow.py
[2025-08-09T18:29:02.326+0000] {logging_mixin.py:188} INFO - [2025-08-09T18:29:02.326+0000] {dag.py:3096} INFO - Sync 1 DAGs
[2025-08-09T18:29:02.453+0000] {logging_mixin.py:188} INFO - [2025-08-09T18:29:02.453+0000] {dag.py:3954} INFO - Setting next_dagrun for example_setup_teardown_taskflow to 2025-08-08 00:00:00+00:00, run_after=2025-08-09 00:00:00+00:00
[2025-08-09T18:29:02.500+0000] {processor.py:183} INFO - Processing /home/airflow/.local/lib/python3.12/site-packages/airflow/example_dags/example_setup_teardown_taskflow.py took 0.333 seconds
[2025-08-09T18:29:33.176+0000] {processor.py:161} INFO - Started process (PID=340) to work on /home/airflow/.local/lib/python3.12/site-packages/airflow/example_dags/example_setup_teardown_taskflow.py
[2025-08-09T18:29:33.177+0000] {processor.py:830} INFO - Processing file /home/airflow/.local/lib/python3.12/site-packages/airflow/example_dags/example_setup_teardown_taskflow.py for tasks to queue
[2025-08-09T18:29:33.180+0000] {logging_mixin.py:188} INFO - [2025-08-09T18:29:33.180+0000] {dagbag.py:540} INFO - Filling up the DagBag from /home/airflow/.local/lib/python3.12/site-packages/airflow/example_dags/example_setup_teardown_taskflow.py
[2025-08-09T18:29:33.198+0000] {processor.py:840} INFO - DAG(s) 'example_setup_teardown_taskflow' retrieved from /home/airflow/.local/lib/python3.12/site-packages/airflow/example_dags/example_setup_teardown_taskflow.py
[2025-08-09T18:29:33.241+0000] {logging_mixin.py:188} INFO - [2025-08-09T18:29:33.240+0000] {dag.py:3096} INFO - Sync 1 DAGs
[2025-08-09T18:29:33.289+0000] {logging_mixin.py:188} INFO - [2025-08-09T18:29:33.288+0000] {dag.py:3954} INFO - Setting next_dagrun for example_setup_teardown_taskflow to 2025-08-08 00:00:00+00:00, run_after=2025-08-09 00:00:00+00:00
[2025-08-09T18:29:33.317+0000] {processor.py:183} INFO - Processing /home/airflow/.local/lib/python3.12/site-packages/airflow/example_dags/example_setup_teardown_taskflow.py took 0.152 seconds
[2025-08-09T18:30:04.158+0000] {processor.py:161} INFO - Started process (PID=399) to work on /home/airflow/.local/lib/python3.12/site-packages/airflow/example_dags/example_setup_teardown_taskflow.py
[2025-08-09T18:30:04.160+0000] {processor.py:830} INFO - Processing file /home/airflow/.local/lib/python3.12/site-packages/airflow/example_dags/example_setup_teardown_taskflow.py for tasks to queue
[2025-08-09T18:30:04.163+0000] {logging_mixin.py:188} INFO - [2025-08-09T18:30:04.163+0000] {dagbag.py:540} INFO - Filling up the DagBag from /home/airflow/.local/lib/python3.12/site-packages/airflow/example_dags/example_setup_teardown_taskflow.py
[2025-08-09T18:30:04.178+0000] {processor.py:840} INFO - DAG(s) 'example_setup_teardown_taskflow' retrieved from /home/airflow/.local/lib/python3.12/site-packages/airflow/example_dags/example_setup_teardown_taskflow.py
[2025-08-09T18:30:04.235+0000] {logging_mixin.py:188} INFO - [2025-08-09T18:30:04.234+0000] {dag.py:3096} INFO - Sync 1 DAGs
[2025-08-09T18:30:04.360+0000] {logging_mixin.py:188} INFO - [2025-08-09T18:30:04.359+0000] {dag.py:3954} INFO - Setting next_dagrun for example_setup_teardown_taskflow to 2025-08-08 00:00:00+00:00, run_after=2025-08-09 00:00:00+00:00
[2025-08-09T18:30:04.405+0000] {processor.py:183} INFO - Processing /home/airflow/.local/lib/python3.12/site-packages/airflow/example_dags/example_setup_teardown_taskflow.py took 0.256 seconds
[2025-08-09T18:30:34.503+0000] {processor.py:161} INFO - Started process (PID=465) to work on /home/airflow/.local/lib/python3.12/site-packages/airflow/example_dags/example_setup_teardown_taskflow.py
[2025-08-09T18:30:34.506+0000] {processor.py:830} INFO - Processing file /home/airflow/.local/lib/python3.12/site-packages/airflow/example_dags/example_setup_teardown_taskflow.py for tasks to queue
[2025-08-09T18:30:34.511+0000] {logging_mixin.py:188} INFO - [2025-08-09T18:30:34.510+0000] {dagbag.py:540} INFO - Filling up the DagBag from /home/airflow/.local/lib/python3.12/site-packages/airflow/example_dags/example_setup_teardown_taskflow.py
[2025-08-09T18:30:34.528+0000] {processor.py:840} INFO - DAG(s) 'example_setup_teardown_taskflow' retrieved from /home/airflow/.local/lib/python3.12/site-packages/airflow/example_dags/example_setup_teardown_taskflow.py
[2025-08-09T18:30:34.597+0000] {logging_mixin.py:188} INFO - [2025-08-09T18:30:34.597+0000] {dag.py:3096} INFO - Sync 1 DAGs
[2025-08-09T18:30:34.629+0000] {logging_mixin.py:188} INFO - [2025-08-09T18:30:34.629+0000] {dag.py:3954} INFO - Setting next_dagrun for example_setup_teardown_taskflow to 2025-08-08 00:00:00+00:00, run_after=2025-08-09 00:00:00+00:00
[2025-08-09T18:30:34.658+0000] {processor.py:183} INFO - Processing /home/airflow/.local/lib/python3.12/site-packages/airflow/example_dags/example_setup_teardown_taskflow.py took 0.167 seconds
[2025-08-09T18:31:05.267+0000] {processor.py:161} INFO - Started process (PID=524) to work on /home/airflow/.local/lib/python3.12/site-packages/airflow/example_dags/example_setup_teardown_taskflow.py
[2025-08-09T18:31:05.271+0000] {processor.py:830} INFO - Processing file /home/airflow/.local/lib/python3.12/site-packages/airflow/example_dags/example_setup_teardown_taskflow.py for tasks to queue
[2025-08-09T18:31:05.275+0000] {logging_mixin.py:188} INFO - [2025-08-09T18:31:05.275+0000] {dagbag.py:540} INFO - Filling up the DagBag from /home/airflow/.local/lib/python3.12/site-packages/airflow/example_dags/example_setup_teardown_taskflow.py
[2025-08-09T18:31:05.295+0000] {processor.py:840} INFO - DAG(s) 'example_setup_teardown_taskflow' retrieved from /home/airflow/.local/lib/python3.12/site-packages/airflow/example_dags/example_setup_teardown_taskflow.py
[2025-08-09T18:31:05.332+0000] {logging_mixin.py:188} INFO - [2025-08-09T18:31:05.332+0000] {dag.py:3096} INFO - Sync 1 DAGs
[2025-08-09T18:31:05.366+0000] {logging_mixin.py:188} INFO - [2025-08-09T18:31:05.366+0000] {dag.py:3954} INFO - Setting next_dagrun for example_setup_teardown_taskflow to 2025-08-08 00:00:00+00:00, run_after=2025-08-09 00:00:00+00:00
[2025-08-09T18:31:05.395+0000] {processor.py:183} INFO - Processing /home/airflow/.local/lib/python3.12/site-packages/airflow/example_dags/example_setup_teardown_taskflow.py took 0.138 seconds
[2025-08-09T18:31:35.816+0000] {processor.py:161} INFO - Started process (PID=583) to work on /home/airflow/.local/lib/python3.12/site-packages/airflow/example_dags/example_setup_teardown_taskflow.py
[2025-08-09T18:31:35.817+0000] {processor.py:830} INFO - Processing file /home/airflow/.local/lib/python3.12/site-packages/airflow/example_dags/example_setup_teardown_taskflow.py for tasks to queue
[2025-08-09T18:31:35.821+0000] {logging_mixin.py:188} INFO - [2025-08-09T18:31:35.820+0000] {dagbag.py:540} INFO - Filling up the DagBag from /home/airflow/.local/lib/python3.12/site-packages/airflow/example_dags/example_setup_teardown_taskflow.py
[2025-08-09T18:31:35.834+0000] {processor.py:840} INFO - DAG(s) 'example_setup_teardown_taskflow' retrieved from /home/airflow/.local/lib/python3.12/site-packages/airflow/example_dags/example_setup_teardown_taskflow.py
[2025-08-09T18:31:35.861+0000] {logging_mixin.py:188} INFO - [2025-08-09T18:31:35.860+0000] {dag.py:3096} INFO - Sync 1 DAGs
[2025-08-09T18:31:35.887+0000] {logging_mixin.py:188} INFO - [2025-08-09T18:31:35.887+0000] {dag.py:3954} INFO - Setting next_dagrun for example_setup_teardown_taskflow to 2025-08-08 00:00:00+00:00, run_after=2025-08-09 00:00:00+00:00
[2025-08-09T18:31:35.911+0000] {processor.py:183} INFO - Processing /home/airflow/.local/lib/python3.12/site-packages/airflow/example_dags/example_setup_teardown_taskflow.py took 0.107 seconds
[2025-08-09T18:32:06.619+0000] {processor.py:161} INFO - Started process (PID=643) to work on /home/airflow/.local/lib/python3.12/site-packages/airflow/example_dags/example_setup_teardown_taskflow.py
[2025-08-09T18:32:06.620+0000] {processor.py:830} INFO - Processing file /home/airflow/.local/lib/python3.12/site-packages/airflow/example_dags/example_setup_teardown_taskflow.py for tasks to queue
[2025-08-09T18:32:06.623+0000] {logging_mixin.py:188} INFO - [2025-08-09T18:32:06.622+0000] {dagbag.py:540} INFO - Filling up the DagBag from /home/airflow/.local/lib/python3.12/site-packages/airflow/example_dags/example_setup_teardown_taskflow.py
[2025-08-09T18:32:06.634+0000] {processor.py:840} INFO - DAG(s) 'example_setup_teardown_taskflow' retrieved from /home/airflow/.local/lib/python3.12/site-packages/airflow/example_dags/example_setup_teardown_taskflow.py
[2025-08-09T18:32:06.660+0000] {logging_mixin.py:188} INFO - [2025-08-09T18:32:06.659+0000] {dag.py:3096} INFO - Sync 1 DAGs
[2025-08-09T18:32:06.687+0000] {logging_mixin.py:188} INFO - [2025-08-09T18:32:06.686+0000] {dag.py:3954} INFO - Setting next_dagrun for example_setup_teardown_taskflow to 2025-08-08 00:00:00+00:00, run_after=2025-08-09 00:00:00+00:00
[2025-08-09T18:32:06.729+0000] {processor.py:183} INFO - Processing /home/airflow/.local/lib/python3.12/site-packages/airflow/example_dags/example_setup_teardown_taskflow.py took 0.117 seconds
[2025-08-09T18:32:37.126+0000] {processor.py:161} INFO - Started process (PID=702) to work on /home/airflow/.local/lib/python3.12/site-packages/airflow/example_dags/example_setup_teardown_taskflow.py
[2025-08-09T18:32:37.128+0000] {processor.py:830} INFO - Processing file /home/airflow/.local/lib/python3.12/site-packages/airflow/example_dags/example_setup_teardown_taskflow.py for tasks to queue
[2025-08-09T18:32:37.131+0000] {logging_mixin.py:188} INFO - [2025-08-09T18:32:37.130+0000] {dagbag.py:540} INFO - Filling up the DagBag from /home/airflow/.local/lib/python3.12/site-packages/airflow/example_dags/example_setup_teardown_taskflow.py
[2025-08-09T18:32:37.144+0000] {processor.py:840} INFO - DAG(s) 'example_setup_teardown_taskflow' retrieved from /home/airflow/.local/lib/python3.12/site-packages/airflow/example_dags/example_setup_teardown_taskflow.py
[2025-08-09T18:32:37.170+0000] {logging_mixin.py:188} INFO - [2025-08-09T18:32:37.170+0000] {dag.py:3096} INFO - Sync 1 DAGs
[2025-08-09T18:32:37.198+0000] {logging_mixin.py:188} INFO - [2025-08-09T18:32:37.198+0000] {dag.py:3954} INFO - Setting next_dagrun for example_setup_teardown_taskflow to 2025-08-08 00:00:00+00:00, run_after=2025-08-09 00:00:00+00:00
[2025-08-09T18:32:37.273+0000] {processor.py:183} INFO - Processing /home/airflow/.local/lib/python3.12/site-packages/airflow/example_dags/example_setup_teardown_taskflow.py took 0.159 seconds
[2025-08-09T18:33:08.122+0000] {processor.py:161} INFO - Started process (PID=761) to work on /home/airflow/.local/lib/python3.12/site-packages/airflow/example_dags/example_setup_teardown_taskflow.py
[2025-08-09T18:33:08.123+0000] {processor.py:830} INFO - Processing file /home/airflow/.local/lib/python3.12/site-packages/airflow/example_dags/example_setup_teardown_taskflow.py for tasks to queue
[2025-08-09T18:33:08.125+0000] {logging_mixin.py:188} INFO - [2025-08-09T18:33:08.125+0000] {dagbag.py:540} INFO - Filling up the DagBag from /home/airflow/.local/lib/python3.12/site-packages/airflow/example_dags/example_setup_teardown_taskflow.py
[2025-08-09T18:33:08.137+0000] {processor.py:840} INFO - DAG(s) 'example_setup_teardown_taskflow' retrieved from /home/airflow/.local/lib/python3.12/site-packages/airflow/example_dags/example_setup_teardown_taskflow.py
[2025-08-09T18:33:08.163+0000] {logging_mixin.py:188} INFO - [2025-08-09T18:33:08.163+0000] {dag.py:3096} INFO - Sync 1 DAGs
[2025-08-09T18:33:08.189+0000] {logging_mixin.py:188} INFO - [2025-08-09T18:33:08.189+0000] {dag.py:3954} INFO - Setting next_dagrun for example_setup_teardown_taskflow to 2025-08-08 00:00:00+00:00, run_after=2025-08-09 00:00:00+00:00
[2025-08-09T18:33:08.224+0000] {processor.py:183} INFO - Processing /home/airflow/.local/lib/python3.12/site-packages/airflow/example_dags/example_setup_teardown_taskflow.py took 0.110 seconds
[2025-08-09T18:33:39.139+0000] {processor.py:161} INFO - Started process (PID=820) to work on /home/airflow/.local/lib/python3.12/site-packages/airflow/example_dags/example_setup_teardown_taskflow.py
[2025-08-09T18:33:39.141+0000] {processor.py:830} INFO - Processing file /home/airflow/.local/lib/python3.12/site-packages/airflow/example_dags/example_setup_teardown_taskflow.py for tasks to queue
[2025-08-09T18:33:39.143+0000] {logging_mixin.py:188} INFO - [2025-08-09T18:33:39.143+0000] {dagbag.py:540} INFO - Filling up the DagBag from /home/airflow/.local/lib/python3.12/site-packages/airflow/example_dags/example_setup_teardown_taskflow.py
[2025-08-09T18:33:39.164+0000] {processor.py:840} INFO - DAG(s) 'example_setup_teardown_taskflow' retrieved from /home/airflow/.local/lib/python3.12/site-packages/airflow/example_dags/example_setup_teardown_taskflow.py
[2025-08-09T18:33:39.211+0000] {logging_mixin.py:188} INFO - [2025-08-09T18:33:39.211+0000] {dag.py:3096} INFO - Sync 1 DAGs
[2025-08-09T18:33:39.249+0000] {logging_mixin.py:188} INFO - [2025-08-09T18:33:39.248+0000] {dag.py:3954} INFO - Setting next_dagrun for example_setup_teardown_taskflow to 2025-08-08 00:00:00+00:00, run_after=2025-08-09 00:00:00+00:00
[2025-08-09T18:33:39.287+0000] {processor.py:183} INFO - Processing /home/airflow/.local/lib/python3.12/site-packages/airflow/example_dags/example_setup_teardown_taskflow.py took 0.157 seconds
[2025-08-09T18:34:10.768+0000] {processor.py:161} INFO - Started process (PID=880) to work on /home/airflow/.local/lib/python3.12/site-packages/airflow/example_dags/example_setup_teardown_taskflow.py
[2025-08-09T18:34:10.770+0000] {processor.py:830} INFO - Processing file /home/airflow/.local/lib/python3.12/site-packages/airflow/example_dags/example_setup_teardown_taskflow.py for tasks to queue
[2025-08-09T18:34:10.774+0000] {logging_mixin.py:188} INFO - [2025-08-09T18:34:10.773+0000] {dagbag.py:540} INFO - Filling up the DagBag from /home/airflow/.local/lib/python3.12/site-packages/airflow/example_dags/example_setup_teardown_taskflow.py
[2025-08-09T18:34:10.791+0000] {processor.py:840} INFO - DAG(s) 'example_setup_teardown_taskflow' retrieved from /home/airflow/.local/lib/python3.12/site-packages/airflow/example_dags/example_setup_teardown_taskflow.py
[2025-08-09T18:34:10.828+0000] {logging_mixin.py:188} INFO - [2025-08-09T18:34:10.827+0000] {dag.py:3096} INFO - Sync 1 DAGs
[2025-08-09T18:34:11.130+0000] {logging_mixin.py:188} INFO - [2025-08-09T18:34:11.129+0000] {dag.py:3954} INFO - Setting next_dagrun for example_setup_teardown_taskflow to 2025-08-08 00:00:00+00:00, run_after=2025-08-09 00:00:00+00:00
[2025-08-09T18:34:11.161+0000] {processor.py:183} INFO - Processing /home/airflow/.local/lib/python3.12/site-packages/airflow/example_dags/example_setup_teardown_taskflow.py took 0.406 seconds
[2025-08-09T18:34:41.470+0000] {processor.py:161} INFO - Started process (PID=939) to work on /home/airflow/.local/lib/python3.12/site-packages/airflow/example_dags/example_setup_teardown_taskflow.py
[2025-08-09T18:34:41.472+0000] {processor.py:830} INFO - Processing file /home/airflow/.local/lib/python3.12/site-packages/airflow/example_dags/example_setup_teardown_taskflow.py for tasks to queue
[2025-08-09T18:34:41.475+0000] {logging_mixin.py:188} INFO - [2025-08-09T18:34:41.475+0000] {dagbag.py:540} INFO - Filling up the DagBag from /home/airflow/.local/lib/python3.12/site-packages/airflow/example_dags/example_setup_teardown_taskflow.py
[2025-08-09T18:34:41.493+0000] {processor.py:840} INFO - DAG(s) 'example_setup_teardown_taskflow' retrieved from /home/airflow/.local/lib/python3.12/site-packages/airflow/example_dags/example_setup_teardown_taskflow.py
[2025-08-09T18:34:41.524+0000] {logging_mixin.py:188} INFO - [2025-08-09T18:34:41.524+0000] {dag.py:3096} INFO - Sync 1 DAGs
[2025-08-09T18:34:41.867+0000] {logging_mixin.py:188} INFO - [2025-08-09T18:34:41.866+0000] {dag.py:3954} INFO - Setting next_dagrun for example_setup_teardown_taskflow to 2025-08-08 00:00:00+00:00, run_after=2025-08-09 00:00:00+00:00
[2025-08-09T18:34:41.909+0000] {processor.py:183} INFO - Processing /home/airflow/.local/lib/python3.12/site-packages/airflow/example_dags/example_setup_teardown_taskflow.py took 0.451 seconds
[2025-08-09T18:35:12.328+0000] {processor.py:161} INFO - Started process (PID=998) to work on /home/airflow/.local/lib/python3.12/site-packages/airflow/example_dags/example_setup_teardown_taskflow.py
[2025-08-09T18:35:12.330+0000] {processor.py:830} INFO - Processing file /home/airflow/.local/lib/python3.12/site-packages/airflow/example_dags/example_setup_teardown_taskflow.py for tasks to queue
[2025-08-09T18:35:12.332+0000] {logging_mixin.py:188} INFO - [2025-08-09T18:35:12.332+0000] {dagbag.py:540} INFO - Filling up the DagBag from /home/airflow/.local/lib/python3.12/site-packages/airflow/example_dags/example_setup_teardown_taskflow.py
[2025-08-09T18:35:12.345+0000] {processor.py:840} INFO - DAG(s) 'example_setup_teardown_taskflow' retrieved from /home/airflow/.local/lib/python3.12/site-packages/airflow/example_dags/example_setup_teardown_taskflow.py
[2025-08-09T18:35:12.375+0000] {logging_mixin.py:188} INFO - [2025-08-09T18:35:12.374+0000] {dag.py:3096} INFO - Sync 1 DAGs
[2025-08-09T18:35:12.404+0000] {logging_mixin.py:188} INFO - [2025-08-09T18:35:12.403+0000] {dag.py:3954} INFO - Setting next_dagrun for example_setup_teardown_taskflow to 2025-08-08 00:00:00+00:00, run_after=2025-08-09 00:00:00+00:00
[2025-08-09T18:35:12.439+0000] {processor.py:183} INFO - Processing /home/airflow/.local/lib/python3.12/site-packages/airflow/example_dags/example_setup_teardown_taskflow.py took 0.119 seconds
[2025-08-09T18:35:42.797+0000] {processor.py:161} INFO - Started process (PID=1057) to work on /home/airflow/.local/lib/python3.12/site-packages/airflow/example_dags/example_setup_teardown_taskflow.py
[2025-08-09T18:35:42.798+0000] {processor.py:830} INFO - Processing file /home/airflow/.local/lib/python3.12/site-packages/airflow/example_dags/example_setup_teardown_taskflow.py for tasks to queue
[2025-08-09T18:35:42.801+0000] {logging_mixin.py:188} INFO - [2025-08-09T18:35:42.800+0000] {dagbag.py:540} INFO - Filling up the DagBag from /home/airflow/.local/lib/python3.12/site-packages/airflow/example_dags/example_setup_teardown_taskflow.py
[2025-08-09T18:35:42.813+0000] {processor.py:840} INFO - DAG(s) 'example_setup_teardown_taskflow' retrieved from /home/airflow/.local/lib/python3.12/site-packages/airflow/example_dags/example_setup_teardown_taskflow.py
[2025-08-09T18:35:42.846+0000] {logging_mixin.py:188} INFO - [2025-08-09T18:35:42.845+0000] {dag.py:3096} INFO - Sync 1 DAGs
[2025-08-09T18:35:42.883+0000] {logging_mixin.py:188} INFO - [2025-08-09T18:35:42.882+0000] {dag.py:3954} INFO - Setting next_dagrun for example_setup_teardown_taskflow to 2025-08-08 00:00:00+00:00, run_after=2025-08-09 00:00:00+00:00
[2025-08-09T18:35:42.911+0000] {processor.py:183} INFO - Processing /home/airflow/.local/lib/python3.12/site-packages/airflow/example_dags/example_setup_teardown_taskflow.py took 0.124 seconds
[2025-08-09T18:36:13.139+0000] {processor.py:161} INFO - Started process (PID=1116) to work on /home/airflow/.local/lib/python3.12/site-packages/airflow/example_dags/example_setup_teardown_taskflow.py
[2025-08-09T18:36:13.140+0000] {processor.py:830} INFO - Processing file /home/airflow/.local/lib/python3.12/site-packages/airflow/example_dags/example_setup_teardown_taskflow.py for tasks to queue
[2025-08-09T18:36:13.143+0000] {logging_mixin.py:188} INFO - [2025-08-09T18:36:13.142+0000] {dagbag.py:540} INFO - Filling up the DagBag from /home/airflow/.local/lib/python3.12/site-packages/airflow/example_dags/example_setup_teardown_taskflow.py
[2025-08-09T18:36:13.154+0000] {processor.py:840} INFO - DAG(s) 'example_setup_teardown_taskflow' retrieved from /home/airflow/.local/lib/python3.12/site-packages/airflow/example_dags/example_setup_teardown_taskflow.py
[2025-08-09T18:36:13.181+0000] {logging_mixin.py:188} INFO - [2025-08-09T18:36:13.181+0000] {dag.py:3096} INFO - Sync 1 DAGs
[2025-08-09T18:36:13.213+0000] {logging_mixin.py:188} INFO - [2025-08-09T18:36:13.213+0000] {dag.py:3954} INFO - Setting next_dagrun for example_setup_teardown_taskflow to 2025-08-08 00:00:00+00:00, run_after=2025-08-09 00:00:00+00:00
[2025-08-09T18:36:13.250+0000] {processor.py:183} INFO - Processing /home/airflow/.local/lib/python3.12/site-packages/airflow/example_dags/example_setup_teardown_taskflow.py took 0.121 seconds
[2025-08-09T18:36:43.676+0000] {processor.py:161} INFO - Started process (PID=1175) to work on /home/airflow/.local/lib/python3.12/site-packages/airflow/example_dags/example_setup_teardown_taskflow.py
[2025-08-09T18:36:43.678+0000] {processor.py:830} INFO - Processing file /home/airflow/.local/lib/python3.12/site-packages/airflow/example_dags/example_setup_teardown_taskflow.py for tasks to queue
[2025-08-09T18:36:43.683+0000] {logging_mixin.py:188} INFO - [2025-08-09T18:36:43.682+0000] {dagbag.py:540} INFO - Filling up the DagBag from /home/airflow/.local/lib/python3.12/site-packages/airflow/example_dags/example_setup_teardown_taskflow.py
[2025-08-09T18:36:43.697+0000] {processor.py:840} INFO - DAG(s) 'example_setup_teardown_taskflow' retrieved from /home/airflow/.local/lib/python3.12/site-packages/airflow/example_dags/example_setup_teardown_taskflow.py
[2025-08-09T18:36:43.736+0000] {logging_mixin.py:188} INFO - [2025-08-09T18:36:43.736+0000] {dag.py:3096} INFO - Sync 1 DAGs
[2025-08-09T18:36:43.778+0000] {logging_mixin.py:188} INFO - [2025-08-09T18:36:43.777+0000] {dag.py:3954} INFO - Setting next_dagrun for example_setup_teardown_taskflow to 2025-08-08 00:00:00+00:00, run_after=2025-08-09 00:00:00+00:00
[2025-08-09T18:36:43.817+0000] {processor.py:183} INFO - Processing /home/airflow/.local/lib/python3.12/site-packages/airflow/example_dags/example_setup_teardown_taskflow.py took 0.158 seconds
[2025-08-09T18:37:13.897+0000] {processor.py:161} INFO - Started process (PID=1234) to work on /home/airflow/.local/lib/python3.12/site-packages/airflow/example_dags/example_setup_teardown_taskflow.py
[2025-08-09T18:37:13.898+0000] {processor.py:830} INFO - Processing file /home/airflow/.local/lib/python3.12/site-packages/airflow/example_dags/example_setup_teardown_taskflow.py for tasks to queue
[2025-08-09T18:37:13.901+0000] {logging_mixin.py:188} INFO - [2025-08-09T18:37:13.900+0000] {dagbag.py:540} INFO - Filling up the DagBag from /home/airflow/.local/lib/python3.12/site-packages/airflow/example_dags/example_setup_teardown_taskflow.py
[2025-08-09T18:37:13.914+0000] {processor.py:840} INFO - DAG(s) 'example_setup_teardown_taskflow' retrieved from /home/airflow/.local/lib/python3.12/site-packages/airflow/example_dags/example_setup_teardown_taskflow.py
[2025-08-09T18:37:13.943+0000] {logging_mixin.py:188} INFO - [2025-08-09T18:37:13.943+0000] {dag.py:3096} INFO - Sync 1 DAGs
[2025-08-09T18:37:13.984+0000] {logging_mixin.py:188} INFO - [2025-08-09T18:37:13.984+0000] {dag.py:3954} INFO - Setting next_dagrun for example_setup_teardown_taskflow to 2025-08-08 00:00:00+00:00, run_after=2025-08-09 00:00:00+00:00
[2025-08-09T18:37:14.009+0000] {processor.py:183} INFO - Processing /home/airflow/.local/lib/python3.12/site-packages/airflow/example_dags/example_setup_teardown_taskflow.py took 0.120 seconds
[2025-08-09T18:37:44.558+0000] {processor.py:161} INFO - Started process (PID=1293) to work on /home/airflow/.local/lib/python3.12/site-packages/airflow/example_dags/example_setup_teardown_taskflow.py
[2025-08-09T18:37:44.560+0000] {processor.py:830} INFO - Processing file /home/airflow/.local/lib/python3.12/site-packages/airflow/example_dags/example_setup_teardown_taskflow.py for tasks to queue
[2025-08-09T18:37:44.563+0000] {logging_mixin.py:188} INFO - [2025-08-09T18:37:44.563+0000] {dagbag.py:540} INFO - Filling up the DagBag from /home/airflow/.local/lib/python3.12/site-packages/airflow/example_dags/example_setup_teardown_taskflow.py
[2025-08-09T18:37:44.574+0000] {processor.py:840} INFO - DAG(s) 'example_setup_teardown_taskflow' retrieved from /home/airflow/.local/lib/python3.12/site-packages/airflow/example_dags/example_setup_teardown_taskflow.py
[2025-08-09T18:37:44.607+0000] {logging_mixin.py:188} INFO - [2025-08-09T18:37:44.607+0000] {dag.py:3096} INFO - Sync 1 DAGs
[2025-08-09T18:37:44.636+0000] {logging_mixin.py:188} INFO - [2025-08-09T18:37:44.635+0000] {dag.py:3954} INFO - Setting next_dagrun for example_setup_teardown_taskflow to 2025-08-08 00:00:00+00:00, run_after=2025-08-09 00:00:00+00:00
[2025-08-09T18:37:44.674+0000] {processor.py:183} INFO - Processing /home/airflow/.local/lib/python3.12/site-packages/airflow/example_dags/example_setup_teardown_taskflow.py took 0.124 seconds
[2025-08-09T18:38:15.156+0000] {processor.py:161} INFO - Started process (PID=1352) to work on /home/airflow/.local/lib/python3.12/site-packages/airflow/example_dags/example_setup_teardown_taskflow.py
[2025-08-09T18:38:15.157+0000] {processor.py:830} INFO - Processing file /home/airflow/.local/lib/python3.12/site-packages/airflow/example_dags/example_setup_teardown_taskflow.py for tasks to queue
[2025-08-09T18:38:15.160+0000] {logging_mixin.py:188} INFO - [2025-08-09T18:38:15.160+0000] {dagbag.py:540} INFO - Filling up the DagBag from /home/airflow/.local/lib/python3.12/site-packages/airflow/example_dags/example_setup_teardown_taskflow.py
[2025-08-09T18:38:15.171+0000] {processor.py:840} INFO - DAG(s) 'example_setup_teardown_taskflow' retrieved from /home/airflow/.local/lib/python3.12/site-packages/airflow/example_dags/example_setup_teardown_taskflow.py
[2025-08-09T18:38:15.197+0000] {logging_mixin.py:188} INFO - [2025-08-09T18:38:15.197+0000] {dag.py:3096} INFO - Sync 1 DAGs
[2025-08-09T18:38:15.232+0000] {logging_mixin.py:188} INFO - [2025-08-09T18:38:15.232+0000] {dag.py:3954} INFO - Setting next_dagrun for example_setup_teardown_taskflow to 2025-08-08 00:00:00+00:00, run_after=2025-08-09 00:00:00+00:00
[2025-08-09T18:38:15.255+0000] {processor.py:183} INFO - Processing /home/airflow/.local/lib/python3.12/site-packages/airflow/example_dags/example_setup_teardown_taskflow.py took 0.107 seconds
[2025-08-09T18:38:45.610+0000] {processor.py:161} INFO - Started process (PID=1411) to work on /home/airflow/.local/lib/python3.12/site-packages/airflow/example_dags/example_setup_teardown_taskflow.py
[2025-08-09T18:38:45.611+0000] {processor.py:830} INFO - Processing file /home/airflow/.local/lib/python3.12/site-packages/airflow/example_dags/example_setup_teardown_taskflow.py for tasks to queue
[2025-08-09T18:38:45.614+0000] {logging_mixin.py:188} INFO - [2025-08-09T18:38:45.613+0000] {dagbag.py:540} INFO - Filling up the DagBag from /home/airflow/.local/lib/python3.12/site-packages/airflow/example_dags/example_setup_teardown_taskflow.py
[2025-08-09T18:38:45.634+0000] {processor.py:840} INFO - DAG(s) 'example_setup_teardown_taskflow' retrieved from /home/airflow/.local/lib/python3.12/site-packages/airflow/example_dags/example_setup_teardown_taskflow.py
[2025-08-09T18:38:45.665+0000] {logging_mixin.py:188} INFO - [2025-08-09T18:38:45.665+0000] {dag.py:3096} INFO - Sync 1 DAGs
[2025-08-09T18:38:45.697+0000] {logging_mixin.py:188} INFO - [2025-08-09T18:38:45.696+0000] {dag.py:3954} INFO - Setting next_dagrun for example_setup_teardown_taskflow to 2025-08-08 00:00:00+00:00, run_after=2025-08-09 00:00:00+00:00
[2025-08-09T18:38:45.728+0000] {processor.py:183} INFO - Processing /home/airflow/.local/lib/python3.12/site-packages/airflow/example_dags/example_setup_teardown_taskflow.py took 0.131 seconds
[2025-08-09T18:39:16.363+0000] {processor.py:161} INFO - Started process (PID=1470) to work on /home/airflow/.local/lib/python3.12/site-packages/airflow/example_dags/example_setup_teardown_taskflow.py
[2025-08-09T18:39:16.365+0000] {processor.py:830} INFO - Processing file /home/airflow/.local/lib/python3.12/site-packages/airflow/example_dags/example_setup_teardown_taskflow.py for tasks to queue
[2025-08-09T18:39:16.367+0000] {logging_mixin.py:188} INFO - [2025-08-09T18:39:16.367+0000] {dagbag.py:540} INFO - Filling up the DagBag from /home/airflow/.local/lib/python3.12/site-packages/airflow/example_dags/example_setup_teardown_taskflow.py
[2025-08-09T18:39:16.382+0000] {processor.py:840} INFO - DAG(s) 'example_setup_teardown_taskflow' retrieved from /home/airflow/.local/lib/python3.12/site-packages/airflow/example_dags/example_setup_teardown_taskflow.py
[2025-08-09T18:39:16.420+0000] {logging_mixin.py:188} INFO - [2025-08-09T18:39:16.420+0000] {dag.py:3096} INFO - Sync 1 DAGs
[2025-08-09T18:39:16.448+0000] {logging_mixin.py:188} INFO - [2025-08-09T18:39:16.448+0000] {dag.py:3954} INFO - Setting next_dagrun for example_setup_teardown_taskflow to 2025-08-08 00:00:00+00:00, run_after=2025-08-09 00:00:00+00:00
[2025-08-09T18:39:16.484+0000] {processor.py:183} INFO - Processing /home/airflow/.local/lib/python3.12/site-packages/airflow/example_dags/example_setup_teardown_taskflow.py took 0.131 seconds
[2025-08-09T18:39:46.755+0000] {processor.py:161} INFO - Started process (PID=1529) to work on /home/airflow/.local/lib/python3.12/site-packages/airflow/example_dags/example_setup_teardown_taskflow.py
[2025-08-09T18:39:46.756+0000] {processor.py:830} INFO - Processing file /home/airflow/.local/lib/python3.12/site-packages/airflow/example_dags/example_setup_teardown_taskflow.py for tasks to queue
[2025-08-09T18:39:46.759+0000] {logging_mixin.py:188} INFO - [2025-08-09T18:39:46.758+0000] {dagbag.py:540} INFO - Filling up the DagBag from /home/airflow/.local/lib/python3.12/site-packages/airflow/example_dags/example_setup_teardown_taskflow.py
[2025-08-09T18:39:46.770+0000] {processor.py:840} INFO - DAG(s) 'example_setup_teardown_taskflow' retrieved from /home/airflow/.local/lib/python3.12/site-packages/airflow/example_dags/example_setup_teardown_taskflow.py
[2025-08-09T18:39:46.798+0000] {logging_mixin.py:188} INFO - [2025-08-09T18:39:46.797+0000] {dag.py:3096} INFO - Sync 1 DAGs
[2025-08-09T18:39:46.834+0000] {logging_mixin.py:188} INFO - [2025-08-09T18:39:46.833+0000] {dag.py:3954} INFO - Setting next_dagrun for example_setup_teardown_taskflow to 2025-08-08 00:00:00+00:00, run_after=2025-08-09 00:00:00+00:00
[2025-08-09T18:39:46.861+0000] {processor.py:183} INFO - Processing /home/airflow/.local/lib/python3.12/site-packages/airflow/example_dags/example_setup_teardown_taskflow.py took 0.115 seconds
[2025-08-09T18:40:17.467+0000] {processor.py:161} INFO - Started process (PID=1588) to work on /home/airflow/.local/lib/python3.12/site-packages/airflow/example_dags/example_setup_teardown_taskflow.py
[2025-08-09T18:40:17.468+0000] {processor.py:830} INFO - Processing file /home/airflow/.local/lib/python3.12/site-packages/airflow/example_dags/example_setup_teardown_taskflow.py for tasks to queue
[2025-08-09T18:40:17.471+0000] {logging_mixin.py:188} INFO - [2025-08-09T18:40:17.471+0000] {dagbag.py:540} INFO - Filling up the DagBag from /home/airflow/.local/lib/python3.12/site-packages/airflow/example_dags/example_setup_teardown_taskflow.py
[2025-08-09T18:40:17.485+0000] {processor.py:840} INFO - DAG(s) 'example_setup_teardown_taskflow' retrieved from /home/airflow/.local/lib/python3.12/site-packages/airflow/example_dags/example_setup_teardown_taskflow.py
[2025-08-09T18:40:17.513+0000] {logging_mixin.py:188} INFO - [2025-08-09T18:40:17.513+0000] {dag.py:3096} INFO - Sync 1 DAGs
[2025-08-09T18:40:17.561+0000] {logging_mixin.py:188} INFO - [2025-08-09T18:40:17.560+0000] {dag.py:3954} INFO - Setting next_dagrun for example_setup_teardown_taskflow to 2025-08-08 00:00:00+00:00, run_after=2025-08-09 00:00:00+00:00
[2025-08-09T18:40:17.609+0000] {processor.py:183} INFO - Processing /home/airflow/.local/lib/python3.12/site-packages/airflow/example_dags/example_setup_teardown_taskflow.py took 0.151 seconds
[2025-08-09T18:40:48.094+0000] {processor.py:161} INFO - Started process (PID=1647) to work on /home/airflow/.local/lib/python3.12/site-packages/airflow/example_dags/example_setup_teardown_taskflow.py
[2025-08-09T18:40:48.095+0000] {processor.py:830} INFO - Processing file /home/airflow/.local/lib/python3.12/site-packages/airflow/example_dags/example_setup_teardown_taskflow.py for tasks to queue
[2025-08-09T18:40:48.098+0000] {logging_mixin.py:188} INFO - [2025-08-09T18:40:48.098+0000] {dagbag.py:540} INFO - Filling up the DagBag from /home/airflow/.local/lib/python3.12/site-packages/airflow/example_dags/example_setup_teardown_taskflow.py
[2025-08-09T18:40:48.114+0000] {processor.py:840} INFO - DAG(s) 'example_setup_teardown_taskflow' retrieved from /home/airflow/.local/lib/python3.12/site-packages/airflow/example_dags/example_setup_teardown_taskflow.py
[2025-08-09T18:40:48.152+0000] {logging_mixin.py:188} INFO - [2025-08-09T18:40:48.152+0000] {dag.py:3096} INFO - Sync 1 DAGs
[2025-08-09T18:40:48.197+0000] {logging_mixin.py:188} INFO - [2025-08-09T18:40:48.196+0000] {dag.py:3954} INFO - Setting next_dagrun for example_setup_teardown_taskflow to 2025-08-08 00:00:00+00:00, run_after=2025-08-09 00:00:00+00:00
[2025-08-09T18:40:48.236+0000] {processor.py:183} INFO - Processing /home/airflow/.local/lib/python3.12/site-packages/airflow/example_dags/example_setup_teardown_taskflow.py took 0.153 seconds
[2025-08-09T18:41:18.499+0000] {processor.py:161} INFO - Started process (PID=1707) to work on /home/airflow/.local/lib/python3.12/site-packages/airflow/example_dags/example_setup_teardown_taskflow.py
[2025-08-09T18:41:18.500+0000] {processor.py:830} INFO - Processing file /home/airflow/.local/lib/python3.12/site-packages/airflow/example_dags/example_setup_teardown_taskflow.py for tasks to queue
[2025-08-09T18:41:18.503+0000] {logging_mixin.py:188} INFO - [2025-08-09T18:41:18.502+0000] {dagbag.py:540} INFO - Filling up the DagBag from /home/airflow/.local/lib/python3.12/site-packages/airflow/example_dags/example_setup_teardown_taskflow.py
[2025-08-09T18:41:18.514+0000] {processor.py:840} INFO - DAG(s) 'example_setup_teardown_taskflow' retrieved from /home/airflow/.local/lib/python3.12/site-packages/airflow/example_dags/example_setup_teardown_taskflow.py
[2025-08-09T18:41:18.542+0000] {logging_mixin.py:188} INFO - [2025-08-09T18:41:18.542+0000] {dag.py:3096} INFO - Sync 1 DAGs
[2025-08-09T18:41:18.569+0000] {logging_mixin.py:188} INFO - [2025-08-09T18:41:18.569+0000] {dag.py:3954} INFO - Setting next_dagrun for example_setup_teardown_taskflow to 2025-08-08 00:00:00+00:00, run_after=2025-08-09 00:00:00+00:00
[2025-08-09T18:41:18.619+0000] {processor.py:183} INFO - Processing /home/airflow/.local/lib/python3.12/site-packages/airflow/example_dags/example_setup_teardown_taskflow.py took 0.127 seconds
[2025-08-09T18:41:48.948+0000] {processor.py:161} INFO - Started process (PID=1766) to work on /home/airflow/.local/lib/python3.12/site-packages/airflow/example_dags/example_setup_teardown_taskflow.py
[2025-08-09T18:41:48.949+0000] {processor.py:830} INFO - Processing file /home/airflow/.local/lib/python3.12/site-packages/airflow/example_dags/example_setup_teardown_taskflow.py for tasks to queue
[2025-08-09T18:41:48.953+0000] {logging_mixin.py:188} INFO - [2025-08-09T18:41:48.952+0000] {dagbag.py:540} INFO - Filling up the DagBag from /home/airflow/.local/lib/python3.12/site-packages/airflow/example_dags/example_setup_teardown_taskflow.py
[2025-08-09T18:41:48.968+0000] {processor.py:840} INFO - DAG(s) 'example_setup_teardown_taskflow' retrieved from /home/airflow/.local/lib/python3.12/site-packages/airflow/example_dags/example_setup_teardown_taskflow.py
[2025-08-09T18:41:49.003+0000] {logging_mixin.py:188} INFO - [2025-08-09T18:41:49.003+0000] {dag.py:3096} INFO - Sync 1 DAGs
[2025-08-09T18:41:49.041+0000] {logging_mixin.py:188} INFO - [2025-08-09T18:41:49.040+0000] {dag.py:3954} INFO - Setting next_dagrun for example_setup_teardown_taskflow to 2025-08-08 00:00:00+00:00, run_after=2025-08-09 00:00:00+00:00
[2025-08-09T18:41:49.079+0000] {processor.py:183} INFO - Processing /home/airflow/.local/lib/python3.12/site-packages/airflow/example_dags/example_setup_teardown_taskflow.py took 0.146 seconds
[2025-08-09T18:42:19.179+0000] {processor.py:161} INFO - Started process (PID=1825) to work on /home/airflow/.local/lib/python3.12/site-packages/airflow/example_dags/example_setup_teardown_taskflow.py
[2025-08-09T18:42:19.181+0000] {processor.py:830} INFO - Processing file /home/airflow/.local/lib/python3.12/site-packages/airflow/example_dags/example_setup_teardown_taskflow.py for tasks to queue
[2025-08-09T18:42:19.184+0000] {logging_mixin.py:188} INFO - [2025-08-09T18:42:19.183+0000] {dagbag.py:540} INFO - Filling up the DagBag from /home/airflow/.local/lib/python3.12/site-packages/airflow/example_dags/example_setup_teardown_taskflow.py
[2025-08-09T18:42:19.201+0000] {processor.py:840} INFO - DAG(s) 'example_setup_teardown_taskflow' retrieved from /home/airflow/.local/lib/python3.12/site-packages/airflow/example_dags/example_setup_teardown_taskflow.py
[2025-08-09T18:42:19.240+0000] {logging_mixin.py:188} INFO - [2025-08-09T18:42:19.239+0000] {dag.py:3096} INFO - Sync 1 DAGs
[2025-08-09T18:42:19.275+0000] {logging_mixin.py:188} INFO - [2025-08-09T18:42:19.275+0000] {dag.py:3954} INFO - Setting next_dagrun for example_setup_teardown_taskflow to 2025-08-08 00:00:00+00:00, run_after=2025-08-09 00:00:00+00:00
[2025-08-09T18:42:19.309+0000] {processor.py:183} INFO - Processing /home/airflow/.local/lib/python3.12/site-packages/airflow/example_dags/example_setup_teardown_taskflow.py took 0.142 seconds
[2025-08-09T18:42:49.797+0000] {processor.py:161} INFO - Started process (PID=1884) to work on /home/airflow/.local/lib/python3.12/site-packages/airflow/example_dags/example_setup_teardown_taskflow.py
[2025-08-09T18:42:49.798+0000] {processor.py:830} INFO - Processing file /home/airflow/.local/lib/python3.12/site-packages/airflow/example_dags/example_setup_teardown_taskflow.py for tasks to queue
[2025-08-09T18:42:49.801+0000] {logging_mixin.py:188} INFO - [2025-08-09T18:42:49.800+0000] {dagbag.py:540} INFO - Filling up the DagBag from /home/airflow/.local/lib/python3.12/site-packages/airflow/example_dags/example_setup_teardown_taskflow.py
[2025-08-09T18:42:49.816+0000] {processor.py:840} INFO - DAG(s) 'example_setup_teardown_taskflow' retrieved from /home/airflow/.local/lib/python3.12/site-packages/airflow/example_dags/example_setup_teardown_taskflow.py
[2025-08-09T18:42:49.850+0000] {logging_mixin.py:188} INFO - [2025-08-09T18:42:49.850+0000] {dag.py:3096} INFO - Sync 1 DAGs
[2025-08-09T18:42:49.885+0000] {logging_mixin.py:188} INFO - [2025-08-09T18:42:49.885+0000] {dag.py:3954} INFO - Setting next_dagrun for example_setup_teardown_taskflow to 2025-08-08 00:00:00+00:00, run_after=2025-08-09 00:00:00+00:00
[2025-08-09T18:42:49.928+0000] {processor.py:183} INFO - Processing /home/airflow/.local/lib/python3.12/site-packages/airflow/example_dags/example_setup_teardown_taskflow.py took 0.138 seconds
[2025-08-09T18:43:20.850+0000] {processor.py:161} INFO - Started process (PID=1943) to work on /home/airflow/.local/lib/python3.12/site-packages/airflow/example_dags/example_setup_teardown_taskflow.py
[2025-08-09T18:43:20.851+0000] {processor.py:830} INFO - Processing file /home/airflow/.local/lib/python3.12/site-packages/airflow/example_dags/example_setup_teardown_taskflow.py for tasks to queue
[2025-08-09T18:43:20.854+0000] {logging_mixin.py:188} INFO - [2025-08-09T18:43:20.854+0000] {dagbag.py:540} INFO - Filling up the DagBag from /home/airflow/.local/lib/python3.12/site-packages/airflow/example_dags/example_setup_teardown_taskflow.py
[2025-08-09T18:43:20.867+0000] {processor.py:840} INFO - DAG(s) 'example_setup_teardown_taskflow' retrieved from /home/airflow/.local/lib/python3.12/site-packages/airflow/example_dags/example_setup_teardown_taskflow.py
[2025-08-09T18:43:20.904+0000] {logging_mixin.py:188} INFO - [2025-08-09T18:43:20.903+0000] {dag.py:3096} INFO - Sync 1 DAGs
[2025-08-09T18:43:20.935+0000] {logging_mixin.py:188} INFO - [2025-08-09T18:43:20.934+0000] {dag.py:3954} INFO - Setting next_dagrun for example_setup_teardown_taskflow to 2025-08-08 00:00:00+00:00, run_after=2025-08-09 00:00:00+00:00
[2025-08-09T18:43:20.959+0000] {processor.py:183} INFO - Processing /home/airflow/.local/lib/python3.12/site-packages/airflow/example_dags/example_setup_teardown_taskflow.py took 0.117 seconds
[2025-08-09T18:43:51.475+0000] {processor.py:161} INFO - Started process (PID=2002) to work on /home/airflow/.local/lib/python3.12/site-packages/airflow/example_dags/example_setup_teardown_taskflow.py
[2025-08-09T18:43:51.476+0000] {processor.py:830} INFO - Processing file /home/airflow/.local/lib/python3.12/site-packages/airflow/example_dags/example_setup_teardown_taskflow.py for tasks to queue
[2025-08-09T18:43:51.479+0000] {logging_mixin.py:188} INFO - [2025-08-09T18:43:51.478+0000] {dagbag.py:540} INFO - Filling up the DagBag from /home/airflow/.local/lib/python3.12/site-packages/airflow/example_dags/example_setup_teardown_taskflow.py
[2025-08-09T18:43:51.491+0000] {processor.py:840} INFO - DAG(s) 'example_setup_teardown_taskflow' retrieved from /home/airflow/.local/lib/python3.12/site-packages/airflow/example_dags/example_setup_teardown_taskflow.py
[2025-08-09T18:43:51.523+0000] {logging_mixin.py:188} INFO - [2025-08-09T18:43:51.523+0000] {dag.py:3096} INFO - Sync 1 DAGs
[2025-08-09T18:43:51.559+0000] {logging_mixin.py:188} INFO - [2025-08-09T18:43:51.559+0000] {dag.py:3954} INFO - Setting next_dagrun for example_setup_teardown_taskflow to 2025-08-08 00:00:00+00:00, run_after=2025-08-09 00:00:00+00:00
[2025-08-09T18:43:51.584+0000] {processor.py:183} INFO - Processing /home/airflow/.local/lib/python3.12/site-packages/airflow/example_dags/example_setup_teardown_taskflow.py took 0.117 seconds
[2025-08-09T18:44:22.624+0000] {processor.py:161} INFO - Started process (PID=2061) to work on /home/airflow/.local/lib/python3.12/site-packages/airflow/example_dags/example_setup_teardown_taskflow.py
[2025-08-09T18:44:22.626+0000] {processor.py:830} INFO - Processing file /home/airflow/.local/lib/python3.12/site-packages/airflow/example_dags/example_setup_teardown_taskflow.py for tasks to queue
[2025-08-09T18:44:22.631+0000] {logging_mixin.py:188} INFO - [2025-08-09T18:44:22.630+0000] {dagbag.py:540} INFO - Filling up the DagBag from /home/airflow/.local/lib/python3.12/site-packages/airflow/example_dags/example_setup_teardown_taskflow.py
[2025-08-09T18:44:22.648+0000] {processor.py:840} INFO - DAG(s) 'example_setup_teardown_taskflow' retrieved from /home/airflow/.local/lib/python3.12/site-packages/airflow/example_dags/example_setup_teardown_taskflow.py
[2025-08-09T18:44:22.698+0000] {logging_mixin.py:188} INFO - [2025-08-09T18:44:22.698+0000] {dag.py:3096} INFO - Sync 1 DAGs
[2025-08-09T18:44:22.746+0000] {logging_mixin.py:188} INFO - [2025-08-09T18:44:22.745+0000] {dag.py:3954} INFO - Setting next_dagrun for example_setup_teardown_taskflow to 2025-08-08 00:00:00+00:00, run_after=2025-08-09 00:00:00+00:00
[2025-08-09T18:44:22.786+0000] {processor.py:183} INFO - Processing /home/airflow/.local/lib/python3.12/site-packages/airflow/example_dags/example_setup_teardown_taskflow.py took 0.169 seconds
[2025-08-09T18:44:53.271+0000] {processor.py:161} INFO - Started process (PID=2118) to work on /home/airflow/.local/lib/python3.12/site-packages/airflow/example_dags/example_setup_teardown_taskflow.py
[2025-08-09T18:44:53.273+0000] {processor.py:830} INFO - Processing file /home/airflow/.local/lib/python3.12/site-packages/airflow/example_dags/example_setup_teardown_taskflow.py for tasks to queue
[2025-08-09T18:44:53.276+0000] {logging_mixin.py:188} INFO - [2025-08-09T18:44:53.276+0000] {dagbag.py:540} INFO - Filling up the DagBag from /home/airflow/.local/lib/python3.12/site-packages/airflow/example_dags/example_setup_teardown_taskflow.py
[2025-08-09T18:44:53.298+0000] {processor.py:840} INFO - DAG(s) 'example_setup_teardown_taskflow' retrieved from /home/airflow/.local/lib/python3.12/site-packages/airflow/example_dags/example_setup_teardown_taskflow.py
[2025-08-09T18:44:53.340+0000] {logging_mixin.py:188} INFO - [2025-08-09T18:44:53.339+0000] {dag.py:3096} INFO - Sync 1 DAGs
[2025-08-09T18:44:53.375+0000] {logging_mixin.py:188} INFO - [2025-08-09T18:44:53.375+0000] {dag.py:3954} INFO - Setting next_dagrun for example_setup_teardown_taskflow to 2025-08-08 00:00:00+00:00, run_after=2025-08-09 00:00:00+00:00
[2025-08-09T18:44:53.404+0000] {processor.py:183} INFO - Processing /home/airflow/.local/lib/python3.12/site-packages/airflow/example_dags/example_setup_teardown_taskflow.py took 0.142 seconds
