[2025-08-09T18:21:53.126+0000] {processor.py:161} INFO - Started process (PID=86) to work on /home/airflow/.local/lib/python3.12/site-packages/airflow/example_dags/example_task_group.py
[2025-08-09T18:21:53.133+0000] {processor.py:830} INFO - Processing file /home/airflow/.local/lib/python3.12/site-packages/airflow/example_dags/example_task_group.py for tasks to queue
[2025-08-09T18:21:53.148+0000] {logging_mixin.py:188} INFO - [2025-08-09T18:21:53.146+0000] {dagbag.py:540} INFO - Filling up the DagBag from /home/airflow/.local/lib/python3.12/site-packages/airflow/example_dags/example_task_group.py
[2025-08-09T18:21:53.199+0000] {processor.py:840} INFO - DAG(s) 'example_task_group' retrieved from /home/airflow/.local/lib/python3.12/site-packages/airflow/example_dags/example_task_group.py
[2025-08-09T18:21:53.850+0000] {logging_mixin.py:188} INFO - [2025-08-09T18:21:53.849+0000] {dag.py:3096} INFO - Sync 1 DAGs
[2025-08-09T18:21:53.968+0000] {logging_mixin.py:188} INFO - [2025-08-09T18:21:53.967+0000] {dag.py:3954} INFO - Setting next_dagrun for example_task_group to 2025-08-08 00:00:00+00:00, run_after=2025-08-09 00:00:00+00:00
[2025-08-09T18:21:54.048+0000] {processor.py:183} INFO - Processing /home/airflow/.local/lib/python3.12/site-packages/airflow/example_dags/example_task_group.py took 0.944 seconds
[2025-08-09T18:22:24.104+0000] {processor.py:161} INFO - Started process (PID=145) to work on /home/airflow/.local/lib/python3.12/site-packages/airflow/example_dags/example_task_group.py
[2025-08-09T18:22:24.117+0000] {processor.py:830} INFO - Processing file /home/airflow/.local/lib/python3.12/site-packages/airflow/example_dags/example_task_group.py for tasks to queue
[2025-08-09T18:22:24.120+0000] {logging_mixin.py:188} INFO - [2025-08-09T18:22:24.120+0000] {dagbag.py:540} INFO - Filling up the DagBag from /home/airflow/.local/lib/python3.12/site-packages/airflow/example_dags/example_task_group.py
[2025-08-09T18:22:24.132+0000] {processor.py:840} INFO - DAG(s) 'example_task_group' retrieved from /home/airflow/.local/lib/python3.12/site-packages/airflow/example_dags/example_task_group.py
[2025-08-09T18:22:24.172+0000] {logging_mixin.py:188} INFO - [2025-08-09T18:22:24.172+0000] {dag.py:3096} INFO - Sync 1 DAGs
[2025-08-09T18:22:24.214+0000] {logging_mixin.py:188} INFO - [2025-08-09T18:22:24.214+0000] {dag.py:3954} INFO - Setting next_dagrun for example_task_group to 2025-08-08 00:00:00+00:00, run_after=2025-08-09 00:00:00+00:00
[2025-08-09T18:22:24.259+0000] {processor.py:183} INFO - Processing /home/airflow/.local/lib/python3.12/site-packages/airflow/example_dags/example_task_group.py took 0.162 seconds
[2025-08-09T18:22:54.711+0000] {processor.py:161} INFO - Started process (PID=204) to work on /home/airflow/.local/lib/python3.12/site-packages/airflow/example_dags/example_task_group.py
[2025-08-09T18:22:54.712+0000] {processor.py:830} INFO - Processing file /home/airflow/.local/lib/python3.12/site-packages/airflow/example_dags/example_task_group.py for tasks to queue
[2025-08-09T18:22:54.716+0000] {logging_mixin.py:188} INFO - [2025-08-09T18:22:54.715+0000] {dagbag.py:540} INFO - Filling up the DagBag from /home/airflow/.local/lib/python3.12/site-packages/airflow/example_dags/example_task_group.py
[2025-08-09T18:22:54.726+0000] {processor.py:840} INFO - DAG(s) 'example_task_group' retrieved from /home/airflow/.local/lib/python3.12/site-packages/airflow/example_dags/example_task_group.py
[2025-08-09T18:22:54.764+0000] {logging_mixin.py:188} INFO - [2025-08-09T18:22:54.764+0000] {dag.py:3096} INFO - Sync 1 DAGs
[2025-08-09T18:22:54.817+0000] {logging_mixin.py:188} INFO - [2025-08-09T18:22:54.817+0000] {dag.py:3954} INFO - Setting next_dagrun for example_task_group to 2025-08-08 00:00:00+00:00, run_after=2025-08-09 00:00:00+00:00
[2025-08-09T18:22:54.847+0000] {processor.py:183} INFO - Processing /home/airflow/.local/lib/python3.12/site-packages/airflow/example_dags/example_task_group.py took 0.145 seconds
[2025-08-09T18:23:24.981+0000] {processor.py:161} INFO - Started process (PID=263) to work on /home/airflow/.local/lib/python3.12/site-packages/airflow/example_dags/example_task_group.py
[2025-08-09T18:23:24.983+0000] {processor.py:830} INFO - Processing file /home/airflow/.local/lib/python3.12/site-packages/airflow/example_dags/example_task_group.py for tasks to queue
[2025-08-09T18:23:24.987+0000] {logging_mixin.py:188} INFO - [2025-08-09T18:23:24.986+0000] {dagbag.py:540} INFO - Filling up the DagBag from /home/airflow/.local/lib/python3.12/site-packages/airflow/example_dags/example_task_group.py
[2025-08-09T18:23:25.003+0000] {processor.py:840} INFO - DAG(s) 'example_task_group' retrieved from /home/airflow/.local/lib/python3.12/site-packages/airflow/example_dags/example_task_group.py
[2025-08-09T18:23:25.055+0000] {logging_mixin.py:188} INFO - [2025-08-09T18:23:25.054+0000] {dag.py:3096} INFO - Sync 1 DAGs
[2025-08-09T18:23:25.115+0000] {logging_mixin.py:188} INFO - [2025-08-09T18:23:25.115+0000] {dag.py:3954} INFO - Setting next_dagrun for example_task_group to 2025-08-08 00:00:00+00:00, run_after=2025-08-09 00:00:00+00:00
[2025-08-09T18:23:25.150+0000] {processor.py:183} INFO - Processing /home/airflow/.local/lib/python3.12/site-packages/airflow/example_dags/example_task_group.py took 0.181 seconds
[2025-08-09T18:23:55.796+0000] {processor.py:161} INFO - Started process (PID=322) to work on /home/airflow/.local/lib/python3.12/site-packages/airflow/example_dags/example_task_group.py
[2025-08-09T18:23:55.797+0000] {processor.py:830} INFO - Processing file /home/airflow/.local/lib/python3.12/site-packages/airflow/example_dags/example_task_group.py for tasks to queue
[2025-08-09T18:23:55.801+0000] {logging_mixin.py:188} INFO - [2025-08-09T18:23:55.800+0000] {dagbag.py:540} INFO - Filling up the DagBag from /home/airflow/.local/lib/python3.12/site-packages/airflow/example_dags/example_task_group.py
[2025-08-09T18:23:55.814+0000] {processor.py:840} INFO - DAG(s) 'example_task_group' retrieved from /home/airflow/.local/lib/python3.12/site-packages/airflow/example_dags/example_task_group.py
[2025-08-09T18:23:55.856+0000] {logging_mixin.py:188} INFO - [2025-08-09T18:23:55.855+0000] {dag.py:3096} INFO - Sync 1 DAGs
[2025-08-09T18:23:55.915+0000] {logging_mixin.py:188} INFO - [2025-08-09T18:23:55.914+0000] {dag.py:3954} INFO - Setting next_dagrun for example_task_group to 2025-08-08 00:00:00+00:00, run_after=2025-08-09 00:00:00+00:00
[2025-08-09T18:23:55.954+0000] {processor.py:183} INFO - Processing /home/airflow/.local/lib/python3.12/site-packages/airflow/example_dags/example_task_group.py took 0.170 seconds
[2025-08-09T18:24:26.739+0000] {processor.py:161} INFO - Started process (PID=381) to work on /home/airflow/.local/lib/python3.12/site-packages/airflow/example_dags/example_task_group.py
[2025-08-09T18:24:26.740+0000] {processor.py:830} INFO - Processing file /home/airflow/.local/lib/python3.12/site-packages/airflow/example_dags/example_task_group.py for tasks to queue
[2025-08-09T18:24:26.742+0000] {logging_mixin.py:188} INFO - [2025-08-09T18:24:26.742+0000] {dagbag.py:540} INFO - Filling up the DagBag from /home/airflow/.local/lib/python3.12/site-packages/airflow/example_dags/example_task_group.py
[2025-08-09T18:24:26.751+0000] {processor.py:840} INFO - DAG(s) 'example_task_group' retrieved from /home/airflow/.local/lib/python3.12/site-packages/airflow/example_dags/example_task_group.py
[2025-08-09T18:24:26.785+0000] {logging_mixin.py:188} INFO - [2025-08-09T18:24:26.784+0000] {dag.py:3096} INFO - Sync 1 DAGs
[2025-08-09T18:24:26.832+0000] {logging_mixin.py:188} INFO - [2025-08-09T18:24:26.831+0000] {dag.py:3954} INFO - Setting next_dagrun for example_task_group to 2025-08-08 00:00:00+00:00, run_after=2025-08-09 00:00:00+00:00
[2025-08-09T18:24:26.885+0000] {processor.py:183} INFO - Processing /home/airflow/.local/lib/python3.12/site-packages/airflow/example_dags/example_task_group.py took 0.153 seconds
[2025-08-09T18:24:57.046+0000] {processor.py:161} INFO - Started process (PID=439) to work on /home/airflow/.local/lib/python3.12/site-packages/airflow/example_dags/example_task_group.py
[2025-08-09T18:24:57.048+0000] {processor.py:830} INFO - Processing file /home/airflow/.local/lib/python3.12/site-packages/airflow/example_dags/example_task_group.py for tasks to queue
[2025-08-09T18:24:57.051+0000] {logging_mixin.py:188} INFO - [2025-08-09T18:24:57.050+0000] {dagbag.py:540} INFO - Filling up the DagBag from /home/airflow/.local/lib/python3.12/site-packages/airflow/example_dags/example_task_group.py
[2025-08-09T18:24:57.065+0000] {processor.py:840} INFO - DAG(s) 'example_task_group' retrieved from /home/airflow/.local/lib/python3.12/site-packages/airflow/example_dags/example_task_group.py
[2025-08-09T18:24:57.102+0000] {logging_mixin.py:188} INFO - [2025-08-09T18:24:57.101+0000] {dag.py:3096} INFO - Sync 1 DAGs
[2025-08-09T18:24:57.149+0000] {logging_mixin.py:188} INFO - [2025-08-09T18:24:57.149+0000] {dag.py:3954} INFO - Setting next_dagrun for example_task_group to 2025-08-08 00:00:00+00:00, run_after=2025-08-09 00:00:00+00:00
[2025-08-09T18:24:57.177+0000] {processor.py:183} INFO - Processing /home/airflow/.local/lib/python3.12/site-packages/airflow/example_dags/example_task_group.py took 0.152 seconds
[2025-08-09T18:25:27.226+0000] {processor.py:161} INFO - Started process (PID=498) to work on /home/airflow/.local/lib/python3.12/site-packages/airflow/example_dags/example_task_group.py
[2025-08-09T18:25:27.228+0000] {processor.py:830} INFO - Processing file /home/airflow/.local/lib/python3.12/site-packages/airflow/example_dags/example_task_group.py for tasks to queue
[2025-08-09T18:25:27.233+0000] {logging_mixin.py:188} INFO - [2025-08-09T18:25:27.232+0000] {dagbag.py:540} INFO - Filling up the DagBag from /home/airflow/.local/lib/python3.12/site-packages/airflow/example_dags/example_task_group.py
[2025-08-09T18:25:27.244+0000] {processor.py:840} INFO - DAG(s) 'example_task_group' retrieved from /home/airflow/.local/lib/python3.12/site-packages/airflow/example_dags/example_task_group.py
[2025-08-09T18:25:27.282+0000] {logging_mixin.py:188} INFO - [2025-08-09T18:25:27.282+0000] {dag.py:3096} INFO - Sync 1 DAGs
[2025-08-09T18:25:27.319+0000] {logging_mixin.py:188} INFO - [2025-08-09T18:25:27.319+0000] {dag.py:3954} INFO - Setting next_dagrun for example_task_group to 2025-08-08 00:00:00+00:00, run_after=2025-08-09 00:00:00+00:00
[2025-08-09T18:25:27.358+0000] {processor.py:183} INFO - Processing /home/airflow/.local/lib/python3.12/site-packages/airflow/example_dags/example_task_group.py took 0.141 seconds
[2025-08-09T18:27:22.950+0000] {processor.py:161} INFO - Started process (PID=87) to work on /home/airflow/.local/lib/python3.12/site-packages/airflow/example_dags/example_task_group.py
[2025-08-09T18:27:22.956+0000] {processor.py:830} INFO - Processing file /home/airflow/.local/lib/python3.12/site-packages/airflow/example_dags/example_task_group.py for tasks to queue
[2025-08-09T18:27:22.982+0000] {logging_mixin.py:188} INFO - [2025-08-09T18:27:22.977+0000] {dagbag.py:540} INFO - Filling up the DagBag from /home/airflow/.local/lib/python3.12/site-packages/airflow/example_dags/example_task_group.py
[2025-08-09T18:27:23.144+0000] {processor.py:840} INFO - DAG(s) 'example_task_group' retrieved from /home/airflow/.local/lib/python3.12/site-packages/airflow/example_dags/example_task_group.py
[2025-08-09T18:27:23.903+0000] {logging_mixin.py:188} INFO - [2025-08-09T18:27:23.902+0000] {dag.py:3096} INFO - Sync 1 DAGs
[2025-08-09T18:27:23.967+0000] {logging_mixin.py:188} INFO - [2025-08-09T18:27:23.966+0000] {dag.py:3954} INFO - Setting next_dagrun for example_task_group to 2025-08-08 00:00:00+00:00, run_after=2025-08-09 00:00:00+00:00
[2025-08-09T18:27:24.080+0000] {processor.py:183} INFO - Processing /home/airflow/.local/lib/python3.12/site-packages/airflow/example_dags/example_task_group.py took 1.154 seconds
[2025-08-09T18:27:54.254+0000] {processor.py:161} INFO - Started process (PID=146) to work on /home/airflow/.local/lib/python3.12/site-packages/airflow/example_dags/example_task_group.py
[2025-08-09T18:27:54.255+0000] {processor.py:830} INFO - Processing file /home/airflow/.local/lib/python3.12/site-packages/airflow/example_dags/example_task_group.py for tasks to queue
[2025-08-09T18:27:54.258+0000] {logging_mixin.py:188} INFO - [2025-08-09T18:27:54.257+0000] {dagbag.py:540} INFO - Filling up the DagBag from /home/airflow/.local/lib/python3.12/site-packages/airflow/example_dags/example_task_group.py
[2025-08-09T18:27:54.272+0000] {processor.py:840} INFO - DAG(s) 'example_task_group' retrieved from /home/airflow/.local/lib/python3.12/site-packages/airflow/example_dags/example_task_group.py
[2025-08-09T18:27:54.314+0000] {logging_mixin.py:188} INFO - [2025-08-09T18:27:54.314+0000] {dag.py:3096} INFO - Sync 1 DAGs
[2025-08-09T18:27:54.358+0000] {logging_mixin.py:188} INFO - [2025-08-09T18:27:54.358+0000] {dag.py:3954} INFO - Setting next_dagrun for example_task_group to 2025-08-08 00:00:00+00:00, run_after=2025-08-09 00:00:00+00:00
[2025-08-09T18:27:54.444+0000] {processor.py:183} INFO - Processing /home/airflow/.local/lib/python3.12/site-packages/airflow/example_dags/example_task_group.py took 0.199 seconds
[2025-08-09T18:28:24.959+0000] {processor.py:161} INFO - Started process (PID=205) to work on /home/airflow/.local/lib/python3.12/site-packages/airflow/example_dags/example_task_group.py
[2025-08-09T18:28:24.961+0000] {processor.py:830} INFO - Processing file /home/airflow/.local/lib/python3.12/site-packages/airflow/example_dags/example_task_group.py for tasks to queue
[2025-08-09T18:28:24.964+0000] {logging_mixin.py:188} INFO - [2025-08-09T18:28:24.963+0000] {dagbag.py:540} INFO - Filling up the DagBag from /home/airflow/.local/lib/python3.12/site-packages/airflow/example_dags/example_task_group.py
[2025-08-09T18:28:24.976+0000] {processor.py:840} INFO - DAG(s) 'example_task_group' retrieved from /home/airflow/.local/lib/python3.12/site-packages/airflow/example_dags/example_task_group.py
[2025-08-09T18:28:25.008+0000] {logging_mixin.py:188} INFO - [2025-08-09T18:28:25.008+0000] {dag.py:3096} INFO - Sync 1 DAGs
[2025-08-09T18:28:25.050+0000] {logging_mixin.py:188} INFO - [2025-08-09T18:28:25.049+0000] {dag.py:3954} INFO - Setting next_dagrun for example_task_group to 2025-08-08 00:00:00+00:00, run_after=2025-08-09 00:00:00+00:00
[2025-08-09T18:28:25.097+0000] {processor.py:183} INFO - Processing /home/airflow/.local/lib/python3.12/site-packages/airflow/example_dags/example_task_group.py took 0.146 seconds
[2025-08-09T18:28:55.328+0000] {processor.py:161} INFO - Started process (PID=265) to work on /home/airflow/.local/lib/python3.12/site-packages/airflow/example_dags/example_task_group.py
[2025-08-09T18:28:55.339+0000] {processor.py:830} INFO - Processing file /home/airflow/.local/lib/python3.12/site-packages/airflow/example_dags/example_task_group.py for tasks to queue
[2025-08-09T18:28:55.342+0000] {logging_mixin.py:188} INFO - [2025-08-09T18:28:55.341+0000] {dagbag.py:540} INFO - Filling up the DagBag from /home/airflow/.local/lib/python3.12/site-packages/airflow/example_dags/example_task_group.py
[2025-08-09T18:28:55.355+0000] {processor.py:840} INFO - DAG(s) 'example_task_group' retrieved from /home/airflow/.local/lib/python3.12/site-packages/airflow/example_dags/example_task_group.py
[2025-08-09T18:28:55.398+0000] {logging_mixin.py:188} INFO - [2025-08-09T18:28:55.397+0000] {dag.py:3096} INFO - Sync 1 DAGs
[2025-08-09T18:28:55.435+0000] {logging_mixin.py:188} INFO - [2025-08-09T18:28:55.435+0000] {dag.py:3954} INFO - Setting next_dagrun for example_task_group to 2025-08-08 00:00:00+00:00, run_after=2025-08-09 00:00:00+00:00
[2025-08-09T18:28:55.475+0000] {processor.py:183} INFO - Processing /home/airflow/.local/lib/python3.12/site-packages/airflow/example_dags/example_task_group.py took 0.156 seconds
[2025-08-09T18:29:26.427+0000] {processor.py:161} INFO - Started process (PID=324) to work on /home/airflow/.local/lib/python3.12/site-packages/airflow/example_dags/example_task_group.py
[2025-08-09T18:29:26.429+0000] {processor.py:830} INFO - Processing file /home/airflow/.local/lib/python3.12/site-packages/airflow/example_dags/example_task_group.py for tasks to queue
[2025-08-09T18:29:26.434+0000] {logging_mixin.py:188} INFO - [2025-08-09T18:29:26.433+0000] {dagbag.py:540} INFO - Filling up the DagBag from /home/airflow/.local/lib/python3.12/site-packages/airflow/example_dags/example_task_group.py
[2025-08-09T18:29:26.470+0000] {processor.py:840} INFO - DAG(s) 'example_task_group' retrieved from /home/airflow/.local/lib/python3.12/site-packages/airflow/example_dags/example_task_group.py
[2025-08-09T18:29:26.555+0000] {logging_mixin.py:188} INFO - [2025-08-09T18:29:26.553+0000] {dag.py:3096} INFO - Sync 1 DAGs
[2025-08-09T18:29:26.736+0000] {logging_mixin.py:188} INFO - [2025-08-09T18:29:26.735+0000] {dag.py:3954} INFO - Setting next_dagrun for example_task_group to 2025-08-08 00:00:00+00:00, run_after=2025-08-09 00:00:00+00:00
[2025-08-09T18:29:26.823+0000] {processor.py:183} INFO - Processing /home/airflow/.local/lib/python3.12/site-packages/airflow/example_dags/example_task_group.py took 0.406 seconds
[2025-08-09T18:29:57.577+0000] {processor.py:161} INFO - Started process (PID=382) to work on /home/airflow/.local/lib/python3.12/site-packages/airflow/example_dags/example_task_group.py
[2025-08-09T18:29:57.578+0000] {processor.py:830} INFO - Processing file /home/airflow/.local/lib/python3.12/site-packages/airflow/example_dags/example_task_group.py for tasks to queue
[2025-08-09T18:29:57.581+0000] {logging_mixin.py:188} INFO - [2025-08-09T18:29:57.581+0000] {dagbag.py:540} INFO - Filling up the DagBag from /home/airflow/.local/lib/python3.12/site-packages/airflow/example_dags/example_task_group.py
[2025-08-09T18:29:57.596+0000] {processor.py:840} INFO - DAG(s) 'example_task_group' retrieved from /home/airflow/.local/lib/python3.12/site-packages/airflow/example_dags/example_task_group.py
[2025-08-09T18:29:57.645+0000] {logging_mixin.py:188} INFO - [2025-08-09T18:29:57.644+0000] {dag.py:3096} INFO - Sync 1 DAGs
[2025-08-09T18:29:57.695+0000] {logging_mixin.py:188} INFO - [2025-08-09T18:29:57.695+0000] {dag.py:3954} INFO - Setting next_dagrun for example_task_group to 2025-08-08 00:00:00+00:00, run_after=2025-08-09 00:00:00+00:00
[2025-08-09T18:29:57.726+0000] {processor.py:183} INFO - Processing /home/airflow/.local/lib/python3.12/site-packages/airflow/example_dags/example_task_group.py took 0.158 seconds
[2025-08-09T18:30:27.867+0000] {processor.py:161} INFO - Started process (PID=442) to work on /home/airflow/.local/lib/python3.12/site-packages/airflow/example_dags/example_task_group.py
[2025-08-09T18:30:27.868+0000] {processor.py:830} INFO - Processing file /home/airflow/.local/lib/python3.12/site-packages/airflow/example_dags/example_task_group.py for tasks to queue
[2025-08-09T18:30:27.871+0000] {logging_mixin.py:188} INFO - [2025-08-09T18:30:27.871+0000] {dagbag.py:540} INFO - Filling up the DagBag from /home/airflow/.local/lib/python3.12/site-packages/airflow/example_dags/example_task_group.py
[2025-08-09T18:30:27.884+0000] {processor.py:840} INFO - DAG(s) 'example_task_group' retrieved from /home/airflow/.local/lib/python3.12/site-packages/airflow/example_dags/example_task_group.py
[2025-08-09T18:30:27.925+0000] {logging_mixin.py:188} INFO - [2025-08-09T18:30:27.925+0000] {dag.py:3096} INFO - Sync 1 DAGs
[2025-08-09T18:30:27.987+0000] {logging_mixin.py:188} INFO - [2025-08-09T18:30:27.987+0000] {dag.py:3954} INFO - Setting next_dagrun for example_task_group to 2025-08-08 00:00:00+00:00, run_after=2025-08-09 00:00:00+00:00
[2025-08-09T18:30:28.026+0000] {processor.py:183} INFO - Processing /home/airflow/.local/lib/python3.12/site-packages/airflow/example_dags/example_task_group.py took 0.172 seconds
[2025-08-09T18:30:58.968+0000] {processor.py:161} INFO - Started process (PID=501) to work on /home/airflow/.local/lib/python3.12/site-packages/airflow/example_dags/example_task_group.py
[2025-08-09T18:30:58.970+0000] {processor.py:830} INFO - Processing file /home/airflow/.local/lib/python3.12/site-packages/airflow/example_dags/example_task_group.py for tasks to queue
[2025-08-09T18:30:58.973+0000] {logging_mixin.py:188} INFO - [2025-08-09T18:30:58.972+0000] {dagbag.py:540} INFO - Filling up the DagBag from /home/airflow/.local/lib/python3.12/site-packages/airflow/example_dags/example_task_group.py
[2025-08-09T18:30:58.984+0000] {processor.py:840} INFO - DAG(s) 'example_task_group' retrieved from /home/airflow/.local/lib/python3.12/site-packages/airflow/example_dags/example_task_group.py
[2025-08-09T18:30:59.018+0000] {logging_mixin.py:188} INFO - [2025-08-09T18:30:59.018+0000] {dag.py:3096} INFO - Sync 1 DAGs
[2025-08-09T18:30:59.052+0000] {logging_mixin.py:188} INFO - [2025-08-09T18:30:59.052+0000] {dag.py:3954} INFO - Setting next_dagrun for example_task_group to 2025-08-08 00:00:00+00:00, run_after=2025-08-09 00:00:00+00:00
[2025-08-09T18:30:59.091+0000] {processor.py:183} INFO - Processing /home/airflow/.local/lib/python3.12/site-packages/airflow/example_dags/example_task_group.py took 0.131 seconds
[2025-08-09T18:31:29.222+0000] {processor.py:161} INFO - Started process (PID=560) to work on /home/airflow/.local/lib/python3.12/site-packages/airflow/example_dags/example_task_group.py
[2025-08-09T18:31:29.223+0000] {processor.py:830} INFO - Processing file /home/airflow/.local/lib/python3.12/site-packages/airflow/example_dags/example_task_group.py for tasks to queue
[2025-08-09T18:31:29.227+0000] {logging_mixin.py:188} INFO - [2025-08-09T18:31:29.226+0000] {dagbag.py:540} INFO - Filling up the DagBag from /home/airflow/.local/lib/python3.12/site-packages/airflow/example_dags/example_task_group.py
[2025-08-09T18:31:29.237+0000] {processor.py:840} INFO - DAG(s) 'example_task_group' retrieved from /home/airflow/.local/lib/python3.12/site-packages/airflow/example_dags/example_task_group.py
[2025-08-09T18:31:29.265+0000] {logging_mixin.py:188} INFO - [2025-08-09T18:31:29.265+0000] {dag.py:3096} INFO - Sync 1 DAGs
[2025-08-09T18:31:29.302+0000] {logging_mixin.py:188} INFO - [2025-08-09T18:31:29.302+0000] {dag.py:3954} INFO - Setting next_dagrun for example_task_group to 2025-08-08 00:00:00+00:00, run_after=2025-08-09 00:00:00+00:00
[2025-08-09T18:31:29.330+0000] {processor.py:183} INFO - Processing /home/airflow/.local/lib/python3.12/site-packages/airflow/example_dags/example_task_group.py took 0.115 seconds
[2025-08-09T18:32:00.014+0000] {processor.py:161} INFO - Started process (PID=619) to work on /home/airflow/.local/lib/python3.12/site-packages/airflow/example_dags/example_task_group.py
[2025-08-09T18:32:00.016+0000] {processor.py:830} INFO - Processing file /home/airflow/.local/lib/python3.12/site-packages/airflow/example_dags/example_task_group.py for tasks to queue
[2025-08-09T18:32:00.020+0000] {logging_mixin.py:188} INFO - [2025-08-09T18:32:00.019+0000] {dagbag.py:540} INFO - Filling up the DagBag from /home/airflow/.local/lib/python3.12/site-packages/airflow/example_dags/example_task_group.py
[2025-08-09T18:32:00.031+0000] {processor.py:840} INFO - DAG(s) 'example_task_group' retrieved from /home/airflow/.local/lib/python3.12/site-packages/airflow/example_dags/example_task_group.py
[2025-08-09T18:32:00.071+0000] {logging_mixin.py:188} INFO - [2025-08-09T18:32:00.071+0000] {dag.py:3096} INFO - Sync 1 DAGs
[2025-08-09T18:32:00.103+0000] {logging_mixin.py:188} INFO - [2025-08-09T18:32:00.103+0000] {dag.py:3954} INFO - Setting next_dagrun for example_task_group to 2025-08-08 00:00:00+00:00, run_after=2025-08-09 00:00:00+00:00
[2025-08-09T18:32:00.159+0000] {processor.py:183} INFO - Processing /home/airflow/.local/lib/python3.12/site-packages/airflow/example_dags/example_task_group.py took 0.153 seconds
[2025-08-09T18:32:30.264+0000] {processor.py:161} INFO - Started process (PID=679) to work on /home/airflow/.local/lib/python3.12/site-packages/airflow/example_dags/example_task_group.py
[2025-08-09T18:32:30.266+0000] {processor.py:830} INFO - Processing file /home/airflow/.local/lib/python3.12/site-packages/airflow/example_dags/example_task_group.py for tasks to queue
[2025-08-09T18:32:30.268+0000] {logging_mixin.py:188} INFO - [2025-08-09T18:32:30.268+0000] {dagbag.py:540} INFO - Filling up the DagBag from /home/airflow/.local/lib/python3.12/site-packages/airflow/example_dags/example_task_group.py
[2025-08-09T18:32:30.279+0000] {processor.py:840} INFO - DAG(s) 'example_task_group' retrieved from /home/airflow/.local/lib/python3.12/site-packages/airflow/example_dags/example_task_group.py
[2025-08-09T18:32:30.317+0000] {logging_mixin.py:188} INFO - [2025-08-09T18:32:30.317+0000] {dag.py:3096} INFO - Sync 1 DAGs
[2025-08-09T18:32:30.379+0000] {logging_mixin.py:188} INFO - [2025-08-09T18:32:30.379+0000] {dag.py:3954} INFO - Setting next_dagrun for example_task_group to 2025-08-08 00:00:00+00:00, run_after=2025-08-09 00:00:00+00:00
[2025-08-09T18:32:30.407+0000] {processor.py:183} INFO - Processing /home/airflow/.local/lib/python3.12/site-packages/airflow/example_dags/example_task_group.py took 0.152 seconds
[2025-08-09T18:33:00.772+0000] {processor.py:161} INFO - Started process (PID=738) to work on /home/airflow/.local/lib/python3.12/site-packages/airflow/example_dags/example_task_group.py
[2025-08-09T18:33:00.774+0000] {processor.py:830} INFO - Processing file /home/airflow/.local/lib/python3.12/site-packages/airflow/example_dags/example_task_group.py for tasks to queue
[2025-08-09T18:33:00.776+0000] {logging_mixin.py:188} INFO - [2025-08-09T18:33:00.776+0000] {dagbag.py:540} INFO - Filling up the DagBag from /home/airflow/.local/lib/python3.12/site-packages/airflow/example_dags/example_task_group.py
[2025-08-09T18:33:00.785+0000] {processor.py:840} INFO - DAG(s) 'example_task_group' retrieved from /home/airflow/.local/lib/python3.12/site-packages/airflow/example_dags/example_task_group.py
[2025-08-09T18:33:00.812+0000] {logging_mixin.py:188} INFO - [2025-08-09T18:33:00.812+0000] {dag.py:3096} INFO - Sync 1 DAGs
[2025-08-09T18:33:00.838+0000] {logging_mixin.py:188} INFO - [2025-08-09T18:33:00.838+0000] {dag.py:3954} INFO - Setting next_dagrun for example_task_group to 2025-08-08 00:00:00+00:00, run_after=2025-08-09 00:00:00+00:00
[2025-08-09T18:33:00.874+0000] {processor.py:183} INFO - Processing /home/airflow/.local/lib/python3.12/site-packages/airflow/example_dags/example_task_group.py took 0.109 seconds
[2025-08-09T18:33:31.302+0000] {processor.py:161} INFO - Started process (PID=797) to work on /home/airflow/.local/lib/python3.12/site-packages/airflow/example_dags/example_task_group.py
[2025-08-09T18:33:31.304+0000] {processor.py:830} INFO - Processing file /home/airflow/.local/lib/python3.12/site-packages/airflow/example_dags/example_task_group.py for tasks to queue
[2025-08-09T18:33:31.307+0000] {logging_mixin.py:188} INFO - [2025-08-09T18:33:31.307+0000] {dagbag.py:540} INFO - Filling up the DagBag from /home/airflow/.local/lib/python3.12/site-packages/airflow/example_dags/example_task_group.py
[2025-08-09T18:33:31.317+0000] {processor.py:840} INFO - DAG(s) 'example_task_group' retrieved from /home/airflow/.local/lib/python3.12/site-packages/airflow/example_dags/example_task_group.py
[2025-08-09T18:33:31.357+0000] {logging_mixin.py:188} INFO - [2025-08-09T18:33:31.356+0000] {dag.py:3096} INFO - Sync 1 DAGs
[2025-08-09T18:33:31.402+0000] {logging_mixin.py:188} INFO - [2025-08-09T18:33:31.402+0000] {dag.py:3954} INFO - Setting next_dagrun for example_task_group to 2025-08-08 00:00:00+00:00, run_after=2025-08-09 00:00:00+00:00
[2025-08-09T18:33:31.448+0000] {processor.py:183} INFO - Processing /home/airflow/.local/lib/python3.12/site-packages/airflow/example_dags/example_task_group.py took 0.155 seconds
[2025-08-09T18:34:01.503+0000] {processor.py:161} INFO - Started process (PID=857) to work on /home/airflow/.local/lib/python3.12/site-packages/airflow/example_dags/example_task_group.py
[2025-08-09T18:34:01.506+0000] {processor.py:830} INFO - Processing file /home/airflow/.local/lib/python3.12/site-packages/airflow/example_dags/example_task_group.py for tasks to queue
[2025-08-09T18:34:01.509+0000] {logging_mixin.py:188} INFO - [2025-08-09T18:34:01.508+0000] {dagbag.py:540} INFO - Filling up the DagBag from /home/airflow/.local/lib/python3.12/site-packages/airflow/example_dags/example_task_group.py
[2025-08-09T18:34:01.523+0000] {processor.py:840} INFO - DAG(s) 'example_task_group' retrieved from /home/airflow/.local/lib/python3.12/site-packages/airflow/example_dags/example_task_group.py
[2025-08-09T18:34:01.570+0000] {logging_mixin.py:188} INFO - [2025-08-09T18:34:01.569+0000] {dag.py:3096} INFO - Sync 1 DAGs
[2025-08-09T18:34:01.624+0000] {logging_mixin.py:188} INFO - [2025-08-09T18:34:01.624+0000] {dag.py:3954} INFO - Setting next_dagrun for example_task_group to 2025-08-08 00:00:00+00:00, run_after=2025-08-09 00:00:00+00:00
[2025-08-09T18:34:01.983+0000] {processor.py:183} INFO - Processing /home/airflow/.local/lib/python3.12/site-packages/airflow/example_dags/example_task_group.py took 0.490 seconds
[2025-08-09T18:34:32.202+0000] {processor.py:161} INFO - Started process (PID=916) to work on /home/airflow/.local/lib/python3.12/site-packages/airflow/example_dags/example_task_group.py
[2025-08-09T18:34:32.204+0000] {processor.py:830} INFO - Processing file /home/airflow/.local/lib/python3.12/site-packages/airflow/example_dags/example_task_group.py for tasks to queue
[2025-08-09T18:34:32.208+0000] {logging_mixin.py:188} INFO - [2025-08-09T18:34:32.208+0000] {dagbag.py:540} INFO - Filling up the DagBag from /home/airflow/.local/lib/python3.12/site-packages/airflow/example_dags/example_task_group.py
[2025-08-09T18:34:32.222+0000] {processor.py:840} INFO - DAG(s) 'example_task_group' retrieved from /home/airflow/.local/lib/python3.12/site-packages/airflow/example_dags/example_task_group.py
[2025-08-09T18:34:32.278+0000] {logging_mixin.py:188} INFO - [2025-08-09T18:34:32.277+0000] {dag.py:3096} INFO - Sync 1 DAGs
[2025-08-09T18:34:32.321+0000] {logging_mixin.py:188} INFO - [2025-08-09T18:34:32.321+0000] {dag.py:3954} INFO - Setting next_dagrun for example_task_group to 2025-08-08 00:00:00+00:00, run_after=2025-08-09 00:00:00+00:00
[2025-08-09T18:34:32.374+0000] {processor.py:183} INFO - Processing /home/airflow/.local/lib/python3.12/site-packages/airflow/example_dags/example_task_group.py took 0.185 seconds
[2025-08-09T18:35:03.071+0000] {processor.py:161} INFO - Started process (PID=975) to work on /home/airflow/.local/lib/python3.12/site-packages/airflow/example_dags/example_task_group.py
[2025-08-09T18:35:03.072+0000] {processor.py:830} INFO - Processing file /home/airflow/.local/lib/python3.12/site-packages/airflow/example_dags/example_task_group.py for tasks to queue
[2025-08-09T18:35:03.076+0000] {logging_mixin.py:188} INFO - [2025-08-09T18:35:03.075+0000] {dagbag.py:540} INFO - Filling up the DagBag from /home/airflow/.local/lib/python3.12/site-packages/airflow/example_dags/example_task_group.py
[2025-08-09T18:35:03.091+0000] {processor.py:840} INFO - DAG(s) 'example_task_group' retrieved from /home/airflow/.local/lib/python3.12/site-packages/airflow/example_dags/example_task_group.py
[2025-08-09T18:35:03.151+0000] {logging_mixin.py:188} INFO - [2025-08-09T18:35:03.151+0000] {dag.py:3096} INFO - Sync 1 DAGs
[2025-08-09T18:35:03.210+0000] {logging_mixin.py:188} INFO - [2025-08-09T18:35:03.210+0000] {dag.py:3954} INFO - Setting next_dagrun for example_task_group to 2025-08-08 00:00:00+00:00, run_after=2025-08-09 00:00:00+00:00
[2025-08-09T18:35:03.247+0000] {processor.py:183} INFO - Processing /home/airflow/.local/lib/python3.12/site-packages/airflow/example_dags/example_task_group.py took 0.188 seconds
[2025-08-09T18:35:34.117+0000] {processor.py:161} INFO - Started process (PID=1034) to work on /home/airflow/.local/lib/python3.12/site-packages/airflow/example_dags/example_task_group.py
[2025-08-09T18:35:34.119+0000] {processor.py:830} INFO - Processing file /home/airflow/.local/lib/python3.12/site-packages/airflow/example_dags/example_task_group.py for tasks to queue
[2025-08-09T18:35:34.122+0000] {logging_mixin.py:188} INFO - [2025-08-09T18:35:34.121+0000] {dagbag.py:540} INFO - Filling up the DagBag from /home/airflow/.local/lib/python3.12/site-packages/airflow/example_dags/example_task_group.py
[2025-08-09T18:35:34.133+0000] {processor.py:840} INFO - DAG(s) 'example_task_group' retrieved from /home/airflow/.local/lib/python3.12/site-packages/airflow/example_dags/example_task_group.py
[2025-08-09T18:35:34.172+0000] {logging_mixin.py:188} INFO - [2025-08-09T18:35:34.172+0000] {dag.py:3096} INFO - Sync 1 DAGs
[2025-08-09T18:35:34.203+0000] {logging_mixin.py:188} INFO - [2025-08-09T18:35:34.203+0000] {dag.py:3954} INFO - Setting next_dagrun for example_task_group to 2025-08-08 00:00:00+00:00, run_after=2025-08-09 00:00:00+00:00
[2025-08-09T18:35:34.252+0000] {processor.py:183} INFO - Processing /home/airflow/.local/lib/python3.12/site-packages/airflow/example_dags/example_task_group.py took 0.147 seconds
[2025-08-09T18:36:04.457+0000] {processor.py:161} INFO - Started process (PID=1093) to work on /home/airflow/.local/lib/python3.12/site-packages/airflow/example_dags/example_task_group.py
[2025-08-09T18:36:04.459+0000] {processor.py:830} INFO - Processing file /home/airflow/.local/lib/python3.12/site-packages/airflow/example_dags/example_task_group.py for tasks to queue
[2025-08-09T18:36:04.463+0000] {logging_mixin.py:188} INFO - [2025-08-09T18:36:04.463+0000] {dagbag.py:540} INFO - Filling up the DagBag from /home/airflow/.local/lib/python3.12/site-packages/airflow/example_dags/example_task_group.py
[2025-08-09T18:36:04.474+0000] {processor.py:840} INFO - DAG(s) 'example_task_group' retrieved from /home/airflow/.local/lib/python3.12/site-packages/airflow/example_dags/example_task_group.py
[2025-08-09T18:36:04.520+0000] {logging_mixin.py:188} INFO - [2025-08-09T18:36:04.520+0000] {dag.py:3096} INFO - Sync 1 DAGs
[2025-08-09T18:36:04.556+0000] {logging_mixin.py:188} INFO - [2025-08-09T18:36:04.556+0000] {dag.py:3954} INFO - Setting next_dagrun for example_task_group to 2025-08-08 00:00:00+00:00, run_after=2025-08-09 00:00:00+00:00
[2025-08-09T18:36:04.613+0000] {processor.py:183} INFO - Processing /home/airflow/.local/lib/python3.12/site-packages/airflow/example_dags/example_task_group.py took 0.171 seconds
[2025-08-09T18:36:35.044+0000] {processor.py:161} INFO - Started process (PID=1152) to work on /home/airflow/.local/lib/python3.12/site-packages/airflow/example_dags/example_task_group.py
[2025-08-09T18:36:35.046+0000] {processor.py:830} INFO - Processing file /home/airflow/.local/lib/python3.12/site-packages/airflow/example_dags/example_task_group.py for tasks to queue
[2025-08-09T18:36:35.050+0000] {logging_mixin.py:188} INFO - [2025-08-09T18:36:35.050+0000] {dagbag.py:540} INFO - Filling up the DagBag from /home/airflow/.local/lib/python3.12/site-packages/airflow/example_dags/example_task_group.py
[2025-08-09T18:36:35.068+0000] {processor.py:840} INFO - DAG(s) 'example_task_group' retrieved from /home/airflow/.local/lib/python3.12/site-packages/airflow/example_dags/example_task_group.py
[2025-08-09T18:36:35.128+0000] {logging_mixin.py:188} INFO - [2025-08-09T18:36:35.127+0000] {dag.py:3096} INFO - Sync 1 DAGs
[2025-08-09T18:36:35.206+0000] {logging_mixin.py:188} INFO - [2025-08-09T18:36:35.205+0000] {dag.py:3954} INFO - Setting next_dagrun for example_task_group to 2025-08-08 00:00:00+00:00, run_after=2025-08-09 00:00:00+00:00
[2025-08-09T18:36:35.231+0000] {processor.py:183} INFO - Processing /home/airflow/.local/lib/python3.12/site-packages/airflow/example_dags/example_task_group.py took 0.212 seconds
[2025-08-09T18:37:05.442+0000] {processor.py:161} INFO - Started process (PID=1217) to work on /home/airflow/.local/lib/python3.12/site-packages/airflow/example_dags/example_task_group.py
[2025-08-09T18:37:05.443+0000] {processor.py:830} INFO - Processing file /home/airflow/.local/lib/python3.12/site-packages/airflow/example_dags/example_task_group.py for tasks to queue
[2025-08-09T18:37:05.445+0000] {logging_mixin.py:188} INFO - [2025-08-09T18:37:05.445+0000] {dagbag.py:540} INFO - Filling up the DagBag from /home/airflow/.local/lib/python3.12/site-packages/airflow/example_dags/example_task_group.py
[2025-08-09T18:37:05.454+0000] {processor.py:840} INFO - DAG(s) 'example_task_group' retrieved from /home/airflow/.local/lib/python3.12/site-packages/airflow/example_dags/example_task_group.py
[2025-08-09T18:37:05.479+0000] {logging_mixin.py:188} INFO - [2025-08-09T18:37:05.478+0000] {dag.py:3096} INFO - Sync 1 DAGs
[2025-08-09T18:37:05.511+0000] {logging_mixin.py:188} INFO - [2025-08-09T18:37:05.510+0000] {dag.py:3954} INFO - Setting next_dagrun for example_task_group to 2025-08-08 00:00:00+00:00, run_after=2025-08-09 00:00:00+00:00
[2025-08-09T18:37:05.553+0000] {processor.py:183} INFO - Processing /home/airflow/.local/lib/python3.12/site-packages/airflow/example_dags/example_task_group.py took 0.118 seconds
[2025-08-09T18:37:36.005+0000] {processor.py:161} INFO - Started process (PID=1276) to work on /home/airflow/.local/lib/python3.12/site-packages/airflow/example_dags/example_task_group.py
[2025-08-09T18:37:36.006+0000] {processor.py:830} INFO - Processing file /home/airflow/.local/lib/python3.12/site-packages/airflow/example_dags/example_task_group.py for tasks to queue
[2025-08-09T18:37:36.008+0000] {logging_mixin.py:188} INFO - [2025-08-09T18:37:36.008+0000] {dagbag.py:540} INFO - Filling up the DagBag from /home/airflow/.local/lib/python3.12/site-packages/airflow/example_dags/example_task_group.py
[2025-08-09T18:37:36.023+0000] {processor.py:840} INFO - DAG(s) 'example_task_group' retrieved from /home/airflow/.local/lib/python3.12/site-packages/airflow/example_dags/example_task_group.py
[2025-08-09T18:37:36.070+0000] {logging_mixin.py:188} INFO - [2025-08-09T18:37:36.070+0000] {dag.py:3096} INFO - Sync 1 DAGs
[2025-08-09T18:37:36.101+0000] {logging_mixin.py:188} INFO - [2025-08-09T18:37:36.100+0000] {dag.py:3954} INFO - Setting next_dagrun for example_task_group to 2025-08-08 00:00:00+00:00, run_after=2025-08-09 00:00:00+00:00
[2025-08-09T18:37:36.130+0000] {processor.py:183} INFO - Processing /home/airflow/.local/lib/python3.12/site-packages/airflow/example_dags/example_task_group.py took 0.133 seconds
[2025-08-09T18:38:06.755+0000] {processor.py:161} INFO - Started process (PID=1335) to work on /home/airflow/.local/lib/python3.12/site-packages/airflow/example_dags/example_task_group.py
[2025-08-09T18:38:06.756+0000] {processor.py:830} INFO - Processing file /home/airflow/.local/lib/python3.12/site-packages/airflow/example_dags/example_task_group.py for tasks to queue
[2025-08-09T18:38:06.758+0000] {logging_mixin.py:188} INFO - [2025-08-09T18:38:06.758+0000] {dagbag.py:540} INFO - Filling up the DagBag from /home/airflow/.local/lib/python3.12/site-packages/airflow/example_dags/example_task_group.py
[2025-08-09T18:38:06.767+0000] {processor.py:840} INFO - DAG(s) 'example_task_group' retrieved from /home/airflow/.local/lib/python3.12/site-packages/airflow/example_dags/example_task_group.py
[2025-08-09T18:38:06.801+0000] {logging_mixin.py:188} INFO - [2025-08-09T18:38:06.801+0000] {dag.py:3096} INFO - Sync 1 DAGs
[2025-08-09T18:38:06.848+0000] {logging_mixin.py:188} INFO - [2025-08-09T18:38:06.848+0000] {dag.py:3954} INFO - Setting next_dagrun for example_task_group to 2025-08-08 00:00:00+00:00, run_after=2025-08-09 00:00:00+00:00
[2025-08-09T18:38:06.887+0000] {processor.py:183} INFO - Processing /home/airflow/.local/lib/python3.12/site-packages/airflow/example_dags/example_task_group.py took 0.143 seconds
[2025-08-09T18:38:37.001+0000] {processor.py:161} INFO - Started process (PID=1394) to work on /home/airflow/.local/lib/python3.12/site-packages/airflow/example_dags/example_task_group.py
[2025-08-09T18:38:37.003+0000] {processor.py:830} INFO - Processing file /home/airflow/.local/lib/python3.12/site-packages/airflow/example_dags/example_task_group.py for tasks to queue
[2025-08-09T18:38:37.006+0000] {logging_mixin.py:188} INFO - [2025-08-09T18:38:37.005+0000] {dagbag.py:540} INFO - Filling up the DagBag from /home/airflow/.local/lib/python3.12/site-packages/airflow/example_dags/example_task_group.py
[2025-08-09T18:38:37.015+0000] {processor.py:840} INFO - DAG(s) 'example_task_group' retrieved from /home/airflow/.local/lib/python3.12/site-packages/airflow/example_dags/example_task_group.py
[2025-08-09T18:38:37.045+0000] {logging_mixin.py:188} INFO - [2025-08-09T18:38:37.044+0000] {dag.py:3096} INFO - Sync 1 DAGs
[2025-08-09T18:38:37.072+0000] {logging_mixin.py:188} INFO - [2025-08-09T18:38:37.071+0000] {dag.py:3954} INFO - Setting next_dagrun for example_task_group to 2025-08-08 00:00:00+00:00, run_after=2025-08-09 00:00:00+00:00
[2025-08-09T18:38:37.112+0000] {processor.py:183} INFO - Processing /home/airflow/.local/lib/python3.12/site-packages/airflow/example_dags/example_task_group.py took 0.123 seconds
[2025-08-09T18:39:07.409+0000] {processor.py:161} INFO - Started process (PID=1453) to work on /home/airflow/.local/lib/python3.12/site-packages/airflow/example_dags/example_task_group.py
[2025-08-09T18:39:07.411+0000] {processor.py:830} INFO - Processing file /home/airflow/.local/lib/python3.12/site-packages/airflow/example_dags/example_task_group.py for tasks to queue
[2025-08-09T18:39:07.413+0000] {logging_mixin.py:188} INFO - [2025-08-09T18:39:07.413+0000] {dagbag.py:540} INFO - Filling up the DagBag from /home/airflow/.local/lib/python3.12/site-packages/airflow/example_dags/example_task_group.py
[2025-08-09T18:39:07.425+0000] {processor.py:840} INFO - DAG(s) 'example_task_group' retrieved from /home/airflow/.local/lib/python3.12/site-packages/airflow/example_dags/example_task_group.py
[2025-08-09T18:39:07.462+0000] {logging_mixin.py:188} INFO - [2025-08-09T18:39:07.461+0000] {dag.py:3096} INFO - Sync 1 DAGs
[2025-08-09T18:39:07.498+0000] {logging_mixin.py:188} INFO - [2025-08-09T18:39:07.498+0000] {dag.py:3954} INFO - Setting next_dagrun for example_task_group to 2025-08-08 00:00:00+00:00, run_after=2025-08-09 00:00:00+00:00
[2025-08-09T18:39:07.537+0000] {processor.py:183} INFO - Processing /home/airflow/.local/lib/python3.12/site-packages/airflow/example_dags/example_task_group.py took 0.139 seconds
[2025-08-09T18:39:37.960+0000] {processor.py:161} INFO - Started process (PID=1512) to work on /home/airflow/.local/lib/python3.12/site-packages/airflow/example_dags/example_task_group.py
[2025-08-09T18:39:37.962+0000] {processor.py:830} INFO - Processing file /home/airflow/.local/lib/python3.12/site-packages/airflow/example_dags/example_task_group.py for tasks to queue
[2025-08-09T18:39:37.966+0000] {logging_mixin.py:188} INFO - [2025-08-09T18:39:37.965+0000] {dagbag.py:540} INFO - Filling up the DagBag from /home/airflow/.local/lib/python3.12/site-packages/airflow/example_dags/example_task_group.py
[2025-08-09T18:39:37.981+0000] {processor.py:840} INFO - DAG(s) 'example_task_group' retrieved from /home/airflow/.local/lib/python3.12/site-packages/airflow/example_dags/example_task_group.py
[2025-08-09T18:39:38.016+0000] {logging_mixin.py:188} INFO - [2025-08-09T18:39:38.016+0000] {dag.py:3096} INFO - Sync 1 DAGs
[2025-08-09T18:39:38.046+0000] {logging_mixin.py:188} INFO - [2025-08-09T18:39:38.046+0000] {dag.py:3954} INFO - Setting next_dagrun for example_task_group to 2025-08-08 00:00:00+00:00, run_after=2025-08-09 00:00:00+00:00
[2025-08-09T18:39:38.081+0000] {processor.py:183} INFO - Processing /home/airflow/.local/lib/python3.12/site-packages/airflow/example_dags/example_task_group.py took 0.135 seconds
[2025-08-09T18:40:08.924+0000] {processor.py:161} INFO - Started process (PID=1569) to work on /home/airflow/.local/lib/python3.12/site-packages/airflow/example_dags/example_task_group.py
[2025-08-09T18:40:08.925+0000] {processor.py:830} INFO - Processing file /home/airflow/.local/lib/python3.12/site-packages/airflow/example_dags/example_task_group.py for tasks to queue
[2025-08-09T18:40:08.929+0000] {logging_mixin.py:188} INFO - [2025-08-09T18:40:08.928+0000] {dagbag.py:540} INFO - Filling up the DagBag from /home/airflow/.local/lib/python3.12/site-packages/airflow/example_dags/example_task_group.py
[2025-08-09T18:40:08.947+0000] {processor.py:840} INFO - DAG(s) 'example_task_group' retrieved from /home/airflow/.local/lib/python3.12/site-packages/airflow/example_dags/example_task_group.py
[2025-08-09T18:40:08.991+0000] {logging_mixin.py:188} INFO - [2025-08-09T18:40:08.990+0000] {dag.py:3096} INFO - Sync 1 DAGs
[2025-08-09T18:40:09.034+0000] {logging_mixin.py:188} INFO - [2025-08-09T18:40:09.033+0000] {dag.py:3954} INFO - Setting next_dagrun for example_task_group to 2025-08-08 00:00:00+00:00, run_after=2025-08-09 00:00:00+00:00
[2025-08-09T18:40:09.075+0000] {processor.py:183} INFO - Processing /home/airflow/.local/lib/python3.12/site-packages/airflow/example_dags/example_task_group.py took 0.160 seconds
[2025-08-09T18:40:39.483+0000] {processor.py:161} INFO - Started process (PID=1628) to work on /home/airflow/.local/lib/python3.12/site-packages/airflow/example_dags/example_task_group.py
[2025-08-09T18:40:39.485+0000] {processor.py:830} INFO - Processing file /home/airflow/.local/lib/python3.12/site-packages/airflow/example_dags/example_task_group.py for tasks to queue
[2025-08-09T18:40:39.489+0000] {logging_mixin.py:188} INFO - [2025-08-09T18:40:39.489+0000] {dagbag.py:540} INFO - Filling up the DagBag from /home/airflow/.local/lib/python3.12/site-packages/airflow/example_dags/example_task_group.py
[2025-08-09T18:40:39.508+0000] {processor.py:840} INFO - DAG(s) 'example_task_group' retrieved from /home/airflow/.local/lib/python3.12/site-packages/airflow/example_dags/example_task_group.py
[2025-08-09T18:40:39.549+0000] {logging_mixin.py:188} INFO - [2025-08-09T18:40:39.548+0000] {dag.py:3096} INFO - Sync 1 DAGs
[2025-08-09T18:40:39.587+0000] {logging_mixin.py:188} INFO - [2025-08-09T18:40:39.587+0000] {dag.py:3954} INFO - Setting next_dagrun for example_task_group to 2025-08-08 00:00:00+00:00, run_after=2025-08-09 00:00:00+00:00
[2025-08-09T18:40:39.622+0000] {processor.py:183} INFO - Processing /home/airflow/.local/lib/python3.12/site-packages/airflow/example_dags/example_task_group.py took 0.148 seconds
[2025-08-09T18:41:09.687+0000] {processor.py:161} INFO - Started process (PID=1688) to work on /home/airflow/.local/lib/python3.12/site-packages/airflow/example_dags/example_task_group.py
[2025-08-09T18:41:09.689+0000] {processor.py:830} INFO - Processing file /home/airflow/.local/lib/python3.12/site-packages/airflow/example_dags/example_task_group.py for tasks to queue
[2025-08-09T18:41:09.693+0000] {logging_mixin.py:188} INFO - [2025-08-09T18:41:09.692+0000] {dagbag.py:540} INFO - Filling up the DagBag from /home/airflow/.local/lib/python3.12/site-packages/airflow/example_dags/example_task_group.py
[2025-08-09T18:41:09.708+0000] {processor.py:840} INFO - DAG(s) 'example_task_group' retrieved from /home/airflow/.local/lib/python3.12/site-packages/airflow/example_dags/example_task_group.py
[2025-08-09T18:41:09.766+0000] {logging_mixin.py:188} INFO - [2025-08-09T18:41:09.765+0000] {dag.py:3096} INFO - Sync 1 DAGs
[2025-08-09T18:41:09.822+0000] {logging_mixin.py:188} INFO - [2025-08-09T18:41:09.822+0000] {dag.py:3954} INFO - Setting next_dagrun for example_task_group to 2025-08-08 00:00:00+00:00, run_after=2025-08-09 00:00:00+00:00
[2025-08-09T18:41:09.865+0000] {processor.py:183} INFO - Processing /home/airflow/.local/lib/python3.12/site-packages/airflow/example_dags/example_task_group.py took 0.188 seconds
[2025-08-09T18:41:40.424+0000] {processor.py:161} INFO - Started process (PID=1747) to work on /home/airflow/.local/lib/python3.12/site-packages/airflow/example_dags/example_task_group.py
[2025-08-09T18:41:40.432+0000] {processor.py:830} INFO - Processing file /home/airflow/.local/lib/python3.12/site-packages/airflow/example_dags/example_task_group.py for tasks to queue
[2025-08-09T18:41:40.439+0000] {logging_mixin.py:188} INFO - [2025-08-09T18:41:40.438+0000] {dagbag.py:540} INFO - Filling up the DagBag from /home/airflow/.local/lib/python3.12/site-packages/airflow/example_dags/example_task_group.py
[2025-08-09T18:41:40.477+0000] {processor.py:840} INFO - DAG(s) 'example_task_group' retrieved from /home/airflow/.local/lib/python3.12/site-packages/airflow/example_dags/example_task_group.py
[2025-08-09T18:41:40.592+0000] {logging_mixin.py:188} INFO - [2025-08-09T18:41:40.590+0000] {dag.py:3096} INFO - Sync 1 DAGs
[2025-08-09T18:41:40.709+0000] {logging_mixin.py:188} INFO - [2025-08-09T18:41:40.709+0000] {dag.py:3954} INFO - Setting next_dagrun for example_task_group to 2025-08-08 00:00:00+00:00, run_after=2025-08-09 00:00:00+00:00
[2025-08-09T18:41:40.761+0000] {processor.py:183} INFO - Processing /home/airflow/.local/lib/python3.12/site-packages/airflow/example_dags/example_task_group.py took 0.365 seconds
[2025-08-09T18:42:11.570+0000] {processor.py:161} INFO - Started process (PID=1806) to work on /home/airflow/.local/lib/python3.12/site-packages/airflow/example_dags/example_task_group.py
[2025-08-09T18:42:11.571+0000] {processor.py:830} INFO - Processing file /home/airflow/.local/lib/python3.12/site-packages/airflow/example_dags/example_task_group.py for tasks to queue
[2025-08-09T18:42:11.574+0000] {logging_mixin.py:188} INFO - [2025-08-09T18:42:11.573+0000] {dagbag.py:540} INFO - Filling up the DagBag from /home/airflow/.local/lib/python3.12/site-packages/airflow/example_dags/example_task_group.py
[2025-08-09T18:42:11.585+0000] {processor.py:840} INFO - DAG(s) 'example_task_group' retrieved from /home/airflow/.local/lib/python3.12/site-packages/airflow/example_dags/example_task_group.py
[2025-08-09T18:42:11.615+0000] {logging_mixin.py:188} INFO - [2025-08-09T18:42:11.615+0000] {dag.py:3096} INFO - Sync 1 DAGs
[2025-08-09T18:42:11.652+0000] {logging_mixin.py:188} INFO - [2025-08-09T18:42:11.652+0000] {dag.py:3954} INFO - Setting next_dagrun for example_task_group to 2025-08-08 00:00:00+00:00, run_after=2025-08-09 00:00:00+00:00
[2025-08-09T18:42:11.691+0000] {processor.py:183} INFO - Processing /home/airflow/.local/lib/python3.12/site-packages/airflow/example_dags/example_task_group.py took 0.129 seconds
[2025-08-09T18:42:42.141+0000] {processor.py:161} INFO - Started process (PID=1865) to work on /home/airflow/.local/lib/python3.12/site-packages/airflow/example_dags/example_task_group.py
[2025-08-09T18:42:42.142+0000] {processor.py:830} INFO - Processing file /home/airflow/.local/lib/python3.12/site-packages/airflow/example_dags/example_task_group.py for tasks to queue
[2025-08-09T18:42:42.145+0000] {logging_mixin.py:188} INFO - [2025-08-09T18:42:42.144+0000] {dagbag.py:540} INFO - Filling up the DagBag from /home/airflow/.local/lib/python3.12/site-packages/airflow/example_dags/example_task_group.py
[2025-08-09T18:42:42.154+0000] {processor.py:840} INFO - DAG(s) 'example_task_group' retrieved from /home/airflow/.local/lib/python3.12/site-packages/airflow/example_dags/example_task_group.py
[2025-08-09T18:42:42.183+0000] {logging_mixin.py:188} INFO - [2025-08-09T18:42:42.183+0000] {dag.py:3096} INFO - Sync 1 DAGs
[2025-08-09T18:42:42.214+0000] {logging_mixin.py:188} INFO - [2025-08-09T18:42:42.214+0000] {dag.py:3954} INFO - Setting next_dagrun for example_task_group to 2025-08-08 00:00:00+00:00, run_after=2025-08-09 00:00:00+00:00
[2025-08-09T18:42:42.248+0000] {processor.py:183} INFO - Processing /home/airflow/.local/lib/python3.12/site-packages/airflow/example_dags/example_task_group.py took 0.115 seconds
[2025-08-09T18:43:12.521+0000] {processor.py:161} INFO - Started process (PID=1924) to work on /home/airflow/.local/lib/python3.12/site-packages/airflow/example_dags/example_task_group.py
[2025-08-09T18:43:12.522+0000] {processor.py:830} INFO - Processing file /home/airflow/.local/lib/python3.12/site-packages/airflow/example_dags/example_task_group.py for tasks to queue
[2025-08-09T18:43:12.525+0000] {logging_mixin.py:188} INFO - [2025-08-09T18:43:12.525+0000] {dagbag.py:540} INFO - Filling up the DagBag from /home/airflow/.local/lib/python3.12/site-packages/airflow/example_dags/example_task_group.py
[2025-08-09T18:43:12.537+0000] {processor.py:840} INFO - DAG(s) 'example_task_group' retrieved from /home/airflow/.local/lib/python3.12/site-packages/airflow/example_dags/example_task_group.py
[2025-08-09T18:43:12.570+0000] {logging_mixin.py:188} INFO - [2025-08-09T18:43:12.570+0000] {dag.py:3096} INFO - Sync 1 DAGs
[2025-08-09T18:43:12.605+0000] {logging_mixin.py:188} INFO - [2025-08-09T18:43:12.604+0000] {dag.py:3954} INFO - Setting next_dagrun for example_task_group to 2025-08-08 00:00:00+00:00, run_after=2025-08-09 00:00:00+00:00
[2025-08-09T18:43:12.646+0000] {processor.py:183} INFO - Processing /home/airflow/.local/lib/python3.12/site-packages/airflow/example_dags/example_task_group.py took 0.133 seconds
[2025-08-09T18:43:43.498+0000] {processor.py:161} INFO - Started process (PID=1983) to work on /home/airflow/.local/lib/python3.12/site-packages/airflow/example_dags/example_task_group.py
[2025-08-09T18:43:43.499+0000] {processor.py:830} INFO - Processing file /home/airflow/.local/lib/python3.12/site-packages/airflow/example_dags/example_task_group.py for tasks to queue
[2025-08-09T18:43:43.502+0000] {logging_mixin.py:188} INFO - [2025-08-09T18:43:43.501+0000] {dagbag.py:540} INFO - Filling up the DagBag from /home/airflow/.local/lib/python3.12/site-packages/airflow/example_dags/example_task_group.py
[2025-08-09T18:43:43.515+0000] {processor.py:840} INFO - DAG(s) 'example_task_group' retrieved from /home/airflow/.local/lib/python3.12/site-packages/airflow/example_dags/example_task_group.py
[2025-08-09T18:43:43.546+0000] {logging_mixin.py:188} INFO - [2025-08-09T18:43:43.545+0000] {dag.py:3096} INFO - Sync 1 DAGs
[2025-08-09T18:43:43.577+0000] {logging_mixin.py:188} INFO - [2025-08-09T18:43:43.577+0000] {dag.py:3954} INFO - Setting next_dagrun for example_task_group to 2025-08-08 00:00:00+00:00, run_after=2025-08-09 00:00:00+00:00
[2025-08-09T18:43:43.613+0000] {processor.py:183} INFO - Processing /home/airflow/.local/lib/python3.12/site-packages/airflow/example_dags/example_task_group.py took 0.123 seconds
[2025-08-09T18:44:14.029+0000] {processor.py:161} INFO - Started process (PID=2042) to work on /home/airflow/.local/lib/python3.12/site-packages/airflow/example_dags/example_task_group.py
[2025-08-09T18:44:14.030+0000] {processor.py:830} INFO - Processing file /home/airflow/.local/lib/python3.12/site-packages/airflow/example_dags/example_task_group.py for tasks to queue
[2025-08-09T18:44:14.032+0000] {logging_mixin.py:188} INFO - [2025-08-09T18:44:14.032+0000] {dagbag.py:540} INFO - Filling up the DagBag from /home/airflow/.local/lib/python3.12/site-packages/airflow/example_dags/example_task_group.py
[2025-08-09T18:44:14.041+0000] {processor.py:840} INFO - DAG(s) 'example_task_group' retrieved from /home/airflow/.local/lib/python3.12/site-packages/airflow/example_dags/example_task_group.py
[2025-08-09T18:44:14.078+0000] {logging_mixin.py:188} INFO - [2025-08-09T18:44:14.078+0000] {dag.py:3096} INFO - Sync 1 DAGs
[2025-08-09T18:44:14.113+0000] {logging_mixin.py:188} INFO - [2025-08-09T18:44:14.112+0000] {dag.py:3954} INFO - Setting next_dagrun for example_task_group to 2025-08-08 00:00:00+00:00, run_after=2025-08-09 00:00:00+00:00
[2025-08-09T18:44:14.151+0000] {processor.py:183} INFO - Processing /home/airflow/.local/lib/python3.12/site-packages/airflow/example_dags/example_task_group.py took 0.133 seconds
[2025-08-09T18:44:44.646+0000] {processor.py:161} INFO - Started process (PID=2101) to work on /home/airflow/.local/lib/python3.12/site-packages/airflow/example_dags/example_task_group.py
[2025-08-09T18:44:44.648+0000] {processor.py:830} INFO - Processing file /home/airflow/.local/lib/python3.12/site-packages/airflow/example_dags/example_task_group.py for tasks to queue
[2025-08-09T18:44:44.652+0000] {logging_mixin.py:188} INFO - [2025-08-09T18:44:44.651+0000] {dagbag.py:540} INFO - Filling up the DagBag from /home/airflow/.local/lib/python3.12/site-packages/airflow/example_dags/example_task_group.py
[2025-08-09T18:44:44.665+0000] {processor.py:840} INFO - DAG(s) 'example_task_group' retrieved from /home/airflow/.local/lib/python3.12/site-packages/airflow/example_dags/example_task_group.py
[2025-08-09T18:44:44.693+0000] {logging_mixin.py:188} INFO - [2025-08-09T18:44:44.692+0000] {dag.py:3096} INFO - Sync 1 DAGs
[2025-08-09T18:44:44.724+0000] {logging_mixin.py:188} INFO - [2025-08-09T18:44:44.723+0000] {dag.py:3954} INFO - Setting next_dagrun for example_task_group to 2025-08-08 00:00:00+00:00, run_after=2025-08-09 00:00:00+00:00
[2025-08-09T18:44:44.750+0000] {processor.py:183} INFO - Processing /home/airflow/.local/lib/python3.12/site-packages/airflow/example_dags/example_task_group.py took 0.115 seconds
