[2025-08-09T18:21:45.316+0000] {processor.py:161} INFO - Started process (PID=72) to work on /home/airflow/.local/lib/python3.12/site-packages/airflow/example_dags/example_branch_datetime_operator.py
[2025-08-09T18:21:45.323+0000] {processor.py:830} INFO - Processing file /home/airflow/.local/lib/python3.12/site-packages/airflow/example_dags/example_branch_datetime_operator.py for tasks to queue
[2025-08-09T18:21:45.349+0000] {logging_mixin.py:188} INFO - [2025-08-09T18:21:45.344+0000] {dagbag.py:540} INFO - Filling up the DagBag from /home/airflow/.local/lib/python3.12/site-packages/airflow/example_dags/example_branch_datetime_operator.py
[2025-08-09T18:21:45.558+0000] {processor.py:840} INFO - DAG(s) 'example_branch_datetime_operator', 'example_branch_datetime_operator_2', 'example_branch_datetime_operator_3' retrieved from /home/airflow/.local/lib/python3.12/site-packages/airflow/example_dags/example_branch_datetime_operator.py
[2025-08-09T18:21:45.999+0000] {logging_mixin.py:188} INFO - [2025-08-09T18:21:45.998+0000] {dag.py:3096} INFO - Sync 3 DAGs
[2025-08-09T18:21:46.069+0000] {logging_mixin.py:188} INFO - [2025-08-09T18:21:46.069+0000] {dag.py:3954} INFO - Setting next_dagrun for example_branch_datetime_operator to 2025-08-08 00:00:00+00:00, run_after=2025-08-09 00:00:00+00:00
[2025-08-09T18:21:46.082+0000] {logging_mixin.py:188} INFO - [2025-08-09T18:21:46.081+0000] {dag.py:3954} INFO - Setting next_dagrun for example_branch_datetime_operator_2 to 2025-08-08 00:00:00+00:00, run_after=2025-08-09 00:00:00+00:00
[2025-08-09T18:21:46.089+0000] {logging_mixin.py:188} INFO - [2025-08-09T18:21:46.088+0000] {dag.py:3954} INFO - Setting next_dagrun for example_branch_datetime_operator_3 to 2025-08-08 00:00:00+00:00, run_after=2025-08-09 00:00:00+00:00
[2025-08-09T18:21:46.166+0000] {processor.py:183} INFO - Processing /home/airflow/.local/lib/python3.12/site-packages/airflow/example_dags/example_branch_datetime_operator.py took 0.920 seconds
[2025-08-09T18:22:16.506+0000] {processor.py:161} INFO - Started process (PID=131) to work on /home/airflow/.local/lib/python3.12/site-packages/airflow/example_dags/example_branch_datetime_operator.py
[2025-08-09T18:22:16.508+0000] {processor.py:830} INFO - Processing file /home/airflow/.local/lib/python3.12/site-packages/airflow/example_dags/example_branch_datetime_operator.py for tasks to queue
[2025-08-09T18:22:16.512+0000] {logging_mixin.py:188} INFO - [2025-08-09T18:22:16.511+0000] {dagbag.py:540} INFO - Filling up the DagBag from /home/airflow/.local/lib/python3.12/site-packages/airflow/example_dags/example_branch_datetime_operator.py
[2025-08-09T18:22:16.541+0000] {processor.py:840} INFO - DAG(s) 'example_branch_datetime_operator', 'example_branch_datetime_operator_3', 'example_branch_datetime_operator_2' retrieved from /home/airflow/.local/lib/python3.12/site-packages/airflow/example_dags/example_branch_datetime_operator.py
[2025-08-09T18:22:16.608+0000] {logging_mixin.py:188} INFO - [2025-08-09T18:22:16.607+0000] {dag.py:3096} INFO - Sync 3 DAGs
[2025-08-09T18:22:16.685+0000] {logging_mixin.py:188} INFO - [2025-08-09T18:22:16.684+0000] {dag.py:3954} INFO - Setting next_dagrun for example_branch_datetime_operator to 2025-08-08 00:00:00+00:00, run_after=2025-08-09 00:00:00+00:00
[2025-08-09T18:22:16.701+0000] {logging_mixin.py:188} INFO - [2025-08-09T18:22:16.700+0000] {dag.py:3954} INFO - Setting next_dagrun for example_branch_datetime_operator_2 to 2025-08-08 00:00:00+00:00, run_after=2025-08-09 00:00:00+00:00
[2025-08-09T18:22:16.714+0000] {logging_mixin.py:188} INFO - [2025-08-09T18:22:16.713+0000] {dag.py:3954} INFO - Setting next_dagrun for example_branch_datetime_operator_3 to 2025-08-08 00:00:00+00:00, run_after=2025-08-09 00:00:00+00:00
[2025-08-09T18:22:16.757+0000] {processor.py:183} INFO - Processing /home/airflow/.local/lib/python3.12/site-packages/airflow/example_dags/example_branch_datetime_operator.py took 0.264 seconds
[2025-08-09T18:22:47.003+0000] {processor.py:161} INFO - Started process (PID=190) to work on /home/airflow/.local/lib/python3.12/site-packages/airflow/example_dags/example_branch_datetime_operator.py
[2025-08-09T18:22:47.005+0000] {processor.py:830} INFO - Processing file /home/airflow/.local/lib/python3.12/site-packages/airflow/example_dags/example_branch_datetime_operator.py for tasks to queue
[2025-08-09T18:22:47.008+0000] {logging_mixin.py:188} INFO - [2025-08-09T18:22:47.007+0000] {dagbag.py:540} INFO - Filling up the DagBag from /home/airflow/.local/lib/python3.12/site-packages/airflow/example_dags/example_branch_datetime_operator.py
[2025-08-09T18:22:47.026+0000] {processor.py:840} INFO - DAG(s) 'example_branch_datetime_operator', 'example_branch_datetime_operator_2', 'example_branch_datetime_operator_3' retrieved from /home/airflow/.local/lib/python3.12/site-packages/airflow/example_dags/example_branch_datetime_operator.py
[2025-08-09T18:22:47.069+0000] {logging_mixin.py:188} INFO - [2025-08-09T18:22:47.068+0000] {dag.py:3096} INFO - Sync 3 DAGs
[2025-08-09T18:22:47.107+0000] {logging_mixin.py:188} INFO - [2025-08-09T18:22:47.107+0000] {dag.py:3954} INFO - Setting next_dagrun for example_branch_datetime_operator to 2025-08-08 00:00:00+00:00, run_after=2025-08-09 00:00:00+00:00
[2025-08-09T18:22:47.116+0000] {logging_mixin.py:188} INFO - [2025-08-09T18:22:47.115+0000] {dag.py:3954} INFO - Setting next_dagrun for example_branch_datetime_operator_2 to 2025-08-08 00:00:00+00:00, run_after=2025-08-09 00:00:00+00:00
[2025-08-09T18:22:47.119+0000] {logging_mixin.py:188} INFO - [2025-08-09T18:22:47.119+0000] {dag.py:3954} INFO - Setting next_dagrun for example_branch_datetime_operator_3 to 2025-08-08 00:00:00+00:00, run_after=2025-08-09 00:00:00+00:00
[2025-08-09T18:22:47.146+0000] {processor.py:183} INFO - Processing /home/airflow/.local/lib/python3.12/site-packages/airflow/example_dags/example_branch_datetime_operator.py took 0.153 seconds
[2025-08-09T18:23:17.456+0000] {processor.py:161} INFO - Started process (PID=249) to work on /home/airflow/.local/lib/python3.12/site-packages/airflow/example_dags/example_branch_datetime_operator.py
[2025-08-09T18:23:17.464+0000] {processor.py:830} INFO - Processing file /home/airflow/.local/lib/python3.12/site-packages/airflow/example_dags/example_branch_datetime_operator.py for tasks to queue
[2025-08-09T18:23:17.468+0000] {logging_mixin.py:188} INFO - [2025-08-09T18:23:17.467+0000] {dagbag.py:540} INFO - Filling up the DagBag from /home/airflow/.local/lib/python3.12/site-packages/airflow/example_dags/example_branch_datetime_operator.py
[2025-08-09T18:23:17.490+0000] {processor.py:840} INFO - DAG(s) 'example_branch_datetime_operator', 'example_branch_datetime_operator_2', 'example_branch_datetime_operator_3' retrieved from /home/airflow/.local/lib/python3.12/site-packages/airflow/example_dags/example_branch_datetime_operator.py
[2025-08-09T18:23:17.533+0000] {logging_mixin.py:188} INFO - [2025-08-09T18:23:17.532+0000] {dag.py:3096} INFO - Sync 3 DAGs
[2025-08-09T18:23:17.562+0000] {logging_mixin.py:188} INFO - [2025-08-09T18:23:17.561+0000] {dag.py:3954} INFO - Setting next_dagrun for example_branch_datetime_operator to 2025-08-08 00:00:00+00:00, run_after=2025-08-09 00:00:00+00:00
[2025-08-09T18:23:17.571+0000] {logging_mixin.py:188} INFO - [2025-08-09T18:23:17.571+0000] {dag.py:3954} INFO - Setting next_dagrun for example_branch_datetime_operator_2 to 2025-08-08 00:00:00+00:00, run_after=2025-08-09 00:00:00+00:00
[2025-08-09T18:23:17.574+0000] {logging_mixin.py:188} INFO - [2025-08-09T18:23:17.574+0000] {dag.py:3954} INFO - Setting next_dagrun for example_branch_datetime_operator_3 to 2025-08-08 00:00:00+00:00, run_after=2025-08-09 00:00:00+00:00
[2025-08-09T18:23:17.604+0000] {processor.py:183} INFO - Processing /home/airflow/.local/lib/python3.12/site-packages/airflow/example_dags/example_branch_datetime_operator.py took 0.162 seconds
[2025-08-09T18:23:47.750+0000] {processor.py:161} INFO - Started process (PID=308) to work on /home/airflow/.local/lib/python3.12/site-packages/airflow/example_dags/example_branch_datetime_operator.py
[2025-08-09T18:23:47.752+0000] {processor.py:830} INFO - Processing file /home/airflow/.local/lib/python3.12/site-packages/airflow/example_dags/example_branch_datetime_operator.py for tasks to queue
[2025-08-09T18:23:47.755+0000] {logging_mixin.py:188} INFO - [2025-08-09T18:23:47.754+0000] {dagbag.py:540} INFO - Filling up the DagBag from /home/airflow/.local/lib/python3.12/site-packages/airflow/example_dags/example_branch_datetime_operator.py
[2025-08-09T18:23:47.773+0000] {processor.py:840} INFO - DAG(s) 'example_branch_datetime_operator', 'example_branch_datetime_operator_3', 'example_branch_datetime_operator_2' retrieved from /home/airflow/.local/lib/python3.12/site-packages/airflow/example_dags/example_branch_datetime_operator.py
[2025-08-09T18:23:47.813+0000] {logging_mixin.py:188} INFO - [2025-08-09T18:23:47.813+0000] {dag.py:3096} INFO - Sync 3 DAGs
[2025-08-09T18:23:47.844+0000] {logging_mixin.py:188} INFO - [2025-08-09T18:23:47.844+0000] {dag.py:3954} INFO - Setting next_dagrun for example_branch_datetime_operator to 2025-08-08 00:00:00+00:00, run_after=2025-08-09 00:00:00+00:00
[2025-08-09T18:23:47.852+0000] {logging_mixin.py:188} INFO - [2025-08-09T18:23:47.852+0000] {dag.py:3954} INFO - Setting next_dagrun for example_branch_datetime_operator_2 to 2025-08-08 00:00:00+00:00, run_after=2025-08-09 00:00:00+00:00
[2025-08-09T18:23:47.857+0000] {logging_mixin.py:188} INFO - [2025-08-09T18:23:47.857+0000] {dag.py:3954} INFO - Setting next_dagrun for example_branch_datetime_operator_3 to 2025-08-08 00:00:00+00:00, run_after=2025-08-09 00:00:00+00:00
[2025-08-09T18:23:47.882+0000] {processor.py:183} INFO - Processing /home/airflow/.local/lib/python3.12/site-packages/airflow/example_dags/example_branch_datetime_operator.py took 0.142 seconds
[2025-08-09T18:24:18.422+0000] {processor.py:161} INFO - Started process (PID=367) to work on /home/airflow/.local/lib/python3.12/site-packages/airflow/example_dags/example_branch_datetime_operator.py
[2025-08-09T18:24:18.423+0000] {processor.py:830} INFO - Processing file /home/airflow/.local/lib/python3.12/site-packages/airflow/example_dags/example_branch_datetime_operator.py for tasks to queue
[2025-08-09T18:24:18.426+0000] {logging_mixin.py:188} INFO - [2025-08-09T18:24:18.426+0000] {dagbag.py:540} INFO - Filling up the DagBag from /home/airflow/.local/lib/python3.12/site-packages/airflow/example_dags/example_branch_datetime_operator.py
[2025-08-09T18:24:18.441+0000] {processor.py:840} INFO - DAG(s) 'example_branch_datetime_operator_2', 'example_branch_datetime_operator_3', 'example_branch_datetime_operator' retrieved from /home/airflow/.local/lib/python3.12/site-packages/airflow/example_dags/example_branch_datetime_operator.py
[2025-08-09T18:24:18.488+0000] {logging_mixin.py:188} INFO - [2025-08-09T18:24:18.488+0000] {dag.py:3096} INFO - Sync 3 DAGs
[2025-08-09T18:24:18.523+0000] {logging_mixin.py:188} INFO - [2025-08-09T18:24:18.523+0000] {dag.py:3954} INFO - Setting next_dagrun for example_branch_datetime_operator to 2025-08-08 00:00:00+00:00, run_after=2025-08-09 00:00:00+00:00
[2025-08-09T18:24:18.531+0000] {logging_mixin.py:188} INFO - [2025-08-09T18:24:18.531+0000] {dag.py:3954} INFO - Setting next_dagrun for example_branch_datetime_operator_2 to 2025-08-08 00:00:00+00:00, run_after=2025-08-09 00:00:00+00:00
[2025-08-09T18:24:18.537+0000] {logging_mixin.py:188} INFO - [2025-08-09T18:24:18.537+0000] {dag.py:3954} INFO - Setting next_dagrun for example_branch_datetime_operator_3 to 2025-08-08 00:00:00+00:00, run_after=2025-08-09 00:00:00+00:00
[2025-08-09T18:24:18.560+0000] {processor.py:183} INFO - Processing /home/airflow/.local/lib/python3.12/site-packages/airflow/example_dags/example_branch_datetime_operator.py took 0.146 seconds
[2025-08-09T18:24:48.666+0000] {processor.py:161} INFO - Started process (PID=426) to work on /home/airflow/.local/lib/python3.12/site-packages/airflow/example_dags/example_branch_datetime_operator.py
[2025-08-09T18:24:48.667+0000] {processor.py:830} INFO - Processing file /home/airflow/.local/lib/python3.12/site-packages/airflow/example_dags/example_branch_datetime_operator.py for tasks to queue
[2025-08-09T18:24:48.671+0000] {logging_mixin.py:188} INFO - [2025-08-09T18:24:48.670+0000] {dagbag.py:540} INFO - Filling up the DagBag from /home/airflow/.local/lib/python3.12/site-packages/airflow/example_dags/example_branch_datetime_operator.py
[2025-08-09T18:24:48.689+0000] {processor.py:840} INFO - DAG(s) 'example_branch_datetime_operator', 'example_branch_datetime_operator_2', 'example_branch_datetime_operator_3' retrieved from /home/airflow/.local/lib/python3.12/site-packages/airflow/example_dags/example_branch_datetime_operator.py
[2025-08-09T18:24:48.743+0000] {logging_mixin.py:188} INFO - [2025-08-09T18:24:48.743+0000] {dag.py:3096} INFO - Sync 3 DAGs
[2025-08-09T18:24:48.777+0000] {logging_mixin.py:188} INFO - [2025-08-09T18:24:48.777+0000] {dag.py:3954} INFO - Setting next_dagrun for example_branch_datetime_operator to 2025-08-08 00:00:00+00:00, run_after=2025-08-09 00:00:00+00:00
[2025-08-09T18:24:48.783+0000] {logging_mixin.py:188} INFO - [2025-08-09T18:24:48.783+0000] {dag.py:3954} INFO - Setting next_dagrun for example_branch_datetime_operator_2 to 2025-08-08 00:00:00+00:00, run_after=2025-08-09 00:00:00+00:00
[2025-08-09T18:24:48.787+0000] {logging_mixin.py:188} INFO - [2025-08-09T18:24:48.786+0000] {dag.py:3954} INFO - Setting next_dagrun for example_branch_datetime_operator_3 to 2025-08-08 00:00:00+00:00, run_after=2025-08-09 00:00:00+00:00
[2025-08-09T18:24:48.807+0000] {processor.py:183} INFO - Processing /home/airflow/.local/lib/python3.12/site-packages/airflow/example_dags/example_branch_datetime_operator.py took 0.152 seconds
[2025-08-09T18:25:19.340+0000] {processor.py:161} INFO - Started process (PID=483) to work on /home/airflow/.local/lib/python3.12/site-packages/airflow/example_dags/example_branch_datetime_operator.py
[2025-08-09T18:25:19.342+0000] {processor.py:830} INFO - Processing file /home/airflow/.local/lib/python3.12/site-packages/airflow/example_dags/example_branch_datetime_operator.py for tasks to queue
[2025-08-09T18:25:19.344+0000] {logging_mixin.py:188} INFO - [2025-08-09T18:25:19.344+0000] {dagbag.py:540} INFO - Filling up the DagBag from /home/airflow/.local/lib/python3.12/site-packages/airflow/example_dags/example_branch_datetime_operator.py
[2025-08-09T18:25:19.356+0000] {processor.py:840} INFO - DAG(s) 'example_branch_datetime_operator_3', 'example_branch_datetime_operator', 'example_branch_datetime_operator_2' retrieved from /home/airflow/.local/lib/python3.12/site-packages/airflow/example_dags/example_branch_datetime_operator.py
[2025-08-09T18:25:19.391+0000] {logging_mixin.py:188} INFO - [2025-08-09T18:25:19.390+0000] {dag.py:3096} INFO - Sync 3 DAGs
[2025-08-09T18:25:19.424+0000] {logging_mixin.py:188} INFO - [2025-08-09T18:25:19.424+0000] {dag.py:3954} INFO - Setting next_dagrun for example_branch_datetime_operator to 2025-08-08 00:00:00+00:00, run_after=2025-08-09 00:00:00+00:00
[2025-08-09T18:25:19.431+0000] {logging_mixin.py:188} INFO - [2025-08-09T18:25:19.430+0000] {dag.py:3954} INFO - Setting next_dagrun for example_branch_datetime_operator_2 to 2025-08-08 00:00:00+00:00, run_after=2025-08-09 00:00:00+00:00
[2025-08-09T18:25:19.436+0000] {logging_mixin.py:188} INFO - [2025-08-09T18:25:19.435+0000] {dag.py:3954} INFO - Setting next_dagrun for example_branch_datetime_operator_3 to 2025-08-08 00:00:00+00:00, run_after=2025-08-09 00:00:00+00:00
[2025-08-09T18:25:19.461+0000] {processor.py:183} INFO - Processing /home/airflow/.local/lib/python3.12/site-packages/airflow/example_dags/example_branch_datetime_operator.py took 0.128 seconds
[2025-08-09T18:27:14.219+0000] {processor.py:161} INFO - Started process (PID=73) to work on /home/airflow/.local/lib/python3.12/site-packages/airflow/example_dags/example_branch_datetime_operator.py
[2025-08-09T18:27:14.221+0000] {processor.py:830} INFO - Processing file /home/airflow/.local/lib/python3.12/site-packages/airflow/example_dags/example_branch_datetime_operator.py for tasks to queue
[2025-08-09T18:27:14.229+0000] {logging_mixin.py:188} INFO - [2025-08-09T18:27:14.227+0000] {dagbag.py:540} INFO - Filling up the DagBag from /home/airflow/.local/lib/python3.12/site-packages/airflow/example_dags/example_branch_datetime_operator.py
[2025-08-09T18:27:14.333+0000] {processor.py:840} INFO - DAG(s) 'example_branch_datetime_operator_2', 'example_branch_datetime_operator', 'example_branch_datetime_operator_3' retrieved from /home/airflow/.local/lib/python3.12/site-packages/airflow/example_dags/example_branch_datetime_operator.py
[2025-08-09T18:27:14.985+0000] {logging_mixin.py:188} INFO - [2025-08-09T18:27:14.985+0000] {dag.py:3096} INFO - Sync 3 DAGs
[2025-08-09T18:27:15.075+0000] {logging_mixin.py:188} INFO - [2025-08-09T18:27:15.074+0000] {dag.py:3954} INFO - Setting next_dagrun for example_branch_datetime_operator to 2025-08-08 00:00:00+00:00, run_after=2025-08-09 00:00:00+00:00
[2025-08-09T18:27:15.094+0000] {logging_mixin.py:188} INFO - [2025-08-09T18:27:15.093+0000] {dag.py:3954} INFO - Setting next_dagrun for example_branch_datetime_operator_2 to 2025-08-08 00:00:00+00:00, run_after=2025-08-09 00:00:00+00:00
[2025-08-09T18:27:15.110+0000] {logging_mixin.py:188} INFO - [2025-08-09T18:27:15.110+0000] {dag.py:3954} INFO - Setting next_dagrun for example_branch_datetime_operator_3 to 2025-08-08 00:00:00+00:00, run_after=2025-08-09 00:00:00+00:00
[2025-08-09T18:27:15.185+0000] {processor.py:183} INFO - Processing /home/airflow/.local/lib/python3.12/site-packages/airflow/example_dags/example_branch_datetime_operator.py took 0.977 seconds
[2025-08-09T18:27:46.282+0000] {processor.py:161} INFO - Started process (PID=132) to work on /home/airflow/.local/lib/python3.12/site-packages/airflow/example_dags/example_branch_datetime_operator.py
[2025-08-09T18:27:46.285+0000] {processor.py:830} INFO - Processing file /home/airflow/.local/lib/python3.12/site-packages/airflow/example_dags/example_branch_datetime_operator.py for tasks to queue
[2025-08-09T18:27:46.300+0000] {logging_mixin.py:188} INFO - [2025-08-09T18:27:46.299+0000] {dagbag.py:540} INFO - Filling up the DagBag from /home/airflow/.local/lib/python3.12/site-packages/airflow/example_dags/example_branch_datetime_operator.py
[2025-08-09T18:27:46.397+0000] {processor.py:840} INFO - DAG(s) 'example_branch_datetime_operator_3', 'example_branch_datetime_operator_2', 'example_branch_datetime_operator' retrieved from /home/airflow/.local/lib/python3.12/site-packages/airflow/example_dags/example_branch_datetime_operator.py
[2025-08-09T18:27:46.584+0000] {logging_mixin.py:188} INFO - [2025-08-09T18:27:46.583+0000] {dag.py:3096} INFO - Sync 3 DAGs
[2025-08-09T18:27:46.722+0000] {logging_mixin.py:188} INFO - [2025-08-09T18:27:46.721+0000] {dag.py:3954} INFO - Setting next_dagrun for example_branch_datetime_operator to 2025-08-08 00:00:00+00:00, run_after=2025-08-09 00:00:00+00:00
[2025-08-09T18:27:46.755+0000] {logging_mixin.py:188} INFO - [2025-08-09T18:27:46.754+0000] {dag.py:3954} INFO - Setting next_dagrun for example_branch_datetime_operator_2 to 2025-08-08 00:00:00+00:00, run_after=2025-08-09 00:00:00+00:00
[2025-08-09T18:27:46.766+0000] {logging_mixin.py:188} INFO - [2025-08-09T18:27:46.765+0000] {dag.py:3954} INFO - Setting next_dagrun for example_branch_datetime_operator_3 to 2025-08-08 00:00:00+00:00, run_after=2025-08-09 00:00:00+00:00
[2025-08-09T18:27:46.870+0000] {processor.py:183} INFO - Processing /home/airflow/.local/lib/python3.12/site-packages/airflow/example_dags/example_branch_datetime_operator.py took 0.618 seconds
[2025-08-09T18:28:17.509+0000] {processor.py:161} INFO - Started process (PID=191) to work on /home/airflow/.local/lib/python3.12/site-packages/airflow/example_dags/example_branch_datetime_operator.py
[2025-08-09T18:28:17.511+0000] {processor.py:830} INFO - Processing file /home/airflow/.local/lib/python3.12/site-packages/airflow/example_dags/example_branch_datetime_operator.py for tasks to queue
[2025-08-09T18:28:17.513+0000] {logging_mixin.py:188} INFO - [2025-08-09T18:28:17.513+0000] {dagbag.py:540} INFO - Filling up the DagBag from /home/airflow/.local/lib/python3.12/site-packages/airflow/example_dags/example_branch_datetime_operator.py
[2025-08-09T18:28:17.528+0000] {processor.py:840} INFO - DAG(s) 'example_branch_datetime_operator_3', 'example_branch_datetime_operator_2', 'example_branch_datetime_operator' retrieved from /home/airflow/.local/lib/python3.12/site-packages/airflow/example_dags/example_branch_datetime_operator.py
[2025-08-09T18:28:17.575+0000] {logging_mixin.py:188} INFO - [2025-08-09T18:28:17.575+0000] {dag.py:3096} INFO - Sync 3 DAGs
[2025-08-09T18:28:17.618+0000] {logging_mixin.py:188} INFO - [2025-08-09T18:28:17.618+0000] {dag.py:3954} INFO - Setting next_dagrun for example_branch_datetime_operator to 2025-08-08 00:00:00+00:00, run_after=2025-08-09 00:00:00+00:00
[2025-08-09T18:28:17.628+0000] {logging_mixin.py:188} INFO - [2025-08-09T18:28:17.628+0000] {dag.py:3954} INFO - Setting next_dagrun for example_branch_datetime_operator_2 to 2025-08-08 00:00:00+00:00, run_after=2025-08-09 00:00:00+00:00
[2025-08-09T18:28:17.632+0000] {logging_mixin.py:188} INFO - [2025-08-09T18:28:17.632+0000] {dag.py:3954} INFO - Setting next_dagrun for example_branch_datetime_operator_3 to 2025-08-08 00:00:00+00:00, run_after=2025-08-09 00:00:00+00:00
[2025-08-09T18:28:17.666+0000] {processor.py:183} INFO - Processing /home/airflow/.local/lib/python3.12/site-packages/airflow/example_dags/example_branch_datetime_operator.py took 0.166 seconds
[2025-08-09T18:28:47.848+0000] {processor.py:161} INFO - Started process (PID=251) to work on /home/airflow/.local/lib/python3.12/site-packages/airflow/example_dags/example_branch_datetime_operator.py
[2025-08-09T18:28:47.849+0000] {processor.py:830} INFO - Processing file /home/airflow/.local/lib/python3.12/site-packages/airflow/example_dags/example_branch_datetime_operator.py for tasks to queue
[2025-08-09T18:28:47.853+0000] {logging_mixin.py:188} INFO - [2025-08-09T18:28:47.852+0000] {dagbag.py:540} INFO - Filling up the DagBag from /home/airflow/.local/lib/python3.12/site-packages/airflow/example_dags/example_branch_datetime_operator.py
[2025-08-09T18:28:47.881+0000] {processor.py:840} INFO - DAG(s) 'example_branch_datetime_operator_2', 'example_branch_datetime_operator_3', 'example_branch_datetime_operator' retrieved from /home/airflow/.local/lib/python3.12/site-packages/airflow/example_dags/example_branch_datetime_operator.py
[2025-08-09T18:28:48.012+0000] {logging_mixin.py:188} INFO - [2025-08-09T18:28:48.011+0000] {dag.py:3096} INFO - Sync 3 DAGs
[2025-08-09T18:28:48.151+0000] {logging_mixin.py:188} INFO - [2025-08-09T18:28:48.150+0000] {dag.py:3954} INFO - Setting next_dagrun for example_branch_datetime_operator to 2025-08-08 00:00:00+00:00, run_after=2025-08-09 00:00:00+00:00
[2025-08-09T18:28:48.165+0000] {logging_mixin.py:188} INFO - [2025-08-09T18:28:48.164+0000] {dag.py:3954} INFO - Setting next_dagrun for example_branch_datetime_operator_2 to 2025-08-08 00:00:00+00:00, run_after=2025-08-09 00:00:00+00:00
[2025-08-09T18:28:48.171+0000] {logging_mixin.py:188} INFO - [2025-08-09T18:28:48.171+0000] {dag.py:3954} INFO - Setting next_dagrun for example_branch_datetime_operator_3 to 2025-08-08 00:00:00+00:00, run_after=2025-08-09 00:00:00+00:00
[2025-08-09T18:28:48.265+0000] {processor.py:183} INFO - Processing /home/airflow/.local/lib/python3.12/site-packages/airflow/example_dags/example_branch_datetime_operator.py took 0.430 seconds
[2025-08-09T18:29:19.026+0000] {processor.py:161} INFO - Started process (PID=310) to work on /home/airflow/.local/lib/python3.12/site-packages/airflow/example_dags/example_branch_datetime_operator.py
[2025-08-09T18:29:19.028+0000] {processor.py:830} INFO - Processing file /home/airflow/.local/lib/python3.12/site-packages/airflow/example_dags/example_branch_datetime_operator.py for tasks to queue
[2025-08-09T18:29:19.030+0000] {logging_mixin.py:188} INFO - [2025-08-09T18:29:19.030+0000] {dagbag.py:540} INFO - Filling up the DagBag from /home/airflow/.local/lib/python3.12/site-packages/airflow/example_dags/example_branch_datetime_operator.py
[2025-08-09T18:29:19.042+0000] {processor.py:840} INFO - DAG(s) 'example_branch_datetime_operator_3', 'example_branch_datetime_operator_2', 'example_branch_datetime_operator' retrieved from /home/airflow/.local/lib/python3.12/site-packages/airflow/example_dags/example_branch_datetime_operator.py
[2025-08-09T18:29:19.076+0000] {logging_mixin.py:188} INFO - [2025-08-09T18:29:19.076+0000] {dag.py:3096} INFO - Sync 3 DAGs
[2025-08-09T18:29:19.105+0000] {logging_mixin.py:188} INFO - [2025-08-09T18:29:19.105+0000] {dag.py:3954} INFO - Setting next_dagrun for example_branch_datetime_operator to 2025-08-08 00:00:00+00:00, run_after=2025-08-09 00:00:00+00:00
[2025-08-09T18:29:19.111+0000] {logging_mixin.py:188} INFO - [2025-08-09T18:29:19.111+0000] {dag.py:3954} INFO - Setting next_dagrun for example_branch_datetime_operator_2 to 2025-08-08 00:00:00+00:00, run_after=2025-08-09 00:00:00+00:00
[2025-08-09T18:29:19.115+0000] {logging_mixin.py:188} INFO - [2025-08-09T18:29:19.115+0000] {dag.py:3954} INFO - Setting next_dagrun for example_branch_datetime_operator_3 to 2025-08-08 00:00:00+00:00, run_after=2025-08-09 00:00:00+00:00
[2025-08-09T18:29:19.146+0000] {processor.py:183} INFO - Processing /home/airflow/.local/lib/python3.12/site-packages/airflow/example_dags/example_branch_datetime_operator.py took 0.128 seconds
[2025-08-09T18:29:49.613+0000] {processor.py:161} INFO - Started process (PID=369) to work on /home/airflow/.local/lib/python3.12/site-packages/airflow/example_dags/example_branch_datetime_operator.py
[2025-08-09T18:29:49.614+0000] {processor.py:830} INFO - Processing file /home/airflow/.local/lib/python3.12/site-packages/airflow/example_dags/example_branch_datetime_operator.py for tasks to queue
[2025-08-09T18:29:49.617+0000] {logging_mixin.py:188} INFO - [2025-08-09T18:29:49.617+0000] {dagbag.py:540} INFO - Filling up the DagBag from /home/airflow/.local/lib/python3.12/site-packages/airflow/example_dags/example_branch_datetime_operator.py
[2025-08-09T18:29:49.632+0000] {processor.py:840} INFO - DAG(s) 'example_branch_datetime_operator_2', 'example_branch_datetime_operator_3', 'example_branch_datetime_operator' retrieved from /home/airflow/.local/lib/python3.12/site-packages/airflow/example_dags/example_branch_datetime_operator.py
[2025-08-09T18:29:49.716+0000] {logging_mixin.py:188} INFO - [2025-08-09T18:29:49.716+0000] {dag.py:3096} INFO - Sync 3 DAGs
[2025-08-09T18:29:49.760+0000] {logging_mixin.py:188} INFO - [2025-08-09T18:29:49.760+0000] {dag.py:3954} INFO - Setting next_dagrun for example_branch_datetime_operator to 2025-08-08 00:00:00+00:00, run_after=2025-08-09 00:00:00+00:00
[2025-08-09T18:29:49.769+0000] {logging_mixin.py:188} INFO - [2025-08-09T18:29:49.768+0000] {dag.py:3954} INFO - Setting next_dagrun for example_branch_datetime_operator_2 to 2025-08-08 00:00:00+00:00, run_after=2025-08-09 00:00:00+00:00
[2025-08-09T18:29:49.773+0000] {logging_mixin.py:188} INFO - [2025-08-09T18:29:49.773+0000] {dag.py:3954} INFO - Setting next_dagrun for example_branch_datetime_operator_3 to 2025-08-08 00:00:00+00:00, run_after=2025-08-09 00:00:00+00:00
[2025-08-09T18:29:49.802+0000] {processor.py:183} INFO - Processing /home/airflow/.local/lib/python3.12/site-packages/airflow/example_dags/example_branch_datetime_operator.py took 0.198 seconds
[2025-08-09T18:30:20.634+0000] {processor.py:161} INFO - Started process (PID=429) to work on /home/airflow/.local/lib/python3.12/site-packages/airflow/example_dags/example_branch_datetime_operator.py
[2025-08-09T18:30:20.635+0000] {processor.py:830} INFO - Processing file /home/airflow/.local/lib/python3.12/site-packages/airflow/example_dags/example_branch_datetime_operator.py for tasks to queue
[2025-08-09T18:30:20.638+0000] {logging_mixin.py:188} INFO - [2025-08-09T18:30:20.637+0000] {dagbag.py:540} INFO - Filling up the DagBag from /home/airflow/.local/lib/python3.12/site-packages/airflow/example_dags/example_branch_datetime_operator.py
[2025-08-09T18:30:20.652+0000] {processor.py:840} INFO - DAG(s) 'example_branch_datetime_operator', 'example_branch_datetime_operator_3', 'example_branch_datetime_operator_2' retrieved from /home/airflow/.local/lib/python3.12/site-packages/airflow/example_dags/example_branch_datetime_operator.py
[2025-08-09T18:30:20.683+0000] {logging_mixin.py:188} INFO - [2025-08-09T18:30:20.682+0000] {dag.py:3096} INFO - Sync 3 DAGs
[2025-08-09T18:30:20.710+0000] {logging_mixin.py:188} INFO - [2025-08-09T18:30:20.709+0000] {dag.py:3954} INFO - Setting next_dagrun for example_branch_datetime_operator to 2025-08-08 00:00:00+00:00, run_after=2025-08-09 00:00:00+00:00
[2025-08-09T18:30:20.719+0000] {logging_mixin.py:188} INFO - [2025-08-09T18:30:20.719+0000] {dag.py:3954} INFO - Setting next_dagrun for example_branch_datetime_operator_2 to 2025-08-08 00:00:00+00:00, run_after=2025-08-09 00:00:00+00:00
[2025-08-09T18:30:20.723+0000] {logging_mixin.py:188} INFO - [2025-08-09T18:30:20.722+0000] {dag.py:3954} INFO - Setting next_dagrun for example_branch_datetime_operator_3 to 2025-08-08 00:00:00+00:00, run_after=2025-08-09 00:00:00+00:00
[2025-08-09T18:30:20.755+0000] {processor.py:183} INFO - Processing /home/airflow/.local/lib/python3.12/site-packages/airflow/example_dags/example_branch_datetime_operator.py took 0.130 seconds
[2025-08-09T18:30:51.607+0000] {processor.py:161} INFO - Started process (PID=488) to work on /home/airflow/.local/lib/python3.12/site-packages/airflow/example_dags/example_branch_datetime_operator.py
[2025-08-09T18:30:51.614+0000] {processor.py:830} INFO - Processing file /home/airflow/.local/lib/python3.12/site-packages/airflow/example_dags/example_branch_datetime_operator.py for tasks to queue
[2025-08-09T18:30:51.621+0000] {logging_mixin.py:188} INFO - [2025-08-09T18:30:51.620+0000] {dagbag.py:540} INFO - Filling up the DagBag from /home/airflow/.local/lib/python3.12/site-packages/airflow/example_dags/example_branch_datetime_operator.py
[2025-08-09T18:30:51.651+0000] {processor.py:840} INFO - DAG(s) 'example_branch_datetime_operator_3', 'example_branch_datetime_operator', 'example_branch_datetime_operator_2' retrieved from /home/airflow/.local/lib/python3.12/site-packages/airflow/example_dags/example_branch_datetime_operator.py
[2025-08-09T18:30:51.697+0000] {logging_mixin.py:188} INFO - [2025-08-09T18:30:51.697+0000] {dag.py:3096} INFO - Sync 3 DAGs
[2025-08-09T18:30:51.726+0000] {logging_mixin.py:188} INFO - [2025-08-09T18:30:51.725+0000] {dag.py:3954} INFO - Setting next_dagrun for example_branch_datetime_operator to 2025-08-08 00:00:00+00:00, run_after=2025-08-09 00:00:00+00:00
[2025-08-09T18:30:51.732+0000] {logging_mixin.py:188} INFO - [2025-08-09T18:30:51.732+0000] {dag.py:3954} INFO - Setting next_dagrun for example_branch_datetime_operator_2 to 2025-08-08 00:00:00+00:00, run_after=2025-08-09 00:00:00+00:00
[2025-08-09T18:30:51.735+0000] {logging_mixin.py:188} INFO - [2025-08-09T18:30:51.735+0000] {dag.py:3954} INFO - Setting next_dagrun for example_branch_datetime_operator_3 to 2025-08-08 00:00:00+00:00, run_after=2025-08-09 00:00:00+00:00
[2025-08-09T18:30:51.760+0000] {processor.py:183} INFO - Processing /home/airflow/.local/lib/python3.12/site-packages/airflow/example_dags/example_branch_datetime_operator.py took 0.175 seconds
[2025-08-09T18:31:21.847+0000] {processor.py:161} INFO - Started process (PID=547) to work on /home/airflow/.local/lib/python3.12/site-packages/airflow/example_dags/example_branch_datetime_operator.py
[2025-08-09T18:31:21.849+0000] {processor.py:830} INFO - Processing file /home/airflow/.local/lib/python3.12/site-packages/airflow/example_dags/example_branch_datetime_operator.py for tasks to queue
[2025-08-09T18:31:21.851+0000] {logging_mixin.py:188} INFO - [2025-08-09T18:31:21.851+0000] {dagbag.py:540} INFO - Filling up the DagBag from /home/airflow/.local/lib/python3.12/site-packages/airflow/example_dags/example_branch_datetime_operator.py
[2025-08-09T18:31:21.873+0000] {processor.py:840} INFO - DAG(s) 'example_branch_datetime_operator_2', 'example_branch_datetime_operator_3', 'example_branch_datetime_operator' retrieved from /home/airflow/.local/lib/python3.12/site-packages/airflow/example_dags/example_branch_datetime_operator.py
[2025-08-09T18:31:21.915+0000] {logging_mixin.py:188} INFO - [2025-08-09T18:31:21.915+0000] {dag.py:3096} INFO - Sync 3 DAGs
[2025-08-09T18:31:21.956+0000] {logging_mixin.py:188} INFO - [2025-08-09T18:31:21.956+0000] {dag.py:3954} INFO - Setting next_dagrun for example_branch_datetime_operator to 2025-08-08 00:00:00+00:00, run_after=2025-08-09 00:00:00+00:00
[2025-08-09T18:31:21.964+0000] {logging_mixin.py:188} INFO - [2025-08-09T18:31:21.963+0000] {dag.py:3954} INFO - Setting next_dagrun for example_branch_datetime_operator_2 to 2025-08-08 00:00:00+00:00, run_after=2025-08-09 00:00:00+00:00
[2025-08-09T18:31:21.967+0000] {logging_mixin.py:188} INFO - [2025-08-09T18:31:21.967+0000] {dag.py:3954} INFO - Setting next_dagrun for example_branch_datetime_operator_3 to 2025-08-08 00:00:00+00:00, run_after=2025-08-09 00:00:00+00:00
[2025-08-09T18:31:21.988+0000] {processor.py:183} INFO - Processing /home/airflow/.local/lib/python3.12/site-packages/airflow/example_dags/example_branch_datetime_operator.py took 0.147 seconds
[2025-08-09T18:31:52.799+0000] {processor.py:161} INFO - Started process (PID=606) to work on /home/airflow/.local/lib/python3.12/site-packages/airflow/example_dags/example_branch_datetime_operator.py
[2025-08-09T18:31:52.801+0000] {processor.py:830} INFO - Processing file /home/airflow/.local/lib/python3.12/site-packages/airflow/example_dags/example_branch_datetime_operator.py for tasks to queue
[2025-08-09T18:31:52.806+0000] {logging_mixin.py:188} INFO - [2025-08-09T18:31:52.805+0000] {dagbag.py:540} INFO - Filling up the DagBag from /home/airflow/.local/lib/python3.12/site-packages/airflow/example_dags/example_branch_datetime_operator.py
[2025-08-09T18:31:52.843+0000] {processor.py:840} INFO - DAG(s) 'example_branch_datetime_operator', 'example_branch_datetime_operator_3', 'example_branch_datetime_operator_2' retrieved from /home/airflow/.local/lib/python3.12/site-packages/airflow/example_dags/example_branch_datetime_operator.py
[2025-08-09T18:31:52.900+0000] {logging_mixin.py:188} INFO - [2025-08-09T18:31:52.899+0000] {dag.py:3096} INFO - Sync 3 DAGs
[2025-08-09T18:31:52.942+0000] {logging_mixin.py:188} INFO - [2025-08-09T18:31:52.941+0000] {dag.py:3954} INFO - Setting next_dagrun for example_branch_datetime_operator to 2025-08-08 00:00:00+00:00, run_after=2025-08-09 00:00:00+00:00
[2025-08-09T18:31:52.948+0000] {logging_mixin.py:188} INFO - [2025-08-09T18:31:52.947+0000] {dag.py:3954} INFO - Setting next_dagrun for example_branch_datetime_operator_2 to 2025-08-08 00:00:00+00:00, run_after=2025-08-09 00:00:00+00:00
[2025-08-09T18:31:52.951+0000] {logging_mixin.py:188} INFO - [2025-08-09T18:31:52.951+0000] {dag.py:3954} INFO - Setting next_dagrun for example_branch_datetime_operator_3 to 2025-08-08 00:00:00+00:00, run_after=2025-08-09 00:00:00+00:00
[2025-08-09T18:31:52.971+0000] {processor.py:183} INFO - Processing /home/airflow/.local/lib/python3.12/site-packages/airflow/example_dags/example_branch_datetime_operator.py took 0.191 seconds
[2025-08-09T18:32:23.184+0000] {processor.py:161} INFO - Started process (PID=666) to work on /home/airflow/.local/lib/python3.12/site-packages/airflow/example_dags/example_branch_datetime_operator.py
[2025-08-09T18:32:23.186+0000] {processor.py:830} INFO - Processing file /home/airflow/.local/lib/python3.12/site-packages/airflow/example_dags/example_branch_datetime_operator.py for tasks to queue
[2025-08-09T18:32:23.189+0000] {logging_mixin.py:188} INFO - [2025-08-09T18:32:23.188+0000] {dagbag.py:540} INFO - Filling up the DagBag from /home/airflow/.local/lib/python3.12/site-packages/airflow/example_dags/example_branch_datetime_operator.py
[2025-08-09T18:32:23.205+0000] {processor.py:840} INFO - DAG(s) 'example_branch_datetime_operator', 'example_branch_datetime_operator_2', 'example_branch_datetime_operator_3' retrieved from /home/airflow/.local/lib/python3.12/site-packages/airflow/example_dags/example_branch_datetime_operator.py
[2025-08-09T18:32:23.250+0000] {logging_mixin.py:188} INFO - [2025-08-09T18:32:23.250+0000] {dag.py:3096} INFO - Sync 3 DAGs
[2025-08-09T18:32:23.287+0000] {logging_mixin.py:188} INFO - [2025-08-09T18:32:23.287+0000] {dag.py:3954} INFO - Setting next_dagrun for example_branch_datetime_operator to 2025-08-08 00:00:00+00:00, run_after=2025-08-09 00:00:00+00:00
[2025-08-09T18:32:23.295+0000] {logging_mixin.py:188} INFO - [2025-08-09T18:32:23.295+0000] {dag.py:3954} INFO - Setting next_dagrun for example_branch_datetime_operator_2 to 2025-08-08 00:00:00+00:00, run_after=2025-08-09 00:00:00+00:00
[2025-08-09T18:32:23.300+0000] {logging_mixin.py:188} INFO - [2025-08-09T18:32:23.300+0000] {dag.py:3954} INFO - Setting next_dagrun for example_branch_datetime_operator_3 to 2025-08-08 00:00:00+00:00, run_after=2025-08-09 00:00:00+00:00
[2025-08-09T18:32:23.338+0000] {processor.py:183} INFO - Processing /home/airflow/.local/lib/python3.12/site-packages/airflow/example_dags/example_branch_datetime_operator.py took 0.167 seconds
[2025-08-09T18:32:53.582+0000] {processor.py:161} INFO - Started process (PID=725) to work on /home/airflow/.local/lib/python3.12/site-packages/airflow/example_dags/example_branch_datetime_operator.py
[2025-08-09T18:32:53.586+0000] {processor.py:830} INFO - Processing file /home/airflow/.local/lib/python3.12/site-packages/airflow/example_dags/example_branch_datetime_operator.py for tasks to queue
[2025-08-09T18:32:53.590+0000] {logging_mixin.py:188} INFO - [2025-08-09T18:32:53.589+0000] {dagbag.py:540} INFO - Filling up the DagBag from /home/airflow/.local/lib/python3.12/site-packages/airflow/example_dags/example_branch_datetime_operator.py
[2025-08-09T18:32:53.613+0000] {processor.py:840} INFO - DAG(s) 'example_branch_datetime_operator', 'example_branch_datetime_operator_3', 'example_branch_datetime_operator_2' retrieved from /home/airflow/.local/lib/python3.12/site-packages/airflow/example_dags/example_branch_datetime_operator.py
[2025-08-09T18:32:53.657+0000] {logging_mixin.py:188} INFO - [2025-08-09T18:32:53.657+0000] {dag.py:3096} INFO - Sync 3 DAGs
[2025-08-09T18:32:53.694+0000] {logging_mixin.py:188} INFO - [2025-08-09T18:32:53.694+0000] {dag.py:3954} INFO - Setting next_dagrun for example_branch_datetime_operator to 2025-08-08 00:00:00+00:00, run_after=2025-08-09 00:00:00+00:00
[2025-08-09T18:32:53.701+0000] {logging_mixin.py:188} INFO - [2025-08-09T18:32:53.701+0000] {dag.py:3954} INFO - Setting next_dagrun for example_branch_datetime_operator_2 to 2025-08-08 00:00:00+00:00, run_after=2025-08-09 00:00:00+00:00
[2025-08-09T18:32:53.705+0000] {logging_mixin.py:188} INFO - [2025-08-09T18:32:53.705+0000] {dag.py:3954} INFO - Setting next_dagrun for example_branch_datetime_operator_3 to 2025-08-08 00:00:00+00:00, run_after=2025-08-09 00:00:00+00:00
[2025-08-09T18:32:53.739+0000] {processor.py:183} INFO - Processing /home/airflow/.local/lib/python3.12/site-packages/airflow/example_dags/example_branch_datetime_operator.py took 0.169 seconds
[2025-08-09T18:33:23.993+0000] {processor.py:161} INFO - Started process (PID=784) to work on /home/airflow/.local/lib/python3.12/site-packages/airflow/example_dags/example_branch_datetime_operator.py
[2025-08-09T18:33:23.995+0000] {processor.py:830} INFO - Processing file /home/airflow/.local/lib/python3.12/site-packages/airflow/example_dags/example_branch_datetime_operator.py for tasks to queue
[2025-08-09T18:33:23.997+0000] {logging_mixin.py:188} INFO - [2025-08-09T18:33:23.997+0000] {dagbag.py:540} INFO - Filling up the DagBag from /home/airflow/.local/lib/python3.12/site-packages/airflow/example_dags/example_branch_datetime_operator.py
[2025-08-09T18:33:24.009+0000] {processor.py:840} INFO - DAG(s) 'example_branch_datetime_operator_2', 'example_branch_datetime_operator_3', 'example_branch_datetime_operator' retrieved from /home/airflow/.local/lib/python3.12/site-packages/airflow/example_dags/example_branch_datetime_operator.py
[2025-08-09T18:33:24.041+0000] {logging_mixin.py:188} INFO - [2025-08-09T18:33:24.041+0000] {dag.py:3096} INFO - Sync 3 DAGs
[2025-08-09T18:33:24.070+0000] {logging_mixin.py:188} INFO - [2025-08-09T18:33:24.070+0000] {dag.py:3954} INFO - Setting next_dagrun for example_branch_datetime_operator to 2025-08-08 00:00:00+00:00, run_after=2025-08-09 00:00:00+00:00
[2025-08-09T18:33:24.076+0000] {logging_mixin.py:188} INFO - [2025-08-09T18:33:24.076+0000] {dag.py:3954} INFO - Setting next_dagrun for example_branch_datetime_operator_2 to 2025-08-08 00:00:00+00:00, run_after=2025-08-09 00:00:00+00:00
[2025-08-09T18:33:24.080+0000] {logging_mixin.py:188} INFO - [2025-08-09T18:33:24.080+0000] {dag.py:3954} INFO - Setting next_dagrun for example_branch_datetime_operator_3 to 2025-08-08 00:00:00+00:00, run_after=2025-08-09 00:00:00+00:00
[2025-08-09T18:33:24.103+0000] {processor.py:183} INFO - Processing /home/airflow/.local/lib/python3.12/site-packages/airflow/example_dags/example_branch_datetime_operator.py took 0.116 seconds
[2025-08-09T18:33:54.631+0000] {processor.py:161} INFO - Started process (PID=844) to work on /home/airflow/.local/lib/python3.12/site-packages/airflow/example_dags/example_branch_datetime_operator.py
[2025-08-09T18:33:54.632+0000] {processor.py:830} INFO - Processing file /home/airflow/.local/lib/python3.12/site-packages/airflow/example_dags/example_branch_datetime_operator.py for tasks to queue
[2025-08-09T18:33:54.635+0000] {logging_mixin.py:188} INFO - [2025-08-09T18:33:54.634+0000] {dagbag.py:540} INFO - Filling up the DagBag from /home/airflow/.local/lib/python3.12/site-packages/airflow/example_dags/example_branch_datetime_operator.py
[2025-08-09T18:33:54.648+0000] {processor.py:840} INFO - DAG(s) 'example_branch_datetime_operator', 'example_branch_datetime_operator_3', 'example_branch_datetime_operator_2' retrieved from /home/airflow/.local/lib/python3.12/site-packages/airflow/example_dags/example_branch_datetime_operator.py
[2025-08-09T18:33:54.690+0000] {logging_mixin.py:188} INFO - [2025-08-09T18:33:54.689+0000] {dag.py:3096} INFO - Sync 3 DAGs
[2025-08-09T18:33:54.718+0000] {logging_mixin.py:188} INFO - [2025-08-09T18:33:54.718+0000] {dag.py:3954} INFO - Setting next_dagrun for example_branch_datetime_operator to 2025-08-08 00:00:00+00:00, run_after=2025-08-09 00:00:00+00:00
[2025-08-09T18:33:54.725+0000] {logging_mixin.py:188} INFO - [2025-08-09T18:33:54.724+0000] {dag.py:3954} INFO - Setting next_dagrun for example_branch_datetime_operator_2 to 2025-08-08 00:00:00+00:00, run_after=2025-08-09 00:00:00+00:00
[2025-08-09T18:33:54.728+0000] {logging_mixin.py:188} INFO - [2025-08-09T18:33:54.728+0000] {dag.py:3954} INFO - Setting next_dagrun for example_branch_datetime_operator_3 to 2025-08-08 00:00:00+00:00, run_after=2025-08-09 00:00:00+00:00
[2025-08-09T18:33:54.751+0000] {processor.py:183} INFO - Processing /home/airflow/.local/lib/python3.12/site-packages/airflow/example_dags/example_branch_datetime_operator.py took 0.127 seconds
[2025-08-09T18:34:24.847+0000] {processor.py:161} INFO - Started process (PID=903) to work on /home/airflow/.local/lib/python3.12/site-packages/airflow/example_dags/example_branch_datetime_operator.py
[2025-08-09T18:34:24.848+0000] {processor.py:830} INFO - Processing file /home/airflow/.local/lib/python3.12/site-packages/airflow/example_dags/example_branch_datetime_operator.py for tasks to queue
[2025-08-09T18:34:24.850+0000] {logging_mixin.py:188} INFO - [2025-08-09T18:34:24.850+0000] {dagbag.py:540} INFO - Filling up the DagBag from /home/airflow/.local/lib/python3.12/site-packages/airflow/example_dags/example_branch_datetime_operator.py
[2025-08-09T18:34:24.866+0000] {processor.py:840} INFO - DAG(s) 'example_branch_datetime_operator', 'example_branch_datetime_operator_2', 'example_branch_datetime_operator_3' retrieved from /home/airflow/.local/lib/python3.12/site-packages/airflow/example_dags/example_branch_datetime_operator.py
[2025-08-09T18:34:24.904+0000] {logging_mixin.py:188} INFO - [2025-08-09T18:34:24.904+0000] {dag.py:3096} INFO - Sync 3 DAGs
[2025-08-09T18:34:24.938+0000] {logging_mixin.py:188} INFO - [2025-08-09T18:34:24.937+0000] {dag.py:3954} INFO - Setting next_dagrun for example_branch_datetime_operator to 2025-08-08 00:00:00+00:00, run_after=2025-08-09 00:00:00+00:00
[2025-08-09T18:34:24.947+0000] {logging_mixin.py:188} INFO - [2025-08-09T18:34:24.947+0000] {dag.py:3954} INFO - Setting next_dagrun for example_branch_datetime_operator_2 to 2025-08-08 00:00:00+00:00, run_after=2025-08-09 00:00:00+00:00
[2025-08-09T18:34:24.951+0000] {logging_mixin.py:188} INFO - [2025-08-09T18:34:24.951+0000] {dag.py:3954} INFO - Setting next_dagrun for example_branch_datetime_operator_3 to 2025-08-08 00:00:00+00:00, run_after=2025-08-09 00:00:00+00:00
[2025-08-09T18:34:24.977+0000] {processor.py:183} INFO - Processing /home/airflow/.local/lib/python3.12/site-packages/airflow/example_dags/example_branch_datetime_operator.py took 0.137 seconds
[2025-08-09T18:34:55.310+0000] {processor.py:161} INFO - Started process (PID=960) to work on /home/airflow/.local/lib/python3.12/site-packages/airflow/example_dags/example_branch_datetime_operator.py
[2025-08-09T18:34:55.333+0000] {processor.py:830} INFO - Processing file /home/airflow/.local/lib/python3.12/site-packages/airflow/example_dags/example_branch_datetime_operator.py for tasks to queue
[2025-08-09T18:34:55.350+0000] {logging_mixin.py:188} INFO - [2025-08-09T18:34:55.349+0000] {dagbag.py:540} INFO - Filling up the DagBag from /home/airflow/.local/lib/python3.12/site-packages/airflow/example_dags/example_branch_datetime_operator.py
[2025-08-09T18:34:55.403+0000] {processor.py:840} INFO - DAG(s) 'example_branch_datetime_operator_3', 'example_branch_datetime_operator', 'example_branch_datetime_operator_2' retrieved from /home/airflow/.local/lib/python3.12/site-packages/airflow/example_dags/example_branch_datetime_operator.py
[2025-08-09T18:34:55.467+0000] {logging_mixin.py:188} INFO - [2025-08-09T18:34:55.467+0000] {dag.py:3096} INFO - Sync 3 DAGs
[2025-08-09T18:34:55.514+0000] {logging_mixin.py:188} INFO - [2025-08-09T18:34:55.514+0000] {dag.py:3954} INFO - Setting next_dagrun for example_branch_datetime_operator to 2025-08-08 00:00:00+00:00, run_after=2025-08-09 00:00:00+00:00
[2025-08-09T18:34:55.521+0000] {logging_mixin.py:188} INFO - [2025-08-09T18:34:55.521+0000] {dag.py:3954} INFO - Setting next_dagrun for example_branch_datetime_operator_2 to 2025-08-08 00:00:00+00:00, run_after=2025-08-09 00:00:00+00:00
[2025-08-09T18:34:55.525+0000] {logging_mixin.py:188} INFO - [2025-08-09T18:34:55.525+0000] {dag.py:3954} INFO - Setting next_dagrun for example_branch_datetime_operator_3 to 2025-08-08 00:00:00+00:00, run_after=2025-08-09 00:00:00+00:00
[2025-08-09T18:34:55.560+0000] {processor.py:183} INFO - Processing /home/airflow/.local/lib/python3.12/site-packages/airflow/example_dags/example_branch_datetime_operator.py took 0.257 seconds
[2025-08-09T18:35:26.099+0000] {processor.py:161} INFO - Started process (PID=1019) to work on /home/airflow/.local/lib/python3.12/site-packages/airflow/example_dags/example_branch_datetime_operator.py
[2025-08-09T18:35:26.102+0000] {processor.py:830} INFO - Processing file /home/airflow/.local/lib/python3.12/site-packages/airflow/example_dags/example_branch_datetime_operator.py for tasks to queue
[2025-08-09T18:35:26.106+0000] {logging_mixin.py:188} INFO - [2025-08-09T18:35:26.105+0000] {dagbag.py:540} INFO - Filling up the DagBag from /home/airflow/.local/lib/python3.12/site-packages/airflow/example_dags/example_branch_datetime_operator.py
[2025-08-09T18:35:26.120+0000] {processor.py:840} INFO - DAG(s) 'example_branch_datetime_operator_2', 'example_branch_datetime_operator', 'example_branch_datetime_operator_3' retrieved from /home/airflow/.local/lib/python3.12/site-packages/airflow/example_dags/example_branch_datetime_operator.py
[2025-08-09T18:35:26.330+0000] {logging_mixin.py:188} INFO - [2025-08-09T18:35:26.329+0000] {dag.py:3096} INFO - Sync 3 DAGs
[2025-08-09T18:35:26.359+0000] {logging_mixin.py:188} INFO - [2025-08-09T18:35:26.359+0000] {dag.py:3954} INFO - Setting next_dagrun for example_branch_datetime_operator to 2025-08-08 00:00:00+00:00, run_after=2025-08-09 00:00:00+00:00
[2025-08-09T18:35:26.365+0000] {logging_mixin.py:188} INFO - [2025-08-09T18:35:26.364+0000] {dag.py:3954} INFO - Setting next_dagrun for example_branch_datetime_operator_2 to 2025-08-08 00:00:00+00:00, run_after=2025-08-09 00:00:00+00:00
[2025-08-09T18:35:26.370+0000] {logging_mixin.py:188} INFO - [2025-08-09T18:35:26.370+0000] {dag.py:3954} INFO - Setting next_dagrun for example_branch_datetime_operator_3 to 2025-08-08 00:00:00+00:00, run_after=2025-08-09 00:00:00+00:00
[2025-08-09T18:35:26.402+0000] {processor.py:183} INFO - Processing /home/airflow/.local/lib/python3.12/site-packages/airflow/example_dags/example_branch_datetime_operator.py took 0.315 seconds
[2025-08-09T18:35:56.554+0000] {processor.py:161} INFO - Started process (PID=1078) to work on /home/airflow/.local/lib/python3.12/site-packages/airflow/example_dags/example_branch_datetime_operator.py
[2025-08-09T18:35:56.556+0000] {processor.py:830} INFO - Processing file /home/airflow/.local/lib/python3.12/site-packages/airflow/example_dags/example_branch_datetime_operator.py for tasks to queue
[2025-08-09T18:35:56.560+0000] {logging_mixin.py:188} INFO - [2025-08-09T18:35:56.559+0000] {dagbag.py:540} INFO - Filling up the DagBag from /home/airflow/.local/lib/python3.12/site-packages/airflow/example_dags/example_branch_datetime_operator.py
[2025-08-09T18:35:56.582+0000] {processor.py:840} INFO - DAG(s) 'example_branch_datetime_operator_2', 'example_branch_datetime_operator_3', 'example_branch_datetime_operator' retrieved from /home/airflow/.local/lib/python3.12/site-packages/airflow/example_dags/example_branch_datetime_operator.py
[2025-08-09T18:35:56.637+0000] {logging_mixin.py:188} INFO - [2025-08-09T18:35:56.637+0000] {dag.py:3096} INFO - Sync 3 DAGs
[2025-08-09T18:35:56.669+0000] {logging_mixin.py:188} INFO - [2025-08-09T18:35:56.669+0000] {dag.py:3954} INFO - Setting next_dagrun for example_branch_datetime_operator to 2025-08-08 00:00:00+00:00, run_after=2025-08-09 00:00:00+00:00
[2025-08-09T18:35:56.677+0000] {logging_mixin.py:188} INFO - [2025-08-09T18:35:56.677+0000] {dag.py:3954} INFO - Setting next_dagrun for example_branch_datetime_operator_2 to 2025-08-08 00:00:00+00:00, run_after=2025-08-09 00:00:00+00:00
[2025-08-09T18:35:56.683+0000] {logging_mixin.py:188} INFO - [2025-08-09T18:35:56.682+0000] {dag.py:3954} INFO - Setting next_dagrun for example_branch_datetime_operator_3 to 2025-08-08 00:00:00+00:00, run_after=2025-08-09 00:00:00+00:00
[2025-08-09T18:35:56.745+0000] {processor.py:183} INFO - Processing /home/airflow/.local/lib/python3.12/site-packages/airflow/example_dags/example_branch_datetime_operator.py took 0.205 seconds
[2025-08-09T18:36:27.040+0000] {processor.py:161} INFO - Started process (PID=1137) to work on /home/airflow/.local/lib/python3.12/site-packages/airflow/example_dags/example_branch_datetime_operator.py
[2025-08-09T18:36:27.041+0000] {processor.py:830} INFO - Processing file /home/airflow/.local/lib/python3.12/site-packages/airflow/example_dags/example_branch_datetime_operator.py for tasks to queue
[2025-08-09T18:36:27.044+0000] {logging_mixin.py:188} INFO - [2025-08-09T18:36:27.044+0000] {dagbag.py:540} INFO - Filling up the DagBag from /home/airflow/.local/lib/python3.12/site-packages/airflow/example_dags/example_branch_datetime_operator.py
[2025-08-09T18:36:27.057+0000] {processor.py:840} INFO - DAG(s) 'example_branch_datetime_operator_2', 'example_branch_datetime_operator_3', 'example_branch_datetime_operator' retrieved from /home/airflow/.local/lib/python3.12/site-packages/airflow/example_dags/example_branch_datetime_operator.py
[2025-08-09T18:36:27.092+0000] {logging_mixin.py:188} INFO - [2025-08-09T18:36:27.092+0000] {dag.py:3096} INFO - Sync 3 DAGs
[2025-08-09T18:36:27.128+0000] {logging_mixin.py:188} INFO - [2025-08-09T18:36:27.128+0000] {dag.py:3954} INFO - Setting next_dagrun for example_branch_datetime_operator to 2025-08-08 00:00:00+00:00, run_after=2025-08-09 00:00:00+00:00
[2025-08-09T18:36:27.138+0000] {logging_mixin.py:188} INFO - [2025-08-09T18:36:27.138+0000] {dag.py:3954} INFO - Setting next_dagrun for example_branch_datetime_operator_2 to 2025-08-08 00:00:00+00:00, run_after=2025-08-09 00:00:00+00:00
[2025-08-09T18:36:27.143+0000] {logging_mixin.py:188} INFO - [2025-08-09T18:36:27.143+0000] {dag.py:3954} INFO - Setting next_dagrun for example_branch_datetime_operator_3 to 2025-08-08 00:00:00+00:00, run_after=2025-08-09 00:00:00+00:00
[2025-08-09T18:36:27.185+0000] {processor.py:183} INFO - Processing /home/airflow/.local/lib/python3.12/site-packages/airflow/example_dags/example_branch_datetime_operator.py took 0.152 seconds
[2025-08-09T18:36:57.308+0000] {processor.py:161} INFO - Started process (PID=1196) to work on /home/airflow/.local/lib/python3.12/site-packages/airflow/example_dags/example_branch_datetime_operator.py
[2025-08-09T18:36:57.310+0000] {processor.py:830} INFO - Processing file /home/airflow/.local/lib/python3.12/site-packages/airflow/example_dags/example_branch_datetime_operator.py for tasks to queue
[2025-08-09T18:36:57.313+0000] {logging_mixin.py:188} INFO - [2025-08-09T18:36:57.312+0000] {dagbag.py:540} INFO - Filling up the DagBag from /home/airflow/.local/lib/python3.12/site-packages/airflow/example_dags/example_branch_datetime_operator.py
[2025-08-09T18:36:57.328+0000] {processor.py:840} INFO - DAG(s) 'example_branch_datetime_operator', 'example_branch_datetime_operator_2', 'example_branch_datetime_operator_3' retrieved from /home/airflow/.local/lib/python3.12/site-packages/airflow/example_dags/example_branch_datetime_operator.py
[2025-08-09T18:36:57.362+0000] {logging_mixin.py:188} INFO - [2025-08-09T18:36:57.361+0000] {dag.py:3096} INFO - Sync 3 DAGs
[2025-08-09T18:36:57.392+0000] {logging_mixin.py:188} INFO - [2025-08-09T18:36:57.391+0000] {dag.py:3954} INFO - Setting next_dagrun for example_branch_datetime_operator to 2025-08-08 00:00:00+00:00, run_after=2025-08-09 00:00:00+00:00
[2025-08-09T18:36:57.399+0000] {logging_mixin.py:188} INFO - [2025-08-09T18:36:57.398+0000] {dag.py:3954} INFO - Setting next_dagrun for example_branch_datetime_operator_2 to 2025-08-08 00:00:00+00:00, run_after=2025-08-09 00:00:00+00:00
[2025-08-09T18:36:57.404+0000] {logging_mixin.py:188} INFO - [2025-08-09T18:36:57.403+0000] {dag.py:3954} INFO - Setting next_dagrun for example_branch_datetime_operator_3 to 2025-08-08 00:00:00+00:00, run_after=2025-08-09 00:00:00+00:00
[2025-08-09T18:36:57.432+0000] {processor.py:183} INFO - Processing /home/airflow/.local/lib/python3.12/site-packages/airflow/example_dags/example_branch_datetime_operator.py took 0.136 seconds
[2025-08-09T18:37:27.779+0000] {processor.py:161} INFO - Started process (PID=1255) to work on /home/airflow/.local/lib/python3.12/site-packages/airflow/example_dags/example_branch_datetime_operator.py
[2025-08-09T18:37:27.781+0000] {processor.py:830} INFO - Processing file /home/airflow/.local/lib/python3.12/site-packages/airflow/example_dags/example_branch_datetime_operator.py for tasks to queue
[2025-08-09T18:37:27.792+0000] {logging_mixin.py:188} INFO - [2025-08-09T18:37:27.791+0000] {dagbag.py:540} INFO - Filling up the DagBag from /home/airflow/.local/lib/python3.12/site-packages/airflow/example_dags/example_branch_datetime_operator.py
[2025-08-09T18:37:27.834+0000] {processor.py:840} INFO - DAG(s) 'example_branch_datetime_operator', 'example_branch_datetime_operator_2', 'example_branch_datetime_operator_3' retrieved from /home/airflow/.local/lib/python3.12/site-packages/airflow/example_dags/example_branch_datetime_operator.py
[2025-08-09T18:37:27.970+0000] {logging_mixin.py:188} INFO - [2025-08-09T18:37:27.967+0000] {dag.py:3096} INFO - Sync 3 DAGs
[2025-08-09T18:37:28.115+0000] {logging_mixin.py:188} INFO - [2025-08-09T18:37:28.114+0000] {dag.py:3954} INFO - Setting next_dagrun for example_branch_datetime_operator to 2025-08-08 00:00:00+00:00, run_after=2025-08-09 00:00:00+00:00
[2025-08-09T18:37:28.144+0000] {logging_mixin.py:188} INFO - [2025-08-09T18:37:28.143+0000] {dag.py:3954} INFO - Setting next_dagrun for example_branch_datetime_operator_2 to 2025-08-08 00:00:00+00:00, run_after=2025-08-09 00:00:00+00:00
[2025-08-09T18:37:28.168+0000] {logging_mixin.py:188} INFO - [2025-08-09T18:37:28.167+0000] {dag.py:3954} INFO - Setting next_dagrun for example_branch_datetime_operator_3 to 2025-08-08 00:00:00+00:00, run_after=2025-08-09 00:00:00+00:00
[2025-08-09T18:37:28.268+0000] {processor.py:183} INFO - Processing /home/airflow/.local/lib/python3.12/site-packages/airflow/example_dags/example_branch_datetime_operator.py took 0.507 seconds
[2025-08-09T18:37:59.108+0000] {processor.py:161} INFO - Started process (PID=1314) to work on /home/airflow/.local/lib/python3.12/site-packages/airflow/example_dags/example_branch_datetime_operator.py
[2025-08-09T18:37:59.109+0000] {processor.py:830} INFO - Processing file /home/airflow/.local/lib/python3.12/site-packages/airflow/example_dags/example_branch_datetime_operator.py for tasks to queue
[2025-08-09T18:37:59.112+0000] {logging_mixin.py:188} INFO - [2025-08-09T18:37:59.111+0000] {dagbag.py:540} INFO - Filling up the DagBag from /home/airflow/.local/lib/python3.12/site-packages/airflow/example_dags/example_branch_datetime_operator.py
[2025-08-09T18:37:59.125+0000] {processor.py:840} INFO - DAG(s) 'example_branch_datetime_operator_2', 'example_branch_datetime_operator', 'example_branch_datetime_operator_3' retrieved from /home/airflow/.local/lib/python3.12/site-packages/airflow/example_dags/example_branch_datetime_operator.py
[2025-08-09T18:37:59.162+0000] {logging_mixin.py:188} INFO - [2025-08-09T18:37:59.162+0000] {dag.py:3096} INFO - Sync 3 DAGs
[2025-08-09T18:37:59.195+0000] {logging_mixin.py:188} INFO - [2025-08-09T18:37:59.195+0000] {dag.py:3954} INFO - Setting next_dagrun for example_branch_datetime_operator to 2025-08-08 00:00:00+00:00, run_after=2025-08-09 00:00:00+00:00
[2025-08-09T18:37:59.202+0000] {logging_mixin.py:188} INFO - [2025-08-09T18:37:59.201+0000] {dag.py:3954} INFO - Setting next_dagrun for example_branch_datetime_operator_2 to 2025-08-08 00:00:00+00:00, run_after=2025-08-09 00:00:00+00:00
[2025-08-09T18:37:59.205+0000] {logging_mixin.py:188} INFO - [2025-08-09T18:37:59.205+0000] {dag.py:3954} INFO - Setting next_dagrun for example_branch_datetime_operator_3 to 2025-08-08 00:00:00+00:00, run_after=2025-08-09 00:00:00+00:00
[2025-08-09T18:37:59.227+0000] {processor.py:183} INFO - Processing /home/airflow/.local/lib/python3.12/site-packages/airflow/example_dags/example_branch_datetime_operator.py took 0.128 seconds
[2025-08-09T18:38:29.543+0000] {processor.py:161} INFO - Started process (PID=1373) to work on /home/airflow/.local/lib/python3.12/site-packages/airflow/example_dags/example_branch_datetime_operator.py
[2025-08-09T18:38:29.545+0000] {processor.py:830} INFO - Processing file /home/airflow/.local/lib/python3.12/site-packages/airflow/example_dags/example_branch_datetime_operator.py for tasks to queue
[2025-08-09T18:38:29.547+0000] {logging_mixin.py:188} INFO - [2025-08-09T18:38:29.547+0000] {dagbag.py:540} INFO - Filling up the DagBag from /home/airflow/.local/lib/python3.12/site-packages/airflow/example_dags/example_branch_datetime_operator.py
[2025-08-09T18:38:29.561+0000] {processor.py:840} INFO - DAG(s) 'example_branch_datetime_operator_2', 'example_branch_datetime_operator_3', 'example_branch_datetime_operator' retrieved from /home/airflow/.local/lib/python3.12/site-packages/airflow/example_dags/example_branch_datetime_operator.py
[2025-08-09T18:38:29.597+0000] {logging_mixin.py:188} INFO - [2025-08-09T18:38:29.597+0000] {dag.py:3096} INFO - Sync 3 DAGs
[2025-08-09T18:38:29.629+0000] {logging_mixin.py:188} INFO - [2025-08-09T18:38:29.628+0000] {dag.py:3954} INFO - Setting next_dagrun for example_branch_datetime_operator to 2025-08-08 00:00:00+00:00, run_after=2025-08-09 00:00:00+00:00
[2025-08-09T18:38:29.637+0000] {logging_mixin.py:188} INFO - [2025-08-09T18:38:29.636+0000] {dag.py:3954} INFO - Setting next_dagrun for example_branch_datetime_operator_2 to 2025-08-08 00:00:00+00:00, run_after=2025-08-09 00:00:00+00:00
[2025-08-09T18:38:29.640+0000] {logging_mixin.py:188} INFO - [2025-08-09T18:38:29.640+0000] {dag.py:3954} INFO - Setting next_dagrun for example_branch_datetime_operator_3 to 2025-08-08 00:00:00+00:00, run_after=2025-08-09 00:00:00+00:00
[2025-08-09T18:38:29.669+0000] {processor.py:183} INFO - Processing /home/airflow/.local/lib/python3.12/site-packages/airflow/example_dags/example_branch_datetime_operator.py took 0.133 seconds
[2025-08-09T18:39:00.536+0000] {processor.py:161} INFO - Started process (PID=1432) to work on /home/airflow/.local/lib/python3.12/site-packages/airflow/example_dags/example_branch_datetime_operator.py
[2025-08-09T18:39:00.538+0000] {processor.py:830} INFO - Processing file /home/airflow/.local/lib/python3.12/site-packages/airflow/example_dags/example_branch_datetime_operator.py for tasks to queue
[2025-08-09T18:39:00.543+0000] {logging_mixin.py:188} INFO - [2025-08-09T18:39:00.542+0000] {dagbag.py:540} INFO - Filling up the DagBag from /home/airflow/.local/lib/python3.12/site-packages/airflow/example_dags/example_branch_datetime_operator.py
[2025-08-09T18:39:00.568+0000] {processor.py:840} INFO - DAG(s) 'example_branch_datetime_operator_3', 'example_branch_datetime_operator', 'example_branch_datetime_operator_2' retrieved from /home/airflow/.local/lib/python3.12/site-packages/airflow/example_dags/example_branch_datetime_operator.py
[2025-08-09T18:39:00.628+0000] {logging_mixin.py:188} INFO - [2025-08-09T18:39:00.628+0000] {dag.py:3096} INFO - Sync 3 DAGs
[2025-08-09T18:39:00.679+0000] {logging_mixin.py:188} INFO - [2025-08-09T18:39:00.679+0000] {dag.py:3954} INFO - Setting next_dagrun for example_branch_datetime_operator to 2025-08-08 00:00:00+00:00, run_after=2025-08-09 00:00:00+00:00
[2025-08-09T18:39:00.688+0000] {logging_mixin.py:188} INFO - [2025-08-09T18:39:00.687+0000] {dag.py:3954} INFO - Setting next_dagrun for example_branch_datetime_operator_2 to 2025-08-08 00:00:00+00:00, run_after=2025-08-09 00:00:00+00:00
[2025-08-09T18:39:00.692+0000] {logging_mixin.py:188} INFO - [2025-08-09T18:39:00.692+0000] {dag.py:3954} INFO - Setting next_dagrun for example_branch_datetime_operator_3 to 2025-08-08 00:00:00+00:00, run_after=2025-08-09 00:00:00+00:00
[2025-08-09T18:39:00.765+0000] {processor.py:183} INFO - Processing /home/airflow/.local/lib/python3.12/site-packages/airflow/example_dags/example_branch_datetime_operator.py took 0.238 seconds
[2025-08-09T18:39:31.034+0000] {processor.py:161} INFO - Started process (PID=1491) to work on /home/airflow/.local/lib/python3.12/site-packages/airflow/example_dags/example_branch_datetime_operator.py
[2025-08-09T18:39:31.036+0000] {processor.py:830} INFO - Processing file /home/airflow/.local/lib/python3.12/site-packages/airflow/example_dags/example_branch_datetime_operator.py for tasks to queue
[2025-08-09T18:39:31.039+0000] {logging_mixin.py:188} INFO - [2025-08-09T18:39:31.038+0000] {dagbag.py:540} INFO - Filling up the DagBag from /home/airflow/.local/lib/python3.12/site-packages/airflow/example_dags/example_branch_datetime_operator.py
[2025-08-09T18:39:31.069+0000] {processor.py:840} INFO - DAG(s) 'example_branch_datetime_operator_3', 'example_branch_datetime_operator', 'example_branch_datetime_operator_2' retrieved from /home/airflow/.local/lib/python3.12/site-packages/airflow/example_dags/example_branch_datetime_operator.py
[2025-08-09T18:39:31.146+0000] {logging_mixin.py:188} INFO - [2025-08-09T18:39:31.145+0000] {dag.py:3096} INFO - Sync 3 DAGs
[2025-08-09T18:39:31.187+0000] {logging_mixin.py:188} INFO - [2025-08-09T18:39:31.187+0000] {dag.py:3954} INFO - Setting next_dagrun for example_branch_datetime_operator to 2025-08-08 00:00:00+00:00, run_after=2025-08-09 00:00:00+00:00
[2025-08-09T18:39:31.196+0000] {logging_mixin.py:188} INFO - [2025-08-09T18:39:31.196+0000] {dag.py:3954} INFO - Setting next_dagrun for example_branch_datetime_operator_2 to 2025-08-08 00:00:00+00:00, run_after=2025-08-09 00:00:00+00:00
[2025-08-09T18:39:31.201+0000] {logging_mixin.py:188} INFO - [2025-08-09T18:39:31.200+0000] {dag.py:3954} INFO - Setting next_dagrun for example_branch_datetime_operator_3 to 2025-08-08 00:00:00+00:00, run_after=2025-08-09 00:00:00+00:00
[2025-08-09T18:39:31.245+0000] {processor.py:183} INFO - Processing /home/airflow/.local/lib/python3.12/site-packages/airflow/example_dags/example_branch_datetime_operator.py took 0.225 seconds
[2025-08-09T18:40:01.889+0000] {processor.py:161} INFO - Started process (PID=1550) to work on /home/airflow/.local/lib/python3.12/site-packages/airflow/example_dags/example_branch_datetime_operator.py
[2025-08-09T18:40:01.890+0000] {processor.py:830} INFO - Processing file /home/airflow/.local/lib/python3.12/site-packages/airflow/example_dags/example_branch_datetime_operator.py for tasks to queue
[2025-08-09T18:40:01.892+0000] {logging_mixin.py:188} INFO - [2025-08-09T18:40:01.892+0000] {dagbag.py:540} INFO - Filling up the DagBag from /home/airflow/.local/lib/python3.12/site-packages/airflow/example_dags/example_branch_datetime_operator.py
[2025-08-09T18:40:01.906+0000] {processor.py:840} INFO - DAG(s) 'example_branch_datetime_operator_3', 'example_branch_datetime_operator_2', 'example_branch_datetime_operator' retrieved from /home/airflow/.local/lib/python3.12/site-packages/airflow/example_dags/example_branch_datetime_operator.py
[2025-08-09T18:40:01.945+0000] {logging_mixin.py:188} INFO - [2025-08-09T18:40:01.944+0000] {dag.py:3096} INFO - Sync 3 DAGs
[2025-08-09T18:40:01.973+0000] {logging_mixin.py:188} INFO - [2025-08-09T18:40:01.973+0000] {dag.py:3954} INFO - Setting next_dagrun for example_branch_datetime_operator to 2025-08-08 00:00:00+00:00, run_after=2025-08-09 00:00:00+00:00
[2025-08-09T18:40:01.979+0000] {logging_mixin.py:188} INFO - [2025-08-09T18:40:01.979+0000] {dag.py:3954} INFO - Setting next_dagrun for example_branch_datetime_operator_2 to 2025-08-08 00:00:00+00:00, run_after=2025-08-09 00:00:00+00:00
[2025-08-09T18:40:01.982+0000] {logging_mixin.py:188} INFO - [2025-08-09T18:40:01.982+0000] {dag.py:3954} INFO - Setting next_dagrun for example_branch_datetime_operator_3 to 2025-08-08 00:00:00+00:00, run_after=2025-08-09 00:00:00+00:00
[2025-08-09T18:40:02.014+0000] {processor.py:183} INFO - Processing /home/airflow/.local/lib/python3.12/site-packages/airflow/example_dags/example_branch_datetime_operator.py took 0.133 seconds
[2025-08-09T18:40:32.483+0000] {processor.py:161} INFO - Started process (PID=1609) to work on /home/airflow/.local/lib/python3.12/site-packages/airflow/example_dags/example_branch_datetime_operator.py
[2025-08-09T18:40:32.486+0000] {processor.py:830} INFO - Processing file /home/airflow/.local/lib/python3.12/site-packages/airflow/example_dags/example_branch_datetime_operator.py for tasks to queue
[2025-08-09T18:40:32.491+0000] {logging_mixin.py:188} INFO - [2025-08-09T18:40:32.490+0000] {dagbag.py:540} INFO - Filling up the DagBag from /home/airflow/.local/lib/python3.12/site-packages/airflow/example_dags/example_branch_datetime_operator.py
[2025-08-09T18:40:32.519+0000] {processor.py:840} INFO - DAG(s) 'example_branch_datetime_operator_3', 'example_branch_datetime_operator', 'example_branch_datetime_operator_2' retrieved from /home/airflow/.local/lib/python3.12/site-packages/airflow/example_dags/example_branch_datetime_operator.py
[2025-08-09T18:40:32.668+0000] {logging_mixin.py:188} INFO - [2025-08-09T18:40:32.667+0000] {dag.py:3096} INFO - Sync 3 DAGs
[2025-08-09T18:40:32.761+0000] {logging_mixin.py:188} INFO - [2025-08-09T18:40:32.761+0000] {dag.py:3954} INFO - Setting next_dagrun for example_branch_datetime_operator to 2025-08-08 00:00:00+00:00, run_after=2025-08-09 00:00:00+00:00
[2025-08-09T18:40:32.776+0000] {logging_mixin.py:188} INFO - [2025-08-09T18:40:32.775+0000] {dag.py:3954} INFO - Setting next_dagrun for example_branch_datetime_operator_2 to 2025-08-08 00:00:00+00:00, run_after=2025-08-09 00:00:00+00:00
[2025-08-09T18:40:32.785+0000] {logging_mixin.py:188} INFO - [2025-08-09T18:40:32.785+0000] {dag.py:3954} INFO - Setting next_dagrun for example_branch_datetime_operator_3 to 2025-08-08 00:00:00+00:00, run_after=2025-08-09 00:00:00+00:00
[2025-08-09T18:40:32.847+0000] {processor.py:183} INFO - Processing /home/airflow/.local/lib/python3.12/site-packages/airflow/example_dags/example_branch_datetime_operator.py took 0.381 seconds
[2025-08-09T18:41:03.343+0000] {processor.py:161} INFO - Started process (PID=1668) to work on /home/airflow/.local/lib/python3.12/site-packages/airflow/example_dags/example_branch_datetime_operator.py
[2025-08-09T18:41:03.345+0000] {processor.py:830} INFO - Processing file /home/airflow/.local/lib/python3.12/site-packages/airflow/example_dags/example_branch_datetime_operator.py for tasks to queue
[2025-08-09T18:41:03.349+0000] {logging_mixin.py:188} INFO - [2025-08-09T18:41:03.348+0000] {dagbag.py:540} INFO - Filling up the DagBag from /home/airflow/.local/lib/python3.12/site-packages/airflow/example_dags/example_branch_datetime_operator.py
[2025-08-09T18:41:03.376+0000] {processor.py:840} INFO - DAG(s) 'example_branch_datetime_operator', 'example_branch_datetime_operator_3', 'example_branch_datetime_operator_2' retrieved from /home/airflow/.local/lib/python3.12/site-packages/airflow/example_dags/example_branch_datetime_operator.py
[2025-08-09T18:41:03.446+0000] {logging_mixin.py:188} INFO - [2025-08-09T18:41:03.446+0000] {dag.py:3096} INFO - Sync 3 DAGs
[2025-08-09T18:41:03.509+0000] {logging_mixin.py:188} INFO - [2025-08-09T18:41:03.508+0000] {dag.py:3954} INFO - Setting next_dagrun for example_branch_datetime_operator to 2025-08-08 00:00:00+00:00, run_after=2025-08-09 00:00:00+00:00
[2025-08-09T18:41:03.519+0000] {logging_mixin.py:188} INFO - [2025-08-09T18:41:03.518+0000] {dag.py:3954} INFO - Setting next_dagrun for example_branch_datetime_operator_2 to 2025-08-08 00:00:00+00:00, run_after=2025-08-09 00:00:00+00:00
[2025-08-09T18:41:03.525+0000] {logging_mixin.py:188} INFO - [2025-08-09T18:41:03.524+0000] {dag.py:3954} INFO - Setting next_dagrun for example_branch_datetime_operator_3 to 2025-08-08 00:00:00+00:00, run_after=2025-08-09 00:00:00+00:00
[2025-08-09T18:41:03.557+0000] {processor.py:183} INFO - Processing /home/airflow/.local/lib/python3.12/site-packages/airflow/example_dags/example_branch_datetime_operator.py took 0.226 seconds
[2025-08-09T18:41:33.633+0000] {processor.py:161} INFO - Started process (PID=1728) to work on /home/airflow/.local/lib/python3.12/site-packages/airflow/example_dags/example_branch_datetime_operator.py
[2025-08-09T18:41:33.634+0000] {processor.py:830} INFO - Processing file /home/airflow/.local/lib/python3.12/site-packages/airflow/example_dags/example_branch_datetime_operator.py for tasks to queue
[2025-08-09T18:41:33.637+0000] {logging_mixin.py:188} INFO - [2025-08-09T18:41:33.636+0000] {dagbag.py:540} INFO - Filling up the DagBag from /home/airflow/.local/lib/python3.12/site-packages/airflow/example_dags/example_branch_datetime_operator.py
[2025-08-09T18:41:33.649+0000] {processor.py:840} INFO - DAG(s) 'example_branch_datetime_operator_2', 'example_branch_datetime_operator_3', 'example_branch_datetime_operator' retrieved from /home/airflow/.local/lib/python3.12/site-packages/airflow/example_dags/example_branch_datetime_operator.py
[2025-08-09T18:41:33.682+0000] {logging_mixin.py:188} INFO - [2025-08-09T18:41:33.681+0000] {dag.py:3096} INFO - Sync 3 DAGs
[2025-08-09T18:41:33.720+0000] {logging_mixin.py:188} INFO - [2025-08-09T18:41:33.720+0000] {dag.py:3954} INFO - Setting next_dagrun for example_branch_datetime_operator to 2025-08-08 00:00:00+00:00, run_after=2025-08-09 00:00:00+00:00
[2025-08-09T18:41:33.726+0000] {logging_mixin.py:188} INFO - [2025-08-09T18:41:33.726+0000] {dag.py:3954} INFO - Setting next_dagrun for example_branch_datetime_operator_2 to 2025-08-08 00:00:00+00:00, run_after=2025-08-09 00:00:00+00:00
[2025-08-09T18:41:33.730+0000] {logging_mixin.py:188} INFO - [2025-08-09T18:41:33.730+0000] {dag.py:3954} INFO - Setting next_dagrun for example_branch_datetime_operator_3 to 2025-08-08 00:00:00+00:00, run_after=2025-08-09 00:00:00+00:00
[2025-08-09T18:41:33.770+0000] {processor.py:183} INFO - Processing /home/airflow/.local/lib/python3.12/site-packages/airflow/example_dags/example_branch_datetime_operator.py took 0.143 seconds
[2025-08-09T18:42:03.853+0000] {processor.py:161} INFO - Started process (PID=1787) to work on /home/airflow/.local/lib/python3.12/site-packages/airflow/example_dags/example_branch_datetime_operator.py
[2025-08-09T18:42:03.855+0000] {processor.py:830} INFO - Processing file /home/airflow/.local/lib/python3.12/site-packages/airflow/example_dags/example_branch_datetime_operator.py for tasks to queue
[2025-08-09T18:42:03.858+0000] {logging_mixin.py:188} INFO - [2025-08-09T18:42:03.857+0000] {dagbag.py:540} INFO - Filling up the DagBag from /home/airflow/.local/lib/python3.12/site-packages/airflow/example_dags/example_branch_datetime_operator.py
[2025-08-09T18:42:03.872+0000] {processor.py:840} INFO - DAG(s) 'example_branch_datetime_operator_3', 'example_branch_datetime_operator', 'example_branch_datetime_operator_2' retrieved from /home/airflow/.local/lib/python3.12/site-packages/airflow/example_dags/example_branch_datetime_operator.py
[2025-08-09T18:42:03.908+0000] {logging_mixin.py:188} INFO - [2025-08-09T18:42:03.908+0000] {dag.py:3096} INFO - Sync 3 DAGs
[2025-08-09T18:42:03.937+0000] {logging_mixin.py:188} INFO - [2025-08-09T18:42:03.937+0000] {dag.py:3954} INFO - Setting next_dagrun for example_branch_datetime_operator to 2025-08-08 00:00:00+00:00, run_after=2025-08-09 00:00:00+00:00
[2025-08-09T18:42:03.944+0000] {logging_mixin.py:188} INFO - [2025-08-09T18:42:03.944+0000] {dag.py:3954} INFO - Setting next_dagrun for example_branch_datetime_operator_2 to 2025-08-08 00:00:00+00:00, run_after=2025-08-09 00:00:00+00:00
[2025-08-09T18:42:03.948+0000] {logging_mixin.py:188} INFO - [2025-08-09T18:42:03.948+0000] {dag.py:3954} INFO - Setting next_dagrun for example_branch_datetime_operator_3 to 2025-08-08 00:00:00+00:00, run_after=2025-08-09 00:00:00+00:00
[2025-08-09T18:42:03.981+0000] {processor.py:183} INFO - Processing /home/airflow/.local/lib/python3.12/site-packages/airflow/example_dags/example_branch_datetime_operator.py took 0.134 seconds
[2025-08-09T18:42:34.469+0000] {processor.py:161} INFO - Started process (PID=1846) to work on /home/airflow/.local/lib/python3.12/site-packages/airflow/example_dags/example_branch_datetime_operator.py
[2025-08-09T18:42:34.473+0000] {processor.py:830} INFO - Processing file /home/airflow/.local/lib/python3.12/site-packages/airflow/example_dags/example_branch_datetime_operator.py for tasks to queue
[2025-08-09T18:42:34.481+0000] {logging_mixin.py:188} INFO - [2025-08-09T18:42:34.480+0000] {dagbag.py:540} INFO - Filling up the DagBag from /home/airflow/.local/lib/python3.12/site-packages/airflow/example_dags/example_branch_datetime_operator.py
[2025-08-09T18:42:34.506+0000] {processor.py:840} INFO - DAG(s) 'example_branch_datetime_operator_2', 'example_branch_datetime_operator_3', 'example_branch_datetime_operator' retrieved from /home/airflow/.local/lib/python3.12/site-packages/airflow/example_dags/example_branch_datetime_operator.py
[2025-08-09T18:42:34.546+0000] {logging_mixin.py:188} INFO - [2025-08-09T18:42:34.546+0000] {dag.py:3096} INFO - Sync 3 DAGs
[2025-08-09T18:42:34.574+0000] {logging_mixin.py:188} INFO - [2025-08-09T18:42:34.574+0000] {dag.py:3954} INFO - Setting next_dagrun for example_branch_datetime_operator to 2025-08-08 00:00:00+00:00, run_after=2025-08-09 00:00:00+00:00
[2025-08-09T18:42:34.581+0000] {logging_mixin.py:188} INFO - [2025-08-09T18:42:34.581+0000] {dag.py:3954} INFO - Setting next_dagrun for example_branch_datetime_operator_2 to 2025-08-08 00:00:00+00:00, run_after=2025-08-09 00:00:00+00:00
[2025-08-09T18:42:34.584+0000] {logging_mixin.py:188} INFO - [2025-08-09T18:42:34.584+0000] {dag.py:3954} INFO - Setting next_dagrun for example_branch_datetime_operator_3 to 2025-08-08 00:00:00+00:00, run_after=2025-08-09 00:00:00+00:00
[2025-08-09T18:42:34.616+0000] {processor.py:183} INFO - Processing /home/airflow/.local/lib/python3.12/site-packages/airflow/example_dags/example_branch_datetime_operator.py took 0.173 seconds
[2025-08-09T18:43:04.841+0000] {processor.py:161} INFO - Started process (PID=1905) to work on /home/airflow/.local/lib/python3.12/site-packages/airflow/example_dags/example_branch_datetime_operator.py
[2025-08-09T18:43:04.842+0000] {processor.py:830} INFO - Processing file /home/airflow/.local/lib/python3.12/site-packages/airflow/example_dags/example_branch_datetime_operator.py for tasks to queue
[2025-08-09T18:43:04.845+0000] {logging_mixin.py:188} INFO - [2025-08-09T18:43:04.845+0000] {dagbag.py:540} INFO - Filling up the DagBag from /home/airflow/.local/lib/python3.12/site-packages/airflow/example_dags/example_branch_datetime_operator.py
[2025-08-09T18:43:04.866+0000] {processor.py:840} INFO - DAG(s) 'example_branch_datetime_operator', 'example_branch_datetime_operator_2', 'example_branch_datetime_operator_3' retrieved from /home/airflow/.local/lib/python3.12/site-packages/airflow/example_dags/example_branch_datetime_operator.py
[2025-08-09T18:43:04.909+0000] {logging_mixin.py:188} INFO - [2025-08-09T18:43:04.909+0000] {dag.py:3096} INFO - Sync 3 DAGs
[2025-08-09T18:43:04.952+0000] {logging_mixin.py:188} INFO - [2025-08-09T18:43:04.952+0000] {dag.py:3954} INFO - Setting next_dagrun for example_branch_datetime_operator to 2025-08-08 00:00:00+00:00, run_after=2025-08-09 00:00:00+00:00
[2025-08-09T18:43:04.962+0000] {logging_mixin.py:188} INFO - [2025-08-09T18:43:04.962+0000] {dag.py:3954} INFO - Setting next_dagrun for example_branch_datetime_operator_2 to 2025-08-08 00:00:00+00:00, run_after=2025-08-09 00:00:00+00:00
[2025-08-09T18:43:04.966+0000] {logging_mixin.py:188} INFO - [2025-08-09T18:43:04.966+0000] {dag.py:3954} INFO - Setting next_dagrun for example_branch_datetime_operator_3 to 2025-08-08 00:00:00+00:00, run_after=2025-08-09 00:00:00+00:00
[2025-08-09T18:43:04.998+0000] {processor.py:183} INFO - Processing /home/airflow/.local/lib/python3.12/site-packages/airflow/example_dags/example_branch_datetime_operator.py took 0.170 seconds
[2025-08-09T18:43:35.472+0000] {processor.py:161} INFO - Started process (PID=1964) to work on /home/airflow/.local/lib/python3.12/site-packages/airflow/example_dags/example_branch_datetime_operator.py
[2025-08-09T18:43:35.474+0000] {processor.py:830} INFO - Processing file /home/airflow/.local/lib/python3.12/site-packages/airflow/example_dags/example_branch_datetime_operator.py for tasks to queue
[2025-08-09T18:43:35.477+0000] {logging_mixin.py:188} INFO - [2025-08-09T18:43:35.477+0000] {dagbag.py:540} INFO - Filling up the DagBag from /home/airflow/.local/lib/python3.12/site-packages/airflow/example_dags/example_branch_datetime_operator.py
[2025-08-09T18:43:35.498+0000] {processor.py:840} INFO - DAG(s) 'example_branch_datetime_operator_2', 'example_branch_datetime_operator', 'example_branch_datetime_operator_3' retrieved from /home/airflow/.local/lib/python3.12/site-packages/airflow/example_dags/example_branch_datetime_operator.py
[2025-08-09T18:43:35.549+0000] {logging_mixin.py:188} INFO - [2025-08-09T18:43:35.549+0000] {dag.py:3096} INFO - Sync 3 DAGs
[2025-08-09T18:43:35.586+0000] {logging_mixin.py:188} INFO - [2025-08-09T18:43:35.585+0000] {dag.py:3954} INFO - Setting next_dagrun for example_branch_datetime_operator to 2025-08-08 00:00:00+00:00, run_after=2025-08-09 00:00:00+00:00
[2025-08-09T18:43:35.592+0000] {logging_mixin.py:188} INFO - [2025-08-09T18:43:35.592+0000] {dag.py:3954} INFO - Setting next_dagrun for example_branch_datetime_operator_2 to 2025-08-08 00:00:00+00:00, run_after=2025-08-09 00:00:00+00:00
[2025-08-09T18:43:35.596+0000] {logging_mixin.py:188} INFO - [2025-08-09T18:43:35.596+0000] {dag.py:3954} INFO - Setting next_dagrun for example_branch_datetime_operator_3 to 2025-08-08 00:00:00+00:00, run_after=2025-08-09 00:00:00+00:00
[2025-08-09T18:43:35.620+0000] {processor.py:183} INFO - Processing /home/airflow/.local/lib/python3.12/site-packages/airflow/example_dags/example_branch_datetime_operator.py took 0.160 seconds
[2025-08-09T18:44:06.035+0000] {processor.py:161} INFO - Started process (PID=2023) to work on /home/airflow/.local/lib/python3.12/site-packages/airflow/example_dags/example_branch_datetime_operator.py
[2025-08-09T18:44:06.036+0000] {processor.py:830} INFO - Processing file /home/airflow/.local/lib/python3.12/site-packages/airflow/example_dags/example_branch_datetime_operator.py for tasks to queue
[2025-08-09T18:44:06.038+0000] {logging_mixin.py:188} INFO - [2025-08-09T18:44:06.038+0000] {dagbag.py:540} INFO - Filling up the DagBag from /home/airflow/.local/lib/python3.12/site-packages/airflow/example_dags/example_branch_datetime_operator.py
[2025-08-09T18:44:06.054+0000] {processor.py:840} INFO - DAG(s) 'example_branch_datetime_operator', 'example_branch_datetime_operator_3', 'example_branch_datetime_operator_2' retrieved from /home/airflow/.local/lib/python3.12/site-packages/airflow/example_dags/example_branch_datetime_operator.py
[2025-08-09T18:44:06.101+0000] {logging_mixin.py:188} INFO - [2025-08-09T18:44:06.101+0000] {dag.py:3096} INFO - Sync 3 DAGs
[2025-08-09T18:44:06.151+0000] {logging_mixin.py:188} INFO - [2025-08-09T18:44:06.151+0000] {dag.py:3954} INFO - Setting next_dagrun for example_branch_datetime_operator to 2025-08-08 00:00:00+00:00, run_after=2025-08-09 00:00:00+00:00
[2025-08-09T18:44:06.162+0000] {logging_mixin.py:188} INFO - [2025-08-09T18:44:06.161+0000] {dag.py:3954} INFO - Setting next_dagrun for example_branch_datetime_operator_2 to 2025-08-08 00:00:00+00:00, run_after=2025-08-09 00:00:00+00:00
[2025-08-09T18:44:06.170+0000] {logging_mixin.py:188} INFO - [2025-08-09T18:44:06.169+0000] {dag.py:3954} INFO - Setting next_dagrun for example_branch_datetime_operator_3 to 2025-08-08 00:00:00+00:00, run_after=2025-08-09 00:00:00+00:00
[2025-08-09T18:44:06.204+0000] {processor.py:183} INFO - Processing /home/airflow/.local/lib/python3.12/site-packages/airflow/example_dags/example_branch_datetime_operator.py took 0.179 seconds
[2025-08-09T18:44:36.551+0000] {processor.py:161} INFO - Started process (PID=2082) to work on /home/airflow/.local/lib/python3.12/site-packages/airflow/example_dags/example_branch_datetime_operator.py
[2025-08-09T18:44:36.553+0000] {processor.py:830} INFO - Processing file /home/airflow/.local/lib/python3.12/site-packages/airflow/example_dags/example_branch_datetime_operator.py for tasks to queue
[2025-08-09T18:44:36.556+0000] {logging_mixin.py:188} INFO - [2025-08-09T18:44:36.555+0000] {dagbag.py:540} INFO - Filling up the DagBag from /home/airflow/.local/lib/python3.12/site-packages/airflow/example_dags/example_branch_datetime_operator.py
[2025-08-09T18:44:36.569+0000] {processor.py:840} INFO - DAG(s) 'example_branch_datetime_operator', 'example_branch_datetime_operator_3', 'example_branch_datetime_operator_2' retrieved from /home/airflow/.local/lib/python3.12/site-packages/airflow/example_dags/example_branch_datetime_operator.py
[2025-08-09T18:44:36.623+0000] {logging_mixin.py:188} INFO - [2025-08-09T18:44:36.622+0000] {dag.py:3096} INFO - Sync 3 DAGs
[2025-08-09T18:44:36.663+0000] {logging_mixin.py:188} INFO - [2025-08-09T18:44:36.663+0000] {dag.py:3954} INFO - Setting next_dagrun for example_branch_datetime_operator to 2025-08-08 00:00:00+00:00, run_after=2025-08-09 00:00:00+00:00
[2025-08-09T18:44:36.673+0000] {logging_mixin.py:188} INFO - [2025-08-09T18:44:36.672+0000] {dag.py:3954} INFO - Setting next_dagrun for example_branch_datetime_operator_2 to 2025-08-08 00:00:00+00:00, run_after=2025-08-09 00:00:00+00:00
[2025-08-09T18:44:36.678+0000] {logging_mixin.py:188} INFO - [2025-08-09T18:44:36.677+0000] {dag.py:3954} INFO - Setting next_dagrun for example_branch_datetime_operator_3 to 2025-08-08 00:00:00+00:00, run_after=2025-08-09 00:00:00+00:00
[2025-08-09T18:44:36.717+0000] {processor.py:183} INFO - Processing /home/airflow/.local/lib/python3.12/site-packages/airflow/example_dags/example_branch_datetime_operator.py took 0.172 seconds
[2025-08-09T18:45:06.946+0000] {processor.py:161} INFO - Started process (PID=2141) to work on /home/airflow/.local/lib/python3.12/site-packages/airflow/example_dags/example_branch_datetime_operator.py
[2025-08-09T18:45:06.948+0000] {processor.py:830} INFO - Processing file /home/airflow/.local/lib/python3.12/site-packages/airflow/example_dags/example_branch_datetime_operator.py for tasks to queue
[2025-08-09T18:45:06.952+0000] {logging_mixin.py:188} INFO - [2025-08-09T18:45:06.952+0000] {dagbag.py:540} INFO - Filling up the DagBag from /home/airflow/.local/lib/python3.12/site-packages/airflow/example_dags/example_branch_datetime_operator.py
[2025-08-09T18:45:06.972+0000] {processor.py:840} INFO - DAG(s) 'example_branch_datetime_operator_3', 'example_branch_datetime_operator_2', 'example_branch_datetime_operator' retrieved from /home/airflow/.local/lib/python3.12/site-packages/airflow/example_dags/example_branch_datetime_operator.py
[2025-08-09T18:45:07.021+0000] {logging_mixin.py:188} INFO - [2025-08-09T18:45:07.021+0000] {dag.py:3096} INFO - Sync 3 DAGs
[2025-08-09T18:45:07.087+0000] {logging_mixin.py:188} INFO - [2025-08-09T18:45:07.086+0000] {dag.py:3954} INFO - Setting next_dagrun for example_branch_datetime_operator to 2025-08-08 00:00:00+00:00, run_after=2025-08-09 00:00:00+00:00
[2025-08-09T18:45:07.104+0000] {logging_mixin.py:188} INFO - [2025-08-09T18:45:07.104+0000] {dag.py:3954} INFO - Setting next_dagrun for example_branch_datetime_operator_2 to 2025-08-08 00:00:00+00:00, run_after=2025-08-09 00:00:00+00:00
[2025-08-09T18:45:07.112+0000] {logging_mixin.py:188} INFO - [2025-08-09T18:45:07.112+0000] {dag.py:3954} INFO - Setting next_dagrun for example_branch_datetime_operator_3 to 2025-08-08 00:00:00+00:00, run_after=2025-08-09 00:00:00+00:00
[2025-08-09T18:45:07.143+0000] {processor.py:183} INFO - Processing /home/airflow/.local/lib/python3.12/site-packages/airflow/example_dags/example_branch_datetime_operator.py took 0.213 seconds
