[2025-08-09T18:21:50.243+0000] {processor.py:161} INFO - Started process (PID=81) to work on /home/airflow/.local/lib/python3.12/site-packages/airflow/example_dags/example_dag_decorator.py
[2025-08-09T18:21:50.245+0000] {processor.py:830} INFO - Processing file /home/airflow/.local/lib/python3.12/site-packages/airflow/example_dags/example_dag_decorator.py for tasks to queue
[2025-08-09T18:21:50.253+0000] {logging_mixin.py:188} INFO - [2025-08-09T18:21:50.250+0000] {dagbag.py:540} INFO - Filling up the DagBag from /home/airflow/.local/lib/python3.12/site-packages/airflow/example_dags/example_dag_decorator.py
[2025-08-09T18:21:51.227+0000] {processor.py:840} INFO - DAG(s) 'example_dag_decorator' retrieved from /home/airflow/.local/lib/python3.12/site-packages/airflow/example_dags/example_dag_decorator.py
[2025-08-09T18:21:51.994+0000] {logging_mixin.py:188} INFO - [2025-08-09T18:21:51.994+0000] {dag.py:3096} INFO - Sync 1 DAGs
[2025-08-09T18:21:52.055+0000] {logging_mixin.py:188} INFO - [2025-08-09T18:21:52.054+0000] {dag.py:3954} INFO - Setting next_dagrun for example_dag_decorator to None, run_after=None
[2025-08-09T18:21:52.158+0000] {processor.py:183} INFO - Processing /home/airflow/.local/lib/python3.12/site-packages/airflow/example_dags/example_dag_decorator.py took 1.937 seconds
[2025-08-09T18:22:22.550+0000] {processor.py:161} INFO - Started process (PID=140) to work on /home/airflow/.local/lib/python3.12/site-packages/airflow/example_dags/example_dag_decorator.py
[2025-08-09T18:22:22.553+0000] {processor.py:830} INFO - Processing file /home/airflow/.local/lib/python3.12/site-packages/airflow/example_dags/example_dag_decorator.py for tasks to queue
[2025-08-09T18:22:22.556+0000] {logging_mixin.py:188} INFO - [2025-08-09T18:22:22.555+0000] {dagbag.py:540} INFO - Filling up the DagBag from /home/airflow/.local/lib/python3.12/site-packages/airflow/example_dags/example_dag_decorator.py
[2025-08-09T18:22:22.849+0000] {processor.py:840} INFO - DAG(s) 'example_dag_decorator' retrieved from /home/airflow/.local/lib/python3.12/site-packages/airflow/example_dags/example_dag_decorator.py
[2025-08-09T18:22:23.010+0000] {logging_mixin.py:188} INFO - [2025-08-09T18:22:23.009+0000] {dag.py:3096} INFO - Sync 1 DAGs
[2025-08-09T18:22:23.023+0000] {logging_mixin.py:188} INFO - [2025-08-09T18:22:23.022+0000] {dag.py:3954} INFO - Setting next_dagrun for example_dag_decorator to None, run_after=None
[2025-08-09T18:22:23.052+0000] {processor.py:183} INFO - Processing /home/airflow/.local/lib/python3.12/site-packages/airflow/example_dags/example_dag_decorator.py took 0.512 seconds
[2025-08-09T18:22:53.101+0000] {processor.py:161} INFO - Started process (PID=201) to work on /home/airflow/.local/lib/python3.12/site-packages/airflow/example_dags/example_dag_decorator.py
[2025-08-09T18:22:53.102+0000] {processor.py:830} INFO - Processing file /home/airflow/.local/lib/python3.12/site-packages/airflow/example_dags/example_dag_decorator.py for tasks to queue
[2025-08-09T18:22:53.105+0000] {logging_mixin.py:188} INFO - [2025-08-09T18:22:53.105+0000] {dagbag.py:540} INFO - Filling up the DagBag from /home/airflow/.local/lib/python3.12/site-packages/airflow/example_dags/example_dag_decorator.py
[2025-08-09T18:22:53.244+0000] {processor.py:840} INFO - DAG(s) 'example_dag_decorator' retrieved from /home/airflow/.local/lib/python3.12/site-packages/airflow/example_dags/example_dag_decorator.py
[2025-08-09T18:22:53.414+0000] {logging_mixin.py:188} INFO - [2025-08-09T18:22:53.414+0000] {dag.py:3096} INFO - Sync 1 DAGs
[2025-08-09T18:22:53.435+0000] {logging_mixin.py:188} INFO - [2025-08-09T18:22:53.434+0000] {dag.py:3954} INFO - Setting next_dagrun for example_dag_decorator to None, run_after=None
[2025-08-09T18:22:53.618+0000] {processor.py:183} INFO - Processing /home/airflow/.local/lib/python3.12/site-packages/airflow/example_dags/example_dag_decorator.py took 0.524 seconds
[2025-08-09T18:23:24.468+0000] {processor.py:161} INFO - Started process (PID=260) to work on /home/airflow/.local/lib/python3.12/site-packages/airflow/example_dags/example_dag_decorator.py
[2025-08-09T18:23:24.470+0000] {processor.py:830} INFO - Processing file /home/airflow/.local/lib/python3.12/site-packages/airflow/example_dags/example_dag_decorator.py for tasks to queue
[2025-08-09T18:23:24.472+0000] {logging_mixin.py:188} INFO - [2025-08-09T18:23:24.472+0000] {dagbag.py:540} INFO - Filling up the DagBag from /home/airflow/.local/lib/python3.12/site-packages/airflow/example_dags/example_dag_decorator.py
[2025-08-09T18:23:24.690+0000] {processor.py:840} INFO - DAG(s) 'example_dag_decorator' retrieved from /home/airflow/.local/lib/python3.12/site-packages/airflow/example_dags/example_dag_decorator.py
[2025-08-09T18:23:24.878+0000] {logging_mixin.py:188} INFO - [2025-08-09T18:23:24.878+0000] {dag.py:3096} INFO - Sync 1 DAGs
[2025-08-09T18:23:24.892+0000] {logging_mixin.py:188} INFO - [2025-08-09T18:23:24.891+0000] {dag.py:3954} INFO - Setting next_dagrun for example_dag_decorator to None, run_after=None
[2025-08-09T18:23:24.921+0000] {processor.py:183} INFO - Processing /home/airflow/.local/lib/python3.12/site-packages/airflow/example_dags/example_dag_decorator.py took 0.461 seconds
[2025-08-09T18:23:54.983+0000] {processor.py:161} INFO - Started process (PID=320) to work on /home/airflow/.local/lib/python3.12/site-packages/airflow/example_dags/example_dag_decorator.py
[2025-08-09T18:23:54.984+0000] {processor.py:830} INFO - Processing file /home/airflow/.local/lib/python3.12/site-packages/airflow/example_dags/example_dag_decorator.py for tasks to queue
[2025-08-09T18:23:54.987+0000] {logging_mixin.py:188} INFO - [2025-08-09T18:23:54.987+0000] {dagbag.py:540} INFO - Filling up the DagBag from /home/airflow/.local/lib/python3.12/site-packages/airflow/example_dags/example_dag_decorator.py
[2025-08-09T18:23:55.196+0000] {processor.py:840} INFO - DAG(s) 'example_dag_decorator' retrieved from /home/airflow/.local/lib/python3.12/site-packages/airflow/example_dags/example_dag_decorator.py
[2025-08-09T18:23:55.698+0000] {logging_mixin.py:188} INFO - [2025-08-09T18:23:55.697+0000] {dag.py:3096} INFO - Sync 1 DAGs
[2025-08-09T18:23:55.710+0000] {logging_mixin.py:188} INFO - [2025-08-09T18:23:55.710+0000] {dag.py:3954} INFO - Setting next_dagrun for example_dag_decorator to None, run_after=None
[2025-08-09T18:23:55.737+0000] {processor.py:183} INFO - Processing /home/airflow/.local/lib/python3.12/site-packages/airflow/example_dags/example_dag_decorator.py took 0.762 seconds
[2025-08-09T18:24:26.561+0000] {processor.py:161} INFO - Started process (PID=379) to work on /home/airflow/.local/lib/python3.12/site-packages/airflow/example_dags/example_dag_decorator.py
[2025-08-09T18:24:26.562+0000] {processor.py:830} INFO - Processing file /home/airflow/.local/lib/python3.12/site-packages/airflow/example_dags/example_dag_decorator.py for tasks to queue
[2025-08-09T18:24:26.566+0000] {logging_mixin.py:188} INFO - [2025-08-09T18:24:26.565+0000] {dagbag.py:540} INFO - Filling up the DagBag from /home/airflow/.local/lib/python3.12/site-packages/airflow/example_dags/example_dag_decorator.py
[2025-08-09T18:24:26.735+0000] {processor.py:840} INFO - DAG(s) 'example_dag_decorator' retrieved from /home/airflow/.local/lib/python3.12/site-packages/airflow/example_dags/example_dag_decorator.py
[2025-08-09T18:24:27.179+0000] {logging_mixin.py:188} INFO - [2025-08-09T18:24:27.178+0000] {dag.py:3096} INFO - Sync 1 DAGs
[2025-08-09T18:24:27.195+0000] {logging_mixin.py:188} INFO - [2025-08-09T18:24:27.194+0000] {dag.py:3954} INFO - Setting next_dagrun for example_dag_decorator to None, run_after=None
[2025-08-09T18:24:27.235+0000] {processor.py:183} INFO - Processing /home/airflow/.local/lib/python3.12/site-packages/airflow/example_dags/example_dag_decorator.py took 0.690 seconds
[2025-08-09T18:24:58.031+0000] {processor.py:161} INFO - Started process (PID=440) to work on /home/airflow/.local/lib/python3.12/site-packages/airflow/example_dags/example_dag_decorator.py
[2025-08-09T18:24:58.033+0000] {processor.py:830} INFO - Processing file /home/airflow/.local/lib/python3.12/site-packages/airflow/example_dags/example_dag_decorator.py for tasks to queue
[2025-08-09T18:24:58.038+0000] {logging_mixin.py:188} INFO - [2025-08-09T18:24:58.037+0000] {dagbag.py:540} INFO - Filling up the DagBag from /home/airflow/.local/lib/python3.12/site-packages/airflow/example_dags/example_dag_decorator.py
[2025-08-09T18:24:58.213+0000] {processor.py:840} INFO - DAG(s) 'example_dag_decorator' retrieved from /home/airflow/.local/lib/python3.12/site-packages/airflow/example_dags/example_dag_decorator.py
[2025-08-09T18:24:58.241+0000] {logging_mixin.py:188} INFO - [2025-08-09T18:24:58.241+0000] {dag.py:3096} INFO - Sync 1 DAGs
[2025-08-09T18:24:58.257+0000] {logging_mixin.py:188} INFO - [2025-08-09T18:24:58.257+0000] {dag.py:3954} INFO - Setting next_dagrun for example_dag_decorator to None, run_after=None
[2025-08-09T18:24:58.302+0000] {processor.py:183} INFO - Processing /home/airflow/.local/lib/python3.12/site-packages/airflow/example_dags/example_dag_decorator.py took 0.284 seconds
[2025-08-09T18:25:28.407+0000] {processor.py:161} INFO - Started process (PID=499) to work on /home/airflow/.local/lib/python3.12/site-packages/airflow/example_dags/example_dag_decorator.py
[2025-08-09T18:25:28.419+0000] {processor.py:830} INFO - Processing file /home/airflow/.local/lib/python3.12/site-packages/airflow/example_dags/example_dag_decorator.py for tasks to queue
[2025-08-09T18:25:28.421+0000] {logging_mixin.py:188} INFO - [2025-08-09T18:25:28.421+0000] {dagbag.py:540} INFO - Filling up the DagBag from /home/airflow/.local/lib/python3.12/site-packages/airflow/example_dags/example_dag_decorator.py
[2025-08-09T18:25:28.668+0000] {processor.py:840} INFO - DAG(s) 'example_dag_decorator' retrieved from /home/airflow/.local/lib/python3.12/site-packages/airflow/example_dags/example_dag_decorator.py
[2025-08-09T18:25:29.023+0000] {logging_mixin.py:188} INFO - [2025-08-09T18:25:29.023+0000] {dag.py:3096} INFO - Sync 1 DAGs
[2025-08-09T18:25:29.035+0000] {logging_mixin.py:188} INFO - [2025-08-09T18:25:29.034+0000] {dag.py:3954} INFO - Setting next_dagrun for example_dag_decorator to None, run_after=None
[2025-08-09T18:25:29.066+0000] {processor.py:183} INFO - Processing /home/airflow/.local/lib/python3.12/site-packages/airflow/example_dags/example_dag_decorator.py took 0.668 seconds
[2025-08-09T18:27:19.332+0000] {processor.py:161} INFO - Started process (PID=82) to work on /home/airflow/.local/lib/python3.12/site-packages/airflow/example_dags/example_dag_decorator.py
[2025-08-09T18:27:19.335+0000] {processor.py:830} INFO - Processing file /home/airflow/.local/lib/python3.12/site-packages/airflow/example_dags/example_dag_decorator.py for tasks to queue
[2025-08-09T18:27:19.339+0000] {logging_mixin.py:188} INFO - [2025-08-09T18:27:19.339+0000] {dagbag.py:540} INFO - Filling up the DagBag from /home/airflow/.local/lib/python3.12/site-packages/airflow/example_dags/example_dag_decorator.py
[2025-08-09T18:27:20.677+0000] {processor.py:840} INFO - DAG(s) 'example_dag_decorator' retrieved from /home/airflow/.local/lib/python3.12/site-packages/airflow/example_dags/example_dag_decorator.py
[2025-08-09T18:27:21.431+0000] {logging_mixin.py:188} INFO - [2025-08-09T18:27:21.430+0000] {dag.py:3096} INFO - Sync 1 DAGs
[2025-08-09T18:27:21.495+0000] {logging_mixin.py:188} INFO - [2025-08-09T18:27:21.495+0000] {dag.py:3954} INFO - Setting next_dagrun for example_dag_decorator to None, run_after=None
[2025-08-09T18:27:21.570+0000] {processor.py:183} INFO - Processing /home/airflow/.local/lib/python3.12/site-packages/airflow/example_dags/example_dag_decorator.py took 2.254 seconds
[2025-08-09T18:27:51.997+0000] {processor.py:161} INFO - Started process (PID=141) to work on /home/airflow/.local/lib/python3.12/site-packages/airflow/example_dags/example_dag_decorator.py
[2025-08-09T18:27:52.003+0000] {processor.py:830} INFO - Processing file /home/airflow/.local/lib/python3.12/site-packages/airflow/example_dags/example_dag_decorator.py for tasks to queue
[2025-08-09T18:27:52.013+0000] {logging_mixin.py:188} INFO - [2025-08-09T18:27:52.012+0000] {dagbag.py:540} INFO - Filling up the DagBag from /home/airflow/.local/lib/python3.12/site-packages/airflow/example_dags/example_dag_decorator.py
[2025-08-09T18:27:52.418+0000] {processor.py:840} INFO - DAG(s) 'example_dag_decorator' retrieved from /home/airflow/.local/lib/python3.12/site-packages/airflow/example_dags/example_dag_decorator.py
[2025-08-09T18:27:52.833+0000] {logging_mixin.py:188} INFO - [2025-08-09T18:27:52.832+0000] {dag.py:3096} INFO - Sync 1 DAGs
[2025-08-09T18:27:52.857+0000] {logging_mixin.py:188} INFO - [2025-08-09T18:27:52.857+0000] {dag.py:3954} INFO - Setting next_dagrun for example_dag_decorator to None, run_after=None
[2025-08-09T18:27:52.932+0000] {processor.py:183} INFO - Processing /home/airflow/.local/lib/python3.12/site-packages/airflow/example_dags/example_dag_decorator.py took 0.960 seconds
[2025-08-09T18:28:23.593+0000] {processor.py:161} INFO - Started process (PID=201) to work on /home/airflow/.local/lib/python3.12/site-packages/airflow/example_dags/example_dag_decorator.py
[2025-08-09T18:28:23.596+0000] {processor.py:830} INFO - Processing file /home/airflow/.local/lib/python3.12/site-packages/airflow/example_dags/example_dag_decorator.py for tasks to queue
[2025-08-09T18:28:23.600+0000] {logging_mixin.py:188} INFO - [2025-08-09T18:28:23.599+0000] {dagbag.py:540} INFO - Filling up the DagBag from /home/airflow/.local/lib/python3.12/site-packages/airflow/example_dags/example_dag_decorator.py
[2025-08-09T18:28:23.824+0000] {processor.py:840} INFO - DAG(s) 'example_dag_decorator' retrieved from /home/airflow/.local/lib/python3.12/site-packages/airflow/example_dags/example_dag_decorator.py
[2025-08-09T18:28:23.977+0000] {logging_mixin.py:188} INFO - [2025-08-09T18:28:23.977+0000] {dag.py:3096} INFO - Sync 1 DAGs
[2025-08-09T18:28:24.004+0000] {logging_mixin.py:188} INFO - [2025-08-09T18:28:24.004+0000] {dag.py:3954} INFO - Setting next_dagrun for example_dag_decorator to None, run_after=None
[2025-08-09T18:28:24.251+0000] {processor.py:183} INFO - Processing /home/airflow/.local/lib/python3.12/site-packages/airflow/example_dags/example_dag_decorator.py took 0.666 seconds
[2025-08-09T18:28:54.432+0000] {processor.py:161} INFO - Started process (PID=261) to work on /home/airflow/.local/lib/python3.12/site-packages/airflow/example_dags/example_dag_decorator.py
[2025-08-09T18:28:54.435+0000] {processor.py:830} INFO - Processing file /home/airflow/.local/lib/python3.12/site-packages/airflow/example_dags/example_dag_decorator.py for tasks to queue
[2025-08-09T18:28:54.439+0000] {logging_mixin.py:188} INFO - [2025-08-09T18:28:54.438+0000] {dagbag.py:540} INFO - Filling up the DagBag from /home/airflow/.local/lib/python3.12/site-packages/airflow/example_dags/example_dag_decorator.py
[2025-08-09T18:28:54.728+0000] {processor.py:840} INFO - DAG(s) 'example_dag_decorator' retrieved from /home/airflow/.local/lib/python3.12/site-packages/airflow/example_dags/example_dag_decorator.py
[2025-08-09T18:28:54.940+0000] {logging_mixin.py:188} INFO - [2025-08-09T18:28:54.939+0000] {dag.py:3096} INFO - Sync 1 DAGs
[2025-08-09T18:28:54.958+0000] {logging_mixin.py:188} INFO - [2025-08-09T18:28:54.958+0000] {dag.py:3954} INFO - Setting next_dagrun for example_dag_decorator to None, run_after=None
[2025-08-09T18:28:55.274+0000] {processor.py:183} INFO - Processing /home/airflow/.local/lib/python3.12/site-packages/airflow/example_dags/example_dag_decorator.py took 0.855 seconds
[2025-08-09T18:29:26.154+0000] {processor.py:161} INFO - Started process (PID=322) to work on /home/airflow/.local/lib/python3.12/site-packages/airflow/example_dags/example_dag_decorator.py
[2025-08-09T18:29:26.157+0000] {processor.py:830} INFO - Processing file /home/airflow/.local/lib/python3.12/site-packages/airflow/example_dags/example_dag_decorator.py for tasks to queue
[2025-08-09T18:29:26.160+0000] {logging_mixin.py:188} INFO - [2025-08-09T18:29:26.160+0000] {dagbag.py:540} INFO - Filling up the DagBag from /home/airflow/.local/lib/python3.12/site-packages/airflow/example_dags/example_dag_decorator.py
[2025-08-09T18:29:26.400+0000] {processor.py:840} INFO - DAG(s) 'example_dag_decorator' retrieved from /home/airflow/.local/lib/python3.12/site-packages/airflow/example_dags/example_dag_decorator.py
[2025-08-09T18:29:27.598+0000] {logging_mixin.py:188} INFO - [2025-08-09T18:29:27.597+0000] {dag.py:3096} INFO - Sync 1 DAGs
[2025-08-09T18:29:27.630+0000] {logging_mixin.py:188} INFO - [2025-08-09T18:29:27.629+0000] {dag.py:3954} INFO - Setting next_dagrun for example_dag_decorator to None, run_after=None
[2025-08-09T18:29:27.672+0000] {processor.py:183} INFO - Processing /home/airflow/.local/lib/python3.12/site-packages/airflow/example_dags/example_dag_decorator.py took 1.532 seconds
[2025-08-09T18:29:57.738+0000] {processor.py:161} INFO - Started process (PID=383) to work on /home/airflow/.local/lib/python3.12/site-packages/airflow/example_dags/example_dag_decorator.py
[2025-08-09T18:29:57.739+0000] {processor.py:830} INFO - Processing file /home/airflow/.local/lib/python3.12/site-packages/airflow/example_dags/example_dag_decorator.py for tasks to queue
[2025-08-09T18:29:57.742+0000] {logging_mixin.py:188} INFO - [2025-08-09T18:29:57.741+0000] {dagbag.py:540} INFO - Filling up the DagBag from /home/airflow/.local/lib/python3.12/site-packages/airflow/example_dags/example_dag_decorator.py
[2025-08-09T18:29:57.903+0000] {processor.py:840} INFO - DAG(s) 'example_dag_decorator' retrieved from /home/airflow/.local/lib/python3.12/site-packages/airflow/example_dags/example_dag_decorator.py
[2025-08-09T18:29:58.245+0000] {logging_mixin.py:188} INFO - [2025-08-09T18:29:58.244+0000] {dag.py:3096} INFO - Sync 1 DAGs
[2025-08-09T18:29:58.258+0000] {logging_mixin.py:188} INFO - [2025-08-09T18:29:58.257+0000] {dag.py:3954} INFO - Setting next_dagrun for example_dag_decorator to None, run_after=None
[2025-08-09T18:29:58.294+0000] {processor.py:183} INFO - Processing /home/airflow/.local/lib/python3.12/site-packages/airflow/example_dags/example_dag_decorator.py took 0.565 seconds
[2025-08-09T18:30:28.883+0000] {processor.py:161} INFO - Started process (PID=443) to work on /home/airflow/.local/lib/python3.12/site-packages/airflow/example_dags/example_dag_decorator.py
[2025-08-09T18:30:28.885+0000] {processor.py:830} INFO - Processing file /home/airflow/.local/lib/python3.12/site-packages/airflow/example_dags/example_dag_decorator.py for tasks to queue
[2025-08-09T18:30:28.888+0000] {logging_mixin.py:188} INFO - [2025-08-09T18:30:28.888+0000] {dagbag.py:540} INFO - Filling up the DagBag from /home/airflow/.local/lib/python3.12/site-packages/airflow/example_dags/example_dag_decorator.py
[2025-08-09T18:30:29.045+0000] {processor.py:840} INFO - DAG(s) 'example_dag_decorator' retrieved from /home/airflow/.local/lib/python3.12/site-packages/airflow/example_dags/example_dag_decorator.py
[2025-08-09T18:30:29.483+0000] {logging_mixin.py:188} INFO - [2025-08-09T18:30:29.483+0000] {dag.py:3096} INFO - Sync 1 DAGs
[2025-08-09T18:30:29.499+0000] {logging_mixin.py:188} INFO - [2025-08-09T18:30:29.499+0000] {dag.py:3954} INFO - Setting next_dagrun for example_dag_decorator to None, run_after=None
[2025-08-09T18:30:29.521+0000] {processor.py:183} INFO - Processing /home/airflow/.local/lib/python3.12/site-packages/airflow/example_dags/example_dag_decorator.py took 0.648 seconds
[2025-08-09T18:30:59.651+0000] {processor.py:161} INFO - Started process (PID=505) to work on /home/airflow/.local/lib/python3.12/site-packages/airflow/example_dags/example_dag_decorator.py
[2025-08-09T18:30:59.653+0000] {processor.py:830} INFO - Processing file /home/airflow/.local/lib/python3.12/site-packages/airflow/example_dags/example_dag_decorator.py for tasks to queue
[2025-08-09T18:30:59.656+0000] {logging_mixin.py:188} INFO - [2025-08-09T18:30:59.656+0000] {dagbag.py:540} INFO - Filling up the DagBag from /home/airflow/.local/lib/python3.12/site-packages/airflow/example_dags/example_dag_decorator.py
[2025-08-09T18:30:59.820+0000] {processor.py:840} INFO - DAG(s) 'example_dag_decorator' retrieved from /home/airflow/.local/lib/python3.12/site-packages/airflow/example_dags/example_dag_decorator.py
[2025-08-09T18:31:00.175+0000] {logging_mixin.py:188} INFO - [2025-08-09T18:31:00.175+0000] {dag.py:3096} INFO - Sync 1 DAGs
[2025-08-09T18:31:00.189+0000] {logging_mixin.py:188} INFO - [2025-08-09T18:31:00.189+0000] {dag.py:3954} INFO - Setting next_dagrun for example_dag_decorator to None, run_after=None
[2025-08-09T18:31:00.216+0000] {processor.py:183} INFO - Processing /home/airflow/.local/lib/python3.12/site-packages/airflow/example_dags/example_dag_decorator.py took 0.575 seconds
[2025-08-09T18:31:30.735+0000] {processor.py:161} INFO - Started process (PID=564) to work on /home/airflow/.local/lib/python3.12/site-packages/airflow/example_dags/example_dag_decorator.py
[2025-08-09T18:31:30.736+0000] {processor.py:830} INFO - Processing file /home/airflow/.local/lib/python3.12/site-packages/airflow/example_dags/example_dag_decorator.py for tasks to queue
[2025-08-09T18:31:30.740+0000] {logging_mixin.py:188} INFO - [2025-08-09T18:31:30.740+0000] {dagbag.py:540} INFO - Filling up the DagBag from /home/airflow/.local/lib/python3.12/site-packages/airflow/example_dags/example_dag_decorator.py
[2025-08-09T18:31:30.872+0000] {processor.py:840} INFO - DAG(s) 'example_dag_decorator' retrieved from /home/airflow/.local/lib/python3.12/site-packages/airflow/example_dags/example_dag_decorator.py
[2025-08-09T18:31:31.070+0000] {logging_mixin.py:188} INFO - [2025-08-09T18:31:31.069+0000] {dag.py:3096} INFO - Sync 1 DAGs
[2025-08-09T18:31:31.083+0000] {logging_mixin.py:188} INFO - [2025-08-09T18:31:31.083+0000] {dag.py:3954} INFO - Setting next_dagrun for example_dag_decorator to None, run_after=None
[2025-08-09T18:31:31.116+0000] {processor.py:183} INFO - Processing /home/airflow/.local/lib/python3.12/site-packages/airflow/example_dags/example_dag_decorator.py took 0.394 seconds
[2025-08-09T18:32:01.421+0000] {processor.py:161} INFO - Started process (PID=623) to work on /home/airflow/.local/lib/python3.12/site-packages/airflow/example_dags/example_dag_decorator.py
[2025-08-09T18:32:01.422+0000] {processor.py:830} INFO - Processing file /home/airflow/.local/lib/python3.12/site-packages/airflow/example_dags/example_dag_decorator.py for tasks to queue
[2025-08-09T18:32:01.425+0000] {logging_mixin.py:188} INFO - [2025-08-09T18:32:01.424+0000] {dagbag.py:540} INFO - Filling up the DagBag from /home/airflow/.local/lib/python3.12/site-packages/airflow/example_dags/example_dag_decorator.py
[2025-08-09T18:32:01.563+0000] {processor.py:840} INFO - DAG(s) 'example_dag_decorator' retrieved from /home/airflow/.local/lib/python3.12/site-packages/airflow/example_dags/example_dag_decorator.py
[2025-08-09T18:32:01.915+0000] {logging_mixin.py:188} INFO - [2025-08-09T18:32:01.914+0000] {dag.py:3096} INFO - Sync 1 DAGs
[2025-08-09T18:32:01.927+0000] {logging_mixin.py:188} INFO - [2025-08-09T18:32:01.927+0000] {dag.py:3954} INFO - Setting next_dagrun for example_dag_decorator to None, run_after=None
[2025-08-09T18:32:01.977+0000] {processor.py:183} INFO - Processing /home/airflow/.local/lib/python3.12/site-packages/airflow/example_dags/example_dag_decorator.py took 0.564 seconds
[2025-08-09T18:32:32.114+0000] {processor.py:161} INFO - Started process (PID=686) to work on /home/airflow/.local/lib/python3.12/site-packages/airflow/example_dags/example_dag_decorator.py
[2025-08-09T18:32:32.116+0000] {processor.py:830} INFO - Processing file /home/airflow/.local/lib/python3.12/site-packages/airflow/example_dags/example_dag_decorator.py for tasks to queue
[2025-08-09T18:32:32.118+0000] {logging_mixin.py:188} INFO - [2025-08-09T18:32:32.117+0000] {dagbag.py:540} INFO - Filling up the DagBag from /home/airflow/.local/lib/python3.12/site-packages/airflow/example_dags/example_dag_decorator.py
[2025-08-09T18:32:32.268+0000] {processor.py:840} INFO - DAG(s) 'example_dag_decorator' retrieved from /home/airflow/.local/lib/python3.12/site-packages/airflow/example_dags/example_dag_decorator.py
[2025-08-09T18:32:32.631+0000] {logging_mixin.py:188} INFO - [2025-08-09T18:32:32.630+0000] {dag.py:3096} INFO - Sync 1 DAGs
[2025-08-09T18:32:32.658+0000] {logging_mixin.py:188} INFO - [2025-08-09T18:32:32.657+0000] {dag.py:3954} INFO - Setting next_dagrun for example_dag_decorator to None, run_after=None
[2025-08-09T18:32:32.706+0000] {processor.py:183} INFO - Processing /home/airflow/.local/lib/python3.12/site-packages/airflow/example_dags/example_dag_decorator.py took 0.600 seconds
[2025-08-09T18:33:03.349+0000] {processor.py:161} INFO - Started process (PID=746) to work on /home/airflow/.local/lib/python3.12/site-packages/airflow/example_dags/example_dag_decorator.py
[2025-08-09T18:33:03.351+0000] {processor.py:830} INFO - Processing file /home/airflow/.local/lib/python3.12/site-packages/airflow/example_dags/example_dag_decorator.py for tasks to queue
[2025-08-09T18:33:03.353+0000] {logging_mixin.py:188} INFO - [2025-08-09T18:33:03.353+0000] {dagbag.py:540} INFO - Filling up the DagBag from /home/airflow/.local/lib/python3.12/site-packages/airflow/example_dags/example_dag_decorator.py
[2025-08-09T18:33:03.468+0000] {processor.py:840} INFO - DAG(s) 'example_dag_decorator' retrieved from /home/airflow/.local/lib/python3.12/site-packages/airflow/example_dags/example_dag_decorator.py
[2025-08-09T18:33:03.744+0000] {logging_mixin.py:188} INFO - [2025-08-09T18:33:03.743+0000] {dag.py:3096} INFO - Sync 1 DAGs
[2025-08-09T18:33:03.756+0000] {logging_mixin.py:188} INFO - [2025-08-09T18:33:03.756+0000] {dag.py:3954} INFO - Setting next_dagrun for example_dag_decorator to None, run_after=None
[2025-08-09T18:33:03.779+0000] {processor.py:183} INFO - Processing /home/airflow/.local/lib/python3.12/site-packages/airflow/example_dags/example_dag_decorator.py took 0.436 seconds
[2025-08-09T18:33:34.085+0000] {processor.py:161} INFO - Started process (PID=805) to work on /home/airflow/.local/lib/python3.12/site-packages/airflow/example_dags/example_dag_decorator.py
[2025-08-09T18:33:34.088+0000] {processor.py:830} INFO - Processing file /home/airflow/.local/lib/python3.12/site-packages/airflow/example_dags/example_dag_decorator.py for tasks to queue
[2025-08-09T18:33:34.092+0000] {logging_mixin.py:188} INFO - [2025-08-09T18:33:34.091+0000] {dagbag.py:540} INFO - Filling up the DagBag from /home/airflow/.local/lib/python3.12/site-packages/airflow/example_dags/example_dag_decorator.py
[2025-08-09T18:33:34.259+0000] {processor.py:840} INFO - DAG(s) 'example_dag_decorator' retrieved from /home/airflow/.local/lib/python3.12/site-packages/airflow/example_dags/example_dag_decorator.py
[2025-08-09T18:33:34.643+0000] {logging_mixin.py:188} INFO - [2025-08-09T18:33:34.643+0000] {dag.py:3096} INFO - Sync 1 DAGs
[2025-08-09T18:33:34.656+0000] {logging_mixin.py:188} INFO - [2025-08-09T18:33:34.655+0000] {dag.py:3954} INFO - Setting next_dagrun for example_dag_decorator to None, run_after=None
[2025-08-09T18:33:34.701+0000] {processor.py:183} INFO - Processing /home/airflow/.local/lib/python3.12/site-packages/airflow/example_dags/example_dag_decorator.py took 0.624 seconds
[2025-08-09T18:34:05.520+0000] {processor.py:161} INFO - Started process (PID=874) to work on /home/airflow/.local/lib/python3.12/site-packages/airflow/example_dags/example_dag_decorator.py
[2025-08-09T18:34:05.522+0000] {processor.py:830} INFO - Processing file /home/airflow/.local/lib/python3.12/site-packages/airflow/example_dags/example_dag_decorator.py for tasks to queue
[2025-08-09T18:34:05.525+0000] {logging_mixin.py:188} INFO - [2025-08-09T18:34:05.524+0000] {dagbag.py:540} INFO - Filling up the DagBag from /home/airflow/.local/lib/python3.12/site-packages/airflow/example_dags/example_dag_decorator.py
[2025-08-09T18:34:05.986+0000] {processor.py:840} INFO - DAG(s) 'example_dag_decorator' retrieved from /home/airflow/.local/lib/python3.12/site-packages/airflow/example_dags/example_dag_decorator.py
[2025-08-09T18:34:06.187+0000] {logging_mixin.py:188} INFO - [2025-08-09T18:34:06.187+0000] {dag.py:3096} INFO - Sync 1 DAGs
[2025-08-09T18:34:06.210+0000] {logging_mixin.py:188} INFO - [2025-08-09T18:34:06.210+0000] {dag.py:3954} INFO - Setting next_dagrun for example_dag_decorator to None, run_after=None
[2025-08-09T18:34:06.248+0000] {processor.py:183} INFO - Processing /home/airflow/.local/lib/python3.12/site-packages/airflow/example_dags/example_dag_decorator.py took 0.737 seconds
[2025-08-09T18:34:36.825+0000] {processor.py:161} INFO - Started process (PID=933) to work on /home/airflow/.local/lib/python3.12/site-packages/airflow/example_dags/example_dag_decorator.py
[2025-08-09T18:34:36.826+0000] {processor.py:830} INFO - Processing file /home/airflow/.local/lib/python3.12/site-packages/airflow/example_dags/example_dag_decorator.py for tasks to queue
[2025-08-09T18:34:36.829+0000] {logging_mixin.py:188} INFO - [2025-08-09T18:34:36.828+0000] {dagbag.py:540} INFO - Filling up the DagBag from /home/airflow/.local/lib/python3.12/site-packages/airflow/example_dags/example_dag_decorator.py
[2025-08-09T18:34:37.214+0000] {processor.py:840} INFO - DAG(s) 'example_dag_decorator' retrieved from /home/airflow/.local/lib/python3.12/site-packages/airflow/example_dags/example_dag_decorator.py
[2025-08-09T18:34:37.367+0000] {logging_mixin.py:188} INFO - [2025-08-09T18:34:37.367+0000] {dag.py:3096} INFO - Sync 1 DAGs
[2025-08-09T18:34:37.382+0000] {logging_mixin.py:188} INFO - [2025-08-09T18:34:37.382+0000] {dag.py:3954} INFO - Setting next_dagrun for example_dag_decorator to None, run_after=None
[2025-08-09T18:34:37.407+0000] {processor.py:183} INFO - Processing /home/airflow/.local/lib/python3.12/site-packages/airflow/example_dags/example_dag_decorator.py took 0.593 seconds
[2025-08-09T18:35:07.673+0000] {processor.py:161} INFO - Started process (PID=992) to work on /home/airflow/.local/lib/python3.12/site-packages/airflow/example_dags/example_dag_decorator.py
[2025-08-09T18:35:07.679+0000] {processor.py:830} INFO - Processing file /home/airflow/.local/lib/python3.12/site-packages/airflow/example_dags/example_dag_decorator.py for tasks to queue
[2025-08-09T18:35:07.689+0000] {logging_mixin.py:188} INFO - [2025-08-09T18:35:07.688+0000] {dagbag.py:540} INFO - Filling up the DagBag from /home/airflow/.local/lib/python3.12/site-packages/airflow/example_dags/example_dag_decorator.py
[2025-08-09T18:35:08.317+0000] {processor.py:840} INFO - DAG(s) 'example_dag_decorator' retrieved from /home/airflow/.local/lib/python3.12/site-packages/airflow/example_dags/example_dag_decorator.py
[2025-08-09T18:35:08.641+0000] {logging_mixin.py:188} INFO - [2025-08-09T18:35:08.640+0000] {dag.py:3096} INFO - Sync 1 DAGs
[2025-08-09T18:35:08.704+0000] {logging_mixin.py:188} INFO - [2025-08-09T18:35:08.700+0000] {dag.py:3954} INFO - Setting next_dagrun for example_dag_decorator to None, run_after=None
[2025-08-09T18:35:08.846+0000] {processor.py:183} INFO - Processing /home/airflow/.local/lib/python3.12/site-packages/airflow/example_dags/example_dag_decorator.py took 1.201 seconds
[2025-08-09T18:35:39.047+0000] {processor.py:161} INFO - Started process (PID=1051) to work on /home/airflow/.local/lib/python3.12/site-packages/airflow/example_dags/example_dag_decorator.py
[2025-08-09T18:35:39.048+0000] {processor.py:830} INFO - Processing file /home/airflow/.local/lib/python3.12/site-packages/airflow/example_dags/example_dag_decorator.py for tasks to queue
[2025-08-09T18:35:39.051+0000] {logging_mixin.py:188} INFO - [2025-08-09T18:35:39.050+0000] {dagbag.py:540} INFO - Filling up the DagBag from /home/airflow/.local/lib/python3.12/site-packages/airflow/example_dags/example_dag_decorator.py
[2025-08-09T18:35:39.166+0000] {processor.py:840} INFO - DAG(s) 'example_dag_decorator' retrieved from /home/airflow/.local/lib/python3.12/site-packages/airflow/example_dags/example_dag_decorator.py
[2025-08-09T18:35:39.350+0000] {logging_mixin.py:188} INFO - [2025-08-09T18:35:39.349+0000] {dag.py:3096} INFO - Sync 1 DAGs
[2025-08-09T18:35:39.363+0000] {logging_mixin.py:188} INFO - [2025-08-09T18:35:39.362+0000] {dag.py:3954} INFO - Setting next_dagrun for example_dag_decorator to None, run_after=None
[2025-08-09T18:35:39.388+0000] {processor.py:183} INFO - Processing /home/airflow/.local/lib/python3.12/site-packages/airflow/example_dags/example_dag_decorator.py took 0.349 seconds
[2025-08-09T18:36:10.411+0000] {processor.py:161} INFO - Started process (PID=1110) to work on /home/airflow/.local/lib/python3.12/site-packages/airflow/example_dags/example_dag_decorator.py
[2025-08-09T18:36:10.413+0000] {processor.py:830} INFO - Processing file /home/airflow/.local/lib/python3.12/site-packages/airflow/example_dags/example_dag_decorator.py for tasks to queue
[2025-08-09T18:36:10.416+0000] {logging_mixin.py:188} INFO - [2025-08-09T18:36:10.416+0000] {dagbag.py:540} INFO - Filling up the DagBag from /home/airflow/.local/lib/python3.12/site-packages/airflow/example_dags/example_dag_decorator.py
[2025-08-09T18:36:10.589+0000] {processor.py:840} INFO - DAG(s) 'example_dag_decorator' retrieved from /home/airflow/.local/lib/python3.12/site-packages/airflow/example_dags/example_dag_decorator.py
[2025-08-09T18:36:10.740+0000] {logging_mixin.py:188} INFO - [2025-08-09T18:36:10.740+0000] {dag.py:3096} INFO - Sync 1 DAGs
[2025-08-09T18:36:10.757+0000] {logging_mixin.py:188} INFO - [2025-08-09T18:36:10.757+0000] {dag.py:3954} INFO - Setting next_dagrun for example_dag_decorator to None, run_after=None
[2025-08-09T18:36:10.799+0000] {processor.py:183} INFO - Processing /home/airflow/.local/lib/python3.12/site-packages/airflow/example_dags/example_dag_decorator.py took 0.399 seconds
[2025-08-09T18:36:41.159+0000] {processor.py:161} INFO - Started process (PID=1169) to work on /home/airflow/.local/lib/python3.12/site-packages/airflow/example_dags/example_dag_decorator.py
[2025-08-09T18:36:41.161+0000] {processor.py:830} INFO - Processing file /home/airflow/.local/lib/python3.12/site-packages/airflow/example_dags/example_dag_decorator.py for tasks to queue
[2025-08-09T18:36:41.163+0000] {logging_mixin.py:188} INFO - [2025-08-09T18:36:41.162+0000] {dagbag.py:540} INFO - Filling up the DagBag from /home/airflow/.local/lib/python3.12/site-packages/airflow/example_dags/example_dag_decorator.py
[2025-08-09T18:36:41.285+0000] {processor.py:840} INFO - DAG(s) 'example_dag_decorator' retrieved from /home/airflow/.local/lib/python3.12/site-packages/airflow/example_dags/example_dag_decorator.py
[2025-08-09T18:36:41.436+0000] {logging_mixin.py:188} INFO - [2025-08-09T18:36:41.436+0000] {dag.py:3096} INFO - Sync 1 DAGs
[2025-08-09T18:36:41.450+0000] {logging_mixin.py:188} INFO - [2025-08-09T18:36:41.450+0000] {dag.py:3954} INFO - Setting next_dagrun for example_dag_decorator to None, run_after=None
[2025-08-09T18:36:41.481+0000] {processor.py:183} INFO - Processing /home/airflow/.local/lib/python3.12/site-packages/airflow/example_dags/example_dag_decorator.py took 0.329 seconds
[2025-08-09T18:37:11.568+0000] {processor.py:161} INFO - Started process (PID=1228) to work on /home/airflow/.local/lib/python3.12/site-packages/airflow/example_dags/example_dag_decorator.py
[2025-08-09T18:37:11.569+0000] {processor.py:830} INFO - Processing file /home/airflow/.local/lib/python3.12/site-packages/airflow/example_dags/example_dag_decorator.py for tasks to queue
[2025-08-09T18:37:11.572+0000] {logging_mixin.py:188} INFO - [2025-08-09T18:37:11.571+0000] {dagbag.py:540} INFO - Filling up the DagBag from /home/airflow/.local/lib/python3.12/site-packages/airflow/example_dags/example_dag_decorator.py
[2025-08-09T18:37:11.715+0000] {processor.py:840} INFO - DAG(s) 'example_dag_decorator' retrieved from /home/airflow/.local/lib/python3.12/site-packages/airflow/example_dags/example_dag_decorator.py
[2025-08-09T18:37:11.864+0000] {logging_mixin.py:188} INFO - [2025-08-09T18:37:11.863+0000] {dag.py:3096} INFO - Sync 1 DAGs
[2025-08-09T18:37:11.888+0000] {logging_mixin.py:188} INFO - [2025-08-09T18:37:11.888+0000] {dag.py:3954} INFO - Setting next_dagrun for example_dag_decorator to None, run_after=None
[2025-08-09T18:37:11.928+0000] {processor.py:183} INFO - Processing /home/airflow/.local/lib/python3.12/site-packages/airflow/example_dags/example_dag_decorator.py took 0.368 seconds
[2025-08-09T18:37:42.146+0000] {processor.py:161} INFO - Started process (PID=1287) to work on /home/airflow/.local/lib/python3.12/site-packages/airflow/example_dags/example_dag_decorator.py
[2025-08-09T18:37:42.147+0000] {processor.py:830} INFO - Processing file /home/airflow/.local/lib/python3.12/site-packages/airflow/example_dags/example_dag_decorator.py for tasks to queue
[2025-08-09T18:37:42.149+0000] {logging_mixin.py:188} INFO - [2025-08-09T18:37:42.149+0000] {dagbag.py:540} INFO - Filling up the DagBag from /home/airflow/.local/lib/python3.12/site-packages/airflow/example_dags/example_dag_decorator.py
[2025-08-09T18:37:42.279+0000] {processor.py:840} INFO - DAG(s) 'example_dag_decorator' retrieved from /home/airflow/.local/lib/python3.12/site-packages/airflow/example_dags/example_dag_decorator.py
[2025-08-09T18:37:42.443+0000] {logging_mixin.py:188} INFO - [2025-08-09T18:37:42.443+0000] {dag.py:3096} INFO - Sync 1 DAGs
[2025-08-09T18:37:42.458+0000] {logging_mixin.py:188} INFO - [2025-08-09T18:37:42.457+0000] {dag.py:3954} INFO - Setting next_dagrun for example_dag_decorator to None, run_after=None
[2025-08-09T18:37:42.493+0000] {processor.py:183} INFO - Processing /home/airflow/.local/lib/python3.12/site-packages/airflow/example_dags/example_dag_decorator.py took 0.354 seconds
[2025-08-09T18:38:12.628+0000] {processor.py:161} INFO - Started process (PID=1346) to work on /home/airflow/.local/lib/python3.12/site-packages/airflow/example_dags/example_dag_decorator.py
[2025-08-09T18:38:12.629+0000] {processor.py:830} INFO - Processing file /home/airflow/.local/lib/python3.12/site-packages/airflow/example_dags/example_dag_decorator.py for tasks to queue
[2025-08-09T18:38:12.632+0000] {logging_mixin.py:188} INFO - [2025-08-09T18:38:12.632+0000] {dagbag.py:540} INFO - Filling up the DagBag from /home/airflow/.local/lib/python3.12/site-packages/airflow/example_dags/example_dag_decorator.py
[2025-08-09T18:38:12.780+0000] {processor.py:840} INFO - DAG(s) 'example_dag_decorator' retrieved from /home/airflow/.local/lib/python3.12/site-packages/airflow/example_dags/example_dag_decorator.py
[2025-08-09T18:38:12.982+0000] {logging_mixin.py:188} INFO - [2025-08-09T18:38:12.981+0000] {dag.py:3096} INFO - Sync 1 DAGs
[2025-08-09T18:38:12.995+0000] {logging_mixin.py:188} INFO - [2025-08-09T18:38:12.995+0000] {dag.py:3954} INFO - Setting next_dagrun for example_dag_decorator to None, run_after=None
[2025-08-09T18:38:13.035+0000] {processor.py:183} INFO - Processing /home/airflow/.local/lib/python3.12/site-packages/airflow/example_dags/example_dag_decorator.py took 0.415 seconds
[2025-08-09T18:38:43.177+0000] {processor.py:161} INFO - Started process (PID=1405) to work on /home/airflow/.local/lib/python3.12/site-packages/airflow/example_dags/example_dag_decorator.py
[2025-08-09T18:38:43.178+0000] {processor.py:830} INFO - Processing file /home/airflow/.local/lib/python3.12/site-packages/airflow/example_dags/example_dag_decorator.py for tasks to queue
[2025-08-09T18:38:43.180+0000] {logging_mixin.py:188} INFO - [2025-08-09T18:38:43.180+0000] {dagbag.py:540} INFO - Filling up the DagBag from /home/airflow/.local/lib/python3.12/site-packages/airflow/example_dags/example_dag_decorator.py
[2025-08-09T18:38:43.413+0000] {processor.py:840} INFO - DAG(s) 'example_dag_decorator' retrieved from /home/airflow/.local/lib/python3.12/site-packages/airflow/example_dags/example_dag_decorator.py
[2025-08-09T18:38:43.588+0000] {logging_mixin.py:188} INFO - [2025-08-09T18:38:43.588+0000] {dag.py:3096} INFO - Sync 1 DAGs
[2025-08-09T18:38:43.606+0000] {logging_mixin.py:188} INFO - [2025-08-09T18:38:43.605+0000] {dag.py:3954} INFO - Setting next_dagrun for example_dag_decorator to None, run_after=None
[2025-08-09T18:38:43.633+0000] {processor.py:183} INFO - Processing /home/airflow/.local/lib/python3.12/site-packages/airflow/example_dags/example_dag_decorator.py took 0.465 seconds
[2025-08-09T18:39:14.403+0000] {processor.py:161} INFO - Started process (PID=1464) to work on /home/airflow/.local/lib/python3.12/site-packages/airflow/example_dags/example_dag_decorator.py
[2025-08-09T18:39:14.405+0000] {processor.py:830} INFO - Processing file /home/airflow/.local/lib/python3.12/site-packages/airflow/example_dags/example_dag_decorator.py for tasks to queue
[2025-08-09T18:39:14.407+0000] {logging_mixin.py:188} INFO - [2025-08-09T18:39:14.407+0000] {dagbag.py:540} INFO - Filling up the DagBag from /home/airflow/.local/lib/python3.12/site-packages/airflow/example_dags/example_dag_decorator.py
[2025-08-09T18:39:14.590+0000] {processor.py:840} INFO - DAG(s) 'example_dag_decorator' retrieved from /home/airflow/.local/lib/python3.12/site-packages/airflow/example_dags/example_dag_decorator.py
[2025-08-09T18:39:14.784+0000] {logging_mixin.py:188} INFO - [2025-08-09T18:39:14.783+0000] {dag.py:3096} INFO - Sync 1 DAGs
[2025-08-09T18:39:14.806+0000] {logging_mixin.py:188} INFO - [2025-08-09T18:39:14.805+0000] {dag.py:3954} INFO - Setting next_dagrun for example_dag_decorator to None, run_after=None
[2025-08-09T18:39:14.847+0000] {processor.py:183} INFO - Processing /home/airflow/.local/lib/python3.12/site-packages/airflow/example_dags/example_dag_decorator.py took 0.452 seconds
[2025-08-09T18:39:45.029+0000] {processor.py:161} INFO - Started process (PID=1523) to work on /home/airflow/.local/lib/python3.12/site-packages/airflow/example_dags/example_dag_decorator.py
[2025-08-09T18:39:45.031+0000] {processor.py:830} INFO - Processing file /home/airflow/.local/lib/python3.12/site-packages/airflow/example_dags/example_dag_decorator.py for tasks to queue
[2025-08-09T18:39:45.035+0000] {logging_mixin.py:188} INFO - [2025-08-09T18:39:45.034+0000] {dagbag.py:540} INFO - Filling up the DagBag from /home/airflow/.local/lib/python3.12/site-packages/airflow/example_dags/example_dag_decorator.py
[2025-08-09T18:39:45.275+0000] {processor.py:840} INFO - DAG(s) 'example_dag_decorator' retrieved from /home/airflow/.local/lib/python3.12/site-packages/airflow/example_dags/example_dag_decorator.py
[2025-08-09T18:39:45.529+0000] {logging_mixin.py:188} INFO - [2025-08-09T18:39:45.529+0000] {dag.py:3096} INFO - Sync 1 DAGs
[2025-08-09T18:39:45.556+0000] {logging_mixin.py:188} INFO - [2025-08-09T18:39:45.555+0000] {dag.py:3954} INFO - Setting next_dagrun for example_dag_decorator to None, run_after=None
[2025-08-09T18:39:45.594+0000] {processor.py:183} INFO - Processing /home/airflow/.local/lib/python3.12/site-packages/airflow/example_dags/example_dag_decorator.py took 0.577 seconds
[2025-08-09T18:40:15.792+0000] {processor.py:161} INFO - Started process (PID=1582) to work on /home/airflow/.local/lib/python3.12/site-packages/airflow/example_dags/example_dag_decorator.py
[2025-08-09T18:40:15.793+0000] {processor.py:830} INFO - Processing file /home/airflow/.local/lib/python3.12/site-packages/airflow/example_dags/example_dag_decorator.py for tasks to queue
[2025-08-09T18:40:15.795+0000] {logging_mixin.py:188} INFO - [2025-08-09T18:40:15.795+0000] {dagbag.py:540} INFO - Filling up the DagBag from /home/airflow/.local/lib/python3.12/site-packages/airflow/example_dags/example_dag_decorator.py
[2025-08-09T18:40:16.000+0000] {processor.py:840} INFO - DAG(s) 'example_dag_decorator' retrieved from /home/airflow/.local/lib/python3.12/site-packages/airflow/example_dags/example_dag_decorator.py
[2025-08-09T18:40:16.209+0000] {logging_mixin.py:188} INFO - [2025-08-09T18:40:16.209+0000] {dag.py:3096} INFO - Sync 1 DAGs
[2025-08-09T18:40:16.223+0000] {logging_mixin.py:188} INFO - [2025-08-09T18:40:16.223+0000] {dag.py:3954} INFO - Setting next_dagrun for example_dag_decorator to None, run_after=None
[2025-08-09T18:40:16.263+0000] {processor.py:183} INFO - Processing /home/airflow/.local/lib/python3.12/site-packages/airflow/example_dags/example_dag_decorator.py took 0.479 seconds
[2025-08-09T18:40:46.410+0000] {processor.py:161} INFO - Started process (PID=1641) to work on /home/airflow/.local/lib/python3.12/site-packages/airflow/example_dags/example_dag_decorator.py
[2025-08-09T18:40:46.412+0000] {processor.py:830} INFO - Processing file /home/airflow/.local/lib/python3.12/site-packages/airflow/example_dags/example_dag_decorator.py for tasks to queue
[2025-08-09T18:40:46.414+0000] {logging_mixin.py:188} INFO - [2025-08-09T18:40:46.414+0000] {dagbag.py:540} INFO - Filling up the DagBag from /home/airflow/.local/lib/python3.12/site-packages/airflow/example_dags/example_dag_decorator.py
[2025-08-09T18:40:46.616+0000] {processor.py:840} INFO - DAG(s) 'example_dag_decorator' retrieved from /home/airflow/.local/lib/python3.12/site-packages/airflow/example_dags/example_dag_decorator.py
[2025-08-09T18:40:46.899+0000] {logging_mixin.py:188} INFO - [2025-08-09T18:40:46.898+0000] {dag.py:3096} INFO - Sync 1 DAGs
[2025-08-09T18:40:46.917+0000] {logging_mixin.py:188} INFO - [2025-08-09T18:40:46.917+0000] {dag.py:3954} INFO - Setting next_dagrun for example_dag_decorator to None, run_after=None
[2025-08-09T18:40:46.953+0000] {processor.py:183} INFO - Processing /home/airflow/.local/lib/python3.12/site-packages/airflow/example_dags/example_dag_decorator.py took 0.551 seconds
[2025-08-09T18:41:17.299+0000] {processor.py:161} INFO - Started process (PID=1704) to work on /home/airflow/.local/lib/python3.12/site-packages/airflow/example_dags/example_dag_decorator.py
[2025-08-09T18:41:17.301+0000] {processor.py:830} INFO - Processing file /home/airflow/.local/lib/python3.12/site-packages/airflow/example_dags/example_dag_decorator.py for tasks to queue
[2025-08-09T18:41:17.303+0000] {logging_mixin.py:188} INFO - [2025-08-09T18:41:17.303+0000] {dagbag.py:540} INFO - Filling up the DagBag from /home/airflow/.local/lib/python3.12/site-packages/airflow/example_dags/example_dag_decorator.py
[2025-08-09T18:41:17.472+0000] {processor.py:840} INFO - DAG(s) 'example_dag_decorator' retrieved from /home/airflow/.local/lib/python3.12/site-packages/airflow/example_dags/example_dag_decorator.py
[2025-08-09T18:41:17.653+0000] {logging_mixin.py:188} INFO - [2025-08-09T18:41:17.653+0000] {dag.py:3096} INFO - Sync 1 DAGs
[2025-08-09T18:41:17.668+0000] {logging_mixin.py:188} INFO - [2025-08-09T18:41:17.667+0000] {dag.py:3954} INFO - Setting next_dagrun for example_dag_decorator to None, run_after=None
[2025-08-09T18:41:17.707+0000] {processor.py:183} INFO - Processing /home/airflow/.local/lib/python3.12/site-packages/airflow/example_dags/example_dag_decorator.py took 0.415 seconds
[2025-08-09T18:41:47.770+0000] {processor.py:161} INFO - Started process (PID=1763) to work on /home/airflow/.local/lib/python3.12/site-packages/airflow/example_dags/example_dag_decorator.py
[2025-08-09T18:41:47.771+0000] {processor.py:830} INFO - Processing file /home/airflow/.local/lib/python3.12/site-packages/airflow/example_dags/example_dag_decorator.py for tasks to queue
[2025-08-09T18:41:47.774+0000] {logging_mixin.py:188} INFO - [2025-08-09T18:41:47.773+0000] {dagbag.py:540} INFO - Filling up the DagBag from /home/airflow/.local/lib/python3.12/site-packages/airflow/example_dags/example_dag_decorator.py
[2025-08-09T18:41:47.975+0000] {processor.py:840} INFO - DAG(s) 'example_dag_decorator' retrieved from /home/airflow/.local/lib/python3.12/site-packages/airflow/example_dags/example_dag_decorator.py
[2025-08-09T18:41:48.221+0000] {logging_mixin.py:188} INFO - [2025-08-09T18:41:48.221+0000] {dag.py:3096} INFO - Sync 1 DAGs
[2025-08-09T18:41:48.247+0000] {logging_mixin.py:188} INFO - [2025-08-09T18:41:48.247+0000] {dag.py:3954} INFO - Setting next_dagrun for example_dag_decorator to None, run_after=None
[2025-08-09T18:41:48.289+0000] {processor.py:183} INFO - Processing /home/airflow/.local/lib/python3.12/site-packages/airflow/example_dags/example_dag_decorator.py took 0.527 seconds
[2025-08-09T18:42:18.459+0000] {processor.py:161} INFO - Started process (PID=1819) to work on /home/airflow/.local/lib/python3.12/site-packages/airflow/example_dags/example_dag_decorator.py
[2025-08-09T18:42:18.460+0000] {processor.py:830} INFO - Processing file /home/airflow/.local/lib/python3.12/site-packages/airflow/example_dags/example_dag_decorator.py for tasks to queue
[2025-08-09T18:42:18.464+0000] {logging_mixin.py:188} INFO - [2025-08-09T18:42:18.463+0000] {dagbag.py:540} INFO - Filling up the DagBag from /home/airflow/.local/lib/python3.12/site-packages/airflow/example_dags/example_dag_decorator.py
[2025-08-09T18:42:18.689+0000] {processor.py:840} INFO - DAG(s) 'example_dag_decorator' retrieved from /home/airflow/.local/lib/python3.12/site-packages/airflow/example_dags/example_dag_decorator.py
[2025-08-09T18:42:18.988+0000] {logging_mixin.py:188} INFO - [2025-08-09T18:42:18.987+0000] {dag.py:3096} INFO - Sync 1 DAGs
[2025-08-09T18:42:19.011+0000] {logging_mixin.py:188} INFO - [2025-08-09T18:42:19.011+0000] {dag.py:3954} INFO - Setting next_dagrun for example_dag_decorator to None, run_after=None
[2025-08-09T18:42:19.041+0000] {processor.py:183} INFO - Processing /home/airflow/.local/lib/python3.12/site-packages/airflow/example_dags/example_dag_decorator.py took 0.595 seconds
[2025-08-09T18:42:49.174+0000] {processor.py:161} INFO - Started process (PID=1881) to work on /home/airflow/.local/lib/python3.12/site-packages/airflow/example_dags/example_dag_decorator.py
[2025-08-09T18:42:49.176+0000] {processor.py:830} INFO - Processing file /home/airflow/.local/lib/python3.12/site-packages/airflow/example_dags/example_dag_decorator.py for tasks to queue
[2025-08-09T18:42:49.179+0000] {logging_mixin.py:188} INFO - [2025-08-09T18:42:49.178+0000] {dagbag.py:540} INFO - Filling up the DagBag from /home/airflow/.local/lib/python3.12/site-packages/airflow/example_dags/example_dag_decorator.py
[2025-08-09T18:42:49.359+0000] {processor.py:840} INFO - DAG(s) 'example_dag_decorator' retrieved from /home/airflow/.local/lib/python3.12/site-packages/airflow/example_dags/example_dag_decorator.py
[2025-08-09T18:42:49.554+0000] {logging_mixin.py:188} INFO - [2025-08-09T18:42:49.554+0000] {dag.py:3096} INFO - Sync 1 DAGs
[2025-08-09T18:42:49.566+0000] {logging_mixin.py:188} INFO - [2025-08-09T18:42:49.566+0000] {dag.py:3954} INFO - Setting next_dagrun for example_dag_decorator to None, run_after=None
[2025-08-09T18:42:49.610+0000] {processor.py:183} INFO - Processing /home/airflow/.local/lib/python3.12/site-packages/airflow/example_dags/example_dag_decorator.py took 0.445 seconds
[2025-08-09T18:43:20.553+0000] {processor.py:161} INFO - Started process (PID=1940) to work on /home/airflow/.local/lib/python3.12/site-packages/airflow/example_dags/example_dag_decorator.py
[2025-08-09T18:43:20.554+0000] {processor.py:830} INFO - Processing file /home/airflow/.local/lib/python3.12/site-packages/airflow/example_dags/example_dag_decorator.py for tasks to queue
[2025-08-09T18:43:20.557+0000] {logging_mixin.py:188} INFO - [2025-08-09T18:43:20.556+0000] {dagbag.py:540} INFO - Filling up the DagBag from /home/airflow/.local/lib/python3.12/site-packages/airflow/example_dags/example_dag_decorator.py
[2025-08-09T18:43:20.760+0000] {processor.py:840} INFO - DAG(s) 'example_dag_decorator' retrieved from /home/airflow/.local/lib/python3.12/site-packages/airflow/example_dags/example_dag_decorator.py
[2025-08-09T18:43:20.972+0000] {logging_mixin.py:188} INFO - [2025-08-09T18:43:20.972+0000] {dag.py:3096} INFO - Sync 1 DAGs
[2025-08-09T18:43:20.989+0000] {logging_mixin.py:188} INFO - [2025-08-09T18:43:20.989+0000] {dag.py:3954} INFO - Setting next_dagrun for example_dag_decorator to None, run_after=None
[2025-08-09T18:43:21.017+0000] {processor.py:183} INFO - Processing /home/airflow/.local/lib/python3.12/site-packages/airflow/example_dags/example_dag_decorator.py took 0.472 seconds
[2025-08-09T18:43:51.162+0000] {processor.py:161} INFO - Started process (PID=1999) to work on /home/airflow/.local/lib/python3.12/site-packages/airflow/example_dags/example_dag_decorator.py
[2025-08-09T18:43:51.163+0000] {processor.py:830} INFO - Processing file /home/airflow/.local/lib/python3.12/site-packages/airflow/example_dags/example_dag_decorator.py for tasks to queue
[2025-08-09T18:43:51.166+0000] {logging_mixin.py:188} INFO - [2025-08-09T18:43:51.165+0000] {dagbag.py:540} INFO - Filling up the DagBag from /home/airflow/.local/lib/python3.12/site-packages/airflow/example_dags/example_dag_decorator.py
[2025-08-09T18:43:51.377+0000] {processor.py:840} INFO - DAG(s) 'example_dag_decorator' retrieved from /home/airflow/.local/lib/python3.12/site-packages/airflow/example_dags/example_dag_decorator.py
[2025-08-09T18:43:51.603+0000] {logging_mixin.py:188} INFO - [2025-08-09T18:43:51.602+0000] {dag.py:3096} INFO - Sync 1 DAGs
[2025-08-09T18:43:51.627+0000] {logging_mixin.py:188} INFO - [2025-08-09T18:43:51.626+0000] {dag.py:3954} INFO - Setting next_dagrun for example_dag_decorator to None, run_after=None
[2025-08-09T18:43:51.661+0000] {processor.py:183} INFO - Processing /home/airflow/.local/lib/python3.12/site-packages/airflow/example_dags/example_dag_decorator.py took 0.512 seconds
[2025-08-09T18:44:21.851+0000] {processor.py:161} INFO - Started process (PID=2059) to work on /home/airflow/.local/lib/python3.12/site-packages/airflow/example_dags/example_dag_decorator.py
[2025-08-09T18:44:21.854+0000] {processor.py:830} INFO - Processing file /home/airflow/.local/lib/python3.12/site-packages/airflow/example_dags/example_dag_decorator.py for tasks to queue
[2025-08-09T18:44:21.859+0000] {logging_mixin.py:188} INFO - [2025-08-09T18:44:21.858+0000] {dagbag.py:540} INFO - Filling up the DagBag from /home/airflow/.local/lib/python3.12/site-packages/airflow/example_dags/example_dag_decorator.py
[2025-08-09T18:44:22.202+0000] {processor.py:840} INFO - DAG(s) 'example_dag_decorator' retrieved from /home/airflow/.local/lib/python3.12/site-packages/airflow/example_dags/example_dag_decorator.py
[2025-08-09T18:44:22.453+0000] {logging_mixin.py:188} INFO - [2025-08-09T18:44:22.452+0000] {dag.py:3096} INFO - Sync 1 DAGs
[2025-08-09T18:44:22.474+0000] {logging_mixin.py:188} INFO - [2025-08-09T18:44:22.474+0000] {dag.py:3954} INFO - Setting next_dagrun for example_dag_decorator to None, run_after=None
[2025-08-09T18:44:22.515+0000] {processor.py:183} INFO - Processing /home/airflow/.local/lib/python3.12/site-packages/airflow/example_dags/example_dag_decorator.py took 0.678 seconds
[2025-08-09T18:44:53.110+0000] {processor.py:161} INFO - Started process (PID=2116) to work on /home/airflow/.local/lib/python3.12/site-packages/airflow/example_dags/example_dag_decorator.py
[2025-08-09T18:44:53.112+0000] {processor.py:830} INFO - Processing file /home/airflow/.local/lib/python3.12/site-packages/airflow/example_dags/example_dag_decorator.py for tasks to queue
[2025-08-09T18:44:53.114+0000] {logging_mixin.py:188} INFO - [2025-08-09T18:44:53.114+0000] {dagbag.py:540} INFO - Filling up the DagBag from /home/airflow/.local/lib/python3.12/site-packages/airflow/example_dags/example_dag_decorator.py
[2025-08-09T18:44:53.316+0000] {processor.py:840} INFO - DAG(s) 'example_dag_decorator' retrieved from /home/airflow/.local/lib/python3.12/site-packages/airflow/example_dags/example_dag_decorator.py
[2025-08-09T18:44:53.568+0000] {logging_mixin.py:188} INFO - [2025-08-09T18:44:53.568+0000] {dag.py:3096} INFO - Sync 1 DAGs
[2025-08-09T18:44:53.584+0000] {logging_mixin.py:188} INFO - [2025-08-09T18:44:53.584+0000] {dag.py:3954} INFO - Setting next_dagrun for example_dag_decorator to None, run_after=None
[2025-08-09T18:44:53.614+0000] {processor.py:183} INFO - Processing /home/airflow/.local/lib/python3.12/site-packages/airflow/example_dags/example_dag_decorator.py took 0.510 seconds
