[2025-08-09T18:22:04.720+0000] {processor.py:161} INFO - Started process (PID=112) to work on /home/airflow/.local/lib/python3.12/site-packages/airflow/example_dags/example_task_group_decorator.py
[2025-08-09T18:22:04.722+0000] {processor.py:830} INFO - Processing file /home/airflow/.local/lib/python3.12/site-packages/airflow/example_dags/example_task_group_decorator.py for tasks to queue
[2025-08-09T18:22:04.727+0000] {logging_mixin.py:188} INFO - [2025-08-09T18:22:04.727+0000] {dagbag.py:540} INFO - Filling up the DagBag from /home/airflow/.local/lib/python3.12/site-packages/airflow/example_dags/example_task_group_decorator.py
[2025-08-09T18:22:04.773+0000] {processor.py:840} INFO - DAG(s) 'example_task_group_decorator' retrieved from /home/airflow/.local/lib/python3.12/site-packages/airflow/example_dags/example_task_group_decorator.py
[2025-08-09T18:22:05.176+0000] {logging_mixin.py:188} INFO - [2025-08-09T18:22:05.175+0000] {dag.py:3096} INFO - Sync 1 DAGs
[2025-08-09T18:22:05.295+0000] {logging_mixin.py:188} INFO - [2025-08-09T18:22:05.294+0000] {dag.py:3954} INFO - Setting next_dagrun for example_task_group_decorator to 2025-08-08 00:00:00+00:00, run_after=2025-08-09 00:00:00+00:00
[2025-08-09T18:22:05.409+0000] {processor.py:183} INFO - Processing /home/airflow/.local/lib/python3.12/site-packages/airflow/example_dags/example_task_group_decorator.py took 0.701 seconds
[2025-08-09T18:22:36.287+0000] {processor.py:161} INFO - Started process (PID=171) to work on /home/airflow/.local/lib/python3.12/site-packages/airflow/example_dags/example_task_group_decorator.py
[2025-08-09T18:22:36.289+0000] {processor.py:830} INFO - Processing file /home/airflow/.local/lib/python3.12/site-packages/airflow/example_dags/example_task_group_decorator.py for tasks to queue
[2025-08-09T18:22:36.292+0000] {logging_mixin.py:188} INFO - [2025-08-09T18:22:36.292+0000] {dagbag.py:540} INFO - Filling up the DagBag from /home/airflow/.local/lib/python3.12/site-packages/airflow/example_dags/example_task_group_decorator.py
[2025-08-09T18:22:36.314+0000] {processor.py:840} INFO - DAG(s) 'example_task_group_decorator' retrieved from /home/airflow/.local/lib/python3.12/site-packages/airflow/example_dags/example_task_group_decorator.py
[2025-08-09T18:22:36.355+0000] {logging_mixin.py:188} INFO - [2025-08-09T18:22:36.355+0000] {dag.py:3096} INFO - Sync 1 DAGs
[2025-08-09T18:22:36.392+0000] {logging_mixin.py:188} INFO - [2025-08-09T18:22:36.392+0000] {dag.py:3954} INFO - Setting next_dagrun for example_task_group_decorator to 2025-08-08 00:00:00+00:00, run_after=2025-08-09 00:00:00+00:00
[2025-08-09T18:22:36.426+0000] {processor.py:183} INFO - Processing /home/airflow/.local/lib/python3.12/site-packages/airflow/example_dags/example_task_group_decorator.py took 0.147 seconds
[2025-08-09T18:23:06.741+0000] {processor.py:161} INFO - Started process (PID=230) to work on /home/airflow/.local/lib/python3.12/site-packages/airflow/example_dags/example_task_group_decorator.py
[2025-08-09T18:23:06.743+0000] {processor.py:830} INFO - Processing file /home/airflow/.local/lib/python3.12/site-packages/airflow/example_dags/example_task_group_decorator.py for tasks to queue
[2025-08-09T18:23:06.745+0000] {logging_mixin.py:188} INFO - [2025-08-09T18:23:06.745+0000] {dagbag.py:540} INFO - Filling up the DagBag from /home/airflow/.local/lib/python3.12/site-packages/airflow/example_dags/example_task_group_decorator.py
[2025-08-09T18:23:06.763+0000] {processor.py:840} INFO - DAG(s) 'example_task_group_decorator' retrieved from /home/airflow/.local/lib/python3.12/site-packages/airflow/example_dags/example_task_group_decorator.py
[2025-08-09T18:23:06.800+0000] {logging_mixin.py:188} INFO - [2025-08-09T18:23:06.799+0000] {dag.py:3096} INFO - Sync 1 DAGs
[2025-08-09T18:23:06.838+0000] {logging_mixin.py:188} INFO - [2025-08-09T18:23:06.837+0000] {dag.py:3954} INFO - Setting next_dagrun for example_task_group_decorator to 2025-08-08 00:00:00+00:00, run_after=2025-08-09 00:00:00+00:00
[2025-08-09T18:23:06.876+0000] {processor.py:183} INFO - Processing /home/airflow/.local/lib/python3.12/site-packages/airflow/example_dags/example_task_group_decorator.py took 0.142 seconds
[2025-08-09T18:23:37.391+0000] {processor.py:161} INFO - Started process (PID=289) to work on /home/airflow/.local/lib/python3.12/site-packages/airflow/example_dags/example_task_group_decorator.py
[2025-08-09T18:23:37.392+0000] {processor.py:830} INFO - Processing file /home/airflow/.local/lib/python3.12/site-packages/airflow/example_dags/example_task_group_decorator.py for tasks to queue
[2025-08-09T18:23:37.395+0000] {logging_mixin.py:188} INFO - [2025-08-09T18:23:37.394+0000] {dagbag.py:540} INFO - Filling up the DagBag from /home/airflow/.local/lib/python3.12/site-packages/airflow/example_dags/example_task_group_decorator.py
[2025-08-09T18:23:37.416+0000] {processor.py:840} INFO - DAG(s) 'example_task_group_decorator' retrieved from /home/airflow/.local/lib/python3.12/site-packages/airflow/example_dags/example_task_group_decorator.py
[2025-08-09T18:23:37.448+0000] {logging_mixin.py:188} INFO - [2025-08-09T18:23:37.448+0000] {dag.py:3096} INFO - Sync 1 DAGs
[2025-08-09T18:23:37.480+0000] {logging_mixin.py:188} INFO - [2025-08-09T18:23:37.480+0000] {dag.py:3954} INFO - Setting next_dagrun for example_task_group_decorator to 2025-08-08 00:00:00+00:00, run_after=2025-08-09 00:00:00+00:00
[2025-08-09T18:23:37.517+0000] {processor.py:183} INFO - Processing /home/airflow/.local/lib/python3.12/site-packages/airflow/example_dags/example_task_group_decorator.py took 0.137 seconds
[2025-08-09T18:24:07.863+0000] {processor.py:161} INFO - Started process (PID=348) to work on /home/airflow/.local/lib/python3.12/site-packages/airflow/example_dags/example_task_group_decorator.py
[2025-08-09T18:24:07.868+0000] {processor.py:830} INFO - Processing file /home/airflow/.local/lib/python3.12/site-packages/airflow/example_dags/example_task_group_decorator.py for tasks to queue
[2025-08-09T18:24:07.873+0000] {logging_mixin.py:188} INFO - [2025-08-09T18:24:07.871+0000] {dagbag.py:540} INFO - Filling up the DagBag from /home/airflow/.local/lib/python3.12/site-packages/airflow/example_dags/example_task_group_decorator.py
[2025-08-09T18:24:07.902+0000] {processor.py:840} INFO - DAG(s) 'example_task_group_decorator' retrieved from /home/airflow/.local/lib/python3.12/site-packages/airflow/example_dags/example_task_group_decorator.py
[2025-08-09T18:24:07.941+0000] {logging_mixin.py:188} INFO - [2025-08-09T18:24:07.940+0000] {dag.py:3096} INFO - Sync 1 DAGs
[2025-08-09T18:24:07.979+0000] {logging_mixin.py:188} INFO - [2025-08-09T18:24:07.979+0000] {dag.py:3954} INFO - Setting next_dagrun for example_task_group_decorator to 2025-08-08 00:00:00+00:00, run_after=2025-08-09 00:00:00+00:00
[2025-08-09T18:24:08.015+0000] {processor.py:183} INFO - Processing /home/airflow/.local/lib/python3.12/site-packages/airflow/example_dags/example_task_group_decorator.py took 0.167 seconds
[2025-08-09T18:24:38.335+0000] {processor.py:161} INFO - Started process (PID=413) to work on /home/airflow/.local/lib/python3.12/site-packages/airflow/example_dags/example_task_group_decorator.py
[2025-08-09T18:24:38.336+0000] {processor.py:830} INFO - Processing file /home/airflow/.local/lib/python3.12/site-packages/airflow/example_dags/example_task_group_decorator.py for tasks to queue
[2025-08-09T18:24:38.339+0000] {logging_mixin.py:188} INFO - [2025-08-09T18:24:38.339+0000] {dagbag.py:540} INFO - Filling up the DagBag from /home/airflow/.local/lib/python3.12/site-packages/airflow/example_dags/example_task_group_decorator.py
[2025-08-09T18:24:38.368+0000] {processor.py:840} INFO - DAG(s) 'example_task_group_decorator' retrieved from /home/airflow/.local/lib/python3.12/site-packages/airflow/example_dags/example_task_group_decorator.py
[2025-08-09T18:24:38.403+0000] {logging_mixin.py:188} INFO - [2025-08-09T18:24:38.403+0000] {dag.py:3096} INFO - Sync 1 DAGs
[2025-08-09T18:24:38.429+0000] {logging_mixin.py:188} INFO - [2025-08-09T18:24:38.429+0000] {dag.py:3954} INFO - Setting next_dagrun for example_task_group_decorator to 2025-08-08 00:00:00+00:00, run_after=2025-08-09 00:00:00+00:00
[2025-08-09T18:24:38.461+0000] {processor.py:183} INFO - Processing /home/airflow/.local/lib/python3.12/site-packages/airflow/example_dags/example_task_group_decorator.py took 0.139 seconds
[2025-08-09T18:25:08.685+0000] {processor.py:161} INFO - Started process (PID=472) to work on /home/airflow/.local/lib/python3.12/site-packages/airflow/example_dags/example_task_group_decorator.py
[2025-08-09T18:25:08.688+0000] {processor.py:830} INFO - Processing file /home/airflow/.local/lib/python3.12/site-packages/airflow/example_dags/example_task_group_decorator.py for tasks to queue
[2025-08-09T18:25:08.692+0000] {logging_mixin.py:188} INFO - [2025-08-09T18:25:08.691+0000] {dagbag.py:540} INFO - Filling up the DagBag from /home/airflow/.local/lib/python3.12/site-packages/airflow/example_dags/example_task_group_decorator.py
[2025-08-09T18:25:08.715+0000] {processor.py:840} INFO - DAG(s) 'example_task_group_decorator' retrieved from /home/airflow/.local/lib/python3.12/site-packages/airflow/example_dags/example_task_group_decorator.py
[2025-08-09T18:25:08.754+0000] {logging_mixin.py:188} INFO - [2025-08-09T18:25:08.753+0000] {dag.py:3096} INFO - Sync 1 DAGs
[2025-08-09T18:25:08.795+0000] {logging_mixin.py:188} INFO - [2025-08-09T18:25:08.794+0000] {dag.py:3954} INFO - Setting next_dagrun for example_task_group_decorator to 2025-08-08 00:00:00+00:00, run_after=2025-08-09 00:00:00+00:00
[2025-08-09T18:25:08.833+0000] {processor.py:183} INFO - Processing /home/airflow/.local/lib/python3.12/site-packages/airflow/example_dags/example_task_group_decorator.py took 0.165 seconds
[2025-08-09T18:27:32.894+0000] {processor.py:161} INFO - Started process (PID=119) to work on /home/airflow/.local/lib/python3.12/site-packages/airflow/example_dags/example_task_group_decorator.py
[2025-08-09T18:27:32.896+0000] {processor.py:830} INFO - Processing file /home/airflow/.local/lib/python3.12/site-packages/airflow/example_dags/example_task_group_decorator.py for tasks to queue
[2025-08-09T18:27:32.901+0000] {logging_mixin.py:188} INFO - [2025-08-09T18:27:32.900+0000] {dagbag.py:540} INFO - Filling up the DagBag from /home/airflow/.local/lib/python3.12/site-packages/airflow/example_dags/example_task_group_decorator.py
[2025-08-09T18:27:32.965+0000] {processor.py:840} INFO - DAG(s) 'example_task_group_decorator' retrieved from /home/airflow/.local/lib/python3.12/site-packages/airflow/example_dags/example_task_group_decorator.py
[2025-08-09T18:27:33.486+0000] {logging_mixin.py:188} INFO - [2025-08-09T18:27:33.486+0000] {dag.py:3096} INFO - Sync 1 DAGs
[2025-08-09T18:27:33.585+0000] {logging_mixin.py:188} INFO - [2025-08-09T18:27:33.585+0000] {dag.py:3954} INFO - Setting next_dagrun for example_task_group_decorator to 2025-08-08 00:00:00+00:00, run_after=2025-08-09 00:00:00+00:00
[2025-08-09T18:27:33.648+0000] {processor.py:183} INFO - Processing /home/airflow/.local/lib/python3.12/site-packages/airflow/example_dags/example_task_group_decorator.py took 0.778 seconds
[2025-08-09T18:28:03.973+0000] {processor.py:161} INFO - Started process (PID=178) to work on /home/airflow/.local/lib/python3.12/site-packages/airflow/example_dags/example_task_group_decorator.py
[2025-08-09T18:28:03.977+0000] {processor.py:830} INFO - Processing file /home/airflow/.local/lib/python3.12/site-packages/airflow/example_dags/example_task_group_decorator.py for tasks to queue
[2025-08-09T18:28:03.983+0000] {logging_mixin.py:188} INFO - [2025-08-09T18:28:03.981+0000] {dagbag.py:540} INFO - Filling up the DagBag from /home/airflow/.local/lib/python3.12/site-packages/airflow/example_dags/example_task_group_decorator.py
[2025-08-09T18:28:04.031+0000] {processor.py:840} INFO - DAG(s) 'example_task_group_decorator' retrieved from /home/airflow/.local/lib/python3.12/site-packages/airflow/example_dags/example_task_group_decorator.py
[2025-08-09T18:28:04.118+0000] {logging_mixin.py:188} INFO - [2025-08-09T18:28:04.117+0000] {dag.py:3096} INFO - Sync 1 DAGs
[2025-08-09T18:28:04.215+0000] {logging_mixin.py:188} INFO - [2025-08-09T18:28:04.214+0000] {dag.py:3954} INFO - Setting next_dagrun for example_task_group_decorator to 2025-08-08 00:00:00+00:00, run_after=2025-08-09 00:00:00+00:00
[2025-08-09T18:28:04.290+0000] {processor.py:183} INFO - Processing /home/airflow/.local/lib/python3.12/site-packages/airflow/example_dags/example_task_group_decorator.py took 0.337 seconds
[2025-08-09T18:28:34.590+0000] {processor.py:161} INFO - Started process (PID=238) to work on /home/airflow/.local/lib/python3.12/site-packages/airflow/example_dags/example_task_group_decorator.py
[2025-08-09T18:28:34.592+0000] {processor.py:830} INFO - Processing file /home/airflow/.local/lib/python3.12/site-packages/airflow/example_dags/example_task_group_decorator.py for tasks to queue
[2025-08-09T18:28:34.599+0000] {logging_mixin.py:188} INFO - [2025-08-09T18:28:34.598+0000] {dagbag.py:540} INFO - Filling up the DagBag from /home/airflow/.local/lib/python3.12/site-packages/airflow/example_dags/example_task_group_decorator.py
[2025-08-09T18:28:34.651+0000] {processor.py:840} INFO - DAG(s) 'example_task_group_decorator' retrieved from /home/airflow/.local/lib/python3.12/site-packages/airflow/example_dags/example_task_group_decorator.py
[2025-08-09T18:28:34.719+0000] {logging_mixin.py:188} INFO - [2025-08-09T18:28:34.718+0000] {dag.py:3096} INFO - Sync 1 DAGs
[2025-08-09T18:28:34.798+0000] {logging_mixin.py:188} INFO - [2025-08-09T18:28:34.798+0000] {dag.py:3954} INFO - Setting next_dagrun for example_task_group_decorator to 2025-08-08 00:00:00+00:00, run_after=2025-08-09 00:00:00+00:00
[2025-08-09T18:28:34.865+0000] {processor.py:183} INFO - Processing /home/airflow/.local/lib/python3.12/site-packages/airflow/example_dags/example_task_group_decorator.py took 0.294 seconds
[2025-08-09T18:29:05.578+0000] {processor.py:161} INFO - Started process (PID=297) to work on /home/airflow/.local/lib/python3.12/site-packages/airflow/example_dags/example_task_group_decorator.py
[2025-08-09T18:29:05.580+0000] {processor.py:830} INFO - Processing file /home/airflow/.local/lib/python3.12/site-packages/airflow/example_dags/example_task_group_decorator.py for tasks to queue
[2025-08-09T18:29:05.583+0000] {logging_mixin.py:188} INFO - [2025-08-09T18:29:05.583+0000] {dagbag.py:540} INFO - Filling up the DagBag from /home/airflow/.local/lib/python3.12/site-packages/airflow/example_dags/example_task_group_decorator.py
[2025-08-09T18:29:05.634+0000] {processor.py:840} INFO - DAG(s) 'example_task_group_decorator' retrieved from /home/airflow/.local/lib/python3.12/site-packages/airflow/example_dags/example_task_group_decorator.py
[2025-08-09T18:29:05.711+0000] {logging_mixin.py:188} INFO - [2025-08-09T18:29:05.710+0000] {dag.py:3096} INFO - Sync 1 DAGs
[2025-08-09T18:29:05.777+0000] {logging_mixin.py:188} INFO - [2025-08-09T18:29:05.776+0000] {dag.py:3954} INFO - Setting next_dagrun for example_task_group_decorator to 2025-08-08 00:00:00+00:00, run_after=2025-08-09 00:00:00+00:00
[2025-08-09T18:29:05.835+0000] {processor.py:183} INFO - Processing /home/airflow/.local/lib/python3.12/site-packages/airflow/example_dags/example_task_group_decorator.py took 0.268 seconds
[2025-08-09T18:29:36.064+0000] {processor.py:161} INFO - Started process (PID=356) to work on /home/airflow/.local/lib/python3.12/site-packages/airflow/example_dags/example_task_group_decorator.py
[2025-08-09T18:29:36.065+0000] {processor.py:830} INFO - Processing file /home/airflow/.local/lib/python3.12/site-packages/airflow/example_dags/example_task_group_decorator.py for tasks to queue
[2025-08-09T18:29:36.068+0000] {logging_mixin.py:188} INFO - [2025-08-09T18:29:36.068+0000] {dagbag.py:540} INFO - Filling up the DagBag from /home/airflow/.local/lib/python3.12/site-packages/airflow/example_dags/example_task_group_decorator.py
[2025-08-09T18:29:36.106+0000] {processor.py:840} INFO - DAG(s) 'example_task_group_decorator' retrieved from /home/airflow/.local/lib/python3.12/site-packages/airflow/example_dags/example_task_group_decorator.py
[2025-08-09T18:29:36.141+0000] {logging_mixin.py:188} INFO - [2025-08-09T18:29:36.141+0000] {dag.py:3096} INFO - Sync 1 DAGs
[2025-08-09T18:29:36.180+0000] {logging_mixin.py:188} INFO - [2025-08-09T18:29:36.180+0000] {dag.py:3954} INFO - Setting next_dagrun for example_task_group_decorator to 2025-08-08 00:00:00+00:00, run_after=2025-08-09 00:00:00+00:00
[2025-08-09T18:29:36.235+0000] {processor.py:183} INFO - Processing /home/airflow/.local/lib/python3.12/site-packages/airflow/example_dags/example_task_group_decorator.py took 0.181 seconds
[2025-08-09T18:30:07.009+0000] {processor.py:161} INFO - Started process (PID=416) to work on /home/airflow/.local/lib/python3.12/site-packages/airflow/example_dags/example_task_group_decorator.py
[2025-08-09T18:30:07.010+0000] {processor.py:830} INFO - Processing file /home/airflow/.local/lib/python3.12/site-packages/airflow/example_dags/example_task_group_decorator.py for tasks to queue
[2025-08-09T18:30:07.013+0000] {logging_mixin.py:188} INFO - [2025-08-09T18:30:07.013+0000] {dagbag.py:540} INFO - Filling up the DagBag from /home/airflow/.local/lib/python3.12/site-packages/airflow/example_dags/example_task_group_decorator.py
[2025-08-09T18:30:07.041+0000] {processor.py:840} INFO - DAG(s) 'example_task_group_decorator' retrieved from /home/airflow/.local/lib/python3.12/site-packages/airflow/example_dags/example_task_group_decorator.py
[2025-08-09T18:30:07.089+0000] {logging_mixin.py:188} INFO - [2025-08-09T18:30:07.088+0000] {dag.py:3096} INFO - Sync 1 DAGs
[2025-08-09T18:30:07.131+0000] {logging_mixin.py:188} INFO - [2025-08-09T18:30:07.131+0000] {dag.py:3954} INFO - Setting next_dagrun for example_task_group_decorator to 2025-08-08 00:00:00+00:00, run_after=2025-08-09 00:00:00+00:00
[2025-08-09T18:30:07.174+0000] {processor.py:183} INFO - Processing /home/airflow/.local/lib/python3.12/site-packages/airflow/example_dags/example_task_group_decorator.py took 0.177 seconds
[2025-08-09T18:30:37.598+0000] {processor.py:161} INFO - Started process (PID=475) to work on /home/airflow/.local/lib/python3.12/site-packages/airflow/example_dags/example_task_group_decorator.py
[2025-08-09T18:30:37.600+0000] {processor.py:830} INFO - Processing file /home/airflow/.local/lib/python3.12/site-packages/airflow/example_dags/example_task_group_decorator.py for tasks to queue
[2025-08-09T18:30:37.604+0000] {logging_mixin.py:188} INFO - [2025-08-09T18:30:37.603+0000] {dagbag.py:540} INFO - Filling up the DagBag from /home/airflow/.local/lib/python3.12/site-packages/airflow/example_dags/example_task_group_decorator.py
[2025-08-09T18:30:37.640+0000] {processor.py:840} INFO - DAG(s) 'example_task_group_decorator' retrieved from /home/airflow/.local/lib/python3.12/site-packages/airflow/example_dags/example_task_group_decorator.py
[2025-08-09T18:30:37.687+0000] {logging_mixin.py:188} INFO - [2025-08-09T18:30:37.686+0000] {dag.py:3096} INFO - Sync 1 DAGs
[2025-08-09T18:30:37.738+0000] {logging_mixin.py:188} INFO - [2025-08-09T18:30:37.738+0000] {dag.py:3954} INFO - Setting next_dagrun for example_task_group_decorator to 2025-08-08 00:00:00+00:00, run_after=2025-08-09 00:00:00+00:00
[2025-08-09T18:30:37.793+0000] {processor.py:183} INFO - Processing /home/airflow/.local/lib/python3.12/site-packages/airflow/example_dags/example_task_group_decorator.py took 0.211 seconds
[2025-08-09T18:31:07.949+0000] {processor.py:161} INFO - Started process (PID=534) to work on /home/airflow/.local/lib/python3.12/site-packages/airflow/example_dags/example_task_group_decorator.py
[2025-08-09T18:31:07.951+0000] {processor.py:830} INFO - Processing file /home/airflow/.local/lib/python3.12/site-packages/airflow/example_dags/example_task_group_decorator.py for tasks to queue
[2025-08-09T18:31:07.954+0000] {logging_mixin.py:188} INFO - [2025-08-09T18:31:07.953+0000] {dagbag.py:540} INFO - Filling up the DagBag from /home/airflow/.local/lib/python3.12/site-packages/airflow/example_dags/example_task_group_decorator.py
[2025-08-09T18:31:07.981+0000] {processor.py:840} INFO - DAG(s) 'example_task_group_decorator' retrieved from /home/airflow/.local/lib/python3.12/site-packages/airflow/example_dags/example_task_group_decorator.py
[2025-08-09T18:31:08.016+0000] {logging_mixin.py:188} INFO - [2025-08-09T18:31:08.016+0000] {dag.py:3096} INFO - Sync 1 DAGs
[2025-08-09T18:31:08.047+0000] {logging_mixin.py:188} INFO - [2025-08-09T18:31:08.047+0000] {dag.py:3954} INFO - Setting next_dagrun for example_task_group_decorator to 2025-08-08 00:00:00+00:00, run_after=2025-08-09 00:00:00+00:00
[2025-08-09T18:31:08.087+0000] {processor.py:183} INFO - Processing /home/airflow/.local/lib/python3.12/site-packages/airflow/example_dags/example_task_group_decorator.py took 0.146 seconds
[2025-08-09T18:31:38.871+0000] {processor.py:161} INFO - Started process (PID=593) to work on /home/airflow/.local/lib/python3.12/site-packages/airflow/example_dags/example_task_group_decorator.py
[2025-08-09T18:31:38.873+0000] {processor.py:830} INFO - Processing file /home/airflow/.local/lib/python3.12/site-packages/airflow/example_dags/example_task_group_decorator.py for tasks to queue
[2025-08-09T18:31:38.877+0000] {logging_mixin.py:188} INFO - [2025-08-09T18:31:38.876+0000] {dagbag.py:540} INFO - Filling up the DagBag from /home/airflow/.local/lib/python3.12/site-packages/airflow/example_dags/example_task_group_decorator.py
[2025-08-09T18:31:38.948+0000] {processor.py:840} INFO - DAG(s) 'example_task_group_decorator' retrieved from /home/airflow/.local/lib/python3.12/site-packages/airflow/example_dags/example_task_group_decorator.py
[2025-08-09T18:31:38.987+0000] {logging_mixin.py:188} INFO - [2025-08-09T18:31:38.987+0000] {dag.py:3096} INFO - Sync 1 DAGs
[2025-08-09T18:31:39.054+0000] {logging_mixin.py:188} INFO - [2025-08-09T18:31:39.053+0000] {dag.py:3954} INFO - Setting next_dagrun for example_task_group_decorator to 2025-08-08 00:00:00+00:00, run_after=2025-08-09 00:00:00+00:00
[2025-08-09T18:31:39.094+0000] {processor.py:183} INFO - Processing /home/airflow/.local/lib/python3.12/site-packages/airflow/example_dags/example_task_group_decorator.py took 0.234 seconds
[2025-08-09T18:32:09.275+0000] {processor.py:161} INFO - Started process (PID=653) to work on /home/airflow/.local/lib/python3.12/site-packages/airflow/example_dags/example_task_group_decorator.py
[2025-08-09T18:32:09.276+0000] {processor.py:830} INFO - Processing file /home/airflow/.local/lib/python3.12/site-packages/airflow/example_dags/example_task_group_decorator.py for tasks to queue
[2025-08-09T18:32:09.279+0000] {logging_mixin.py:188} INFO - [2025-08-09T18:32:09.278+0000] {dagbag.py:540} INFO - Filling up the DagBag from /home/airflow/.local/lib/python3.12/site-packages/airflow/example_dags/example_task_group_decorator.py
[2025-08-09T18:32:09.299+0000] {processor.py:840} INFO - DAG(s) 'example_task_group_decorator' retrieved from /home/airflow/.local/lib/python3.12/site-packages/airflow/example_dags/example_task_group_decorator.py
[2025-08-09T18:32:09.335+0000] {logging_mixin.py:188} INFO - [2025-08-09T18:32:09.334+0000] {dag.py:3096} INFO - Sync 1 DAGs
[2025-08-09T18:32:09.375+0000] {logging_mixin.py:188} INFO - [2025-08-09T18:32:09.375+0000] {dag.py:3954} INFO - Setting next_dagrun for example_task_group_decorator to 2025-08-08 00:00:00+00:00, run_after=2025-08-09 00:00:00+00:00
[2025-08-09T18:32:09.413+0000] {processor.py:183} INFO - Processing /home/airflow/.local/lib/python3.12/site-packages/airflow/example_dags/example_task_group_decorator.py took 0.145 seconds
[2025-08-09T18:32:39.766+0000] {processor.py:161} INFO - Started process (PID=712) to work on /home/airflow/.local/lib/python3.12/site-packages/airflow/example_dags/example_task_group_decorator.py
[2025-08-09T18:32:39.768+0000] {processor.py:830} INFO - Processing file /home/airflow/.local/lib/python3.12/site-packages/airflow/example_dags/example_task_group_decorator.py for tasks to queue
[2025-08-09T18:32:39.770+0000] {logging_mixin.py:188} INFO - [2025-08-09T18:32:39.769+0000] {dagbag.py:540} INFO - Filling up the DagBag from /home/airflow/.local/lib/python3.12/site-packages/airflow/example_dags/example_task_group_decorator.py
[2025-08-09T18:32:39.790+0000] {processor.py:840} INFO - DAG(s) 'example_task_group_decorator' retrieved from /home/airflow/.local/lib/python3.12/site-packages/airflow/example_dags/example_task_group_decorator.py
[2025-08-09T18:32:39.827+0000] {logging_mixin.py:188} INFO - [2025-08-09T18:32:39.827+0000] {dag.py:3096} INFO - Sync 1 DAGs
[2025-08-09T18:32:39.861+0000] {logging_mixin.py:188} INFO - [2025-08-09T18:32:39.861+0000] {dag.py:3954} INFO - Setting next_dagrun for example_task_group_decorator to 2025-08-08 00:00:00+00:00, run_after=2025-08-09 00:00:00+00:00
[2025-08-09T18:32:39.897+0000] {processor.py:183} INFO - Processing /home/airflow/.local/lib/python3.12/site-packages/airflow/example_dags/example_task_group_decorator.py took 0.138 seconds
[2025-08-09T18:33:10.714+0000] {processor.py:161} INFO - Started process (PID=771) to work on /home/airflow/.local/lib/python3.12/site-packages/airflow/example_dags/example_task_group_decorator.py
[2025-08-09T18:33:10.716+0000] {processor.py:830} INFO - Processing file /home/airflow/.local/lib/python3.12/site-packages/airflow/example_dags/example_task_group_decorator.py for tasks to queue
[2025-08-09T18:33:10.718+0000] {logging_mixin.py:188} INFO - [2025-08-09T18:33:10.718+0000] {dagbag.py:540} INFO - Filling up the DagBag from /home/airflow/.local/lib/python3.12/site-packages/airflow/example_dags/example_task_group_decorator.py
[2025-08-09T18:33:10.738+0000] {processor.py:840} INFO - DAG(s) 'example_task_group_decorator' retrieved from /home/airflow/.local/lib/python3.12/site-packages/airflow/example_dags/example_task_group_decorator.py
[2025-08-09T18:33:10.770+0000] {logging_mixin.py:188} INFO - [2025-08-09T18:33:10.769+0000] {dag.py:3096} INFO - Sync 1 DAGs
[2025-08-09T18:33:10.797+0000] {logging_mixin.py:188} INFO - [2025-08-09T18:33:10.796+0000] {dag.py:3954} INFO - Setting next_dagrun for example_task_group_decorator to 2025-08-08 00:00:00+00:00, run_after=2025-08-09 00:00:00+00:00
[2025-08-09T18:33:10.822+0000] {processor.py:183} INFO - Processing /home/airflow/.local/lib/python3.12/site-packages/airflow/example_dags/example_task_group_decorator.py took 0.117 seconds
[2025-08-09T18:33:41.194+0000] {processor.py:161} INFO - Started process (PID=830) to work on /home/airflow/.local/lib/python3.12/site-packages/airflow/example_dags/example_task_group_decorator.py
[2025-08-09T18:33:41.196+0000] {processor.py:830} INFO - Processing file /home/airflow/.local/lib/python3.12/site-packages/airflow/example_dags/example_task_group_decorator.py for tasks to queue
[2025-08-09T18:33:41.199+0000] {logging_mixin.py:188} INFO - [2025-08-09T18:33:41.198+0000] {dagbag.py:540} INFO - Filling up the DagBag from /home/airflow/.local/lib/python3.12/site-packages/airflow/example_dags/example_task_group_decorator.py
[2025-08-09T18:33:41.228+0000] {processor.py:840} INFO - DAG(s) 'example_task_group_decorator' retrieved from /home/airflow/.local/lib/python3.12/site-packages/airflow/example_dags/example_task_group_decorator.py
[2025-08-09T18:33:41.289+0000] {logging_mixin.py:188} INFO - [2025-08-09T18:33:41.289+0000] {dag.py:3096} INFO - Sync 1 DAGs
[2025-08-09T18:33:41.323+0000] {logging_mixin.py:188} INFO - [2025-08-09T18:33:41.323+0000] {dag.py:3954} INFO - Setting next_dagrun for example_task_group_decorator to 2025-08-08 00:00:00+00:00, run_after=2025-08-09 00:00:00+00:00
[2025-08-09T18:33:41.362+0000] {processor.py:183} INFO - Processing /home/airflow/.local/lib/python3.12/site-packages/airflow/example_dags/example_task_group_decorator.py took 0.176 seconds
[2025-08-09T18:34:12.143+0000] {processor.py:161} INFO - Started process (PID=890) to work on /home/airflow/.local/lib/python3.12/site-packages/airflow/example_dags/example_task_group_decorator.py
[2025-08-09T18:34:12.145+0000] {processor.py:830} INFO - Processing file /home/airflow/.local/lib/python3.12/site-packages/airflow/example_dags/example_task_group_decorator.py for tasks to queue
[2025-08-09T18:34:12.149+0000] {logging_mixin.py:188} INFO - [2025-08-09T18:34:12.148+0000] {dagbag.py:540} INFO - Filling up the DagBag from /home/airflow/.local/lib/python3.12/site-packages/airflow/example_dags/example_task_group_decorator.py
[2025-08-09T18:34:12.177+0000] {processor.py:840} INFO - DAG(s) 'example_task_group_decorator' retrieved from /home/airflow/.local/lib/python3.12/site-packages/airflow/example_dags/example_task_group_decorator.py
[2025-08-09T18:34:12.213+0000] {logging_mixin.py:188} INFO - [2025-08-09T18:34:12.213+0000] {dag.py:3096} INFO - Sync 1 DAGs
[2025-08-09T18:34:12.243+0000] {logging_mixin.py:188} INFO - [2025-08-09T18:34:12.243+0000] {dag.py:3954} INFO - Setting next_dagrun for example_task_group_decorator to 2025-08-08 00:00:00+00:00, run_after=2025-08-09 00:00:00+00:00
[2025-08-09T18:34:12.273+0000] {processor.py:183} INFO - Processing /home/airflow/.local/lib/python3.12/site-packages/airflow/example_dags/example_task_group_decorator.py took 0.143 seconds
[2025-08-09T18:34:43.885+0000] {processor.py:161} INFO - Started process (PID=949) to work on /home/airflow/.local/lib/python3.12/site-packages/airflow/example_dags/example_task_group_decorator.py
[2025-08-09T18:34:43.887+0000] {processor.py:830} INFO - Processing file /home/airflow/.local/lib/python3.12/site-packages/airflow/example_dags/example_task_group_decorator.py for tasks to queue
[2025-08-09T18:34:43.894+0000] {logging_mixin.py:188} INFO - [2025-08-09T18:34:43.891+0000] {dagbag.py:540} INFO - Filling up the DagBag from /home/airflow/.local/lib/python3.12/site-packages/airflow/example_dags/example_task_group_decorator.py
[2025-08-09T18:34:43.941+0000] {processor.py:840} INFO - DAG(s) 'example_task_group_decorator' retrieved from /home/airflow/.local/lib/python3.12/site-packages/airflow/example_dags/example_task_group_decorator.py
[2025-08-09T18:34:44.012+0000] {logging_mixin.py:188} INFO - [2025-08-09T18:34:44.012+0000] {dag.py:3096} INFO - Sync 1 DAGs
[2025-08-09T18:34:44.052+0000] {logging_mixin.py:188} INFO - [2025-08-09T18:34:44.052+0000] {dag.py:3954} INFO - Setting next_dagrun for example_task_group_decorator to 2025-08-08 00:00:00+00:00, run_after=2025-08-09 00:00:00+00:00
[2025-08-09T18:34:44.098+0000] {processor.py:183} INFO - Processing /home/airflow/.local/lib/python3.12/site-packages/airflow/example_dags/example_task_group_decorator.py took 0.228 seconds
[2025-08-09T18:35:14.732+0000] {processor.py:161} INFO - Started process (PID=1008) to work on /home/airflow/.local/lib/python3.12/site-packages/airflow/example_dags/example_task_group_decorator.py
[2025-08-09T18:35:14.734+0000] {processor.py:830} INFO - Processing file /home/airflow/.local/lib/python3.12/site-packages/airflow/example_dags/example_task_group_decorator.py for tasks to queue
[2025-08-09T18:35:14.738+0000] {logging_mixin.py:188} INFO - [2025-08-09T18:35:14.738+0000] {dagbag.py:540} INFO - Filling up the DagBag from /home/airflow/.local/lib/python3.12/site-packages/airflow/example_dags/example_task_group_decorator.py
[2025-08-09T18:35:14.803+0000] {processor.py:840} INFO - DAG(s) 'example_task_group_decorator' retrieved from /home/airflow/.local/lib/python3.12/site-packages/airflow/example_dags/example_task_group_decorator.py
[2025-08-09T18:35:14.881+0000] {logging_mixin.py:188} INFO - [2025-08-09T18:35:14.880+0000] {dag.py:3096} INFO - Sync 1 DAGs
[2025-08-09T18:35:15.120+0000] {logging_mixin.py:188} INFO - [2025-08-09T18:35:15.120+0000] {dag.py:3954} INFO - Setting next_dagrun for example_task_group_decorator to 2025-08-08 00:00:00+00:00, run_after=2025-08-09 00:00:00+00:00
[2025-08-09T18:35:15.160+0000] {processor.py:183} INFO - Processing /home/airflow/.local/lib/python3.12/site-packages/airflow/example_dags/example_task_group_decorator.py took 0.439 seconds
[2025-08-09T18:35:45.611+0000] {processor.py:161} INFO - Started process (PID=1067) to work on /home/airflow/.local/lib/python3.12/site-packages/airflow/example_dags/example_task_group_decorator.py
[2025-08-09T18:35:45.612+0000] {processor.py:830} INFO - Processing file /home/airflow/.local/lib/python3.12/site-packages/airflow/example_dags/example_task_group_decorator.py for tasks to queue
[2025-08-09T18:35:45.615+0000] {logging_mixin.py:188} INFO - [2025-08-09T18:35:45.614+0000] {dagbag.py:540} INFO - Filling up the DagBag from /home/airflow/.local/lib/python3.12/site-packages/airflow/example_dags/example_task_group_decorator.py
[2025-08-09T18:35:45.639+0000] {processor.py:840} INFO - DAG(s) 'example_task_group_decorator' retrieved from /home/airflow/.local/lib/python3.12/site-packages/airflow/example_dags/example_task_group_decorator.py
[2025-08-09T18:35:45.674+0000] {logging_mixin.py:188} INFO - [2025-08-09T18:35:45.673+0000] {dag.py:3096} INFO - Sync 1 DAGs
[2025-08-09T18:35:45.700+0000] {logging_mixin.py:188} INFO - [2025-08-09T18:35:45.700+0000] {dag.py:3954} INFO - Setting next_dagrun for example_task_group_decorator to 2025-08-08 00:00:00+00:00, run_after=2025-08-09 00:00:00+00:00
[2025-08-09T18:35:45.724+0000] {processor.py:183} INFO - Processing /home/airflow/.local/lib/python3.12/site-packages/airflow/example_dags/example_task_group_decorator.py took 0.126 seconds
[2025-08-09T18:36:15.917+0000] {processor.py:161} INFO - Started process (PID=1126) to work on /home/airflow/.local/lib/python3.12/site-packages/airflow/example_dags/example_task_group_decorator.py
[2025-08-09T18:36:15.918+0000] {processor.py:830} INFO - Processing file /home/airflow/.local/lib/python3.12/site-packages/airflow/example_dags/example_task_group_decorator.py for tasks to queue
[2025-08-09T18:36:15.920+0000] {logging_mixin.py:188} INFO - [2025-08-09T18:36:15.920+0000] {dagbag.py:540} INFO - Filling up the DagBag from /home/airflow/.local/lib/python3.12/site-packages/airflow/example_dags/example_task_group_decorator.py
[2025-08-09T18:36:15.952+0000] {processor.py:840} INFO - DAG(s) 'example_task_group_decorator' retrieved from /home/airflow/.local/lib/python3.12/site-packages/airflow/example_dags/example_task_group_decorator.py
[2025-08-09T18:36:15.993+0000] {logging_mixin.py:188} INFO - [2025-08-09T18:36:15.993+0000] {dag.py:3096} INFO - Sync 1 DAGs
[2025-08-09T18:36:16.041+0000] {logging_mixin.py:188} INFO - [2025-08-09T18:36:16.040+0000] {dag.py:3954} INFO - Setting next_dagrun for example_task_group_decorator to 2025-08-08 00:00:00+00:00, run_after=2025-08-09 00:00:00+00:00
[2025-08-09T18:36:16.069+0000] {processor.py:183} INFO - Processing /home/airflow/.local/lib/python3.12/site-packages/airflow/example_dags/example_task_group_decorator.py took 0.161 seconds
[2025-08-09T18:36:46.552+0000] {processor.py:161} INFO - Started process (PID=1185) to work on /home/airflow/.local/lib/python3.12/site-packages/airflow/example_dags/example_task_group_decorator.py
[2025-08-09T18:36:46.553+0000] {processor.py:830} INFO - Processing file /home/airflow/.local/lib/python3.12/site-packages/airflow/example_dags/example_task_group_decorator.py for tasks to queue
[2025-08-09T18:36:46.555+0000] {logging_mixin.py:188} INFO - [2025-08-09T18:36:46.555+0000] {dagbag.py:540} INFO - Filling up the DagBag from /home/airflow/.local/lib/python3.12/site-packages/airflow/example_dags/example_task_group_decorator.py
[2025-08-09T18:36:46.585+0000] {processor.py:840} INFO - DAG(s) 'example_task_group_decorator' retrieved from /home/airflow/.local/lib/python3.12/site-packages/airflow/example_dags/example_task_group_decorator.py
[2025-08-09T18:36:46.624+0000] {logging_mixin.py:188} INFO - [2025-08-09T18:36:46.623+0000] {dag.py:3096} INFO - Sync 1 DAGs
[2025-08-09T18:36:46.659+0000] {logging_mixin.py:188} INFO - [2025-08-09T18:36:46.659+0000] {dag.py:3954} INFO - Setting next_dagrun for example_task_group_decorator to 2025-08-08 00:00:00+00:00, run_after=2025-08-09 00:00:00+00:00
[2025-08-09T18:36:46.688+0000] {processor.py:183} INFO - Processing /home/airflow/.local/lib/python3.12/site-packages/airflow/example_dags/example_task_group_decorator.py took 0.145 seconds
[2025-08-09T18:37:16.948+0000] {processor.py:161} INFO - Started process (PID=1244) to work on /home/airflow/.local/lib/python3.12/site-packages/airflow/example_dags/example_task_group_decorator.py
[2025-08-09T18:37:16.950+0000] {processor.py:830} INFO - Processing file /home/airflow/.local/lib/python3.12/site-packages/airflow/example_dags/example_task_group_decorator.py for tasks to queue
[2025-08-09T18:37:16.953+0000] {logging_mixin.py:188} INFO - [2025-08-09T18:37:16.953+0000] {dagbag.py:540} INFO - Filling up the DagBag from /home/airflow/.local/lib/python3.12/site-packages/airflow/example_dags/example_task_group_decorator.py
[2025-08-09T18:37:16.985+0000] {processor.py:840} INFO - DAG(s) 'example_task_group_decorator' retrieved from /home/airflow/.local/lib/python3.12/site-packages/airflow/example_dags/example_task_group_decorator.py
[2025-08-09T18:37:17.041+0000] {logging_mixin.py:188} INFO - [2025-08-09T18:37:17.041+0000] {dag.py:3096} INFO - Sync 1 DAGs
[2025-08-09T18:37:17.093+0000] {logging_mixin.py:188} INFO - [2025-08-09T18:37:17.092+0000] {dag.py:3954} INFO - Setting next_dagrun for example_task_group_decorator to 2025-08-08 00:00:00+00:00, run_after=2025-08-09 00:00:00+00:00
[2025-08-09T18:37:17.135+0000] {processor.py:183} INFO - Processing /home/airflow/.local/lib/python3.12/site-packages/airflow/example_dags/example_task_group_decorator.py took 0.199 seconds
[2025-08-09T18:37:47.282+0000] {processor.py:161} INFO - Started process (PID=1303) to work on /home/airflow/.local/lib/python3.12/site-packages/airflow/example_dags/example_task_group_decorator.py
[2025-08-09T18:37:47.283+0000] {processor.py:830} INFO - Processing file /home/airflow/.local/lib/python3.12/site-packages/airflow/example_dags/example_task_group_decorator.py for tasks to queue
[2025-08-09T18:37:47.286+0000] {logging_mixin.py:188} INFO - [2025-08-09T18:37:47.285+0000] {dagbag.py:540} INFO - Filling up the DagBag from /home/airflow/.local/lib/python3.12/site-packages/airflow/example_dags/example_task_group_decorator.py
[2025-08-09T18:37:47.312+0000] {processor.py:840} INFO - DAG(s) 'example_task_group_decorator' retrieved from /home/airflow/.local/lib/python3.12/site-packages/airflow/example_dags/example_task_group_decorator.py
[2025-08-09T18:37:47.358+0000] {logging_mixin.py:188} INFO - [2025-08-09T18:37:47.358+0000] {dag.py:3096} INFO - Sync 1 DAGs
[2025-08-09T18:37:47.399+0000] {logging_mixin.py:188} INFO - [2025-08-09T18:37:47.398+0000] {dag.py:3954} INFO - Setting next_dagrun for example_task_group_decorator to 2025-08-08 00:00:00+00:00, run_after=2025-08-09 00:00:00+00:00
[2025-08-09T18:37:47.443+0000] {processor.py:183} INFO - Processing /home/airflow/.local/lib/python3.12/site-packages/airflow/example_dags/example_task_group_decorator.py took 0.172 seconds
[2025-08-09T18:38:17.818+0000] {processor.py:161} INFO - Started process (PID=1362) to work on /home/airflow/.local/lib/python3.12/site-packages/airflow/example_dags/example_task_group_decorator.py
[2025-08-09T18:38:17.819+0000] {processor.py:830} INFO - Processing file /home/airflow/.local/lib/python3.12/site-packages/airflow/example_dags/example_task_group_decorator.py for tasks to queue
[2025-08-09T18:38:17.823+0000] {logging_mixin.py:188} INFO - [2025-08-09T18:38:17.822+0000] {dagbag.py:540} INFO - Filling up the DagBag from /home/airflow/.local/lib/python3.12/site-packages/airflow/example_dags/example_task_group_decorator.py
[2025-08-09T18:38:17.844+0000] {processor.py:840} INFO - DAG(s) 'example_task_group_decorator' retrieved from /home/airflow/.local/lib/python3.12/site-packages/airflow/example_dags/example_task_group_decorator.py
[2025-08-09T18:38:17.885+0000] {logging_mixin.py:188} INFO - [2025-08-09T18:38:17.885+0000] {dag.py:3096} INFO - Sync 1 DAGs
[2025-08-09T18:38:17.916+0000] {logging_mixin.py:188} INFO - [2025-08-09T18:38:17.915+0000] {dag.py:3954} INFO - Setting next_dagrun for example_task_group_decorator to 2025-08-08 00:00:00+00:00, run_after=2025-08-09 00:00:00+00:00
[2025-08-09T18:38:17.936+0000] {processor.py:183} INFO - Processing /home/airflow/.local/lib/python3.12/site-packages/airflow/example_dags/example_task_group_decorator.py took 0.127 seconds
[2025-08-09T18:38:48.559+0000] {processor.py:161} INFO - Started process (PID=1421) to work on /home/airflow/.local/lib/python3.12/site-packages/airflow/example_dags/example_task_group_decorator.py
[2025-08-09T18:38:48.560+0000] {processor.py:830} INFO - Processing file /home/airflow/.local/lib/python3.12/site-packages/airflow/example_dags/example_task_group_decorator.py for tasks to queue
[2025-08-09T18:38:48.563+0000] {logging_mixin.py:188} INFO - [2025-08-09T18:38:48.563+0000] {dagbag.py:540} INFO - Filling up the DagBag from /home/airflow/.local/lib/python3.12/site-packages/airflow/example_dags/example_task_group_decorator.py
[2025-08-09T18:38:48.597+0000] {processor.py:840} INFO - DAG(s) 'example_task_group_decorator' retrieved from /home/airflow/.local/lib/python3.12/site-packages/airflow/example_dags/example_task_group_decorator.py
[2025-08-09T18:38:48.638+0000] {logging_mixin.py:188} INFO - [2025-08-09T18:38:48.637+0000] {dag.py:3096} INFO - Sync 1 DAGs
[2025-08-09T18:38:48.674+0000] {logging_mixin.py:188} INFO - [2025-08-09T18:38:48.673+0000] {dag.py:3954} INFO - Setting next_dagrun for example_task_group_decorator to 2025-08-08 00:00:00+00:00, run_after=2025-08-09 00:00:00+00:00
[2025-08-09T18:38:48.705+0000] {processor.py:183} INFO - Processing /home/airflow/.local/lib/python3.12/site-packages/airflow/example_dags/example_task_group_decorator.py took 0.155 seconds
[2025-08-09T18:39:19.274+0000] {processor.py:161} INFO - Started process (PID=1480) to work on /home/airflow/.local/lib/python3.12/site-packages/airflow/example_dags/example_task_group_decorator.py
[2025-08-09T18:39:19.276+0000] {processor.py:830} INFO - Processing file /home/airflow/.local/lib/python3.12/site-packages/airflow/example_dags/example_task_group_decorator.py for tasks to queue
[2025-08-09T18:39:19.280+0000] {logging_mixin.py:188} INFO - [2025-08-09T18:39:19.280+0000] {dagbag.py:540} INFO - Filling up the DagBag from /home/airflow/.local/lib/python3.12/site-packages/airflow/example_dags/example_task_group_decorator.py
[2025-08-09T18:39:19.322+0000] {processor.py:840} INFO - DAG(s) 'example_task_group_decorator' retrieved from /home/airflow/.local/lib/python3.12/site-packages/airflow/example_dags/example_task_group_decorator.py
[2025-08-09T18:39:19.383+0000] {logging_mixin.py:188} INFO - [2025-08-09T18:39:19.382+0000] {dag.py:3096} INFO - Sync 1 DAGs
[2025-08-09T18:39:19.423+0000] {logging_mixin.py:188} INFO - [2025-08-09T18:39:19.423+0000] {dag.py:3954} INFO - Setting next_dagrun for example_task_group_decorator to 2025-08-08 00:00:00+00:00, run_after=2025-08-09 00:00:00+00:00
[2025-08-09T18:39:19.446+0000] {processor.py:183} INFO - Processing /home/airflow/.local/lib/python3.12/site-packages/airflow/example_dags/example_task_group_decorator.py took 0.185 seconds
[2025-08-09T18:39:49.785+0000] {processor.py:161} INFO - Started process (PID=1539) to work on /home/airflow/.local/lib/python3.12/site-packages/airflow/example_dags/example_task_group_decorator.py
[2025-08-09T18:39:49.787+0000] {processor.py:830} INFO - Processing file /home/airflow/.local/lib/python3.12/site-packages/airflow/example_dags/example_task_group_decorator.py for tasks to queue
[2025-08-09T18:39:49.791+0000] {logging_mixin.py:188} INFO - [2025-08-09T18:39:49.790+0000] {dagbag.py:540} INFO - Filling up the DagBag from /home/airflow/.local/lib/python3.12/site-packages/airflow/example_dags/example_task_group_decorator.py
[2025-08-09T18:39:49.837+0000] {processor.py:840} INFO - DAG(s) 'example_task_group_decorator' retrieved from /home/airflow/.local/lib/python3.12/site-packages/airflow/example_dags/example_task_group_decorator.py
[2025-08-09T18:39:49.918+0000] {logging_mixin.py:188} INFO - [2025-08-09T18:39:49.918+0000] {dag.py:3096} INFO - Sync 1 DAGs
[2025-08-09T18:39:49.973+0000] {logging_mixin.py:188} INFO - [2025-08-09T18:39:49.972+0000] {dag.py:3954} INFO - Setting next_dagrun for example_task_group_decorator to 2025-08-08 00:00:00+00:00, run_after=2025-08-09 00:00:00+00:00
[2025-08-09T18:39:50.007+0000] {processor.py:183} INFO - Processing /home/airflow/.local/lib/python3.12/site-packages/airflow/example_dags/example_task_group_decorator.py took 0.236 seconds
[2025-08-09T18:40:20.416+0000] {processor.py:161} INFO - Started process (PID=1598) to work on /home/airflow/.local/lib/python3.12/site-packages/airflow/example_dags/example_task_group_decorator.py
[2025-08-09T18:40:20.418+0000] {processor.py:830} INFO - Processing file /home/airflow/.local/lib/python3.12/site-packages/airflow/example_dags/example_task_group_decorator.py for tasks to queue
[2025-08-09T18:40:20.422+0000] {logging_mixin.py:188} INFO - [2025-08-09T18:40:20.422+0000] {dagbag.py:540} INFO - Filling up the DagBag from /home/airflow/.local/lib/python3.12/site-packages/airflow/example_dags/example_task_group_decorator.py
[2025-08-09T18:40:20.454+0000] {processor.py:840} INFO - DAG(s) 'example_task_group_decorator' retrieved from /home/airflow/.local/lib/python3.12/site-packages/airflow/example_dags/example_task_group_decorator.py
[2025-08-09T18:40:20.493+0000] {logging_mixin.py:188} INFO - [2025-08-09T18:40:20.492+0000] {dag.py:3096} INFO - Sync 1 DAGs
[2025-08-09T18:40:20.527+0000] {logging_mixin.py:188} INFO - [2025-08-09T18:40:20.526+0000] {dag.py:3954} INFO - Setting next_dagrun for example_task_group_decorator to 2025-08-08 00:00:00+00:00, run_after=2025-08-09 00:00:00+00:00
[2025-08-09T18:40:20.566+0000] {processor.py:183} INFO - Processing /home/airflow/.local/lib/python3.12/site-packages/airflow/example_dags/example_task_group_decorator.py took 0.163 seconds
[2025-08-09T18:40:51.089+0000] {processor.py:161} INFO - Started process (PID=1657) to work on /home/airflow/.local/lib/python3.12/site-packages/airflow/example_dags/example_task_group_decorator.py
[2025-08-09T18:40:51.091+0000] {processor.py:830} INFO - Processing file /home/airflow/.local/lib/python3.12/site-packages/airflow/example_dags/example_task_group_decorator.py for tasks to queue
[2025-08-09T18:40:51.096+0000] {logging_mixin.py:188} INFO - [2025-08-09T18:40:51.095+0000] {dagbag.py:540} INFO - Filling up the DagBag from /home/airflow/.local/lib/python3.12/site-packages/airflow/example_dags/example_task_group_decorator.py
[2025-08-09T18:40:51.143+0000] {processor.py:840} INFO - DAG(s) 'example_task_group_decorator' retrieved from /home/airflow/.local/lib/python3.12/site-packages/airflow/example_dags/example_task_group_decorator.py
[2025-08-09T18:40:51.228+0000] {logging_mixin.py:188} INFO - [2025-08-09T18:40:51.227+0000] {dag.py:3096} INFO - Sync 1 DAGs
[2025-08-09T18:40:51.291+0000] {logging_mixin.py:188} INFO - [2025-08-09T18:40:51.291+0000] {dag.py:3954} INFO - Setting next_dagrun for example_task_group_decorator to 2025-08-08 00:00:00+00:00, run_after=2025-08-09 00:00:00+00:00
[2025-08-09T18:40:51.325+0000] {processor.py:183} INFO - Processing /home/airflow/.local/lib/python3.12/site-packages/airflow/example_dags/example_task_group_decorator.py took 0.247 seconds
[2025-08-09T18:41:21.398+0000] {processor.py:161} INFO - Started process (PID=1717) to work on /home/airflow/.local/lib/python3.12/site-packages/airflow/example_dags/example_task_group_decorator.py
[2025-08-09T18:41:21.399+0000] {processor.py:830} INFO - Processing file /home/airflow/.local/lib/python3.12/site-packages/airflow/example_dags/example_task_group_decorator.py for tasks to queue
[2025-08-09T18:41:21.402+0000] {logging_mixin.py:188} INFO - [2025-08-09T18:41:21.401+0000] {dagbag.py:540} INFO - Filling up the DagBag from /home/airflow/.local/lib/python3.12/site-packages/airflow/example_dags/example_task_group_decorator.py
[2025-08-09T18:41:21.420+0000] {processor.py:840} INFO - DAG(s) 'example_task_group_decorator' retrieved from /home/airflow/.local/lib/python3.12/site-packages/airflow/example_dags/example_task_group_decorator.py
[2025-08-09T18:41:21.459+0000] {logging_mixin.py:188} INFO - [2025-08-09T18:41:21.458+0000] {dag.py:3096} INFO - Sync 1 DAGs
[2025-08-09T18:41:21.494+0000] {logging_mixin.py:188} INFO - [2025-08-09T18:41:21.493+0000] {dag.py:3954} INFO - Setting next_dagrun for example_task_group_decorator to 2025-08-08 00:00:00+00:00, run_after=2025-08-09 00:00:00+00:00
[2025-08-09T18:41:21.529+0000] {processor.py:183} INFO - Processing /home/airflow/.local/lib/python3.12/site-packages/airflow/example_dags/example_task_group_decorator.py took 0.138 seconds
[2025-08-09T18:41:51.831+0000] {processor.py:161} INFO - Started process (PID=1776) to work on /home/airflow/.local/lib/python3.12/site-packages/airflow/example_dags/example_task_group_decorator.py
[2025-08-09T18:41:51.832+0000] {processor.py:830} INFO - Processing file /home/airflow/.local/lib/python3.12/site-packages/airflow/example_dags/example_task_group_decorator.py for tasks to queue
[2025-08-09T18:41:51.835+0000] {logging_mixin.py:188} INFO - [2025-08-09T18:41:51.835+0000] {dagbag.py:540} INFO - Filling up the DagBag from /home/airflow/.local/lib/python3.12/site-packages/airflow/example_dags/example_task_group_decorator.py
[2025-08-09T18:41:51.857+0000] {processor.py:840} INFO - DAG(s) 'example_task_group_decorator' retrieved from /home/airflow/.local/lib/python3.12/site-packages/airflow/example_dags/example_task_group_decorator.py
[2025-08-09T18:41:51.895+0000] {logging_mixin.py:188} INFO - [2025-08-09T18:41:51.894+0000] {dag.py:3096} INFO - Sync 1 DAGs
[2025-08-09T18:41:51.934+0000] {logging_mixin.py:188} INFO - [2025-08-09T18:41:51.934+0000] {dag.py:3954} INFO - Setting next_dagrun for example_task_group_decorator to 2025-08-08 00:00:00+00:00, run_after=2025-08-09 00:00:00+00:00
[2025-08-09T18:41:51.960+0000] {processor.py:183} INFO - Processing /home/airflow/.local/lib/python3.12/site-packages/airflow/example_dags/example_task_group_decorator.py took 0.140 seconds
[2025-08-09T18:42:22.229+0000] {processor.py:161} INFO - Started process (PID=1835) to work on /home/airflow/.local/lib/python3.12/site-packages/airflow/example_dags/example_task_group_decorator.py
[2025-08-09T18:42:22.230+0000] {processor.py:830} INFO - Processing file /home/airflow/.local/lib/python3.12/site-packages/airflow/example_dags/example_task_group_decorator.py for tasks to queue
[2025-08-09T18:42:22.234+0000] {logging_mixin.py:188} INFO - [2025-08-09T18:42:22.233+0000] {dagbag.py:540} INFO - Filling up the DagBag from /home/airflow/.local/lib/python3.12/site-packages/airflow/example_dags/example_task_group_decorator.py
[2025-08-09T18:42:22.267+0000] {processor.py:840} INFO - DAG(s) 'example_task_group_decorator' retrieved from /home/airflow/.local/lib/python3.12/site-packages/airflow/example_dags/example_task_group_decorator.py
[2025-08-09T18:42:22.336+0000] {logging_mixin.py:188} INFO - [2025-08-09T18:42:22.335+0000] {dag.py:3096} INFO - Sync 1 DAGs
[2025-08-09T18:42:22.382+0000] {logging_mixin.py:188} INFO - [2025-08-09T18:42:22.382+0000] {dag.py:3954} INFO - Setting next_dagrun for example_task_group_decorator to 2025-08-08 00:00:00+00:00, run_after=2025-08-09 00:00:00+00:00
[2025-08-09T18:42:22.420+0000] {processor.py:183} INFO - Processing /home/airflow/.local/lib/python3.12/site-packages/airflow/example_dags/example_task_group_decorator.py took 0.200 seconds
[2025-08-09T18:42:52.716+0000] {processor.py:161} INFO - Started process (PID=1894) to work on /home/airflow/.local/lib/python3.12/site-packages/airflow/example_dags/example_task_group_decorator.py
[2025-08-09T18:42:52.717+0000] {processor.py:830} INFO - Processing file /home/airflow/.local/lib/python3.12/site-packages/airflow/example_dags/example_task_group_decorator.py for tasks to queue
[2025-08-09T18:42:52.721+0000] {logging_mixin.py:188} INFO - [2025-08-09T18:42:52.720+0000] {dagbag.py:540} INFO - Filling up the DagBag from /home/airflow/.local/lib/python3.12/site-packages/airflow/example_dags/example_task_group_decorator.py
[2025-08-09T18:42:52.747+0000] {processor.py:840} INFO - DAG(s) 'example_task_group_decorator' retrieved from /home/airflow/.local/lib/python3.12/site-packages/airflow/example_dags/example_task_group_decorator.py
[2025-08-09T18:42:52.801+0000] {logging_mixin.py:188} INFO - [2025-08-09T18:42:52.800+0000] {dag.py:3096} INFO - Sync 1 DAGs
[2025-08-09T18:42:52.844+0000] {logging_mixin.py:188} INFO - [2025-08-09T18:42:52.844+0000] {dag.py:3954} INFO - Setting next_dagrun for example_task_group_decorator to 2025-08-08 00:00:00+00:00, run_after=2025-08-09 00:00:00+00:00
[2025-08-09T18:42:52.883+0000] {processor.py:183} INFO - Processing /home/airflow/.local/lib/python3.12/site-packages/airflow/example_dags/example_task_group_decorator.py took 0.177 seconds
[2025-08-09T18:43:23.701+0000] {processor.py:161} INFO - Started process (PID=1953) to work on /home/airflow/.local/lib/python3.12/site-packages/airflow/example_dags/example_task_group_decorator.py
[2025-08-09T18:43:23.702+0000] {processor.py:830} INFO - Processing file /home/airflow/.local/lib/python3.12/site-packages/airflow/example_dags/example_task_group_decorator.py for tasks to queue
[2025-08-09T18:43:23.705+0000] {logging_mixin.py:188} INFO - [2025-08-09T18:43:23.705+0000] {dagbag.py:540} INFO - Filling up the DagBag from /home/airflow/.local/lib/python3.12/site-packages/airflow/example_dags/example_task_group_decorator.py
[2025-08-09T18:43:23.732+0000] {processor.py:840} INFO - DAG(s) 'example_task_group_decorator' retrieved from /home/airflow/.local/lib/python3.12/site-packages/airflow/example_dags/example_task_group_decorator.py
[2025-08-09T18:43:23.771+0000] {logging_mixin.py:188} INFO - [2025-08-09T18:43:23.771+0000] {dag.py:3096} INFO - Sync 1 DAGs
[2025-08-09T18:43:23.805+0000] {logging_mixin.py:188} INFO - [2025-08-09T18:43:23.805+0000] {dag.py:3954} INFO - Setting next_dagrun for example_task_group_decorator to 2025-08-08 00:00:00+00:00, run_after=2025-08-09 00:00:00+00:00
[2025-08-09T18:43:23.838+0000] {processor.py:183} INFO - Processing /home/airflow/.local/lib/python3.12/site-packages/airflow/example_dags/example_task_group_decorator.py took 0.145 seconds
[2025-08-09T18:43:54.327+0000] {processor.py:161} INFO - Started process (PID=2012) to work on /home/airflow/.local/lib/python3.12/site-packages/airflow/example_dags/example_task_group_decorator.py
[2025-08-09T18:43:54.328+0000] {processor.py:830} INFO - Processing file /home/airflow/.local/lib/python3.12/site-packages/airflow/example_dags/example_task_group_decorator.py for tasks to queue
[2025-08-09T18:43:54.331+0000] {logging_mixin.py:188} INFO - [2025-08-09T18:43:54.330+0000] {dagbag.py:540} INFO - Filling up the DagBag from /home/airflow/.local/lib/python3.12/site-packages/airflow/example_dags/example_task_group_decorator.py
[2025-08-09T18:43:54.352+0000] {processor.py:840} INFO - DAG(s) 'example_task_group_decorator' retrieved from /home/airflow/.local/lib/python3.12/site-packages/airflow/example_dags/example_task_group_decorator.py
[2025-08-09T18:43:54.391+0000] {logging_mixin.py:188} INFO - [2025-08-09T18:43:54.391+0000] {dag.py:3096} INFO - Sync 1 DAGs
[2025-08-09T18:43:54.426+0000] {logging_mixin.py:188} INFO - [2025-08-09T18:43:54.425+0000] {dag.py:3954} INFO - Setting next_dagrun for example_task_group_decorator to 2025-08-08 00:00:00+00:00, run_after=2025-08-09 00:00:00+00:00
[2025-08-09T18:43:54.455+0000] {processor.py:183} INFO - Processing /home/airflow/.local/lib/python3.12/site-packages/airflow/example_dags/example_task_group_decorator.py took 0.137 seconds
[2025-08-09T18:44:24.674+0000] {processor.py:161} INFO - Started process (PID=2071) to work on /home/airflow/.local/lib/python3.12/site-packages/airflow/example_dags/example_task_group_decorator.py
[2025-08-09T18:44:24.676+0000] {processor.py:830} INFO - Processing file /home/airflow/.local/lib/python3.12/site-packages/airflow/example_dags/example_task_group_decorator.py for tasks to queue
[2025-08-09T18:44:24.679+0000] {logging_mixin.py:188} INFO - [2025-08-09T18:44:24.679+0000] {dagbag.py:540} INFO - Filling up the DagBag from /home/airflow/.local/lib/python3.12/site-packages/airflow/example_dags/example_task_group_decorator.py
[2025-08-09T18:44:24.702+0000] {processor.py:840} INFO - DAG(s) 'example_task_group_decorator' retrieved from /home/airflow/.local/lib/python3.12/site-packages/airflow/example_dags/example_task_group_decorator.py
[2025-08-09T18:44:24.735+0000] {logging_mixin.py:188} INFO - [2025-08-09T18:44:24.735+0000] {dag.py:3096} INFO - Sync 1 DAGs
[2025-08-09T18:44:24.769+0000] {logging_mixin.py:188} INFO - [2025-08-09T18:44:24.769+0000] {dag.py:3954} INFO - Setting next_dagrun for example_task_group_decorator to 2025-08-08 00:00:00+00:00, run_after=2025-08-09 00:00:00+00:00
[2025-08-09T18:44:24.799+0000] {processor.py:183} INFO - Processing /home/airflow/.local/lib/python3.12/site-packages/airflow/example_dags/example_task_group_decorator.py took 0.137 seconds
[2025-08-09T18:44:55.803+0000] {processor.py:161} INFO - Started process (PID=2130) to work on /home/airflow/.local/lib/python3.12/site-packages/airflow/example_dags/example_task_group_decorator.py
[2025-08-09T18:44:55.804+0000] {processor.py:830} INFO - Processing file /home/airflow/.local/lib/python3.12/site-packages/airflow/example_dags/example_task_group_decorator.py for tasks to queue
[2025-08-09T18:44:55.807+0000] {logging_mixin.py:188} INFO - [2025-08-09T18:44:55.806+0000] {dagbag.py:540} INFO - Filling up the DagBag from /home/airflow/.local/lib/python3.12/site-packages/airflow/example_dags/example_task_group_decorator.py
[2025-08-09T18:44:55.837+0000] {processor.py:840} INFO - DAG(s) 'example_task_group_decorator' retrieved from /home/airflow/.local/lib/python3.12/site-packages/airflow/example_dags/example_task_group_decorator.py
[2025-08-09T18:44:55.872+0000] {logging_mixin.py:188} INFO - [2025-08-09T18:44:55.871+0000] {dag.py:3096} INFO - Sync 1 DAGs
[2025-08-09T18:44:55.899+0000] {logging_mixin.py:188} INFO - [2025-08-09T18:44:55.898+0000] {dag.py:3954} INFO - Setting next_dagrun for example_task_group_decorator to 2025-08-08 00:00:00+00:00, run_after=2025-08-09 00:00:00+00:00
[2025-08-09T18:44:55.920+0000] {processor.py:183} INFO - Processing /home/airflow/.local/lib/python3.12/site-packages/airflow/example_dags/example_task_group_decorator.py took 0.126 seconds
