[2025-08-09T18:21:58.601+0000] {processor.py:161} INFO - Started process (PID=96) to work on /home/airflow/.local/lib/python3.12/site-packages/airflow/example_dags/example_latest_only_with_trigger.py
[2025-08-09T18:21:58.603+0000] {processor.py:830} INFO - Processing file /home/airflow/.local/lib/python3.12/site-packages/airflow/example_dags/example_latest_only_with_trigger.py for tasks to queue
[2025-08-09T18:21:58.608+0000] {logging_mixin.py:188} INFO - [2025-08-09T18:21:58.607+0000] {dagbag.py:540} INFO - Filling up the DagBag from /home/airflow/.local/lib/python3.12/site-packages/airflow/example_dags/example_latest_only_with_trigger.py
[2025-08-09T18:21:58.631+0000] {processor.py:840} INFO - DAG(s) 'latest_only_with_trigger' retrieved from /home/airflow/.local/lib/python3.12/site-packages/airflow/example_dags/example_latest_only_with_trigger.py
[2025-08-09T18:21:59.121+0000] {logging_mixin.py:188} INFO - [2025-08-09T18:21:59.120+0000] {dag.py:3096} INFO - Sync 1 DAGs
[2025-08-09T18:21:59.236+0000] {logging_mixin.py:188} INFO - [2025-08-09T18:21:59.236+0000] {dag.py:3954} INFO - Setting next_dagrun for latest_only_with_trigger to 2025-08-09 12:00:00+00:00, run_after=2025-08-09 16:00:00+00:00
[2025-08-09T18:21:59.308+0000] {processor.py:183} INFO - Processing /home/airflow/.local/lib/python3.12/site-packages/airflow/example_dags/example_latest_only_with_trigger.py took 0.732 seconds
[2025-08-09T18:22:30.018+0000] {processor.py:161} INFO - Started process (PID=155) to work on /home/airflow/.local/lib/python3.12/site-packages/airflow/example_dags/example_latest_only_with_trigger.py
[2025-08-09T18:22:30.019+0000] {processor.py:830} INFO - Processing file /home/airflow/.local/lib/python3.12/site-packages/airflow/example_dags/example_latest_only_with_trigger.py for tasks to queue
[2025-08-09T18:22:30.022+0000] {logging_mixin.py:188} INFO - [2025-08-09T18:22:30.022+0000] {dagbag.py:540} INFO - Filling up the DagBag from /home/airflow/.local/lib/python3.12/site-packages/airflow/example_dags/example_latest_only_with_trigger.py
[2025-08-09T18:22:30.029+0000] {processor.py:840} INFO - DAG(s) 'latest_only_with_trigger' retrieved from /home/airflow/.local/lib/python3.12/site-packages/airflow/example_dags/example_latest_only_with_trigger.py
[2025-08-09T18:22:30.058+0000] {logging_mixin.py:188} INFO - [2025-08-09T18:22:30.058+0000] {dag.py:3096} INFO - Sync 1 DAGs
[2025-08-09T18:22:30.085+0000] {logging_mixin.py:188} INFO - [2025-08-09T18:22:30.085+0000] {dag.py:3954} INFO - Setting next_dagrun for latest_only_with_trigger to 2025-08-09 12:00:00+00:00, run_after=2025-08-09 16:00:00+00:00
[2025-08-09T18:22:30.127+0000] {processor.py:183} INFO - Processing /home/airflow/.local/lib/python3.12/site-packages/airflow/example_dags/example_latest_only_with_trigger.py took 0.117 seconds
[2025-08-09T18:23:00.540+0000] {processor.py:161} INFO - Started process (PID=214) to work on /home/airflow/.local/lib/python3.12/site-packages/airflow/example_dags/example_latest_only_with_trigger.py
[2025-08-09T18:23:00.542+0000] {processor.py:830} INFO - Processing file /home/airflow/.local/lib/python3.12/site-packages/airflow/example_dags/example_latest_only_with_trigger.py for tasks to queue
[2025-08-09T18:23:00.544+0000] {logging_mixin.py:188} INFO - [2025-08-09T18:23:00.544+0000] {dagbag.py:540} INFO - Filling up the DagBag from /home/airflow/.local/lib/python3.12/site-packages/airflow/example_dags/example_latest_only_with_trigger.py
[2025-08-09T18:23:00.551+0000] {processor.py:840} INFO - DAG(s) 'latest_only_with_trigger' retrieved from /home/airflow/.local/lib/python3.12/site-packages/airflow/example_dags/example_latest_only_with_trigger.py
[2025-08-09T18:23:00.583+0000] {logging_mixin.py:188} INFO - [2025-08-09T18:23:00.583+0000] {dag.py:3096} INFO - Sync 1 DAGs
[2025-08-09T18:23:00.614+0000] {logging_mixin.py:188} INFO - [2025-08-09T18:23:00.613+0000] {dag.py:3954} INFO - Setting next_dagrun for latest_only_with_trigger to 2025-08-09 12:00:00+00:00, run_after=2025-08-09 16:00:00+00:00
[2025-08-09T18:23:00.652+0000] {processor.py:183} INFO - Processing /home/airflow/.local/lib/python3.12/site-packages/airflow/example_dags/example_latest_only_with_trigger.py took 0.124 seconds
[2025-08-09T18:23:30.886+0000] {processor.py:161} INFO - Started process (PID=273) to work on /home/airflow/.local/lib/python3.12/site-packages/airflow/example_dags/example_latest_only_with_trigger.py
[2025-08-09T18:23:30.888+0000] {processor.py:830} INFO - Processing file /home/airflow/.local/lib/python3.12/site-packages/airflow/example_dags/example_latest_only_with_trigger.py for tasks to queue
[2025-08-09T18:23:30.893+0000] {logging_mixin.py:188} INFO - [2025-08-09T18:23:30.892+0000] {dagbag.py:540} INFO - Filling up the DagBag from /home/airflow/.local/lib/python3.12/site-packages/airflow/example_dags/example_latest_only_with_trigger.py
[2025-08-09T18:23:30.907+0000] {processor.py:840} INFO - DAG(s) 'latest_only_with_trigger' retrieved from /home/airflow/.local/lib/python3.12/site-packages/airflow/example_dags/example_latest_only_with_trigger.py
[2025-08-09T18:23:30.946+0000] {logging_mixin.py:188} INFO - [2025-08-09T18:23:30.946+0000] {dag.py:3096} INFO - Sync 1 DAGs
[2025-08-09T18:23:30.978+0000] {logging_mixin.py:188} INFO - [2025-08-09T18:23:30.977+0000] {dag.py:3954} INFO - Setting next_dagrun for latest_only_with_trigger to 2025-08-09 12:00:00+00:00, run_after=2025-08-09 16:00:00+00:00
[2025-08-09T18:23:31.035+0000] {processor.py:183} INFO - Processing /home/airflow/.local/lib/python3.12/site-packages/airflow/example_dags/example_latest_only_with_trigger.py took 0.169 seconds
[2025-08-09T18:24:01.436+0000] {processor.py:161} INFO - Started process (PID=332) to work on /home/airflow/.local/lib/python3.12/site-packages/airflow/example_dags/example_latest_only_with_trigger.py
[2025-08-09T18:24:01.438+0000] {processor.py:830} INFO - Processing file /home/airflow/.local/lib/python3.12/site-packages/airflow/example_dags/example_latest_only_with_trigger.py for tasks to queue
[2025-08-09T18:24:01.442+0000] {logging_mixin.py:188} INFO - [2025-08-09T18:24:01.441+0000] {dagbag.py:540} INFO - Filling up the DagBag from /home/airflow/.local/lib/python3.12/site-packages/airflow/example_dags/example_latest_only_with_trigger.py
[2025-08-09T18:24:01.458+0000] {processor.py:840} INFO - DAG(s) 'latest_only_with_trigger' retrieved from /home/airflow/.local/lib/python3.12/site-packages/airflow/example_dags/example_latest_only_with_trigger.py
[2025-08-09T18:24:01.503+0000] {logging_mixin.py:188} INFO - [2025-08-09T18:24:01.502+0000] {dag.py:3096} INFO - Sync 1 DAGs
[2025-08-09T18:24:01.556+0000] {logging_mixin.py:188} INFO - [2025-08-09T18:24:01.556+0000] {dag.py:3954} INFO - Setting next_dagrun for latest_only_with_trigger to 2025-08-09 12:00:00+00:00, run_after=2025-08-09 16:00:00+00:00
[2025-08-09T18:24:01.595+0000] {processor.py:183} INFO - Processing /home/airflow/.local/lib/python3.12/site-packages/airflow/example_dags/example_latest_only_with_trigger.py took 0.174 seconds
[2025-08-09T18:24:32.025+0000] {processor.py:161} INFO - Started process (PID=391) to work on /home/airflow/.local/lib/python3.12/site-packages/airflow/example_dags/example_latest_only_with_trigger.py
[2025-08-09T18:24:32.027+0000] {processor.py:830} INFO - Processing file /home/airflow/.local/lib/python3.12/site-packages/airflow/example_dags/example_latest_only_with_trigger.py for tasks to queue
[2025-08-09T18:24:32.030+0000] {logging_mixin.py:188} INFO - [2025-08-09T18:24:32.029+0000] {dagbag.py:540} INFO - Filling up the DagBag from /home/airflow/.local/lib/python3.12/site-packages/airflow/example_dags/example_latest_only_with_trigger.py
[2025-08-09T18:24:32.042+0000] {processor.py:840} INFO - DAG(s) 'latest_only_with_trigger' retrieved from /home/airflow/.local/lib/python3.12/site-packages/airflow/example_dags/example_latest_only_with_trigger.py
[2025-08-09T18:24:32.075+0000] {logging_mixin.py:188} INFO - [2025-08-09T18:24:32.075+0000] {dag.py:3096} INFO - Sync 1 DAGs
[2025-08-09T18:24:32.116+0000] {logging_mixin.py:188} INFO - [2025-08-09T18:24:32.116+0000] {dag.py:3954} INFO - Setting next_dagrun for latest_only_with_trigger to 2025-08-09 12:00:00+00:00, run_after=2025-08-09 16:00:00+00:00
[2025-08-09T18:24:32.167+0000] {processor.py:183} INFO - Processing /home/airflow/.local/lib/python3.12/site-packages/airflow/example_dags/example_latest_only_with_trigger.py took 0.157 seconds
[2025-08-09T18:25:02.282+0000] {processor.py:161} INFO - Started process (PID=450) to work on /home/airflow/.local/lib/python3.12/site-packages/airflow/example_dags/example_latest_only_with_trigger.py
[2025-08-09T18:25:02.284+0000] {processor.py:830} INFO - Processing file /home/airflow/.local/lib/python3.12/site-packages/airflow/example_dags/example_latest_only_with_trigger.py for tasks to queue
[2025-08-09T18:25:02.289+0000] {logging_mixin.py:188} INFO - [2025-08-09T18:25:02.287+0000] {dagbag.py:540} INFO - Filling up the DagBag from /home/airflow/.local/lib/python3.12/site-packages/airflow/example_dags/example_latest_only_with_trigger.py
[2025-08-09T18:25:02.304+0000] {processor.py:840} INFO - DAG(s) 'latest_only_with_trigger' retrieved from /home/airflow/.local/lib/python3.12/site-packages/airflow/example_dags/example_latest_only_with_trigger.py
[2025-08-09T18:25:02.385+0000] {logging_mixin.py:188} INFO - [2025-08-09T18:25:02.384+0000] {dag.py:3096} INFO - Sync 1 DAGs
[2025-08-09T18:25:02.482+0000] {logging_mixin.py:188} INFO - [2025-08-09T18:25:02.482+0000] {dag.py:3954} INFO - Setting next_dagrun for latest_only_with_trigger to 2025-08-09 12:00:00+00:00, run_after=2025-08-09 16:00:00+00:00
[2025-08-09T18:25:02.550+0000] {processor.py:183} INFO - Processing /home/airflow/.local/lib/python3.12/site-packages/airflow/example_dags/example_latest_only_with_trigger.py took 0.289 seconds
[2025-08-09T18:25:33.325+0000] {processor.py:161} INFO - Started process (PID=509) to work on /home/airflow/.local/lib/python3.12/site-packages/airflow/example_dags/example_latest_only_with_trigger.py
[2025-08-09T18:25:33.327+0000] {processor.py:830} INFO - Processing file /home/airflow/.local/lib/python3.12/site-packages/airflow/example_dags/example_latest_only_with_trigger.py for tasks to queue
[2025-08-09T18:25:33.330+0000] {logging_mixin.py:188} INFO - [2025-08-09T18:25:33.329+0000] {dagbag.py:540} INFO - Filling up the DagBag from /home/airflow/.local/lib/python3.12/site-packages/airflow/example_dags/example_latest_only_with_trigger.py
[2025-08-09T18:25:33.338+0000] {processor.py:840} INFO - DAG(s) 'latest_only_with_trigger' retrieved from /home/airflow/.local/lib/python3.12/site-packages/airflow/example_dags/example_latest_only_with_trigger.py
[2025-08-09T18:25:33.374+0000] {logging_mixin.py:188} INFO - [2025-08-09T18:25:33.373+0000] {dag.py:3096} INFO - Sync 1 DAGs
[2025-08-09T18:25:33.407+0000] {logging_mixin.py:188} INFO - [2025-08-09T18:25:33.407+0000] {dag.py:3954} INFO - Setting next_dagrun for latest_only_with_trigger to 2025-08-09 12:00:00+00:00, run_after=2025-08-09 16:00:00+00:00
[2025-08-09T18:25:33.444+0000] {processor.py:183} INFO - Processing /home/airflow/.local/lib/python3.12/site-packages/airflow/example_dags/example_latest_only_with_trigger.py took 0.127 seconds
[2025-08-09T18:27:26.671+0000] {processor.py:161} INFO - Started process (PID=97) to work on /home/airflow/.local/lib/python3.12/site-packages/airflow/example_dags/example_latest_only_with_trigger.py
[2025-08-09T18:27:26.674+0000] {processor.py:830} INFO - Processing file /home/airflow/.local/lib/python3.12/site-packages/airflow/example_dags/example_latest_only_with_trigger.py for tasks to queue
[2025-08-09T18:27:26.679+0000] {logging_mixin.py:188} INFO - [2025-08-09T18:27:26.678+0000] {dagbag.py:540} INFO - Filling up the DagBag from /home/airflow/.local/lib/python3.12/site-packages/airflow/example_dags/example_latest_only_with_trigger.py
[2025-08-09T18:27:26.700+0000] {processor.py:840} INFO - DAG(s) 'latest_only_with_trigger' retrieved from /home/airflow/.local/lib/python3.12/site-packages/airflow/example_dags/example_latest_only_with_trigger.py
[2025-08-09T18:27:27.045+0000] {logging_mixin.py:188} INFO - [2025-08-09T18:27:27.044+0000] {dag.py:3096} INFO - Sync 1 DAGs
[2025-08-09T18:27:27.092+0000] {logging_mixin.py:188} INFO - [2025-08-09T18:27:27.091+0000] {dag.py:3954} INFO - Setting next_dagrun for latest_only_with_trigger to 2025-08-09 12:00:00+00:00, run_after=2025-08-09 16:00:00+00:00
[2025-08-09T18:27:27.158+0000] {processor.py:183} INFO - Processing /home/airflow/.local/lib/python3.12/site-packages/airflow/example_dags/example_latest_only_with_trigger.py took 0.499 seconds
[2025-08-09T18:27:57.222+0000] {processor.py:161} INFO - Started process (PID=156) to work on /home/airflow/.local/lib/python3.12/site-packages/airflow/example_dags/example_latest_only_with_trigger.py
[2025-08-09T18:27:57.224+0000] {processor.py:830} INFO - Processing file /home/airflow/.local/lib/python3.12/site-packages/airflow/example_dags/example_latest_only_with_trigger.py for tasks to queue
[2025-08-09T18:27:57.228+0000] {logging_mixin.py:188} INFO - [2025-08-09T18:27:57.227+0000] {dagbag.py:540} INFO - Filling up the DagBag from /home/airflow/.local/lib/python3.12/site-packages/airflow/example_dags/example_latest_only_with_trigger.py
[2025-08-09T18:27:57.249+0000] {processor.py:840} INFO - DAG(s) 'latest_only_with_trigger' retrieved from /home/airflow/.local/lib/python3.12/site-packages/airflow/example_dags/example_latest_only_with_trigger.py
[2025-08-09T18:27:57.325+0000] {logging_mixin.py:188} INFO - [2025-08-09T18:27:57.323+0000] {dag.py:3096} INFO - Sync 1 DAGs
[2025-08-09T18:27:57.422+0000] {logging_mixin.py:188} INFO - [2025-08-09T18:27:57.421+0000] {dag.py:3954} INFO - Setting next_dagrun for latest_only_with_trigger to 2025-08-09 12:00:00+00:00, run_after=2025-08-09 16:00:00+00:00
[2025-08-09T18:27:57.472+0000] {processor.py:183} INFO - Processing /home/airflow/.local/lib/python3.12/site-packages/airflow/example_dags/example_latest_only_with_trigger.py took 0.262 seconds
[2025-08-09T18:28:27.805+0000] {processor.py:161} INFO - Started process (PID=215) to work on /home/airflow/.local/lib/python3.12/site-packages/airflow/example_dags/example_latest_only_with_trigger.py
[2025-08-09T18:28:27.818+0000] {processor.py:830} INFO - Processing file /home/airflow/.local/lib/python3.12/site-packages/airflow/example_dags/example_latest_only_with_trigger.py for tasks to queue
[2025-08-09T18:28:27.821+0000] {logging_mixin.py:188} INFO - [2025-08-09T18:28:27.821+0000] {dagbag.py:540} INFO - Filling up the DagBag from /home/airflow/.local/lib/python3.12/site-packages/airflow/example_dags/example_latest_only_with_trigger.py
[2025-08-09T18:28:27.832+0000] {processor.py:840} INFO - DAG(s) 'latest_only_with_trigger' retrieved from /home/airflow/.local/lib/python3.12/site-packages/airflow/example_dags/example_latest_only_with_trigger.py
[2025-08-09T18:28:27.874+0000] {logging_mixin.py:188} INFO - [2025-08-09T18:28:27.873+0000] {dag.py:3096} INFO - Sync 1 DAGs
[2025-08-09T18:28:27.918+0000] {logging_mixin.py:188} INFO - [2025-08-09T18:28:27.917+0000] {dag.py:3954} INFO - Setting next_dagrun for latest_only_with_trigger to 2025-08-09 12:00:00+00:00, run_after=2025-08-09 16:00:00+00:00
[2025-08-09T18:28:27.958+0000] {processor.py:183} INFO - Processing /home/airflow/.local/lib/python3.12/site-packages/airflow/example_dags/example_latest_only_with_trigger.py took 0.168 seconds
[2025-08-09T18:28:58.332+0000] {processor.py:161} INFO - Started process (PID=275) to work on /home/airflow/.local/lib/python3.12/site-packages/airflow/example_dags/example_latest_only_with_trigger.py
[2025-08-09T18:28:58.344+0000] {processor.py:830} INFO - Processing file /home/airflow/.local/lib/python3.12/site-packages/airflow/example_dags/example_latest_only_with_trigger.py for tasks to queue
[2025-08-09T18:28:58.348+0000] {logging_mixin.py:188} INFO - [2025-08-09T18:28:58.348+0000] {dagbag.py:540} INFO - Filling up the DagBag from /home/airflow/.local/lib/python3.12/site-packages/airflow/example_dags/example_latest_only_with_trigger.py
[2025-08-09T18:28:58.358+0000] {processor.py:840} INFO - DAG(s) 'latest_only_with_trigger' retrieved from /home/airflow/.local/lib/python3.12/site-packages/airflow/example_dags/example_latest_only_with_trigger.py
[2025-08-09T18:28:58.397+0000] {logging_mixin.py:188} INFO - [2025-08-09T18:28:58.396+0000] {dag.py:3096} INFO - Sync 1 DAGs
[2025-08-09T18:28:58.447+0000] {logging_mixin.py:188} INFO - [2025-08-09T18:28:58.446+0000] {dag.py:3954} INFO - Setting next_dagrun for latest_only_with_trigger to 2025-08-09 12:00:00+00:00, run_after=2025-08-09 16:00:00+00:00
[2025-08-09T18:28:58.519+0000] {processor.py:183} INFO - Processing /home/airflow/.local/lib/python3.12/site-packages/airflow/example_dags/example_latest_only_with_trigger.py took 0.199 seconds
[2025-08-09T18:29:29.164+0000] {processor.py:161} INFO - Started process (PID=334) to work on /home/airflow/.local/lib/python3.12/site-packages/airflow/example_dags/example_latest_only_with_trigger.py
[2025-08-09T18:29:29.174+0000] {processor.py:830} INFO - Processing file /home/airflow/.local/lib/python3.12/site-packages/airflow/example_dags/example_latest_only_with_trigger.py for tasks to queue
[2025-08-09T18:29:29.178+0000] {logging_mixin.py:188} INFO - [2025-08-09T18:29:29.177+0000] {dagbag.py:540} INFO - Filling up the DagBag from /home/airflow/.local/lib/python3.12/site-packages/airflow/example_dags/example_latest_only_with_trigger.py
[2025-08-09T18:29:29.186+0000] {processor.py:840} INFO - DAG(s) 'latest_only_with_trigger' retrieved from /home/airflow/.local/lib/python3.12/site-packages/airflow/example_dags/example_latest_only_with_trigger.py
[2025-08-09T18:29:29.218+0000] {logging_mixin.py:188} INFO - [2025-08-09T18:29:29.218+0000] {dag.py:3096} INFO - Sync 1 DAGs
[2025-08-09T18:29:29.255+0000] {logging_mixin.py:188} INFO - [2025-08-09T18:29:29.255+0000] {dag.py:3954} INFO - Setting next_dagrun for latest_only_with_trigger to 2025-08-09 12:00:00+00:00, run_after=2025-08-09 16:00:00+00:00
[2025-08-09T18:29:29.308+0000] {processor.py:183} INFO - Processing /home/airflow/.local/lib/python3.12/site-packages/airflow/example_dags/example_latest_only_with_trigger.py took 0.157 seconds
[2025-08-09T18:29:59.586+0000] {processor.py:161} INFO - Started process (PID=393) to work on /home/airflow/.local/lib/python3.12/site-packages/airflow/example_dags/example_latest_only_with_trigger.py
[2025-08-09T18:29:59.587+0000] {processor.py:830} INFO - Processing file /home/airflow/.local/lib/python3.12/site-packages/airflow/example_dags/example_latest_only_with_trigger.py for tasks to queue
[2025-08-09T18:29:59.590+0000] {logging_mixin.py:188} INFO - [2025-08-09T18:29:59.589+0000] {dagbag.py:540} INFO - Filling up the DagBag from /home/airflow/.local/lib/python3.12/site-packages/airflow/example_dags/example_latest_only_with_trigger.py
[2025-08-09T18:29:59.597+0000] {processor.py:840} INFO - DAG(s) 'latest_only_with_trigger' retrieved from /home/airflow/.local/lib/python3.12/site-packages/airflow/example_dags/example_latest_only_with_trigger.py
[2025-08-09T18:29:59.634+0000] {logging_mixin.py:188} INFO - [2025-08-09T18:29:59.634+0000] {dag.py:3096} INFO - Sync 1 DAGs
[2025-08-09T18:29:59.678+0000] {logging_mixin.py:188} INFO - [2025-08-09T18:29:59.677+0000] {dag.py:3954} INFO - Setting next_dagrun for latest_only_with_trigger to 2025-08-09 12:00:00+00:00, run_after=2025-08-09 16:00:00+00:00
[2025-08-09T18:29:59.720+0000] {processor.py:183} INFO - Processing /home/airflow/.local/lib/python3.12/site-packages/airflow/example_dags/example_latest_only_with_trigger.py took 0.145 seconds
[2025-08-09T18:30:30.006+0000] {processor.py:161} INFO - Started process (PID=453) to work on /home/airflow/.local/lib/python3.12/site-packages/airflow/example_dags/example_latest_only_with_trigger.py
[2025-08-09T18:30:30.007+0000] {processor.py:830} INFO - Processing file /home/airflow/.local/lib/python3.12/site-packages/airflow/example_dags/example_latest_only_with_trigger.py for tasks to queue
[2025-08-09T18:30:30.010+0000] {logging_mixin.py:188} INFO - [2025-08-09T18:30:30.010+0000] {dagbag.py:540} INFO - Filling up the DagBag from /home/airflow/.local/lib/python3.12/site-packages/airflow/example_dags/example_latest_only_with_trigger.py
[2025-08-09T18:30:30.024+0000] {processor.py:840} INFO - DAG(s) 'latest_only_with_trigger' retrieved from /home/airflow/.local/lib/python3.12/site-packages/airflow/example_dags/example_latest_only_with_trigger.py
[2025-08-09T18:30:30.055+0000] {logging_mixin.py:188} INFO - [2025-08-09T18:30:30.055+0000] {dag.py:3096} INFO - Sync 1 DAGs
[2025-08-09T18:30:30.097+0000] {logging_mixin.py:188} INFO - [2025-08-09T18:30:30.097+0000] {dag.py:3954} INFO - Setting next_dagrun for latest_only_with_trigger to 2025-08-09 12:00:00+00:00, run_after=2025-08-09 16:00:00+00:00
[2025-08-09T18:30:30.138+0000] {processor.py:183} INFO - Processing /home/airflow/.local/lib/python3.12/site-packages/airflow/example_dags/example_latest_only_with_trigger.py took 0.142 seconds
[2025-08-09T18:31:00.810+0000] {processor.py:161} INFO - Started process (PID=512) to work on /home/airflow/.local/lib/python3.12/site-packages/airflow/example_dags/example_latest_only_with_trigger.py
[2025-08-09T18:31:00.812+0000] {processor.py:830} INFO - Processing file /home/airflow/.local/lib/python3.12/site-packages/airflow/example_dags/example_latest_only_with_trigger.py for tasks to queue
[2025-08-09T18:31:00.817+0000] {logging_mixin.py:188} INFO - [2025-08-09T18:31:00.816+0000] {dagbag.py:540} INFO - Filling up the DagBag from /home/airflow/.local/lib/python3.12/site-packages/airflow/example_dags/example_latest_only_with_trigger.py
[2025-08-09T18:31:00.827+0000] {processor.py:840} INFO - DAG(s) 'latest_only_with_trigger' retrieved from /home/airflow/.local/lib/python3.12/site-packages/airflow/example_dags/example_latest_only_with_trigger.py
[2025-08-09T18:31:00.856+0000] {logging_mixin.py:188} INFO - [2025-08-09T18:31:00.856+0000] {dag.py:3096} INFO - Sync 1 DAGs
[2025-08-09T18:31:00.891+0000] {logging_mixin.py:188} INFO - [2025-08-09T18:31:00.891+0000] {dag.py:3954} INFO - Setting next_dagrun for latest_only_with_trigger to 2025-08-09 12:00:00+00:00, run_after=2025-08-09 16:00:00+00:00
[2025-08-09T18:31:00.929+0000] {processor.py:183} INFO - Processing /home/airflow/.local/lib/python3.12/site-packages/airflow/example_dags/example_latest_only_with_trigger.py took 0.130 seconds
[2025-08-09T18:31:31.471+0000] {processor.py:161} INFO - Started process (PID=571) to work on /home/airflow/.local/lib/python3.12/site-packages/airflow/example_dags/example_latest_only_with_trigger.py
[2025-08-09T18:31:31.473+0000] {processor.py:830} INFO - Processing file /home/airflow/.local/lib/python3.12/site-packages/airflow/example_dags/example_latest_only_with_trigger.py for tasks to queue
[2025-08-09T18:31:31.476+0000] {logging_mixin.py:188} INFO - [2025-08-09T18:31:31.475+0000] {dagbag.py:540} INFO - Filling up the DagBag from /home/airflow/.local/lib/python3.12/site-packages/airflow/example_dags/example_latest_only_with_trigger.py
[2025-08-09T18:31:31.486+0000] {processor.py:840} INFO - DAG(s) 'latest_only_with_trigger' retrieved from /home/airflow/.local/lib/python3.12/site-packages/airflow/example_dags/example_latest_only_with_trigger.py
[2025-08-09T18:31:31.527+0000] {logging_mixin.py:188} INFO - [2025-08-09T18:31:31.526+0000] {dag.py:3096} INFO - Sync 1 DAGs
[2025-08-09T18:31:31.575+0000] {logging_mixin.py:188} INFO - [2025-08-09T18:31:31.574+0000] {dag.py:3954} INFO - Setting next_dagrun for latest_only_with_trigger to 2025-08-09 12:00:00+00:00, run_after=2025-08-09 16:00:00+00:00
[2025-08-09T18:31:31.601+0000] {processor.py:183} INFO - Processing /home/airflow/.local/lib/python3.12/site-packages/airflow/example_dags/example_latest_only_with_trigger.py took 0.140 seconds
[2025-08-09T18:32:02.169+0000] {processor.py:161} INFO - Started process (PID=630) to work on /home/airflow/.local/lib/python3.12/site-packages/airflow/example_dags/example_latest_only_with_trigger.py
[2025-08-09T18:32:02.171+0000] {processor.py:830} INFO - Processing file /home/airflow/.local/lib/python3.12/site-packages/airflow/example_dags/example_latest_only_with_trigger.py for tasks to queue
[2025-08-09T18:32:02.173+0000] {logging_mixin.py:188} INFO - [2025-08-09T18:32:02.173+0000] {dagbag.py:540} INFO - Filling up the DagBag from /home/airflow/.local/lib/python3.12/site-packages/airflow/example_dags/example_latest_only_with_trigger.py
[2025-08-09T18:32:02.181+0000] {processor.py:840} INFO - DAG(s) 'latest_only_with_trigger' retrieved from /home/airflow/.local/lib/python3.12/site-packages/airflow/example_dags/example_latest_only_with_trigger.py
[2025-08-09T18:32:02.214+0000] {logging_mixin.py:188} INFO - [2025-08-09T18:32:02.213+0000] {dag.py:3096} INFO - Sync 1 DAGs
[2025-08-09T18:32:02.255+0000] {logging_mixin.py:188} INFO - [2025-08-09T18:32:02.254+0000] {dag.py:3954} INFO - Setting next_dagrun for latest_only_with_trigger to 2025-08-09 12:00:00+00:00, run_after=2025-08-09 16:00:00+00:00
[2025-08-09T18:32:02.287+0000] {processor.py:183} INFO - Processing /home/airflow/.local/lib/python3.12/site-packages/airflow/example_dags/example_latest_only_with_trigger.py took 0.125 seconds
[2025-08-09T18:32:32.627+0000] {processor.py:161} INFO - Started process (PID=690) to work on /home/airflow/.local/lib/python3.12/site-packages/airflow/example_dags/example_latest_only_with_trigger.py
[2025-08-09T18:32:32.629+0000] {processor.py:830} INFO - Processing file /home/airflow/.local/lib/python3.12/site-packages/airflow/example_dags/example_latest_only_with_trigger.py for tasks to queue
[2025-08-09T18:32:32.633+0000] {logging_mixin.py:188} INFO - [2025-08-09T18:32:32.632+0000] {dagbag.py:540} INFO - Filling up the DagBag from /home/airflow/.local/lib/python3.12/site-packages/airflow/example_dags/example_latest_only_with_trigger.py
[2025-08-09T18:32:32.646+0000] {processor.py:840} INFO - DAG(s) 'latest_only_with_trigger' retrieved from /home/airflow/.local/lib/python3.12/site-packages/airflow/example_dags/example_latest_only_with_trigger.py
[2025-08-09T18:32:32.701+0000] {logging_mixin.py:188} INFO - [2025-08-09T18:32:32.700+0000] {dag.py:3096} INFO - Sync 1 DAGs
[2025-08-09T18:32:32.734+0000] {logging_mixin.py:188} INFO - [2025-08-09T18:32:32.733+0000] {dag.py:3954} INFO - Setting next_dagrun for latest_only_with_trigger to 2025-08-09 12:00:00+00:00, run_after=2025-08-09 16:00:00+00:00
[2025-08-09T18:32:32.757+0000] {processor.py:183} INFO - Processing /home/airflow/.local/lib/python3.12/site-packages/airflow/example_dags/example_latest_only_with_trigger.py took 0.141 seconds
[2025-08-09T18:33:03.646+0000] {processor.py:161} INFO - Started process (PID=749) to work on /home/airflow/.local/lib/python3.12/site-packages/airflow/example_dags/example_latest_only_with_trigger.py
[2025-08-09T18:33:03.648+0000] {processor.py:830} INFO - Processing file /home/airflow/.local/lib/python3.12/site-packages/airflow/example_dags/example_latest_only_with_trigger.py for tasks to queue
[2025-08-09T18:33:03.651+0000] {logging_mixin.py:188} INFO - [2025-08-09T18:33:03.650+0000] {dagbag.py:540} INFO - Filling up the DagBag from /home/airflow/.local/lib/python3.12/site-packages/airflow/example_dags/example_latest_only_with_trigger.py
[2025-08-09T18:33:03.659+0000] {processor.py:840} INFO - DAG(s) 'latest_only_with_trigger' retrieved from /home/airflow/.local/lib/python3.12/site-packages/airflow/example_dags/example_latest_only_with_trigger.py
[2025-08-09T18:33:03.685+0000] {logging_mixin.py:188} INFO - [2025-08-09T18:33:03.685+0000] {dag.py:3096} INFO - Sync 1 DAGs
[2025-08-09T18:33:03.711+0000] {logging_mixin.py:188} INFO - [2025-08-09T18:33:03.711+0000] {dag.py:3954} INFO - Setting next_dagrun for latest_only_with_trigger to 2025-08-09 12:00:00+00:00, run_after=2025-08-09 16:00:00+00:00
[2025-08-09T18:33:03.733+0000] {processor.py:183} INFO - Processing /home/airflow/.local/lib/python3.12/site-packages/airflow/example_dags/example_latest_only_with_trigger.py took 0.095 seconds
[2025-08-09T18:33:34.502+0000] {processor.py:161} INFO - Started process (PID=808) to work on /home/airflow/.local/lib/python3.12/site-packages/airflow/example_dags/example_latest_only_with_trigger.py
[2025-08-09T18:33:34.504+0000] {processor.py:830} INFO - Processing file /home/airflow/.local/lib/python3.12/site-packages/airflow/example_dags/example_latest_only_with_trigger.py for tasks to queue
[2025-08-09T18:33:34.506+0000] {logging_mixin.py:188} INFO - [2025-08-09T18:33:34.506+0000] {dagbag.py:540} INFO - Filling up the DagBag from /home/airflow/.local/lib/python3.12/site-packages/airflow/example_dags/example_latest_only_with_trigger.py
[2025-08-09T18:33:34.516+0000] {processor.py:840} INFO - DAG(s) 'latest_only_with_trigger' retrieved from /home/airflow/.local/lib/python3.12/site-packages/airflow/example_dags/example_latest_only_with_trigger.py
[2025-08-09T18:33:34.550+0000] {logging_mixin.py:188} INFO - [2025-08-09T18:33:34.549+0000] {dag.py:3096} INFO - Sync 1 DAGs
[2025-08-09T18:33:34.577+0000] {logging_mixin.py:188} INFO - [2025-08-09T18:33:34.577+0000] {dag.py:3954} INFO - Setting next_dagrun for latest_only_with_trigger to 2025-08-09 12:00:00+00:00, run_after=2025-08-09 16:00:00+00:00
[2025-08-09T18:33:34.618+0000] {processor.py:183} INFO - Processing /home/airflow/.local/lib/python3.12/site-packages/airflow/example_dags/example_latest_only_with_trigger.py took 0.124 seconds
[2025-08-09T18:34:05.092+0000] {processor.py:161} INFO - Started process (PID=873) to work on /home/airflow/.local/lib/python3.12/site-packages/airflow/example_dags/example_latest_only_with_trigger.py
[2025-08-09T18:34:05.094+0000] {processor.py:830} INFO - Processing file /home/airflow/.local/lib/python3.12/site-packages/airflow/example_dags/example_latest_only_with_trigger.py for tasks to queue
[2025-08-09T18:34:05.096+0000] {logging_mixin.py:188} INFO - [2025-08-09T18:34:05.096+0000] {dagbag.py:540} INFO - Filling up the DagBag from /home/airflow/.local/lib/python3.12/site-packages/airflow/example_dags/example_latest_only_with_trigger.py
[2025-08-09T18:34:05.103+0000] {processor.py:840} INFO - DAG(s) 'latest_only_with_trigger' retrieved from /home/airflow/.local/lib/python3.12/site-packages/airflow/example_dags/example_latest_only_with_trigger.py
[2025-08-09T18:34:05.137+0000] {logging_mixin.py:188} INFO - [2025-08-09T18:34:05.137+0000] {dag.py:3096} INFO - Sync 1 DAGs
[2025-08-09T18:34:05.555+0000] {logging_mixin.py:188} INFO - [2025-08-09T18:34:05.554+0000] {dag.py:3954} INFO - Setting next_dagrun for latest_only_with_trigger to 2025-08-09 12:00:00+00:00, run_after=2025-08-09 16:00:00+00:00
[2025-08-09T18:34:05.594+0000] {processor.py:183} INFO - Processing /home/airflow/.local/lib/python3.12/site-packages/airflow/example_dags/example_latest_only_with_trigger.py took 0.513 seconds
[2025-08-09T18:34:35.799+0000] {processor.py:161} INFO - Started process (PID=932) to work on /home/airflow/.local/lib/python3.12/site-packages/airflow/example_dags/example_latest_only_with_trigger.py
[2025-08-09T18:34:35.800+0000] {processor.py:830} INFO - Processing file /home/airflow/.local/lib/python3.12/site-packages/airflow/example_dags/example_latest_only_with_trigger.py for tasks to queue
[2025-08-09T18:34:35.803+0000] {logging_mixin.py:188} INFO - [2025-08-09T18:34:35.803+0000] {dagbag.py:540} INFO - Filling up the DagBag from /home/airflow/.local/lib/python3.12/site-packages/airflow/example_dags/example_latest_only_with_trigger.py
[2025-08-09T18:34:35.810+0000] {processor.py:840} INFO - DAG(s) 'latest_only_with_trigger' retrieved from /home/airflow/.local/lib/python3.12/site-packages/airflow/example_dags/example_latest_only_with_trigger.py
[2025-08-09T18:34:35.847+0000] {logging_mixin.py:188} INFO - [2025-08-09T18:34:35.846+0000] {dag.py:3096} INFO - Sync 1 DAGs
[2025-08-09T18:34:35.894+0000] {logging_mixin.py:188} INFO - [2025-08-09T18:34:35.894+0000] {dag.py:3954} INFO - Setting next_dagrun for latest_only_with_trigger to 2025-08-09 12:00:00+00:00, run_after=2025-08-09 16:00:00+00:00
[2025-08-09T18:34:36.172+0000] {processor.py:183} INFO - Processing /home/airflow/.local/lib/python3.12/site-packages/airflow/example_dags/example_latest_only_with_trigger.py took 0.385 seconds
[2025-08-09T18:35:06.324+0000] {processor.py:161} INFO - Started process (PID=991) to work on /home/airflow/.local/lib/python3.12/site-packages/airflow/example_dags/example_latest_only_with_trigger.py
[2025-08-09T18:35:06.326+0000] {processor.py:830} INFO - Processing file /home/airflow/.local/lib/python3.12/site-packages/airflow/example_dags/example_latest_only_with_trigger.py for tasks to queue
[2025-08-09T18:35:06.329+0000] {logging_mixin.py:188} INFO - [2025-08-09T18:35:06.328+0000] {dagbag.py:540} INFO - Filling up the DagBag from /home/airflow/.local/lib/python3.12/site-packages/airflow/example_dags/example_latest_only_with_trigger.py
[2025-08-09T18:35:06.342+0000] {processor.py:840} INFO - DAG(s) 'latest_only_with_trigger' retrieved from /home/airflow/.local/lib/python3.12/site-packages/airflow/example_dags/example_latest_only_with_trigger.py
[2025-08-09T18:35:06.421+0000] {logging_mixin.py:188} INFO - [2025-08-09T18:35:06.421+0000] {dag.py:3096} INFO - Sync 1 DAGs
[2025-08-09T18:35:06.523+0000] {logging_mixin.py:188} INFO - [2025-08-09T18:35:06.523+0000] {dag.py:3954} INFO - Setting next_dagrun for latest_only_with_trigger to 2025-08-09 12:00:00+00:00, run_after=2025-08-09 16:00:00+00:00
[2025-08-09T18:35:06.570+0000] {processor.py:183} INFO - Processing /home/airflow/.local/lib/python3.12/site-packages/airflow/example_dags/example_latest_only_with_trigger.py took 0.257 seconds
[2025-08-09T18:35:36.886+0000] {processor.py:161} INFO - Started process (PID=1050) to work on /home/airflow/.local/lib/python3.12/site-packages/airflow/example_dags/example_latest_only_with_trigger.py
[2025-08-09T18:35:36.888+0000] {processor.py:830} INFO - Processing file /home/airflow/.local/lib/python3.12/site-packages/airflow/example_dags/example_latest_only_with_trigger.py for tasks to queue
[2025-08-09T18:35:36.890+0000] {logging_mixin.py:188} INFO - [2025-08-09T18:35:36.890+0000] {dagbag.py:540} INFO - Filling up the DagBag from /home/airflow/.local/lib/python3.12/site-packages/airflow/example_dags/example_latest_only_with_trigger.py
[2025-08-09T18:35:36.898+0000] {processor.py:840} INFO - DAG(s) 'latest_only_with_trigger' retrieved from /home/airflow/.local/lib/python3.12/site-packages/airflow/example_dags/example_latest_only_with_trigger.py
[2025-08-09T18:35:36.927+0000] {logging_mixin.py:188} INFO - [2025-08-09T18:35:36.926+0000] {dag.py:3096} INFO - Sync 1 DAGs
[2025-08-09T18:35:36.958+0000] {logging_mixin.py:188} INFO - [2025-08-09T18:35:36.958+0000] {dag.py:3954} INFO - Setting next_dagrun for latest_only_with_trigger to 2025-08-09 12:00:00+00:00, run_after=2025-08-09 16:00:00+00:00
[2025-08-09T18:35:36.991+0000] {processor.py:183} INFO - Processing /home/airflow/.local/lib/python3.12/site-packages/airflow/example_dags/example_latest_only_with_trigger.py took 0.112 seconds
[2025-08-09T18:36:07.177+0000] {processor.py:161} INFO - Started process (PID=1109) to work on /home/airflow/.local/lib/python3.12/site-packages/airflow/example_dags/example_latest_only_with_trigger.py
[2025-08-09T18:36:07.178+0000] {processor.py:830} INFO - Processing file /home/airflow/.local/lib/python3.12/site-packages/airflow/example_dags/example_latest_only_with_trigger.py for tasks to queue
[2025-08-09T18:36:07.181+0000] {logging_mixin.py:188} INFO - [2025-08-09T18:36:07.181+0000] {dagbag.py:540} INFO - Filling up the DagBag from /home/airflow/.local/lib/python3.12/site-packages/airflow/example_dags/example_latest_only_with_trigger.py
[2025-08-09T18:36:07.191+0000] {processor.py:840} INFO - DAG(s) 'latest_only_with_trigger' retrieved from /home/airflow/.local/lib/python3.12/site-packages/airflow/example_dags/example_latest_only_with_trigger.py
[2025-08-09T18:36:07.239+0000] {logging_mixin.py:188} INFO - [2025-08-09T18:36:07.238+0000] {dag.py:3096} INFO - Sync 1 DAGs
[2025-08-09T18:36:07.302+0000] {logging_mixin.py:188} INFO - [2025-08-09T18:36:07.301+0000] {dag.py:3954} INFO - Setting next_dagrun for latest_only_with_trigger to 2025-08-09 12:00:00+00:00, run_after=2025-08-09 16:00:00+00:00
[2025-08-09T18:36:07.334+0000] {processor.py:183} INFO - Processing /home/airflow/.local/lib/python3.12/site-packages/airflow/example_dags/example_latest_only_with_trigger.py took 0.164 seconds
[2025-08-09T18:36:38.136+0000] {processor.py:161} INFO - Started process (PID=1168) to work on /home/airflow/.local/lib/python3.12/site-packages/airflow/example_dags/example_latest_only_with_trigger.py
[2025-08-09T18:36:38.138+0000] {processor.py:830} INFO - Processing file /home/airflow/.local/lib/python3.12/site-packages/airflow/example_dags/example_latest_only_with_trigger.py for tasks to queue
[2025-08-09T18:36:38.158+0000] {logging_mixin.py:188} INFO - [2025-08-09T18:36:38.158+0000] {dagbag.py:540} INFO - Filling up the DagBag from /home/airflow/.local/lib/python3.12/site-packages/airflow/example_dags/example_latest_only_with_trigger.py
[2025-08-09T18:36:38.165+0000] {processor.py:840} INFO - DAG(s) 'latest_only_with_trigger' retrieved from /home/airflow/.local/lib/python3.12/site-packages/airflow/example_dags/example_latest_only_with_trigger.py
[2025-08-09T18:36:38.189+0000] {logging_mixin.py:188} INFO - [2025-08-09T18:36:38.189+0000] {dag.py:3096} INFO - Sync 1 DAGs
[2025-08-09T18:36:38.215+0000] {logging_mixin.py:188} INFO - [2025-08-09T18:36:38.215+0000] {dag.py:3954} INFO - Setting next_dagrun for latest_only_with_trigger to 2025-08-09 12:00:00+00:00, run_after=2025-08-09 16:00:00+00:00
[2025-08-09T18:36:38.249+0000] {processor.py:183} INFO - Processing /home/airflow/.local/lib/python3.12/site-packages/airflow/example_dags/example_latest_only_with_trigger.py took 0.120 seconds
[2025-08-09T18:37:08.397+0000] {processor.py:161} INFO - Started process (PID=1227) to work on /home/airflow/.local/lib/python3.12/site-packages/airflow/example_dags/example_latest_only_with_trigger.py
[2025-08-09T18:37:08.398+0000] {processor.py:830} INFO - Processing file /home/airflow/.local/lib/python3.12/site-packages/airflow/example_dags/example_latest_only_with_trigger.py for tasks to queue
[2025-08-09T18:37:08.400+0000] {logging_mixin.py:188} INFO - [2025-08-09T18:37:08.400+0000] {dagbag.py:540} INFO - Filling up the DagBag from /home/airflow/.local/lib/python3.12/site-packages/airflow/example_dags/example_latest_only_with_trigger.py
[2025-08-09T18:37:08.408+0000] {processor.py:840} INFO - DAG(s) 'latest_only_with_trigger' retrieved from /home/airflow/.local/lib/python3.12/site-packages/airflow/example_dags/example_latest_only_with_trigger.py
[2025-08-09T18:37:08.442+0000] {logging_mixin.py:188} INFO - [2025-08-09T18:37:08.441+0000] {dag.py:3096} INFO - Sync 1 DAGs
[2025-08-09T18:37:08.469+0000] {logging_mixin.py:188} INFO - [2025-08-09T18:37:08.469+0000] {dag.py:3954} INFO - Setting next_dagrun for latest_only_with_trigger to 2025-08-09 12:00:00+00:00, run_after=2025-08-09 16:00:00+00:00
[2025-08-09T18:37:08.502+0000] {processor.py:183} INFO - Processing /home/airflow/.local/lib/python3.12/site-packages/airflow/example_dags/example_latest_only_with_trigger.py took 0.117 seconds
[2025-08-09T18:37:39.104+0000] {processor.py:161} INFO - Started process (PID=1286) to work on /home/airflow/.local/lib/python3.12/site-packages/airflow/example_dags/example_latest_only_with_trigger.py
[2025-08-09T18:37:39.106+0000] {processor.py:830} INFO - Processing file /home/airflow/.local/lib/python3.12/site-packages/airflow/example_dags/example_latest_only_with_trigger.py for tasks to queue
[2025-08-09T18:37:39.109+0000] {logging_mixin.py:188} INFO - [2025-08-09T18:37:39.108+0000] {dagbag.py:540} INFO - Filling up the DagBag from /home/airflow/.local/lib/python3.12/site-packages/airflow/example_dags/example_latest_only_with_trigger.py
[2025-08-09T18:37:39.116+0000] {processor.py:840} INFO - DAG(s) 'latest_only_with_trigger' retrieved from /home/airflow/.local/lib/python3.12/site-packages/airflow/example_dags/example_latest_only_with_trigger.py
[2025-08-09T18:37:39.149+0000] {logging_mixin.py:188} INFO - [2025-08-09T18:37:39.149+0000] {dag.py:3096} INFO - Sync 1 DAGs
[2025-08-09T18:37:39.183+0000] {logging_mixin.py:188} INFO - [2025-08-09T18:37:39.183+0000] {dag.py:3954} INFO - Setting next_dagrun for latest_only_with_trigger to 2025-08-09 12:00:00+00:00, run_after=2025-08-09 16:00:00+00:00
[2025-08-09T18:37:39.217+0000] {processor.py:183} INFO - Processing /home/airflow/.local/lib/python3.12/site-packages/airflow/example_dags/example_latest_only_with_trigger.py took 0.124 seconds
[2025-08-09T18:38:09.612+0000] {processor.py:161} INFO - Started process (PID=1345) to work on /home/airflow/.local/lib/python3.12/site-packages/airflow/example_dags/example_latest_only_with_trigger.py
[2025-08-09T18:38:09.614+0000] {processor.py:830} INFO - Processing file /home/airflow/.local/lib/python3.12/site-packages/airflow/example_dags/example_latest_only_with_trigger.py for tasks to queue
[2025-08-09T18:38:09.618+0000] {logging_mixin.py:188} INFO - [2025-08-09T18:38:09.617+0000] {dagbag.py:540} INFO - Filling up the DagBag from /home/airflow/.local/lib/python3.12/site-packages/airflow/example_dags/example_latest_only_with_trigger.py
[2025-08-09T18:38:09.630+0000] {processor.py:840} INFO - DAG(s) 'latest_only_with_trigger' retrieved from /home/airflow/.local/lib/python3.12/site-packages/airflow/example_dags/example_latest_only_with_trigger.py
[2025-08-09T18:38:09.673+0000] {logging_mixin.py:188} INFO - [2025-08-09T18:38:09.673+0000] {dag.py:3096} INFO - Sync 1 DAGs
[2025-08-09T18:38:09.728+0000] {logging_mixin.py:188} INFO - [2025-08-09T18:38:09.728+0000] {dag.py:3954} INFO - Setting next_dagrun for latest_only_with_trigger to 2025-08-09 12:00:00+00:00, run_after=2025-08-09 16:00:00+00:00
[2025-08-09T18:38:09.767+0000] {processor.py:183} INFO - Processing /home/airflow/.local/lib/python3.12/site-packages/airflow/example_dags/example_latest_only_with_trigger.py took 0.170 seconds
[2025-08-09T18:38:40.003+0000] {processor.py:161} INFO - Started process (PID=1404) to work on /home/airflow/.local/lib/python3.12/site-packages/airflow/example_dags/example_latest_only_with_trigger.py
[2025-08-09T18:38:40.005+0000] {processor.py:830} INFO - Processing file /home/airflow/.local/lib/python3.12/site-packages/airflow/example_dags/example_latest_only_with_trigger.py for tasks to queue
[2025-08-09T18:38:40.008+0000] {logging_mixin.py:188} INFO - [2025-08-09T18:38:40.007+0000] {dagbag.py:540} INFO - Filling up the DagBag from /home/airflow/.local/lib/python3.12/site-packages/airflow/example_dags/example_latest_only_with_trigger.py
[2025-08-09T18:38:40.017+0000] {processor.py:840} INFO - DAG(s) 'latest_only_with_trigger' retrieved from /home/airflow/.local/lib/python3.12/site-packages/airflow/example_dags/example_latest_only_with_trigger.py
[2025-08-09T18:38:40.057+0000] {logging_mixin.py:188} INFO - [2025-08-09T18:38:40.057+0000] {dag.py:3096} INFO - Sync 1 DAGs
[2025-08-09T18:38:40.099+0000] {logging_mixin.py:188} INFO - [2025-08-09T18:38:40.098+0000] {dag.py:3954} INFO - Setting next_dagrun for latest_only_with_trigger to 2025-08-09 12:00:00+00:00, run_after=2025-08-09 16:00:00+00:00
[2025-08-09T18:38:40.124+0000] {processor.py:183} INFO - Processing /home/airflow/.local/lib/python3.12/site-packages/airflow/example_dags/example_latest_only_with_trigger.py took 0.132 seconds
[2025-08-09T18:39:10.353+0000] {processor.py:161} INFO - Started process (PID=1463) to work on /home/airflow/.local/lib/python3.12/site-packages/airflow/example_dags/example_latest_only_with_trigger.py
[2025-08-09T18:39:10.354+0000] {processor.py:830} INFO - Processing file /home/airflow/.local/lib/python3.12/site-packages/airflow/example_dags/example_latest_only_with_trigger.py for tasks to queue
[2025-08-09T18:39:10.358+0000] {logging_mixin.py:188} INFO - [2025-08-09T18:39:10.358+0000] {dagbag.py:540} INFO - Filling up the DagBag from /home/airflow/.local/lib/python3.12/site-packages/airflow/example_dags/example_latest_only_with_trigger.py
[2025-08-09T18:39:10.374+0000] {processor.py:840} INFO - DAG(s) 'latest_only_with_trigger' retrieved from /home/airflow/.local/lib/python3.12/site-packages/airflow/example_dags/example_latest_only_with_trigger.py
[2025-08-09T18:39:10.420+0000] {logging_mixin.py:188} INFO - [2025-08-09T18:39:10.419+0000] {dag.py:3096} INFO - Sync 1 DAGs
[2025-08-09T18:39:10.471+0000] {logging_mixin.py:188} INFO - [2025-08-09T18:39:10.471+0000] {dag.py:3954} INFO - Setting next_dagrun for latest_only_with_trigger to 2025-08-09 12:00:00+00:00, run_after=2025-08-09 16:00:00+00:00
[2025-08-09T18:39:10.505+0000] {processor.py:183} INFO - Processing /home/airflow/.local/lib/python3.12/site-packages/airflow/example_dags/example_latest_only_with_trigger.py took 0.162 seconds
[2025-08-09T18:39:41.685+0000] {processor.py:161} INFO - Started process (PID=1522) to work on /home/airflow/.local/lib/python3.12/site-packages/airflow/example_dags/example_latest_only_with_trigger.py
[2025-08-09T18:39:41.696+0000] {processor.py:830} INFO - Processing file /home/airflow/.local/lib/python3.12/site-packages/airflow/example_dags/example_latest_only_with_trigger.py for tasks to queue
[2025-08-09T18:39:41.718+0000] {logging_mixin.py:188} INFO - [2025-08-09T18:39:41.713+0000] {dagbag.py:540} INFO - Filling up the DagBag from /home/airflow/.local/lib/python3.12/site-packages/airflow/example_dags/example_latest_only_with_trigger.py
[2025-08-09T18:39:41.744+0000] {processor.py:840} INFO - DAG(s) 'latest_only_with_trigger' retrieved from /home/airflow/.local/lib/python3.12/site-packages/airflow/example_dags/example_latest_only_with_trigger.py
[2025-08-09T18:39:41.810+0000] {logging_mixin.py:188} INFO - [2025-08-09T18:39:41.809+0000] {dag.py:3096} INFO - Sync 1 DAGs
[2025-08-09T18:39:41.883+0000] {logging_mixin.py:188} INFO - [2025-08-09T18:39:41.882+0000] {dag.py:3954} INFO - Setting next_dagrun for latest_only_with_trigger to 2025-08-09 12:00:00+00:00, run_after=2025-08-09 16:00:00+00:00
[2025-08-09T18:39:41.921+0000] {processor.py:183} INFO - Processing /home/airflow/.local/lib/python3.12/site-packages/airflow/example_dags/example_latest_only_with_trigger.py took 0.257 seconds
[2025-08-09T18:40:12.766+0000] {processor.py:161} INFO - Started process (PID=1581) to work on /home/airflow/.local/lib/python3.12/site-packages/airflow/example_dags/example_latest_only_with_trigger.py
[2025-08-09T18:40:12.767+0000] {processor.py:830} INFO - Processing file /home/airflow/.local/lib/python3.12/site-packages/airflow/example_dags/example_latest_only_with_trigger.py for tasks to queue
[2025-08-09T18:40:12.770+0000] {logging_mixin.py:188} INFO - [2025-08-09T18:40:12.769+0000] {dagbag.py:540} INFO - Filling up the DagBag from /home/airflow/.local/lib/python3.12/site-packages/airflow/example_dags/example_latest_only_with_trigger.py
[2025-08-09T18:40:12.777+0000] {processor.py:840} INFO - DAG(s) 'latest_only_with_trigger' retrieved from /home/airflow/.local/lib/python3.12/site-packages/airflow/example_dags/example_latest_only_with_trigger.py
[2025-08-09T18:40:12.801+0000] {logging_mixin.py:188} INFO - [2025-08-09T18:40:12.801+0000] {dag.py:3096} INFO - Sync 1 DAGs
[2025-08-09T18:40:12.830+0000] {logging_mixin.py:188} INFO - [2025-08-09T18:40:12.830+0000] {dag.py:3954} INFO - Setting next_dagrun for latest_only_with_trigger to 2025-08-09 12:00:00+00:00, run_after=2025-08-09 16:00:00+00:00
[2025-08-09T18:40:12.855+0000] {processor.py:183} INFO - Processing /home/airflow/.local/lib/python3.12/site-packages/airflow/example_dags/example_latest_only_with_trigger.py took 0.098 seconds
[2025-08-09T18:40:43.148+0000] {processor.py:161} INFO - Started process (PID=1640) to work on /home/airflow/.local/lib/python3.12/site-packages/airflow/example_dags/example_latest_only_with_trigger.py
[2025-08-09T18:40:43.150+0000] {processor.py:830} INFO - Processing file /home/airflow/.local/lib/python3.12/site-packages/airflow/example_dags/example_latest_only_with_trigger.py for tasks to queue
[2025-08-09T18:40:43.154+0000] {logging_mixin.py:188} INFO - [2025-08-09T18:40:43.153+0000] {dagbag.py:540} INFO - Filling up the DagBag from /home/airflow/.local/lib/python3.12/site-packages/airflow/example_dags/example_latest_only_with_trigger.py
[2025-08-09T18:40:43.167+0000] {processor.py:840} INFO - DAG(s) 'latest_only_with_trigger' retrieved from /home/airflow/.local/lib/python3.12/site-packages/airflow/example_dags/example_latest_only_with_trigger.py
[2025-08-09T18:40:43.224+0000] {logging_mixin.py:188} INFO - [2025-08-09T18:40:43.223+0000] {dag.py:3096} INFO - Sync 1 DAGs
[2025-08-09T18:40:43.303+0000] {logging_mixin.py:188} INFO - [2025-08-09T18:40:43.302+0000] {dag.py:3954} INFO - Setting next_dagrun for latest_only_with_trigger to 2025-08-09 12:00:00+00:00, run_after=2025-08-09 16:00:00+00:00
[2025-08-09T18:40:43.345+0000] {processor.py:183} INFO - Processing /home/airflow/.local/lib/python3.12/site-packages/airflow/example_dags/example_latest_only_with_trigger.py took 0.209 seconds
[2025-08-09T18:41:13.832+0000] {processor.py:161} INFO - Started process (PID=1700) to work on /home/airflow/.local/lib/python3.12/site-packages/airflow/example_dags/example_latest_only_with_trigger.py
[2025-08-09T18:41:13.835+0000] {processor.py:830} INFO - Processing file /home/airflow/.local/lib/python3.12/site-packages/airflow/example_dags/example_latest_only_with_trigger.py for tasks to queue
[2025-08-09T18:41:13.839+0000] {logging_mixin.py:188} INFO - [2025-08-09T18:41:13.838+0000] {dagbag.py:540} INFO - Filling up the DagBag from /home/airflow/.local/lib/python3.12/site-packages/airflow/example_dags/example_latest_only_with_trigger.py
[2025-08-09T18:41:13.852+0000] {processor.py:840} INFO - DAG(s) 'latest_only_with_trigger' retrieved from /home/airflow/.local/lib/python3.12/site-packages/airflow/example_dags/example_latest_only_with_trigger.py
[2025-08-09T18:41:13.898+0000] {logging_mixin.py:188} INFO - [2025-08-09T18:41:13.897+0000] {dag.py:3096} INFO - Sync 1 DAGs
[2025-08-09T18:41:13.949+0000] {logging_mixin.py:188} INFO - [2025-08-09T18:41:13.948+0000] {dag.py:3954} INFO - Setting next_dagrun for latest_only_with_trigger to 2025-08-09 12:00:00+00:00, run_after=2025-08-09 16:00:00+00:00
[2025-08-09T18:41:13.987+0000] {processor.py:183} INFO - Processing /home/airflow/.local/lib/python3.12/site-packages/airflow/example_dags/example_latest_only_with_trigger.py took 0.169 seconds
[2025-08-09T18:41:44.411+0000] {processor.py:161} INFO - Started process (PID=1757) to work on /home/airflow/.local/lib/python3.12/site-packages/airflow/example_dags/example_latest_only_with_trigger.py
[2025-08-09T18:41:44.412+0000] {processor.py:830} INFO - Processing file /home/airflow/.local/lib/python3.12/site-packages/airflow/example_dags/example_latest_only_with_trigger.py for tasks to queue
[2025-08-09T18:41:44.415+0000] {logging_mixin.py:188} INFO - [2025-08-09T18:41:44.414+0000] {dagbag.py:540} INFO - Filling up the DagBag from /home/airflow/.local/lib/python3.12/site-packages/airflow/example_dags/example_latest_only_with_trigger.py
[2025-08-09T18:41:44.423+0000] {processor.py:840} INFO - DAG(s) 'latest_only_with_trigger' retrieved from /home/airflow/.local/lib/python3.12/site-packages/airflow/example_dags/example_latest_only_with_trigger.py
[2025-08-09T18:41:44.460+0000] {logging_mixin.py:188} INFO - [2025-08-09T18:41:44.459+0000] {dag.py:3096} INFO - Sync 1 DAGs
[2025-08-09T18:41:44.502+0000] {logging_mixin.py:188} INFO - [2025-08-09T18:41:44.502+0000] {dag.py:3954} INFO - Setting next_dagrun for latest_only_with_trigger to 2025-08-09 12:00:00+00:00, run_after=2025-08-09 16:00:00+00:00
[2025-08-09T18:41:44.539+0000] {processor.py:183} INFO - Processing /home/airflow/.local/lib/python3.12/site-packages/airflow/example_dags/example_latest_only_with_trigger.py took 0.137 seconds
[2025-08-09T18:42:15.411+0000] {processor.py:161} INFO - Started process (PID=1816) to work on /home/airflow/.local/lib/python3.12/site-packages/airflow/example_dags/example_latest_only_with_trigger.py
[2025-08-09T18:42:15.414+0000] {processor.py:830} INFO - Processing file /home/airflow/.local/lib/python3.12/site-packages/airflow/example_dags/example_latest_only_with_trigger.py for tasks to queue
[2025-08-09T18:42:15.419+0000] {logging_mixin.py:188} INFO - [2025-08-09T18:42:15.418+0000] {dagbag.py:540} INFO - Filling up the DagBag from /home/airflow/.local/lib/python3.12/site-packages/airflow/example_dags/example_latest_only_with_trigger.py
[2025-08-09T18:42:15.432+0000] {processor.py:840} INFO - DAG(s) 'latest_only_with_trigger' retrieved from /home/airflow/.local/lib/python3.12/site-packages/airflow/example_dags/example_latest_only_with_trigger.py
[2025-08-09T18:42:15.475+0000] {logging_mixin.py:188} INFO - [2025-08-09T18:42:15.474+0000] {dag.py:3096} INFO - Sync 1 DAGs
[2025-08-09T18:42:15.519+0000] {logging_mixin.py:188} INFO - [2025-08-09T18:42:15.519+0000] {dag.py:3954} INFO - Setting next_dagrun for latest_only_with_trigger to 2025-08-09 12:00:00+00:00, run_after=2025-08-09 16:00:00+00:00
[2025-08-09T18:42:15.586+0000] {processor.py:183} INFO - Processing /home/airflow/.local/lib/python3.12/site-packages/airflow/example_dags/example_latest_only_with_trigger.py took 0.187 seconds
[2025-08-09T18:42:45.924+0000] {processor.py:161} INFO - Started process (PID=1875) to work on /home/airflow/.local/lib/python3.12/site-packages/airflow/example_dags/example_latest_only_with_trigger.py
[2025-08-09T18:42:45.925+0000] {processor.py:830} INFO - Processing file /home/airflow/.local/lib/python3.12/site-packages/airflow/example_dags/example_latest_only_with_trigger.py for tasks to queue
[2025-08-09T18:42:45.929+0000] {logging_mixin.py:188} INFO - [2025-08-09T18:42:45.928+0000] {dagbag.py:540} INFO - Filling up the DagBag from /home/airflow/.local/lib/python3.12/site-packages/airflow/example_dags/example_latest_only_with_trigger.py
[2025-08-09T18:42:45.939+0000] {processor.py:840} INFO - DAG(s) 'latest_only_with_trigger' retrieved from /home/airflow/.local/lib/python3.12/site-packages/airflow/example_dags/example_latest_only_with_trigger.py
[2025-08-09T18:42:45.964+0000] {logging_mixin.py:188} INFO - [2025-08-09T18:42:45.964+0000] {dag.py:3096} INFO - Sync 1 DAGs
[2025-08-09T18:42:45.991+0000] {logging_mixin.py:188} INFO - [2025-08-09T18:42:45.991+0000] {dag.py:3954} INFO - Setting next_dagrun for latest_only_with_trigger to 2025-08-09 12:00:00+00:00, run_after=2025-08-09 16:00:00+00:00
[2025-08-09T18:42:46.015+0000] {processor.py:183} INFO - Processing /home/airflow/.local/lib/python3.12/site-packages/airflow/example_dags/example_latest_only_with_trigger.py took 0.102 seconds
[2025-08-09T18:43:16.136+0000] {processor.py:161} INFO - Started process (PID=1934) to work on /home/airflow/.local/lib/python3.12/site-packages/airflow/example_dags/example_latest_only_with_trigger.py
[2025-08-09T18:43:16.137+0000] {processor.py:830} INFO - Processing file /home/airflow/.local/lib/python3.12/site-packages/airflow/example_dags/example_latest_only_with_trigger.py for tasks to queue
[2025-08-09T18:43:16.142+0000] {logging_mixin.py:188} INFO - [2025-08-09T18:43:16.141+0000] {dagbag.py:540} INFO - Filling up the DagBag from /home/airflow/.local/lib/python3.12/site-packages/airflow/example_dags/example_latest_only_with_trigger.py
[2025-08-09T18:43:16.152+0000] {processor.py:840} INFO - DAG(s) 'latest_only_with_trigger' retrieved from /home/airflow/.local/lib/python3.12/site-packages/airflow/example_dags/example_latest_only_with_trigger.py
[2025-08-09T18:43:16.185+0000] {logging_mixin.py:188} INFO - [2025-08-09T18:43:16.185+0000] {dag.py:3096} INFO - Sync 1 DAGs
[2025-08-09T18:43:16.225+0000] {logging_mixin.py:188} INFO - [2025-08-09T18:43:16.225+0000] {dag.py:3954} INFO - Setting next_dagrun for latest_only_with_trigger to 2025-08-09 12:00:00+00:00, run_after=2025-08-09 16:00:00+00:00
[2025-08-09T18:43:16.253+0000] {processor.py:183} INFO - Processing /home/airflow/.local/lib/python3.12/site-packages/airflow/example_dags/example_latest_only_with_trigger.py took 0.127 seconds
[2025-08-09T18:43:46.497+0000] {processor.py:161} INFO - Started process (PID=1993) to work on /home/airflow/.local/lib/python3.12/site-packages/airflow/example_dags/example_latest_only_with_trigger.py
[2025-08-09T18:43:46.499+0000] {processor.py:830} INFO - Processing file /home/airflow/.local/lib/python3.12/site-packages/airflow/example_dags/example_latest_only_with_trigger.py for tasks to queue
[2025-08-09T18:43:46.503+0000] {logging_mixin.py:188} INFO - [2025-08-09T18:43:46.502+0000] {dagbag.py:540} INFO - Filling up the DagBag from /home/airflow/.local/lib/python3.12/site-packages/airflow/example_dags/example_latest_only_with_trigger.py
[2025-08-09T18:43:46.518+0000] {processor.py:840} INFO - DAG(s) 'latest_only_with_trigger' retrieved from /home/airflow/.local/lib/python3.12/site-packages/airflow/example_dags/example_latest_only_with_trigger.py
[2025-08-09T18:43:46.552+0000] {logging_mixin.py:188} INFO - [2025-08-09T18:43:46.551+0000] {dag.py:3096} INFO - Sync 1 DAGs
[2025-08-09T18:43:46.585+0000] {logging_mixin.py:188} INFO - [2025-08-09T18:43:46.585+0000] {dag.py:3954} INFO - Setting next_dagrun for latest_only_with_trigger to 2025-08-09 12:00:00+00:00, run_after=2025-08-09 16:00:00+00:00
[2025-08-09T18:43:46.622+0000] {processor.py:183} INFO - Processing /home/airflow/.local/lib/python3.12/site-packages/airflow/example_dags/example_latest_only_with_trigger.py took 0.142 seconds
[2025-08-09T18:44:16.950+0000] {processor.py:161} INFO - Started process (PID=2052) to work on /home/airflow/.local/lib/python3.12/site-packages/airflow/example_dags/example_latest_only_with_trigger.py
[2025-08-09T18:44:16.952+0000] {processor.py:830} INFO - Processing file /home/airflow/.local/lib/python3.12/site-packages/airflow/example_dags/example_latest_only_with_trigger.py for tasks to queue
[2025-08-09T18:44:16.955+0000] {logging_mixin.py:188} INFO - [2025-08-09T18:44:16.954+0000] {dagbag.py:540} INFO - Filling up the DagBag from /home/airflow/.local/lib/python3.12/site-packages/airflow/example_dags/example_latest_only_with_trigger.py
[2025-08-09T18:44:16.964+0000] {processor.py:840} INFO - DAG(s) 'latest_only_with_trigger' retrieved from /home/airflow/.local/lib/python3.12/site-packages/airflow/example_dags/example_latest_only_with_trigger.py
[2025-08-09T18:44:16.992+0000] {logging_mixin.py:188} INFO - [2025-08-09T18:44:16.991+0000] {dag.py:3096} INFO - Sync 1 DAGs
[2025-08-09T18:44:17.023+0000] {logging_mixin.py:188} INFO - [2025-08-09T18:44:17.023+0000] {dag.py:3954} INFO - Setting next_dagrun for latest_only_with_trigger to 2025-08-09 12:00:00+00:00, run_after=2025-08-09 16:00:00+00:00
[2025-08-09T18:44:17.050+0000] {processor.py:183} INFO - Processing /home/airflow/.local/lib/python3.12/site-packages/airflow/example_dags/example_latest_only_with_trigger.py took 0.116 seconds
[2025-08-09T18:44:47.717+0000] {processor.py:161} INFO - Started process (PID=2111) to work on /home/airflow/.local/lib/python3.12/site-packages/airflow/example_dags/example_latest_only_with_trigger.py
[2025-08-09T18:44:47.718+0000] {processor.py:830} INFO - Processing file /home/airflow/.local/lib/python3.12/site-packages/airflow/example_dags/example_latest_only_with_trigger.py for tasks to queue
[2025-08-09T18:44:47.720+0000] {logging_mixin.py:188} INFO - [2025-08-09T18:44:47.720+0000] {dagbag.py:540} INFO - Filling up the DagBag from /home/airflow/.local/lib/python3.12/site-packages/airflow/example_dags/example_latest_only_with_trigger.py
[2025-08-09T18:44:47.727+0000] {processor.py:840} INFO - DAG(s) 'latest_only_with_trigger' retrieved from /home/airflow/.local/lib/python3.12/site-packages/airflow/example_dags/example_latest_only_with_trigger.py
[2025-08-09T18:44:47.755+0000] {logging_mixin.py:188} INFO - [2025-08-09T18:44:47.755+0000] {dag.py:3096} INFO - Sync 1 DAGs
[2025-08-09T18:44:47.789+0000] {logging_mixin.py:188} INFO - [2025-08-09T18:44:47.789+0000] {dag.py:3954} INFO - Setting next_dagrun for latest_only_with_trigger to 2025-08-09 12:00:00+00:00, run_after=2025-08-09 16:00:00+00:00
[2025-08-09T18:44:47.827+0000] {processor.py:183} INFO - Processing /home/airflow/.local/lib/python3.12/site-packages/airflow/example_dags/example_latest_only_with_trigger.py took 0.118 seconds
