[2025-08-09T18:21:54.735+0000] {processor.py:161} INFO - Started process (PID=89) to work on /home/airflow/.local/lib/python3.12/site-packages/airflow/example_dags/example_python_decorator.py
[2025-08-09T18:21:54.737+0000] {processor.py:830} INFO - Processing file /home/airflow/.local/lib/python3.12/site-packages/airflow/example_dags/example_python_decorator.py for tasks to queue
[2025-08-09T18:21:54.740+0000] {logging_mixin.py:188} INFO - [2025-08-09T18:21:54.739+0000] {dagbag.py:540} INFO - Filling up the DagBag from /home/airflow/.local/lib/python3.12/site-packages/airflow/example_dags/example_python_decorator.py
[2025-08-09T18:21:54.775+0000] {processor.py:840} INFO - DAG(s) 'example_python_decorator' retrieved from /home/airflow/.local/lib/python3.12/site-packages/airflow/example_dags/example_python_decorator.py
[2025-08-09T18:21:55.196+0000] {logging_mixin.py:188} INFO - [2025-08-09T18:21:55.195+0000] {dag.py:3096} INFO - Sync 1 DAGs
[2025-08-09T18:21:55.243+0000] {logging_mixin.py:188} INFO - [2025-08-09T18:21:55.243+0000] {dag.py:3954} INFO - Setting next_dagrun for example_python_decorator to None, run_after=None
[2025-08-09T18:21:55.347+0000] {processor.py:183} INFO - Processing /home/airflow/.local/lib/python3.12/site-packages/airflow/example_dags/example_python_decorator.py took 0.623 seconds
[2025-08-09T18:22:25.538+0000] {processor.py:161} INFO - Started process (PID=148) to work on /home/airflow/.local/lib/python3.12/site-packages/airflow/example_dags/example_python_decorator.py
[2025-08-09T18:22:25.541+0000] {processor.py:830} INFO - Processing file /home/airflow/.local/lib/python3.12/site-packages/airflow/example_dags/example_python_decorator.py for tasks to queue
[2025-08-09T18:22:25.544+0000] {logging_mixin.py:188} INFO - [2025-08-09T18:22:25.543+0000] {dagbag.py:540} INFO - Filling up the DagBag from /home/airflow/.local/lib/python3.12/site-packages/airflow/example_dags/example_python_decorator.py
[2025-08-09T18:22:25.562+0000] {processor.py:840} INFO - DAG(s) 'example_python_decorator' retrieved from /home/airflow/.local/lib/python3.12/site-packages/airflow/example_dags/example_python_decorator.py
[2025-08-09T18:22:25.588+0000] {logging_mixin.py:188} INFO - [2025-08-09T18:22:25.587+0000] {dag.py:3096} INFO - Sync 1 DAGs
[2025-08-09T18:22:25.606+0000] {logging_mixin.py:188} INFO - [2025-08-09T18:22:25.606+0000] {dag.py:3954} INFO - Setting next_dagrun for example_python_decorator to None, run_after=None
[2025-08-09T18:22:25.639+0000] {processor.py:183} INFO - Processing /home/airflow/.local/lib/python3.12/site-packages/airflow/example_dags/example_python_decorator.py took 0.111 seconds
[2025-08-09T18:22:56.021+0000] {processor.py:161} INFO - Started process (PID=207) to work on /home/airflow/.local/lib/python3.12/site-packages/airflow/example_dags/example_python_decorator.py
[2025-08-09T18:22:56.023+0000] {processor.py:830} INFO - Processing file /home/airflow/.local/lib/python3.12/site-packages/airflow/example_dags/example_python_decorator.py for tasks to queue
[2025-08-09T18:22:56.029+0000] {logging_mixin.py:188} INFO - [2025-08-09T18:22:56.028+0000] {dagbag.py:540} INFO - Filling up the DagBag from /home/airflow/.local/lib/python3.12/site-packages/airflow/example_dags/example_python_decorator.py
[2025-08-09T18:22:56.057+0000] {processor.py:840} INFO - DAG(s) 'example_python_decorator' retrieved from /home/airflow/.local/lib/python3.12/site-packages/airflow/example_dags/example_python_decorator.py
[2025-08-09T18:22:56.091+0000] {logging_mixin.py:188} INFO - [2025-08-09T18:22:56.091+0000] {dag.py:3096} INFO - Sync 1 DAGs
[2025-08-09T18:22:56.109+0000] {logging_mixin.py:188} INFO - [2025-08-09T18:22:56.108+0000] {dag.py:3954} INFO - Setting next_dagrun for example_python_decorator to None, run_after=None
[2025-08-09T18:22:56.134+0000] {processor.py:183} INFO - Processing /home/airflow/.local/lib/python3.12/site-packages/airflow/example_dags/example_python_decorator.py took 0.126 seconds
[2025-08-09T18:23:26.418+0000] {processor.py:161} INFO - Started process (PID=266) to work on /home/airflow/.local/lib/python3.12/site-packages/airflow/example_dags/example_python_decorator.py
[2025-08-09T18:23:26.420+0000] {processor.py:830} INFO - Processing file /home/airflow/.local/lib/python3.12/site-packages/airflow/example_dags/example_python_decorator.py for tasks to queue
[2025-08-09T18:23:26.424+0000] {logging_mixin.py:188} INFO - [2025-08-09T18:23:26.423+0000] {dagbag.py:540} INFO - Filling up the DagBag from /home/airflow/.local/lib/python3.12/site-packages/airflow/example_dags/example_python_decorator.py
[2025-08-09T18:23:26.444+0000] {processor.py:840} INFO - DAG(s) 'example_python_decorator' retrieved from /home/airflow/.local/lib/python3.12/site-packages/airflow/example_dags/example_python_decorator.py
[2025-08-09T18:23:26.473+0000] {logging_mixin.py:188} INFO - [2025-08-09T18:23:26.473+0000] {dag.py:3096} INFO - Sync 1 DAGs
[2025-08-09T18:23:26.489+0000] {logging_mixin.py:188} INFO - [2025-08-09T18:23:26.489+0000] {dag.py:3954} INFO - Setting next_dagrun for example_python_decorator to None, run_after=None
[2025-08-09T18:23:26.526+0000] {processor.py:183} INFO - Processing /home/airflow/.local/lib/python3.12/site-packages/airflow/example_dags/example_python_decorator.py took 0.122 seconds
[2025-08-09T18:23:57.009+0000] {processor.py:161} INFO - Started process (PID=325) to work on /home/airflow/.local/lib/python3.12/site-packages/airflow/example_dags/example_python_decorator.py
[2025-08-09T18:23:57.010+0000] {processor.py:830} INFO - Processing file /home/airflow/.local/lib/python3.12/site-packages/airflow/example_dags/example_python_decorator.py for tasks to queue
[2025-08-09T18:23:57.012+0000] {logging_mixin.py:188} INFO - [2025-08-09T18:23:57.011+0000] {dagbag.py:540} INFO - Filling up the DagBag from /home/airflow/.local/lib/python3.12/site-packages/airflow/example_dags/example_python_decorator.py
[2025-08-09T18:23:57.031+0000] {processor.py:840} INFO - DAG(s) 'example_python_decorator' retrieved from /home/airflow/.local/lib/python3.12/site-packages/airflow/example_dags/example_python_decorator.py
[2025-08-09T18:23:57.092+0000] {logging_mixin.py:188} INFO - [2025-08-09T18:23:57.091+0000] {dag.py:3096} INFO - Sync 1 DAGs
[2025-08-09T18:23:57.127+0000] {logging_mixin.py:188} INFO - [2025-08-09T18:23:57.127+0000] {dag.py:3954} INFO - Setting next_dagrun for example_python_decorator to None, run_after=None
[2025-08-09T18:23:57.162+0000] {processor.py:183} INFO - Processing /home/airflow/.local/lib/python3.12/site-packages/airflow/example_dags/example_python_decorator.py took 0.160 seconds
[2025-08-09T18:24:27.476+0000] {processor.py:161} INFO - Started process (PID=384) to work on /home/airflow/.local/lib/python3.12/site-packages/airflow/example_dags/example_python_decorator.py
[2025-08-09T18:24:27.477+0000] {processor.py:830} INFO - Processing file /home/airflow/.local/lib/python3.12/site-packages/airflow/example_dags/example_python_decorator.py for tasks to queue
[2025-08-09T18:24:27.480+0000] {logging_mixin.py:188} INFO - [2025-08-09T18:24:27.479+0000] {dagbag.py:540} INFO - Filling up the DagBag from /home/airflow/.local/lib/python3.12/site-packages/airflow/example_dags/example_python_decorator.py
[2025-08-09T18:24:27.496+0000] {processor.py:840} INFO - DAG(s) 'example_python_decorator' retrieved from /home/airflow/.local/lib/python3.12/site-packages/airflow/example_dags/example_python_decorator.py
[2025-08-09T18:24:27.523+0000] {logging_mixin.py:188} INFO - [2025-08-09T18:24:27.523+0000] {dag.py:3096} INFO - Sync 1 DAGs
[2025-08-09T18:24:27.545+0000] {logging_mixin.py:188} INFO - [2025-08-09T18:24:27.545+0000] {dag.py:3954} INFO - Setting next_dagrun for example_python_decorator to None, run_after=None
[2025-08-09T18:24:27.578+0000] {processor.py:183} INFO - Processing /home/airflow/.local/lib/python3.12/site-packages/airflow/example_dags/example_python_decorator.py took 0.110 seconds
[2025-08-09T18:24:58.360+0000] {processor.py:161} INFO - Started process (PID=443) to work on /home/airflow/.local/lib/python3.12/site-packages/airflow/example_dags/example_python_decorator.py
[2025-08-09T18:24:58.361+0000] {processor.py:830} INFO - Processing file /home/airflow/.local/lib/python3.12/site-packages/airflow/example_dags/example_python_decorator.py for tasks to queue
[2025-08-09T18:24:58.365+0000] {logging_mixin.py:188} INFO - [2025-08-09T18:24:58.365+0000] {dagbag.py:540} INFO - Filling up the DagBag from /home/airflow/.local/lib/python3.12/site-packages/airflow/example_dags/example_python_decorator.py
[2025-08-09T18:24:58.394+0000] {processor.py:840} INFO - DAG(s) 'example_python_decorator' retrieved from /home/airflow/.local/lib/python3.12/site-packages/airflow/example_dags/example_python_decorator.py
[2025-08-09T18:24:58.430+0000] {logging_mixin.py:188} INFO - [2025-08-09T18:24:58.430+0000] {dag.py:3096} INFO - Sync 1 DAGs
[2025-08-09T18:24:58.455+0000] {logging_mixin.py:188} INFO - [2025-08-09T18:24:58.455+0000] {dag.py:3954} INFO - Setting next_dagrun for example_python_decorator to None, run_after=None
[2025-08-09T18:24:58.495+0000] {processor.py:183} INFO - Processing /home/airflow/.local/lib/python3.12/site-packages/airflow/example_dags/example_python_decorator.py took 0.145 seconds
[2025-08-09T18:25:28.878+0000] {processor.py:161} INFO - Started process (PID=502) to work on /home/airflow/.local/lib/python3.12/site-packages/airflow/example_dags/example_python_decorator.py
[2025-08-09T18:25:28.887+0000] {processor.py:830} INFO - Processing file /home/airflow/.local/lib/python3.12/site-packages/airflow/example_dags/example_python_decorator.py for tasks to queue
[2025-08-09T18:25:28.890+0000] {logging_mixin.py:188} INFO - [2025-08-09T18:25:28.889+0000] {dagbag.py:540} INFO - Filling up the DagBag from /home/airflow/.local/lib/python3.12/site-packages/airflow/example_dags/example_python_decorator.py
[2025-08-09T18:25:28.906+0000] {processor.py:840} INFO - DAG(s) 'example_python_decorator' retrieved from /home/airflow/.local/lib/python3.12/site-packages/airflow/example_dags/example_python_decorator.py
[2025-08-09T18:25:28.936+0000] {logging_mixin.py:188} INFO - [2025-08-09T18:25:28.936+0000] {dag.py:3096} INFO - Sync 1 DAGs
[2025-08-09T18:25:28.952+0000] {logging_mixin.py:188} INFO - [2025-08-09T18:25:28.952+0000] {dag.py:3954} INFO - Setting next_dagrun for example_python_decorator to None, run_after=None
[2025-08-09T18:25:28.991+0000] {processor.py:183} INFO - Processing /home/airflow/.local/lib/python3.12/site-packages/airflow/example_dags/example_python_decorator.py took 0.121 seconds
[2025-08-09T18:27:24.689+0000] {processor.py:161} INFO - Started process (PID=90) to work on /home/airflow/.local/lib/python3.12/site-packages/airflow/example_dags/example_python_decorator.py
[2025-08-09T18:27:24.691+0000] {processor.py:830} INFO - Processing file /home/airflow/.local/lib/python3.12/site-packages/airflow/example_dags/example_python_decorator.py for tasks to queue
[2025-08-09T18:27:24.694+0000] {logging_mixin.py:188} INFO - [2025-08-09T18:27:24.693+0000] {dagbag.py:540} INFO - Filling up the DagBag from /home/airflow/.local/lib/python3.12/site-packages/airflow/example_dags/example_python_decorator.py
[2025-08-09T18:27:24.733+0000] {processor.py:840} INFO - DAG(s) 'example_python_decorator' retrieved from /home/airflow/.local/lib/python3.12/site-packages/airflow/example_dags/example_python_decorator.py
[2025-08-09T18:27:25.255+0000] {logging_mixin.py:188} INFO - [2025-08-09T18:27:25.254+0000] {dag.py:3096} INFO - Sync 1 DAGs
[2025-08-09T18:27:25.392+0000] {logging_mixin.py:188} INFO - [2025-08-09T18:27:25.391+0000] {dag.py:3954} INFO - Setting next_dagrun for example_python_decorator to None, run_after=None
[2025-08-09T18:27:25.478+0000] {processor.py:183} INFO - Processing /home/airflow/.local/lib/python3.12/site-packages/airflow/example_dags/example_python_decorator.py took 0.798 seconds
[2025-08-09T18:27:55.729+0000] {processor.py:161} INFO - Started process (PID=149) to work on /home/airflow/.local/lib/python3.12/site-packages/airflow/example_dags/example_python_decorator.py
[2025-08-09T18:27:55.731+0000] {processor.py:830} INFO - Processing file /home/airflow/.local/lib/python3.12/site-packages/airflow/example_dags/example_python_decorator.py for tasks to queue
[2025-08-09T18:27:55.735+0000] {logging_mixin.py:188} INFO - [2025-08-09T18:27:55.735+0000] {dagbag.py:540} INFO - Filling up the DagBag from /home/airflow/.local/lib/python3.12/site-packages/airflow/example_dags/example_python_decorator.py
[2025-08-09T18:27:55.765+0000] {processor.py:840} INFO - DAG(s) 'example_python_decorator' retrieved from /home/airflow/.local/lib/python3.12/site-packages/airflow/example_dags/example_python_decorator.py
[2025-08-09T18:27:55.810+0000] {logging_mixin.py:188} INFO - [2025-08-09T18:27:55.809+0000] {dag.py:3096} INFO - Sync 1 DAGs
[2025-08-09T18:27:55.839+0000] {logging_mixin.py:188} INFO - [2025-08-09T18:27:55.838+0000] {dag.py:3954} INFO - Setting next_dagrun for example_python_decorator to None, run_after=None
[2025-08-09T18:27:55.895+0000] {processor.py:183} INFO - Processing /home/airflow/.local/lib/python3.12/site-packages/airflow/example_dags/example_python_decorator.py took 0.180 seconds
[2025-08-09T18:28:26.173+0000] {processor.py:161} INFO - Started process (PID=208) to work on /home/airflow/.local/lib/python3.12/site-packages/airflow/example_dags/example_python_decorator.py
[2025-08-09T18:28:26.175+0000] {processor.py:830} INFO - Processing file /home/airflow/.local/lib/python3.12/site-packages/airflow/example_dags/example_python_decorator.py for tasks to queue
[2025-08-09T18:28:26.178+0000] {logging_mixin.py:188} INFO - [2025-08-09T18:28:26.177+0000] {dagbag.py:540} INFO - Filling up the DagBag from /home/airflow/.local/lib/python3.12/site-packages/airflow/example_dags/example_python_decorator.py
[2025-08-09T18:28:26.199+0000] {processor.py:840} INFO - DAG(s) 'example_python_decorator' retrieved from /home/airflow/.local/lib/python3.12/site-packages/airflow/example_dags/example_python_decorator.py
[2025-08-09T18:28:26.261+0000] {logging_mixin.py:188} INFO - [2025-08-09T18:28:26.260+0000] {dag.py:3096} INFO - Sync 1 DAGs
[2025-08-09T18:28:26.288+0000] {logging_mixin.py:188} INFO - [2025-08-09T18:28:26.287+0000] {dag.py:3954} INFO - Setting next_dagrun for example_python_decorator to None, run_after=None
[2025-08-09T18:28:26.322+0000] {processor.py:183} INFO - Processing /home/airflow/.local/lib/python3.12/site-packages/airflow/example_dags/example_python_decorator.py took 0.160 seconds
[2025-08-09T18:28:57.135+0000] {processor.py:161} INFO - Started process (PID=268) to work on /home/airflow/.local/lib/python3.12/site-packages/airflow/example_dags/example_python_decorator.py
[2025-08-09T18:28:57.137+0000] {processor.py:830} INFO - Processing file /home/airflow/.local/lib/python3.12/site-packages/airflow/example_dags/example_python_decorator.py for tasks to queue
[2025-08-09T18:28:57.142+0000] {logging_mixin.py:188} INFO - [2025-08-09T18:28:57.141+0000] {dagbag.py:540} INFO - Filling up the DagBag from /home/airflow/.local/lib/python3.12/site-packages/airflow/example_dags/example_python_decorator.py
[2025-08-09T18:28:57.206+0000] {processor.py:840} INFO - DAG(s) 'example_python_decorator' retrieved from /home/airflow/.local/lib/python3.12/site-packages/airflow/example_dags/example_python_decorator.py
[2025-08-09T18:28:57.268+0000] {logging_mixin.py:188} INFO - [2025-08-09T18:28:57.262+0000] {dag.py:3096} INFO - Sync 1 DAGs
[2025-08-09T18:28:57.312+0000] {logging_mixin.py:188} INFO - [2025-08-09T18:28:57.312+0000] {dag.py:3954} INFO - Setting next_dagrun for example_python_decorator to None, run_after=None
[2025-08-09T18:28:57.371+0000] {processor.py:183} INFO - Processing /home/airflow/.local/lib/python3.12/site-packages/airflow/example_dags/example_python_decorator.py took 0.259 seconds
[2025-08-09T18:29:28.040+0000] {processor.py:161} INFO - Started process (PID=327) to work on /home/airflow/.local/lib/python3.12/site-packages/airflow/example_dags/example_python_decorator.py
[2025-08-09T18:29:28.044+0000] {processor.py:830} INFO - Processing file /home/airflow/.local/lib/python3.12/site-packages/airflow/example_dags/example_python_decorator.py for tasks to queue
[2025-08-09T18:29:28.049+0000] {logging_mixin.py:188} INFO - [2025-08-09T18:29:28.048+0000] {dagbag.py:540} INFO - Filling up the DagBag from /home/airflow/.local/lib/python3.12/site-packages/airflow/example_dags/example_python_decorator.py
[2025-08-09T18:29:28.093+0000] {processor.py:840} INFO - DAG(s) 'example_python_decorator' retrieved from /home/airflow/.local/lib/python3.12/site-packages/airflow/example_dags/example_python_decorator.py
[2025-08-09T18:29:28.215+0000] {logging_mixin.py:188} INFO - [2025-08-09T18:29:28.214+0000] {dag.py:3096} INFO - Sync 1 DAGs
[2025-08-09T18:29:28.254+0000] {logging_mixin.py:188} INFO - [2025-08-09T18:29:28.254+0000] {dag.py:3954} INFO - Setting next_dagrun for example_python_decorator to None, run_after=None
[2025-08-09T18:29:28.307+0000] {processor.py:183} INFO - Processing /home/airflow/.local/lib/python3.12/site-packages/airflow/example_dags/example_python_decorator.py took 0.283 seconds
[2025-08-09T18:29:58.513+0000] {processor.py:161} INFO - Started process (PID=386) to work on /home/airflow/.local/lib/python3.12/site-packages/airflow/example_dags/example_python_decorator.py
[2025-08-09T18:29:58.514+0000] {processor.py:830} INFO - Processing file /home/airflow/.local/lib/python3.12/site-packages/airflow/example_dags/example_python_decorator.py for tasks to queue
[2025-08-09T18:29:58.516+0000] {logging_mixin.py:188} INFO - [2025-08-09T18:29:58.516+0000] {dagbag.py:540} INFO - Filling up the DagBag from /home/airflow/.local/lib/python3.12/site-packages/airflow/example_dags/example_python_decorator.py
[2025-08-09T18:29:58.533+0000] {processor.py:840} INFO - DAG(s) 'example_python_decorator' retrieved from /home/airflow/.local/lib/python3.12/site-packages/airflow/example_dags/example_python_decorator.py
[2025-08-09T18:29:58.560+0000] {logging_mixin.py:188} INFO - [2025-08-09T18:29:58.560+0000] {dag.py:3096} INFO - Sync 1 DAGs
[2025-08-09T18:29:58.578+0000] {logging_mixin.py:188} INFO - [2025-08-09T18:29:58.578+0000] {dag.py:3954} INFO - Setting next_dagrun for example_python_decorator to None, run_after=None
[2025-08-09T18:29:58.618+0000] {processor.py:183} INFO - Processing /home/airflow/.local/lib/python3.12/site-packages/airflow/example_dags/example_python_decorator.py took 0.112 seconds
[2025-08-09T18:30:29.280+0000] {processor.py:161} INFO - Started process (PID=446) to work on /home/airflow/.local/lib/python3.12/site-packages/airflow/example_dags/example_python_decorator.py
[2025-08-09T18:30:29.281+0000] {processor.py:830} INFO - Processing file /home/airflow/.local/lib/python3.12/site-packages/airflow/example_dags/example_python_decorator.py for tasks to queue
[2025-08-09T18:30:29.284+0000] {logging_mixin.py:188} INFO - [2025-08-09T18:30:29.283+0000] {dagbag.py:540} INFO - Filling up the DagBag from /home/airflow/.local/lib/python3.12/site-packages/airflow/example_dags/example_python_decorator.py
[2025-08-09T18:30:29.302+0000] {processor.py:840} INFO - DAG(s) 'example_python_decorator' retrieved from /home/airflow/.local/lib/python3.12/site-packages/airflow/example_dags/example_python_decorator.py
[2025-08-09T18:30:29.343+0000] {logging_mixin.py:188} INFO - [2025-08-09T18:30:29.342+0000] {dag.py:3096} INFO - Sync 1 DAGs
[2025-08-09T18:30:29.373+0000] {logging_mixin.py:188} INFO - [2025-08-09T18:30:29.373+0000] {dag.py:3954} INFO - Setting next_dagrun for example_python_decorator to None, run_after=None
[2025-08-09T18:30:29.419+0000] {processor.py:183} INFO - Processing /home/airflow/.local/lib/python3.12/site-packages/airflow/example_dags/example_python_decorator.py took 0.147 seconds
[2025-08-09T18:30:59.505+0000] {processor.py:161} INFO - Started process (PID=504) to work on /home/airflow/.local/lib/python3.12/site-packages/airflow/example_dags/example_python_decorator.py
[2025-08-09T18:30:59.507+0000] {processor.py:830} INFO - Processing file /home/airflow/.local/lib/python3.12/site-packages/airflow/example_dags/example_python_decorator.py for tasks to queue
[2025-08-09T18:30:59.510+0000] {logging_mixin.py:188} INFO - [2025-08-09T18:30:59.510+0000] {dagbag.py:540} INFO - Filling up the DagBag from /home/airflow/.local/lib/python3.12/site-packages/airflow/example_dags/example_python_decorator.py
[2025-08-09T18:30:59.527+0000] {processor.py:840} INFO - DAG(s) 'example_python_decorator' retrieved from /home/airflow/.local/lib/python3.12/site-packages/airflow/example_dags/example_python_decorator.py
[2025-08-09T18:30:59.561+0000] {logging_mixin.py:188} INFO - [2025-08-09T18:30:59.560+0000] {dag.py:3096} INFO - Sync 1 DAGs
[2025-08-09T18:30:59.576+0000] {logging_mixin.py:188} INFO - [2025-08-09T18:30:59.576+0000] {dag.py:3954} INFO - Setting next_dagrun for example_python_decorator to None, run_after=None
[2025-08-09T18:30:59.599+0000] {processor.py:183} INFO - Processing /home/airflow/.local/lib/python3.12/site-packages/airflow/example_dags/example_python_decorator.py took 0.101 seconds
[2025-08-09T18:31:29.713+0000] {processor.py:161} INFO - Started process (PID=563) to work on /home/airflow/.local/lib/python3.12/site-packages/airflow/example_dags/example_python_decorator.py
[2025-08-09T18:31:29.715+0000] {processor.py:830} INFO - Processing file /home/airflow/.local/lib/python3.12/site-packages/airflow/example_dags/example_python_decorator.py for tasks to queue
[2025-08-09T18:31:29.718+0000] {logging_mixin.py:188} INFO - [2025-08-09T18:31:29.717+0000] {dagbag.py:540} INFO - Filling up the DagBag from /home/airflow/.local/lib/python3.12/site-packages/airflow/example_dags/example_python_decorator.py
[2025-08-09T18:31:29.733+0000] {processor.py:840} INFO - DAG(s) 'example_python_decorator' retrieved from /home/airflow/.local/lib/python3.12/site-packages/airflow/example_dags/example_python_decorator.py
[2025-08-09T18:31:29.764+0000] {logging_mixin.py:188} INFO - [2025-08-09T18:31:29.763+0000] {dag.py:3096} INFO - Sync 1 DAGs
[2025-08-09T18:31:29.782+0000] {logging_mixin.py:188} INFO - [2025-08-09T18:31:29.781+0000] {dag.py:3954} INFO - Setting next_dagrun for example_python_decorator to None, run_after=None
[2025-08-09T18:31:29.819+0000] {processor.py:183} INFO - Processing /home/airflow/.local/lib/python3.12/site-packages/airflow/example_dags/example_python_decorator.py took 0.113 seconds
[2025-08-09T18:32:00.267+0000] {processor.py:161} INFO - Started process (PID=622) to work on /home/airflow/.local/lib/python3.12/site-packages/airflow/example_dags/example_python_decorator.py
[2025-08-09T18:32:00.271+0000] {processor.py:830} INFO - Processing file /home/airflow/.local/lib/python3.12/site-packages/airflow/example_dags/example_python_decorator.py for tasks to queue
[2025-08-09T18:32:00.274+0000] {logging_mixin.py:188} INFO - [2025-08-09T18:32:00.273+0000] {dagbag.py:540} INFO - Filling up the DagBag from /home/airflow/.local/lib/python3.12/site-packages/airflow/example_dags/example_python_decorator.py
[2025-08-09T18:32:00.296+0000] {processor.py:840} INFO - DAG(s) 'example_python_decorator' retrieved from /home/airflow/.local/lib/python3.12/site-packages/airflow/example_dags/example_python_decorator.py
[2025-08-09T18:32:00.334+0000] {logging_mixin.py:188} INFO - [2025-08-09T18:32:00.334+0000] {dag.py:3096} INFO - Sync 1 DAGs
[2025-08-09T18:32:00.361+0000] {logging_mixin.py:188} INFO - [2025-08-09T18:32:00.361+0000] {dag.py:3954} INFO - Setting next_dagrun for example_python_decorator to None, run_after=None
[2025-08-09T18:32:00.398+0000] {processor.py:183} INFO - Processing /home/airflow/.local/lib/python3.12/site-packages/airflow/example_dags/example_python_decorator.py took 0.140 seconds
[2025-08-09T18:32:30.591+0000] {processor.py:161} INFO - Started process (PID=682) to work on /home/airflow/.local/lib/python3.12/site-packages/airflow/example_dags/example_python_decorator.py
[2025-08-09T18:32:30.592+0000] {processor.py:830} INFO - Processing file /home/airflow/.local/lib/python3.12/site-packages/airflow/example_dags/example_python_decorator.py for tasks to queue
[2025-08-09T18:32:30.596+0000] {logging_mixin.py:188} INFO - [2025-08-09T18:32:30.596+0000] {dagbag.py:540} INFO - Filling up the DagBag from /home/airflow/.local/lib/python3.12/site-packages/airflow/example_dags/example_python_decorator.py
[2025-08-09T18:32:30.616+0000] {processor.py:840} INFO - DAG(s) 'example_python_decorator' retrieved from /home/airflow/.local/lib/python3.12/site-packages/airflow/example_dags/example_python_decorator.py
[2025-08-09T18:32:30.644+0000] {logging_mixin.py:188} INFO - [2025-08-09T18:32:30.644+0000] {dag.py:3096} INFO - Sync 1 DAGs
[2025-08-09T18:32:30.662+0000] {logging_mixin.py:188} INFO - [2025-08-09T18:32:30.662+0000] {dag.py:3954} INFO - Setting next_dagrun for example_python_decorator to None, run_after=None
[2025-08-09T18:32:30.692+0000] {processor.py:183} INFO - Processing /home/airflow/.local/lib/python3.12/site-packages/airflow/example_dags/example_python_decorator.py took 0.108 seconds
[2025-08-09T18:33:00.925+0000] {processor.py:161} INFO - Started process (PID=741) to work on /home/airflow/.local/lib/python3.12/site-packages/airflow/example_dags/example_python_decorator.py
[2025-08-09T18:33:00.926+0000] {processor.py:830} INFO - Processing file /home/airflow/.local/lib/python3.12/site-packages/airflow/example_dags/example_python_decorator.py for tasks to queue
[2025-08-09T18:33:00.929+0000] {logging_mixin.py:188} INFO - [2025-08-09T18:33:00.928+0000] {dagbag.py:540} INFO - Filling up the DagBag from /home/airflow/.local/lib/python3.12/site-packages/airflow/example_dags/example_python_decorator.py
[2025-08-09T18:33:00.944+0000] {processor.py:840} INFO - DAG(s) 'example_python_decorator' retrieved from /home/airflow/.local/lib/python3.12/site-packages/airflow/example_dags/example_python_decorator.py
[2025-08-09T18:33:00.973+0000] {logging_mixin.py:188} INFO - [2025-08-09T18:33:00.972+0000] {dag.py:3096} INFO - Sync 1 DAGs
[2025-08-09T18:33:00.989+0000] {logging_mixin.py:188} INFO - [2025-08-09T18:33:00.989+0000] {dag.py:3954} INFO - Setting next_dagrun for example_python_decorator to None, run_after=None
[2025-08-09T18:33:01.012+0000] {processor.py:183} INFO - Processing /home/airflow/.local/lib/python3.12/site-packages/airflow/example_dags/example_python_decorator.py took 0.094 seconds
[2025-08-09T18:33:31.537+0000] {processor.py:161} INFO - Started process (PID=800) to work on /home/airflow/.local/lib/python3.12/site-packages/airflow/example_dags/example_python_decorator.py
[2025-08-09T18:33:31.540+0000] {processor.py:830} INFO - Processing file /home/airflow/.local/lib/python3.12/site-packages/airflow/example_dags/example_python_decorator.py for tasks to queue
[2025-08-09T18:33:31.545+0000] {logging_mixin.py:188} INFO - [2025-08-09T18:33:31.544+0000] {dagbag.py:540} INFO - Filling up the DagBag from /home/airflow/.local/lib/python3.12/site-packages/airflow/example_dags/example_python_decorator.py
[2025-08-09T18:33:31.575+0000] {processor.py:840} INFO - DAG(s) 'example_python_decorator' retrieved from /home/airflow/.local/lib/python3.12/site-packages/airflow/example_dags/example_python_decorator.py
[2025-08-09T18:33:31.614+0000] {logging_mixin.py:188} INFO - [2025-08-09T18:33:31.614+0000] {dag.py:3096} INFO - Sync 1 DAGs
[2025-08-09T18:33:31.640+0000] {logging_mixin.py:188} INFO - [2025-08-09T18:33:31.640+0000] {dag.py:3954} INFO - Setting next_dagrun for example_python_decorator to None, run_after=None
[2025-08-09T18:33:31.681+0000] {processor.py:183} INFO - Processing /home/airflow/.local/lib/python3.12/site-packages/airflow/example_dags/example_python_decorator.py took 0.154 seconds
[2025-08-09T18:34:02.751+0000] {processor.py:161} INFO - Started process (PID=860) to work on /home/airflow/.local/lib/python3.12/site-packages/airflow/example_dags/example_python_decorator.py
[2025-08-09T18:34:02.754+0000] {processor.py:830} INFO - Processing file /home/airflow/.local/lib/python3.12/site-packages/airflow/example_dags/example_python_decorator.py for tasks to queue
[2025-08-09T18:34:02.761+0000] {logging_mixin.py:188} INFO - [2025-08-09T18:34:02.759+0000] {dagbag.py:540} INFO - Filling up the DagBag from /home/airflow/.local/lib/python3.12/site-packages/airflow/example_dags/example_python_decorator.py
[2025-08-09T18:34:02.810+0000] {processor.py:840} INFO - DAG(s) 'example_python_decorator' retrieved from /home/airflow/.local/lib/python3.12/site-packages/airflow/example_dags/example_python_decorator.py
[2025-08-09T18:34:02.865+0000] {logging_mixin.py:188} INFO - [2025-08-09T18:34:02.865+0000] {dag.py:3096} INFO - Sync 1 DAGs
[2025-08-09T18:34:02.896+0000] {logging_mixin.py:188} INFO - [2025-08-09T18:34:02.895+0000] {dag.py:3954} INFO - Setting next_dagrun for example_python_decorator to None, run_after=None
[2025-08-09T18:34:03.295+0000] {processor.py:183} INFO - Processing /home/airflow/.local/lib/python3.12/site-packages/airflow/example_dags/example_python_decorator.py took 0.562 seconds
[2025-08-09T18:34:33.457+0000] {processor.py:161} INFO - Started process (PID=919) to work on /home/airflow/.local/lib/python3.12/site-packages/airflow/example_dags/example_python_decorator.py
[2025-08-09T18:34:33.458+0000] {processor.py:830} INFO - Processing file /home/airflow/.local/lib/python3.12/site-packages/airflow/example_dags/example_python_decorator.py for tasks to queue
[2025-08-09T18:34:33.460+0000] {logging_mixin.py:188} INFO - [2025-08-09T18:34:33.460+0000] {dagbag.py:540} INFO - Filling up the DagBag from /home/airflow/.local/lib/python3.12/site-packages/airflow/example_dags/example_python_decorator.py
[2025-08-09T18:34:33.490+0000] {processor.py:840} INFO - DAG(s) 'example_python_decorator' retrieved from /home/airflow/.local/lib/python3.12/site-packages/airflow/example_dags/example_python_decorator.py
[2025-08-09T18:34:33.541+0000] {logging_mixin.py:188} INFO - [2025-08-09T18:34:33.538+0000] {dag.py:3096} INFO - Sync 1 DAGs
[2025-08-09T18:34:33.594+0000] {logging_mixin.py:188} INFO - [2025-08-09T18:34:33.592+0000] {dag.py:3954} INFO - Setting next_dagrun for example_python_decorator to None, run_after=None
[2025-08-09T18:34:33.676+0000] {processor.py:183} INFO - Processing /home/airflow/.local/lib/python3.12/site-packages/airflow/example_dags/example_python_decorator.py took 0.228 seconds
[2025-08-09T18:35:04.788+0000] {processor.py:161} INFO - Started process (PID=978) to work on /home/airflow/.local/lib/python3.12/site-packages/airflow/example_dags/example_python_decorator.py
[2025-08-09T18:35:04.802+0000] {processor.py:830} INFO - Processing file /home/airflow/.local/lib/python3.12/site-packages/airflow/example_dags/example_python_decorator.py for tasks to queue
[2025-08-09T18:35:04.812+0000] {logging_mixin.py:188} INFO - [2025-08-09T18:35:04.811+0000] {dagbag.py:540} INFO - Filling up the DagBag from /home/airflow/.local/lib/python3.12/site-packages/airflow/example_dags/example_python_decorator.py
[2025-08-09T18:35:04.904+0000] {processor.py:840} INFO - DAG(s) 'example_python_decorator' retrieved from /home/airflow/.local/lib/python3.12/site-packages/airflow/example_dags/example_python_decorator.py
[2025-08-09T18:35:05.014+0000] {logging_mixin.py:188} INFO - [2025-08-09T18:35:05.013+0000] {dag.py:3096} INFO - Sync 1 DAGs
[2025-08-09T18:35:05.073+0000] {logging_mixin.py:188} INFO - [2025-08-09T18:35:05.073+0000] {dag.py:3954} INFO - Setting next_dagrun for example_python_decorator to None, run_after=None
[2025-08-09T18:35:05.144+0000] {processor.py:183} INFO - Processing /home/airflow/.local/lib/python3.12/site-packages/airflow/example_dags/example_python_decorator.py took 0.416 seconds
[2025-08-09T18:35:35.311+0000] {processor.py:161} INFO - Started process (PID=1043) to work on /home/airflow/.local/lib/python3.12/site-packages/airflow/example_dags/example_python_decorator.py
[2025-08-09T18:35:35.313+0000] {processor.py:830} INFO - Processing file /home/airflow/.local/lib/python3.12/site-packages/airflow/example_dags/example_python_decorator.py for tasks to queue
[2025-08-09T18:35:35.316+0000] {logging_mixin.py:188} INFO - [2025-08-09T18:35:35.316+0000] {dagbag.py:540} INFO - Filling up the DagBag from /home/airflow/.local/lib/python3.12/site-packages/airflow/example_dags/example_python_decorator.py
[2025-08-09T18:35:35.332+0000] {processor.py:840} INFO - DAG(s) 'example_python_decorator' retrieved from /home/airflow/.local/lib/python3.12/site-packages/airflow/example_dags/example_python_decorator.py
[2025-08-09T18:35:35.359+0000] {logging_mixin.py:188} INFO - [2025-08-09T18:35:35.358+0000] {dag.py:3096} INFO - Sync 1 DAGs
[2025-08-09T18:35:35.377+0000] {logging_mixin.py:188} INFO - [2025-08-09T18:35:35.376+0000] {dag.py:3954} INFO - Setting next_dagrun for example_python_decorator to None, run_after=None
[2025-08-09T18:35:35.401+0000] {processor.py:183} INFO - Processing /home/airflow/.local/lib/python3.12/site-packages/airflow/example_dags/example_python_decorator.py took 0.102 seconds
[2025-08-09T18:36:05.651+0000] {processor.py:161} INFO - Started process (PID=1102) to work on /home/airflow/.local/lib/python3.12/site-packages/airflow/example_dags/example_python_decorator.py
[2025-08-09T18:36:05.652+0000] {processor.py:830} INFO - Processing file /home/airflow/.local/lib/python3.12/site-packages/airflow/example_dags/example_python_decorator.py for tasks to queue
[2025-08-09T18:36:05.655+0000] {logging_mixin.py:188} INFO - [2025-08-09T18:36:05.655+0000] {dagbag.py:540} INFO - Filling up the DagBag from /home/airflow/.local/lib/python3.12/site-packages/airflow/example_dags/example_python_decorator.py
[2025-08-09T18:36:05.675+0000] {processor.py:840} INFO - DAG(s) 'example_python_decorator' retrieved from /home/airflow/.local/lib/python3.12/site-packages/airflow/example_dags/example_python_decorator.py
[2025-08-09T18:36:05.708+0000] {logging_mixin.py:188} INFO - [2025-08-09T18:36:05.707+0000] {dag.py:3096} INFO - Sync 1 DAGs
[2025-08-09T18:36:05.725+0000] {logging_mixin.py:188} INFO - [2025-08-09T18:36:05.725+0000] {dag.py:3954} INFO - Setting next_dagrun for example_python_decorator to None, run_after=None
[2025-08-09T18:36:05.763+0000] {processor.py:183} INFO - Processing /home/airflow/.local/lib/python3.12/site-packages/airflow/example_dags/example_python_decorator.py took 0.122 seconds
[2025-08-09T18:36:36.443+0000] {processor.py:161} INFO - Started process (PID=1161) to work on /home/airflow/.local/lib/python3.12/site-packages/airflow/example_dags/example_python_decorator.py
[2025-08-09T18:36:36.444+0000] {processor.py:830} INFO - Processing file /home/airflow/.local/lib/python3.12/site-packages/airflow/example_dags/example_python_decorator.py for tasks to queue
[2025-08-09T18:36:36.447+0000] {logging_mixin.py:188} INFO - [2025-08-09T18:36:36.446+0000] {dagbag.py:540} INFO - Filling up the DagBag from /home/airflow/.local/lib/python3.12/site-packages/airflow/example_dags/example_python_decorator.py
[2025-08-09T18:36:36.464+0000] {processor.py:840} INFO - DAG(s) 'example_python_decorator' retrieved from /home/airflow/.local/lib/python3.12/site-packages/airflow/example_dags/example_python_decorator.py
[2025-08-09T18:36:36.494+0000] {logging_mixin.py:188} INFO - [2025-08-09T18:36:36.493+0000] {dag.py:3096} INFO - Sync 1 DAGs
[2025-08-09T18:36:36.512+0000] {logging_mixin.py:188} INFO - [2025-08-09T18:36:36.512+0000] {dag.py:3954} INFO - Setting next_dagrun for example_python_decorator to None, run_after=None
[2025-08-09T18:36:36.550+0000] {processor.py:183} INFO - Processing /home/airflow/.local/lib/python3.12/site-packages/airflow/example_dags/example_python_decorator.py took 0.115 seconds
[2025-08-09T18:37:06.646+0000] {processor.py:161} INFO - Started process (PID=1220) to work on /home/airflow/.local/lib/python3.12/site-packages/airflow/example_dags/example_python_decorator.py
[2025-08-09T18:37:06.648+0000] {processor.py:830} INFO - Processing file /home/airflow/.local/lib/python3.12/site-packages/airflow/example_dags/example_python_decorator.py for tasks to queue
[2025-08-09T18:37:06.651+0000] {logging_mixin.py:188} INFO - [2025-08-09T18:37:06.650+0000] {dagbag.py:540} INFO - Filling up the DagBag from /home/airflow/.local/lib/python3.12/site-packages/airflow/example_dags/example_python_decorator.py
[2025-08-09T18:37:06.671+0000] {processor.py:840} INFO - DAG(s) 'example_python_decorator' retrieved from /home/airflow/.local/lib/python3.12/site-packages/airflow/example_dags/example_python_decorator.py
[2025-08-09T18:37:06.702+0000] {logging_mixin.py:188} INFO - [2025-08-09T18:37:06.702+0000] {dag.py:3096} INFO - Sync 1 DAGs
[2025-08-09T18:37:06.723+0000] {logging_mixin.py:188} INFO - [2025-08-09T18:37:06.722+0000] {dag.py:3954} INFO - Setting next_dagrun for example_python_decorator to None, run_after=None
[2025-08-09T18:37:06.756+0000] {processor.py:183} INFO - Processing /home/airflow/.local/lib/python3.12/site-packages/airflow/example_dags/example_python_decorator.py took 0.124 seconds
[2025-08-09T18:37:37.432+0000] {processor.py:161} INFO - Started process (PID=1279) to work on /home/airflow/.local/lib/python3.12/site-packages/airflow/example_dags/example_python_decorator.py
[2025-08-09T18:37:37.435+0000] {processor.py:830} INFO - Processing file /home/airflow/.local/lib/python3.12/site-packages/airflow/example_dags/example_python_decorator.py for tasks to queue
[2025-08-09T18:37:37.439+0000] {logging_mixin.py:188} INFO - [2025-08-09T18:37:37.438+0000] {dagbag.py:540} INFO - Filling up the DagBag from /home/airflow/.local/lib/python3.12/site-packages/airflow/example_dags/example_python_decorator.py
[2025-08-09T18:37:37.469+0000] {processor.py:840} INFO - DAG(s) 'example_python_decorator' retrieved from /home/airflow/.local/lib/python3.12/site-packages/airflow/example_dags/example_python_decorator.py
[2025-08-09T18:37:37.521+0000] {logging_mixin.py:188} INFO - [2025-08-09T18:37:37.520+0000] {dag.py:3096} INFO - Sync 1 DAGs
[2025-08-09T18:37:37.538+0000] {logging_mixin.py:188} INFO - [2025-08-09T18:37:37.537+0000] {dag.py:3954} INFO - Setting next_dagrun for example_python_decorator to None, run_after=None
[2025-08-09T18:37:37.563+0000] {processor.py:183} INFO - Processing /home/airflow/.local/lib/python3.12/site-packages/airflow/example_dags/example_python_decorator.py took 0.141 seconds
[2025-08-09T18:38:08.008+0000] {processor.py:161} INFO - Started process (PID=1338) to work on /home/airflow/.local/lib/python3.12/site-packages/airflow/example_dags/example_python_decorator.py
[2025-08-09T18:38:08.010+0000] {processor.py:830} INFO - Processing file /home/airflow/.local/lib/python3.12/site-packages/airflow/example_dags/example_python_decorator.py for tasks to queue
[2025-08-09T18:38:08.013+0000] {logging_mixin.py:188} INFO - [2025-08-09T18:38:08.012+0000] {dagbag.py:540} INFO - Filling up the DagBag from /home/airflow/.local/lib/python3.12/site-packages/airflow/example_dags/example_python_decorator.py
[2025-08-09T18:38:08.035+0000] {processor.py:840} INFO - DAG(s) 'example_python_decorator' retrieved from /home/airflow/.local/lib/python3.12/site-packages/airflow/example_dags/example_python_decorator.py
[2025-08-09T18:38:08.070+0000] {logging_mixin.py:188} INFO - [2025-08-09T18:38:08.070+0000] {dag.py:3096} INFO - Sync 1 DAGs
[2025-08-09T18:38:08.095+0000] {logging_mixin.py:188} INFO - [2025-08-09T18:38:08.095+0000] {dag.py:3954} INFO - Setting next_dagrun for example_python_decorator to None, run_after=None
[2025-08-09T18:38:08.141+0000] {processor.py:183} INFO - Processing /home/airflow/.local/lib/python3.12/site-packages/airflow/example_dags/example_python_decorator.py took 0.144 seconds
[2025-08-09T18:38:38.366+0000] {processor.py:161} INFO - Started process (PID=1397) to work on /home/airflow/.local/lib/python3.12/site-packages/airflow/example_dags/example_python_decorator.py
[2025-08-09T18:38:38.367+0000] {processor.py:830} INFO - Processing file /home/airflow/.local/lib/python3.12/site-packages/airflow/example_dags/example_python_decorator.py for tasks to queue
[2025-08-09T18:38:38.370+0000] {logging_mixin.py:188} INFO - [2025-08-09T18:38:38.369+0000] {dagbag.py:540} INFO - Filling up the DagBag from /home/airflow/.local/lib/python3.12/site-packages/airflow/example_dags/example_python_decorator.py
[2025-08-09T18:38:38.385+0000] {processor.py:840} INFO - DAG(s) 'example_python_decorator' retrieved from /home/airflow/.local/lib/python3.12/site-packages/airflow/example_dags/example_python_decorator.py
[2025-08-09T18:38:38.413+0000] {logging_mixin.py:188} INFO - [2025-08-09T18:38:38.413+0000] {dag.py:3096} INFO - Sync 1 DAGs
[2025-08-09T18:38:38.430+0000] {logging_mixin.py:188} INFO - [2025-08-09T18:38:38.429+0000] {dag.py:3954} INFO - Setting next_dagrun for example_python_decorator to None, run_after=None
[2025-08-09T18:38:38.465+0000] {processor.py:183} INFO - Processing /home/airflow/.local/lib/python3.12/site-packages/airflow/example_dags/example_python_decorator.py took 0.110 seconds
[2025-08-09T18:39:08.668+0000] {processor.py:161} INFO - Started process (PID=1456) to work on /home/airflow/.local/lib/python3.12/site-packages/airflow/example_dags/example_python_decorator.py
[2025-08-09T18:39:08.671+0000] {processor.py:830} INFO - Processing file /home/airflow/.local/lib/python3.12/site-packages/airflow/example_dags/example_python_decorator.py for tasks to queue
[2025-08-09T18:39:08.678+0000] {logging_mixin.py:188} INFO - [2025-08-09T18:39:08.676+0000] {dagbag.py:540} INFO - Filling up the DagBag from /home/airflow/.local/lib/python3.12/site-packages/airflow/example_dags/example_python_decorator.py
[2025-08-09T18:39:08.722+0000] {processor.py:840} INFO - DAG(s) 'example_python_decorator' retrieved from /home/airflow/.local/lib/python3.12/site-packages/airflow/example_dags/example_python_decorator.py
[2025-08-09T18:39:08.776+0000] {logging_mixin.py:188} INFO - [2025-08-09T18:39:08.775+0000] {dag.py:3096} INFO - Sync 1 DAGs
[2025-08-09T18:39:08.799+0000] {logging_mixin.py:188} INFO - [2025-08-09T18:39:08.798+0000] {dag.py:3954} INFO - Setting next_dagrun for example_python_decorator to None, run_after=None
[2025-08-09T18:39:08.823+0000] {processor.py:183} INFO - Processing /home/airflow/.local/lib/python3.12/site-packages/airflow/example_dags/example_python_decorator.py took 0.171 seconds
[2025-08-09T18:39:39.370+0000] {processor.py:161} INFO - Started process (PID=1515) to work on /home/airflow/.local/lib/python3.12/site-packages/airflow/example_dags/example_python_decorator.py
[2025-08-09T18:39:39.379+0000] {processor.py:830} INFO - Processing file /home/airflow/.local/lib/python3.12/site-packages/airflow/example_dags/example_python_decorator.py for tasks to queue
[2025-08-09T18:39:39.404+0000] {logging_mixin.py:188} INFO - [2025-08-09T18:39:39.402+0000] {dagbag.py:540} INFO - Filling up the DagBag from /home/airflow/.local/lib/python3.12/site-packages/airflow/example_dags/example_python_decorator.py
[2025-08-09T18:39:39.490+0000] {processor.py:840} INFO - DAG(s) 'example_python_decorator' retrieved from /home/airflow/.local/lib/python3.12/site-packages/airflow/example_dags/example_python_decorator.py
[2025-08-09T18:39:39.623+0000] {logging_mixin.py:188} INFO - [2025-08-09T18:39:39.622+0000] {dag.py:3096} INFO - Sync 1 DAGs
[2025-08-09T18:39:39.695+0000] {logging_mixin.py:188} INFO - [2025-08-09T18:39:39.694+0000] {dag.py:3954} INFO - Setting next_dagrun for example_python_decorator to None, run_after=None
[2025-08-09T18:39:39.755+0000] {processor.py:183} INFO - Processing /home/airflow/.local/lib/python3.12/site-packages/airflow/example_dags/example_python_decorator.py took 0.401 seconds
[2025-08-09T18:40:10.189+0000] {processor.py:161} INFO - Started process (PID=1574) to work on /home/airflow/.local/lib/python3.12/site-packages/airflow/example_dags/example_python_decorator.py
[2025-08-09T18:40:10.190+0000] {processor.py:830} INFO - Processing file /home/airflow/.local/lib/python3.12/site-packages/airflow/example_dags/example_python_decorator.py for tasks to queue
[2025-08-09T18:40:10.193+0000] {logging_mixin.py:188} INFO - [2025-08-09T18:40:10.193+0000] {dagbag.py:540} INFO - Filling up the DagBag from /home/airflow/.local/lib/python3.12/site-packages/airflow/example_dags/example_python_decorator.py
[2025-08-09T18:40:10.211+0000] {processor.py:840} INFO - DAG(s) 'example_python_decorator' retrieved from /home/airflow/.local/lib/python3.12/site-packages/airflow/example_dags/example_python_decorator.py
[2025-08-09T18:40:10.248+0000] {logging_mixin.py:188} INFO - [2025-08-09T18:40:10.248+0000] {dag.py:3096} INFO - Sync 1 DAGs
[2025-08-09T18:40:10.267+0000] {logging_mixin.py:188} INFO - [2025-08-09T18:40:10.267+0000] {dag.py:3954} INFO - Setting next_dagrun for example_python_decorator to None, run_after=None
[2025-08-09T18:40:10.310+0000] {processor.py:183} INFO - Processing /home/airflow/.local/lib/python3.12/site-packages/airflow/example_dags/example_python_decorator.py took 0.131 seconds
[2025-08-09T18:40:40.734+0000] {processor.py:161} INFO - Started process (PID=1631) to work on /home/airflow/.local/lib/python3.12/site-packages/airflow/example_dags/example_python_decorator.py
[2025-08-09T18:40:40.736+0000] {processor.py:830} INFO - Processing file /home/airflow/.local/lib/python3.12/site-packages/airflow/example_dags/example_python_decorator.py for tasks to queue
[2025-08-09T18:40:40.740+0000] {logging_mixin.py:188} INFO - [2025-08-09T18:40:40.739+0000] {dagbag.py:540} INFO - Filling up the DagBag from /home/airflow/.local/lib/python3.12/site-packages/airflow/example_dags/example_python_decorator.py
[2025-08-09T18:40:40.765+0000] {processor.py:840} INFO - DAG(s) 'example_python_decorator' retrieved from /home/airflow/.local/lib/python3.12/site-packages/airflow/example_dags/example_python_decorator.py
[2025-08-09T18:40:40.807+0000] {logging_mixin.py:188} INFO - [2025-08-09T18:40:40.807+0000] {dag.py:3096} INFO - Sync 1 DAGs
[2025-08-09T18:40:40.834+0000] {logging_mixin.py:188} INFO - [2025-08-09T18:40:40.834+0000] {dag.py:3954} INFO - Setting next_dagrun for example_python_decorator to None, run_after=None
[2025-08-09T18:40:40.869+0000] {processor.py:183} INFO - Processing /home/airflow/.local/lib/python3.12/site-packages/airflow/example_dags/example_python_decorator.py took 0.146 seconds
[2025-08-09T18:41:11.095+0000] {processor.py:161} INFO - Started process (PID=1691) to work on /home/airflow/.local/lib/python3.12/site-packages/airflow/example_dags/example_python_decorator.py
[2025-08-09T18:41:11.097+0000] {processor.py:830} INFO - Processing file /home/airflow/.local/lib/python3.12/site-packages/airflow/example_dags/example_python_decorator.py for tasks to queue
[2025-08-09T18:41:11.100+0000] {logging_mixin.py:188} INFO - [2025-08-09T18:41:11.100+0000] {dagbag.py:540} INFO - Filling up the DagBag from /home/airflow/.local/lib/python3.12/site-packages/airflow/example_dags/example_python_decorator.py
[2025-08-09T18:41:11.122+0000] {processor.py:840} INFO - DAG(s) 'example_python_decorator' retrieved from /home/airflow/.local/lib/python3.12/site-packages/airflow/example_dags/example_python_decorator.py
[2025-08-09T18:41:11.164+0000] {logging_mixin.py:188} INFO - [2025-08-09T18:41:11.164+0000] {dag.py:3096} INFO - Sync 1 DAGs
[2025-08-09T18:41:11.186+0000] {logging_mixin.py:188} INFO - [2025-08-09T18:41:11.186+0000] {dag.py:3954} INFO - Setting next_dagrun for example_python_decorator to None, run_after=None
[2025-08-09T18:41:11.216+0000] {processor.py:183} INFO - Processing /home/airflow/.local/lib/python3.12/site-packages/airflow/example_dags/example_python_decorator.py took 0.140 seconds
[2025-08-09T18:41:41.989+0000] {processor.py:161} INFO - Started process (PID=1750) to work on /home/airflow/.local/lib/python3.12/site-packages/airflow/example_dags/example_python_decorator.py
[2025-08-09T18:41:41.990+0000] {processor.py:830} INFO - Processing file /home/airflow/.local/lib/python3.12/site-packages/airflow/example_dags/example_python_decorator.py for tasks to queue
[2025-08-09T18:41:41.993+0000] {logging_mixin.py:188} INFO - [2025-08-09T18:41:41.993+0000] {dagbag.py:540} INFO - Filling up the DagBag from /home/airflow/.local/lib/python3.12/site-packages/airflow/example_dags/example_python_decorator.py
[2025-08-09T18:41:42.011+0000] {processor.py:840} INFO - DAG(s) 'example_python_decorator' retrieved from /home/airflow/.local/lib/python3.12/site-packages/airflow/example_dags/example_python_decorator.py
[2025-08-09T18:41:42.037+0000] {logging_mixin.py:188} INFO - [2025-08-09T18:41:42.037+0000] {dag.py:3096} INFO - Sync 1 DAGs
[2025-08-09T18:41:42.055+0000] {logging_mixin.py:188} INFO - [2025-08-09T18:41:42.054+0000] {dag.py:3954} INFO - Setting next_dagrun for example_python_decorator to None, run_after=None
[2025-08-09T18:41:42.079+0000] {processor.py:183} INFO - Processing /home/airflow/.local/lib/python3.12/site-packages/airflow/example_dags/example_python_decorator.py took 0.099 seconds
[2025-08-09T18:42:12.877+0000] {processor.py:161} INFO - Started process (PID=1809) to work on /home/airflow/.local/lib/python3.12/site-packages/airflow/example_dags/example_python_decorator.py
[2025-08-09T18:42:12.878+0000] {processor.py:830} INFO - Processing file /home/airflow/.local/lib/python3.12/site-packages/airflow/example_dags/example_python_decorator.py for tasks to queue
[2025-08-09T18:42:12.881+0000] {logging_mixin.py:188} INFO - [2025-08-09T18:42:12.880+0000] {dagbag.py:540} INFO - Filling up the DagBag from /home/airflow/.local/lib/python3.12/site-packages/airflow/example_dags/example_python_decorator.py
[2025-08-09T18:42:12.896+0000] {processor.py:840} INFO - DAG(s) 'example_python_decorator' retrieved from /home/airflow/.local/lib/python3.12/site-packages/airflow/example_dags/example_python_decorator.py
[2025-08-09T18:42:12.922+0000] {logging_mixin.py:188} INFO - [2025-08-09T18:42:12.921+0000] {dag.py:3096} INFO - Sync 1 DAGs
[2025-08-09T18:42:12.936+0000] {logging_mixin.py:188} INFO - [2025-08-09T18:42:12.936+0000] {dag.py:3954} INFO - Setting next_dagrun for example_python_decorator to None, run_after=None
[2025-08-09T18:42:12.988+0000] {processor.py:183} INFO - Processing /home/airflow/.local/lib/python3.12/site-packages/airflow/example_dags/example_python_decorator.py took 0.124 seconds
[2025-08-09T18:42:43.460+0000] {processor.py:161} INFO - Started process (PID=1868) to work on /home/airflow/.local/lib/python3.12/site-packages/airflow/example_dags/example_python_decorator.py
[2025-08-09T18:42:43.461+0000] {processor.py:830} INFO - Processing file /home/airflow/.local/lib/python3.12/site-packages/airflow/example_dags/example_python_decorator.py for tasks to queue
[2025-08-09T18:42:43.463+0000] {logging_mixin.py:188} INFO - [2025-08-09T18:42:43.463+0000] {dagbag.py:540} INFO - Filling up the DagBag from /home/airflow/.local/lib/python3.12/site-packages/airflow/example_dags/example_python_decorator.py
[2025-08-09T18:42:43.480+0000] {processor.py:840} INFO - DAG(s) 'example_python_decorator' retrieved from /home/airflow/.local/lib/python3.12/site-packages/airflow/example_dags/example_python_decorator.py
[2025-08-09T18:42:43.506+0000] {logging_mixin.py:188} INFO - [2025-08-09T18:42:43.506+0000] {dag.py:3096} INFO - Sync 1 DAGs
[2025-08-09T18:42:43.529+0000] {logging_mixin.py:188} INFO - [2025-08-09T18:42:43.528+0000] {dag.py:3954} INFO - Setting next_dagrun for example_python_decorator to None, run_after=None
[2025-08-09T18:42:43.563+0000] {processor.py:183} INFO - Processing /home/airflow/.local/lib/python3.12/site-packages/airflow/example_dags/example_python_decorator.py took 0.110 seconds
[2025-08-09T18:43:13.714+0000] {processor.py:161} INFO - Started process (PID=1927) to work on /home/airflow/.local/lib/python3.12/site-packages/airflow/example_dags/example_python_decorator.py
[2025-08-09T18:43:13.715+0000] {processor.py:830} INFO - Processing file /home/airflow/.local/lib/python3.12/site-packages/airflow/example_dags/example_python_decorator.py for tasks to queue
[2025-08-09T18:43:13.717+0000] {logging_mixin.py:188} INFO - [2025-08-09T18:43:13.717+0000] {dagbag.py:540} INFO - Filling up the DagBag from /home/airflow/.local/lib/python3.12/site-packages/airflow/example_dags/example_python_decorator.py
[2025-08-09T18:43:13.733+0000] {processor.py:840} INFO - DAG(s) 'example_python_decorator' retrieved from /home/airflow/.local/lib/python3.12/site-packages/airflow/example_dags/example_python_decorator.py
[2025-08-09T18:43:13.760+0000] {logging_mixin.py:188} INFO - [2025-08-09T18:43:13.759+0000] {dag.py:3096} INFO - Sync 1 DAGs
[2025-08-09T18:43:13.775+0000] {logging_mixin.py:188} INFO - [2025-08-09T18:43:13.775+0000] {dag.py:3954} INFO - Setting next_dagrun for example_python_decorator to None, run_after=None
[2025-08-09T18:43:13.814+0000] {processor.py:183} INFO - Processing /home/airflow/.local/lib/python3.12/site-packages/airflow/example_dags/example_python_decorator.py took 0.108 seconds
[2025-08-09T18:43:44.711+0000] {processor.py:161} INFO - Started process (PID=1986) to work on /home/airflow/.local/lib/python3.12/site-packages/airflow/example_dags/example_python_decorator.py
[2025-08-09T18:43:44.712+0000] {processor.py:830} INFO - Processing file /home/airflow/.local/lib/python3.12/site-packages/airflow/example_dags/example_python_decorator.py for tasks to queue
[2025-08-09T18:43:44.714+0000] {logging_mixin.py:188} INFO - [2025-08-09T18:43:44.714+0000] {dagbag.py:540} INFO - Filling up the DagBag from /home/airflow/.local/lib/python3.12/site-packages/airflow/example_dags/example_python_decorator.py
[2025-08-09T18:43:44.732+0000] {processor.py:840} INFO - DAG(s) 'example_python_decorator' retrieved from /home/airflow/.local/lib/python3.12/site-packages/airflow/example_dags/example_python_decorator.py
[2025-08-09T18:43:44.763+0000] {logging_mixin.py:188} INFO - [2025-08-09T18:43:44.763+0000] {dag.py:3096} INFO - Sync 1 DAGs
[2025-08-09T18:43:44.781+0000] {logging_mixin.py:188} INFO - [2025-08-09T18:43:44.781+0000] {dag.py:3954} INFO - Setting next_dagrun for example_python_decorator to None, run_after=None
[2025-08-09T18:43:44.813+0000] {processor.py:183} INFO - Processing /home/airflow/.local/lib/python3.12/site-packages/airflow/example_dags/example_python_decorator.py took 0.110 seconds
[2025-08-09T18:44:15.341+0000] {processor.py:161} INFO - Started process (PID=2045) to work on /home/airflow/.local/lib/python3.12/site-packages/airflow/example_dags/example_python_decorator.py
[2025-08-09T18:44:15.343+0000] {processor.py:830} INFO - Processing file /home/airflow/.local/lib/python3.12/site-packages/airflow/example_dags/example_python_decorator.py for tasks to queue
[2025-08-09T18:44:15.345+0000] {logging_mixin.py:188} INFO - [2025-08-09T18:44:15.345+0000] {dagbag.py:540} INFO - Filling up the DagBag from /home/airflow/.local/lib/python3.12/site-packages/airflow/example_dags/example_python_decorator.py
[2025-08-09T18:44:15.361+0000] {processor.py:840} INFO - DAG(s) 'example_python_decorator' retrieved from /home/airflow/.local/lib/python3.12/site-packages/airflow/example_dags/example_python_decorator.py
[2025-08-09T18:44:15.392+0000] {logging_mixin.py:188} INFO - [2025-08-09T18:44:15.392+0000] {dag.py:3096} INFO - Sync 1 DAGs
[2025-08-09T18:44:15.411+0000] {logging_mixin.py:188} INFO - [2025-08-09T18:44:15.411+0000] {dag.py:3954} INFO - Setting next_dagrun for example_python_decorator to None, run_after=None
[2025-08-09T18:44:15.435+0000] {processor.py:183} INFO - Processing /home/airflow/.local/lib/python3.12/site-packages/airflow/example_dags/example_python_decorator.py took 0.103 seconds
[2025-08-09T18:44:45.855+0000] {processor.py:161} INFO - Started process (PID=2104) to work on /home/airflow/.local/lib/python3.12/site-packages/airflow/example_dags/example_python_decorator.py
[2025-08-09T18:44:45.857+0000] {processor.py:830} INFO - Processing file /home/airflow/.local/lib/python3.12/site-packages/airflow/example_dags/example_python_decorator.py for tasks to queue
[2025-08-09T18:44:45.861+0000] {logging_mixin.py:188} INFO - [2025-08-09T18:44:45.860+0000] {dagbag.py:540} INFO - Filling up the DagBag from /home/airflow/.local/lib/python3.12/site-packages/airflow/example_dags/example_python_decorator.py
[2025-08-09T18:44:45.884+0000] {processor.py:840} INFO - DAG(s) 'example_python_decorator' retrieved from /home/airflow/.local/lib/python3.12/site-packages/airflow/example_dags/example_python_decorator.py
[2025-08-09T18:44:45.920+0000] {logging_mixin.py:188} INFO - [2025-08-09T18:44:45.920+0000] {dag.py:3096} INFO - Sync 1 DAGs
[2025-08-09T18:44:45.943+0000] {logging_mixin.py:188} INFO - [2025-08-09T18:44:45.942+0000] {dag.py:3954} INFO - Setting next_dagrun for example_python_decorator to None, run_after=None
[2025-08-09T18:44:45.992+0000] {processor.py:183} INFO - Processing /home/airflow/.local/lib/python3.12/site-packages/airflow/example_dags/example_python_decorator.py took 0.151 seconds
