[2025-08-09T18:21:59.994+0000] {processor.py:161} INFO - Started process (PID=99) to work on /home/airflow/.local/lib/python3.12/site-packages/airflow/example_dags/example_short_circuit_operator.py
[2025-08-09T18:21:59.996+0000] {processor.py:830} INFO - Processing file /home/airflow/.local/lib/python3.12/site-packages/airflow/example_dags/example_short_circuit_operator.py for tasks to queue
[2025-08-09T18:22:00.001+0000] {logging_mixin.py:188} INFO - [2025-08-09T18:22:00.000+0000] {dagbag.py:540} INFO - Filling up the DagBag from /home/airflow/.local/lib/python3.12/site-packages/airflow/example_dags/example_short_circuit_operator.py
[2025-08-09T18:22:00.041+0000] {processor.py:840} INFO - DAG(s) 'example_short_circuit_operator' retrieved from /home/airflow/.local/lib/python3.12/site-packages/airflow/example_dags/example_short_circuit_operator.py
[2025-08-09T18:22:00.354+0000] {logging_mixin.py:188} INFO - [2025-08-09T18:22:00.353+0000] {dag.py:3096} INFO - Sync 1 DAGs
[2025-08-09T18:22:00.414+0000] {logging_mixin.py:188} INFO - [2025-08-09T18:22:00.413+0000] {dag.py:3954} INFO - Setting next_dagrun for example_short_circuit_operator to 2025-08-08 00:00:00+00:00, run_after=2025-08-09 00:00:00+00:00
[2025-08-09T18:22:00.492+0000] {processor.py:183} INFO - Processing /home/airflow/.local/lib/python3.12/site-packages/airflow/example_dags/example_short_circuit_operator.py took 0.517 seconds
[2025-08-09T18:22:31.179+0000] {processor.py:161} INFO - Started process (PID=158) to work on /home/airflow/.local/lib/python3.12/site-packages/airflow/example_dags/example_short_circuit_operator.py
[2025-08-09T18:22:31.195+0000] {processor.py:830} INFO - Processing file /home/airflow/.local/lib/python3.12/site-packages/airflow/example_dags/example_short_circuit_operator.py for tasks to queue
[2025-08-09T18:22:31.199+0000] {logging_mixin.py:188} INFO - [2025-08-09T18:22:31.198+0000] {dagbag.py:540} INFO - Filling up the DagBag from /home/airflow/.local/lib/python3.12/site-packages/airflow/example_dags/example_short_circuit_operator.py
[2025-08-09T18:22:31.214+0000] {processor.py:840} INFO - DAG(s) 'example_short_circuit_operator' retrieved from /home/airflow/.local/lib/python3.12/site-packages/airflow/example_dags/example_short_circuit_operator.py
[2025-08-09T18:22:31.257+0000] {logging_mixin.py:188} INFO - [2025-08-09T18:22:31.257+0000] {dag.py:3096} INFO - Sync 1 DAGs
[2025-08-09T18:22:31.303+0000] {logging_mixin.py:188} INFO - [2025-08-09T18:22:31.303+0000] {dag.py:3954} INFO - Setting next_dagrun for example_short_circuit_operator to 2025-08-08 00:00:00+00:00, run_after=2025-08-09 00:00:00+00:00
[2025-08-09T18:22:31.338+0000] {processor.py:183} INFO - Processing /home/airflow/.local/lib/python3.12/site-packages/airflow/example_dags/example_short_circuit_operator.py took 0.166 seconds
[2025-08-09T18:23:01.661+0000] {processor.py:161} INFO - Started process (PID=217) to work on /home/airflow/.local/lib/python3.12/site-packages/airflow/example_dags/example_short_circuit_operator.py
[2025-08-09T18:23:01.662+0000] {processor.py:830} INFO - Processing file /home/airflow/.local/lib/python3.12/site-packages/airflow/example_dags/example_short_circuit_operator.py for tasks to queue
[2025-08-09T18:23:01.665+0000] {logging_mixin.py:188} INFO - [2025-08-09T18:23:01.664+0000] {dagbag.py:540} INFO - Filling up the DagBag from /home/airflow/.local/lib/python3.12/site-packages/airflow/example_dags/example_short_circuit_operator.py
[2025-08-09T18:23:01.674+0000] {processor.py:840} INFO - DAG(s) 'example_short_circuit_operator' retrieved from /home/airflow/.local/lib/python3.12/site-packages/airflow/example_dags/example_short_circuit_operator.py
[2025-08-09T18:23:01.701+0000] {logging_mixin.py:188} INFO - [2025-08-09T18:23:01.701+0000] {dag.py:3096} INFO - Sync 1 DAGs
[2025-08-09T18:23:01.728+0000] {logging_mixin.py:188} INFO - [2025-08-09T18:23:01.728+0000] {dag.py:3954} INFO - Setting next_dagrun for example_short_circuit_operator to 2025-08-08 00:00:00+00:00, run_after=2025-08-09 00:00:00+00:00
[2025-08-09T18:23:01.751+0000] {processor.py:183} INFO - Processing /home/airflow/.local/lib/python3.12/site-packages/airflow/example_dags/example_short_circuit_operator.py took 0.098 seconds
[2025-08-09T18:23:32.012+0000] {processor.py:161} INFO - Started process (PID=276) to work on /home/airflow/.local/lib/python3.12/site-packages/airflow/example_dags/example_short_circuit_operator.py
[2025-08-09T18:23:32.014+0000] {processor.py:830} INFO - Processing file /home/airflow/.local/lib/python3.12/site-packages/airflow/example_dags/example_short_circuit_operator.py for tasks to queue
[2025-08-09T18:23:32.017+0000] {logging_mixin.py:188} INFO - [2025-08-09T18:23:32.016+0000] {dagbag.py:540} INFO - Filling up the DagBag from /home/airflow/.local/lib/python3.12/site-packages/airflow/example_dags/example_short_circuit_operator.py
[2025-08-09T18:23:32.029+0000] {processor.py:840} INFO - DAG(s) 'example_short_circuit_operator' retrieved from /home/airflow/.local/lib/python3.12/site-packages/airflow/example_dags/example_short_circuit_operator.py
[2025-08-09T18:23:32.064+0000] {logging_mixin.py:188} INFO - [2025-08-09T18:23:32.063+0000] {dag.py:3096} INFO - Sync 1 DAGs
[2025-08-09T18:23:32.112+0000] {logging_mixin.py:188} INFO - [2025-08-09T18:23:32.112+0000] {dag.py:3954} INFO - Setting next_dagrun for example_short_circuit_operator to 2025-08-08 00:00:00+00:00, run_after=2025-08-09 00:00:00+00:00
[2025-08-09T18:23:32.154+0000] {processor.py:183} INFO - Processing /home/airflow/.local/lib/python3.12/site-packages/airflow/example_dags/example_short_circuit_operator.py took 0.152 seconds
[2025-08-09T18:24:02.566+0000] {processor.py:161} INFO - Started process (PID=335) to work on /home/airflow/.local/lib/python3.12/site-packages/airflow/example_dags/example_short_circuit_operator.py
[2025-08-09T18:24:02.568+0000] {processor.py:830} INFO - Processing file /home/airflow/.local/lib/python3.12/site-packages/airflow/example_dags/example_short_circuit_operator.py for tasks to queue
[2025-08-09T18:24:02.572+0000] {logging_mixin.py:188} INFO - [2025-08-09T18:24:02.571+0000] {dagbag.py:540} INFO - Filling up the DagBag from /home/airflow/.local/lib/python3.12/site-packages/airflow/example_dags/example_short_circuit_operator.py
[2025-08-09T18:24:02.584+0000] {processor.py:840} INFO - DAG(s) 'example_short_circuit_operator' retrieved from /home/airflow/.local/lib/python3.12/site-packages/airflow/example_dags/example_short_circuit_operator.py
[2025-08-09T18:24:02.624+0000] {logging_mixin.py:188} INFO - [2025-08-09T18:24:02.623+0000] {dag.py:3096} INFO - Sync 1 DAGs
[2025-08-09T18:24:02.682+0000] {logging_mixin.py:188} INFO - [2025-08-09T18:24:02.681+0000] {dag.py:3954} INFO - Setting next_dagrun for example_short_circuit_operator to 2025-08-08 00:00:00+00:00, run_after=2025-08-09 00:00:00+00:00
[2025-08-09T18:24:02.751+0000] {processor.py:183} INFO - Processing /home/airflow/.local/lib/python3.12/site-packages/airflow/example_dags/example_short_circuit_operator.py took 0.195 seconds
[2025-08-09T18:24:33.169+0000] {processor.py:161} INFO - Started process (PID=394) to work on /home/airflow/.local/lib/python3.12/site-packages/airflow/example_dags/example_short_circuit_operator.py
[2025-08-09T18:24:33.170+0000] {processor.py:830} INFO - Processing file /home/airflow/.local/lib/python3.12/site-packages/airflow/example_dags/example_short_circuit_operator.py for tasks to queue
[2025-08-09T18:24:33.173+0000] {logging_mixin.py:188} INFO - [2025-08-09T18:24:33.173+0000] {dagbag.py:540} INFO - Filling up the DagBag from /home/airflow/.local/lib/python3.12/site-packages/airflow/example_dags/example_short_circuit_operator.py
[2025-08-09T18:24:33.187+0000] {processor.py:840} INFO - DAG(s) 'example_short_circuit_operator' retrieved from /home/airflow/.local/lib/python3.12/site-packages/airflow/example_dags/example_short_circuit_operator.py
[2025-08-09T18:24:33.234+0000] {logging_mixin.py:188} INFO - [2025-08-09T18:24:33.233+0000] {dag.py:3096} INFO - Sync 1 DAGs
[2025-08-09T18:24:33.267+0000] {logging_mixin.py:188} INFO - [2025-08-09T18:24:33.267+0000] {dag.py:3954} INFO - Setting next_dagrun for example_short_circuit_operator to 2025-08-08 00:00:00+00:00, run_after=2025-08-09 00:00:00+00:00
[2025-08-09T18:24:33.293+0000] {processor.py:183} INFO - Processing /home/airflow/.local/lib/python3.12/site-packages/airflow/example_dags/example_short_circuit_operator.py took 0.133 seconds
[2025-08-09T18:25:03.653+0000] {processor.py:161} INFO - Started process (PID=453) to work on /home/airflow/.local/lib/python3.12/site-packages/airflow/example_dags/example_short_circuit_operator.py
[2025-08-09T18:25:03.655+0000] {processor.py:830} INFO - Processing file /home/airflow/.local/lib/python3.12/site-packages/airflow/example_dags/example_short_circuit_operator.py for tasks to queue
[2025-08-09T18:25:03.659+0000] {logging_mixin.py:188} INFO - [2025-08-09T18:25:03.658+0000] {dagbag.py:540} INFO - Filling up the DagBag from /home/airflow/.local/lib/python3.12/site-packages/airflow/example_dags/example_short_circuit_operator.py
[2025-08-09T18:25:03.677+0000] {processor.py:840} INFO - DAG(s) 'example_short_circuit_operator' retrieved from /home/airflow/.local/lib/python3.12/site-packages/airflow/example_dags/example_short_circuit_operator.py
[2025-08-09T18:25:03.739+0000] {logging_mixin.py:188} INFO - [2025-08-09T18:25:03.738+0000] {dag.py:3096} INFO - Sync 1 DAGs
[2025-08-09T18:25:03.793+0000] {logging_mixin.py:188} INFO - [2025-08-09T18:25:03.792+0000] {dag.py:3954} INFO - Setting next_dagrun for example_short_circuit_operator to 2025-08-08 00:00:00+00:00, run_after=2025-08-09 00:00:00+00:00
[2025-08-09T18:25:03.831+0000] {processor.py:183} INFO - Processing /home/airflow/.local/lib/python3.12/site-packages/airflow/example_dags/example_short_circuit_operator.py took 0.199 seconds
[2025-08-09T18:25:34.576+0000] {processor.py:161} INFO - Started process (PID=512) to work on /home/airflow/.local/lib/python3.12/site-packages/airflow/example_dags/example_short_circuit_operator.py
[2025-08-09T18:25:34.579+0000] {processor.py:830} INFO - Processing file /home/airflow/.local/lib/python3.12/site-packages/airflow/example_dags/example_short_circuit_operator.py for tasks to queue
[2025-08-09T18:25:34.583+0000] {logging_mixin.py:188} INFO - [2025-08-09T18:25:34.583+0000] {dagbag.py:540} INFO - Filling up the DagBag from /home/airflow/.local/lib/python3.12/site-packages/airflow/example_dags/example_short_circuit_operator.py
[2025-08-09T18:25:34.614+0000] {processor.py:840} INFO - DAG(s) 'example_short_circuit_operator' retrieved from /home/airflow/.local/lib/python3.12/site-packages/airflow/example_dags/example_short_circuit_operator.py
[2025-08-09T18:25:34.705+0000] {logging_mixin.py:188} INFO - [2025-08-09T18:25:34.704+0000] {dag.py:3096} INFO - Sync 1 DAGs
[2025-08-09T18:25:34.772+0000] {logging_mixin.py:188} INFO - [2025-08-09T18:25:34.772+0000] {dag.py:3954} INFO - Setting next_dagrun for example_short_circuit_operator to 2025-08-08 00:00:00+00:00, run_after=2025-08-09 00:00:00+00:00
[2025-08-09T18:25:34.954+0000] {processor.py:183} INFO - Processing /home/airflow/.local/lib/python3.12/site-packages/airflow/example_dags/example_short_circuit_operator.py took 0.398 seconds
[2025-08-09T18:27:27.968+0000] {processor.py:161} INFO - Started process (PID=100) to work on /home/airflow/.local/lib/python3.12/site-packages/airflow/example_dags/example_short_circuit_operator.py
[2025-08-09T18:27:27.971+0000] {processor.py:830} INFO - Processing file /home/airflow/.local/lib/python3.12/site-packages/airflow/example_dags/example_short_circuit_operator.py for tasks to queue
[2025-08-09T18:27:27.979+0000] {logging_mixin.py:188} INFO - [2025-08-09T18:27:27.977+0000] {dagbag.py:540} INFO - Filling up the DagBag from /home/airflow/.local/lib/python3.12/site-packages/airflow/example_dags/example_short_circuit_operator.py
[2025-08-09T18:27:28.000+0000] {processor.py:840} INFO - DAG(s) 'example_short_circuit_operator' retrieved from /home/airflow/.local/lib/python3.12/site-packages/airflow/example_dags/example_short_circuit_operator.py
[2025-08-09T18:27:28.312+0000] {logging_mixin.py:188} INFO - [2025-08-09T18:27:28.311+0000] {dag.py:3096} INFO - Sync 1 DAGs
[2025-08-09T18:27:28.360+0000] {logging_mixin.py:188} INFO - [2025-08-09T18:27:28.360+0000] {dag.py:3954} INFO - Setting next_dagrun for example_short_circuit_operator to 2025-08-08 00:00:00+00:00, run_after=2025-08-09 00:00:00+00:00
[2025-08-09T18:27:28.439+0000] {processor.py:183} INFO - Processing /home/airflow/.local/lib/python3.12/site-packages/airflow/example_dags/example_short_circuit_operator.py took 0.488 seconds
[2025-08-09T18:27:58.853+0000] {processor.py:161} INFO - Started process (PID=159) to work on /home/airflow/.local/lib/python3.12/site-packages/airflow/example_dags/example_short_circuit_operator.py
[2025-08-09T18:27:58.855+0000] {processor.py:830} INFO - Processing file /home/airflow/.local/lib/python3.12/site-packages/airflow/example_dags/example_short_circuit_operator.py for tasks to queue
[2025-08-09T18:27:58.860+0000] {logging_mixin.py:188} INFO - [2025-08-09T18:27:58.859+0000] {dagbag.py:540} INFO - Filling up the DagBag from /home/airflow/.local/lib/python3.12/site-packages/airflow/example_dags/example_short_circuit_operator.py
[2025-08-09T18:27:58.875+0000] {processor.py:840} INFO - DAG(s) 'example_short_circuit_operator' retrieved from /home/airflow/.local/lib/python3.12/site-packages/airflow/example_dags/example_short_circuit_operator.py
[2025-08-09T18:27:58.919+0000] {logging_mixin.py:188} INFO - [2025-08-09T18:27:58.919+0000] {dag.py:3096} INFO - Sync 1 DAGs
[2025-08-09T18:27:58.960+0000] {logging_mixin.py:188} INFO - [2025-08-09T18:27:58.959+0000] {dag.py:3954} INFO - Setting next_dagrun for example_short_circuit_operator to 2025-08-08 00:00:00+00:00, run_after=2025-08-09 00:00:00+00:00
[2025-08-09T18:27:59.003+0000] {processor.py:183} INFO - Processing /home/airflow/.local/lib/python3.12/site-packages/airflow/example_dags/example_short_circuit_operator.py took 0.161 seconds
[2025-08-09T18:28:29.175+0000] {processor.py:161} INFO - Started process (PID=218) to work on /home/airflow/.local/lib/python3.12/site-packages/airflow/example_dags/example_short_circuit_operator.py
[2025-08-09T18:28:29.186+0000] {processor.py:830} INFO - Processing file /home/airflow/.local/lib/python3.12/site-packages/airflow/example_dags/example_short_circuit_operator.py for tasks to queue
[2025-08-09T18:28:29.188+0000] {logging_mixin.py:188} INFO - [2025-08-09T18:28:29.188+0000] {dagbag.py:540} INFO - Filling up the DagBag from /home/airflow/.local/lib/python3.12/site-packages/airflow/example_dags/example_short_circuit_operator.py
[2025-08-09T18:28:29.198+0000] {processor.py:840} INFO - DAG(s) 'example_short_circuit_operator' retrieved from /home/airflow/.local/lib/python3.12/site-packages/airflow/example_dags/example_short_circuit_operator.py
[2025-08-09T18:28:29.235+0000] {logging_mixin.py:188} INFO - [2025-08-09T18:28:29.235+0000] {dag.py:3096} INFO - Sync 1 DAGs
[2025-08-09T18:28:29.266+0000] {logging_mixin.py:188} INFO - [2025-08-09T18:28:29.266+0000] {dag.py:3954} INFO - Setting next_dagrun for example_short_circuit_operator to 2025-08-08 00:00:00+00:00, run_after=2025-08-09 00:00:00+00:00
[2025-08-09T18:28:29.309+0000] {processor.py:183} INFO - Processing /home/airflow/.local/lib/python3.12/site-packages/airflow/example_dags/example_short_circuit_operator.py took 0.142 seconds
[2025-08-09T18:28:59.761+0000] {processor.py:161} INFO - Started process (PID=278) to work on /home/airflow/.local/lib/python3.12/site-packages/airflow/example_dags/example_short_circuit_operator.py
[2025-08-09T18:28:59.773+0000] {processor.py:830} INFO - Processing file /home/airflow/.local/lib/python3.12/site-packages/airflow/example_dags/example_short_circuit_operator.py for tasks to queue
[2025-08-09T18:28:59.777+0000] {logging_mixin.py:188} INFO - [2025-08-09T18:28:59.777+0000] {dagbag.py:540} INFO - Filling up the DagBag from /home/airflow/.local/lib/python3.12/site-packages/airflow/example_dags/example_short_circuit_operator.py
[2025-08-09T18:28:59.802+0000] {processor.py:840} INFO - DAG(s) 'example_short_circuit_operator' retrieved from /home/airflow/.local/lib/python3.12/site-packages/airflow/example_dags/example_short_circuit_operator.py
[2025-08-09T18:28:59.865+0000] {logging_mixin.py:188} INFO - [2025-08-09T18:28:59.865+0000] {dag.py:3096} INFO - Sync 1 DAGs
[2025-08-09T18:28:59.915+0000] {logging_mixin.py:188} INFO - [2025-08-09T18:28:59.913+0000] {dag.py:3954} INFO - Setting next_dagrun for example_short_circuit_operator to 2025-08-08 00:00:00+00:00, run_after=2025-08-09 00:00:00+00:00
[2025-08-09T18:28:59.970+0000] {processor.py:183} INFO - Processing /home/airflow/.local/lib/python3.12/site-packages/airflow/example_dags/example_short_circuit_operator.py took 0.227 seconds
[2025-08-09T18:29:30.413+0000] {processor.py:161} INFO - Started process (PID=337) to work on /home/airflow/.local/lib/python3.12/site-packages/airflow/example_dags/example_short_circuit_operator.py
[2025-08-09T18:29:30.414+0000] {processor.py:830} INFO - Processing file /home/airflow/.local/lib/python3.12/site-packages/airflow/example_dags/example_short_circuit_operator.py for tasks to queue
[2025-08-09T18:29:30.416+0000] {logging_mixin.py:188} INFO - [2025-08-09T18:29:30.416+0000] {dagbag.py:540} INFO - Filling up the DagBag from /home/airflow/.local/lib/python3.12/site-packages/airflow/example_dags/example_short_circuit_operator.py
[2025-08-09T18:29:30.427+0000] {processor.py:840} INFO - DAG(s) 'example_short_circuit_operator' retrieved from /home/airflow/.local/lib/python3.12/site-packages/airflow/example_dags/example_short_circuit_operator.py
[2025-08-09T18:29:30.467+0000] {logging_mixin.py:188} INFO - [2025-08-09T18:29:30.466+0000] {dag.py:3096} INFO - Sync 1 DAGs
[2025-08-09T18:29:30.501+0000] {logging_mixin.py:188} INFO - [2025-08-09T18:29:30.501+0000] {dag.py:3954} INFO - Setting next_dagrun for example_short_circuit_operator to 2025-08-08 00:00:00+00:00, run_after=2025-08-09 00:00:00+00:00
[2025-08-09T18:29:30.531+0000] {processor.py:183} INFO - Processing /home/airflow/.local/lib/python3.12/site-packages/airflow/example_dags/example_short_circuit_operator.py took 0.127 seconds
[2025-08-09T18:30:00.822+0000] {processor.py:161} INFO - Started process (PID=396) to work on /home/airflow/.local/lib/python3.12/site-packages/airflow/example_dags/example_short_circuit_operator.py
[2025-08-09T18:30:00.823+0000] {processor.py:830} INFO - Processing file /home/airflow/.local/lib/python3.12/site-packages/airflow/example_dags/example_short_circuit_operator.py for tasks to queue
[2025-08-09T18:30:00.827+0000] {logging_mixin.py:188} INFO - [2025-08-09T18:30:00.826+0000] {dagbag.py:540} INFO - Filling up the DagBag from /home/airflow/.local/lib/python3.12/site-packages/airflow/example_dags/example_short_circuit_operator.py
[2025-08-09T18:30:00.837+0000] {processor.py:840} INFO - DAG(s) 'example_short_circuit_operator' retrieved from /home/airflow/.local/lib/python3.12/site-packages/airflow/example_dags/example_short_circuit_operator.py
[2025-08-09T18:30:00.880+0000] {logging_mixin.py:188} INFO - [2025-08-09T18:30:00.880+0000] {dag.py:3096} INFO - Sync 1 DAGs
[2025-08-09T18:30:00.923+0000] {logging_mixin.py:188} INFO - [2025-08-09T18:30:00.923+0000] {dag.py:3954} INFO - Setting next_dagrun for example_short_circuit_operator to 2025-08-08 00:00:00+00:00, run_after=2025-08-09 00:00:00+00:00
[2025-08-09T18:30:00.957+0000] {processor.py:183} INFO - Processing /home/airflow/.local/lib/python3.12/site-packages/airflow/example_dags/example_short_circuit_operator.py took 0.145 seconds
[2025-08-09T18:30:31.289+0000] {processor.py:161} INFO - Started process (PID=456) to work on /home/airflow/.local/lib/python3.12/site-packages/airflow/example_dags/example_short_circuit_operator.py
[2025-08-09T18:30:31.291+0000] {processor.py:830} INFO - Processing file /home/airflow/.local/lib/python3.12/site-packages/airflow/example_dags/example_short_circuit_operator.py for tasks to queue
[2025-08-09T18:30:31.294+0000] {logging_mixin.py:188} INFO - [2025-08-09T18:30:31.293+0000] {dagbag.py:540} INFO - Filling up the DagBag from /home/airflow/.local/lib/python3.12/site-packages/airflow/example_dags/example_short_circuit_operator.py
[2025-08-09T18:30:31.303+0000] {processor.py:840} INFO - DAG(s) 'example_short_circuit_operator' retrieved from /home/airflow/.local/lib/python3.12/site-packages/airflow/example_dags/example_short_circuit_operator.py
[2025-08-09T18:30:31.334+0000] {logging_mixin.py:188} INFO - [2025-08-09T18:30:31.334+0000] {dag.py:3096} INFO - Sync 1 DAGs
[2025-08-09T18:30:31.366+0000] {logging_mixin.py:188} INFO - [2025-08-09T18:30:31.366+0000] {dag.py:3954} INFO - Setting next_dagrun for example_short_circuit_operator to 2025-08-08 00:00:00+00:00, run_after=2025-08-09 00:00:00+00:00
[2025-08-09T18:30:31.397+0000] {processor.py:183} INFO - Processing /home/airflow/.local/lib/python3.12/site-packages/airflow/example_dags/example_short_circuit_operator.py took 0.118 seconds
[2025-08-09T18:31:02.008+0000] {processor.py:161} INFO - Started process (PID=515) to work on /home/airflow/.local/lib/python3.12/site-packages/airflow/example_dags/example_short_circuit_operator.py
[2025-08-09T18:31:02.010+0000] {processor.py:830} INFO - Processing file /home/airflow/.local/lib/python3.12/site-packages/airflow/example_dags/example_short_circuit_operator.py for tasks to queue
[2025-08-09T18:31:02.016+0000] {logging_mixin.py:188} INFO - [2025-08-09T18:31:02.015+0000] {dagbag.py:540} INFO - Filling up the DagBag from /home/airflow/.local/lib/python3.12/site-packages/airflow/example_dags/example_short_circuit_operator.py
[2025-08-09T18:31:02.031+0000] {processor.py:840} INFO - DAG(s) 'example_short_circuit_operator' retrieved from /home/airflow/.local/lib/python3.12/site-packages/airflow/example_dags/example_short_circuit_operator.py
[2025-08-09T18:31:02.072+0000] {logging_mixin.py:188} INFO - [2025-08-09T18:31:02.072+0000] {dag.py:3096} INFO - Sync 1 DAGs
[2025-08-09T18:31:02.112+0000] {logging_mixin.py:188} INFO - [2025-08-09T18:31:02.111+0000] {dag.py:3954} INFO - Setting next_dagrun for example_short_circuit_operator to 2025-08-08 00:00:00+00:00, run_after=2025-08-09 00:00:00+00:00
[2025-08-09T18:31:02.152+0000] {processor.py:183} INFO - Processing /home/airflow/.local/lib/python3.12/site-packages/airflow/example_dags/example_short_circuit_operator.py took 0.154 seconds
[2025-08-09T18:31:32.616+0000] {processor.py:161} INFO - Started process (PID=574) to work on /home/airflow/.local/lib/python3.12/site-packages/airflow/example_dags/example_short_circuit_operator.py
[2025-08-09T18:31:32.618+0000] {processor.py:830} INFO - Processing file /home/airflow/.local/lib/python3.12/site-packages/airflow/example_dags/example_short_circuit_operator.py for tasks to queue
[2025-08-09T18:31:32.620+0000] {logging_mixin.py:188} INFO - [2025-08-09T18:31:32.620+0000] {dagbag.py:540} INFO - Filling up the DagBag from /home/airflow/.local/lib/python3.12/site-packages/airflow/example_dags/example_short_circuit_operator.py
[2025-08-09T18:31:32.652+0000] {processor.py:840} INFO - DAG(s) 'example_short_circuit_operator' retrieved from /home/airflow/.local/lib/python3.12/site-packages/airflow/example_dags/example_short_circuit_operator.py
[2025-08-09T18:31:32.695+0000] {logging_mixin.py:188} INFO - [2025-08-09T18:31:32.695+0000] {dag.py:3096} INFO - Sync 1 DAGs
[2025-08-09T18:31:32.732+0000] {logging_mixin.py:188} INFO - [2025-08-09T18:31:32.731+0000] {dag.py:3954} INFO - Setting next_dagrun for example_short_circuit_operator to 2025-08-08 00:00:00+00:00, run_after=2025-08-09 00:00:00+00:00
[2025-08-09T18:31:32.765+0000] {processor.py:183} INFO - Processing /home/airflow/.local/lib/python3.12/site-packages/airflow/example_dags/example_short_circuit_operator.py took 0.155 seconds
[2025-08-09T18:32:03.459+0000] {processor.py:161} INFO - Started process (PID=633) to work on /home/airflow/.local/lib/python3.12/site-packages/airflow/example_dags/example_short_circuit_operator.py
[2025-08-09T18:32:03.460+0000] {processor.py:830} INFO - Processing file /home/airflow/.local/lib/python3.12/site-packages/airflow/example_dags/example_short_circuit_operator.py for tasks to queue
[2025-08-09T18:32:03.462+0000] {logging_mixin.py:188} INFO - [2025-08-09T18:32:03.462+0000] {dagbag.py:540} INFO - Filling up the DagBag from /home/airflow/.local/lib/python3.12/site-packages/airflow/example_dags/example_short_circuit_operator.py
[2025-08-09T18:32:03.471+0000] {processor.py:840} INFO - DAG(s) 'example_short_circuit_operator' retrieved from /home/airflow/.local/lib/python3.12/site-packages/airflow/example_dags/example_short_circuit_operator.py
[2025-08-09T18:32:03.500+0000] {logging_mixin.py:188} INFO - [2025-08-09T18:32:03.500+0000] {dag.py:3096} INFO - Sync 1 DAGs
[2025-08-09T18:32:03.527+0000] {logging_mixin.py:188} INFO - [2025-08-09T18:32:03.527+0000] {dag.py:3954} INFO - Setting next_dagrun for example_short_circuit_operator to 2025-08-08 00:00:00+00:00, run_after=2025-08-09 00:00:00+00:00
[2025-08-09T18:32:03.552+0000] {processor.py:183} INFO - Processing /home/airflow/.local/lib/python3.12/site-packages/airflow/example_dags/example_short_circuit_operator.py took 0.100 seconds
[2025-08-09T18:32:33.929+0000] {processor.py:161} INFO - Started process (PID=693) to work on /home/airflow/.local/lib/python3.12/site-packages/airflow/example_dags/example_short_circuit_operator.py
[2025-08-09T18:32:33.930+0000] {processor.py:830} INFO - Processing file /home/airflow/.local/lib/python3.12/site-packages/airflow/example_dags/example_short_circuit_operator.py for tasks to queue
[2025-08-09T18:32:33.934+0000] {logging_mixin.py:188} INFO - [2025-08-09T18:32:33.933+0000] {dagbag.py:540} INFO - Filling up the DagBag from /home/airflow/.local/lib/python3.12/site-packages/airflow/example_dags/example_short_circuit_operator.py
[2025-08-09T18:32:33.947+0000] {processor.py:840} INFO - DAG(s) 'example_short_circuit_operator' retrieved from /home/airflow/.local/lib/python3.12/site-packages/airflow/example_dags/example_short_circuit_operator.py
[2025-08-09T18:32:33.993+0000] {logging_mixin.py:188} INFO - [2025-08-09T18:32:33.993+0000] {dag.py:3096} INFO - Sync 1 DAGs
[2025-08-09T18:32:34.022+0000] {logging_mixin.py:188} INFO - [2025-08-09T18:32:34.022+0000] {dag.py:3954} INFO - Setting next_dagrun for example_short_circuit_operator to 2025-08-08 00:00:00+00:00, run_after=2025-08-09 00:00:00+00:00
[2025-08-09T18:32:34.059+0000] {processor.py:183} INFO - Processing /home/airflow/.local/lib/python3.12/site-packages/airflow/example_dags/example_short_circuit_operator.py took 0.140 seconds
[2025-08-09T18:33:04.901+0000] {processor.py:161} INFO - Started process (PID=758) to work on /home/airflow/.local/lib/python3.12/site-packages/airflow/example_dags/example_short_circuit_operator.py
[2025-08-09T18:33:04.903+0000] {processor.py:830} INFO - Processing file /home/airflow/.local/lib/python3.12/site-packages/airflow/example_dags/example_short_circuit_operator.py for tasks to queue
[2025-08-09T18:33:04.905+0000] {logging_mixin.py:188} INFO - [2025-08-09T18:33:04.905+0000] {dagbag.py:540} INFO - Filling up the DagBag from /home/airflow/.local/lib/python3.12/site-packages/airflow/example_dags/example_short_circuit_operator.py
[2025-08-09T18:33:04.914+0000] {processor.py:840} INFO - DAG(s) 'example_short_circuit_operator' retrieved from /home/airflow/.local/lib/python3.12/site-packages/airflow/example_dags/example_short_circuit_operator.py
[2025-08-09T18:33:04.942+0000] {logging_mixin.py:188} INFO - [2025-08-09T18:33:04.941+0000] {dag.py:3096} INFO - Sync 1 DAGs
[2025-08-09T18:33:04.968+0000] {logging_mixin.py:188} INFO - [2025-08-09T18:33:04.968+0000] {dag.py:3954} INFO - Setting next_dagrun for example_short_circuit_operator to 2025-08-08 00:00:00+00:00, run_after=2025-08-09 00:00:00+00:00
[2025-08-09T18:33:05.003+0000] {processor.py:183} INFO - Processing /home/airflow/.local/lib/python3.12/site-packages/airflow/example_dags/example_short_circuit_operator.py took 0.108 seconds
[2025-08-09T18:33:35.893+0000] {processor.py:161} INFO - Started process (PID=817) to work on /home/airflow/.local/lib/python3.12/site-packages/airflow/example_dags/example_short_circuit_operator.py
[2025-08-09T18:33:35.894+0000] {processor.py:830} INFO - Processing file /home/airflow/.local/lib/python3.12/site-packages/airflow/example_dags/example_short_circuit_operator.py for tasks to queue
[2025-08-09T18:33:35.898+0000] {logging_mixin.py:188} INFO - [2025-08-09T18:33:35.898+0000] {dagbag.py:540} INFO - Filling up the DagBag from /home/airflow/.local/lib/python3.12/site-packages/airflow/example_dags/example_short_circuit_operator.py
[2025-08-09T18:33:35.912+0000] {processor.py:840} INFO - DAG(s) 'example_short_circuit_operator' retrieved from /home/airflow/.local/lib/python3.12/site-packages/airflow/example_dags/example_short_circuit_operator.py
[2025-08-09T18:33:35.944+0000] {logging_mixin.py:188} INFO - [2025-08-09T18:33:35.943+0000] {dag.py:3096} INFO - Sync 1 DAGs
[2025-08-09T18:33:35.975+0000] {logging_mixin.py:188} INFO - [2025-08-09T18:33:35.975+0000] {dag.py:3954} INFO - Setting next_dagrun for example_short_circuit_operator to 2025-08-08 00:00:00+00:00, run_after=2025-08-09 00:00:00+00:00
[2025-08-09T18:33:36.013+0000] {processor.py:183} INFO - Processing /home/airflow/.local/lib/python3.12/site-packages/airflow/example_dags/example_short_circuit_operator.py took 0.137 seconds
[2025-08-09T18:34:09.935+0000] {processor.py:161} INFO - Started process (PID=877) to work on /home/airflow/.local/lib/python3.12/site-packages/airflow/example_dags/example_short_circuit_operator.py
[2025-08-09T18:34:09.936+0000] {processor.py:830} INFO - Processing file /home/airflow/.local/lib/python3.12/site-packages/airflow/example_dags/example_short_circuit_operator.py for tasks to queue
[2025-08-09T18:34:09.940+0000] {logging_mixin.py:188} INFO - [2025-08-09T18:34:09.939+0000] {dagbag.py:540} INFO - Filling up the DagBag from /home/airflow/.local/lib/python3.12/site-packages/airflow/example_dags/example_short_circuit_operator.py
[2025-08-09T18:34:09.952+0000] {processor.py:840} INFO - DAG(s) 'example_short_circuit_operator' retrieved from /home/airflow/.local/lib/python3.12/site-packages/airflow/example_dags/example_short_circuit_operator.py
[2025-08-09T18:34:09.990+0000] {logging_mixin.py:188} INFO - [2025-08-09T18:34:09.990+0000] {dag.py:3096} INFO - Sync 1 DAGs
[2025-08-09T18:34:10.292+0000] {logging_mixin.py:188} INFO - [2025-08-09T18:34:10.292+0000] {dag.py:3954} INFO - Setting next_dagrun for example_short_circuit_operator to 2025-08-08 00:00:00+00:00, run_after=2025-08-09 00:00:00+00:00
[2025-08-09T18:34:10.326+0000] {processor.py:183} INFO - Processing /home/airflow/.local/lib/python3.12/site-packages/airflow/example_dags/example_short_circuit_operator.py took 0.400 seconds
[2025-08-09T18:34:40.683+0000] {processor.py:161} INFO - Started process (PID=936) to work on /home/airflow/.local/lib/python3.12/site-packages/airflow/example_dags/example_short_circuit_operator.py
[2025-08-09T18:34:40.684+0000] {processor.py:830} INFO - Processing file /home/airflow/.local/lib/python3.12/site-packages/airflow/example_dags/example_short_circuit_operator.py for tasks to queue
[2025-08-09T18:34:40.686+0000] {logging_mixin.py:188} INFO - [2025-08-09T18:34:40.686+0000] {dagbag.py:540} INFO - Filling up the DagBag from /home/airflow/.local/lib/python3.12/site-packages/airflow/example_dags/example_short_circuit_operator.py
[2025-08-09T18:34:40.695+0000] {processor.py:840} INFO - DAG(s) 'example_short_circuit_operator' retrieved from /home/airflow/.local/lib/python3.12/site-packages/airflow/example_dags/example_short_circuit_operator.py
[2025-08-09T18:34:40.731+0000] {logging_mixin.py:188} INFO - [2025-08-09T18:34:40.730+0000] {dag.py:3096} INFO - Sync 1 DAGs
[2025-08-09T18:34:40.769+0000] {logging_mixin.py:188} INFO - [2025-08-09T18:34:40.768+0000] {dag.py:3954} INFO - Setting next_dagrun for example_short_circuit_operator to 2025-08-08 00:00:00+00:00, run_after=2025-08-09 00:00:00+00:00
[2025-08-09T18:34:40.984+0000] {processor.py:183} INFO - Processing /home/airflow/.local/lib/python3.12/site-packages/airflow/example_dags/example_short_circuit_operator.py took 0.311 seconds
[2025-08-09T18:35:11.162+0000] {processor.py:161} INFO - Started process (PID=995) to work on /home/airflow/.local/lib/python3.12/site-packages/airflow/example_dags/example_short_circuit_operator.py
[2025-08-09T18:35:11.163+0000] {processor.py:830} INFO - Processing file /home/airflow/.local/lib/python3.12/site-packages/airflow/example_dags/example_short_circuit_operator.py for tasks to queue
[2025-08-09T18:35:11.165+0000] {logging_mixin.py:188} INFO - [2025-08-09T18:35:11.165+0000] {dagbag.py:540} INFO - Filling up the DagBag from /home/airflow/.local/lib/python3.12/site-packages/airflow/example_dags/example_short_circuit_operator.py
[2025-08-09T18:35:11.176+0000] {processor.py:840} INFO - DAG(s) 'example_short_circuit_operator' retrieved from /home/airflow/.local/lib/python3.12/site-packages/airflow/example_dags/example_short_circuit_operator.py
[2025-08-09T18:35:11.215+0000] {logging_mixin.py:188} INFO - [2025-08-09T18:35:11.214+0000] {dag.py:3096} INFO - Sync 1 DAGs
[2025-08-09T18:35:11.262+0000] {logging_mixin.py:188} INFO - [2025-08-09T18:35:11.262+0000] {dag.py:3954} INFO - Setting next_dagrun for example_short_circuit_operator to 2025-08-08 00:00:00+00:00, run_after=2025-08-09 00:00:00+00:00
[2025-08-09T18:35:11.300+0000] {processor.py:183} INFO - Processing /home/airflow/.local/lib/python3.12/site-packages/airflow/example_dags/example_short_circuit_operator.py took 0.147 seconds
[2025-08-09T18:35:41.646+0000] {processor.py:161} INFO - Started process (PID=1054) to work on /home/airflow/.local/lib/python3.12/site-packages/airflow/example_dags/example_short_circuit_operator.py
[2025-08-09T18:35:41.648+0000] {processor.py:830} INFO - Processing file /home/airflow/.local/lib/python3.12/site-packages/airflow/example_dags/example_short_circuit_operator.py for tasks to queue
[2025-08-09T18:35:41.652+0000] {logging_mixin.py:188} INFO - [2025-08-09T18:35:41.652+0000] {dagbag.py:540} INFO - Filling up the DagBag from /home/airflow/.local/lib/python3.12/site-packages/airflow/example_dags/example_short_circuit_operator.py
[2025-08-09T18:35:41.664+0000] {processor.py:840} INFO - DAG(s) 'example_short_circuit_operator' retrieved from /home/airflow/.local/lib/python3.12/site-packages/airflow/example_dags/example_short_circuit_operator.py
[2025-08-09T18:35:41.697+0000] {logging_mixin.py:188} INFO - [2025-08-09T18:35:41.697+0000] {dag.py:3096} INFO - Sync 1 DAGs
[2025-08-09T18:35:41.724+0000] {logging_mixin.py:188} INFO - [2025-08-09T18:35:41.723+0000] {dag.py:3954} INFO - Setting next_dagrun for example_short_circuit_operator to 2025-08-08 00:00:00+00:00, run_after=2025-08-09 00:00:00+00:00
[2025-08-09T18:35:41.746+0000] {processor.py:183} INFO - Processing /home/airflow/.local/lib/python3.12/site-packages/airflow/example_dags/example_short_circuit_operator.py took 0.110 seconds
[2025-08-09T18:36:11.980+0000] {processor.py:161} INFO - Started process (PID=1113) to work on /home/airflow/.local/lib/python3.12/site-packages/airflow/example_dags/example_short_circuit_operator.py
[2025-08-09T18:36:11.981+0000] {processor.py:830} INFO - Processing file /home/airflow/.local/lib/python3.12/site-packages/airflow/example_dags/example_short_circuit_operator.py for tasks to queue
[2025-08-09T18:36:11.984+0000] {logging_mixin.py:188} INFO - [2025-08-09T18:36:11.984+0000] {dagbag.py:540} INFO - Filling up the DagBag from /home/airflow/.local/lib/python3.12/site-packages/airflow/example_dags/example_short_circuit_operator.py
[2025-08-09T18:36:11.992+0000] {processor.py:840} INFO - DAG(s) 'example_short_circuit_operator' retrieved from /home/airflow/.local/lib/python3.12/site-packages/airflow/example_dags/example_short_circuit_operator.py
[2025-08-09T18:36:12.021+0000] {logging_mixin.py:188} INFO - [2025-08-09T18:36:12.020+0000] {dag.py:3096} INFO - Sync 1 DAGs
[2025-08-09T18:36:12.049+0000] {logging_mixin.py:188} INFO - [2025-08-09T18:36:12.049+0000] {dag.py:3954} INFO - Setting next_dagrun for example_short_circuit_operator to 2025-08-08 00:00:00+00:00, run_after=2025-08-09 00:00:00+00:00
[2025-08-09T18:36:12.083+0000] {processor.py:183} INFO - Processing /home/airflow/.local/lib/python3.12/site-packages/airflow/example_dags/example_short_circuit_operator.py took 0.109 seconds
[2025-08-09T18:36:42.478+0000] {processor.py:161} INFO - Started process (PID=1172) to work on /home/airflow/.local/lib/python3.12/site-packages/airflow/example_dags/example_short_circuit_operator.py
[2025-08-09T18:36:42.479+0000] {processor.py:830} INFO - Processing file /home/airflow/.local/lib/python3.12/site-packages/airflow/example_dags/example_short_circuit_operator.py for tasks to queue
[2025-08-09T18:36:42.482+0000] {logging_mixin.py:188} INFO - [2025-08-09T18:36:42.481+0000] {dagbag.py:540} INFO - Filling up the DagBag from /home/airflow/.local/lib/python3.12/site-packages/airflow/example_dags/example_short_circuit_operator.py
[2025-08-09T18:36:42.497+0000] {processor.py:840} INFO - DAG(s) 'example_short_circuit_operator' retrieved from /home/airflow/.local/lib/python3.12/site-packages/airflow/example_dags/example_short_circuit_operator.py
[2025-08-09T18:36:42.546+0000] {logging_mixin.py:188} INFO - [2025-08-09T18:36:42.545+0000] {dag.py:3096} INFO - Sync 1 DAGs
[2025-08-09T18:36:42.576+0000] {logging_mixin.py:188} INFO - [2025-08-09T18:36:42.575+0000] {dag.py:3954} INFO - Setting next_dagrun for example_short_circuit_operator to 2025-08-08 00:00:00+00:00, run_after=2025-08-09 00:00:00+00:00
[2025-08-09T18:36:42.611+0000] {processor.py:183} INFO - Processing /home/airflow/.local/lib/python3.12/site-packages/airflow/example_dags/example_short_circuit_operator.py took 0.147 seconds
[2025-08-09T18:37:12.754+0000] {processor.py:161} INFO - Started process (PID=1231) to work on /home/airflow/.local/lib/python3.12/site-packages/airflow/example_dags/example_short_circuit_operator.py
[2025-08-09T18:37:12.755+0000] {processor.py:830} INFO - Processing file /home/airflow/.local/lib/python3.12/site-packages/airflow/example_dags/example_short_circuit_operator.py for tasks to queue
[2025-08-09T18:37:12.757+0000] {logging_mixin.py:188} INFO - [2025-08-09T18:37:12.757+0000] {dagbag.py:540} INFO - Filling up the DagBag from /home/airflow/.local/lib/python3.12/site-packages/airflow/example_dags/example_short_circuit_operator.py
[2025-08-09T18:37:12.768+0000] {processor.py:840} INFO - DAG(s) 'example_short_circuit_operator' retrieved from /home/airflow/.local/lib/python3.12/site-packages/airflow/example_dags/example_short_circuit_operator.py
[2025-08-09T18:37:12.801+0000] {logging_mixin.py:188} INFO - [2025-08-09T18:37:12.801+0000] {dag.py:3096} INFO - Sync 1 DAGs
[2025-08-09T18:37:12.837+0000] {logging_mixin.py:188} INFO - [2025-08-09T18:37:12.837+0000] {dag.py:3954} INFO - Setting next_dagrun for example_short_circuit_operator to 2025-08-08 00:00:00+00:00, run_after=2025-08-09 00:00:00+00:00
[2025-08-09T18:37:12.875+0000] {processor.py:183} INFO - Processing /home/airflow/.local/lib/python3.12/site-packages/airflow/example_dags/example_short_circuit_operator.py took 0.133 seconds
[2025-08-09T18:37:43.425+0000] {processor.py:161} INFO - Started process (PID=1290) to work on /home/airflow/.local/lib/python3.12/site-packages/airflow/example_dags/example_short_circuit_operator.py
[2025-08-09T18:37:43.427+0000] {processor.py:830} INFO - Processing file /home/airflow/.local/lib/python3.12/site-packages/airflow/example_dags/example_short_circuit_operator.py for tasks to queue
[2025-08-09T18:37:43.429+0000] {logging_mixin.py:188} INFO - [2025-08-09T18:37:43.429+0000] {dagbag.py:540} INFO - Filling up the DagBag from /home/airflow/.local/lib/python3.12/site-packages/airflow/example_dags/example_short_circuit_operator.py
[2025-08-09T18:37:43.438+0000] {processor.py:840} INFO - DAG(s) 'example_short_circuit_operator' retrieved from /home/airflow/.local/lib/python3.12/site-packages/airflow/example_dags/example_short_circuit_operator.py
[2025-08-09T18:37:43.468+0000] {logging_mixin.py:188} INFO - [2025-08-09T18:37:43.467+0000] {dag.py:3096} INFO - Sync 1 DAGs
[2025-08-09T18:37:43.495+0000] {logging_mixin.py:188} INFO - [2025-08-09T18:37:43.495+0000] {dag.py:3954} INFO - Setting next_dagrun for example_short_circuit_operator to 2025-08-08 00:00:00+00:00, run_after=2025-08-09 00:00:00+00:00
[2025-08-09T18:37:43.532+0000] {processor.py:183} INFO - Processing /home/airflow/.local/lib/python3.12/site-packages/airflow/example_dags/example_short_circuit_operator.py took 0.113 seconds
[2025-08-09T18:38:13.995+0000] {processor.py:161} INFO - Started process (PID=1349) to work on /home/airflow/.local/lib/python3.12/site-packages/airflow/example_dags/example_short_circuit_operator.py
[2025-08-09T18:38:13.997+0000] {processor.py:830} INFO - Processing file /home/airflow/.local/lib/python3.12/site-packages/airflow/example_dags/example_short_circuit_operator.py for tasks to queue
[2025-08-09T18:38:13.999+0000] {logging_mixin.py:188} INFO - [2025-08-09T18:38:13.999+0000] {dagbag.py:540} INFO - Filling up the DagBag from /home/airflow/.local/lib/python3.12/site-packages/airflow/example_dags/example_short_circuit_operator.py
[2025-08-09T18:38:14.008+0000] {processor.py:840} INFO - DAG(s) 'example_short_circuit_operator' retrieved from /home/airflow/.local/lib/python3.12/site-packages/airflow/example_dags/example_short_circuit_operator.py
[2025-08-09T18:38:14.036+0000] {logging_mixin.py:188} INFO - [2025-08-09T18:38:14.036+0000] {dag.py:3096} INFO - Sync 1 DAGs
[2025-08-09T18:38:14.063+0000] {logging_mixin.py:188} INFO - [2025-08-09T18:38:14.063+0000] {dag.py:3954} INFO - Setting next_dagrun for example_short_circuit_operator to 2025-08-08 00:00:00+00:00, run_after=2025-08-09 00:00:00+00:00
[2025-08-09T18:38:14.096+0000] {processor.py:183} INFO - Processing /home/airflow/.local/lib/python3.12/site-packages/airflow/example_dags/example_short_circuit_operator.py took 0.108 seconds
[2025-08-09T18:38:44.373+0000] {processor.py:161} INFO - Started process (PID=1408) to work on /home/airflow/.local/lib/python3.12/site-packages/airflow/example_dags/example_short_circuit_operator.py
[2025-08-09T18:38:44.375+0000] {processor.py:830} INFO - Processing file /home/airflow/.local/lib/python3.12/site-packages/airflow/example_dags/example_short_circuit_operator.py for tasks to queue
[2025-08-09T18:38:44.379+0000] {logging_mixin.py:188} INFO - [2025-08-09T18:38:44.378+0000] {dagbag.py:540} INFO - Filling up the DagBag from /home/airflow/.local/lib/python3.12/site-packages/airflow/example_dags/example_short_circuit_operator.py
[2025-08-09T18:38:44.389+0000] {processor.py:840} INFO - DAG(s) 'example_short_circuit_operator' retrieved from /home/airflow/.local/lib/python3.12/site-packages/airflow/example_dags/example_short_circuit_operator.py
[2025-08-09T18:38:44.420+0000] {logging_mixin.py:188} INFO - [2025-08-09T18:38:44.419+0000] {dag.py:3096} INFO - Sync 1 DAGs
[2025-08-09T18:38:44.447+0000] {logging_mixin.py:188} INFO - [2025-08-09T18:38:44.447+0000] {dag.py:3954} INFO - Setting next_dagrun for example_short_circuit_operator to 2025-08-08 00:00:00+00:00, run_after=2025-08-09 00:00:00+00:00
[2025-08-09T18:38:44.469+0000] {processor.py:183} INFO - Processing /home/airflow/.local/lib/python3.12/site-packages/airflow/example_dags/example_short_circuit_operator.py took 0.108 seconds
[2025-08-09T18:39:14.903+0000] {processor.py:161} INFO - Started process (PID=1467) to work on /home/airflow/.local/lib/python3.12/site-packages/airflow/example_dags/example_short_circuit_operator.py
[2025-08-09T18:39:14.905+0000] {processor.py:830} INFO - Processing file /home/airflow/.local/lib/python3.12/site-packages/airflow/example_dags/example_short_circuit_operator.py for tasks to queue
[2025-08-09T18:39:14.908+0000] {logging_mixin.py:188} INFO - [2025-08-09T18:39:14.908+0000] {dagbag.py:540} INFO - Filling up the DagBag from /home/airflow/.local/lib/python3.12/site-packages/airflow/example_dags/example_short_circuit_operator.py
[2025-08-09T18:39:14.924+0000] {processor.py:840} INFO - DAG(s) 'example_short_circuit_operator' retrieved from /home/airflow/.local/lib/python3.12/site-packages/airflow/example_dags/example_short_circuit_operator.py
[2025-08-09T18:39:14.987+0000] {logging_mixin.py:188} INFO - [2025-08-09T18:39:14.986+0000] {dag.py:3096} INFO - Sync 1 DAGs
[2025-08-09T18:39:15.038+0000] {logging_mixin.py:188} INFO - [2025-08-09T18:39:15.037+0000] {dag.py:3954} INFO - Setting next_dagrun for example_short_circuit_operator to 2025-08-08 00:00:00+00:00, run_after=2025-08-09 00:00:00+00:00
[2025-08-09T18:39:15.079+0000] {processor.py:183} INFO - Processing /home/airflow/.local/lib/python3.12/site-packages/airflow/example_dags/example_short_circuit_operator.py took 0.186 seconds
[2025-08-09T18:39:45.377+0000] {processor.py:161} INFO - Started process (PID=1526) to work on /home/airflow/.local/lib/python3.12/site-packages/airflow/example_dags/example_short_circuit_operator.py
[2025-08-09T18:39:45.378+0000] {processor.py:830} INFO - Processing file /home/airflow/.local/lib/python3.12/site-packages/airflow/example_dags/example_short_circuit_operator.py for tasks to queue
[2025-08-09T18:39:45.381+0000] {logging_mixin.py:188} INFO - [2025-08-09T18:39:45.381+0000] {dagbag.py:540} INFO - Filling up the DagBag from /home/airflow/.local/lib/python3.12/site-packages/airflow/example_dags/example_short_circuit_operator.py
[2025-08-09T18:39:45.393+0000] {processor.py:840} INFO - DAG(s) 'example_short_circuit_operator' retrieved from /home/airflow/.local/lib/python3.12/site-packages/airflow/example_dags/example_short_circuit_operator.py
[2025-08-09T18:39:45.435+0000] {logging_mixin.py:188} INFO - [2025-08-09T18:39:45.435+0000] {dag.py:3096} INFO - Sync 1 DAGs
[2025-08-09T18:39:45.471+0000] {logging_mixin.py:188} INFO - [2025-08-09T18:39:45.470+0000] {dag.py:3954} INFO - Setting next_dagrun for example_short_circuit_operator to 2025-08-08 00:00:00+00:00, run_after=2025-08-09 00:00:00+00:00
[2025-08-09T18:39:45.507+0000] {processor.py:183} INFO - Processing /home/airflow/.local/lib/python3.12/site-packages/airflow/example_dags/example_short_circuit_operator.py took 0.139 seconds
[2025-08-09T18:40:16.082+0000] {processor.py:161} INFO - Started process (PID=1585) to work on /home/airflow/.local/lib/python3.12/site-packages/airflow/example_dags/example_short_circuit_operator.py
[2025-08-09T18:40:16.084+0000] {processor.py:830} INFO - Processing file /home/airflow/.local/lib/python3.12/site-packages/airflow/example_dags/example_short_circuit_operator.py for tasks to queue
[2025-08-09T18:40:16.087+0000] {logging_mixin.py:188} INFO - [2025-08-09T18:40:16.086+0000] {dagbag.py:540} INFO - Filling up the DagBag from /home/airflow/.local/lib/python3.12/site-packages/airflow/example_dags/example_short_circuit_operator.py
[2025-08-09T18:40:16.098+0000] {processor.py:840} INFO - DAG(s) 'example_short_circuit_operator' retrieved from /home/airflow/.local/lib/python3.12/site-packages/airflow/example_dags/example_short_circuit_operator.py
[2025-08-09T18:40:16.130+0000] {logging_mixin.py:188} INFO - [2025-08-09T18:40:16.130+0000] {dag.py:3096} INFO - Sync 1 DAGs
[2025-08-09T18:40:16.160+0000] {logging_mixin.py:188} INFO - [2025-08-09T18:40:16.159+0000] {dag.py:3954} INFO - Setting next_dagrun for example_short_circuit_operator to 2025-08-08 00:00:00+00:00, run_after=2025-08-09 00:00:00+00:00
[2025-08-09T18:40:16.183+0000] {processor.py:183} INFO - Processing /home/airflow/.local/lib/python3.12/site-packages/airflow/example_dags/example_short_circuit_operator.py took 0.113 seconds
[2025-08-09T18:40:46.709+0000] {processor.py:161} INFO - Started process (PID=1644) to work on /home/airflow/.local/lib/python3.12/site-packages/airflow/example_dags/example_short_circuit_operator.py
[2025-08-09T18:40:46.712+0000] {processor.py:830} INFO - Processing file /home/airflow/.local/lib/python3.12/site-packages/airflow/example_dags/example_short_circuit_operator.py for tasks to queue
[2025-08-09T18:40:46.715+0000] {logging_mixin.py:188} INFO - [2025-08-09T18:40:46.714+0000] {dagbag.py:540} INFO - Filling up the DagBag from /home/airflow/.local/lib/python3.12/site-packages/airflow/example_dags/example_short_circuit_operator.py
[2025-08-09T18:40:46.731+0000] {processor.py:840} INFO - DAG(s) 'example_short_circuit_operator' retrieved from /home/airflow/.local/lib/python3.12/site-packages/airflow/example_dags/example_short_circuit_operator.py
[2025-08-09T18:40:46.769+0000] {logging_mixin.py:188} INFO - [2025-08-09T18:40:46.769+0000] {dag.py:3096} INFO - Sync 1 DAGs
[2025-08-09T18:40:46.818+0000] {logging_mixin.py:188} INFO - [2025-08-09T18:40:46.818+0000] {dag.py:3954} INFO - Setting next_dagrun for example_short_circuit_operator to 2025-08-08 00:00:00+00:00, run_after=2025-08-09 00:00:00+00:00
[2025-08-09T18:40:46.854+0000] {processor.py:183} INFO - Processing /home/airflow/.local/lib/python3.12/site-packages/airflow/example_dags/example_short_circuit_operator.py took 0.156 seconds
[2025-08-09T18:41:17.144+0000] {processor.py:161} INFO - Started process (PID=1703) to work on /home/airflow/.local/lib/python3.12/site-packages/airflow/example_dags/example_short_circuit_operator.py
[2025-08-09T18:41:17.145+0000] {processor.py:830} INFO - Processing file /home/airflow/.local/lib/python3.12/site-packages/airflow/example_dags/example_short_circuit_operator.py for tasks to queue
[2025-08-09T18:41:17.148+0000] {logging_mixin.py:188} INFO - [2025-08-09T18:41:17.147+0000] {dagbag.py:540} INFO - Filling up the DagBag from /home/airflow/.local/lib/python3.12/site-packages/airflow/example_dags/example_short_circuit_operator.py
[2025-08-09T18:41:17.165+0000] {processor.py:840} INFO - DAG(s) 'example_short_circuit_operator' retrieved from /home/airflow/.local/lib/python3.12/site-packages/airflow/example_dags/example_short_circuit_operator.py
[2025-08-09T18:41:17.194+0000] {logging_mixin.py:188} INFO - [2025-08-09T18:41:17.194+0000] {dag.py:3096} INFO - Sync 1 DAGs
[2025-08-09T18:41:17.225+0000] {logging_mixin.py:188} INFO - [2025-08-09T18:41:17.225+0000] {dag.py:3954} INFO - Setting next_dagrun for example_short_circuit_operator to 2025-08-08 00:00:00+00:00, run_after=2025-08-09 00:00:00+00:00
[2025-08-09T18:41:17.250+0000] {processor.py:183} INFO - Processing /home/airflow/.local/lib/python3.12/site-packages/airflow/example_dags/example_short_circuit_operator.py took 0.114 seconds
[2025-08-09T18:41:47.604+0000] {processor.py:161} INFO - Started process (PID=1762) to work on /home/airflow/.local/lib/python3.12/site-packages/airflow/example_dags/example_short_circuit_operator.py
[2025-08-09T18:41:47.606+0000] {processor.py:830} INFO - Processing file /home/airflow/.local/lib/python3.12/site-packages/airflow/example_dags/example_short_circuit_operator.py for tasks to queue
[2025-08-09T18:41:47.609+0000] {logging_mixin.py:188} INFO - [2025-08-09T18:41:47.609+0000] {dagbag.py:540} INFO - Filling up the DagBag from /home/airflow/.local/lib/python3.12/site-packages/airflow/example_dags/example_short_circuit_operator.py
[2025-08-09T18:41:47.626+0000] {processor.py:840} INFO - DAG(s) 'example_short_circuit_operator' retrieved from /home/airflow/.local/lib/python3.12/site-packages/airflow/example_dags/example_short_circuit_operator.py
[2025-08-09T18:41:47.667+0000] {logging_mixin.py:188} INFO - [2025-08-09T18:41:47.667+0000] {dag.py:3096} INFO - Sync 1 DAGs
[2025-08-09T18:41:47.702+0000] {logging_mixin.py:188} INFO - [2025-08-09T18:41:47.701+0000] {dag.py:3954} INFO - Setting next_dagrun for example_short_circuit_operator to 2025-08-08 00:00:00+00:00, run_after=2025-08-09 00:00:00+00:00
[2025-08-09T18:41:47.727+0000] {processor.py:183} INFO - Processing /home/airflow/.local/lib/python3.12/site-packages/airflow/example_dags/example_short_circuit_operator.py took 0.136 seconds
[2025-08-09T18:42:18.806+0000] {processor.py:161} INFO - Started process (PID=1822) to work on /home/airflow/.local/lib/python3.12/site-packages/airflow/example_dags/example_short_circuit_operator.py
[2025-08-09T18:42:18.809+0000] {processor.py:830} INFO - Processing file /home/airflow/.local/lib/python3.12/site-packages/airflow/example_dags/example_short_circuit_operator.py for tasks to queue
[2025-08-09T18:42:18.813+0000] {logging_mixin.py:188} INFO - [2025-08-09T18:42:18.812+0000] {dagbag.py:540} INFO - Filling up the DagBag from /home/airflow/.local/lib/python3.12/site-packages/airflow/example_dags/example_short_circuit_operator.py
[2025-08-09T18:42:18.834+0000] {processor.py:840} INFO - DAG(s) 'example_short_circuit_operator' retrieved from /home/airflow/.local/lib/python3.12/site-packages/airflow/example_dags/example_short_circuit_operator.py
[2025-08-09T18:42:18.887+0000] {logging_mixin.py:188} INFO - [2025-08-09T18:42:18.886+0000] {dag.py:3096} INFO - Sync 1 DAGs
[2025-08-09T18:42:18.943+0000] {logging_mixin.py:188} INFO - [2025-08-09T18:42:18.943+0000] {dag.py:3954} INFO - Setting next_dagrun for example_short_circuit_operator to 2025-08-08 00:00:00+00:00, run_after=2025-08-09 00:00:00+00:00
[2025-08-09T18:42:18.984+0000] {processor.py:183} INFO - Processing /home/airflow/.local/lib/python3.12/site-packages/airflow/example_dags/example_short_circuit_operator.py took 0.190 seconds
[2025-08-09T18:42:49.037+0000] {processor.py:161} INFO - Started process (PID=1880) to work on /home/airflow/.local/lib/python3.12/site-packages/airflow/example_dags/example_short_circuit_operator.py
[2025-08-09T18:42:49.038+0000] {processor.py:830} INFO - Processing file /home/airflow/.local/lib/python3.12/site-packages/airflow/example_dags/example_short_circuit_operator.py for tasks to queue
[2025-08-09T18:42:49.041+0000] {logging_mixin.py:188} INFO - [2025-08-09T18:42:49.040+0000] {dagbag.py:540} INFO - Filling up the DagBag from /home/airflow/.local/lib/python3.12/site-packages/airflow/example_dags/example_short_circuit_operator.py
[2025-08-09T18:42:49.051+0000] {processor.py:840} INFO - DAG(s) 'example_short_circuit_operator' retrieved from /home/airflow/.local/lib/python3.12/site-packages/airflow/example_dags/example_short_circuit_operator.py
[2025-08-09T18:42:49.079+0000] {logging_mixin.py:188} INFO - [2025-08-09T18:42:49.079+0000] {dag.py:3096} INFO - Sync 1 DAGs
[2025-08-09T18:42:49.108+0000] {logging_mixin.py:188} INFO - [2025-08-09T18:42:49.107+0000] {dag.py:3954} INFO - Setting next_dagrun for example_short_circuit_operator to 2025-08-08 00:00:00+00:00, run_after=2025-08-09 00:00:00+00:00
[2025-08-09T18:42:49.130+0000] {processor.py:183} INFO - Processing /home/airflow/.local/lib/python3.12/site-packages/airflow/example_dags/example_short_circuit_operator.py took 0.100 seconds
[2025-08-09T18:43:19.509+0000] {processor.py:161} INFO - Started process (PID=1939) to work on /home/airflow/.local/lib/python3.12/site-packages/airflow/example_dags/example_short_circuit_operator.py
[2025-08-09T18:43:19.510+0000] {processor.py:830} INFO - Processing file /home/airflow/.local/lib/python3.12/site-packages/airflow/example_dags/example_short_circuit_operator.py for tasks to queue
[2025-08-09T18:43:19.512+0000] {logging_mixin.py:188} INFO - [2025-08-09T18:43:19.512+0000] {dagbag.py:540} INFO - Filling up the DagBag from /home/airflow/.local/lib/python3.12/site-packages/airflow/example_dags/example_short_circuit_operator.py
[2025-08-09T18:43:19.522+0000] {processor.py:840} INFO - DAG(s) 'example_short_circuit_operator' retrieved from /home/airflow/.local/lib/python3.12/site-packages/airflow/example_dags/example_short_circuit_operator.py
[2025-08-09T18:43:19.551+0000] {logging_mixin.py:188} INFO - [2025-08-09T18:43:19.550+0000] {dag.py:3096} INFO - Sync 1 DAGs
[2025-08-09T18:43:19.578+0000] {logging_mixin.py:188} INFO - [2025-08-09T18:43:19.578+0000] {dag.py:3954} INFO - Setting next_dagrun for example_short_circuit_operator to 2025-08-08 00:00:00+00:00, run_after=2025-08-09 00:00:00+00:00
[2025-08-09T18:43:19.602+0000] {processor.py:183} INFO - Processing /home/airflow/.local/lib/python3.12/site-packages/airflow/example_dags/example_short_circuit_operator.py took 0.102 seconds
[2025-08-09T18:43:49.930+0000] {processor.py:161} INFO - Started process (PID=1998) to work on /home/airflow/.local/lib/python3.12/site-packages/airflow/example_dags/example_short_circuit_operator.py
[2025-08-09T18:43:49.932+0000] {processor.py:830} INFO - Processing file /home/airflow/.local/lib/python3.12/site-packages/airflow/example_dags/example_short_circuit_operator.py for tasks to queue
[2025-08-09T18:43:49.936+0000] {logging_mixin.py:188} INFO - [2025-08-09T18:43:49.934+0000] {dagbag.py:540} INFO - Filling up the DagBag from /home/airflow/.local/lib/python3.12/site-packages/airflow/example_dags/example_short_circuit_operator.py
[2025-08-09T18:43:49.952+0000] {processor.py:840} INFO - DAG(s) 'example_short_circuit_operator' retrieved from /home/airflow/.local/lib/python3.12/site-packages/airflow/example_dags/example_short_circuit_operator.py
[2025-08-09T18:43:49.995+0000] {logging_mixin.py:188} INFO - [2025-08-09T18:43:49.994+0000] {dag.py:3096} INFO - Sync 1 DAGs
[2025-08-09T18:43:50.047+0000] {logging_mixin.py:188} INFO - [2025-08-09T18:43:50.047+0000] {dag.py:3954} INFO - Setting next_dagrun for example_short_circuit_operator to 2025-08-08 00:00:00+00:00, run_after=2025-08-09 00:00:00+00:00
[2025-08-09T18:43:50.077+0000] {processor.py:183} INFO - Processing /home/airflow/.local/lib/python3.12/site-packages/airflow/example_dags/example_short_circuit_operator.py took 0.163 seconds
[2025-08-09T18:44:21.122+0000] {processor.py:161} INFO - Started process (PID=2055) to work on /home/airflow/.local/lib/python3.12/site-packages/airflow/example_dags/example_short_circuit_operator.py
[2025-08-09T18:44:21.125+0000] {processor.py:830} INFO - Processing file /home/airflow/.local/lib/python3.12/site-packages/airflow/example_dags/example_short_circuit_operator.py for tasks to queue
[2025-08-09T18:44:21.130+0000] {logging_mixin.py:188} INFO - [2025-08-09T18:44:21.129+0000] {dagbag.py:540} INFO - Filling up the DagBag from /home/airflow/.local/lib/python3.12/site-packages/airflow/example_dags/example_short_circuit_operator.py
[2025-08-09T18:44:21.154+0000] {processor.py:840} INFO - DAG(s) 'example_short_circuit_operator' retrieved from /home/airflow/.local/lib/python3.12/site-packages/airflow/example_dags/example_short_circuit_operator.py
[2025-08-09T18:44:21.223+0000] {logging_mixin.py:188} INFO - [2025-08-09T18:44:21.222+0000] {dag.py:3096} INFO - Sync 1 DAGs
[2025-08-09T18:44:21.281+0000] {logging_mixin.py:188} INFO - [2025-08-09T18:44:21.281+0000] {dag.py:3954} INFO - Setting next_dagrun for example_short_circuit_operator to 2025-08-08 00:00:00+00:00, run_after=2025-08-09 00:00:00+00:00
[2025-08-09T18:44:21.336+0000] {processor.py:183} INFO - Processing /home/airflow/.local/lib/python3.12/site-packages/airflow/example_dags/example_short_circuit_operator.py took 0.229 seconds
[2025-08-09T18:44:51.929+0000] {processor.py:161} INFO - Started process (PID=2114) to work on /home/airflow/.local/lib/python3.12/site-packages/airflow/example_dags/example_short_circuit_operator.py
[2025-08-09T18:44:51.931+0000] {processor.py:830} INFO - Processing file /home/airflow/.local/lib/python3.12/site-packages/airflow/example_dags/example_short_circuit_operator.py for tasks to queue
[2025-08-09T18:44:51.933+0000] {logging_mixin.py:188} INFO - [2025-08-09T18:44:51.933+0000] {dagbag.py:540} INFO - Filling up the DagBag from /home/airflow/.local/lib/python3.12/site-packages/airflow/example_dags/example_short_circuit_operator.py
[2025-08-09T18:44:51.950+0000] {processor.py:840} INFO - DAG(s) 'example_short_circuit_operator' retrieved from /home/airflow/.local/lib/python3.12/site-packages/airflow/example_dags/example_short_circuit_operator.py
[2025-08-09T18:44:51.994+0000] {logging_mixin.py:188} INFO - [2025-08-09T18:44:51.993+0000] {dag.py:3096} INFO - Sync 1 DAGs
[2025-08-09T18:44:52.041+0000] {logging_mixin.py:188} INFO - [2025-08-09T18:44:52.041+0000] {dag.py:3954} INFO - Setting next_dagrun for example_short_circuit_operator to 2025-08-08 00:00:00+00:00, run_after=2025-08-09 00:00:00+00:00
[2025-08-09T18:44:52.069+0000] {processor.py:183} INFO - Processing /home/airflow/.local/lib/python3.12/site-packages/airflow/example_dags/example_short_circuit_operator.py took 0.148 seconds
