[2025-08-09T18:22:04.951+0000] {processor.py:161} INFO - Started process (PID=113) to work on /home/airflow/.local/lib/python3.12/site-packages/airflow/example_dags/tutorial.py
[2025-08-09T18:22:04.953+0000] {processor.py:830} INFO - Processing file /home/airflow/.local/lib/python3.12/site-packages/airflow/example_dags/tutorial.py for tasks to queue
[2025-08-09T18:22:04.957+0000] {logging_mixin.py:188} INFO - [2025-08-09T18:22:04.956+0000] {dagbag.py:540} INFO - Filling up the DagBag from /home/airflow/.local/lib/python3.12/site-packages/airflow/example_dags/tutorial.py
[2025-08-09T18:22:04.971+0000] {processor.py:840} INFO - DAG(s) 'tutorial' retrieved from /home/airflow/.local/lib/python3.12/site-packages/airflow/example_dags/tutorial.py
[2025-08-09T18:22:05.610+0000] {logging_mixin.py:188} INFO - [2025-08-09T18:22:05.609+0000] {dag.py:3096} INFO - Sync 1 DAGs
[2025-08-09T18:22:05.689+0000] {logging_mixin.py:188} INFO - [2025-08-09T18:22:05.689+0000] {dag.py:3954} INFO - Setting next_dagrun for tutorial to 2025-08-08 00:00:00+00:00, run_after=2025-08-09 00:00:00+00:00
[2025-08-09T18:22:05.780+0000] {processor.py:183} INFO - Processing /home/airflow/.local/lib/python3.12/site-packages/airflow/example_dags/tutorial.py took 0.839 seconds
[2025-08-09T18:22:36.287+0000] {processor.py:161} INFO - Started process (PID=172) to work on /home/airflow/.local/lib/python3.12/site-packages/airflow/example_dags/tutorial.py
[2025-08-09T18:22:36.289+0000] {processor.py:830} INFO - Processing file /home/airflow/.local/lib/python3.12/site-packages/airflow/example_dags/tutorial.py for tasks to queue
[2025-08-09T18:22:36.291+0000] {logging_mixin.py:188} INFO - [2025-08-09T18:22:36.290+0000] {dagbag.py:540} INFO - Filling up the DagBag from /home/airflow/.local/lib/python3.12/site-packages/airflow/example_dags/tutorial.py
[2025-08-09T18:22:36.298+0000] {processor.py:840} INFO - DAG(s) 'tutorial' retrieved from /home/airflow/.local/lib/python3.12/site-packages/airflow/example_dags/tutorial.py
[2025-08-09T18:22:36.326+0000] {logging_mixin.py:188} INFO - [2025-08-09T18:22:36.326+0000] {dag.py:3096} INFO - Sync 1 DAGs
[2025-08-09T18:22:36.369+0000] {logging_mixin.py:188} INFO - [2025-08-09T18:22:36.368+0000] {dag.py:3954} INFO - Setting next_dagrun for tutorial to 2025-08-08 00:00:00+00:00, run_after=2025-08-09 00:00:00+00:00
[2025-08-09T18:22:36.417+0000] {processor.py:183} INFO - Processing /home/airflow/.local/lib/python3.12/site-packages/airflow/example_dags/tutorial.py took 0.138 seconds
[2025-08-09T18:23:06.730+0000] {processor.py:161} INFO - Started process (PID=231) to work on /home/airflow/.local/lib/python3.12/site-packages/airflow/example_dags/tutorial.py
[2025-08-09T18:23:06.732+0000] {processor.py:830} INFO - Processing file /home/airflow/.local/lib/python3.12/site-packages/airflow/example_dags/tutorial.py for tasks to queue
[2025-08-09T18:23:06.734+0000] {logging_mixin.py:188} INFO - [2025-08-09T18:23:06.734+0000] {dagbag.py:540} INFO - Filling up the DagBag from /home/airflow/.local/lib/python3.12/site-packages/airflow/example_dags/tutorial.py
[2025-08-09T18:23:06.742+0000] {processor.py:840} INFO - DAG(s) 'tutorial' retrieved from /home/airflow/.local/lib/python3.12/site-packages/airflow/example_dags/tutorial.py
[2025-08-09T18:23:06.766+0000] {logging_mixin.py:188} INFO - [2025-08-09T18:23:06.766+0000] {dag.py:3096} INFO - Sync 1 DAGs
[2025-08-09T18:23:06.800+0000] {logging_mixin.py:188} INFO - [2025-08-09T18:23:06.799+0000] {dag.py:3954} INFO - Setting next_dagrun for tutorial to 2025-08-08 00:00:00+00:00, run_after=2025-08-09 00:00:00+00:00
[2025-08-09T18:23:06.839+0000] {processor.py:183} INFO - Processing /home/airflow/.local/lib/python3.12/site-packages/airflow/example_dags/tutorial.py took 0.117 seconds
[2025-08-09T18:23:37.390+0000] {processor.py:161} INFO - Started process (PID=290) to work on /home/airflow/.local/lib/python3.12/site-packages/airflow/example_dags/tutorial.py
[2025-08-09T18:23:37.391+0000] {processor.py:830} INFO - Processing file /home/airflow/.local/lib/python3.12/site-packages/airflow/example_dags/tutorial.py for tasks to queue
[2025-08-09T18:23:37.394+0000] {logging_mixin.py:188} INFO - [2025-08-09T18:23:37.394+0000] {dagbag.py:540} INFO - Filling up the DagBag from /home/airflow/.local/lib/python3.12/site-packages/airflow/example_dags/tutorial.py
[2025-08-09T18:23:37.403+0000] {processor.py:840} INFO - DAG(s) 'tutorial' retrieved from /home/airflow/.local/lib/python3.12/site-packages/airflow/example_dags/tutorial.py
[2025-08-09T18:23:37.427+0000] {logging_mixin.py:188} INFO - [2025-08-09T18:23:37.427+0000] {dag.py:3096} INFO - Sync 1 DAGs
[2025-08-09T18:23:37.462+0000] {logging_mixin.py:188} INFO - [2025-08-09T18:23:37.461+0000] {dag.py:3954} INFO - Setting next_dagrun for tutorial to 2025-08-08 00:00:00+00:00, run_after=2025-08-09 00:00:00+00:00
[2025-08-09T18:23:37.505+0000] {processor.py:183} INFO - Processing /home/airflow/.local/lib/python3.12/site-packages/airflow/example_dags/tutorial.py took 0.123 seconds
[2025-08-09T18:24:07.871+0000] {processor.py:161} INFO - Started process (PID=349) to work on /home/airflow/.local/lib/python3.12/site-packages/airflow/example_dags/tutorial.py
[2025-08-09T18:24:07.874+0000] {processor.py:830} INFO - Processing file /home/airflow/.local/lib/python3.12/site-packages/airflow/example_dags/tutorial.py for tasks to queue
[2025-08-09T18:24:07.877+0000] {logging_mixin.py:188} INFO - [2025-08-09T18:24:07.877+0000] {dagbag.py:540} INFO - Filling up the DagBag from /home/airflow/.local/lib/python3.12/site-packages/airflow/example_dags/tutorial.py
[2025-08-09T18:24:07.887+0000] {processor.py:840} INFO - DAG(s) 'tutorial' retrieved from /home/airflow/.local/lib/python3.12/site-packages/airflow/example_dags/tutorial.py
[2025-08-09T18:24:07.917+0000] {logging_mixin.py:188} INFO - [2025-08-09T18:24:07.917+0000] {dag.py:3096} INFO - Sync 1 DAGs
[2025-08-09T18:24:07.950+0000] {logging_mixin.py:188} INFO - [2025-08-09T18:24:07.950+0000] {dag.py:3954} INFO - Setting next_dagrun for tutorial to 2025-08-08 00:00:00+00:00, run_after=2025-08-09 00:00:00+00:00
[2025-08-09T18:24:07.980+0000] {processor.py:183} INFO - Processing /home/airflow/.local/lib/python3.12/site-packages/airflow/example_dags/tutorial.py took 0.128 seconds
[2025-08-09T18:24:38.337+0000] {processor.py:161} INFO - Started process (PID=414) to work on /home/airflow/.local/lib/python3.12/site-packages/airflow/example_dags/tutorial.py
[2025-08-09T18:24:38.339+0000] {processor.py:830} INFO - Processing file /home/airflow/.local/lib/python3.12/site-packages/airflow/example_dags/tutorial.py for tasks to queue
[2025-08-09T18:24:38.343+0000] {logging_mixin.py:188} INFO - [2025-08-09T18:24:38.342+0000] {dagbag.py:540} INFO - Filling up the DagBag from /home/airflow/.local/lib/python3.12/site-packages/airflow/example_dags/tutorial.py
[2025-08-09T18:24:38.355+0000] {processor.py:840} INFO - DAG(s) 'tutorial' retrieved from /home/airflow/.local/lib/python3.12/site-packages/airflow/example_dags/tutorial.py
[2025-08-09T18:24:38.394+0000] {logging_mixin.py:188} INFO - [2025-08-09T18:24:38.394+0000] {dag.py:3096} INFO - Sync 1 DAGs
[2025-08-09T18:24:38.423+0000] {logging_mixin.py:188} INFO - [2025-08-09T18:24:38.422+0000] {dag.py:3954} INFO - Setting next_dagrun for tutorial to 2025-08-08 00:00:00+00:00, run_after=2025-08-09 00:00:00+00:00
[2025-08-09T18:24:38.461+0000] {processor.py:183} INFO - Processing /home/airflow/.local/lib/python3.12/site-packages/airflow/example_dags/tutorial.py took 0.136 seconds
[2025-08-09T18:25:08.687+0000] {processor.py:161} INFO - Started process (PID=473) to work on /home/airflow/.local/lib/python3.12/site-packages/airflow/example_dags/tutorial.py
[2025-08-09T18:25:08.689+0000] {processor.py:830} INFO - Processing file /home/airflow/.local/lib/python3.12/site-packages/airflow/example_dags/tutorial.py for tasks to queue
[2025-08-09T18:25:08.692+0000] {logging_mixin.py:188} INFO - [2025-08-09T18:25:08.692+0000] {dagbag.py:540} INFO - Filling up the DagBag from /home/airflow/.local/lib/python3.12/site-packages/airflow/example_dags/tutorial.py
[2025-08-09T18:25:08.700+0000] {processor.py:840} INFO - DAG(s) 'tutorial' retrieved from /home/airflow/.local/lib/python3.12/site-packages/airflow/example_dags/tutorial.py
[2025-08-09T18:25:08.729+0000] {logging_mixin.py:188} INFO - [2025-08-09T18:25:08.729+0000] {dag.py:3096} INFO - Sync 1 DAGs
[2025-08-09T18:25:08.768+0000] {logging_mixin.py:188} INFO - [2025-08-09T18:25:08.768+0000] {dag.py:3954} INFO - Setting next_dagrun for tutorial to 2025-08-08 00:00:00+00:00, run_after=2025-08-09 00:00:00+00:00
[2025-08-09T18:25:08.804+0000] {processor.py:183} INFO - Processing /home/airflow/.local/lib/python3.12/site-packages/airflow/example_dags/tutorial.py took 0.136 seconds
[2025-08-09T18:27:33.233+0000] {processor.py:161} INFO - Started process (PID=120) to work on /home/airflow/.local/lib/python3.12/site-packages/airflow/example_dags/tutorial.py
[2025-08-09T18:27:33.236+0000] {processor.py:830} INFO - Processing file /home/airflow/.local/lib/python3.12/site-packages/airflow/example_dags/tutorial.py for tasks to queue
[2025-08-09T18:27:33.242+0000] {logging_mixin.py:188} INFO - [2025-08-09T18:27:33.240+0000] {dagbag.py:540} INFO - Filling up the DagBag from /home/airflow/.local/lib/python3.12/site-packages/airflow/example_dags/tutorial.py
[2025-08-09T18:27:33.268+0000] {processor.py:840} INFO - DAG(s) 'tutorial' retrieved from /home/airflow/.local/lib/python3.12/site-packages/airflow/example_dags/tutorial.py
[2025-08-09T18:27:33.708+0000] {logging_mixin.py:188} INFO - [2025-08-09T18:27:33.708+0000] {dag.py:3096} INFO - Sync 1 DAGs
[2025-08-09T18:27:33.786+0000] {logging_mixin.py:188} INFO - [2025-08-09T18:27:33.785+0000] {dag.py:3954} INFO - Setting next_dagrun for tutorial to 2025-08-08 00:00:00+00:00, run_after=2025-08-09 00:00:00+00:00
[2025-08-09T18:27:33.900+0000] {processor.py:183} INFO - Processing /home/airflow/.local/lib/python3.12/site-packages/airflow/example_dags/tutorial.py took 0.686 seconds
[2025-08-09T18:28:04.361+0000] {processor.py:161} INFO - Started process (PID=179) to work on /home/airflow/.local/lib/python3.12/site-packages/airflow/example_dags/tutorial.py
[2025-08-09T18:28:04.364+0000] {processor.py:830} INFO - Processing file /home/airflow/.local/lib/python3.12/site-packages/airflow/example_dags/tutorial.py for tasks to queue
[2025-08-09T18:28:04.369+0000] {logging_mixin.py:188} INFO - [2025-08-09T18:28:04.368+0000] {dagbag.py:540} INFO - Filling up the DagBag from /home/airflow/.local/lib/python3.12/site-packages/airflow/example_dags/tutorial.py
[2025-08-09T18:28:04.387+0000] {processor.py:840} INFO - DAG(s) 'tutorial' retrieved from /home/airflow/.local/lib/python3.12/site-packages/airflow/example_dags/tutorial.py
[2025-08-09T18:28:04.428+0000] {logging_mixin.py:188} INFO - [2025-08-09T18:28:04.427+0000] {dag.py:3096} INFO - Sync 1 DAGs
[2025-08-09T18:28:04.481+0000] {logging_mixin.py:188} INFO - [2025-08-09T18:28:04.481+0000] {dag.py:3954} INFO - Setting next_dagrun for tutorial to 2025-08-08 00:00:00+00:00, run_after=2025-08-09 00:00:00+00:00
[2025-08-09T18:28:04.527+0000] {processor.py:183} INFO - Processing /home/airflow/.local/lib/python3.12/site-packages/airflow/example_dags/tutorial.py took 0.181 seconds
[2025-08-09T18:28:34.737+0000] {processor.py:161} INFO - Started process (PID=239) to work on /home/airflow/.local/lib/python3.12/site-packages/airflow/example_dags/tutorial.py
[2025-08-09T18:28:34.739+0000] {processor.py:830} INFO - Processing file /home/airflow/.local/lib/python3.12/site-packages/airflow/example_dags/tutorial.py for tasks to queue
[2025-08-09T18:28:34.748+0000] {logging_mixin.py:188} INFO - [2025-08-09T18:28:34.744+0000] {dagbag.py:540} INFO - Filling up the DagBag from /home/airflow/.local/lib/python3.12/site-packages/airflow/example_dags/tutorial.py
[2025-08-09T18:28:34.764+0000] {processor.py:840} INFO - DAG(s) 'tutorial' retrieved from /home/airflow/.local/lib/python3.12/site-packages/airflow/example_dags/tutorial.py
[2025-08-09T18:28:34.820+0000] {logging_mixin.py:188} INFO - [2025-08-09T18:28:34.819+0000] {dag.py:3096} INFO - Sync 1 DAGs
[2025-08-09T18:28:34.906+0000] {logging_mixin.py:188} INFO - [2025-08-09T18:28:34.906+0000] {dag.py:3954} INFO - Setting next_dagrun for tutorial to 2025-08-08 00:00:00+00:00, run_after=2025-08-09 00:00:00+00:00
[2025-08-09T18:28:34.966+0000] {processor.py:183} INFO - Processing /home/airflow/.local/lib/python3.12/site-packages/airflow/example_dags/tutorial.py took 0.249 seconds
[2025-08-09T18:29:05.578+0000] {processor.py:161} INFO - Started process (PID=298) to work on /home/airflow/.local/lib/python3.12/site-packages/airflow/example_dags/tutorial.py
[2025-08-09T18:29:05.580+0000] {processor.py:830} INFO - Processing file /home/airflow/.local/lib/python3.12/site-packages/airflow/example_dags/tutorial.py for tasks to queue
[2025-08-09T18:29:05.583+0000] {logging_mixin.py:188} INFO - [2025-08-09T18:29:05.583+0000] {dagbag.py:540} INFO - Filling up the DagBag from /home/airflow/.local/lib/python3.12/site-packages/airflow/example_dags/tutorial.py
[2025-08-09T18:29:05.593+0000] {processor.py:840} INFO - DAG(s) 'tutorial' retrieved from /home/airflow/.local/lib/python3.12/site-packages/airflow/example_dags/tutorial.py
[2025-08-09T18:29:05.649+0000] {logging_mixin.py:188} INFO - [2025-08-09T18:29:05.649+0000] {dag.py:3096} INFO - Sync 1 DAGs
[2025-08-09T18:29:05.720+0000] {logging_mixin.py:188} INFO - [2025-08-09T18:29:05.719+0000] {dag.py:3954} INFO - Setting next_dagrun for tutorial to 2025-08-08 00:00:00+00:00, run_after=2025-08-09 00:00:00+00:00
[2025-08-09T18:29:05.774+0000] {processor.py:183} INFO - Processing /home/airflow/.local/lib/python3.12/site-packages/airflow/example_dags/tutorial.py took 0.205 seconds
[2025-08-09T18:29:36.177+0000] {processor.py:161} INFO - Started process (PID=357) to work on /home/airflow/.local/lib/python3.12/site-packages/airflow/example_dags/tutorial.py
[2025-08-09T18:29:36.179+0000] {processor.py:830} INFO - Processing file /home/airflow/.local/lib/python3.12/site-packages/airflow/example_dags/tutorial.py for tasks to queue
[2025-08-09T18:29:36.182+0000] {logging_mixin.py:188} INFO - [2025-08-09T18:29:36.181+0000] {dagbag.py:540} INFO - Filling up the DagBag from /home/airflow/.local/lib/python3.12/site-packages/airflow/example_dags/tutorial.py
[2025-08-09T18:29:36.193+0000] {processor.py:840} INFO - DAG(s) 'tutorial' retrieved from /home/airflow/.local/lib/python3.12/site-packages/airflow/example_dags/tutorial.py
[2025-08-09T18:29:36.234+0000] {logging_mixin.py:188} INFO - [2025-08-09T18:29:36.233+0000] {dag.py:3096} INFO - Sync 1 DAGs
[2025-08-09T18:29:36.291+0000] {logging_mixin.py:188} INFO - [2025-08-09T18:29:36.291+0000] {dag.py:3954} INFO - Setting next_dagrun for tutorial to 2025-08-08 00:00:00+00:00, run_after=2025-08-09 00:00:00+00:00
[2025-08-09T18:29:36.344+0000] {processor.py:183} INFO - Processing /home/airflow/.local/lib/python3.12/site-packages/airflow/example_dags/tutorial.py took 0.178 seconds
[2025-08-09T18:30:07.138+0000] {processor.py:161} INFO - Started process (PID=417) to work on /home/airflow/.local/lib/python3.12/site-packages/airflow/example_dags/tutorial.py
[2025-08-09T18:30:07.139+0000] {processor.py:830} INFO - Processing file /home/airflow/.local/lib/python3.12/site-packages/airflow/example_dags/tutorial.py for tasks to queue
[2025-08-09T18:30:07.143+0000] {logging_mixin.py:188} INFO - [2025-08-09T18:30:07.142+0000] {dagbag.py:540} INFO - Filling up the DagBag from /home/airflow/.local/lib/python3.12/site-packages/airflow/example_dags/tutorial.py
[2025-08-09T18:30:07.154+0000] {processor.py:840} INFO - DAG(s) 'tutorial' retrieved from /home/airflow/.local/lib/python3.12/site-packages/airflow/example_dags/tutorial.py
[2025-08-09T18:30:07.187+0000] {logging_mixin.py:188} INFO - [2025-08-09T18:30:07.186+0000] {dag.py:3096} INFO - Sync 1 DAGs
[2025-08-09T18:30:07.226+0000] {logging_mixin.py:188} INFO - [2025-08-09T18:30:07.225+0000] {dag.py:3954} INFO - Setting next_dagrun for tutorial to 2025-08-08 00:00:00+00:00, run_after=2025-08-09 00:00:00+00:00
[2025-08-09T18:30:07.260+0000] {processor.py:183} INFO - Processing /home/airflow/.local/lib/python3.12/site-packages/airflow/example_dags/tutorial.py took 0.131 seconds
[2025-08-09T18:30:37.779+0000] {processor.py:161} INFO - Started process (PID=476) to work on /home/airflow/.local/lib/python3.12/site-packages/airflow/example_dags/tutorial.py
[2025-08-09T18:30:37.780+0000] {processor.py:830} INFO - Processing file /home/airflow/.local/lib/python3.12/site-packages/airflow/example_dags/tutorial.py for tasks to queue
[2025-08-09T18:30:37.785+0000] {logging_mixin.py:188} INFO - [2025-08-09T18:30:37.784+0000] {dagbag.py:540} INFO - Filling up the DagBag from /home/airflow/.local/lib/python3.12/site-packages/airflow/example_dags/tutorial.py
[2025-08-09T18:30:37.797+0000] {processor.py:840} INFO - DAG(s) 'tutorial' retrieved from /home/airflow/.local/lib/python3.12/site-packages/airflow/example_dags/tutorial.py
[2025-08-09T18:30:37.848+0000] {logging_mixin.py:188} INFO - [2025-08-09T18:30:37.848+0000] {dag.py:3096} INFO - Sync 1 DAGs
[2025-08-09T18:30:37.912+0000] {logging_mixin.py:188} INFO - [2025-08-09T18:30:37.911+0000] {dag.py:3954} INFO - Setting next_dagrun for tutorial to 2025-08-08 00:00:00+00:00, run_after=2025-08-09 00:00:00+00:00
[2025-08-09T18:30:37.955+0000] {processor.py:183} INFO - Processing /home/airflow/.local/lib/python3.12/site-packages/airflow/example_dags/tutorial.py took 0.189 seconds
[2025-08-09T18:31:08.065+0000] {processor.py:161} INFO - Started process (PID=535) to work on /home/airflow/.local/lib/python3.12/site-packages/airflow/example_dags/tutorial.py
[2025-08-09T18:31:08.067+0000] {processor.py:830} INFO - Processing file /home/airflow/.local/lib/python3.12/site-packages/airflow/example_dags/tutorial.py for tasks to queue
[2025-08-09T18:31:08.070+0000] {logging_mixin.py:188} INFO - [2025-08-09T18:31:08.069+0000] {dagbag.py:540} INFO - Filling up the DagBag from /home/airflow/.local/lib/python3.12/site-packages/airflow/example_dags/tutorial.py
[2025-08-09T18:31:08.079+0000] {processor.py:840} INFO - DAG(s) 'tutorial' retrieved from /home/airflow/.local/lib/python3.12/site-packages/airflow/example_dags/tutorial.py
[2025-08-09T18:31:08.118+0000] {logging_mixin.py:188} INFO - [2025-08-09T18:31:08.117+0000] {dag.py:3096} INFO - Sync 1 DAGs
[2025-08-09T18:31:08.154+0000] {logging_mixin.py:188} INFO - [2025-08-09T18:31:08.154+0000] {dag.py:3954} INFO - Setting next_dagrun for tutorial to 2025-08-08 00:00:00+00:00, run_after=2025-08-09 00:00:00+00:00
[2025-08-09T18:31:08.200+0000] {processor.py:183} INFO - Processing /home/airflow/.local/lib/python3.12/site-packages/airflow/example_dags/tutorial.py took 0.142 seconds
[2025-08-09T18:31:38.984+0000] {processor.py:161} INFO - Started process (PID=594) to work on /home/airflow/.local/lib/python3.12/site-packages/airflow/example_dags/tutorial.py
[2025-08-09T18:31:38.987+0000] {processor.py:830} INFO - Processing file /home/airflow/.local/lib/python3.12/site-packages/airflow/example_dags/tutorial.py for tasks to queue
[2025-08-09T18:31:38.991+0000] {logging_mixin.py:188} INFO - [2025-08-09T18:31:38.989+0000] {dagbag.py:540} INFO - Filling up the DagBag from /home/airflow/.local/lib/python3.12/site-packages/airflow/example_dags/tutorial.py
[2025-08-09T18:31:39.014+0000] {processor.py:840} INFO - DAG(s) 'tutorial' retrieved from /home/airflow/.local/lib/python3.12/site-packages/airflow/example_dags/tutorial.py
[2025-08-09T18:31:39.063+0000] {logging_mixin.py:188} INFO - [2025-08-09T18:31:39.063+0000] {dag.py:3096} INFO - Sync 1 DAGs
[2025-08-09T18:31:39.111+0000] {logging_mixin.py:188} INFO - [2025-08-09T18:31:39.110+0000] {dag.py:3954} INFO - Setting next_dagrun for tutorial to 2025-08-08 00:00:00+00:00, run_after=2025-08-09 00:00:00+00:00
[2025-08-09T18:31:39.158+0000] {processor.py:183} INFO - Processing /home/airflow/.local/lib/python3.12/site-packages/airflow/example_dags/tutorial.py took 0.183 seconds
[2025-08-09T18:32:09.396+0000] {processor.py:161} INFO - Started process (PID=654) to work on /home/airflow/.local/lib/python3.12/site-packages/airflow/example_dags/tutorial.py
[2025-08-09T18:32:09.397+0000] {processor.py:830} INFO - Processing file /home/airflow/.local/lib/python3.12/site-packages/airflow/example_dags/tutorial.py for tasks to queue
[2025-08-09T18:32:09.400+0000] {logging_mixin.py:188} INFO - [2025-08-09T18:32:09.400+0000] {dagbag.py:540} INFO - Filling up the DagBag from /home/airflow/.local/lib/python3.12/site-packages/airflow/example_dags/tutorial.py
[2025-08-09T18:32:09.411+0000] {processor.py:840} INFO - DAG(s) 'tutorial' retrieved from /home/airflow/.local/lib/python3.12/site-packages/airflow/example_dags/tutorial.py
[2025-08-09T18:32:09.441+0000] {logging_mixin.py:188} INFO - [2025-08-09T18:32:09.440+0000] {dag.py:3096} INFO - Sync 1 DAGs
[2025-08-09T18:32:09.468+0000] {logging_mixin.py:188} INFO - [2025-08-09T18:32:09.467+0000] {dag.py:3954} INFO - Setting next_dagrun for tutorial to 2025-08-08 00:00:00+00:00, run_after=2025-08-09 00:00:00+00:00
[2025-08-09T18:32:09.503+0000] {processor.py:183} INFO - Processing /home/airflow/.local/lib/python3.12/site-packages/airflow/example_dags/tutorial.py took 0.118 seconds
[2025-08-09T18:32:39.896+0000] {processor.py:161} INFO - Started process (PID=713) to work on /home/airflow/.local/lib/python3.12/site-packages/airflow/example_dags/tutorial.py
[2025-08-09T18:32:39.898+0000] {processor.py:830} INFO - Processing file /home/airflow/.local/lib/python3.12/site-packages/airflow/example_dags/tutorial.py for tasks to queue
[2025-08-09T18:32:39.902+0000] {logging_mixin.py:188} INFO - [2025-08-09T18:32:39.901+0000] {dagbag.py:540} INFO - Filling up the DagBag from /home/airflow/.local/lib/python3.12/site-packages/airflow/example_dags/tutorial.py
[2025-08-09T18:32:39.912+0000] {processor.py:840} INFO - DAG(s) 'tutorial' retrieved from /home/airflow/.local/lib/python3.12/site-packages/airflow/example_dags/tutorial.py
[2025-08-09T18:32:39.945+0000] {logging_mixin.py:188} INFO - [2025-08-09T18:32:39.944+0000] {dag.py:3096} INFO - Sync 1 DAGs
[2025-08-09T18:32:39.983+0000] {logging_mixin.py:188} INFO - [2025-08-09T18:32:39.983+0000] {dag.py:3954} INFO - Setting next_dagrun for tutorial to 2025-08-08 00:00:00+00:00, run_after=2025-08-09 00:00:00+00:00
[2025-08-09T18:32:40.009+0000] {processor.py:183} INFO - Processing /home/airflow/.local/lib/python3.12/site-packages/airflow/example_dags/tutorial.py took 0.123 seconds
[2025-08-09T18:33:10.830+0000] {processor.py:161} INFO - Started process (PID=772) to work on /home/airflow/.local/lib/python3.12/site-packages/airflow/example_dags/tutorial.py
[2025-08-09T18:33:10.831+0000] {processor.py:830} INFO - Processing file /home/airflow/.local/lib/python3.12/site-packages/airflow/example_dags/tutorial.py for tasks to queue
[2025-08-09T18:33:10.834+0000] {logging_mixin.py:188} INFO - [2025-08-09T18:33:10.834+0000] {dagbag.py:540} INFO - Filling up the DagBag from /home/airflow/.local/lib/python3.12/site-packages/airflow/example_dags/tutorial.py
[2025-08-09T18:33:10.841+0000] {processor.py:840} INFO - DAG(s) 'tutorial' retrieved from /home/airflow/.local/lib/python3.12/site-packages/airflow/example_dags/tutorial.py
[2025-08-09T18:33:10.864+0000] {logging_mixin.py:188} INFO - [2025-08-09T18:33:10.863+0000] {dag.py:3096} INFO - Sync 1 DAGs
[2025-08-09T18:33:10.890+0000] {logging_mixin.py:188} INFO - [2025-08-09T18:33:10.890+0000] {dag.py:3954} INFO - Setting next_dagrun for tutorial to 2025-08-08 00:00:00+00:00, run_after=2025-08-09 00:00:00+00:00
[2025-08-09T18:33:10.924+0000] {processor.py:183} INFO - Processing /home/airflow/.local/lib/python3.12/site-packages/airflow/example_dags/tutorial.py took 0.101 seconds
[2025-08-09T18:33:41.314+0000] {processor.py:161} INFO - Started process (PID=831) to work on /home/airflow/.local/lib/python3.12/site-packages/airflow/example_dags/tutorial.py
[2025-08-09T18:33:41.316+0000] {processor.py:830} INFO - Processing file /home/airflow/.local/lib/python3.12/site-packages/airflow/example_dags/tutorial.py for tasks to queue
[2025-08-09T18:33:41.319+0000] {logging_mixin.py:188} INFO - [2025-08-09T18:33:41.319+0000] {dagbag.py:540} INFO - Filling up the DagBag from /home/airflow/.local/lib/python3.12/site-packages/airflow/example_dags/tutorial.py
[2025-08-09T18:33:41.326+0000] {processor.py:840} INFO - DAG(s) 'tutorial' retrieved from /home/airflow/.local/lib/python3.12/site-packages/airflow/example_dags/tutorial.py
[2025-08-09T18:33:41.356+0000] {logging_mixin.py:188} INFO - [2025-08-09T18:33:41.356+0000] {dag.py:3096} INFO - Sync 1 DAGs
[2025-08-09T18:33:41.393+0000] {logging_mixin.py:188} INFO - [2025-08-09T18:33:41.393+0000] {dag.py:3954} INFO - Setting next_dagrun for tutorial to 2025-08-08 00:00:00+00:00, run_after=2025-08-09 00:00:00+00:00
[2025-08-09T18:33:41.437+0000] {processor.py:183} INFO - Processing /home/airflow/.local/lib/python3.12/site-packages/airflow/example_dags/tutorial.py took 0.131 seconds
[2025-08-09T18:34:12.204+0000] {processor.py:161} INFO - Started process (PID=891) to work on /home/airflow/.local/lib/python3.12/site-packages/airflow/example_dags/tutorial.py
[2025-08-09T18:34:12.205+0000] {processor.py:830} INFO - Processing file /home/airflow/.local/lib/python3.12/site-packages/airflow/example_dags/tutorial.py for tasks to queue
[2025-08-09T18:34:12.208+0000] {logging_mixin.py:188} INFO - [2025-08-09T18:34:12.207+0000] {dagbag.py:540} INFO - Filling up the DagBag from /home/airflow/.local/lib/python3.12/site-packages/airflow/example_dags/tutorial.py
[2025-08-09T18:34:12.216+0000] {processor.py:840} INFO - DAG(s) 'tutorial' retrieved from /home/airflow/.local/lib/python3.12/site-packages/airflow/example_dags/tutorial.py
[2025-08-09T18:34:12.242+0000] {logging_mixin.py:188} INFO - [2025-08-09T18:34:12.241+0000] {dag.py:3096} INFO - Sync 1 DAGs
[2025-08-09T18:34:12.277+0000] {logging_mixin.py:188} INFO - [2025-08-09T18:34:12.277+0000] {dag.py:3954} INFO - Setting next_dagrun for tutorial to 2025-08-08 00:00:00+00:00, run_after=2025-08-09 00:00:00+00:00
[2025-08-09T18:34:12.304+0000] {processor.py:183} INFO - Processing /home/airflow/.local/lib/python3.12/site-packages/airflow/example_dags/tutorial.py took 0.107 seconds
[2025-08-09T18:34:44.163+0000] {processor.py:161} INFO - Started process (PID=950) to work on /home/airflow/.local/lib/python3.12/site-packages/airflow/example_dags/tutorial.py
[2025-08-09T18:34:44.165+0000] {processor.py:830} INFO - Processing file /home/airflow/.local/lib/python3.12/site-packages/airflow/example_dags/tutorial.py for tasks to queue
[2025-08-09T18:34:44.169+0000] {logging_mixin.py:188} INFO - [2025-08-09T18:34:44.168+0000] {dagbag.py:540} INFO - Filling up the DagBag from /home/airflow/.local/lib/python3.12/site-packages/airflow/example_dags/tutorial.py
[2025-08-09T18:34:44.185+0000] {processor.py:840} INFO - DAG(s) 'tutorial' retrieved from /home/airflow/.local/lib/python3.12/site-packages/airflow/example_dags/tutorial.py
[2025-08-09T18:34:44.568+0000] {logging_mixin.py:188} INFO - [2025-08-09T18:34:44.568+0000] {dag.py:3096} INFO - Sync 1 DAGs
[2025-08-09T18:34:44.603+0000] {logging_mixin.py:188} INFO - [2025-08-09T18:34:44.603+0000] {dag.py:3954} INFO - Setting next_dagrun for tutorial to 2025-08-08 00:00:00+00:00, run_after=2025-08-09 00:00:00+00:00
[2025-08-09T18:34:44.646+0000] {processor.py:183} INFO - Processing /home/airflow/.local/lib/python3.12/site-packages/airflow/example_dags/tutorial.py took 0.499 seconds
[2025-08-09T18:35:15.032+0000] {processor.py:161} INFO - Started process (PID=1009) to work on /home/airflow/.local/lib/python3.12/site-packages/airflow/example_dags/tutorial.py
[2025-08-09T18:35:15.034+0000] {processor.py:830} INFO - Processing file /home/airflow/.local/lib/python3.12/site-packages/airflow/example_dags/tutorial.py for tasks to queue
[2025-08-09T18:35:15.037+0000] {logging_mixin.py:188} INFO - [2025-08-09T18:35:15.037+0000] {dagbag.py:540} INFO - Filling up the DagBag from /home/airflow/.local/lib/python3.12/site-packages/airflow/example_dags/tutorial.py
[2025-08-09T18:35:15.050+0000] {processor.py:840} INFO - DAG(s) 'tutorial' retrieved from /home/airflow/.local/lib/python3.12/site-packages/airflow/example_dags/tutorial.py
[2025-08-09T18:35:15.079+0000] {logging_mixin.py:188} INFO - [2025-08-09T18:35:15.079+0000] {dag.py:3096} INFO - Sync 1 DAGs
[2025-08-09T18:35:15.339+0000] {logging_mixin.py:188} INFO - [2025-08-09T18:35:15.338+0000] {dag.py:3954} INFO - Setting next_dagrun for tutorial to 2025-08-08 00:00:00+00:00, run_after=2025-08-09 00:00:00+00:00
[2025-08-09T18:35:15.377+0000] {processor.py:183} INFO - Processing /home/airflow/.local/lib/python3.12/site-packages/airflow/example_dags/tutorial.py took 0.353 seconds
[2025-08-09T18:35:45.696+0000] {processor.py:161} INFO - Started process (PID=1068) to work on /home/airflow/.local/lib/python3.12/site-packages/airflow/example_dags/tutorial.py
[2025-08-09T18:35:45.697+0000] {processor.py:830} INFO - Processing file /home/airflow/.local/lib/python3.12/site-packages/airflow/example_dags/tutorial.py for tasks to queue
[2025-08-09T18:35:45.699+0000] {logging_mixin.py:188} INFO - [2025-08-09T18:35:45.699+0000] {dagbag.py:540} INFO - Filling up the DagBag from /home/airflow/.local/lib/python3.12/site-packages/airflow/example_dags/tutorial.py
[2025-08-09T18:35:45.706+0000] {processor.py:840} INFO - DAG(s) 'tutorial' retrieved from /home/airflow/.local/lib/python3.12/site-packages/airflow/example_dags/tutorial.py
[2025-08-09T18:35:45.732+0000] {logging_mixin.py:188} INFO - [2025-08-09T18:35:45.731+0000] {dag.py:3096} INFO - Sync 1 DAGs
[2025-08-09T18:35:45.766+0000] {logging_mixin.py:188} INFO - [2025-08-09T18:35:45.766+0000] {dag.py:3954} INFO - Setting next_dagrun for tutorial to 2025-08-08 00:00:00+00:00, run_after=2025-08-09 00:00:00+00:00
[2025-08-09T18:35:45.810+0000] {processor.py:183} INFO - Processing /home/airflow/.local/lib/python3.12/site-packages/airflow/example_dags/tutorial.py took 0.120 seconds
[2025-08-09T18:36:16.025+0000] {processor.py:161} INFO - Started process (PID=1127) to work on /home/airflow/.local/lib/python3.12/site-packages/airflow/example_dags/tutorial.py
[2025-08-09T18:36:16.027+0000] {processor.py:830} INFO - Processing file /home/airflow/.local/lib/python3.12/site-packages/airflow/example_dags/tutorial.py for tasks to queue
[2025-08-09T18:36:16.031+0000] {logging_mixin.py:188} INFO - [2025-08-09T18:36:16.030+0000] {dagbag.py:540} INFO - Filling up the DagBag from /home/airflow/.local/lib/python3.12/site-packages/airflow/example_dags/tutorial.py
[2025-08-09T18:36:16.040+0000] {processor.py:840} INFO - DAG(s) 'tutorial' retrieved from /home/airflow/.local/lib/python3.12/site-packages/airflow/example_dags/tutorial.py
[2025-08-09T18:36:16.071+0000] {logging_mixin.py:188} INFO - [2025-08-09T18:36:16.071+0000] {dag.py:3096} INFO - Sync 1 DAGs
[2025-08-09T18:36:16.113+0000] {logging_mixin.py:188} INFO - [2025-08-09T18:36:16.112+0000] {dag.py:3954} INFO - Setting next_dagrun for tutorial to 2025-08-08 00:00:00+00:00, run_after=2025-08-09 00:00:00+00:00
[2025-08-09T18:36:16.160+0000] {processor.py:183} INFO - Processing /home/airflow/.local/lib/python3.12/site-packages/airflow/example_dags/tutorial.py took 0.146 seconds
[2025-08-09T18:36:46.675+0000] {processor.py:161} INFO - Started process (PID=1186) to work on /home/airflow/.local/lib/python3.12/site-packages/airflow/example_dags/tutorial.py
[2025-08-09T18:36:46.677+0000] {processor.py:830} INFO - Processing file /home/airflow/.local/lib/python3.12/site-packages/airflow/example_dags/tutorial.py for tasks to queue
[2025-08-09T18:36:46.679+0000] {logging_mixin.py:188} INFO - [2025-08-09T18:36:46.678+0000] {dagbag.py:540} INFO - Filling up the DagBag from /home/airflow/.local/lib/python3.12/site-packages/airflow/example_dags/tutorial.py
[2025-08-09T18:36:46.687+0000] {processor.py:840} INFO - DAG(s) 'tutorial' retrieved from /home/airflow/.local/lib/python3.12/site-packages/airflow/example_dags/tutorial.py
[2025-08-09T18:36:46.711+0000] {logging_mixin.py:188} INFO - [2025-08-09T18:36:46.711+0000] {dag.py:3096} INFO - Sync 1 DAGs
[2025-08-09T18:36:46.745+0000] {logging_mixin.py:188} INFO - [2025-08-09T18:36:46.745+0000] {dag.py:3954} INFO - Setting next_dagrun for tutorial to 2025-08-08 00:00:00+00:00, run_after=2025-08-09 00:00:00+00:00
[2025-08-09T18:36:46.781+0000] {processor.py:183} INFO - Processing /home/airflow/.local/lib/python3.12/site-packages/airflow/example_dags/tutorial.py took 0.115 seconds
[2025-08-09T18:37:17.067+0000] {processor.py:161} INFO - Started process (PID=1245) to work on /home/airflow/.local/lib/python3.12/site-packages/airflow/example_dags/tutorial.py
[2025-08-09T18:37:17.068+0000] {processor.py:830} INFO - Processing file /home/airflow/.local/lib/python3.12/site-packages/airflow/example_dags/tutorial.py for tasks to queue
[2025-08-09T18:37:17.072+0000] {logging_mixin.py:188} INFO - [2025-08-09T18:37:17.072+0000] {dagbag.py:540} INFO - Filling up the DagBag from /home/airflow/.local/lib/python3.12/site-packages/airflow/example_dags/tutorial.py
[2025-08-09T18:37:17.083+0000] {processor.py:840} INFO - DAG(s) 'tutorial' retrieved from /home/airflow/.local/lib/python3.12/site-packages/airflow/example_dags/tutorial.py
[2025-08-09T18:37:17.128+0000] {logging_mixin.py:188} INFO - [2025-08-09T18:37:17.127+0000] {dag.py:3096} INFO - Sync 1 DAGs
[2025-08-09T18:37:17.173+0000] {logging_mixin.py:188} INFO - [2025-08-09T18:37:17.173+0000] {dag.py:3954} INFO - Setting next_dagrun for tutorial to 2025-08-08 00:00:00+00:00, run_after=2025-08-09 00:00:00+00:00
[2025-08-09T18:37:17.218+0000] {processor.py:183} INFO - Processing /home/airflow/.local/lib/python3.12/site-packages/airflow/example_dags/tutorial.py took 0.165 seconds
[2025-08-09T18:37:47.396+0000] {processor.py:161} INFO - Started process (PID=1304) to work on /home/airflow/.local/lib/python3.12/site-packages/airflow/example_dags/tutorial.py
[2025-08-09T18:37:47.397+0000] {processor.py:830} INFO - Processing file /home/airflow/.local/lib/python3.12/site-packages/airflow/example_dags/tutorial.py for tasks to queue
[2025-08-09T18:37:47.400+0000] {logging_mixin.py:188} INFO - [2025-08-09T18:37:47.399+0000] {dagbag.py:540} INFO - Filling up the DagBag from /home/airflow/.local/lib/python3.12/site-packages/airflow/example_dags/tutorial.py
[2025-08-09T18:37:47.407+0000] {processor.py:840} INFO - DAG(s) 'tutorial' retrieved from /home/airflow/.local/lib/python3.12/site-packages/airflow/example_dags/tutorial.py
[2025-08-09T18:37:47.434+0000] {logging_mixin.py:188} INFO - [2025-08-09T18:37:47.433+0000] {dag.py:3096} INFO - Sync 1 DAGs
[2025-08-09T18:37:47.470+0000] {logging_mixin.py:188} INFO - [2025-08-09T18:37:47.470+0000] {dag.py:3954} INFO - Setting next_dagrun for tutorial to 2025-08-08 00:00:00+00:00, run_after=2025-08-09 00:00:00+00:00
[2025-08-09T18:37:47.512+0000] {processor.py:183} INFO - Processing /home/airflow/.local/lib/python3.12/site-packages/airflow/example_dags/tutorial.py took 0.125 seconds
[2025-08-09T18:38:17.973+0000] {processor.py:161} INFO - Started process (PID=1363) to work on /home/airflow/.local/lib/python3.12/site-packages/airflow/example_dags/tutorial.py
[2025-08-09T18:38:17.974+0000] {processor.py:830} INFO - Processing file /home/airflow/.local/lib/python3.12/site-packages/airflow/example_dags/tutorial.py for tasks to queue
[2025-08-09T18:38:17.976+0000] {logging_mixin.py:188} INFO - [2025-08-09T18:38:17.976+0000] {dagbag.py:540} INFO - Filling up the DagBag from /home/airflow/.local/lib/python3.12/site-packages/airflow/example_dags/tutorial.py
[2025-08-09T18:38:17.983+0000] {processor.py:840} INFO - DAG(s) 'tutorial' retrieved from /home/airflow/.local/lib/python3.12/site-packages/airflow/example_dags/tutorial.py
[2025-08-09T18:38:18.005+0000] {logging_mixin.py:188} INFO - [2025-08-09T18:38:18.005+0000] {dag.py:3096} INFO - Sync 1 DAGs
[2025-08-09T18:38:18.035+0000] {logging_mixin.py:188} INFO - [2025-08-09T18:38:18.035+0000] {dag.py:3954} INFO - Setting next_dagrun for tutorial to 2025-08-08 00:00:00+00:00, run_after=2025-08-09 00:00:00+00:00
[2025-08-09T18:38:18.077+0000] {processor.py:183} INFO - Processing /home/airflow/.local/lib/python3.12/site-packages/airflow/example_dags/tutorial.py took 0.111 seconds
[2025-08-09T18:38:48.650+0000] {processor.py:161} INFO - Started process (PID=1422) to work on /home/airflow/.local/lib/python3.12/site-packages/airflow/example_dags/tutorial.py
[2025-08-09T18:38:48.652+0000] {processor.py:830} INFO - Processing file /home/airflow/.local/lib/python3.12/site-packages/airflow/example_dags/tutorial.py for tasks to queue
[2025-08-09T18:38:48.656+0000] {logging_mixin.py:188} INFO - [2025-08-09T18:38:48.655+0000] {dagbag.py:540} INFO - Filling up the DagBag from /home/airflow/.local/lib/python3.12/site-packages/airflow/example_dags/tutorial.py
[2025-08-09T18:38:48.683+0000] {processor.py:840} INFO - DAG(s) 'tutorial' retrieved from /home/airflow/.local/lib/python3.12/site-packages/airflow/example_dags/tutorial.py
[2025-08-09T18:38:48.721+0000] {logging_mixin.py:188} INFO - [2025-08-09T18:38:48.720+0000] {dag.py:3096} INFO - Sync 1 DAGs
[2025-08-09T18:38:48.755+0000] {logging_mixin.py:188} INFO - [2025-08-09T18:38:48.755+0000] {dag.py:3954} INFO - Setting next_dagrun for tutorial to 2025-08-08 00:00:00+00:00, run_after=2025-08-09 00:00:00+00:00
[2025-08-09T18:38:48.790+0000] {processor.py:183} INFO - Processing /home/airflow/.local/lib/python3.12/site-packages/airflow/example_dags/tutorial.py took 0.148 seconds
[2025-08-09T18:39:19.421+0000] {processor.py:161} INFO - Started process (PID=1481) to work on /home/airflow/.local/lib/python3.12/site-packages/airflow/example_dags/tutorial.py
[2025-08-09T18:39:19.422+0000] {processor.py:830} INFO - Processing file /home/airflow/.local/lib/python3.12/site-packages/airflow/example_dags/tutorial.py for tasks to queue
[2025-08-09T18:39:19.424+0000] {logging_mixin.py:188} INFO - [2025-08-09T18:39:19.424+0000] {dagbag.py:540} INFO - Filling up the DagBag from /home/airflow/.local/lib/python3.12/site-packages/airflow/example_dags/tutorial.py
[2025-08-09T18:39:19.431+0000] {processor.py:840} INFO - DAG(s) 'tutorial' retrieved from /home/airflow/.local/lib/python3.12/site-packages/airflow/example_dags/tutorial.py
[2025-08-09T18:39:19.457+0000] {logging_mixin.py:188} INFO - [2025-08-09T18:39:19.456+0000] {dag.py:3096} INFO - Sync 1 DAGs
[2025-08-09T18:39:19.485+0000] {logging_mixin.py:188} INFO - [2025-08-09T18:39:19.484+0000] {dag.py:3954} INFO - Setting next_dagrun for tutorial to 2025-08-08 00:00:00+00:00, run_after=2025-08-09 00:00:00+00:00
[2025-08-09T18:39:19.509+0000] {processor.py:183} INFO - Processing /home/airflow/.local/lib/python3.12/site-packages/airflow/example_dags/tutorial.py took 0.096 seconds
[2025-08-09T18:39:49.944+0000] {processor.py:161} INFO - Started process (PID=1540) to work on /home/airflow/.local/lib/python3.12/site-packages/airflow/example_dags/tutorial.py
[2025-08-09T18:39:49.946+0000] {processor.py:830} INFO - Processing file /home/airflow/.local/lib/python3.12/site-packages/airflow/example_dags/tutorial.py for tasks to queue
[2025-08-09T18:39:49.949+0000] {logging_mixin.py:188} INFO - [2025-08-09T18:39:49.949+0000] {dagbag.py:540} INFO - Filling up the DagBag from /home/airflow/.local/lib/python3.12/site-packages/airflow/example_dags/tutorial.py
[2025-08-09T18:39:49.962+0000] {processor.py:840} INFO - DAG(s) 'tutorial' retrieved from /home/airflow/.local/lib/python3.12/site-packages/airflow/example_dags/tutorial.py
[2025-08-09T18:39:50.000+0000] {logging_mixin.py:188} INFO - [2025-08-09T18:39:50.000+0000] {dag.py:3096} INFO - Sync 1 DAGs
[2025-08-09T18:39:50.038+0000] {logging_mixin.py:188} INFO - [2025-08-09T18:39:50.038+0000] {dag.py:3954} INFO - Setting next_dagrun for tutorial to 2025-08-08 00:00:00+00:00, run_after=2025-08-09 00:00:00+00:00
[2025-08-09T18:39:50.066+0000] {processor.py:183} INFO - Processing /home/airflow/.local/lib/python3.12/site-packages/airflow/example_dags/tutorial.py took 0.136 seconds
[2025-08-09T18:40:20.516+0000] {processor.py:161} INFO - Started process (PID=1599) to work on /home/airflow/.local/lib/python3.12/site-packages/airflow/example_dags/tutorial.py
[2025-08-09T18:40:20.517+0000] {processor.py:830} INFO - Processing file /home/airflow/.local/lib/python3.12/site-packages/airflow/example_dags/tutorial.py for tasks to queue
[2025-08-09T18:40:20.520+0000] {logging_mixin.py:188} INFO - [2025-08-09T18:40:20.519+0000] {dagbag.py:540} INFO - Filling up the DagBag from /home/airflow/.local/lib/python3.12/site-packages/airflow/example_dags/tutorial.py
[2025-08-09T18:40:20.532+0000] {processor.py:840} INFO - DAG(s) 'tutorial' retrieved from /home/airflow/.local/lib/python3.12/site-packages/airflow/example_dags/tutorial.py
[2025-08-09T18:40:20.577+0000] {logging_mixin.py:188} INFO - [2025-08-09T18:40:20.577+0000] {dag.py:3096} INFO - Sync 1 DAGs
[2025-08-09T18:40:20.628+0000] {logging_mixin.py:188} INFO - [2025-08-09T18:40:20.628+0000] {dag.py:3954} INFO - Setting next_dagrun for tutorial to 2025-08-08 00:00:00+00:00, run_after=2025-08-09 00:00:00+00:00
[2025-08-09T18:40:20.665+0000] {processor.py:183} INFO - Processing /home/airflow/.local/lib/python3.12/site-packages/airflow/example_dags/tutorial.py took 0.158 seconds
[2025-08-09T18:40:51.287+0000] {processor.py:161} INFO - Started process (PID=1658) to work on /home/airflow/.local/lib/python3.12/site-packages/airflow/example_dags/tutorial.py
[2025-08-09T18:40:51.288+0000] {processor.py:830} INFO - Processing file /home/airflow/.local/lib/python3.12/site-packages/airflow/example_dags/tutorial.py for tasks to queue
[2025-08-09T18:40:51.293+0000] {logging_mixin.py:188} INFO - [2025-08-09T18:40:51.291+0000] {dagbag.py:540} INFO - Filling up the DagBag from /home/airflow/.local/lib/python3.12/site-packages/airflow/example_dags/tutorial.py
[2025-08-09T18:40:51.304+0000] {processor.py:840} INFO - DAG(s) 'tutorial' retrieved from /home/airflow/.local/lib/python3.12/site-packages/airflow/example_dags/tutorial.py
[2025-08-09T18:40:51.346+0000] {logging_mixin.py:188} INFO - [2025-08-09T18:40:51.345+0000] {dag.py:3096} INFO - Sync 1 DAGs
[2025-08-09T18:40:51.417+0000] {logging_mixin.py:188} INFO - [2025-08-09T18:40:51.416+0000] {dag.py:3954} INFO - Setting next_dagrun for tutorial to 2025-08-08 00:00:00+00:00, run_after=2025-08-09 00:00:00+00:00
[2025-08-09T18:40:51.477+0000] {processor.py:183} INFO - Processing /home/airflow/.local/lib/python3.12/site-packages/airflow/example_dags/tutorial.py took 0.202 seconds
[2025-08-09T18:41:21.586+0000] {processor.py:161} INFO - Started process (PID=1719) to work on /home/airflow/.local/lib/python3.12/site-packages/airflow/example_dags/tutorial.py
[2025-08-09T18:41:21.587+0000] {processor.py:830} INFO - Processing file /home/airflow/.local/lib/python3.12/site-packages/airflow/example_dags/tutorial.py for tasks to queue
[2025-08-09T18:41:21.591+0000] {logging_mixin.py:188} INFO - [2025-08-09T18:41:21.590+0000] {dagbag.py:540} INFO - Filling up the DagBag from /home/airflow/.local/lib/python3.12/site-packages/airflow/example_dags/tutorial.py
[2025-08-09T18:41:21.600+0000] {processor.py:840} INFO - DAG(s) 'tutorial' retrieved from /home/airflow/.local/lib/python3.12/site-packages/airflow/example_dags/tutorial.py
[2025-08-09T18:41:21.627+0000] {logging_mixin.py:188} INFO - [2025-08-09T18:41:21.627+0000] {dag.py:3096} INFO - Sync 1 DAGs
[2025-08-09T18:41:21.656+0000] {logging_mixin.py:188} INFO - [2025-08-09T18:41:21.656+0000] {dag.py:3954} INFO - Setting next_dagrun for tutorial to 2025-08-08 00:00:00+00:00, run_after=2025-08-09 00:00:00+00:00
[2025-08-09T18:41:21.679+0000] {processor.py:183} INFO - Processing /home/airflow/.local/lib/python3.12/site-packages/airflow/example_dags/tutorial.py took 0.101 seconds
[2025-08-09T18:41:51.929+0000] {processor.py:161} INFO - Started process (PID=1777) to work on /home/airflow/.local/lib/python3.12/site-packages/airflow/example_dags/tutorial.py
[2025-08-09T18:41:51.931+0000] {processor.py:830} INFO - Processing file /home/airflow/.local/lib/python3.12/site-packages/airflow/example_dags/tutorial.py for tasks to queue
[2025-08-09T18:41:51.933+0000] {logging_mixin.py:188} INFO - [2025-08-09T18:41:51.933+0000] {dagbag.py:540} INFO - Filling up the DagBag from /home/airflow/.local/lib/python3.12/site-packages/airflow/example_dags/tutorial.py
[2025-08-09T18:41:51.943+0000] {processor.py:840} INFO - DAG(s) 'tutorial' retrieved from /home/airflow/.local/lib/python3.12/site-packages/airflow/example_dags/tutorial.py
[2025-08-09T18:41:51.972+0000] {logging_mixin.py:188} INFO - [2025-08-09T18:41:51.971+0000] {dag.py:3096} INFO - Sync 1 DAGs
[2025-08-09T18:41:52.016+0000] {logging_mixin.py:188} INFO - [2025-08-09T18:41:52.016+0000] {dag.py:3954} INFO - Setting next_dagrun for tutorial to 2025-08-08 00:00:00+00:00, run_after=2025-08-09 00:00:00+00:00
[2025-08-09T18:41:52.044+0000] {processor.py:183} INFO - Processing /home/airflow/.local/lib/python3.12/site-packages/airflow/example_dags/tutorial.py took 0.123 seconds
[2025-08-09T18:42:22.392+0000] {processor.py:161} INFO - Started process (PID=1836) to work on /home/airflow/.local/lib/python3.12/site-packages/airflow/example_dags/tutorial.py
[2025-08-09T18:42:22.394+0000] {processor.py:830} INFO - Processing file /home/airflow/.local/lib/python3.12/site-packages/airflow/example_dags/tutorial.py for tasks to queue
[2025-08-09T18:42:22.398+0000] {logging_mixin.py:188} INFO - [2025-08-09T18:42:22.397+0000] {dagbag.py:540} INFO - Filling up the DagBag from /home/airflow/.local/lib/python3.12/site-packages/airflow/example_dags/tutorial.py
[2025-08-09T18:42:22.411+0000] {processor.py:840} INFO - DAG(s) 'tutorial' retrieved from /home/airflow/.local/lib/python3.12/site-packages/airflow/example_dags/tutorial.py
[2025-08-09T18:42:22.457+0000] {logging_mixin.py:188} INFO - [2025-08-09T18:42:22.456+0000] {dag.py:3096} INFO - Sync 1 DAGs
[2025-08-09T18:42:22.536+0000] {logging_mixin.py:188} INFO - [2025-08-09T18:42:22.536+0000] {dag.py:3954} INFO - Setting next_dagrun for tutorial to 2025-08-08 00:00:00+00:00, run_after=2025-08-09 00:00:00+00:00
[2025-08-09T18:42:22.591+0000] {processor.py:183} INFO - Processing /home/airflow/.local/lib/python3.12/site-packages/airflow/example_dags/tutorial.py took 0.213 seconds
[2025-08-09T18:42:52.841+0000] {processor.py:161} INFO - Started process (PID=1895) to work on /home/airflow/.local/lib/python3.12/site-packages/airflow/example_dags/tutorial.py
[2025-08-09T18:42:52.842+0000] {processor.py:830} INFO - Processing file /home/airflow/.local/lib/python3.12/site-packages/airflow/example_dags/tutorial.py for tasks to queue
[2025-08-09T18:42:52.845+0000] {logging_mixin.py:188} INFO - [2025-08-09T18:42:52.844+0000] {dagbag.py:540} INFO - Filling up the DagBag from /home/airflow/.local/lib/python3.12/site-packages/airflow/example_dags/tutorial.py
[2025-08-09T18:42:52.853+0000] {processor.py:840} INFO - DAG(s) 'tutorial' retrieved from /home/airflow/.local/lib/python3.12/site-packages/airflow/example_dags/tutorial.py
[2025-08-09T18:42:52.903+0000] {logging_mixin.py:188} INFO - [2025-08-09T18:42:52.902+0000] {dag.py:3096} INFO - Sync 1 DAGs
[2025-08-09T18:42:52.955+0000] {logging_mixin.py:188} INFO - [2025-08-09T18:42:52.955+0000] {dag.py:3954} INFO - Setting next_dagrun for tutorial to 2025-08-08 00:00:00+00:00, run_after=2025-08-09 00:00:00+00:00
[2025-08-09T18:42:53.009+0000] {processor.py:183} INFO - Processing /home/airflow/.local/lib/python3.12/site-packages/airflow/example_dags/tutorial.py took 0.179 seconds
[2025-08-09T18:43:23.850+0000] {processor.py:161} INFO - Started process (PID=1954) to work on /home/airflow/.local/lib/python3.12/site-packages/airflow/example_dags/tutorial.py
[2025-08-09T18:43:23.851+0000] {processor.py:830} INFO - Processing file /home/airflow/.local/lib/python3.12/site-packages/airflow/example_dags/tutorial.py for tasks to queue
[2025-08-09T18:43:23.854+0000] {logging_mixin.py:188} INFO - [2025-08-09T18:43:23.853+0000] {dagbag.py:540} INFO - Filling up the DagBag from /home/airflow/.local/lib/python3.12/site-packages/airflow/example_dags/tutorial.py
[2025-08-09T18:43:23.861+0000] {processor.py:840} INFO - DAG(s) 'tutorial' retrieved from /home/airflow/.local/lib/python3.12/site-packages/airflow/example_dags/tutorial.py
[2025-08-09T18:43:23.885+0000] {logging_mixin.py:188} INFO - [2025-08-09T18:43:23.885+0000] {dag.py:3096} INFO - Sync 1 DAGs
[2025-08-09T18:43:23.913+0000] {logging_mixin.py:188} INFO - [2025-08-09T18:43:23.913+0000] {dag.py:3954} INFO - Setting next_dagrun for tutorial to 2025-08-08 00:00:00+00:00, run_after=2025-08-09 00:00:00+00:00
[2025-08-09T18:43:23.939+0000] {processor.py:183} INFO - Processing /home/airflow/.local/lib/python3.12/site-packages/airflow/example_dags/tutorial.py took 0.097 seconds
[2025-08-09T18:43:54.446+0000] {processor.py:161} INFO - Started process (PID=2013) to work on /home/airflow/.local/lib/python3.12/site-packages/airflow/example_dags/tutorial.py
[2025-08-09T18:43:54.448+0000] {processor.py:830} INFO - Processing file /home/airflow/.local/lib/python3.12/site-packages/airflow/example_dags/tutorial.py for tasks to queue
[2025-08-09T18:43:54.451+0000] {logging_mixin.py:188} INFO - [2025-08-09T18:43:54.450+0000] {dagbag.py:540} INFO - Filling up the DagBag from /home/airflow/.local/lib/python3.12/site-packages/airflow/example_dags/tutorial.py
[2025-08-09T18:43:54.460+0000] {processor.py:840} INFO - DAG(s) 'tutorial' retrieved from /home/airflow/.local/lib/python3.12/site-packages/airflow/example_dags/tutorial.py
[2025-08-09T18:43:54.497+0000] {logging_mixin.py:188} INFO - [2025-08-09T18:43:54.497+0000] {dag.py:3096} INFO - Sync 1 DAGs
[2025-08-09T18:43:54.551+0000] {logging_mixin.py:188} INFO - [2025-08-09T18:43:54.550+0000] {dag.py:3954} INFO - Setting next_dagrun for tutorial to 2025-08-08 00:00:00+00:00, run_after=2025-08-09 00:00:00+00:00
[2025-08-09T18:43:54.591+0000] {processor.py:183} INFO - Processing /home/airflow/.local/lib/python3.12/site-packages/airflow/example_dags/tutorial.py took 0.153 seconds
[2025-08-09T18:44:24.775+0000] {processor.py:161} INFO - Started process (PID=2072) to work on /home/airflow/.local/lib/python3.12/site-packages/airflow/example_dags/tutorial.py
[2025-08-09T18:44:24.776+0000] {processor.py:830} INFO - Processing file /home/airflow/.local/lib/python3.12/site-packages/airflow/example_dags/tutorial.py for tasks to queue
[2025-08-09T18:44:24.779+0000] {logging_mixin.py:188} INFO - [2025-08-09T18:44:24.778+0000] {dagbag.py:540} INFO - Filling up the DagBag from /home/airflow/.local/lib/python3.12/site-packages/airflow/example_dags/tutorial.py
[2025-08-09T18:44:24.787+0000] {processor.py:840} INFO - DAG(s) 'tutorial' retrieved from /home/airflow/.local/lib/python3.12/site-packages/airflow/example_dags/tutorial.py
[2025-08-09T18:44:24.815+0000] {logging_mixin.py:188} INFO - [2025-08-09T18:44:24.815+0000] {dag.py:3096} INFO - Sync 1 DAGs
[2025-08-09T18:44:24.843+0000] {logging_mixin.py:188} INFO - [2025-08-09T18:44:24.843+0000] {dag.py:3954} INFO - Setting next_dagrun for tutorial to 2025-08-08 00:00:00+00:00, run_after=2025-08-09 00:00:00+00:00
[2025-08-09T18:44:24.868+0000] {processor.py:183} INFO - Processing /home/airflow/.local/lib/python3.12/site-packages/airflow/example_dags/tutorial.py took 0.101 seconds
[2025-08-09T18:44:55.895+0000] {processor.py:161} INFO - Started process (PID=2131) to work on /home/airflow/.local/lib/python3.12/site-packages/airflow/example_dags/tutorial.py
[2025-08-09T18:44:55.896+0000] {processor.py:830} INFO - Processing file /home/airflow/.local/lib/python3.12/site-packages/airflow/example_dags/tutorial.py for tasks to queue
[2025-08-09T18:44:55.899+0000] {logging_mixin.py:188} INFO - [2025-08-09T18:44:55.898+0000] {dagbag.py:540} INFO - Filling up the DagBag from /home/airflow/.local/lib/python3.12/site-packages/airflow/example_dags/tutorial.py
[2025-08-09T18:44:55.906+0000] {processor.py:840} INFO - DAG(s) 'tutorial' retrieved from /home/airflow/.local/lib/python3.12/site-packages/airflow/example_dags/tutorial.py
[2025-08-09T18:44:55.930+0000] {logging_mixin.py:188} INFO - [2025-08-09T18:44:55.930+0000] {dag.py:3096} INFO - Sync 1 DAGs
[2025-08-09T18:44:55.958+0000] {logging_mixin.py:188} INFO - [2025-08-09T18:44:55.957+0000] {dag.py:3954} INFO - Setting next_dagrun for tutorial to 2025-08-08 00:00:00+00:00, run_after=2025-08-09 00:00:00+00:00
[2025-08-09T18:44:55.997+0000] {processor.py:183} INFO - Processing /home/airflow/.local/lib/python3.12/site-packages/airflow/example_dags/tutorial.py took 0.109 seconds
