[2025-08-09T18:21:42.343+0000] {processor.py:161} INFO - Started process (PID=68) to work on /opt/airflow/dags/kafka_stream.py
[2025-08-09T18:21:42.348+0000] {processor.py:830} INFO - Processing file /opt/airflow/dags/kafka_stream.py for tasks to queue
[2025-08-09T18:21:42.366+0000] {logging_mixin.py:188} INFO - [2025-08-09T18:21:42.365+0000] {dagbag.py:540} INFO - Filling up the DagBag from /opt/airflow/dags/kafka_stream.py
[2025-08-09T18:21:42.439+0000] {logging_mixin.py:188} INFO - [2025-08-09T18:21:42.405+0000] {dagbag.py:350} ERROR - Failed to import: /opt/airflow/dags/kafka_stream.py
Traceback (most recent call last):
  File "/home/airflow/.local/lib/python3.12/site-packages/airflow/models/dagbag.py", line 346, in parse
    loader.exec_module(new_module)
  File "<frozen importlib._bootstrap_external>", line 995, in exec_module
  File "<frozen importlib._bootstrap>", line 488, in _call_with_frames_removed
  File "/opt/airflow/dags/kafka_stream.py", line 3, in <module>
    from airflow.providers.standard.operators.python import PythonOperator
ModuleNotFoundError: No module named 'airflow.providers.standard'
[2025-08-09T18:21:42.442+0000] {processor.py:842} WARNING - No viable dags retrieved from /opt/airflow/dags/kafka_stream.py
[2025-08-09T18:21:42.690+0000] {processor.py:183} INFO - Processing /opt/airflow/dags/kafka_stream.py took 0.389 seconds
[2025-08-09T18:22:13.094+0000] {processor.py:161} INFO - Started process (PID=127) to work on /opt/airflow/dags/kafka_stream.py
[2025-08-09T18:22:13.095+0000] {processor.py:830} INFO - Processing file /opt/airflow/dags/kafka_stream.py for tasks to queue
[2025-08-09T18:22:13.100+0000] {logging_mixin.py:188} INFO - [2025-08-09T18:22:13.099+0000] {dagbag.py:540} INFO - Filling up the DagBag from /opt/airflow/dags/kafka_stream.py
[2025-08-09T18:22:13.130+0000] {logging_mixin.py:188} INFO - [2025-08-09T18:22:13.122+0000] {dagbag.py:350} ERROR - Failed to import: /opt/airflow/dags/kafka_stream.py
Traceback (most recent call last):
  File "/home/airflow/.local/lib/python3.12/site-packages/airflow/models/dagbag.py", line 346, in parse
    loader.exec_module(new_module)
  File "<frozen importlib._bootstrap_external>", line 995, in exec_module
  File "<frozen importlib._bootstrap>", line 488, in _call_with_frames_removed
  File "/opt/airflow/dags/kafka_stream.py", line 3, in <module>
    from airflow.providers.standard.operators.python import PythonOperator
ModuleNotFoundError: No module named 'airflow.providers.standard'
[2025-08-09T18:22:13.132+0000] {processor.py:842} WARNING - No viable dags retrieved from /opt/airflow/dags/kafka_stream.py
[2025-08-09T18:22:13.197+0000] {processor.py:183} INFO - Processing /opt/airflow/dags/kafka_stream.py took 0.116 seconds
[2025-08-09T18:22:43.493+0000] {processor.py:161} INFO - Started process (PID=186) to work on /opt/airflow/dags/kafka_stream.py
[2025-08-09T18:22:43.494+0000] {processor.py:830} INFO - Processing file /opt/airflow/dags/kafka_stream.py for tasks to queue
[2025-08-09T18:22:43.497+0000] {logging_mixin.py:188} INFO - [2025-08-09T18:22:43.497+0000] {dagbag.py:540} INFO - Filling up the DagBag from /opt/airflow/dags/kafka_stream.py
[2025-08-09T18:22:43.514+0000] {logging_mixin.py:188} INFO - [2025-08-09T18:22:43.511+0000] {dagbag.py:350} ERROR - Failed to import: /opt/airflow/dags/kafka_stream.py
Traceback (most recent call last):
  File "/home/airflow/.local/lib/python3.12/site-packages/airflow/models/dagbag.py", line 346, in parse
    loader.exec_module(new_module)
  File "<frozen importlib._bootstrap_external>", line 995, in exec_module
  File "<frozen importlib._bootstrap>", line 488, in _call_with_frames_removed
  File "/opt/airflow/dags/kafka_stream.py", line 3, in <module>
    from airflow.providers.standard.operators.python import PythonOperator
ModuleNotFoundError: No module named 'airflow.providers.standard'
[2025-08-09T18:22:43.516+0000] {processor.py:842} WARNING - No viable dags retrieved from /opt/airflow/dags/kafka_stream.py
[2025-08-09T18:22:43.539+0000] {processor.py:183} INFO - Processing /opt/airflow/dags/kafka_stream.py took 0.057 seconds
[2025-08-09T18:23:14.133+0000] {processor.py:161} INFO - Started process (PID=243) to work on /opt/airflow/dags/kafka_stream.py
[2025-08-09T18:23:14.134+0000] {processor.py:830} INFO - Processing file /opt/airflow/dags/kafka_stream.py for tasks to queue
[2025-08-09T18:23:14.136+0000] {logging_mixin.py:188} INFO - [2025-08-09T18:23:14.136+0000] {dagbag.py:540} INFO - Filling up the DagBag from /opt/airflow/dags/kafka_stream.py
[2025-08-09T18:23:14.153+0000] {logging_mixin.py:188} INFO - [2025-08-09T18:23:14.150+0000] {dagbag.py:350} ERROR - Failed to import: /opt/airflow/dags/kafka_stream.py
Traceback (most recent call last):
  File "/home/airflow/.local/lib/python3.12/site-packages/airflow/models/dagbag.py", line 346, in parse
    loader.exec_module(new_module)
  File "<frozen importlib._bootstrap_external>", line 995, in exec_module
  File "<frozen importlib._bootstrap>", line 488, in _call_with_frames_removed
  File "/opt/airflow/dags/kafka_stream.py", line 3, in <module>
    from airflow.providers.standard.operators.python import PythonOperator
ModuleNotFoundError: No module named 'airflow.providers.standard'
[2025-08-09T18:23:14.154+0000] {processor.py:842} WARNING - No viable dags retrieved from /opt/airflow/dags/kafka_stream.py
[2025-08-09T18:23:14.177+0000] {processor.py:183} INFO - Processing /opt/airflow/dags/kafka_stream.py took 0.052 seconds
[2025-08-09T18:23:44.795+0000] {processor.py:161} INFO - Started process (PID=302) to work on /opt/airflow/dags/kafka_stream.py
[2025-08-09T18:23:44.797+0000] {processor.py:830} INFO - Processing file /opt/airflow/dags/kafka_stream.py for tasks to queue
[2025-08-09T18:23:44.801+0000] {logging_mixin.py:188} INFO - [2025-08-09T18:23:44.800+0000] {dagbag.py:540} INFO - Filling up the DagBag from /opt/airflow/dags/kafka_stream.py
[2025-08-09T18:23:44.830+0000] {logging_mixin.py:188} INFO - [2025-08-09T18:23:44.822+0000] {dagbag.py:350} ERROR - Failed to import: /opt/airflow/dags/kafka_stream.py
Traceback (most recent call last):
  File "/home/airflow/.local/lib/python3.12/site-packages/airflow/models/dagbag.py", line 346, in parse
    loader.exec_module(new_module)
  File "<frozen importlib._bootstrap_external>", line 995, in exec_module
  File "<frozen importlib._bootstrap>", line 488, in _call_with_frames_removed
  File "/opt/airflow/dags/kafka_stream.py", line 3, in <module>
    from airflow.providers.standard.operators.python import PythonOperator
ModuleNotFoundError: No module named 'airflow.providers.standard'
[2025-08-09T18:23:44.833+0000] {processor.py:842} WARNING - No viable dags retrieved from /opt/airflow/dags/kafka_stream.py
[2025-08-09T18:23:44.885+0000] {processor.py:183} INFO - Processing /opt/airflow/dags/kafka_stream.py took 0.103 seconds
[2025-08-09T18:24:15.385+0000] {processor.py:161} INFO - Started process (PID=361) to work on /opt/airflow/dags/kafka_stream.py
[2025-08-09T18:24:15.386+0000] {processor.py:830} INFO - Processing file /opt/airflow/dags/kafka_stream.py for tasks to queue
[2025-08-09T18:24:15.391+0000] {logging_mixin.py:188} INFO - [2025-08-09T18:24:15.390+0000] {dagbag.py:540} INFO - Filling up the DagBag from /opt/airflow/dags/kafka_stream.py
[2025-08-09T18:24:15.411+0000] {logging_mixin.py:188} INFO - [2025-08-09T18:24:15.406+0000] {dagbag.py:350} ERROR - Failed to import: /opt/airflow/dags/kafka_stream.py
Traceback (most recent call last):
  File "/home/airflow/.local/lib/python3.12/site-packages/airflow/models/dagbag.py", line 346, in parse
    loader.exec_module(new_module)
  File "<frozen importlib._bootstrap_external>", line 995, in exec_module
  File "<frozen importlib._bootstrap>", line 488, in _call_with_frames_removed
  File "/opt/airflow/dags/kafka_stream.py", line 3, in <module>
    from airflow.providers.standard.operators.python import PythonOperator
ModuleNotFoundError: No module named 'airflow.providers.standard'
[2025-08-09T18:24:15.412+0000] {processor.py:842} WARNING - No viable dags retrieved from /opt/airflow/dags/kafka_stream.py
[2025-08-09T18:24:15.453+0000] {processor.py:183} INFO - Processing /opt/airflow/dags/kafka_stream.py took 0.080 seconds
[2025-08-09T18:24:45.810+0000] {processor.py:161} INFO - Started process (PID=420) to work on /opt/airflow/dags/kafka_stream.py
[2025-08-09T18:24:45.811+0000] {processor.py:830} INFO - Processing file /opt/airflow/dags/kafka_stream.py for tasks to queue
[2025-08-09T18:24:45.814+0000] {logging_mixin.py:188} INFO - [2025-08-09T18:24:45.814+0000] {dagbag.py:540} INFO - Filling up the DagBag from /opt/airflow/dags/kafka_stream.py
[2025-08-09T18:24:45.832+0000] {logging_mixin.py:188} INFO - [2025-08-09T18:24:45.828+0000] {dagbag.py:350} ERROR - Failed to import: /opt/airflow/dags/kafka_stream.py
Traceback (most recent call last):
  File "/home/airflow/.local/lib/python3.12/site-packages/airflow/models/dagbag.py", line 346, in parse
    loader.exec_module(new_module)
  File "<frozen importlib._bootstrap_external>", line 995, in exec_module
  File "<frozen importlib._bootstrap>", line 488, in _call_with_frames_removed
  File "/opt/airflow/dags/kafka_stream.py", line 3, in <module>
    from airflow.providers.standard.operators.python import PythonOperator
ModuleNotFoundError: No module named 'airflow.providers.standard'
[2025-08-09T18:24:45.834+0000] {processor.py:842} WARNING - No viable dags retrieved from /opt/airflow/dags/kafka_stream.py
[2025-08-09T18:24:45.869+0000] {processor.py:183} INFO - Processing /opt/airflow/dags/kafka_stream.py took 0.068 seconds
[2025-08-09T18:25:16.108+0000] {processor.py:161} INFO - Started process (PID=479) to work on /opt/airflow/dags/kafka_stream.py
[2025-08-09T18:25:16.109+0000] {processor.py:830} INFO - Processing file /opt/airflow/dags/kafka_stream.py for tasks to queue
[2025-08-09T18:25:16.114+0000] {logging_mixin.py:188} INFO - [2025-08-09T18:25:16.113+0000] {dagbag.py:540} INFO - Filling up the DagBag from /opt/airflow/dags/kafka_stream.py
[2025-08-09T18:25:16.138+0000] {logging_mixin.py:188} INFO - [2025-08-09T18:25:16.132+0000] {dagbag.py:350} ERROR - Failed to import: /opt/airflow/dags/kafka_stream.py
Traceback (most recent call last):
  File "/home/airflow/.local/lib/python3.12/site-packages/airflow/models/dagbag.py", line 346, in parse
    loader.exec_module(new_module)
  File "<frozen importlib._bootstrap_external>", line 995, in exec_module
  File "<frozen importlib._bootstrap>", line 488, in _call_with_frames_removed
  File "/opt/airflow/dags/kafka_stream.py", line 3, in <module>
    from airflow.providers.standard.operators.python import PythonOperator
ModuleNotFoundError: No module named 'airflow.providers.standard'
[2025-08-09T18:25:16.140+0000] {processor.py:842} WARNING - No viable dags retrieved from /opt/airflow/dags/kafka_stream.py
[2025-08-09T18:25:16.169+0000] {processor.py:183} INFO - Processing /opt/airflow/dags/kafka_stream.py took 0.072 seconds
[2025-08-09T18:27:12.193+0000] {processor.py:161} INFO - Started process (PID=69) to work on /opt/airflow/dags/kafka_stream.py
[2025-08-09T18:27:12.212+0000] {processor.py:830} INFO - Processing file /opt/airflow/dags/kafka_stream.py for tasks to queue
[2025-08-09T18:27:12.243+0000] {logging_mixin.py:188} INFO - [2025-08-09T18:27:12.242+0000] {dagbag.py:540} INFO - Filling up the DagBag from /opt/airflow/dags/kafka_stream.py
[2025-08-09T18:27:12.372+0000] {logging_mixin.py:188} INFO - [2025-08-09T18:27:12.338+0000] {dagbag.py:350} ERROR - Failed to import: /opt/airflow/dags/kafka_stream.py
Traceback (most recent call last):
  File "/home/airflow/.local/lib/python3.12/site-packages/airflow/models/dagbag.py", line 346, in parse
    loader.exec_module(new_module)
  File "<frozen importlib._bootstrap_external>", line 995, in exec_module
  File "<frozen importlib._bootstrap>", line 488, in _call_with_frames_removed
  File "/opt/airflow/dags/kafka_stream.py", line 3, in <module>
    from airflow.providers.standard.operators.python import PythonOperator
ModuleNotFoundError: No module named 'airflow.providers.standard'
[2025-08-09T18:27:12.387+0000] {processor.py:842} WARNING - No viable dags retrieved from /opt/airflow/dags/kafka_stream.py
[2025-08-09T18:27:12.577+0000] {processor.py:183} INFO - Processing /opt/airflow/dags/kafka_stream.py took 0.475 seconds
[2025-08-09T18:27:42.890+0000] {processor.py:161} INFO - Started process (PID=128) to work on /opt/airflow/dags/kafka_stream.py
[2025-08-09T18:27:42.893+0000] {processor.py:830} INFO - Processing file /opt/airflow/dags/kafka_stream.py for tasks to queue
[2025-08-09T18:27:42.900+0000] {logging_mixin.py:188} INFO - [2025-08-09T18:27:42.899+0000] {dagbag.py:540} INFO - Filling up the DagBag from /opt/airflow/dags/kafka_stream.py
[2025-08-09T18:27:42.925+0000] {logging_mixin.py:188} INFO - [2025-08-09T18:27:42.919+0000] {dagbag.py:350} ERROR - Failed to import: /opt/airflow/dags/kafka_stream.py
Traceback (most recent call last):
  File "/home/airflow/.local/lib/python3.12/site-packages/airflow/models/dagbag.py", line 346, in parse
    loader.exec_module(new_module)
  File "<frozen importlib._bootstrap_external>", line 995, in exec_module
  File "<frozen importlib._bootstrap>", line 488, in _call_with_frames_removed
  File "/opt/airflow/dags/kafka_stream.py", line 3, in <module>
    from airflow.providers.standard.operators.python import PythonOperator
ModuleNotFoundError: No module named 'airflow.providers.standard'
[2025-08-09T18:27:42.928+0000] {processor.py:842} WARNING - No viable dags retrieved from /opt/airflow/dags/kafka_stream.py
[2025-08-09T18:27:42.963+0000] {processor.py:183} INFO - Processing /opt/airflow/dags/kafka_stream.py took 0.095 seconds
[2025-08-09T18:28:13.165+0000] {processor.py:161} INFO - Started process (PID=187) to work on /opt/airflow/dags/kafka_stream.py
[2025-08-09T18:28:13.167+0000] {processor.py:830} INFO - Processing file /opt/airflow/dags/kafka_stream.py for tasks to queue
[2025-08-09T18:28:13.178+0000] {logging_mixin.py:188} INFO - [2025-08-09T18:28:13.176+0000] {dagbag.py:540} INFO - Filling up the DagBag from /opt/airflow/dags/kafka_stream.py
[2025-08-09T18:28:13.210+0000] {logging_mixin.py:188} INFO - [2025-08-09T18:28:13.202+0000] {dagbag.py:350} ERROR - Failed to import: /opt/airflow/dags/kafka_stream.py
Traceback (most recent call last):
  File "/home/airflow/.local/lib/python3.12/site-packages/airflow/models/dagbag.py", line 346, in parse
    loader.exec_module(new_module)
  File "<frozen importlib._bootstrap_external>", line 995, in exec_module
  File "<frozen importlib._bootstrap>", line 488, in _call_with_frames_removed
  File "/opt/airflow/dags/kafka_stream.py", line 3, in <module>
    from airflow.providers.standard.operators.python import PythonOperator
ModuleNotFoundError: No module named 'airflow.providers.standard'
[2025-08-09T18:28:13.212+0000] {processor.py:842} WARNING - No viable dags retrieved from /opt/airflow/dags/kafka_stream.py
[2025-08-09T18:28:13.271+0000] {processor.py:183} INFO - Processing /opt/airflow/dags/kafka_stream.py took 0.132 seconds
[2025-08-09T18:28:43.453+0000] {processor.py:161} INFO - Started process (PID=247) to work on /opt/airflow/dags/kafka_stream.py
[2025-08-09T18:28:43.459+0000] {processor.py:830} INFO - Processing file /opt/airflow/dags/kafka_stream.py for tasks to queue
[2025-08-09T18:28:43.464+0000] {logging_mixin.py:188} INFO - [2025-08-09T18:28:43.463+0000] {dagbag.py:540} INFO - Filling up the DagBag from /opt/airflow/dags/kafka_stream.py
[2025-08-09T18:28:43.486+0000] {logging_mixin.py:188} INFO - [2025-08-09T18:28:43.481+0000] {dagbag.py:350} ERROR - Failed to import: /opt/airflow/dags/kafka_stream.py
Traceback (most recent call last):
  File "/home/airflow/.local/lib/python3.12/site-packages/airflow/models/dagbag.py", line 346, in parse
    loader.exec_module(new_module)
  File "<frozen importlib._bootstrap_external>", line 995, in exec_module
  File "<frozen importlib._bootstrap>", line 488, in _call_with_frames_removed
  File "/opt/airflow/dags/kafka_stream.py", line 3, in <module>
    from airflow.providers.standard.operators.python import PythonOperator
ModuleNotFoundError: No module named 'airflow.providers.standard'
[2025-08-09T18:28:43.488+0000] {processor.py:842} WARNING - No viable dags retrieved from /opt/airflow/dags/kafka_stream.py
[2025-08-09T18:28:43.529+0000] {processor.py:183} INFO - Processing /opt/airflow/dags/kafka_stream.py took 0.084 seconds
[2025-08-09T18:29:13.811+0000] {processor.py:161} INFO - Started process (PID=306) to work on /opt/airflow/dags/kafka_stream.py
[2025-08-09T18:29:13.813+0000] {processor.py:830} INFO - Processing file /opt/airflow/dags/kafka_stream.py for tasks to queue
[2025-08-09T18:29:13.815+0000] {logging_mixin.py:188} INFO - [2025-08-09T18:29:13.815+0000] {dagbag.py:540} INFO - Filling up the DagBag from /opt/airflow/dags/kafka_stream.py
[2025-08-09T18:29:13.839+0000] {logging_mixin.py:188} INFO - [2025-08-09T18:29:13.833+0000] {dagbag.py:350} ERROR - Failed to import: /opt/airflow/dags/kafka_stream.py
Traceback (most recent call last):
  File "/home/airflow/.local/lib/python3.12/site-packages/airflow/models/dagbag.py", line 346, in parse
    loader.exec_module(new_module)
  File "<frozen importlib._bootstrap_external>", line 995, in exec_module
  File "<frozen importlib._bootstrap>", line 488, in _call_with_frames_removed
  File "/opt/airflow/dags/kafka_stream.py", line 3, in <module>
    from airflow.providers.standard.operators.python import PythonOperator
ModuleNotFoundError: No module named 'airflow.providers.standard'
[2025-08-09T18:29:13.841+0000] {processor.py:842} WARNING - No viable dags retrieved from /opt/airflow/dags/kafka_stream.py
[2025-08-09T18:29:13.865+0000] {processor.py:183} INFO - Processing /opt/airflow/dags/kafka_stream.py took 0.065 seconds
[2025-08-09T18:29:44.397+0000] {processor.py:161} INFO - Started process (PID=365) to work on /opt/airflow/dags/kafka_stream.py
[2025-08-09T18:29:44.398+0000] {processor.py:830} INFO - Processing file /opt/airflow/dags/kafka_stream.py for tasks to queue
[2025-08-09T18:29:44.403+0000] {logging_mixin.py:188} INFO - [2025-08-09T18:29:44.402+0000] {dagbag.py:540} INFO - Filling up the DagBag from /opt/airflow/dags/kafka_stream.py
[2025-08-09T18:29:44.426+0000] {logging_mixin.py:188} INFO - [2025-08-09T18:29:44.420+0000] {dagbag.py:350} ERROR - Failed to import: /opt/airflow/dags/kafka_stream.py
Traceback (most recent call last):
  File "/home/airflow/.local/lib/python3.12/site-packages/airflow/models/dagbag.py", line 346, in parse
    loader.exec_module(new_module)
  File "<frozen importlib._bootstrap_external>", line 995, in exec_module
  File "<frozen importlib._bootstrap>", line 488, in _call_with_frames_removed
  File "/opt/airflow/dags/kafka_stream.py", line 3, in <module>
    from airflow.providers.standard.operators.python import PythonOperator
ModuleNotFoundError: No module named 'airflow.providers.standard'
[2025-08-09T18:29:44.428+0000] {processor.py:842} WARNING - No viable dags retrieved from /opt/airflow/dags/kafka_stream.py
[2025-08-09T18:29:44.460+0000] {processor.py:183} INFO - Processing /opt/airflow/dags/kafka_stream.py took 0.073 seconds
[2025-08-09T18:30:14.591+0000] {processor.py:161} INFO - Started process (PID=423) to work on /opt/airflow/dags/kafka_stream.py
[2025-08-09T18:30:14.592+0000] {processor.py:830} INFO - Processing file /opt/airflow/dags/kafka_stream.py for tasks to queue
[2025-08-09T18:30:14.596+0000] {logging_mixin.py:188} INFO - [2025-08-09T18:30:14.595+0000] {dagbag.py:540} INFO - Filling up the DagBag from /opt/airflow/dags/kafka_stream.py
[2025-08-09T18:30:14.621+0000] {logging_mixin.py:188} INFO - [2025-08-09T18:30:14.617+0000] {dagbag.py:350} ERROR - Failed to import: /opt/airflow/dags/kafka_stream.py
Traceback (most recent call last):
  File "/home/airflow/.local/lib/python3.12/site-packages/airflow/models/dagbag.py", line 346, in parse
    loader.exec_module(new_module)
  File "<frozen importlib._bootstrap_external>", line 995, in exec_module
  File "<frozen importlib._bootstrap>", line 488, in _call_with_frames_removed
  File "/opt/airflow/dags/kafka_stream.py", line 3, in <module>
    from airflow.providers.standard.operators.python import PythonOperator
ModuleNotFoundError: No module named 'airflow.providers.standard'
[2025-08-09T18:30:14.623+0000] {processor.py:842} WARNING - No viable dags retrieved from /opt/airflow/dags/kafka_stream.py
[2025-08-09T18:30:14.669+0000] {processor.py:183} INFO - Processing /opt/airflow/dags/kafka_stream.py took 0.091 seconds
[2025-08-09T18:30:45.275+0000] {processor.py:161} INFO - Started process (PID=482) to work on /opt/airflow/dags/kafka_stream.py
[2025-08-09T18:30:45.279+0000] {processor.py:830} INFO - Processing file /opt/airflow/dags/kafka_stream.py for tasks to queue
[2025-08-09T18:30:45.284+0000] {logging_mixin.py:188} INFO - [2025-08-09T18:30:45.283+0000] {dagbag.py:540} INFO - Filling up the DagBag from /opt/airflow/dags/kafka_stream.py
[2025-08-09T18:30:45.320+0000] {logging_mixin.py:188} INFO - [2025-08-09T18:30:45.312+0000] {dagbag.py:350} ERROR - Failed to import: /opt/airflow/dags/kafka_stream.py
Traceback (most recent call last):
  File "/home/airflow/.local/lib/python3.12/site-packages/airflow/models/dagbag.py", line 346, in parse
    loader.exec_module(new_module)
  File "<frozen importlib._bootstrap_external>", line 995, in exec_module
  File "<frozen importlib._bootstrap>", line 488, in _call_with_frames_removed
  File "/opt/airflow/dags/kafka_stream.py", line 3, in <module>
    from airflow.providers.standard.operators.python import PythonOperator
ModuleNotFoundError: No module named 'airflow.providers.standard'
[2025-08-09T18:30:45.323+0000] {processor.py:842} WARNING - No viable dags retrieved from /opt/airflow/dags/kafka_stream.py
[2025-08-09T18:30:45.355+0000] {processor.py:183} INFO - Processing /opt/airflow/dags/kafka_stream.py took 0.099 seconds
[2025-08-09T18:31:15.440+0000] {processor.py:161} INFO - Started process (PID=541) to work on /opt/airflow/dags/kafka_stream.py
[2025-08-09T18:31:15.441+0000] {processor.py:830} INFO - Processing file /opt/airflow/dags/kafka_stream.py for tasks to queue
[2025-08-09T18:31:15.445+0000] {logging_mixin.py:188} INFO - [2025-08-09T18:31:15.444+0000] {dagbag.py:540} INFO - Filling up the DagBag from /opt/airflow/dags/kafka_stream.py
[2025-08-09T18:31:15.471+0000] {logging_mixin.py:188} INFO - [2025-08-09T18:31:15.465+0000] {dagbag.py:350} ERROR - Failed to import: /opt/airflow/dags/kafka_stream.py
Traceback (most recent call last):
  File "/home/airflow/.local/lib/python3.12/site-packages/airflow/models/dagbag.py", line 346, in parse
    loader.exec_module(new_module)
  File "<frozen importlib._bootstrap_external>", line 995, in exec_module
  File "<frozen importlib._bootstrap>", line 488, in _call_with_frames_removed
  File "/opt/airflow/dags/kafka_stream.py", line 3, in <module>
    from airflow.providers.standard.operators.python import PythonOperator
ModuleNotFoundError: No module named 'airflow.providers.standard'
[2025-08-09T18:31:15.473+0000] {processor.py:842} WARNING - No viable dags retrieved from /opt/airflow/dags/kafka_stream.py
[2025-08-09T18:31:15.500+0000] {processor.py:183} INFO - Processing /opt/airflow/dags/kafka_stream.py took 0.069 seconds
[2025-08-09T18:31:46.470+0000] {processor.py:161} INFO - Started process (PID=600) to work on /opt/airflow/dags/kafka_stream.py
[2025-08-09T18:31:46.471+0000] {processor.py:830} INFO - Processing file /opt/airflow/dags/kafka_stream.py for tasks to queue
[2025-08-09T18:31:46.478+0000] {logging_mixin.py:188} INFO - [2025-08-09T18:31:46.477+0000] {dagbag.py:540} INFO - Filling up the DagBag from /opt/airflow/dags/kafka_stream.py
[2025-08-09T18:31:46.516+0000] {logging_mixin.py:188} INFO - [2025-08-09T18:31:46.505+0000] {dagbag.py:350} ERROR - Failed to import: /opt/airflow/dags/kafka_stream.py
Traceback (most recent call last):
  File "/home/airflow/.local/lib/python3.12/site-packages/airflow/models/dagbag.py", line 346, in parse
    loader.exec_module(new_module)
  File "<frozen importlib._bootstrap_external>", line 995, in exec_module
  File "<frozen importlib._bootstrap>", line 488, in _call_with_frames_removed
  File "/opt/airflow/dags/kafka_stream.py", line 3, in <module>
    from airflow.providers.standard.operators.python import PythonOperator
ModuleNotFoundError: No module named 'airflow.providers.standard'
[2025-08-09T18:31:46.520+0000] {processor.py:842} WARNING - No viable dags retrieved from /opt/airflow/dags/kafka_stream.py
[2025-08-09T18:31:46.577+0000] {processor.py:183} INFO - Processing /opt/airflow/dags/kafka_stream.py took 0.123 seconds
[2025-08-09T18:32:16.821+0000] {processor.py:161} INFO - Started process (PID=660) to work on /opt/airflow/dags/kafka_stream.py
[2025-08-09T18:32:16.822+0000] {processor.py:830} INFO - Processing file /opt/airflow/dags/kafka_stream.py for tasks to queue
[2025-08-09T18:32:16.825+0000] {logging_mixin.py:188} INFO - [2025-08-09T18:32:16.824+0000] {dagbag.py:540} INFO - Filling up the DagBag from /opt/airflow/dags/kafka_stream.py
[2025-08-09T18:32:16.843+0000] {logging_mixin.py:188} INFO - [2025-08-09T18:32:16.839+0000] {dagbag.py:350} ERROR - Failed to import: /opt/airflow/dags/kafka_stream.py
Traceback (most recent call last):
  File "/home/airflow/.local/lib/python3.12/site-packages/airflow/models/dagbag.py", line 346, in parse
    loader.exec_module(new_module)
  File "<frozen importlib._bootstrap_external>", line 995, in exec_module
  File "<frozen importlib._bootstrap>", line 488, in _call_with_frames_removed
  File "/opt/airflow/dags/kafka_stream.py", line 3, in <module>
    from airflow.providers.standard.operators.python import PythonOperator
ModuleNotFoundError: No module named 'airflow.providers.standard'
[2025-08-09T18:32:16.844+0000] {processor.py:842} WARNING - No viable dags retrieved from /opt/airflow/dags/kafka_stream.py
[2025-08-09T18:32:16.877+0000] {processor.py:183} INFO - Processing /opt/airflow/dags/kafka_stream.py took 0.065 seconds
[2025-08-09T18:32:47.257+0000] {processor.py:161} INFO - Started process (PID=719) to work on /opt/airflow/dags/kafka_stream.py
[2025-08-09T18:32:47.258+0000] {processor.py:830} INFO - Processing file /opt/airflow/dags/kafka_stream.py for tasks to queue
[2025-08-09T18:32:47.261+0000] {logging_mixin.py:188} INFO - [2025-08-09T18:32:47.261+0000] {dagbag.py:540} INFO - Filling up the DagBag from /opt/airflow/dags/kafka_stream.py
[2025-08-09T18:32:47.280+0000] {logging_mixin.py:188} INFO - [2025-08-09T18:32:47.277+0000] {dagbag.py:350} ERROR - Failed to import: /opt/airflow/dags/kafka_stream.py
Traceback (most recent call last):
  File "/home/airflow/.local/lib/python3.12/site-packages/airflow/models/dagbag.py", line 346, in parse
    loader.exec_module(new_module)
  File "<frozen importlib._bootstrap_external>", line 995, in exec_module
  File "<frozen importlib._bootstrap>", line 488, in _call_with_frames_removed
  File "/opt/airflow/dags/kafka_stream.py", line 3, in <module>
    from airflow.providers.standard.operators.python import PythonOperator
ModuleNotFoundError: No module named 'airflow.providers.standard'
[2025-08-09T18:32:47.282+0000] {processor.py:842} WARNING - No viable dags retrieved from /opt/airflow/dags/kafka_stream.py
[2025-08-09T18:32:47.308+0000] {processor.py:183} INFO - Processing /opt/airflow/dags/kafka_stream.py took 0.068 seconds
[2025-08-09T18:33:18.206+0000] {processor.py:161} INFO - Started process (PID=778) to work on /opt/airflow/dags/kafka_stream.py
[2025-08-09T18:33:18.207+0000] {processor.py:830} INFO - Processing file /opt/airflow/dags/kafka_stream.py for tasks to queue
[2025-08-09T18:33:18.209+0000] {logging_mixin.py:188} INFO - [2025-08-09T18:33:18.209+0000] {dagbag.py:540} INFO - Filling up the DagBag from /opt/airflow/dags/kafka_stream.py
[2025-08-09T18:33:18.235+0000] {logging_mixin.py:188} INFO - [2025-08-09T18:33:18.229+0000] {dagbag.py:350} ERROR - Failed to import: /opt/airflow/dags/kafka_stream.py
Traceback (most recent call last):
  File "/home/airflow/.local/lib/python3.12/site-packages/airflow/models/dagbag.py", line 346, in parse
    loader.exec_module(new_module)
  File "<frozen importlib._bootstrap_external>", line 995, in exec_module
  File "<frozen importlib._bootstrap>", line 488, in _call_with_frames_removed
  File "/opt/airflow/dags/kafka_stream.py", line 3, in <module>
    from airflow.providers.standard.operators.python import PythonOperator
ModuleNotFoundError: No module named 'airflow.providers.standard'
[2025-08-09T18:33:18.237+0000] {processor.py:842} WARNING - No viable dags retrieved from /opt/airflow/dags/kafka_stream.py
[2025-08-09T18:33:18.259+0000] {processor.py:183} INFO - Processing /opt/airflow/dags/kafka_stream.py took 0.061 seconds
[2025-08-09T18:33:48.755+0000] {processor.py:161} INFO - Started process (PID=837) to work on /opt/airflow/dags/kafka_stream.py
[2025-08-09T18:33:48.757+0000] {processor.py:830} INFO - Processing file /opt/airflow/dags/kafka_stream.py for tasks to queue
[2025-08-09T18:33:48.762+0000] {logging_mixin.py:188} INFO - [2025-08-09T18:33:48.761+0000] {dagbag.py:540} INFO - Filling up the DagBag from /opt/airflow/dags/kafka_stream.py
[2025-08-09T18:33:48.794+0000] {logging_mixin.py:188} INFO - [2025-08-09T18:33:48.787+0000] {dagbag.py:350} ERROR - Failed to import: /opt/airflow/dags/kafka_stream.py
Traceback (most recent call last):
  File "/home/airflow/.local/lib/python3.12/site-packages/airflow/models/dagbag.py", line 346, in parse
    loader.exec_module(new_module)
  File "<frozen importlib._bootstrap_external>", line 995, in exec_module
  File "<frozen importlib._bootstrap>", line 488, in _call_with_frames_removed
  File "/opt/airflow/dags/kafka_stream.py", line 3, in <module>
    from airflow.providers.standard.operators.python import PythonOperator
ModuleNotFoundError: No module named 'airflow.providers.standard'
[2025-08-09T18:33:48.797+0000] {processor.py:842} WARNING - No viable dags retrieved from /opt/airflow/dags/kafka_stream.py
[2025-08-09T18:33:48.836+0000] {processor.py:183} INFO - Processing /opt/airflow/dags/kafka_stream.py took 0.100 seconds
[2025-08-09T18:33:49.805+0000] {processor.py:161} INFO - Started process (PID=838) to work on /opt/airflow/dags/kafka_stream.py
[2025-08-09T18:33:49.806+0000] {processor.py:830} INFO - Processing file /opt/airflow/dags/kafka_stream.py for tasks to queue
[2025-08-09T18:33:49.809+0000] {logging_mixin.py:188} INFO - [2025-08-09T18:33:49.809+0000] {dagbag.py:540} INFO - Filling up the DagBag from /opt/airflow/dags/kafka_stream.py
[2025-08-09T18:33:49.839+0000] {processor.py:840} INFO - DAG(s) 'user_automation' retrieved from /opt/airflow/dags/kafka_stream.py
[2025-08-09T18:33:50.159+0000] {logging_mixin.py:188} INFO - [2025-08-09T18:33:50.158+0000] {override.py:1829} INFO - Created Permission View: can delete on DAG:user_automation
[2025-08-09T18:33:50.171+0000] {logging_mixin.py:188} INFO - [2025-08-09T18:33:50.171+0000] {override.py:1829} INFO - Created Permission View: can edit on DAG:user_automation
[2025-08-09T18:33:50.179+0000] {logging_mixin.py:188} INFO - [2025-08-09T18:33:50.179+0000] {override.py:1829} INFO - Created Permission View: can read on DAG:user_automation
[2025-08-09T18:33:50.180+0000] {logging_mixin.py:188} INFO - [2025-08-09T18:33:50.180+0000] {dag.py:3096} INFO - Sync 1 DAGs
[2025-08-09T18:33:50.193+0000] {logging_mixin.py:188} INFO - [2025-08-09T18:33:50.193+0000] {dag.py:3118} INFO - Creating ORM DAG for user_automation
[2025-08-09T18:33:50.205+0000] {logging_mixin.py:188} INFO - [2025-08-09T18:33:50.205+0000] {dag.py:3954} INFO - Setting next_dagrun for user_automation to 2025-08-11 00:00:00+00:00, run_after=2025-08-12 00:00:00+00:00
[2025-08-09T18:33:50.231+0000] {processor.py:183} INFO - Processing /opt/airflow/dags/kafka_stream.py took 0.435 seconds
[2025-08-09T18:34:20.616+0000] {processor.py:161} INFO - Started process (PID=897) to work on /opt/airflow/dags/kafka_stream.py
[2025-08-09T18:34:20.617+0000] {processor.py:830} INFO - Processing file /opt/airflow/dags/kafka_stream.py for tasks to queue
[2025-08-09T18:34:20.621+0000] {logging_mixin.py:188} INFO - [2025-08-09T18:34:20.620+0000] {dagbag.py:540} INFO - Filling up the DagBag from /opt/airflow/dags/kafka_stream.py
[2025-08-09T18:34:20.641+0000] {processor.py:840} INFO - DAG(s) 'user_automation' retrieved from /opt/airflow/dags/kafka_stream.py
[2025-08-09T18:34:20.662+0000] {logging_mixin.py:188} INFO - [2025-08-09T18:34:20.662+0000] {dag.py:3096} INFO - Sync 1 DAGs
[2025-08-09T18:34:20.690+0000] {logging_mixin.py:188} INFO - [2025-08-09T18:34:20.689+0000] {dag.py:3954} INFO - Setting next_dagrun for user_automation to 2025-08-11 00:00:00+00:00, run_after=2025-08-12 00:00:00+00:00
[2025-08-09T18:34:20.714+0000] {processor.py:183} INFO - Processing /opt/airflow/dags/kafka_stream.py took 0.107 seconds
[2025-08-09T18:34:51.096+0000] {processor.py:161} INFO - Started process (PID=956) to work on /opt/airflow/dags/kafka_stream.py
[2025-08-09T18:34:51.098+0000] {processor.py:830} INFO - Processing file /opt/airflow/dags/kafka_stream.py for tasks to queue
[2025-08-09T18:34:51.101+0000] {logging_mixin.py:188} INFO - [2025-08-09T18:34:51.100+0000] {dagbag.py:540} INFO - Filling up the DagBag from /opt/airflow/dags/kafka_stream.py
[2025-08-09T18:34:51.134+0000] {processor.py:840} INFO - DAG(s) 'user_automation' retrieved from /opt/airflow/dags/kafka_stream.py
[2025-08-09T18:34:51.182+0000] {logging_mixin.py:188} INFO - [2025-08-09T18:34:51.182+0000] {dag.py:3096} INFO - Sync 1 DAGs
[2025-08-09T18:34:51.216+0000] {logging_mixin.py:188} INFO - [2025-08-09T18:34:51.216+0000] {dag.py:3954} INFO - Setting next_dagrun for user_automation to 2025-08-11 00:00:00+00:00, run_after=2025-08-12 00:00:00+00:00
[2025-08-09T18:34:51.244+0000] {processor.py:183} INFO - Processing /opt/airflow/dags/kafka_stream.py took 0.161 seconds
[2025-08-09T18:35:21.684+0000] {processor.py:161} INFO - Started process (PID=1015) to work on /opt/airflow/dags/kafka_stream.py
[2025-08-09T18:35:21.685+0000] {processor.py:830} INFO - Processing file /opt/airflow/dags/kafka_stream.py for tasks to queue
[2025-08-09T18:35:21.687+0000] {logging_mixin.py:188} INFO - [2025-08-09T18:35:21.687+0000] {dagbag.py:540} INFO - Filling up the DagBag from /opt/airflow/dags/kafka_stream.py
[2025-08-09T18:35:21.705+0000] {processor.py:840} INFO - DAG(s) 'user_automation' retrieved from /opt/airflow/dags/kafka_stream.py
[2025-08-09T18:35:21.738+0000] {logging_mixin.py:188} INFO - [2025-08-09T18:35:21.738+0000] {dag.py:3096} INFO - Sync 1 DAGs
[2025-08-09T18:35:21.977+0000] {logging_mixin.py:188} INFO - [2025-08-09T18:35:21.977+0000] {dag.py:3954} INFO - Setting next_dagrun for user_automation to 2025-08-11 00:00:00+00:00, run_after=2025-08-12 00:00:00+00:00
[2025-08-09T18:35:22.015+0000] {processor.py:183} INFO - Processing /opt/airflow/dags/kafka_stream.py took 0.338 seconds
[2025-08-09T18:35:52.113+0000] {processor.py:161} INFO - Started process (PID=1074) to work on /opt/airflow/dags/kafka_stream.py
[2025-08-09T18:35:52.115+0000] {processor.py:830} INFO - Processing file /opt/airflow/dags/kafka_stream.py for tasks to queue
[2025-08-09T18:35:52.119+0000] {logging_mixin.py:188} INFO - [2025-08-09T18:35:52.118+0000] {dagbag.py:540} INFO - Filling up the DagBag from /opt/airflow/dags/kafka_stream.py
[2025-08-09T18:35:52.146+0000] {processor.py:840} INFO - DAG(s) 'user_automation' retrieved from /opt/airflow/dags/kafka_stream.py
[2025-08-09T18:35:52.176+0000] {logging_mixin.py:188} INFO - [2025-08-09T18:35:52.175+0000] {dag.py:3096} INFO - Sync 1 DAGs
[2025-08-09T18:35:52.218+0000] {logging_mixin.py:188} INFO - [2025-08-09T18:35:52.218+0000] {dag.py:3954} INFO - Setting next_dagrun for user_automation to 2025-08-11 00:00:00+00:00, run_after=2025-08-12 00:00:00+00:00
[2025-08-09T18:35:52.260+0000] {processor.py:183} INFO - Processing /opt/airflow/dags/kafka_stream.py took 0.158 seconds
[2025-08-09T18:36:22.616+0000] {processor.py:161} INFO - Started process (PID=1133) to work on /opt/airflow/dags/kafka_stream.py
[2025-08-09T18:36:22.617+0000] {processor.py:830} INFO - Processing file /opt/airflow/dags/kafka_stream.py for tasks to queue
[2025-08-09T18:36:22.620+0000] {logging_mixin.py:188} INFO - [2025-08-09T18:36:22.619+0000] {dagbag.py:540} INFO - Filling up the DagBag from /opt/airflow/dags/kafka_stream.py
[2025-08-09T18:36:22.641+0000] {processor.py:840} INFO - DAG(s) 'user_automation' retrieved from /opt/airflow/dags/kafka_stream.py
[2025-08-09T18:36:22.665+0000] {logging_mixin.py:188} INFO - [2025-08-09T18:36:22.664+0000] {dag.py:3096} INFO - Sync 1 DAGs
[2025-08-09T18:36:22.701+0000] {logging_mixin.py:188} INFO - [2025-08-09T18:36:22.701+0000] {dag.py:3954} INFO - Setting next_dagrun for user_automation to 2025-08-11 00:00:00+00:00, run_after=2025-08-12 00:00:00+00:00
[2025-08-09T18:36:22.731+0000] {processor.py:183} INFO - Processing /opt/airflow/dags/kafka_stream.py took 0.124 seconds
[2025-08-09T18:36:53.012+0000] {processor.py:161} INFO - Started process (PID=1192) to work on /opt/airflow/dags/kafka_stream.py
[2025-08-09T18:36:53.014+0000] {processor.py:830} INFO - Processing file /opt/airflow/dags/kafka_stream.py for tasks to queue
[2025-08-09T18:36:53.016+0000] {logging_mixin.py:188} INFO - [2025-08-09T18:36:53.015+0000] {dagbag.py:540} INFO - Filling up the DagBag from /opt/airflow/dags/kafka_stream.py
[2025-08-09T18:36:53.034+0000] {processor.py:840} INFO - DAG(s) 'user_automation' retrieved from /opt/airflow/dags/kafka_stream.py
[2025-08-09T18:36:53.057+0000] {logging_mixin.py:188} INFO - [2025-08-09T18:36:53.056+0000] {dag.py:3096} INFO - Sync 1 DAGs
[2025-08-09T18:36:53.087+0000] {logging_mixin.py:188} INFO - [2025-08-09T18:36:53.087+0000] {dag.py:3954} INFO - Setting next_dagrun for user_automation to 2025-08-11 00:00:00+00:00, run_after=2025-08-12 00:00:00+00:00
[2025-08-09T18:36:53.125+0000] {processor.py:183} INFO - Processing /opt/airflow/dags/kafka_stream.py took 0.120 seconds
[2025-08-09T18:37:23.584+0000] {processor.py:161} INFO - Started process (PID=1251) to work on /opt/airflow/dags/kafka_stream.py
[2025-08-09T18:37:23.586+0000] {processor.py:830} INFO - Processing file /opt/airflow/dags/kafka_stream.py for tasks to queue
[2025-08-09T18:37:23.593+0000] {logging_mixin.py:188} INFO - [2025-08-09T18:37:23.592+0000] {dagbag.py:540} INFO - Filling up the DagBag from /opt/airflow/dags/kafka_stream.py
[2025-08-09T18:37:23.622+0000] {processor.py:840} INFO - DAG(s) 'user_automation' retrieved from /opt/airflow/dags/kafka_stream.py
[2025-08-09T18:37:23.675+0000] {logging_mixin.py:188} INFO - [2025-08-09T18:37:23.674+0000] {dag.py:3096} INFO - Sync 1 DAGs
[2025-08-09T18:37:23.770+0000] {logging_mixin.py:188} INFO - [2025-08-09T18:37:23.769+0000] {dag.py:3954} INFO - Setting next_dagrun for user_automation to 2025-08-11 00:00:00+00:00, run_after=2025-08-12 00:00:00+00:00
[2025-08-09T18:37:23.836+0000] {processor.py:183} INFO - Processing /opt/airflow/dags/kafka_stream.py took 0.265 seconds
[2025-08-09T18:37:53.929+0000] {processor.py:161} INFO - Started process (PID=1310) to work on /opt/airflow/dags/kafka_stream.py
[2025-08-09T18:37:53.930+0000] {processor.py:830} INFO - Processing file /opt/airflow/dags/kafka_stream.py for tasks to queue
[2025-08-09T18:37:53.933+0000] {logging_mixin.py:188} INFO - [2025-08-09T18:37:53.932+0000] {dagbag.py:540} INFO - Filling up the DagBag from /opt/airflow/dags/kafka_stream.py
[2025-08-09T18:37:53.953+0000] {processor.py:840} INFO - DAG(s) 'user_automation' retrieved from /opt/airflow/dags/kafka_stream.py
[2025-08-09T18:37:53.977+0000] {logging_mixin.py:188} INFO - [2025-08-09T18:37:53.977+0000] {dag.py:3096} INFO - Sync 1 DAGs
[2025-08-09T18:37:54.005+0000] {logging_mixin.py:188} INFO - [2025-08-09T18:37:54.005+0000] {dag.py:3954} INFO - Setting next_dagrun for user_automation to 2025-08-11 00:00:00+00:00, run_after=2025-08-12 00:00:00+00:00
[2025-08-09T18:37:54.029+0000] {processor.py:183} INFO - Processing /opt/airflow/dags/kafka_stream.py took 0.108 seconds
[2025-08-09T18:38:24.353+0000] {processor.py:161} INFO - Started process (PID=1369) to work on /opt/airflow/dags/kafka_stream.py
[2025-08-09T18:38:24.354+0000] {processor.py:830} INFO - Processing file /opt/airflow/dags/kafka_stream.py for tasks to queue
[2025-08-09T18:38:24.357+0000] {logging_mixin.py:188} INFO - [2025-08-09T18:38:24.356+0000] {dagbag.py:540} INFO - Filling up the DagBag from /opt/airflow/dags/kafka_stream.py
[2025-08-09T18:38:24.377+0000] {processor.py:840} INFO - DAG(s) 'user_automation' retrieved from /opt/airflow/dags/kafka_stream.py
[2025-08-09T18:38:24.400+0000] {logging_mixin.py:188} INFO - [2025-08-09T18:38:24.399+0000] {dag.py:3096} INFO - Sync 1 DAGs
[2025-08-09T18:38:24.434+0000] {logging_mixin.py:188} INFO - [2025-08-09T18:38:24.433+0000] {dag.py:3954} INFO - Setting next_dagrun for user_automation to 2025-08-11 00:00:00+00:00, run_after=2025-08-12 00:00:00+00:00
[2025-08-09T18:38:24.470+0000] {processor.py:183} INFO - Processing /opt/airflow/dags/kafka_stream.py took 0.125 seconds
[2025-08-09T18:38:55.086+0000] {processor.py:161} INFO - Started process (PID=1428) to work on /opt/airflow/dags/kafka_stream.py
[2025-08-09T18:38:55.088+0000] {processor.py:830} INFO - Processing file /opt/airflow/dags/kafka_stream.py for tasks to queue
[2025-08-09T18:38:55.090+0000] {logging_mixin.py:188} INFO - [2025-08-09T18:38:55.089+0000] {dagbag.py:540} INFO - Filling up the DagBag from /opt/airflow/dags/kafka_stream.py
[2025-08-09T18:38:55.108+0000] {processor.py:840} INFO - DAG(s) 'user_automation' retrieved from /opt/airflow/dags/kafka_stream.py
[2025-08-09T18:38:55.129+0000] {logging_mixin.py:188} INFO - [2025-08-09T18:38:55.129+0000] {dag.py:3096} INFO - Sync 1 DAGs
[2025-08-09T18:38:55.157+0000] {logging_mixin.py:188} INFO - [2025-08-09T18:38:55.157+0000] {dag.py:3954} INFO - Setting next_dagrun for user_automation to 2025-08-11 00:00:00+00:00, run_after=2025-08-12 00:00:00+00:00
[2025-08-09T18:38:55.181+0000] {processor.py:183} INFO - Processing /opt/airflow/dags/kafka_stream.py took 0.101 seconds
[2025-08-09T18:39:25.843+0000] {processor.py:161} INFO - Started process (PID=1487) to work on /opt/airflow/dags/kafka_stream.py
[2025-08-09T18:39:25.845+0000] {processor.py:830} INFO - Processing file /opt/airflow/dags/kafka_stream.py for tasks to queue
[2025-08-09T18:39:25.847+0000] {logging_mixin.py:188} INFO - [2025-08-09T18:39:25.847+0000] {dagbag.py:540} INFO - Filling up the DagBag from /opt/airflow/dags/kafka_stream.py
[2025-08-09T18:39:25.866+0000] {processor.py:840} INFO - DAG(s) 'user_automation' retrieved from /opt/airflow/dags/kafka_stream.py
[2025-08-09T18:39:25.901+0000] {logging_mixin.py:188} INFO - [2025-08-09T18:39:25.901+0000] {dag.py:3096} INFO - Sync 1 DAGs
[2025-08-09T18:39:25.948+0000] {logging_mixin.py:188} INFO - [2025-08-09T18:39:25.948+0000] {dag.py:3954} INFO - Setting next_dagrun for user_automation to 2025-08-11 00:00:00+00:00, run_after=2025-08-12 00:00:00+00:00
[2025-08-09T18:39:25.987+0000] {processor.py:183} INFO - Processing /opt/airflow/dags/kafka_stream.py took 0.151 seconds
[2025-08-09T18:39:56.650+0000] {processor.py:161} INFO - Started process (PID=1546) to work on /opt/airflow/dags/kafka_stream.py
[2025-08-09T18:39:56.652+0000] {processor.py:830} INFO - Processing file /opt/airflow/dags/kafka_stream.py for tasks to queue
[2025-08-09T18:39:56.655+0000] {logging_mixin.py:188} INFO - [2025-08-09T18:39:56.654+0000] {dagbag.py:540} INFO - Filling up the DagBag from /opt/airflow/dags/kafka_stream.py
[2025-08-09T18:39:56.678+0000] {processor.py:840} INFO - DAG(s) 'user_automation' retrieved from /opt/airflow/dags/kafka_stream.py
[2025-08-09T18:39:56.727+0000] {logging_mixin.py:188} INFO - [2025-08-09T18:39:56.727+0000] {dag.py:3096} INFO - Sync 1 DAGs
[2025-08-09T18:39:56.770+0000] {logging_mixin.py:188} INFO - [2025-08-09T18:39:56.769+0000] {dag.py:3954} INFO - Setting next_dagrun for user_automation to 2025-08-11 00:00:00+00:00, run_after=2025-08-12 00:00:00+00:00
[2025-08-09T18:39:56.805+0000] {processor.py:183} INFO - Processing /opt/airflow/dags/kafka_stream.py took 0.165 seconds
[2025-08-09T18:40:27.031+0000] {processor.py:161} INFO - Started process (PID=1605) to work on /opt/airflow/dags/kafka_stream.py
[2025-08-09T18:40:27.033+0000] {processor.py:830} INFO - Processing file /opt/airflow/dags/kafka_stream.py for tasks to queue
[2025-08-09T18:40:27.037+0000] {logging_mixin.py:188} INFO - [2025-08-09T18:40:27.036+0000] {dagbag.py:540} INFO - Filling up the DagBag from /opt/airflow/dags/kafka_stream.py
[2025-08-09T18:40:27.065+0000] {processor.py:840} INFO - DAG(s) 'user_automation' retrieved from /opt/airflow/dags/kafka_stream.py
[2025-08-09T18:40:27.093+0000] {logging_mixin.py:188} INFO - [2025-08-09T18:40:27.093+0000] {dag.py:3096} INFO - Sync 1 DAGs
[2025-08-09T18:40:27.123+0000] {logging_mixin.py:188} INFO - [2025-08-09T18:40:27.123+0000] {dag.py:3954} INFO - Setting next_dagrun for user_automation to 2025-08-11 00:00:00+00:00, run_after=2025-08-12 00:00:00+00:00
[2025-08-09T18:40:27.152+0000] {processor.py:183} INFO - Processing /opt/airflow/dags/kafka_stream.py took 0.132 seconds
[2025-08-09T18:40:57.897+0000] {processor.py:161} INFO - Started process (PID=1664) to work on /opt/airflow/dags/kafka_stream.py
[2025-08-09T18:40:57.899+0000] {processor.py:830} INFO - Processing file /opt/airflow/dags/kafka_stream.py for tasks to queue
[2025-08-09T18:40:57.902+0000] {logging_mixin.py:188} INFO - [2025-08-09T18:40:57.901+0000] {dagbag.py:540} INFO - Filling up the DagBag from /opt/airflow/dags/kafka_stream.py
[2025-08-09T18:40:57.925+0000] {processor.py:840} INFO - DAG(s) 'user_automation' retrieved from /opt/airflow/dags/kafka_stream.py
[2025-08-09T18:40:57.958+0000] {logging_mixin.py:188} INFO - [2025-08-09T18:40:57.957+0000] {dag.py:3096} INFO - Sync 1 DAGs
[2025-08-09T18:40:57.995+0000] {logging_mixin.py:188} INFO - [2025-08-09T18:40:57.995+0000] {dag.py:3954} INFO - Setting next_dagrun for user_automation to 2025-08-11 00:00:00+00:00, run_after=2025-08-12 00:00:00+00:00
[2025-08-09T18:40:58.024+0000] {processor.py:183} INFO - Processing /opt/airflow/dags/kafka_stream.py took 0.142 seconds
[2025-08-09T18:41:28.099+0000] {processor.py:161} INFO - Started process (PID=1724) to work on /opt/airflow/dags/kafka_stream.py
[2025-08-09T18:41:28.100+0000] {processor.py:830} INFO - Processing file /opt/airflow/dags/kafka_stream.py for tasks to queue
[2025-08-09T18:41:28.105+0000] {logging_mixin.py:188} INFO - [2025-08-09T18:41:28.104+0000] {dagbag.py:540} INFO - Filling up the DagBag from /opt/airflow/dags/kafka_stream.py
[2025-08-09T18:41:28.128+0000] {processor.py:840} INFO - DAG(s) 'user_automation' retrieved from /opt/airflow/dags/kafka_stream.py
[2025-08-09T18:41:28.159+0000] {logging_mixin.py:188} INFO - [2025-08-09T18:41:28.159+0000] {dag.py:3096} INFO - Sync 1 DAGs
[2025-08-09T18:41:28.197+0000] {logging_mixin.py:188} INFO - [2025-08-09T18:41:28.196+0000] {dag.py:3954} INFO - Setting next_dagrun for user_automation to 2025-08-11 00:00:00+00:00, run_after=2025-08-12 00:00:00+00:00
[2025-08-09T18:41:28.228+0000] {processor.py:183} INFO - Processing /opt/airflow/dags/kafka_stream.py took 0.137 seconds
[2025-08-09T18:41:58.367+0000] {processor.py:161} INFO - Started process (PID=1783) to work on /opt/airflow/dags/kafka_stream.py
[2025-08-09T18:41:58.368+0000] {processor.py:830} INFO - Processing file /opt/airflow/dags/kafka_stream.py for tasks to queue
[2025-08-09T18:41:58.371+0000] {logging_mixin.py:188} INFO - [2025-08-09T18:41:58.371+0000] {dagbag.py:540} INFO - Filling up the DagBag from /opt/airflow/dags/kafka_stream.py
[2025-08-09T18:41:58.402+0000] {processor.py:840} INFO - DAG(s) 'user_automation' retrieved from /opt/airflow/dags/kafka_stream.py
[2025-08-09T18:41:58.425+0000] {logging_mixin.py:188} INFO - [2025-08-09T18:41:58.424+0000] {dag.py:3096} INFO - Sync 1 DAGs
[2025-08-09T18:41:58.453+0000] {logging_mixin.py:188} INFO - [2025-08-09T18:41:58.453+0000] {dag.py:3954} INFO - Setting next_dagrun for user_automation to 2025-08-11 00:00:00+00:00, run_after=2025-08-12 00:00:00+00:00
[2025-08-09T18:41:58.488+0000] {processor.py:183} INFO - Processing /opt/airflow/dags/kafka_stream.py took 0.129 seconds
[2025-08-09T18:42:28.976+0000] {processor.py:161} INFO - Started process (PID=1842) to work on /opt/airflow/dags/kafka_stream.py
[2025-08-09T18:42:28.978+0000] {processor.py:830} INFO - Processing file /opt/airflow/dags/kafka_stream.py for tasks to queue
[2025-08-09T18:42:28.982+0000] {logging_mixin.py:188} INFO - [2025-08-09T18:42:28.982+0000] {dagbag.py:540} INFO - Filling up the DagBag from /opt/airflow/dags/kafka_stream.py
[2025-08-09T18:42:29.014+0000] {processor.py:840} INFO - DAG(s) 'user_automation' retrieved from /opt/airflow/dags/kafka_stream.py
[2025-08-09T18:42:29.044+0000] {logging_mixin.py:188} INFO - [2025-08-09T18:42:29.044+0000] {dag.py:3096} INFO - Sync 1 DAGs
[2025-08-09T18:42:29.082+0000] {logging_mixin.py:188} INFO - [2025-08-09T18:42:29.082+0000] {dag.py:3954} INFO - Setting next_dagrun for user_automation to 2025-08-11 00:00:00+00:00, run_after=2025-08-12 00:00:00+00:00
[2025-08-09T18:42:29.114+0000] {processor.py:183} INFO - Processing /opt/airflow/dags/kafka_stream.py took 0.148 seconds
[2025-08-09T18:42:59.403+0000] {processor.py:161} INFO - Started process (PID=1901) to work on /opt/airflow/dags/kafka_stream.py
[2025-08-09T18:42:59.404+0000] {processor.py:830} INFO - Processing file /opt/airflow/dags/kafka_stream.py for tasks to queue
[2025-08-09T18:42:59.407+0000] {logging_mixin.py:188} INFO - [2025-08-09T18:42:59.407+0000] {dagbag.py:540} INFO - Filling up the DagBag from /opt/airflow/dags/kafka_stream.py
[2025-08-09T18:42:59.430+0000] {processor.py:840} INFO - DAG(s) 'user_automation' retrieved from /opt/airflow/dags/kafka_stream.py
[2025-08-09T18:42:59.455+0000] {logging_mixin.py:188} INFO - [2025-08-09T18:42:59.455+0000] {dag.py:3096} INFO - Sync 1 DAGs
[2025-08-09T18:42:59.486+0000] {logging_mixin.py:188} INFO - [2025-08-09T18:42:59.486+0000] {dag.py:3954} INFO - Setting next_dagrun for user_automation to 2025-08-11 00:00:00+00:00, run_after=2025-08-12 00:00:00+00:00
[2025-08-09T18:42:59.512+0000] {processor.py:183} INFO - Processing /opt/airflow/dags/kafka_stream.py took 0.121 seconds
[2025-08-09T18:43:30.212+0000] {processor.py:161} INFO - Started process (PID=1960) to work on /opt/airflow/dags/kafka_stream.py
[2025-08-09T18:43:30.214+0000] {processor.py:830} INFO - Processing file /opt/airflow/dags/kafka_stream.py for tasks to queue
[2025-08-09T18:43:30.216+0000] {logging_mixin.py:188} INFO - [2025-08-09T18:43:30.216+0000] {dagbag.py:540} INFO - Filling up the DagBag from /opt/airflow/dags/kafka_stream.py
[2025-08-09T18:43:30.238+0000] {processor.py:840} INFO - DAG(s) 'user_automation' retrieved from /opt/airflow/dags/kafka_stream.py
[2025-08-09T18:43:30.270+0000] {logging_mixin.py:188} INFO - [2025-08-09T18:43:30.269+0000] {dag.py:3096} INFO - Sync 1 DAGs
[2025-08-09T18:43:30.300+0000] {logging_mixin.py:188} INFO - [2025-08-09T18:43:30.300+0000] {dag.py:3954} INFO - Setting next_dagrun for user_automation to 2025-08-11 00:00:00+00:00, run_after=2025-08-12 00:00:00+00:00
[2025-08-09T18:43:30.324+0000] {processor.py:183} INFO - Processing /opt/airflow/dags/kafka_stream.py took 0.124 seconds
[2025-08-09T18:44:00.843+0000] {processor.py:161} INFO - Started process (PID=2019) to work on /opt/airflow/dags/kafka_stream.py
[2025-08-09T18:44:00.844+0000] {processor.py:830} INFO - Processing file /opt/airflow/dags/kafka_stream.py for tasks to queue
[2025-08-09T18:44:00.846+0000] {logging_mixin.py:188} INFO - [2025-08-09T18:44:00.846+0000] {dagbag.py:540} INFO - Filling up the DagBag from /opt/airflow/dags/kafka_stream.py
[2025-08-09T18:44:00.864+0000] {processor.py:840} INFO - DAG(s) 'user_automation' retrieved from /opt/airflow/dags/kafka_stream.py
[2025-08-09T18:44:00.886+0000] {logging_mixin.py:188} INFO - [2025-08-09T18:44:00.886+0000] {dag.py:3096} INFO - Sync 1 DAGs
[2025-08-09T18:44:00.913+0000] {logging_mixin.py:188} INFO - [2025-08-09T18:44:00.913+0000] {dag.py:3954} INFO - Setting next_dagrun for user_automation to 2025-08-11 00:00:00+00:00, run_after=2025-08-12 00:00:00+00:00
[2025-08-09T18:44:00.948+0000] {processor.py:183} INFO - Processing /opt/airflow/dags/kafka_stream.py took 0.112 seconds
[2025-08-09T18:44:31.140+0000] {processor.py:161} INFO - Started process (PID=2078) to work on /opt/airflow/dags/kafka_stream.py
[2025-08-09T18:44:31.141+0000] {processor.py:830} INFO - Processing file /opt/airflow/dags/kafka_stream.py for tasks to queue
[2025-08-09T18:44:31.144+0000] {logging_mixin.py:188} INFO - [2025-08-09T18:44:31.144+0000] {dagbag.py:540} INFO - Filling up the DagBag from /opt/airflow/dags/kafka_stream.py
[2025-08-09T18:44:31.164+0000] {processor.py:840} INFO - DAG(s) 'user_automation' retrieved from /opt/airflow/dags/kafka_stream.py
[2025-08-09T18:44:31.188+0000] {logging_mixin.py:188} INFO - [2025-08-09T18:44:31.187+0000] {dag.py:3096} INFO - Sync 1 DAGs
[2025-08-09T18:44:31.217+0000] {logging_mixin.py:188} INFO - [2025-08-09T18:44:31.216+0000] {dag.py:3954} INFO - Setting next_dagrun for user_automation to 2025-08-11 00:00:00+00:00, run_after=2025-08-12 00:00:00+00:00
[2025-08-09T18:44:31.253+0000] {processor.py:183} INFO - Processing /opt/airflow/dags/kafka_stream.py took 0.120 seconds
[2025-08-09T18:45:01.472+0000] {processor.py:161} INFO - Started process (PID=2137) to work on /opt/airflow/dags/kafka_stream.py
[2025-08-09T18:45:01.474+0000] {processor.py:830} INFO - Processing file /opt/airflow/dags/kafka_stream.py for tasks to queue
[2025-08-09T18:45:01.476+0000] {logging_mixin.py:188} INFO - [2025-08-09T18:45:01.476+0000] {dagbag.py:540} INFO - Filling up the DagBag from /opt/airflow/dags/kafka_stream.py
[2025-08-09T18:45:01.501+0000] {processor.py:840} INFO - DAG(s) 'user_automation' retrieved from /opt/airflow/dags/kafka_stream.py
[2025-08-09T18:45:01.528+0000] {logging_mixin.py:188} INFO - [2025-08-09T18:45:01.528+0000] {dag.py:3096} INFO - Sync 1 DAGs
[2025-08-09T18:45:01.559+0000] {logging_mixin.py:188} INFO - [2025-08-09T18:45:01.559+0000] {dag.py:3954} INFO - Setting next_dagrun for user_automation to 2025-08-11 00:00:00+00:00, run_after=2025-08-12 00:00:00+00:00
[2025-08-09T18:45:01.594+0000] {processor.py:183} INFO - Processing /opt/airflow/dags/kafka_stream.py took 0.130 seconds
