[2025-08-20T22:51:23.462+0000] {processor.py:161} INFO - Started process (PID=182) to work on /opt/airflow/dags/kafka_stream.py
[2025-08-20T22:51:23.472+0000] {processor.py:830} INFO - Processing file /opt/airflow/dags/kafka_stream.py for tasks to queue
[2025-08-20T22:51:23.492+0000] {logging_mixin.py:188} INFO - [2025-08-20T22:51:23.483+0000] {dagbag.py:540} INFO - Filling up the DagBag from /opt/airflow/dags/kafka_stream.py
[2025-08-20T22:51:23.648+0000] {processor.py:840} INFO - DAG(s) 'user_automation' retrieved from /opt/airflow/dags/kafka_stream.py
[2025-08-20T22:51:23.845+0000] {logging_mixin.py:188} INFO - [2025-08-20T22:51:23.844+0000] {dag.py:3096} INFO - Sync 1 DAGs
[2025-08-20T22:51:23.971+0000] {logging_mixin.py:188} INFO - [2025-08-20T22:51:23.965+0000] {dag.py:3954} INFO - Setting next_dagrun for user_automation to 2025-08-19 00:00:00+00:00, run_after=2025-08-20 00:00:00+00:00
[2025-08-20T22:51:24.066+0000] {processor.py:183} INFO - Processing /opt/airflow/dags/kafka_stream.py took 0.632 seconds
[2025-08-20T22:51:54.594+0000] {processor.py:161} INFO - Started process (PID=187) to work on /opt/airflow/dags/kafka_stream.py
[2025-08-20T22:51:54.596+0000] {processor.py:830} INFO - Processing file /opt/airflow/dags/kafka_stream.py for tasks to queue
[2025-08-20T22:51:54.604+0000] {logging_mixin.py:188} INFO - [2025-08-20T22:51:54.600+0000] {dagbag.py:540} INFO - Filling up the DagBag from /opt/airflow/dags/kafka_stream.py
[2025-08-20T22:51:54.691+0000] {processor.py:840} INFO - DAG(s) 'user_automation' retrieved from /opt/airflow/dags/kafka_stream.py
[2025-08-20T22:51:55.958+0000] {logging_mixin.py:188} INFO - [2025-08-20T22:51:55.958+0000] {dag.py:3096} INFO - Sync 1 DAGs
[2025-08-20T22:51:56.090+0000] {logging_mixin.py:188} INFO - [2025-08-20T22:51:56.089+0000] {dag.py:3954} INFO - Setting next_dagrun for user_automation to 2025-08-19 00:00:00+00:00, run_after=2025-08-20 00:00:00+00:00
[2025-08-20T22:51:56.188+0000] {processor.py:183} INFO - Processing /opt/airflow/dags/kafka_stream.py took 1.609 seconds
[2025-08-20T22:52:26.805+0000] {processor.py:161} INFO - Started process (PID=192) to work on /opt/airflow/dags/kafka_stream.py
[2025-08-20T22:52:26.822+0000] {processor.py:830} INFO - Processing file /opt/airflow/dags/kafka_stream.py for tasks to queue
[2025-08-20T22:52:26.969+0000] {logging_mixin.py:188} INFO - [2025-08-20T22:52:26.939+0000] {dagbag.py:540} INFO - Filling up the DagBag from /opt/airflow/dags/kafka_stream.py
[2025-08-20T22:52:27.850+0000] {processor.py:840} INFO - DAG(s) 'user_automation' retrieved from /opt/airflow/dags/kafka_stream.py
[2025-08-20T22:52:28.333+0000] {logging_mixin.py:188} INFO - [2025-08-20T22:52:28.331+0000] {dag.py:3096} INFO - Sync 1 DAGs
[2025-08-20T22:52:28.800+0000] {logging_mixin.py:188} INFO - [2025-08-20T22:52:28.799+0000] {dag.py:3954} INFO - Setting next_dagrun for user_automation to 2025-08-19 00:00:00+00:00, run_after=2025-08-20 00:00:00+00:00
[2025-08-20T22:52:29.105+0000] {processor.py:183} INFO - Processing /opt/airflow/dags/kafka_stream.py took 2.424 seconds
[2025-08-20T22:52:59.710+0000] {processor.py:161} INFO - Started process (PID=197) to work on /opt/airflow/dags/kafka_stream.py
[2025-08-20T22:52:59.713+0000] {processor.py:830} INFO - Processing file /opt/airflow/dags/kafka_stream.py for tasks to queue
[2025-08-20T22:52:59.737+0000] {logging_mixin.py:188} INFO - [2025-08-20T22:52:59.721+0000] {dagbag.py:540} INFO - Filling up the DagBag from /opt/airflow/dags/kafka_stream.py
[2025-08-20T22:52:59.882+0000] {processor.py:840} INFO - DAG(s) 'user_automation' retrieved from /opt/airflow/dags/kafka_stream.py
[2025-08-20T22:53:00.068+0000] {logging_mixin.py:188} INFO - [2025-08-20T22:53:00.067+0000] {dag.py:3096} INFO - Sync 1 DAGs
[2025-08-20T22:53:00.165+0000] {logging_mixin.py:188} INFO - [2025-08-20T22:53:00.164+0000] {dag.py:3954} INFO - Setting next_dagrun for user_automation to 2025-08-19 00:00:00+00:00, run_after=2025-08-20 00:00:00+00:00
[2025-08-20T22:53:00.230+0000] {processor.py:183} INFO - Processing /opt/airflow/dags/kafka_stream.py took 0.558 seconds
[2025-08-20T22:53:30.505+0000] {processor.py:161} INFO - Started process (PID=202) to work on /opt/airflow/dags/kafka_stream.py
[2025-08-20T22:53:30.507+0000] {processor.py:830} INFO - Processing file /opt/airflow/dags/kafka_stream.py for tasks to queue
[2025-08-20T22:53:30.515+0000] {logging_mixin.py:188} INFO - [2025-08-20T22:53:30.514+0000] {dagbag.py:540} INFO - Filling up the DagBag from /opt/airflow/dags/kafka_stream.py
[2025-08-20T22:53:30.594+0000] {processor.py:840} INFO - DAG(s) 'user_automation' retrieved from /opt/airflow/dags/kafka_stream.py
[2025-08-20T22:53:30.730+0000] {logging_mixin.py:188} INFO - [2025-08-20T22:53:30.729+0000] {dag.py:3096} INFO - Sync 1 DAGs
[2025-08-20T22:53:30.797+0000] {logging_mixin.py:188} INFO - [2025-08-20T22:53:30.797+0000] {dag.py:3954} INFO - Setting next_dagrun for user_automation to 2025-08-19 00:00:00+00:00, run_after=2025-08-20 00:00:00+00:00
[2025-08-20T22:53:30.839+0000] {processor.py:183} INFO - Processing /opt/airflow/dags/kafka_stream.py took 0.351 seconds
[2025-08-20T22:54:01.013+0000] {processor.py:161} INFO - Started process (PID=207) to work on /opt/airflow/dags/kafka_stream.py
[2025-08-20T22:54:01.015+0000] {processor.py:830} INFO - Processing file /opt/airflow/dags/kafka_stream.py for tasks to queue
[2025-08-20T22:54:01.019+0000] {logging_mixin.py:188} INFO - [2025-08-20T22:54:01.018+0000] {dagbag.py:540} INFO - Filling up the DagBag from /opt/airflow/dags/kafka_stream.py
[2025-08-20T22:54:01.082+0000] {processor.py:840} INFO - DAG(s) 'user_automation' retrieved from /opt/airflow/dags/kafka_stream.py
[2025-08-20T22:54:01.141+0000] {logging_mixin.py:188} INFO - [2025-08-20T22:54:01.140+0000] {dag.py:3096} INFO - Sync 1 DAGs
[2025-08-20T22:54:01.197+0000] {logging_mixin.py:188} INFO - [2025-08-20T22:54:01.196+0000] {dag.py:3954} INFO - Setting next_dagrun for user_automation to 2025-08-19 00:00:00+00:00, run_after=2025-08-20 00:00:00+00:00
[2025-08-20T22:54:01.253+0000] {processor.py:183} INFO - Processing /opt/airflow/dags/kafka_stream.py took 0.255 seconds
[2025-08-20T22:54:31.540+0000] {processor.py:161} INFO - Started process (PID=212) to work on /opt/airflow/dags/kafka_stream.py
[2025-08-20T22:54:31.545+0000] {processor.py:830} INFO - Processing file /opt/airflow/dags/kafka_stream.py for tasks to queue
[2025-08-20T22:54:31.560+0000] {logging_mixin.py:188} INFO - [2025-08-20T22:54:31.558+0000] {dagbag.py:540} INFO - Filling up the DagBag from /opt/airflow/dags/kafka_stream.py
[2025-08-20T22:54:31.744+0000] {processor.py:840} INFO - DAG(s) 'user_automation' retrieved from /opt/airflow/dags/kafka_stream.py
[2025-08-20T22:54:31.882+0000] {logging_mixin.py:188} INFO - [2025-08-20T22:54:31.881+0000] {dag.py:3096} INFO - Sync 1 DAGs
[2025-08-20T22:54:32.013+0000] {logging_mixin.py:188} INFO - [2025-08-20T22:54:32.012+0000] {dag.py:3954} INFO - Setting next_dagrun for user_automation to 2025-08-19 00:00:00+00:00, run_after=2025-08-20 00:00:00+00:00
[2025-08-20T22:54:32.051+0000] {processor.py:183} INFO - Processing /opt/airflow/dags/kafka_stream.py took 0.557 seconds
[2025-08-20T22:55:02.301+0000] {processor.py:161} INFO - Started process (PID=217) to work on /opt/airflow/dags/kafka_stream.py
[2025-08-20T22:55:02.305+0000] {processor.py:830} INFO - Processing file /opt/airflow/dags/kafka_stream.py for tasks to queue
[2025-08-20T22:55:02.315+0000] {logging_mixin.py:188} INFO - [2025-08-20T22:55:02.314+0000] {dagbag.py:540} INFO - Filling up the DagBag from /opt/airflow/dags/kafka_stream.py
[2025-08-20T22:55:02.457+0000] {processor.py:840} INFO - DAG(s) 'user_automation' retrieved from /opt/airflow/dags/kafka_stream.py
[2025-08-20T22:55:02.634+0000] {logging_mixin.py:188} INFO - [2025-08-20T22:55:02.633+0000] {dag.py:3096} INFO - Sync 1 DAGs
[2025-08-20T22:55:02.765+0000] {logging_mixin.py:188} INFO - [2025-08-20T22:55:02.764+0000] {dag.py:3954} INFO - Setting next_dagrun for user_automation to 2025-08-19 00:00:00+00:00, run_after=2025-08-20 00:00:00+00:00
[2025-08-20T22:55:02.866+0000] {processor.py:183} INFO - Processing /opt/airflow/dags/kafka_stream.py took 0.596 seconds
[2025-08-20T22:55:33.090+0000] {processor.py:161} INFO - Started process (PID=222) to work on /opt/airflow/dags/kafka_stream.py
[2025-08-20T22:55:33.092+0000] {processor.py:830} INFO - Processing file /opt/airflow/dags/kafka_stream.py for tasks to queue
[2025-08-20T22:55:33.097+0000] {logging_mixin.py:188} INFO - [2025-08-20T22:55:33.096+0000] {dagbag.py:540} INFO - Filling up the DagBag from /opt/airflow/dags/kafka_stream.py
[2025-08-20T22:55:33.166+0000] {processor.py:840} INFO - DAG(s) 'user_automation' retrieved from /opt/airflow/dags/kafka_stream.py
[2025-08-20T22:55:33.249+0000] {logging_mixin.py:188} INFO - [2025-08-20T22:55:33.248+0000] {dag.py:3096} INFO - Sync 1 DAGs
[2025-08-20T22:55:33.322+0000] {logging_mixin.py:188} INFO - [2025-08-20T22:55:33.321+0000] {dag.py:3954} INFO - Setting next_dagrun for user_automation to 2025-08-19 00:00:00+00:00, run_after=2025-08-20 00:00:00+00:00
[2025-08-20T22:55:33.379+0000] {processor.py:183} INFO - Processing /opt/airflow/dags/kafka_stream.py took 0.308 seconds
[2025-08-20T22:56:03.965+0000] {processor.py:161} INFO - Started process (PID=227) to work on /opt/airflow/dags/kafka_stream.py
[2025-08-20T22:56:03.971+0000] {processor.py:830} INFO - Processing file /opt/airflow/dags/kafka_stream.py for tasks to queue
[2025-08-20T22:56:03.984+0000] {logging_mixin.py:188} INFO - [2025-08-20T22:56:03.979+0000] {dagbag.py:540} INFO - Filling up the DagBag from /opt/airflow/dags/kafka_stream.py
[2025-08-20T22:56:04.169+0000] {processor.py:840} INFO - DAG(s) 'user_automation' retrieved from /opt/airflow/dags/kafka_stream.py
[2025-08-20T22:56:04.395+0000] {logging_mixin.py:188} INFO - [2025-08-20T22:56:04.394+0000] {dag.py:3096} INFO - Sync 1 DAGs
[2025-08-20T22:56:04.553+0000] {logging_mixin.py:188} INFO - [2025-08-20T22:56:04.552+0000] {dag.py:3954} INFO - Setting next_dagrun for user_automation to 2025-08-19 00:00:00+00:00, run_after=2025-08-20 00:00:00+00:00
[2025-08-20T22:56:04.655+0000] {processor.py:183} INFO - Processing /opt/airflow/dags/kafka_stream.py took 0.724 seconds
[2025-08-20T22:56:35.548+0000] {processor.py:161} INFO - Started process (PID=232) to work on /opt/airflow/dags/kafka_stream.py
[2025-08-20T22:56:35.550+0000] {processor.py:830} INFO - Processing file /opt/airflow/dags/kafka_stream.py for tasks to queue
[2025-08-20T22:56:35.555+0000] {logging_mixin.py:188} INFO - [2025-08-20T22:56:35.554+0000] {dagbag.py:540} INFO - Filling up the DagBag from /opt/airflow/dags/kafka_stream.py
[2025-08-20T22:56:35.596+0000] {processor.py:840} INFO - DAG(s) 'user_automation' retrieved from /opt/airflow/dags/kafka_stream.py
[2025-08-20T22:56:35.696+0000] {logging_mixin.py:188} INFO - [2025-08-20T22:56:35.695+0000] {dag.py:3096} INFO - Sync 1 DAGs
[2025-08-20T22:56:35.859+0000] {logging_mixin.py:188} INFO - [2025-08-20T22:56:35.858+0000] {dag.py:3954} INFO - Setting next_dagrun for user_automation to 2025-08-19 00:00:00+00:00, run_after=2025-08-20 00:00:00+00:00
[2025-08-20T22:56:35.970+0000] {processor.py:183} INFO - Processing /opt/airflow/dags/kafka_stream.py took 0.435 seconds
[2025-08-20T22:57:06.254+0000] {processor.py:161} INFO - Started process (PID=237) to work on /opt/airflow/dags/kafka_stream.py
[2025-08-20T22:57:06.257+0000] {processor.py:830} INFO - Processing file /opt/airflow/dags/kafka_stream.py for tasks to queue
[2025-08-20T22:57:06.262+0000] {logging_mixin.py:188} INFO - [2025-08-20T22:57:06.261+0000] {dagbag.py:540} INFO - Filling up the DagBag from /opt/airflow/dags/kafka_stream.py
[2025-08-20T22:57:06.331+0000] {processor.py:840} INFO - DAG(s) 'user_automation' retrieved from /opt/airflow/dags/kafka_stream.py
[2025-08-20T22:57:06.407+0000] {logging_mixin.py:188} INFO - [2025-08-20T22:57:06.406+0000] {dag.py:3096} INFO - Sync 1 DAGs
[2025-08-20T22:57:06.470+0000] {logging_mixin.py:188} INFO - [2025-08-20T22:57:06.470+0000] {dag.py:3954} INFO - Setting next_dagrun for user_automation to 2025-08-19 00:00:00+00:00, run_after=2025-08-20 00:00:00+00:00
[2025-08-20T22:57:06.522+0000] {processor.py:183} INFO - Processing /opt/airflow/dags/kafka_stream.py took 0.304 seconds
[2025-08-20T22:57:36.995+0000] {processor.py:161} INFO - Started process (PID=242) to work on /opt/airflow/dags/kafka_stream.py
[2025-08-20T22:57:36.996+0000] {processor.py:830} INFO - Processing file /opt/airflow/dags/kafka_stream.py for tasks to queue
[2025-08-20T22:57:37.000+0000] {logging_mixin.py:188} INFO - [2025-08-20T22:57:36.999+0000] {dagbag.py:540} INFO - Filling up the DagBag from /opt/airflow/dags/kafka_stream.py
[2025-08-20T22:57:37.039+0000] {processor.py:840} INFO - DAG(s) 'user_automation' retrieved from /opt/airflow/dags/kafka_stream.py
[2025-08-20T22:57:37.095+0000] {logging_mixin.py:188} INFO - [2025-08-20T22:57:37.094+0000] {dag.py:3096} INFO - Sync 1 DAGs
[2025-08-20T22:57:37.210+0000] {logging_mixin.py:188} INFO - [2025-08-20T22:57:37.210+0000] {dag.py:3954} INFO - Setting next_dagrun for user_automation to 2025-08-19 00:00:00+00:00, run_after=2025-08-20 00:00:00+00:00
[2025-08-20T22:57:37.271+0000] {processor.py:183} INFO - Processing /opt/airflow/dags/kafka_stream.py took 0.287 seconds
[2025-08-20T22:58:07.685+0000] {processor.py:161} INFO - Started process (PID=247) to work on /opt/airflow/dags/kafka_stream.py
[2025-08-20T22:58:07.690+0000] {processor.py:830} INFO - Processing file /opt/airflow/dags/kafka_stream.py for tasks to queue
[2025-08-20T22:58:07.702+0000] {logging_mixin.py:188} INFO - [2025-08-20T22:58:07.699+0000] {dagbag.py:540} INFO - Filling up the DagBag from /opt/airflow/dags/kafka_stream.py
[2025-08-20T22:58:07.865+0000] {processor.py:840} INFO - DAG(s) 'user_automation' retrieved from /opt/airflow/dags/kafka_stream.py
[2025-08-20T22:58:07.983+0000] {logging_mixin.py:188} INFO - [2025-08-20T22:58:07.982+0000] {dag.py:3096} INFO - Sync 1 DAGs
[2025-08-20T22:58:08.307+0000] {logging_mixin.py:188} INFO - [2025-08-20T22:58:08.306+0000] {dag.py:3954} INFO - Setting next_dagrun for user_automation to 2025-08-19 00:00:00+00:00, run_after=2025-08-20 00:00:00+00:00
[2025-08-20T22:58:08.359+0000] {processor.py:183} INFO - Processing /opt/airflow/dags/kafka_stream.py took 0.709 seconds
[2025-08-20T22:58:38.918+0000] {processor.py:161} INFO - Started process (PID=252) to work on /opt/airflow/dags/kafka_stream.py
[2025-08-20T22:58:38.921+0000] {processor.py:830} INFO - Processing file /opt/airflow/dags/kafka_stream.py for tasks to queue
[2025-08-20T22:58:38.926+0000] {logging_mixin.py:188} INFO - [2025-08-20T22:58:38.925+0000] {dagbag.py:540} INFO - Filling up the DagBag from /opt/airflow/dags/kafka_stream.py
[2025-08-20T22:58:39.004+0000] {processor.py:840} INFO - DAG(s) 'user_automation' retrieved from /opt/airflow/dags/kafka_stream.py
[2025-08-20T22:58:39.055+0000] {logging_mixin.py:188} INFO - [2025-08-20T22:58:39.055+0000] {dag.py:3096} INFO - Sync 1 DAGs
[2025-08-20T22:58:39.109+0000] {logging_mixin.py:188} INFO - [2025-08-20T22:58:39.109+0000] {dag.py:3954} INFO - Setting next_dagrun for user_automation to 2025-08-19 00:00:00+00:00, run_after=2025-08-20 00:00:00+00:00
[2025-08-20T22:58:39.149+0000] {processor.py:183} INFO - Processing /opt/airflow/dags/kafka_stream.py took 0.247 seconds
[2025-08-20T22:59:09.506+0000] {processor.py:161} INFO - Started process (PID=257) to work on /opt/airflow/dags/kafka_stream.py
[2025-08-20T22:59:09.510+0000] {processor.py:830} INFO - Processing file /opt/airflow/dags/kafka_stream.py for tasks to queue
[2025-08-20T22:59:09.524+0000] {logging_mixin.py:188} INFO - [2025-08-20T22:59:09.518+0000] {dagbag.py:540} INFO - Filling up the DagBag from /opt/airflow/dags/kafka_stream.py
[2025-08-20T22:59:09.639+0000] {processor.py:840} INFO - DAG(s) 'user_automation' retrieved from /opt/airflow/dags/kafka_stream.py
[2025-08-20T22:59:09.873+0000] {logging_mixin.py:188} INFO - [2025-08-20T22:59:09.873+0000] {dag.py:3096} INFO - Sync 1 DAGs
[2025-08-20T22:59:09.923+0000] {logging_mixin.py:188} INFO - [2025-08-20T22:59:09.923+0000] {dag.py:3954} INFO - Setting next_dagrun for user_automation to 2025-08-19 00:00:00+00:00, run_after=2025-08-20 00:00:00+00:00
[2025-08-20T22:59:09.963+0000] {processor.py:183} INFO - Processing /opt/airflow/dags/kafka_stream.py took 0.498 seconds
[2025-08-20T22:59:40.207+0000] {processor.py:161} INFO - Started process (PID=262) to work on /opt/airflow/dags/kafka_stream.py
[2025-08-20T22:59:40.209+0000] {processor.py:830} INFO - Processing file /opt/airflow/dags/kafka_stream.py for tasks to queue
[2025-08-20T22:59:40.214+0000] {logging_mixin.py:188} INFO - [2025-08-20T22:59:40.213+0000] {dagbag.py:540} INFO - Filling up the DagBag from /opt/airflow/dags/kafka_stream.py
[2025-08-20T22:59:40.275+0000] {processor.py:840} INFO - DAG(s) 'user_automation' retrieved from /opt/airflow/dags/kafka_stream.py
[2025-08-20T22:59:40.344+0000] {logging_mixin.py:188} INFO - [2025-08-20T22:59:40.344+0000] {dag.py:3096} INFO - Sync 1 DAGs
[2025-08-20T22:59:40.410+0000] {logging_mixin.py:188} INFO - [2025-08-20T22:59:40.410+0000] {dag.py:3954} INFO - Setting next_dagrun for user_automation to 2025-08-19 00:00:00+00:00, run_after=2025-08-20 00:00:00+00:00
[2025-08-20T22:59:40.491+0000] {processor.py:183} INFO - Processing /opt/airflow/dags/kafka_stream.py took 0.302 seconds
[2025-08-20T23:00:11.035+0000] {processor.py:161} INFO - Started process (PID=267) to work on /opt/airflow/dags/kafka_stream.py
[2025-08-20T23:00:11.037+0000] {processor.py:830} INFO - Processing file /opt/airflow/dags/kafka_stream.py for tasks to queue
[2025-08-20T23:00:11.041+0000] {logging_mixin.py:188} INFO - [2025-08-20T23:00:11.040+0000] {dagbag.py:540} INFO - Filling up the DagBag from /opt/airflow/dags/kafka_stream.py
[2025-08-20T23:00:11.085+0000] {processor.py:840} INFO - DAG(s) 'user_automation' retrieved from /opt/airflow/dags/kafka_stream.py
[2025-08-20T23:00:11.141+0000] {logging_mixin.py:188} INFO - [2025-08-20T23:00:11.140+0000] {dag.py:3096} INFO - Sync 1 DAGs
[2025-08-20T23:00:11.202+0000] {logging_mixin.py:188} INFO - [2025-08-20T23:00:11.201+0000] {dag.py:3954} INFO - Setting next_dagrun for user_automation to 2025-08-19 00:00:00+00:00, run_after=2025-08-20 00:00:00+00:00
[2025-08-20T23:00:11.239+0000] {processor.py:183} INFO - Processing /opt/airflow/dags/kafka_stream.py took 0.217 seconds
[2025-08-20T23:00:41.734+0000] {processor.py:161} INFO - Started process (PID=272) to work on /opt/airflow/dags/kafka_stream.py
[2025-08-20T23:00:41.737+0000] {processor.py:830} INFO - Processing file /opt/airflow/dags/kafka_stream.py for tasks to queue
[2025-08-20T23:00:41.744+0000] {logging_mixin.py:188} INFO - [2025-08-20T23:00:41.743+0000] {dagbag.py:540} INFO - Filling up the DagBag from /opt/airflow/dags/kafka_stream.py
[2025-08-20T23:00:41.815+0000] {processor.py:840} INFO - DAG(s) 'user_automation' retrieved from /opt/airflow/dags/kafka_stream.py
[2025-08-20T23:00:41.884+0000] {logging_mixin.py:188} INFO - [2025-08-20T23:00:41.883+0000] {dag.py:3096} INFO - Sync 1 DAGs
[2025-08-20T23:00:41.966+0000] {logging_mixin.py:188} INFO - [2025-08-20T23:00:41.965+0000] {dag.py:3954} INFO - Setting next_dagrun for user_automation to 2025-08-19 00:00:00+00:00, run_after=2025-08-20 00:00:00+00:00
[2025-08-20T23:00:42.023+0000] {processor.py:183} INFO - Processing /opt/airflow/dags/kafka_stream.py took 0.331 seconds
[2025-08-20T23:01:12.308+0000] {processor.py:161} INFO - Started process (PID=277) to work on /opt/airflow/dags/kafka_stream.py
[2025-08-20T23:01:12.315+0000] {processor.py:830} INFO - Processing file /opt/airflow/dags/kafka_stream.py for tasks to queue
[2025-08-20T23:01:12.329+0000] {logging_mixin.py:188} INFO - [2025-08-20T23:01:12.327+0000] {dagbag.py:540} INFO - Filling up the DagBag from /opt/airflow/dags/kafka_stream.py
[2025-08-20T23:01:12.449+0000] {processor.py:840} INFO - DAG(s) 'user_automation' retrieved from /opt/airflow/dags/kafka_stream.py
[2025-08-20T23:01:12.594+0000] {logging_mixin.py:188} INFO - [2025-08-20T23:01:12.593+0000] {dag.py:3096} INFO - Sync 1 DAGs
[2025-08-20T23:01:12.718+0000] {logging_mixin.py:188} INFO - [2025-08-20T23:01:12.716+0000] {dag.py:3954} INFO - Setting next_dagrun for user_automation to 2025-08-19 00:00:00+00:00, run_after=2025-08-20 00:00:00+00:00
[2025-08-20T23:01:12.840+0000] {processor.py:183} INFO - Processing /opt/airflow/dags/kafka_stream.py took 0.564 seconds
[2025-08-20T23:01:43.200+0000] {processor.py:161} INFO - Started process (PID=282) to work on /opt/airflow/dags/kafka_stream.py
[2025-08-20T23:01:43.205+0000] {processor.py:830} INFO - Processing file /opt/airflow/dags/kafka_stream.py for tasks to queue
[2025-08-20T23:01:43.214+0000] {logging_mixin.py:188} INFO - [2025-08-20T23:01:43.212+0000] {dagbag.py:540} INFO - Filling up the DagBag from /opt/airflow/dags/kafka_stream.py
[2025-08-20T23:01:43.357+0000] {processor.py:840} INFO - DAG(s) 'user_automation' retrieved from /opt/airflow/dags/kafka_stream.py
[2025-08-20T23:01:43.511+0000] {logging_mixin.py:188} INFO - [2025-08-20T23:01:43.510+0000] {dag.py:3096} INFO - Sync 1 DAGs
[2025-08-20T23:01:43.639+0000] {logging_mixin.py:188} INFO - [2025-08-20T23:01:43.638+0000] {dag.py:3954} INFO - Setting next_dagrun for user_automation to 2025-08-19 00:00:00+00:00, run_after=2025-08-20 00:00:00+00:00
[2025-08-20T23:01:43.741+0000] {processor.py:183} INFO - Processing /opt/airflow/dags/kafka_stream.py took 0.581 seconds
[2025-08-20T23:02:14.268+0000] {processor.py:161} INFO - Started process (PID=287) to work on /opt/airflow/dags/kafka_stream.py
[2025-08-20T23:02:14.270+0000] {processor.py:830} INFO - Processing file /opt/airflow/dags/kafka_stream.py for tasks to queue
[2025-08-20T23:02:14.276+0000] {logging_mixin.py:188} INFO - [2025-08-20T23:02:14.274+0000] {dagbag.py:540} INFO - Filling up the DagBag from /opt/airflow/dags/kafka_stream.py
[2025-08-20T23:02:14.328+0000] {processor.py:840} INFO - DAG(s) 'user_automation' retrieved from /opt/airflow/dags/kafka_stream.py
[2025-08-20T23:02:14.407+0000] {logging_mixin.py:188} INFO - [2025-08-20T23:02:14.406+0000] {dag.py:3096} INFO - Sync 1 DAGs
[2025-08-20T23:02:14.477+0000] {logging_mixin.py:188} INFO - [2025-08-20T23:02:14.476+0000] {dag.py:3954} INFO - Setting next_dagrun for user_automation to 2025-08-19 00:00:00+00:00, run_after=2025-08-20 00:00:00+00:00
[2025-08-20T23:02:14.515+0000] {processor.py:183} INFO - Processing /opt/airflow/dags/kafka_stream.py took 0.262 seconds
[2025-08-20T23:02:44.967+0000] {processor.py:161} INFO - Started process (PID=292) to work on /opt/airflow/dags/kafka_stream.py
[2025-08-20T23:02:44.972+0000] {processor.py:830} INFO - Processing file /opt/airflow/dags/kafka_stream.py for tasks to queue
[2025-08-20T23:02:44.982+0000] {logging_mixin.py:188} INFO - [2025-08-20T23:02:44.980+0000] {dagbag.py:540} INFO - Filling up the DagBag from /opt/airflow/dags/kafka_stream.py
[2025-08-20T23:02:45.103+0000] {processor.py:840} INFO - DAG(s) 'user_automation' retrieved from /opt/airflow/dags/kafka_stream.py
[2025-08-20T23:02:45.174+0000] {logging_mixin.py:188} INFO - [2025-08-20T23:02:45.173+0000] {dag.py:3096} INFO - Sync 1 DAGs
[2025-08-20T23:02:45.229+0000] {logging_mixin.py:188} INFO - [2025-08-20T23:02:45.228+0000] {dag.py:3954} INFO - Setting next_dagrun for user_automation to 2025-08-19 00:00:00+00:00, run_after=2025-08-20 00:00:00+00:00
[2025-08-20T23:02:45.270+0000] {processor.py:183} INFO - Processing /opt/airflow/dags/kafka_stream.py took 0.341 seconds
[2025-08-20T23:03:15.730+0000] {processor.py:161} INFO - Started process (PID=297) to work on /opt/airflow/dags/kafka_stream.py
[2025-08-20T23:03:15.735+0000] {processor.py:830} INFO - Processing file /opt/airflow/dags/kafka_stream.py for tasks to queue
[2025-08-20T23:03:15.745+0000] {logging_mixin.py:188} INFO - [2025-08-20T23:03:15.742+0000] {dagbag.py:540} INFO - Filling up the DagBag from /opt/airflow/dags/kafka_stream.py
[2025-08-20T23:03:15.881+0000] {processor.py:840} INFO - DAG(s) 'user_automation' retrieved from /opt/airflow/dags/kafka_stream.py
[2025-08-20T23:03:16.051+0000] {logging_mixin.py:188} INFO - [2025-08-20T23:03:16.049+0000] {dag.py:3096} INFO - Sync 1 DAGs
[2025-08-20T23:03:16.192+0000] {logging_mixin.py:188} INFO - [2025-08-20T23:03:16.191+0000] {dag.py:3954} INFO - Setting next_dagrun for user_automation to 2025-08-19 00:00:00+00:00, run_after=2025-08-20 00:00:00+00:00
[2025-08-20T23:03:16.294+0000] {processor.py:183} INFO - Processing /opt/airflow/dags/kafka_stream.py took 0.595 seconds
[2025-08-20T23:03:46.929+0000] {processor.py:161} INFO - Started process (PID=302) to work on /opt/airflow/dags/kafka_stream.py
[2025-08-20T23:03:46.932+0000] {processor.py:830} INFO - Processing file /opt/airflow/dags/kafka_stream.py for tasks to queue
[2025-08-20T23:03:46.937+0000] {logging_mixin.py:188} INFO - [2025-08-20T23:03:46.936+0000] {dagbag.py:540} INFO - Filling up the DagBag from /opt/airflow/dags/kafka_stream.py
[2025-08-20T23:03:46.998+0000] {processor.py:840} INFO - DAG(s) 'user_automation' retrieved from /opt/airflow/dags/kafka_stream.py
[2025-08-20T23:03:47.087+0000] {logging_mixin.py:188} INFO - [2025-08-20T23:03:47.086+0000] {dag.py:3096} INFO - Sync 1 DAGs
[2025-08-20T23:03:47.145+0000] {logging_mixin.py:188} INFO - [2025-08-20T23:03:47.144+0000] {dag.py:3954} INFO - Setting next_dagrun for user_automation to 2025-08-19 00:00:00+00:00, run_after=2025-08-20 00:00:00+00:00
[2025-08-20T23:03:47.202+0000] {processor.py:183} INFO - Processing /opt/airflow/dags/kafka_stream.py took 0.294 seconds
[2025-08-20T23:04:17.692+0000] {processor.py:161} INFO - Started process (PID=307) to work on /opt/airflow/dags/kafka_stream.py
[2025-08-20T23:04:17.697+0000] {processor.py:830} INFO - Processing file /opt/airflow/dags/kafka_stream.py for tasks to queue
[2025-08-20T23:04:17.709+0000] {logging_mixin.py:188} INFO - [2025-08-20T23:04:17.708+0000] {dagbag.py:540} INFO - Filling up the DagBag from /opt/airflow/dags/kafka_stream.py
[2025-08-20T23:04:17.788+0000] {processor.py:840} INFO - DAG(s) 'user_automation' retrieved from /opt/airflow/dags/kafka_stream.py
[2025-08-20T23:04:17.907+0000] {logging_mixin.py:188} INFO - [2025-08-20T23:04:17.907+0000] {dag.py:3096} INFO - Sync 1 DAGs
[2025-08-20T23:04:18.040+0000] {logging_mixin.py:188} INFO - [2025-08-20T23:04:18.039+0000] {dag.py:3954} INFO - Setting next_dagrun for user_automation to 2025-08-19 00:00:00+00:00, run_after=2025-08-20 00:00:00+00:00
[2025-08-20T23:04:18.119+0000] {processor.py:183} INFO - Processing /opt/airflow/dags/kafka_stream.py took 0.475 seconds
[2025-08-20T23:04:48.522+0000] {processor.py:161} INFO - Started process (PID=312) to work on /opt/airflow/dags/kafka_stream.py
[2025-08-20T23:04:48.524+0000] {processor.py:830} INFO - Processing file /opt/airflow/dags/kafka_stream.py for tasks to queue
[2025-08-20T23:04:48.529+0000] {logging_mixin.py:188} INFO - [2025-08-20T23:04:48.528+0000] {dagbag.py:540} INFO - Filling up the DagBag from /opt/airflow/dags/kafka_stream.py
[2025-08-20T23:04:48.585+0000] {processor.py:840} INFO - DAG(s) 'user_automation' retrieved from /opt/airflow/dags/kafka_stream.py
[2025-08-20T23:04:48.669+0000] {logging_mixin.py:188} INFO - [2025-08-20T23:04:48.669+0000] {dag.py:3096} INFO - Sync 1 DAGs
[2025-08-20T23:04:48.757+0000] {logging_mixin.py:188} INFO - [2025-08-20T23:04:48.757+0000] {dag.py:3954} INFO - Setting next_dagrun for user_automation to 2025-08-19 00:00:00+00:00, run_after=2025-08-20 00:00:00+00:00
[2025-08-20T23:04:48.813+0000] {processor.py:183} INFO - Processing /opt/airflow/dags/kafka_stream.py took 0.315 seconds
[2025-08-20T23:05:19.181+0000] {processor.py:161} INFO - Started process (PID=317) to work on /opt/airflow/dags/kafka_stream.py
[2025-08-20T23:05:19.207+0000] {processor.py:830} INFO - Processing file /opt/airflow/dags/kafka_stream.py for tasks to queue
[2025-08-20T23:05:19.224+0000] {logging_mixin.py:188} INFO - [2025-08-20T23:05:19.223+0000] {dagbag.py:540} INFO - Filling up the DagBag from /opt/airflow/dags/kafka_stream.py
[2025-08-20T23:05:19.373+0000] {processor.py:840} INFO - DAG(s) 'user_automation' retrieved from /opt/airflow/dags/kafka_stream.py
[2025-08-20T23:05:19.537+0000] {logging_mixin.py:188} INFO - [2025-08-20T23:05:19.536+0000] {dag.py:3096} INFO - Sync 1 DAGs
[2025-08-20T23:05:19.694+0000] {logging_mixin.py:188} INFO - [2025-08-20T23:05:19.693+0000] {dag.py:3954} INFO - Setting next_dagrun for user_automation to 2025-08-19 00:00:00+00:00, run_after=2025-08-20 00:00:00+00:00
[2025-08-20T23:05:19.779+0000] {processor.py:183} INFO - Processing /opt/airflow/dags/kafka_stream.py took 0.654 seconds
[2025-08-20T23:05:50.334+0000] {processor.py:161} INFO - Started process (PID=322) to work on /opt/airflow/dags/kafka_stream.py
[2025-08-20T23:05:50.342+0000] {processor.py:830} INFO - Processing file /opt/airflow/dags/kafka_stream.py for tasks to queue
[2025-08-20T23:05:50.357+0000] {logging_mixin.py:188} INFO - [2025-08-20T23:05:50.352+0000] {dagbag.py:540} INFO - Filling up the DagBag from /opt/airflow/dags/kafka_stream.py
[2025-08-20T23:05:50.461+0000] {processor.py:840} INFO - DAG(s) 'user_automation' retrieved from /opt/airflow/dags/kafka_stream.py
[2025-08-20T23:05:50.574+0000] {logging_mixin.py:188} INFO - [2025-08-20T23:05:50.573+0000] {dag.py:3096} INFO - Sync 1 DAGs
[2025-08-20T23:05:50.651+0000] {logging_mixin.py:188} INFO - [2025-08-20T23:05:50.650+0000] {dag.py:3954} INFO - Setting next_dagrun for user_automation to 2025-08-19 00:00:00+00:00, run_after=2025-08-20 00:00:00+00:00
[2025-08-20T23:05:50.726+0000] {processor.py:183} INFO - Processing /opt/airflow/dags/kafka_stream.py took 0.458 seconds
[2025-08-20T23:06:21.131+0000] {processor.py:161} INFO - Started process (PID=327) to work on /opt/airflow/dags/kafka_stream.py
[2025-08-20T23:06:21.137+0000] {processor.py:830} INFO - Processing file /opt/airflow/dags/kafka_stream.py for tasks to queue
[2025-08-20T23:06:21.149+0000] {logging_mixin.py:188} INFO - [2025-08-20T23:06:21.147+0000] {dagbag.py:540} INFO - Filling up the DagBag from /opt/airflow/dags/kafka_stream.py
[2025-08-20T23:06:21.331+0000] {processor.py:840} INFO - DAG(s) 'user_automation' retrieved from /opt/airflow/dags/kafka_stream.py
[2025-08-20T23:06:21.412+0000] {logging_mixin.py:188} INFO - [2025-08-20T23:06:21.411+0000] {dag.py:3096} INFO - Sync 1 DAGs
[2025-08-20T23:06:21.457+0000] {logging_mixin.py:188} INFO - [2025-08-20T23:06:21.457+0000] {dag.py:3954} INFO - Setting next_dagrun for user_automation to 2025-08-19 00:00:00+00:00, run_after=2025-08-20 00:00:00+00:00
[2025-08-20T23:06:21.521+0000] {processor.py:183} INFO - Processing /opt/airflow/dags/kafka_stream.py took 0.436 seconds
[2025-08-20T23:06:52.103+0000] {processor.py:161} INFO - Started process (PID=332) to work on /opt/airflow/dags/kafka_stream.py
[2025-08-20T23:06:52.106+0000] {processor.py:830} INFO - Processing file /opt/airflow/dags/kafka_stream.py for tasks to queue
[2025-08-20T23:06:52.112+0000] {logging_mixin.py:188} INFO - [2025-08-20T23:06:52.111+0000] {dagbag.py:540} INFO - Filling up the DagBag from /opt/airflow/dags/kafka_stream.py
[2025-08-20T23:06:52.203+0000] {processor.py:840} INFO - DAG(s) 'user_automation' retrieved from /opt/airflow/dags/kafka_stream.py
[2025-08-20T23:06:52.777+0000] {logging_mixin.py:188} INFO - [2025-08-20T23:06:52.765+0000] {dag.py:3096} INFO - Sync 1 DAGs
[2025-08-20T23:06:52.925+0000] {logging_mixin.py:188} INFO - [2025-08-20T23:06:52.924+0000] {dag.py:3954} INFO - Setting next_dagrun for user_automation to 2025-08-19 00:00:00+00:00, run_after=2025-08-20 00:00:00+00:00
[2025-08-20T23:06:53.029+0000] {processor.py:183} INFO - Processing /opt/airflow/dags/kafka_stream.py took 0.952 seconds
[2025-08-20T23:07:23.976+0000] {processor.py:161} INFO - Started process (PID=337) to work on /opt/airflow/dags/kafka_stream.py
[2025-08-20T23:07:23.982+0000] {processor.py:830} INFO - Processing file /opt/airflow/dags/kafka_stream.py for tasks to queue
[2025-08-20T23:07:23.991+0000] {logging_mixin.py:188} INFO - [2025-08-20T23:07:23.988+0000] {dagbag.py:540} INFO - Filling up the DagBag from /opt/airflow/dags/kafka_stream.py
[2025-08-20T23:07:24.095+0000] {processor.py:840} INFO - DAG(s) 'user_automation' retrieved from /opt/airflow/dags/kafka_stream.py
[2025-08-20T23:07:24.267+0000] {logging_mixin.py:188} INFO - [2025-08-20T23:07:24.266+0000] {dag.py:3096} INFO - Sync 1 DAGs
[2025-08-20T23:07:24.479+0000] {logging_mixin.py:188} INFO - [2025-08-20T23:07:24.479+0000] {dag.py:3954} INFO - Setting next_dagrun for user_automation to 2025-08-19 00:00:00+00:00, run_after=2025-08-20 00:00:00+00:00
[2025-08-20T23:07:24.548+0000] {processor.py:183} INFO - Processing /opt/airflow/dags/kafka_stream.py took 0.608 seconds
[2025-08-20T23:07:55.575+0000] {processor.py:161} INFO - Started process (PID=342) to work on /opt/airflow/dags/kafka_stream.py
[2025-08-20T23:07:55.581+0000] {processor.py:830} INFO - Processing file /opt/airflow/dags/kafka_stream.py for tasks to queue
[2025-08-20T23:07:55.595+0000] {logging_mixin.py:188} INFO - [2025-08-20T23:07:55.589+0000] {dagbag.py:540} INFO - Filling up the DagBag from /opt/airflow/dags/kafka_stream.py
[2025-08-20T23:07:55.677+0000] {processor.py:840} INFO - DAG(s) 'user_automation' retrieved from /opt/airflow/dags/kafka_stream.py
[2025-08-20T23:07:55.857+0000] {logging_mixin.py:188} INFO - [2025-08-20T23:07:55.857+0000] {dag.py:3096} INFO - Sync 1 DAGs
[2025-08-20T23:07:55.957+0000] {logging_mixin.py:188} INFO - [2025-08-20T23:07:55.957+0000] {dag.py:3954} INFO - Setting next_dagrun for user_automation to 2025-08-19 00:00:00+00:00, run_after=2025-08-20 00:00:00+00:00
[2025-08-20T23:07:56.026+0000] {processor.py:183} INFO - Processing /opt/airflow/dags/kafka_stream.py took 0.547 seconds
[2025-08-20T23:08:26.739+0000] {processor.py:161} INFO - Started process (PID=347) to work on /opt/airflow/dags/kafka_stream.py
[2025-08-20T23:08:26.746+0000] {processor.py:830} INFO - Processing file /opt/airflow/dags/kafka_stream.py for tasks to queue
[2025-08-20T23:08:26.756+0000] {logging_mixin.py:188} INFO - [2025-08-20T23:08:26.752+0000] {dagbag.py:540} INFO - Filling up the DagBag from /opt/airflow/dags/kafka_stream.py
[2025-08-20T23:08:26.884+0000] {processor.py:840} INFO - DAG(s) 'user_automation' retrieved from /opt/airflow/dags/kafka_stream.py
[2025-08-20T23:08:27.133+0000] {logging_mixin.py:188} INFO - [2025-08-20T23:08:27.133+0000] {dag.py:3096} INFO - Sync 1 DAGs
[2025-08-20T23:08:27.247+0000] {logging_mixin.py:188} INFO - [2025-08-20T23:08:27.247+0000] {dag.py:3954} INFO - Setting next_dagrun for user_automation to 2025-08-19 00:00:00+00:00, run_after=2025-08-20 00:00:00+00:00
[2025-08-20T23:08:27.306+0000] {processor.py:183} INFO - Processing /opt/airflow/dags/kafka_stream.py took 0.605 seconds
[2025-08-20T23:08:57.520+0000] {processor.py:161} INFO - Started process (PID=352) to work on /opt/airflow/dags/kafka_stream.py
[2025-08-20T23:08:57.530+0000] {processor.py:830} INFO - Processing file /opt/airflow/dags/kafka_stream.py for tasks to queue
[2025-08-20T23:08:57.549+0000] {logging_mixin.py:188} INFO - [2025-08-20T23:08:57.541+0000] {dagbag.py:540} INFO - Filling up the DagBag from /opt/airflow/dags/kafka_stream.py
[2025-08-20T23:08:57.643+0000] {processor.py:840} INFO - DAG(s) 'user_automation' retrieved from /opt/airflow/dags/kafka_stream.py
[2025-08-20T23:08:57.796+0000] {logging_mixin.py:188} INFO - [2025-08-20T23:08:57.796+0000] {dag.py:3096} INFO - Sync 1 DAGs
[2025-08-20T23:08:57.873+0000] {logging_mixin.py:188} INFO - [2025-08-20T23:08:57.872+0000] {dag.py:3954} INFO - Setting next_dagrun for user_automation to 2025-08-19 00:00:00+00:00, run_after=2025-08-20 00:00:00+00:00
[2025-08-20T23:08:57.970+0000] {processor.py:183} INFO - Processing /opt/airflow/dags/kafka_stream.py took 0.483 seconds
[2025-08-20T23:09:28.526+0000] {processor.py:161} INFO - Started process (PID=357) to work on /opt/airflow/dags/kafka_stream.py
[2025-08-20T23:09:28.535+0000] {processor.py:830} INFO - Processing file /opt/airflow/dags/kafka_stream.py for tasks to queue
[2025-08-20T23:09:28.543+0000] {logging_mixin.py:188} INFO - [2025-08-20T23:09:28.540+0000] {dagbag.py:540} INFO - Filling up the DagBag from /opt/airflow/dags/kafka_stream.py
[2025-08-20T23:09:28.652+0000] {processor.py:840} INFO - DAG(s) 'user_automation' retrieved from /opt/airflow/dags/kafka_stream.py
[2025-08-20T23:09:28.963+0000] {logging_mixin.py:188} INFO - [2025-08-20T23:09:28.961+0000] {dag.py:3096} INFO - Sync 1 DAGs
[2025-08-20T23:09:29.057+0000] {logging_mixin.py:188} INFO - [2025-08-20T23:09:29.056+0000] {dag.py:3954} INFO - Setting next_dagrun for user_automation to 2025-08-19 00:00:00+00:00, run_after=2025-08-20 00:00:00+00:00
[2025-08-20T23:09:29.160+0000] {processor.py:183} INFO - Processing /opt/airflow/dags/kafka_stream.py took 0.675 seconds
[2025-08-20T23:09:59.638+0000] {processor.py:161} INFO - Started process (PID=362) to work on /opt/airflow/dags/kafka_stream.py
[2025-08-20T23:09:59.641+0000] {processor.py:830} INFO - Processing file /opt/airflow/dags/kafka_stream.py for tasks to queue
[2025-08-20T23:09:59.647+0000] {logging_mixin.py:188} INFO - [2025-08-20T23:09:59.644+0000] {dagbag.py:540} INFO - Filling up the DagBag from /opt/airflow/dags/kafka_stream.py
[2025-08-20T23:09:59.718+0000] {processor.py:840} INFO - DAG(s) 'user_automation' retrieved from /opt/airflow/dags/kafka_stream.py
[2025-08-20T23:09:59.902+0000] {logging_mixin.py:188} INFO - [2025-08-20T23:09:59.902+0000] {dag.py:3096} INFO - Sync 1 DAGs
[2025-08-20T23:09:59.960+0000] {logging_mixin.py:188} INFO - [2025-08-20T23:09:59.960+0000] {dag.py:3954} INFO - Setting next_dagrun for user_automation to 2025-08-19 00:00:00+00:00, run_after=2025-08-20 00:00:00+00:00
[2025-08-20T23:10:00.008+0000] {processor.py:183} INFO - Processing /opt/airflow/dags/kafka_stream.py took 0.395 seconds
[2025-08-20T23:10:30.424+0000] {processor.py:161} INFO - Started process (PID=367) to work on /opt/airflow/dags/kafka_stream.py
[2025-08-20T23:10:30.429+0000] {processor.py:830} INFO - Processing file /opt/airflow/dags/kafka_stream.py for tasks to queue
[2025-08-20T23:10:30.442+0000] {logging_mixin.py:188} INFO - [2025-08-20T23:10:30.436+0000] {dagbag.py:540} INFO - Filling up the DagBag from /opt/airflow/dags/kafka_stream.py
[2025-08-20T23:10:30.617+0000] {processor.py:840} INFO - DAG(s) 'user_automation' retrieved from /opt/airflow/dags/kafka_stream.py
[2025-08-20T23:10:30.959+0000] {logging_mixin.py:188} INFO - [2025-08-20T23:10:30.958+0000] {dag.py:3096} INFO - Sync 1 DAGs
[2025-08-20T23:10:31.135+0000] {logging_mixin.py:188} INFO - [2025-08-20T23:10:31.133+0000] {dag.py:3954} INFO - Setting next_dagrun for user_automation to 2025-08-19 00:00:00+00:00, run_after=2025-08-20 00:00:00+00:00
[2025-08-20T23:10:31.251+0000] {processor.py:183} INFO - Processing /opt/airflow/dags/kafka_stream.py took 0.868 seconds
[2025-08-20T23:11:02.219+0000] {processor.py:161} INFO - Started process (PID=372) to work on /opt/airflow/dags/kafka_stream.py
[2025-08-20T23:11:02.222+0000] {processor.py:830} INFO - Processing file /opt/airflow/dags/kafka_stream.py for tasks to queue
[2025-08-20T23:11:02.230+0000] {logging_mixin.py:188} INFO - [2025-08-20T23:11:02.227+0000] {dagbag.py:540} INFO - Filling up the DagBag from /opt/airflow/dags/kafka_stream.py
[2025-08-20T23:11:02.310+0000] {processor.py:840} INFO - DAG(s) 'user_automation' retrieved from /opt/airflow/dags/kafka_stream.py
[2025-08-20T23:11:02.534+0000] {logging_mixin.py:188} INFO - [2025-08-20T23:11:02.533+0000] {dag.py:3096} INFO - Sync 1 DAGs
[2025-08-20T23:11:02.622+0000] {logging_mixin.py:188} INFO - [2025-08-20T23:11:02.622+0000] {dag.py:3954} INFO - Setting next_dagrun for user_automation to 2025-08-19 00:00:00+00:00, run_after=2025-08-20 00:00:00+00:00
[2025-08-20T23:11:02.685+0000] {processor.py:183} INFO - Processing /opt/airflow/dags/kafka_stream.py took 0.494 seconds
[2025-08-20T23:11:33.158+0000] {processor.py:161} INFO - Started process (PID=377) to work on /opt/airflow/dags/kafka_stream.py
[2025-08-20T23:11:33.161+0000] {processor.py:830} INFO - Processing file /opt/airflow/dags/kafka_stream.py for tasks to queue
[2025-08-20T23:11:33.167+0000] {logging_mixin.py:188} INFO - [2025-08-20T23:11:33.165+0000] {dagbag.py:540} INFO - Filling up the DagBag from /opt/airflow/dags/kafka_stream.py
[2025-08-20T23:11:33.238+0000] {processor.py:840} INFO - DAG(s) 'user_automation' retrieved from /opt/airflow/dags/kafka_stream.py
[2025-08-20T23:11:33.451+0000] {logging_mixin.py:188} INFO - [2025-08-20T23:11:33.450+0000] {dag.py:3096} INFO - Sync 1 DAGs
[2025-08-20T23:11:33.507+0000] {logging_mixin.py:188} INFO - [2025-08-20T23:11:33.506+0000] {dag.py:3954} INFO - Setting next_dagrun for user_automation to 2025-08-19 00:00:00+00:00, run_after=2025-08-20 00:00:00+00:00
[2025-08-20T23:11:33.559+0000] {processor.py:183} INFO - Processing /opt/airflow/dags/kafka_stream.py took 0.425 seconds
[2025-08-20T23:12:04.818+0000] {processor.py:161} INFO - Started process (PID=383) to work on /opt/airflow/dags/kafka_stream.py
[2025-08-20T23:12:04.823+0000] {processor.py:830} INFO - Processing file /opt/airflow/dags/kafka_stream.py for tasks to queue
[2025-08-20T23:12:04.861+0000] {logging_mixin.py:188} INFO - [2025-08-20T23:12:04.857+0000] {dagbag.py:540} INFO - Filling up the DagBag from /opt/airflow/dags/kafka_stream.py
[2025-08-20T23:12:05.202+0000] {processor.py:840} INFO - DAG(s) 'user_automation' retrieved from /opt/airflow/dags/kafka_stream.py
[2025-08-20T23:12:05.583+0000] {logging_mixin.py:188} INFO - [2025-08-20T23:12:05.582+0000] {dag.py:3096} INFO - Sync 1 DAGs
[2025-08-20T23:12:05.729+0000] {logging_mixin.py:188} INFO - [2025-08-20T23:12:05.725+0000] {dag.py:3954} INFO - Setting next_dagrun for user_automation to 2025-08-20 00:00:00+00:00, run_after=2025-08-21 00:00:00+00:00
[2025-08-20T23:12:06.182+0000] {processor.py:183} INFO - Processing /opt/airflow/dags/kafka_stream.py took 1.755 seconds
[2025-08-20T23:12:37.912+0000] {processor.py:161} INFO - Started process (PID=390) to work on /opt/airflow/dags/kafka_stream.py
[2025-08-20T23:12:37.924+0000] {processor.py:830} INFO - Processing file /opt/airflow/dags/kafka_stream.py for tasks to queue
[2025-08-20T23:12:38.003+0000] {logging_mixin.py:188} INFO - [2025-08-20T23:12:37.991+0000] {dagbag.py:540} INFO - Filling up the DagBag from /opt/airflow/dags/kafka_stream.py
[2025-08-20T23:12:38.245+0000] {processor.py:840} INFO - DAG(s) 'user_automation' retrieved from /opt/airflow/dags/kafka_stream.py
[2025-08-20T23:12:38.473+0000] {logging_mixin.py:188} INFO - [2025-08-20T23:12:38.472+0000] {dag.py:3096} INFO - Sync 1 DAGs
[2025-08-20T23:12:38.804+0000] {logging_mixin.py:188} INFO - [2025-08-20T23:12:38.803+0000] {dag.py:3954} INFO - Setting next_dagrun for user_automation to 2025-08-20 00:00:00+00:00, run_after=2025-08-21 00:00:00+00:00
[2025-08-20T23:12:38.978+0000] {processor.py:183} INFO - Processing /opt/airflow/dags/kafka_stream.py took 1.454 seconds
[2025-08-20T23:13:09.400+0000] {processor.py:161} INFO - Started process (PID=395) to work on /opt/airflow/dags/kafka_stream.py
[2025-08-20T23:13:09.404+0000] {processor.py:830} INFO - Processing file /opt/airflow/dags/kafka_stream.py for tasks to queue
[2025-08-20T23:13:09.419+0000] {logging_mixin.py:188} INFO - [2025-08-20T23:13:09.415+0000] {dagbag.py:540} INFO - Filling up the DagBag from /opt/airflow/dags/kafka_stream.py
[2025-08-20T23:13:09.645+0000] {processor.py:840} INFO - DAG(s) 'user_automation' retrieved from /opt/airflow/dags/kafka_stream.py
[2025-08-20T23:13:09.839+0000] {logging_mixin.py:188} INFO - [2025-08-20T23:13:09.838+0000] {dag.py:3096} INFO - Sync 1 DAGs
[2025-08-20T23:13:09.984+0000] {logging_mixin.py:188} INFO - [2025-08-20T23:13:09.983+0000] {dag.py:3954} INFO - Setting next_dagrun for user_automation to 2025-08-20 00:00:00+00:00, run_after=2025-08-21 00:00:00+00:00
[2025-08-20T23:13:10.113+0000] {processor.py:183} INFO - Processing /opt/airflow/dags/kafka_stream.py took 0.773 seconds
[2025-08-20T23:13:42.640+0000] {processor.py:161} INFO - Started process (PID=400) to work on /opt/airflow/dags/kafka_stream.py
[2025-08-20T23:13:42.643+0000] {processor.py:830} INFO - Processing file /opt/airflow/dags/kafka_stream.py for tasks to queue
[2025-08-20T23:13:42.665+0000] {logging_mixin.py:188} INFO - [2025-08-20T23:13:42.660+0000] {dagbag.py:540} INFO - Filling up the DagBag from /opt/airflow/dags/kafka_stream.py
[2025-08-20T23:13:42.875+0000] {processor.py:840} INFO - DAG(s) 'user_automation' retrieved from /opt/airflow/dags/kafka_stream.py
[2025-08-20T23:13:43.903+0000] {logging_mixin.py:188} INFO - [2025-08-20T23:13:43.902+0000] {dag.py:3096} INFO - Sync 1 DAGs
[2025-08-20T23:13:43.974+0000] {logging_mixin.py:188} INFO - [2025-08-20T23:13:43.974+0000] {dag.py:3954} INFO - Setting next_dagrun for user_automation to 2025-08-20 00:00:00+00:00, run_after=2025-08-21 00:00:00+00:00
[2025-08-20T23:13:44.019+0000] {processor.py:183} INFO - Processing /opt/airflow/dags/kafka_stream.py took 1.483 seconds
[2025-08-20T23:14:14.540+0000] {processor.py:161} INFO - Started process (PID=405) to work on /opt/airflow/dags/kafka_stream.py
[2025-08-20T23:14:14.547+0000] {processor.py:830} INFO - Processing file /opt/airflow/dags/kafka_stream.py for tasks to queue
[2025-08-20T23:14:14.559+0000] {logging_mixin.py:188} INFO - [2025-08-20T23:14:14.556+0000] {dagbag.py:540} INFO - Filling up the DagBag from /opt/airflow/dags/kafka_stream.py
[2025-08-20T23:14:14.806+0000] {processor.py:840} INFO - DAG(s) 'user_automation' retrieved from /opt/airflow/dags/kafka_stream.py
[2025-08-20T23:14:15.359+0000] {logging_mixin.py:188} INFO - [2025-08-20T23:14:15.348+0000] {dag.py:3096} INFO - Sync 1 DAGs
[2025-08-20T23:14:15.506+0000] {logging_mixin.py:188} INFO - [2025-08-20T23:14:15.505+0000] {dag.py:3954} INFO - Setting next_dagrun for user_automation to 2025-08-20 00:00:00+00:00, run_after=2025-08-21 00:00:00+00:00
[2025-08-20T23:14:15.611+0000] {processor.py:183} INFO - Processing /opt/airflow/dags/kafka_stream.py took 1.112 seconds
[2025-08-20T23:14:46.303+0000] {processor.py:161} INFO - Started process (PID=410) to work on /opt/airflow/dags/kafka_stream.py
[2025-08-20T23:14:46.315+0000] {processor.py:830} INFO - Processing file /opt/airflow/dags/kafka_stream.py for tasks to queue
[2025-08-20T23:14:46.407+0000] {logging_mixin.py:188} INFO - [2025-08-20T23:14:46.383+0000] {dagbag.py:540} INFO - Filling up the DagBag from /opt/airflow/dags/kafka_stream.py
[2025-08-20T23:14:47.712+0000] {processor.py:840} INFO - DAG(s) 'user_automation' retrieved from /opt/airflow/dags/kafka_stream.py
[2025-08-20T23:15:19.654+0000] {processor.py:186} ERROR - Got an exception! Propagating...
Traceback (most recent call last):
  File "/home/airflow/.local/lib/python3.12/site-packages/sqlalchemy/engine/base.py", line 3371, in _wrap_pool_connect
    return fn()
           ^^^^
  File "/home/airflow/.local/lib/python3.12/site-packages/sqlalchemy/pool/base.py", line 327, in connect
    return _ConnectionFairy._checkout(self)
           ^^^^^^^^^^^^^^^^^^^^^^^^^^^^^^^^
  File "/home/airflow/.local/lib/python3.12/site-packages/sqlalchemy/pool/base.py", line 894, in _checkout
    fairy = _ConnectionRecord.checkout(pool)
            ^^^^^^^^^^^^^^^^^^^^^^^^^^^^^^^^
  File "/home/airflow/.local/lib/python3.12/site-packages/sqlalchemy/pool/base.py", line 493, in checkout
    rec = pool._do_get()
          ^^^^^^^^^^^^^^
  File "/home/airflow/.local/lib/python3.12/site-packages/sqlalchemy/pool/impl.py", line 145, in _do_get
    with util.safe_reraise():
  File "/home/airflow/.local/lib/python3.12/site-packages/sqlalchemy/util/langhelpers.py", line 70, in __exit__
    compat.raise_(
  File "/home/airflow/.local/lib/python3.12/site-packages/sqlalchemy/util/compat.py", line 211, in raise_
    raise exception
  File "/home/airflow/.local/lib/python3.12/site-packages/sqlalchemy/pool/impl.py", line 143, in _do_get
    return self._create_connection()
           ^^^^^^^^^^^^^^^^^^^^^^^^^
  File "/home/airflow/.local/lib/python3.12/site-packages/sqlalchemy/pool/base.py", line 273, in _create_connection
    return _ConnectionRecord(self)
           ^^^^^^^^^^^^^^^^^^^^^^^
  File "/home/airflow/.local/lib/python3.12/site-packages/sqlalchemy/pool/base.py", line 388, in __init__
    self.__connect()
  File "/home/airflow/.local/lib/python3.12/site-packages/sqlalchemy/pool/base.py", line 690, in __connect
    with util.safe_reraise():
  File "/home/airflow/.local/lib/python3.12/site-packages/sqlalchemy/util/langhelpers.py", line 70, in __exit__
    compat.raise_(
  File "/home/airflow/.local/lib/python3.12/site-packages/sqlalchemy/util/compat.py", line 211, in raise_
    raise exception
  File "/home/airflow/.local/lib/python3.12/site-packages/sqlalchemy/pool/base.py", line 686, in __connect
    self.dbapi_connection = connection = pool._invoke_creator(self)
                                         ^^^^^^^^^^^^^^^^^^^^^^^^^^
  File "/home/airflow/.local/lib/python3.12/site-packages/sqlalchemy/engine/create.py", line 574, in connect
    return dialect.connect(*cargs, **cparams)
           ^^^^^^^^^^^^^^^^^^^^^^^^^^^^^^^^^^
  File "/home/airflow/.local/lib/python3.12/site-packages/sqlalchemy/engine/default.py", line 598, in connect
    return self.dbapi.connect(*cargs, **cparams)
           ^^^^^^^^^^^^^^^^^^^^^^^^^^^^^^^^^^^^^
  File "/home/airflow/.local/lib/python3.12/site-packages/psycopg2/__init__.py", line 122, in connect
    conn = _connect(dsn, connection_factory=connection_factory, **kwasync)
           ^^^^^^^^^^^^^^^^^^^^^^^^^^^^^^^^^^^^^^^^^^^^^^^^^^^^^^^^^^^^^^^
psycopg2.OperationalError: could not translate host name "postgres" to address: Temporary failure in name resolution


The above exception was the direct cause of the following exception:

Traceback (most recent call last):
  File "/home/airflow/.local/lib/python3.12/site-packages/airflow/dag_processing/processor.py", line 182, in _run_file_processor
    _handle_dag_file_processing()
  File "/home/airflow/.local/lib/python3.12/site-packages/airflow/dag_processing/processor.py", line 163, in _handle_dag_file_processing
    result: tuple[int, int] = dag_file_processor.process_file(
                              ^^^^^^^^^^^^^^^^^^^^^^^^^^^^^^^^
  File "/home/airflow/.local/lib/python3.12/site-packages/airflow/utils/session.py", line 79, in wrapper
    return func(*args, session=session, **kwargs)
           ^^^^^^^^^^^^^^^^^^^^^^^^^^^^^^^^^^^^^^
  File "/home/airflow/.local/lib/python3.12/site-packages/airflow/dag_processing/processor.py", line 859, in process_file
    serialize_errors = DagFileProcessor.save_dag_to_db(
                       ^^^^^^^^^^^^^^^^^^^^^^^^^^^^^^^^
  File "/home/airflow/.local/lib/python3.12/site-packages/airflow/api_internal/internal_api_call.py", line 115, in wrapper
    return func(*args, **kwargs)
           ^^^^^^^^^^^^^^^^^^^^^
  File "/home/airflow/.local/lib/python3.12/site-packages/airflow/utils/session.py", line 79, in wrapper
    return func(*args, session=session, **kwargs)
           ^^^^^^^^^^^^^^^^^^^^^^^^^^^^^^^^^^^^^^
  File "/home/airflow/.local/lib/python3.12/site-packages/airflow/dag_processing/processor.py", line 895, in save_dag_to_db
    import_errors = DagBag._sync_to_db(dags=dags, processor_subdir=dag_directory, session=session)
                    ^^^^^^^^^^^^^^^^^^^^^^^^^^^^^^^^^^^^^^^^^^^^^^^^^^^^^^^^^^^^^^^^^^^^^^^^^^^^^^
  File "/home/airflow/.local/lib/python3.12/site-packages/airflow/utils/session.py", line 76, in wrapper
    return func(*args, **kwargs)
           ^^^^^^^^^^^^^^^^^^^^^
  File "/home/airflow/.local/lib/python3.12/site-packages/airflow/models/dagbag.py", line 659, in _sync_to_db
    for attempt in run_with_db_retries(logger=log):
  File "/home/airflow/.local/lib/python3.12/site-packages/tenacity/__init__.py", line 347, in __iter__
    do = self.iter(retry_state=retry_state)
         ^^^^^^^^^^^^^^^^^^^^^^^^^^^^^^^^^^
  File "/home/airflow/.local/lib/python3.12/site-packages/tenacity/__init__.py", line 325, in iter
    raise retry_exc.reraise()
          ^^^^^^^^^^^^^^^^^^^
  File "/home/airflow/.local/lib/python3.12/site-packages/tenacity/__init__.py", line 158, in reraise
    raise self.last_attempt.result()
          ^^^^^^^^^^^^^^^^^^^^^^^^^^
  File "/usr/local/lib/python3.12/concurrent/futures/_base.py", line 449, in result
    return self.__get_result()
           ^^^^^^^^^^^^^^^^^^^
  File "/usr/local/lib/python3.12/concurrent/futures/_base.py", line 401, in __get_result
    raise self._exception
  File "/home/airflow/.local/lib/python3.12/site-packages/airflow/models/dagbag.py", line 672, in _sync_to_db
    _serialize_dag_capturing_errors(dag, session, processor_subdir)
  File "/home/airflow/.local/lib/python3.12/site-packages/airflow/models/dagbag.py", line 637, in _serialize_dag_capturing_errors
    dag_was_updated = SerializedDagModel.write_dag(
                      ^^^^^^^^^^^^^^^^^^^^^^^^^^^^^
  File "/home/airflow/.local/lib/python3.12/site-packages/airflow/utils/session.py", line 76, in wrapper
    return func(*args, **kwargs)
           ^^^^^^^^^^^^^^^^^^^^^
  File "/home/airflow/.local/lib/python3.12/site-packages/airflow/models/serialized_dag.py", line 158, in write_dag
    if session.scalar(
       ^^^^^^^^^^^^^^^
  File "/home/airflow/.local/lib/python3.12/site-packages/sqlalchemy/orm/session.py", line 1747, in scalar
    return self.execute(
           ^^^^^^^^^^^^^
  File "/home/airflow/.local/lib/python3.12/site-packages/sqlalchemy/orm/session.py", line 1716, in execute
    conn = self._connection_for_bind(bind)
           ^^^^^^^^^^^^^^^^^^^^^^^^^^^^^^^
  File "/home/airflow/.local/lib/python3.12/site-packages/sqlalchemy/orm/session.py", line 1555, in _connection_for_bind
    return self._transaction._connection_for_bind(
           ^^^^^^^^^^^^^^^^^^^^^^^^^^^^^^^^^^^^^^^
  File "/home/airflow/.local/lib/python3.12/site-packages/sqlalchemy/orm/session.py", line 750, in _connection_for_bind
    conn = bind.connect()
           ^^^^^^^^^^^^^^
  File "/home/airflow/.local/lib/python3.12/site-packages/sqlalchemy/future/engine.py", line 412, in connect
    return super(Engine, self).connect()
           ^^^^^^^^^^^^^^^^^^^^^^^^^^^^^
  File "/home/airflow/.local/lib/python3.12/site-packages/sqlalchemy/engine/base.py", line 3325, in connect
    return self._connection_cls(self, close_with_result=close_with_result)
           ^^^^^^^^^^^^^^^^^^^^^^^^^^^^^^^^^^^^^^^^^^^^^^^^^^^^^^^^^^^^^^^
  File "/home/airflow/.local/lib/python3.12/site-packages/sqlalchemy/engine/base.py", line 96, in __init__
    else engine.raw_connection()
         ^^^^^^^^^^^^^^^^^^^^^^^
  File "/home/airflow/.local/lib/python3.12/site-packages/sqlalchemy/engine/base.py", line 3404, in raw_connection
    return self._wrap_pool_connect(self.pool.connect, _connection)
           ^^^^^^^^^^^^^^^^^^^^^^^^^^^^^^^^^^^^^^^^^^^^^^^^^^^^^^^
  File "/home/airflow/.local/lib/python3.12/site-packages/sqlalchemy/engine/base.py", line 3374, in _wrap_pool_connect
    Connection._handle_dbapi_exception_noconnection(
  File "/home/airflow/.local/lib/python3.12/site-packages/sqlalchemy/engine/base.py", line 2208, in _handle_dbapi_exception_noconnection
    util.raise_(
  File "/home/airflow/.local/lib/python3.12/site-packages/sqlalchemy/util/compat.py", line 211, in raise_
    raise exception
  File "/home/airflow/.local/lib/python3.12/site-packages/sqlalchemy/engine/base.py", line 3371, in _wrap_pool_connect
    return fn()
           ^^^^
  File "/home/airflow/.local/lib/python3.12/site-packages/sqlalchemy/pool/base.py", line 327, in connect
    return _ConnectionFairy._checkout(self)
           ^^^^^^^^^^^^^^^^^^^^^^^^^^^^^^^^
  File "/home/airflow/.local/lib/python3.12/site-packages/sqlalchemy/pool/base.py", line 894, in _checkout
    fairy = _ConnectionRecord.checkout(pool)
            ^^^^^^^^^^^^^^^^^^^^^^^^^^^^^^^^
  File "/home/airflow/.local/lib/python3.12/site-packages/sqlalchemy/pool/base.py", line 493, in checkout
    rec = pool._do_get()
          ^^^^^^^^^^^^^^
  File "/home/airflow/.local/lib/python3.12/site-packages/sqlalchemy/pool/impl.py", line 145, in _do_get
    with util.safe_reraise():
  File "/home/airflow/.local/lib/python3.12/site-packages/sqlalchemy/util/langhelpers.py", line 70, in __exit__
    compat.raise_(
  File "/home/airflow/.local/lib/python3.12/site-packages/sqlalchemy/util/compat.py", line 211, in raise_
    raise exception
  File "/home/airflow/.local/lib/python3.12/site-packages/sqlalchemy/pool/impl.py", line 143, in _do_get
    return self._create_connection()
           ^^^^^^^^^^^^^^^^^^^^^^^^^
  File "/home/airflow/.local/lib/python3.12/site-packages/sqlalchemy/pool/base.py", line 273, in _create_connection
    return _ConnectionRecord(self)
           ^^^^^^^^^^^^^^^^^^^^^^^
  File "/home/airflow/.local/lib/python3.12/site-packages/sqlalchemy/pool/base.py", line 388, in __init__
    self.__connect()
  File "/home/airflow/.local/lib/python3.12/site-packages/sqlalchemy/pool/base.py", line 690, in __connect
    with util.safe_reraise():
  File "/home/airflow/.local/lib/python3.12/site-packages/sqlalchemy/util/langhelpers.py", line 70, in __exit__
    compat.raise_(
  File "/home/airflow/.local/lib/python3.12/site-packages/sqlalchemy/util/compat.py", line 211, in raise_
    raise exception
  File "/home/airflow/.local/lib/python3.12/site-packages/sqlalchemy/pool/base.py", line 686, in __connect
    self.dbapi_connection = connection = pool._invoke_creator(self)
                                         ^^^^^^^^^^^^^^^^^^^^^^^^^^
  File "/home/airflow/.local/lib/python3.12/site-packages/sqlalchemy/engine/create.py", line 574, in connect
    return dialect.connect(*cargs, **cparams)
           ^^^^^^^^^^^^^^^^^^^^^^^^^^^^^^^^^^
  File "/home/airflow/.local/lib/python3.12/site-packages/sqlalchemy/engine/default.py", line 598, in connect
    return self.dbapi.connect(*cargs, **cparams)
           ^^^^^^^^^^^^^^^^^^^^^^^^^^^^^^^^^^^^^
  File "/home/airflow/.local/lib/python3.12/site-packages/psycopg2/__init__.py", line 122, in connect
    conn = _connect(dsn, connection_factory=connection_factory, **kwasync)
           ^^^^^^^^^^^^^^^^^^^^^^^^^^^^^^^^^^^^^^^^^^^^^^^^^^^^^^^^^^^^^^^
sqlalchemy.exc.OperationalError: (psycopg2.OperationalError) could not translate host name "postgres" to address: Temporary failure in name resolution

(Background on this error at: https://sqlalche.me/e/14/e3q8)
[2025-08-20T23:15:54.374+0000] {processor.py:161} INFO - Started process (PID=415) to work on /opt/airflow/dags/kafka_stream.py
[2025-08-20T23:15:54.461+0000] {processor.py:830} INFO - Processing file /opt/airflow/dags/kafka_stream.py for tasks to queue
[2025-08-20T23:15:54.806+0000] {logging_mixin.py:188} INFO - [2025-08-20T23:15:54.543+0000] {dagbag.py:540} INFO - Filling up the DagBag from /opt/airflow/dags/kafka_stream.py
[2025-08-20T23:15:57.868+0000] {processor.py:840} INFO - DAG(s) 'user_automation' retrieved from /opt/airflow/dags/kafka_stream.py
[2025-08-20T23:16:30.272+0000] {processor.py:186} ERROR - Got an exception! Propagating...
Traceback (most recent call last):
  File "/home/airflow/.local/lib/python3.12/site-packages/sqlalchemy/engine/base.py", line 3371, in _wrap_pool_connect
    return fn()
           ^^^^
  File "/home/airflow/.local/lib/python3.12/site-packages/sqlalchemy/pool/base.py", line 327, in connect
    return _ConnectionFairy._checkout(self)
           ^^^^^^^^^^^^^^^^^^^^^^^^^^^^^^^^
  File "/home/airflow/.local/lib/python3.12/site-packages/sqlalchemy/pool/base.py", line 894, in _checkout
    fairy = _ConnectionRecord.checkout(pool)
            ^^^^^^^^^^^^^^^^^^^^^^^^^^^^^^^^
  File "/home/airflow/.local/lib/python3.12/site-packages/sqlalchemy/pool/base.py", line 493, in checkout
    rec = pool._do_get()
          ^^^^^^^^^^^^^^
  File "/home/airflow/.local/lib/python3.12/site-packages/sqlalchemy/pool/impl.py", line 145, in _do_get
    with util.safe_reraise():
  File "/home/airflow/.local/lib/python3.12/site-packages/sqlalchemy/util/langhelpers.py", line 70, in __exit__
    compat.raise_(
  File "/home/airflow/.local/lib/python3.12/site-packages/sqlalchemy/util/compat.py", line 211, in raise_
    raise exception
  File "/home/airflow/.local/lib/python3.12/site-packages/sqlalchemy/pool/impl.py", line 143, in _do_get
    return self._create_connection()
           ^^^^^^^^^^^^^^^^^^^^^^^^^
  File "/home/airflow/.local/lib/python3.12/site-packages/sqlalchemy/pool/base.py", line 273, in _create_connection
    return _ConnectionRecord(self)
           ^^^^^^^^^^^^^^^^^^^^^^^
  File "/home/airflow/.local/lib/python3.12/site-packages/sqlalchemy/pool/base.py", line 388, in __init__
    self.__connect()
  File "/home/airflow/.local/lib/python3.12/site-packages/sqlalchemy/pool/base.py", line 690, in __connect
    with util.safe_reraise():
  File "/home/airflow/.local/lib/python3.12/site-packages/sqlalchemy/util/langhelpers.py", line 70, in __exit__
    compat.raise_(
  File "/home/airflow/.local/lib/python3.12/site-packages/sqlalchemy/util/compat.py", line 211, in raise_
    raise exception
  File "/home/airflow/.local/lib/python3.12/site-packages/sqlalchemy/pool/base.py", line 686, in __connect
    self.dbapi_connection = connection = pool._invoke_creator(self)
                                         ^^^^^^^^^^^^^^^^^^^^^^^^^^
  File "/home/airflow/.local/lib/python3.12/site-packages/sqlalchemy/engine/create.py", line 574, in connect
    return dialect.connect(*cargs, **cparams)
           ^^^^^^^^^^^^^^^^^^^^^^^^^^^^^^^^^^
  File "/home/airflow/.local/lib/python3.12/site-packages/sqlalchemy/engine/default.py", line 598, in connect
    return self.dbapi.connect(*cargs, **cparams)
           ^^^^^^^^^^^^^^^^^^^^^^^^^^^^^^^^^^^^^
  File "/home/airflow/.local/lib/python3.12/site-packages/psycopg2/__init__.py", line 122, in connect
    conn = _connect(dsn, connection_factory=connection_factory, **kwasync)
           ^^^^^^^^^^^^^^^^^^^^^^^^^^^^^^^^^^^^^^^^^^^^^^^^^^^^^^^^^^^^^^^
psycopg2.OperationalError: could not translate host name "postgres" to address: Temporary failure in name resolution


The above exception was the direct cause of the following exception:

Traceback (most recent call last):
  File "/home/airflow/.local/lib/python3.12/site-packages/airflow/dag_processing/processor.py", line 182, in _run_file_processor
    _handle_dag_file_processing()
  File "/home/airflow/.local/lib/python3.12/site-packages/airflow/dag_processing/processor.py", line 163, in _handle_dag_file_processing
    result: tuple[int, int] = dag_file_processor.process_file(
                              ^^^^^^^^^^^^^^^^^^^^^^^^^^^^^^^^
  File "/home/airflow/.local/lib/python3.12/site-packages/airflow/utils/session.py", line 79, in wrapper
    return func(*args, session=session, **kwargs)
           ^^^^^^^^^^^^^^^^^^^^^^^^^^^^^^^^^^^^^^
  File "/home/airflow/.local/lib/python3.12/site-packages/airflow/dag_processing/processor.py", line 859, in process_file
    serialize_errors = DagFileProcessor.save_dag_to_db(
                       ^^^^^^^^^^^^^^^^^^^^^^^^^^^^^^^^
  File "/home/airflow/.local/lib/python3.12/site-packages/airflow/api_internal/internal_api_call.py", line 115, in wrapper
    return func(*args, **kwargs)
           ^^^^^^^^^^^^^^^^^^^^^
  File "/home/airflow/.local/lib/python3.12/site-packages/airflow/utils/session.py", line 79, in wrapper
    return func(*args, session=session, **kwargs)
           ^^^^^^^^^^^^^^^^^^^^^^^^^^^^^^^^^^^^^^
  File "/home/airflow/.local/lib/python3.12/site-packages/airflow/dag_processing/processor.py", line 895, in save_dag_to_db
    import_errors = DagBag._sync_to_db(dags=dags, processor_subdir=dag_directory, session=session)
                    ^^^^^^^^^^^^^^^^^^^^^^^^^^^^^^^^^^^^^^^^^^^^^^^^^^^^^^^^^^^^^^^^^^^^^^^^^^^^^^
  File "/home/airflow/.local/lib/python3.12/site-packages/airflow/utils/session.py", line 76, in wrapper
    return func(*args, **kwargs)
           ^^^^^^^^^^^^^^^^^^^^^
  File "/home/airflow/.local/lib/python3.12/site-packages/airflow/models/dagbag.py", line 659, in _sync_to_db
    for attempt in run_with_db_retries(logger=log):
  File "/home/airflow/.local/lib/python3.12/site-packages/tenacity/__init__.py", line 347, in __iter__
    do = self.iter(retry_state=retry_state)
         ^^^^^^^^^^^^^^^^^^^^^^^^^^^^^^^^^^
  File "/home/airflow/.local/lib/python3.12/site-packages/tenacity/__init__.py", line 325, in iter
    raise retry_exc.reraise()
          ^^^^^^^^^^^^^^^^^^^
  File "/home/airflow/.local/lib/python3.12/site-packages/tenacity/__init__.py", line 158, in reraise
    raise self.last_attempt.result()
          ^^^^^^^^^^^^^^^^^^^^^^^^^^
  File "/usr/local/lib/python3.12/concurrent/futures/_base.py", line 449, in result
    return self.__get_result()
           ^^^^^^^^^^^^^^^^^^^
  File "/usr/local/lib/python3.12/concurrent/futures/_base.py", line 401, in __get_result
    raise self._exception
  File "/home/airflow/.local/lib/python3.12/site-packages/airflow/models/dagbag.py", line 672, in _sync_to_db
    _serialize_dag_capturing_errors(dag, session, processor_subdir)
  File "/home/airflow/.local/lib/python3.12/site-packages/airflow/models/dagbag.py", line 637, in _serialize_dag_capturing_errors
    dag_was_updated = SerializedDagModel.write_dag(
                      ^^^^^^^^^^^^^^^^^^^^^^^^^^^^^
  File "/home/airflow/.local/lib/python3.12/site-packages/airflow/utils/session.py", line 76, in wrapper
    return func(*args, **kwargs)
           ^^^^^^^^^^^^^^^^^^^^^
  File "/home/airflow/.local/lib/python3.12/site-packages/airflow/models/serialized_dag.py", line 158, in write_dag
    if session.scalar(
       ^^^^^^^^^^^^^^^
  File "/home/airflow/.local/lib/python3.12/site-packages/sqlalchemy/orm/session.py", line 1747, in scalar
    return self.execute(
           ^^^^^^^^^^^^^
  File "/home/airflow/.local/lib/python3.12/site-packages/sqlalchemy/orm/session.py", line 1716, in execute
    conn = self._connection_for_bind(bind)
           ^^^^^^^^^^^^^^^^^^^^^^^^^^^^^^^
  File "/home/airflow/.local/lib/python3.12/site-packages/sqlalchemy/orm/session.py", line 1555, in _connection_for_bind
    return self._transaction._connection_for_bind(
           ^^^^^^^^^^^^^^^^^^^^^^^^^^^^^^^^^^^^^^^
  File "/home/airflow/.local/lib/python3.12/site-packages/sqlalchemy/orm/session.py", line 750, in _connection_for_bind
    conn = bind.connect()
           ^^^^^^^^^^^^^^
  File "/home/airflow/.local/lib/python3.12/site-packages/sqlalchemy/future/engine.py", line 412, in connect
    return super(Engine, self).connect()
           ^^^^^^^^^^^^^^^^^^^^^^^^^^^^^
  File "/home/airflow/.local/lib/python3.12/site-packages/sqlalchemy/engine/base.py", line 3325, in connect
    return self._connection_cls(self, close_with_result=close_with_result)
           ^^^^^^^^^^^^^^^^^^^^^^^^^^^^^^^^^^^^^^^^^^^^^^^^^^^^^^^^^^^^^^^
  File "/home/airflow/.local/lib/python3.12/site-packages/sqlalchemy/engine/base.py", line 96, in __init__
    else engine.raw_connection()
         ^^^^^^^^^^^^^^^^^^^^^^^
  File "/home/airflow/.local/lib/python3.12/site-packages/sqlalchemy/engine/base.py", line 3404, in raw_connection
    return self._wrap_pool_connect(self.pool.connect, _connection)
           ^^^^^^^^^^^^^^^^^^^^^^^^^^^^^^^^^^^^^^^^^^^^^^^^^^^^^^^
  File "/home/airflow/.local/lib/python3.12/site-packages/sqlalchemy/engine/base.py", line 3374, in _wrap_pool_connect
    Connection._handle_dbapi_exception_noconnection(
  File "/home/airflow/.local/lib/python3.12/site-packages/sqlalchemy/engine/base.py", line 2208, in _handle_dbapi_exception_noconnection
    util.raise_(
  File "/home/airflow/.local/lib/python3.12/site-packages/sqlalchemy/util/compat.py", line 211, in raise_
    raise exception
  File "/home/airflow/.local/lib/python3.12/site-packages/sqlalchemy/engine/base.py", line 3371, in _wrap_pool_connect
    return fn()
           ^^^^
  File "/home/airflow/.local/lib/python3.12/site-packages/sqlalchemy/pool/base.py", line 327, in connect
    return _ConnectionFairy._checkout(self)
           ^^^^^^^^^^^^^^^^^^^^^^^^^^^^^^^^
  File "/home/airflow/.local/lib/python3.12/site-packages/sqlalchemy/pool/base.py", line 894, in _checkout
    fairy = _ConnectionRecord.checkout(pool)
            ^^^^^^^^^^^^^^^^^^^^^^^^^^^^^^^^
  File "/home/airflow/.local/lib/python3.12/site-packages/sqlalchemy/pool/base.py", line 493, in checkout
    rec = pool._do_get()
          ^^^^^^^^^^^^^^
  File "/home/airflow/.local/lib/python3.12/site-packages/sqlalchemy/pool/impl.py", line 145, in _do_get
    with util.safe_reraise():
  File "/home/airflow/.local/lib/python3.12/site-packages/sqlalchemy/util/langhelpers.py", line 70, in __exit__
    compat.raise_(
  File "/home/airflow/.local/lib/python3.12/site-packages/sqlalchemy/util/compat.py", line 211, in raise_
    raise exception
  File "/home/airflow/.local/lib/python3.12/site-packages/sqlalchemy/pool/impl.py", line 143, in _do_get
    return self._create_connection()
           ^^^^^^^^^^^^^^^^^^^^^^^^^
  File "/home/airflow/.local/lib/python3.12/site-packages/sqlalchemy/pool/base.py", line 273, in _create_connection
    return _ConnectionRecord(self)
           ^^^^^^^^^^^^^^^^^^^^^^^
  File "/home/airflow/.local/lib/python3.12/site-packages/sqlalchemy/pool/base.py", line 388, in __init__
    self.__connect()
  File "/home/airflow/.local/lib/python3.12/site-packages/sqlalchemy/pool/base.py", line 690, in __connect
    with util.safe_reraise():
  File "/home/airflow/.local/lib/python3.12/site-packages/sqlalchemy/util/langhelpers.py", line 70, in __exit__
    compat.raise_(
  File "/home/airflow/.local/lib/python3.12/site-packages/sqlalchemy/util/compat.py", line 211, in raise_
    raise exception
  File "/home/airflow/.local/lib/python3.12/site-packages/sqlalchemy/pool/base.py", line 686, in __connect
    self.dbapi_connection = connection = pool._invoke_creator(self)
                                         ^^^^^^^^^^^^^^^^^^^^^^^^^^
  File "/home/airflow/.local/lib/python3.12/site-packages/sqlalchemy/engine/create.py", line 574, in connect
    return dialect.connect(*cargs, **cparams)
           ^^^^^^^^^^^^^^^^^^^^^^^^^^^^^^^^^^
  File "/home/airflow/.local/lib/python3.12/site-packages/sqlalchemy/engine/default.py", line 598, in connect
    return self.dbapi.connect(*cargs, **cparams)
           ^^^^^^^^^^^^^^^^^^^^^^^^^^^^^^^^^^^^^
  File "/home/airflow/.local/lib/python3.12/site-packages/psycopg2/__init__.py", line 122, in connect
    conn = _connect(dsn, connection_factory=connection_factory, **kwasync)
           ^^^^^^^^^^^^^^^^^^^^^^^^^^^^^^^^^^^^^^^^^^^^^^^^^^^^^^^^^^^^^^^
sqlalchemy.exc.OperationalError: (psycopg2.OperationalError) could not translate host name "postgres" to address: Temporary failure in name resolution

(Background on this error at: https://sqlalche.me/e/14/e3q8)
[2025-08-20T23:17:22.761+0000] {processor.py:161} INFO - Started process (PID=420) to work on /opt/airflow/dags/kafka_stream.py
[2025-08-20T23:17:22.811+0000] {processor.py:830} INFO - Processing file /opt/airflow/dags/kafka_stream.py for tasks to queue
[2025-08-20T23:17:22.900+0000] {logging_mixin.py:188} INFO - [2025-08-20T23:17:22.847+0000] {dagbag.py:540} INFO - Filling up the DagBag from /opt/airflow/dags/kafka_stream.py
[2025-08-20T23:17:25.813+0000] {processor.py:840} INFO - DAG(s) 'user_automation' retrieved from /opt/airflow/dags/kafka_stream.py
[2025-08-20T23:17:58.229+0000] {logging_mixin.py:188} INFO - [2025-08-20T23:17:58.226+0000] {dag.py:3096} INFO - Sync 1 DAGs
[2025-08-20T23:17:58.748+0000] {logging_mixin.py:188} INFO - [2025-08-20T23:17:58.747+0000] {dag.py:3954} INFO - Setting next_dagrun for user_automation to 2025-08-20 00:00:00+00:00, run_after=2025-08-21 00:00:00+00:00
[2025-08-20T23:17:58.891+0000] {processor.py:183} INFO - Processing /opt/airflow/dags/kafka_stream.py took 36.447 seconds
[2025-08-20T23:24:08.346+0000] {processor.py:161} INFO - Started process (PID=182) to work on /opt/airflow/dags/kafka_stream.py
[2025-08-20T23:24:08.349+0000] {processor.py:830} INFO - Processing file /opt/airflow/dags/kafka_stream.py for tasks to queue
[2025-08-20T23:24:08.357+0000] {logging_mixin.py:188} INFO - [2025-08-20T23:24:08.355+0000] {dagbag.py:540} INFO - Filling up the DagBag from /opt/airflow/dags/kafka_stream.py
[2025-08-20T23:24:08.530+0000] {processor.py:840} INFO - DAG(s) 'user_automation' retrieved from /opt/airflow/dags/kafka_stream.py
[2025-08-20T23:24:10.258+0000] {logging_mixin.py:188} INFO - [2025-08-20T23:24:10.256+0000] {override.py:1829} INFO - Created Permission View: can read on DAG:user_automation
[2025-08-20T23:24:10.360+0000] {logging_mixin.py:188} INFO - [2025-08-20T23:24:10.359+0000] {override.py:1829} INFO - Created Permission View: can delete on DAG:user_automation
[2025-08-20T23:24:10.428+0000] {logging_mixin.py:188} INFO - [2025-08-20T23:24:10.424+0000] {override.py:1829} INFO - Created Permission View: can edit on DAG:user_automation
[2025-08-20T23:24:10.431+0000] {logging_mixin.py:188} INFO - [2025-08-20T23:24:10.430+0000] {dag.py:3096} INFO - Sync 1 DAGs
[2025-08-20T23:24:10.566+0000] {logging_mixin.py:188} INFO - [2025-08-20T23:24:10.563+0000] {dag.py:3118} INFO - Creating ORM DAG for user_automation
[2025-08-20T23:24:10.655+0000] {logging_mixin.py:188} INFO - [2025-08-20T23:24:10.652+0000] {dag.py:3954} INFO - Setting next_dagrun for user_automation to 2025-08-19 00:00:00+00:00, run_after=2025-08-20 00:00:00+00:00
[2025-08-20T23:24:10.754+0000] {processor.py:183} INFO - Processing /opt/airflow/dags/kafka_stream.py took 2.431 seconds
[2025-08-20T23:24:40.926+0000] {processor.py:161} INFO - Started process (PID=187) to work on /opt/airflow/dags/kafka_stream.py
[2025-08-20T23:24:40.931+0000] {processor.py:830} INFO - Processing file /opt/airflow/dags/kafka_stream.py for tasks to queue
[2025-08-20T23:24:40.938+0000] {logging_mixin.py:188} INFO - [2025-08-20T23:24:40.935+0000] {dagbag.py:540} INFO - Filling up the DagBag from /opt/airflow/dags/kafka_stream.py
[2025-08-20T23:24:41.001+0000] {processor.py:840} INFO - DAG(s) 'user_automation' retrieved from /opt/airflow/dags/kafka_stream.py
[2025-08-20T23:24:41.072+0000] {logging_mixin.py:188} INFO - [2025-08-20T23:24:41.072+0000] {dag.py:3096} INFO - Sync 1 DAGs
[2025-08-20T23:24:41.218+0000] {logging_mixin.py:188} INFO - [2025-08-20T23:24:41.218+0000] {dag.py:3954} INFO - Setting next_dagrun for user_automation to 2025-08-19 00:00:00+00:00, run_after=2025-08-20 00:00:00+00:00
[2025-08-20T23:24:41.308+0000] {processor.py:183} INFO - Processing /opt/airflow/dags/kafka_stream.py took 0.409 seconds
[2025-08-20T23:25:11.576+0000] {processor.py:161} INFO - Started process (PID=192) to work on /opt/airflow/dags/kafka_stream.py
[2025-08-20T23:25:11.580+0000] {processor.py:830} INFO - Processing file /opt/airflow/dags/kafka_stream.py for tasks to queue
[2025-08-20T23:25:11.590+0000] {logging_mixin.py:188} INFO - [2025-08-20T23:25:11.588+0000] {dagbag.py:540} INFO - Filling up the DagBag from /opt/airflow/dags/kafka_stream.py
[2025-08-20T23:25:11.803+0000] {processor.py:840} INFO - DAG(s) 'user_automation' retrieved from /opt/airflow/dags/kafka_stream.py
[2025-08-20T23:25:12.036+0000] {logging_mixin.py:188} INFO - [2025-08-20T23:25:12.035+0000] {dag.py:3096} INFO - Sync 1 DAGs
[2025-08-20T23:25:12.260+0000] {logging_mixin.py:188} INFO - [2025-08-20T23:25:12.259+0000] {dag.py:3954} INFO - Setting next_dagrun for user_automation to 2025-08-19 00:00:00+00:00, run_after=2025-08-20 00:00:00+00:00
[2025-08-20T23:25:12.360+0000] {processor.py:183} INFO - Processing /opt/airflow/dags/kafka_stream.py took 0.801 seconds
[2025-08-20T23:25:42.970+0000] {processor.py:161} INFO - Started process (PID=197) to work on /opt/airflow/dags/kafka_stream.py
[2025-08-20T23:25:42.975+0000] {processor.py:830} INFO - Processing file /opt/airflow/dags/kafka_stream.py for tasks to queue
[2025-08-20T23:25:43.047+0000] {logging_mixin.py:188} INFO - [2025-08-20T23:25:43.026+0000] {dagbag.py:540} INFO - Filling up the DagBag from /opt/airflow/dags/kafka_stream.py
[2025-08-20T23:25:43.482+0000] {processor.py:840} INFO - DAG(s) 'user_automation' retrieved from /opt/airflow/dags/kafka_stream.py
[2025-08-20T23:25:43.742+0000] {logging_mixin.py:188} INFO - [2025-08-20T23:25:43.742+0000] {dag.py:3096} INFO - Sync 1 DAGs
[2025-08-20T23:25:43.884+0000] {logging_mixin.py:188} INFO - [2025-08-20T23:25:43.883+0000] {dag.py:3954} INFO - Setting next_dagrun for user_automation to 2025-08-19 00:00:00+00:00, run_after=2025-08-20 00:00:00+00:00
[2025-08-20T23:25:44.071+0000] {processor.py:183} INFO - Processing /opt/airflow/dags/kafka_stream.py took 1.190 seconds
[2025-08-20T23:26:14.606+0000] {processor.py:161} INFO - Started process (PID=202) to work on /opt/airflow/dags/kafka_stream.py
[2025-08-20T23:26:14.613+0000] {processor.py:830} INFO - Processing file /opt/airflow/dags/kafka_stream.py for tasks to queue
[2025-08-20T23:26:14.629+0000] {logging_mixin.py:188} INFO - [2025-08-20T23:26:14.625+0000] {dagbag.py:540} INFO - Filling up the DagBag from /opt/airflow/dags/kafka_stream.py
[2025-08-20T23:26:14.749+0000] {processor.py:840} INFO - DAG(s) 'user_automation' retrieved from /opt/airflow/dags/kafka_stream.py
[2025-08-20T23:26:14.817+0000] {logging_mixin.py:188} INFO - [2025-08-20T23:26:14.817+0000] {dag.py:3096} INFO - Sync 1 DAGs
[2025-08-20T23:26:15.075+0000] {logging_mixin.py:188} INFO - [2025-08-20T23:26:15.075+0000] {dag.py:3954} INFO - Setting next_dagrun for user_automation to 2025-08-19 00:00:00+00:00, run_after=2025-08-20 00:00:00+00:00
[2025-08-20T23:26:15.118+0000] {processor.py:183} INFO - Processing /opt/airflow/dags/kafka_stream.py took 0.583 seconds
[2025-08-20T23:26:45.862+0000] {processor.py:161} INFO - Started process (PID=209) to work on /opt/airflow/dags/kafka_stream.py
[2025-08-20T23:26:45.865+0000] {processor.py:830} INFO - Processing file /opt/airflow/dags/kafka_stream.py for tasks to queue
[2025-08-20T23:26:45.875+0000] {logging_mixin.py:188} INFO - [2025-08-20T23:26:45.871+0000] {dagbag.py:540} INFO - Filling up the DagBag from /opt/airflow/dags/kafka_stream.py
[2025-08-20T23:26:45.973+0000] {processor.py:840} INFO - DAG(s) 'user_automation' retrieved from /opt/airflow/dags/kafka_stream.py
[2025-08-20T23:26:47.797+0000] {logging_mixin.py:188} INFO - [2025-08-20T23:26:47.792+0000] {dag.py:3096} INFO - Sync 1 DAGs
[2025-08-20T23:26:47.866+0000] {logging_mixin.py:188} INFO - [2025-08-20T23:26:47.866+0000] {dag.py:3954} INFO - Setting next_dagrun for user_automation to 2025-08-20 00:00:00+00:00, run_after=2025-08-21 00:00:00+00:00
[2025-08-20T23:26:47.919+0000] {processor.py:183} INFO - Processing /opt/airflow/dags/kafka_stream.py took 2.100 seconds
[2025-08-20T23:27:18.286+0000] {processor.py:161} INFO - Started process (PID=217) to work on /opt/airflow/dags/kafka_stream.py
[2025-08-20T23:27:18.294+0000] {processor.py:830} INFO - Processing file /opt/airflow/dags/kafka_stream.py for tasks to queue
[2025-08-20T23:27:18.313+0000] {logging_mixin.py:188} INFO - [2025-08-20T23:27:18.305+0000] {dagbag.py:540} INFO - Filling up the DagBag from /opt/airflow/dags/kafka_stream.py
[2025-08-20T23:27:18.606+0000] {processor.py:840} INFO - DAG(s) 'user_automation' retrieved from /opt/airflow/dags/kafka_stream.py
[2025-08-20T23:27:49.994+0000] {processor.py:186} ERROR - Got an exception! Propagating...
Traceback (most recent call last):
  File "/home/airflow/.local/lib/python3.12/site-packages/sqlalchemy/engine/base.py", line 3371, in _wrap_pool_connect
    return fn()
           ^^^^
  File "/home/airflow/.local/lib/python3.12/site-packages/sqlalchemy/pool/base.py", line 327, in connect
    return _ConnectionFairy._checkout(self)
           ^^^^^^^^^^^^^^^^^^^^^^^^^^^^^^^^
  File "/home/airflow/.local/lib/python3.12/site-packages/sqlalchemy/pool/base.py", line 894, in _checkout
    fairy = _ConnectionRecord.checkout(pool)
            ^^^^^^^^^^^^^^^^^^^^^^^^^^^^^^^^
  File "/home/airflow/.local/lib/python3.12/site-packages/sqlalchemy/pool/base.py", line 493, in checkout
    rec = pool._do_get()
          ^^^^^^^^^^^^^^
  File "/home/airflow/.local/lib/python3.12/site-packages/sqlalchemy/pool/impl.py", line 145, in _do_get
    with util.safe_reraise():
  File "/home/airflow/.local/lib/python3.12/site-packages/sqlalchemy/util/langhelpers.py", line 70, in __exit__
    compat.raise_(
  File "/home/airflow/.local/lib/python3.12/site-packages/sqlalchemy/util/compat.py", line 211, in raise_
    raise exception
  File "/home/airflow/.local/lib/python3.12/site-packages/sqlalchemy/pool/impl.py", line 143, in _do_get
    return self._create_connection()
           ^^^^^^^^^^^^^^^^^^^^^^^^^
  File "/home/airflow/.local/lib/python3.12/site-packages/sqlalchemy/pool/base.py", line 273, in _create_connection
    return _ConnectionRecord(self)
           ^^^^^^^^^^^^^^^^^^^^^^^
  File "/home/airflow/.local/lib/python3.12/site-packages/sqlalchemy/pool/base.py", line 388, in __init__
    self.__connect()
  File "/home/airflow/.local/lib/python3.12/site-packages/sqlalchemy/pool/base.py", line 690, in __connect
    with util.safe_reraise():
  File "/home/airflow/.local/lib/python3.12/site-packages/sqlalchemy/util/langhelpers.py", line 70, in __exit__
    compat.raise_(
  File "/home/airflow/.local/lib/python3.12/site-packages/sqlalchemy/util/compat.py", line 211, in raise_
    raise exception
  File "/home/airflow/.local/lib/python3.12/site-packages/sqlalchemy/pool/base.py", line 686, in __connect
    self.dbapi_connection = connection = pool._invoke_creator(self)
                                         ^^^^^^^^^^^^^^^^^^^^^^^^^^
  File "/home/airflow/.local/lib/python3.12/site-packages/sqlalchemy/engine/create.py", line 574, in connect
    return dialect.connect(*cargs, **cparams)
           ^^^^^^^^^^^^^^^^^^^^^^^^^^^^^^^^^^
  File "/home/airflow/.local/lib/python3.12/site-packages/sqlalchemy/engine/default.py", line 598, in connect
    return self.dbapi.connect(*cargs, **cparams)
           ^^^^^^^^^^^^^^^^^^^^^^^^^^^^^^^^^^^^^
  File "/home/airflow/.local/lib/python3.12/site-packages/psycopg2/__init__.py", line 122, in connect
    conn = _connect(dsn, connection_factory=connection_factory, **kwasync)
           ^^^^^^^^^^^^^^^^^^^^^^^^^^^^^^^^^^^^^^^^^^^^^^^^^^^^^^^^^^^^^^^
psycopg2.OperationalError: could not translate host name "postgres" to address: Temporary failure in name resolution


The above exception was the direct cause of the following exception:

Traceback (most recent call last):
  File "/home/airflow/.local/lib/python3.12/site-packages/airflow/dag_processing/processor.py", line 182, in _run_file_processor
    _handle_dag_file_processing()
  File "/home/airflow/.local/lib/python3.12/site-packages/airflow/dag_processing/processor.py", line 163, in _handle_dag_file_processing
    result: tuple[int, int] = dag_file_processor.process_file(
                              ^^^^^^^^^^^^^^^^^^^^^^^^^^^^^^^^
  File "/home/airflow/.local/lib/python3.12/site-packages/airflow/utils/session.py", line 79, in wrapper
    return func(*args, session=session, **kwargs)
           ^^^^^^^^^^^^^^^^^^^^^^^^^^^^^^^^^^^^^^
  File "/home/airflow/.local/lib/python3.12/site-packages/airflow/dag_processing/processor.py", line 859, in process_file
    serialize_errors = DagFileProcessor.save_dag_to_db(
                       ^^^^^^^^^^^^^^^^^^^^^^^^^^^^^^^^
  File "/home/airflow/.local/lib/python3.12/site-packages/airflow/api_internal/internal_api_call.py", line 115, in wrapper
    return func(*args, **kwargs)
           ^^^^^^^^^^^^^^^^^^^^^
  File "/home/airflow/.local/lib/python3.12/site-packages/airflow/utils/session.py", line 79, in wrapper
    return func(*args, session=session, **kwargs)
           ^^^^^^^^^^^^^^^^^^^^^^^^^^^^^^^^^^^^^^
  File "/home/airflow/.local/lib/python3.12/site-packages/airflow/dag_processing/processor.py", line 895, in save_dag_to_db
    import_errors = DagBag._sync_to_db(dags=dags, processor_subdir=dag_directory, session=session)
                    ^^^^^^^^^^^^^^^^^^^^^^^^^^^^^^^^^^^^^^^^^^^^^^^^^^^^^^^^^^^^^^^^^^^^^^^^^^^^^^
  File "/home/airflow/.local/lib/python3.12/site-packages/airflow/utils/session.py", line 76, in wrapper
    return func(*args, **kwargs)
           ^^^^^^^^^^^^^^^^^^^^^
  File "/home/airflow/.local/lib/python3.12/site-packages/airflow/models/dagbag.py", line 659, in _sync_to_db
    for attempt in run_with_db_retries(logger=log):
  File "/home/airflow/.local/lib/python3.12/site-packages/tenacity/__init__.py", line 347, in __iter__
    do = self.iter(retry_state=retry_state)
         ^^^^^^^^^^^^^^^^^^^^^^^^^^^^^^^^^^
  File "/home/airflow/.local/lib/python3.12/site-packages/tenacity/__init__.py", line 325, in iter
    raise retry_exc.reraise()
          ^^^^^^^^^^^^^^^^^^^
  File "/home/airflow/.local/lib/python3.12/site-packages/tenacity/__init__.py", line 158, in reraise
    raise self.last_attempt.result()
          ^^^^^^^^^^^^^^^^^^^^^^^^^^
  File "/usr/local/lib/python3.12/concurrent/futures/_base.py", line 449, in result
    return self.__get_result()
           ^^^^^^^^^^^^^^^^^^^
  File "/usr/local/lib/python3.12/concurrent/futures/_base.py", line 401, in __get_result
    raise self._exception
  File "/home/airflow/.local/lib/python3.12/site-packages/airflow/models/dagbag.py", line 672, in _sync_to_db
    _serialize_dag_capturing_errors(dag, session, processor_subdir)
  File "/home/airflow/.local/lib/python3.12/site-packages/airflow/models/dagbag.py", line 637, in _serialize_dag_capturing_errors
    dag_was_updated = SerializedDagModel.write_dag(
                      ^^^^^^^^^^^^^^^^^^^^^^^^^^^^^
  File "/home/airflow/.local/lib/python3.12/site-packages/airflow/utils/session.py", line 76, in wrapper
    return func(*args, **kwargs)
           ^^^^^^^^^^^^^^^^^^^^^
  File "/home/airflow/.local/lib/python3.12/site-packages/airflow/models/serialized_dag.py", line 158, in write_dag
    if session.scalar(
       ^^^^^^^^^^^^^^^
  File "/home/airflow/.local/lib/python3.12/site-packages/sqlalchemy/orm/session.py", line 1747, in scalar
    return self.execute(
           ^^^^^^^^^^^^^
  File "/home/airflow/.local/lib/python3.12/site-packages/sqlalchemy/orm/session.py", line 1716, in execute
    conn = self._connection_for_bind(bind)
           ^^^^^^^^^^^^^^^^^^^^^^^^^^^^^^^
  File "/home/airflow/.local/lib/python3.12/site-packages/sqlalchemy/orm/session.py", line 1555, in _connection_for_bind
    return self._transaction._connection_for_bind(
           ^^^^^^^^^^^^^^^^^^^^^^^^^^^^^^^^^^^^^^^
  File "/home/airflow/.local/lib/python3.12/site-packages/sqlalchemy/orm/session.py", line 750, in _connection_for_bind
    conn = bind.connect()
           ^^^^^^^^^^^^^^
  File "/home/airflow/.local/lib/python3.12/site-packages/sqlalchemy/future/engine.py", line 412, in connect
    return super(Engine, self).connect()
           ^^^^^^^^^^^^^^^^^^^^^^^^^^^^^
  File "/home/airflow/.local/lib/python3.12/site-packages/sqlalchemy/engine/base.py", line 3325, in connect
    return self._connection_cls(self, close_with_result=close_with_result)
           ^^^^^^^^^^^^^^^^^^^^^^^^^^^^^^^^^^^^^^^^^^^^^^^^^^^^^^^^^^^^^^^
  File "/home/airflow/.local/lib/python3.12/site-packages/sqlalchemy/engine/base.py", line 96, in __init__
    else engine.raw_connection()
         ^^^^^^^^^^^^^^^^^^^^^^^
  File "/home/airflow/.local/lib/python3.12/site-packages/sqlalchemy/engine/base.py", line 3404, in raw_connection
    return self._wrap_pool_connect(self.pool.connect, _connection)
           ^^^^^^^^^^^^^^^^^^^^^^^^^^^^^^^^^^^^^^^^^^^^^^^^^^^^^^^
  File "/home/airflow/.local/lib/python3.12/site-packages/sqlalchemy/engine/base.py", line 3374, in _wrap_pool_connect
    Connection._handle_dbapi_exception_noconnection(
  File "/home/airflow/.local/lib/python3.12/site-packages/sqlalchemy/engine/base.py", line 2208, in _handle_dbapi_exception_noconnection
    util.raise_(
  File "/home/airflow/.local/lib/python3.12/site-packages/sqlalchemy/util/compat.py", line 211, in raise_
    raise exception
  File "/home/airflow/.local/lib/python3.12/site-packages/sqlalchemy/engine/base.py", line 3371, in _wrap_pool_connect
    return fn()
           ^^^^
  File "/home/airflow/.local/lib/python3.12/site-packages/sqlalchemy/pool/base.py", line 327, in connect
    return _ConnectionFairy._checkout(self)
           ^^^^^^^^^^^^^^^^^^^^^^^^^^^^^^^^
  File "/home/airflow/.local/lib/python3.12/site-packages/sqlalchemy/pool/base.py", line 894, in _checkout
    fairy = _ConnectionRecord.checkout(pool)
            ^^^^^^^^^^^^^^^^^^^^^^^^^^^^^^^^
  File "/home/airflow/.local/lib/python3.12/site-packages/sqlalchemy/pool/base.py", line 493, in checkout
    rec = pool._do_get()
          ^^^^^^^^^^^^^^
  File "/home/airflow/.local/lib/python3.12/site-packages/sqlalchemy/pool/impl.py", line 145, in _do_get
    with util.safe_reraise():
  File "/home/airflow/.local/lib/python3.12/site-packages/sqlalchemy/util/langhelpers.py", line 70, in __exit__
    compat.raise_(
  File "/home/airflow/.local/lib/python3.12/site-packages/sqlalchemy/util/compat.py", line 211, in raise_
    raise exception
  File "/home/airflow/.local/lib/python3.12/site-packages/sqlalchemy/pool/impl.py", line 143, in _do_get
    return self._create_connection()
           ^^^^^^^^^^^^^^^^^^^^^^^^^
  File "/home/airflow/.local/lib/python3.12/site-packages/sqlalchemy/pool/base.py", line 273, in _create_connection
    return _ConnectionRecord(self)
           ^^^^^^^^^^^^^^^^^^^^^^^
  File "/home/airflow/.local/lib/python3.12/site-packages/sqlalchemy/pool/base.py", line 388, in __init__
    self.__connect()
  File "/home/airflow/.local/lib/python3.12/site-packages/sqlalchemy/pool/base.py", line 690, in __connect
    with util.safe_reraise():
  File "/home/airflow/.local/lib/python3.12/site-packages/sqlalchemy/util/langhelpers.py", line 70, in __exit__
    compat.raise_(
  File "/home/airflow/.local/lib/python3.12/site-packages/sqlalchemy/util/compat.py", line 211, in raise_
    raise exception
  File "/home/airflow/.local/lib/python3.12/site-packages/sqlalchemy/pool/base.py", line 686, in __connect
    self.dbapi_connection = connection = pool._invoke_creator(self)
                                         ^^^^^^^^^^^^^^^^^^^^^^^^^^
  File "/home/airflow/.local/lib/python3.12/site-packages/sqlalchemy/engine/create.py", line 574, in connect
    return dialect.connect(*cargs, **cparams)
           ^^^^^^^^^^^^^^^^^^^^^^^^^^^^^^^^^^
  File "/home/airflow/.local/lib/python3.12/site-packages/sqlalchemy/engine/default.py", line 598, in connect
    return self.dbapi.connect(*cargs, **cparams)
           ^^^^^^^^^^^^^^^^^^^^^^^^^^^^^^^^^^^^^
  File "/home/airflow/.local/lib/python3.12/site-packages/psycopg2/__init__.py", line 122, in connect
    conn = _connect(dsn, connection_factory=connection_factory, **kwasync)
           ^^^^^^^^^^^^^^^^^^^^^^^^^^^^^^^^^^^^^^^^^^^^^^^^^^^^^^^^^^^^^^^
sqlalchemy.exc.OperationalError: (psycopg2.OperationalError) could not translate host name "postgres" to address: Temporary failure in name resolution

(Background on this error at: https://sqlalche.me/e/14/e3q8)
[2025-08-20T23:28:21.026+0000] {processor.py:161} INFO - Started process (PID=222) to work on /opt/airflow/dags/kafka_stream.py
[2025-08-20T23:28:21.028+0000] {processor.py:830} INFO - Processing file /opt/airflow/dags/kafka_stream.py for tasks to queue
[2025-08-20T23:28:21.033+0000] {logging_mixin.py:188} INFO - [2025-08-20T23:28:21.030+0000] {dagbag.py:540} INFO - Filling up the DagBag from /opt/airflow/dags/kafka_stream.py
[2025-08-20T23:28:21.166+0000] {processor.py:840} INFO - DAG(s) 'user_automation' retrieved from /opt/airflow/dags/kafka_stream.py
[2025-08-20T23:28:22.211+0000] {logging_mixin.py:188} INFO - [2025-08-20T23:28:22.210+0000] {dag.py:3096} INFO - Sync 1 DAGs
[2025-08-20T23:28:22.422+0000] {logging_mixin.py:188} INFO - [2025-08-20T23:28:22.421+0000] {dag.py:3954} INFO - Setting next_dagrun for user_automation to 2025-08-20 00:00:00+00:00, run_after=2025-08-21 00:00:00+00:00
[2025-08-20T23:28:22.549+0000] {processor.py:183} INFO - Processing /opt/airflow/dags/kafka_stream.py took 1.570 seconds
[2025-08-20T23:28:53.383+0000] {processor.py:161} INFO - Started process (PID=227) to work on /opt/airflow/dags/kafka_stream.py
[2025-08-20T23:28:53.390+0000] {processor.py:830} INFO - Processing file /opt/airflow/dags/kafka_stream.py for tasks to queue
[2025-08-20T23:28:53.402+0000] {logging_mixin.py:188} INFO - [2025-08-20T23:28:53.395+0000] {dagbag.py:540} INFO - Filling up the DagBag from /opt/airflow/dags/kafka_stream.py
[2025-08-20T23:28:53.616+0000] {processor.py:840} INFO - DAG(s) 'user_automation' retrieved from /opt/airflow/dags/kafka_stream.py
[2025-08-20T23:28:54.125+0000] {logging_mixin.py:188} INFO - [2025-08-20T23:28:54.124+0000] {dag.py:3096} INFO - Sync 1 DAGs
[2025-08-20T23:28:54.203+0000] {logging_mixin.py:188} INFO - [2025-08-20T23:28:54.203+0000] {dag.py:3954} INFO - Setting next_dagrun for user_automation to 2025-08-20 00:00:00+00:00, run_after=2025-08-21 00:00:00+00:00
[2025-08-20T23:28:54.254+0000] {processor.py:183} INFO - Processing /opt/airflow/dags/kafka_stream.py took 0.924 seconds
[2025-08-20T23:29:25.178+0000] {processor.py:161} INFO - Started process (PID=232) to work on /opt/airflow/dags/kafka_stream.py
[2025-08-20T23:29:25.181+0000] {processor.py:830} INFO - Processing file /opt/airflow/dags/kafka_stream.py for tasks to queue
[2025-08-20T23:29:25.192+0000] {logging_mixin.py:188} INFO - [2025-08-20T23:29:25.184+0000] {dagbag.py:540} INFO - Filling up the DagBag from /opt/airflow/dags/kafka_stream.py
[2025-08-20T23:29:25.270+0000] {processor.py:840} INFO - DAG(s) 'user_automation' retrieved from /opt/airflow/dags/kafka_stream.py
[2025-08-20T23:29:25.512+0000] {logging_mixin.py:188} INFO - [2025-08-20T23:29:25.510+0000] {dag.py:3096} INFO - Sync 1 DAGs
[2025-08-20T23:29:25.721+0000] {logging_mixin.py:188} INFO - [2025-08-20T23:29:25.720+0000] {dag.py:3954} INFO - Setting next_dagrun for user_automation to 2025-08-20 00:00:00+00:00, run_after=2025-08-21 00:00:00+00:00
[2025-08-20T23:29:25.775+0000] {processor.py:183} INFO - Processing /opt/airflow/dags/kafka_stream.py took 0.663 seconds
[2025-08-20T23:29:56.575+0000] {processor.py:161} INFO - Started process (PID=237) to work on /opt/airflow/dags/kafka_stream.py
[2025-08-20T23:29:56.578+0000] {processor.py:830} INFO - Processing file /opt/airflow/dags/kafka_stream.py for tasks to queue
[2025-08-20T23:29:56.583+0000] {logging_mixin.py:188} INFO - [2025-08-20T23:29:56.579+0000] {dagbag.py:540} INFO - Filling up the DagBag from /opt/airflow/dags/kafka_stream.py
[2025-08-20T23:29:56.666+0000] {processor.py:840} INFO - DAG(s) 'user_automation' retrieved from /opt/airflow/dags/kafka_stream.py
[2025-08-20T23:29:56.869+0000] {logging_mixin.py:188} INFO - [2025-08-20T23:29:56.867+0000] {dag.py:3096} INFO - Sync 1 DAGs
[2025-08-20T23:29:57.053+0000] {logging_mixin.py:188} INFO - [2025-08-20T23:29:57.049+0000] {dag.py:3954} INFO - Setting next_dagrun for user_automation to 2025-08-20 00:00:00+00:00, run_after=2025-08-21 00:00:00+00:00
[2025-08-20T23:29:57.171+0000] {processor.py:183} INFO - Processing /opt/airflow/dags/kafka_stream.py took 0.655 seconds
[2025-08-20T23:30:27.878+0000] {processor.py:161} INFO - Started process (PID=242) to work on /opt/airflow/dags/kafka_stream.py
[2025-08-20T23:30:27.883+0000] {processor.py:830} INFO - Processing file /opt/airflow/dags/kafka_stream.py for tasks to queue
[2025-08-20T23:30:27.888+0000] {logging_mixin.py:188} INFO - [2025-08-20T23:30:27.886+0000] {dagbag.py:540} INFO - Filling up the DagBag from /opt/airflow/dags/kafka_stream.py
[2025-08-20T23:30:28.066+0000] {processor.py:840} INFO - DAG(s) 'user_automation' retrieved from /opt/airflow/dags/kafka_stream.py
[2025-08-20T23:30:28.432+0000] {logging_mixin.py:188} INFO - [2025-08-20T23:30:28.431+0000] {dag.py:3096} INFO - Sync 1 DAGs
[2025-08-20T23:30:28.560+0000] {logging_mixin.py:188} INFO - [2025-08-20T23:30:28.557+0000] {dag.py:3954} INFO - Setting next_dagrun for user_automation to 2025-08-20 00:00:00+00:00, run_after=2025-08-21 00:00:00+00:00
[2025-08-20T23:30:28.668+0000] {processor.py:183} INFO - Processing /opt/airflow/dags/kafka_stream.py took 0.826 seconds
